<?xml version="1.0" encoding="UTF-8"?>
<testsuites name="data entry dupcek" time="1251.049" tests="2" failures="2" errors="0">
   <testsuite name="data entry dupcek" tests="2" failures="2" errors="0" time="1251.049" timestamp="2019-11-21 09:46:19" hostname="15420 - 10.7.8.181" id="Test Suites/data entry dupcek">
      <properties>
         <property name="deviceName" value="samsung SM-A505F (Android 9)"/>
         <property name="devicePlatform" value=""/>
         <property name="logFolder" value="C:\\Users\\15420\\git\\ACCME-Dupcheck\\Reports\\20191121_094613\\data entry dupcek\\20191121_094613"/>
         <property name="logFiles" value="C:\\Users\\15420\\git\\ACCME-Dupcheck\\Reports\\20191121_094613\\data entry dupcek\\20191121_094613\\appium.log, C:\\Users\\15420\\git\\ACCME-Dupcheck\\Reports\\20191121_094613\\data entry dupcek\\20191121_094613\\execution0.log"/>
         <property name="attachments" value="C:\\Users\\15420\\git\\ACCME-Dupcheck\\Reports\\20191121_094613\\data entry dupcek\\20191121_094613\\1574304777694.png, C:\\Users\\15420\\git\\ACCME-Dupcheck\\Reports\\20191121_094613\\data entry dupcek\\20191121_094613\\1574304993487.png, C:\\Users\\15420\\git\\ACCME-Dupcheck\\Reports\\20191121_094613\\data entry dupcek\\20191121_094613\\1574304995084.png, C:\\Users\\15420\\git\\ACCME-Dupcheck\\Reports\\20191121_094613\\data entry dupcek\\20191121_094613\\1574305409857.png, C:\\Users\\15420\\git\\ACCME-Dupcheck\\Reports\\20191121_094613\\data entry dupcek\\20191121_094613\\1574305624442.png, C:\\Users\\15420\\git\\ACCME-Dupcheck\\Reports\\20191121_094613\\data entry dupcek\\20191121_094613\\1574305626054.png"/>
         <property name="hostName" value="15420 - 10.7.8.181"/>
         <property name="os" value="Windows 10 64bit"/>
         <property name="appiumServerStatus" value="{\&quot;status\&quot;:0,\&quot;value\&quot;:{\&quot;build\&quot;:{\&quot;version\&quot;:\&quot;1.12.1\&quot;}},\&quot;sessionId\&quot;:null}"/>
         <property name="katalonVersion" value="7.0.7.1"/>
         <property name="deviceOS" value="Android"/>
         <property name="appiumVersion" value="1.12.1"/>
         <property name="deviceModel" value="SM-A505F"/>
         <property name="hostAddress" value="10.7.8.181"/>
         <property name="deviceManufacturer" value="samsung"/>
         <property name="deviceId" value="RR8M30NJT6T"/>
         <property name="deviceName" value="samsung SM-A505F (Android 9)"/>
         <property name="deviceOSVersion" value="9"/>
      </properties>
      <testcase name="Test Cases/Data Entry/TC_Data Entry" time="615.305" classname="Test Cases/Data Entry/TC_Data Entry" status="FAILED">
         <failure type="FAILED" message="Test Cases/Data Entry/TC_Data Entry FAILED.
Reason:
com.kms.katalon.core.exception.StepFailedException: Call Test Case 'Test Cases/Data Entry/Borrower/Flow Borrower' failed
	at com.kms.katalon.core.keyword.builtin.CallTestCaseKeyword$_callTestCase_closure1.doCall(CallTestCaseKeyword.groovy:63)
	at com.kms.katalon.core.keyword.builtin.CallTestCaseKeyword$_callTestCase_closure1.call(CallTestCaseKeyword.groovy)
	at com.kms.katalon.core.keyword.internal.KeywordMain.runKeyword(KeywordMain.groovy:68)
	at com.kms.katalon.core.keyword.builtin.CallTestCaseKeyword.callTestCase(CallTestCaseKeyword.groovy:81)
	at com.kms.katalon.core.keyword.builtin.CallTestCaseKeyword.execute(CallTestCaseKeyword.groovy:44)
	at com.kms.katalon.core.keyword.internal.KeywordExecutor.executeKeywordForPlatform(KeywordExecutor.groovy:60)
	at com.kms.katalon.core.keyword.BuiltinKeywords.callTestCase(BuiltinKeywords.groovy:334)
	at TC_Data Entry.run(TC_Data Entry:42)
	at com.kms.katalon.core.main.ScriptEngine.run(ScriptEngine.java:194)
	at com.kms.katalon.core.main.ScriptEngine.runScriptAsRawText(ScriptEngine.java:119)
	at com.kms.katalon.core.main.TestCaseExecutor.runScript(TestCaseExecutor.java:337)
	at com.kms.katalon.core.main.TestCaseExecutor.doExecute(TestCaseExecutor.java:328)
	at com.kms.katalon.core.main.TestCaseExecutor.processExecutionPhase(TestCaseExecutor.java:307)
	at com.kms.katalon.core.main.TestCaseExecutor.accessMainPhase(TestCaseExecutor.java:299)
	at com.kms.katalon.core.main.TestCaseExecutor.execute(TestCaseExecutor.java:233)
	at com.kms.katalon.core.main.TestSuiteExecutor.accessTestCaseMainPhase(TestSuiteExecutor.java:169)
	at com.kms.katalon.core.main.TestSuiteExecutor.accessTestSuiteMainPhase(TestSuiteExecutor.java:142)
	at com.kms.katalon.core.main.TestSuiteExecutor.execute(TestSuiteExecutor.java:91)
	at com.kms.katalon.core.main.TestCaseMain.startTestSuite(TestCaseMain.java:157)
	at com.kms.katalon.core.main.TestCaseMain$startTestSuite$0.call(Unknown Source)
	at TempTestSuite1574304373849.run(TempTestSuite1574304373849.groovy:36)
Caused by: com.kms.katalon.core.exception.StepFailedException: Call Test Case 'Test Cases/Data Entry/Borrower/Borrower - Pekerjaan/MASTER FLOW/TC_Borrower - Pekerjaan - MASTER FLOW' failed
	at com.kms.katalon.core.keyword.builtin.CallTestCaseKeyword$_callTestCase_closure1.doCall(CallTestCaseKeyword.groovy:63)
	at com.kms.katalon.core.keyword.builtin.CallTestCaseKeyword$_callTestCase_closure1.call(CallTestCaseKeyword.groovy)
	at com.kms.katalon.core.keyword.internal.KeywordMain.runKeyword(KeywordMain.groovy:68)
	at com.kms.katalon.core.keyword.builtin.CallTestCaseKeyword.callTestCase(CallTestCaseKeyword.groovy:81)
	at com.kms.katalon.core.keyword.builtin.CallTestCaseKeyword.execute(CallTestCaseKeyword.groovy:44)
	at com.kms.katalon.core.keyword.internal.KeywordExecutor.executeKeywordForPlatform(KeywordExecutor.groovy:60)
	at com.kms.katalon.core.keyword.BuiltinKeywords.callTestCase(BuiltinKeywords.groovy:334)
	at Flow Borrower.run(Flow Borrower:42)
	at com.kms.katalon.core.main.ScriptEngine.run(ScriptEngine.java:194)
	at com.kms.katalon.core.main.ScriptEngine.runScriptAsRawText(ScriptEngine.java:119)
	at com.kms.katalon.core.main.TestCaseExecutor.runScript(TestCaseExecutor.java:337)
	at com.kms.katalon.core.main.TestCaseExecutor.doExecute(TestCaseExecutor.java:328)
	at com.kms.katalon.core.main.TestCaseExecutor.processExecutionPhase(TestCaseExecutor.java:307)
	at com.kms.katalon.core.main.TestCaseExecutor.accessMainPhase(TestCaseExecutor.java:299)
	at com.kms.katalon.core.main.TestCaseExecutor.execute(TestCaseExecutor.java:233)
	at com.kms.katalon.core.main.TestCaseMain.runTestCase(TestCaseMain.java:114)
	at com.kms.katalon.core.keyword.builtin.CallTestCaseKeyword$_callTestCase_closure1.doCall(CallTestCaseKeyword.groovy:59)
	... 20 more
Caused by: com.kms.katalon.core.exception.StepFailedException: Object Object Repository/Borrower/Borrower - Pekerjaan/Borrower_Pekerjaan_InpPekerjaan not found
	at com.kms.katalon.core.keyword.internal.KeywordMain.stepFailed(KeywordMain.groovy:50)
	at com.kms.katalon.core.mobile.keyword.internal.MobileKeywordMain.stepFailed(MobileKeywordMain.groovy:40)
	at com.kms.katalon.core.mobile.keyword.builtin.GetTextKeyword$_getText_closure1.doCall(GetTextKeyword.groovy:74)
	at com.kms.katalon.core.mobile.keyword.builtin.GetTextKeyword$_getText_closure1.call(GetTextKeyword.groovy)
	at com.kms.katalon.core.mobile.keyword.internal.MobileKeywordMain.runKeyword(MobileKeywordMain.groovy:21)
	at com.kms.katalon.core.mobile.keyword.builtin.GetTextKeyword.getText(GetTextKeyword.groovy:80)
	at com.kms.katalon.core.mobile.keyword.builtin.GetTextKeyword.execute(GetTextKeyword.groovy:64)
	at com.kms.katalon.core.keyword.internal.KeywordExecutor.executeKeywordForPlatform(KeywordExecutor.groovy:60)
	at com.kms.katalon.core.mobile.keyword.MobileBuiltInKeywords.getText(MobileBuiltInKeywords.groovy:458)
	at com.kms.katalon.core.mobile.keyword.MobileBuiltInKeywords$getText$13.call(Unknown Source)
	at TC_Borrower - Pekerjaan - MASTER FLOW.run(TC_Borrower - Pekerjaan - MASTER FLOW:16)
	at com.kms.katalon.core.main.ScriptEngine.run(ScriptEngine.java:194)
	at com.kms.katalon.core.main.ScriptEngine.runScriptAsRawText(ScriptEngine.java:119)
	at com.kms.katalon.core.main.TestCaseExecutor.runScript(TestCaseExecutor.java:337)
	at com.kms.katalon.core.main.TestCaseExecutor.doExecute(TestCaseExecutor.java:328)
	at com.kms.katalon.core.main.TestCaseExecutor.processExecutionPhase(TestCaseExecutor.java:307)
	at com.kms.katalon.core.main.TestCaseExecutor.accessMainPhase(TestCaseExecutor.java:299)
	at com.kms.katalon.core.main.TestCaseExecutor.execute(TestCaseExecutor.java:233)
	at com.kms.katalon.core.main.TestCaseMain.runTestCase(TestCaseMain.java:114)
	at com.kms.katalon.core.keyword.builtin.CallTestCaseKeyword$_callTestCase_closure1.doCall(CallTestCaseKeyword.groovy:59)
	... 36 more
"/>
         <system-out><![CDATA[2019-11-21 09:46:21 - [TEST_CASE][FAILED] - Test Cases/Data Entry/TC_Data Entry: Test Cases/Data Entry/TC_Data Entry FAILED.
Reason:
com.kms.katalon.core.exception.StepFailedException: Call Test Case 'Test Cases/Data Entry/Borrower/Flow Borrower' failed
	at com.kms.katalon.core.keyword.builtin.CallTestCaseKeyword$_callTestCase_closure1.doCall(CallTestCaseKeyword.groovy:63)
	at com.kms.katalon.core.keyword.builtin.CallTestCaseKeyword$_callTestCase_closure1.call(CallTestCaseKeyword.groovy)
	at com.kms.katalon.core.keyword.internal.KeywordMain.runKeyword(KeywordMain.groovy:68)
	at com.kms.katalon.core.keyword.builtin.CallTestCaseKeyword.callTestCase(CallTestCaseKeyword.groovy:81)
	at com.kms.katalon.core.keyword.builtin.CallTestCaseKeyword.execute(CallTestCaseKeyword.groovy:44)
	at com.kms.katalon.core.keyword.internal.KeywordExecutor.executeKeywordForPlatform(KeywordExecutor.groovy:60)
	at com.kms.katalon.core.keyword.BuiltinKeywords.callTestCase(BuiltinKeywords.groovy:334)
	at TC_Data Entry.run(TC_Data Entry:42)
	at com.kms.katalon.core.main.ScriptEngine.run(ScriptEngine.java:194)
	at com.kms.katalon.core.main.ScriptEngine.runScriptAsRawText(ScriptEngine.java:119)
	at com.kms.katalon.core.main.TestCaseExecutor.runScript(TestCaseExecutor.java:337)
	at com.kms.katalon.core.main.TestCaseExecutor.doExecute(TestCaseExecutor.java:328)
	at com.kms.katalon.core.main.TestCaseExecutor.processExecutionPhase(TestCaseExecutor.java:307)
	at com.kms.katalon.core.main.TestCaseExecutor.accessMainPhase(TestCaseExecutor.java:299)
	at com.kms.katalon.core.main.TestCaseExecutor.execute(TestCaseExecutor.java:233)
	at com.kms.katalon.core.main.TestSuiteExecutor.accessTestCaseMainPhase(TestSuiteExecutor.java:169)
	at com.kms.katalon.core.main.TestSuiteExecutor.accessTestSuiteMainPhase(TestSuiteExecutor.java:142)
	at com.kms.katalon.core.main.TestSuiteExecutor.execute(TestSuiteExecutor.java:91)
	at com.kms.katalon.core.main.TestCaseMain.startTestSuite(TestCaseMain.java:157)
	at com.kms.katalon.core.main.TestCaseMain$startTestSuite$0.call(Unknown Source)
	at TempTestSuite1574304373849.run(TempTestSuite1574304373849.groovy:36)
Caused by: com.kms.katalon.core.exception.StepFailedException: Call Test Case 'Test Cases/Data Entry/Borrower/Borrower - Pekerjaan/MASTER FLOW/TC_Borrower - Pekerjaan - MASTER FLOW' failed
	at com.kms.katalon.core.keyword.builtin.CallTestCaseKeyword$_callTestCase_closure1.doCall(CallTestCaseKeyword.groovy:63)
	at com.kms.katalon.core.keyword.builtin.CallTestCaseKeyword$_callTestCase_closure1.call(CallTestCaseKeyword.groovy)
	at com.kms.katalon.core.keyword.internal.KeywordMain.runKeyword(KeywordMain.groovy:68)
	at com.kms.katalon.core.keyword.builtin.CallTestCaseKeyword.callTestCase(CallTestCaseKeyword.groovy:81)
	at com.kms.katalon.core.keyword.builtin.CallTestCaseKeyword.execute(CallTestCaseKeyword.groovy:44)
	at com.kms.katalon.core.keyword.internal.KeywordExecutor.executeKeywordForPlatform(KeywordExecutor.groovy:60)
	at com.kms.katalon.core.keyword.BuiltinKeywords.callTestCase(BuiltinKeywords.groovy:334)
	at Flow Borrower.run(Flow Borrower:42)
	at com.kms.katalon.core.main.ScriptEngine.run(ScriptEngine.java:194)
	at com.kms.katalon.core.main.ScriptEngine.runScriptAsRawText(ScriptEngine.java:119)
	at com.kms.katalon.core.main.TestCaseExecutor.runScript(TestCaseExecutor.java:337)
	at com.kms.katalon.core.main.TestCaseExecutor.doExecute(TestCaseExecutor.java:328)
	at com.kms.katalon.core.main.TestCaseExecutor.processExecutionPhase(TestCaseExecutor.java:307)
	at com.kms.katalon.core.main.TestCaseExecutor.accessMainPhase(TestCaseExecutor.java:299)
	at com.kms.katalon.core.main.TestCaseExecutor.execute(TestCaseExecutor.java:233)
	at com.kms.katalon.core.main.TestCaseMain.runTestCase(TestCaseMain.java:114)
	at com.kms.katalon.core.keyword.builtin.CallTestCaseKeyword$_callTestCase_closure1.doCall(CallTestCaseKeyword.groovy:59)
	... 20 more
Caused by: com.kms.katalon.core.exception.StepFailedException: Object Object Repository/Borrower/Borrower - Pekerjaan/Borrower_Pekerjaan_InpPekerjaan not found
	at com.kms.katalon.core.keyword.internal.KeywordMain.stepFailed(KeywordMain.groovy:50)
	at com.kms.katalon.core.mobile.keyword.internal.MobileKeywordMain.stepFailed(MobileKeywordMain.groovy:40)
	at com.kms.katalon.core.mobile.keyword.builtin.GetTextKeyword$_getText_closure1.doCall(GetTextKeyword.groovy:74)
	at com.kms.katalon.core.mobile.keyword.builtin.GetTextKeyword$_getText_closure1.call(GetTextKeyword.groovy)
	at com.kms.katalon.core.mobile.keyword.internal.MobileKeywordMain.runKeyword(MobileKeywordMain.groovy:21)
	at com.kms.katalon.core.mobile.keyword.builtin.GetTextKeyword.getText(GetTextKeyword.groovy:80)
	at com.kms.katalon.core.mobile.keyword.builtin.GetTextKeyword.execute(GetTextKeyword.groovy:64)
	at com.kms.katalon.core.keyword.internal.KeywordExecutor.executeKeywordForPlatform(KeywordExecutor.groovy:60)
	at com.kms.katalon.core.mobile.keyword.MobileBuiltInKeywords.getText(MobileBuiltInKeywords.groovy:458)
	at com.kms.katalon.core.mobile.keyword.MobileBuiltInKeywords$getText$13.call(Unknown Source)
	at TC_Borrower - Pekerjaan - MASTER FLOW.run(TC_Borrower - Pekerjaan - MASTER FLOW:16)
	at com.kms.katalon.core.main.ScriptEngine.run(ScriptEngine.java:194)
	at com.kms.katalon.core.main.ScriptEngine.runScriptAsRawText(ScriptEngine.java:119)
	at com.kms.katalon.core.main.TestCaseExecutor.runScript(TestCaseExecutor.java:337)
	at com.kms.katalon.core.main.TestCaseExecutor.doExecute(TestCaseExecutor.java:328)
	at com.kms.katalon.core.main.TestCaseExecutor.processExecutionPhase(TestCaseExecutor.java:307)
	at com.kms.katalon.core.main.TestCaseExecutor.accessMainPhase(TestCaseExecutor.java:299)
	at com.kms.katalon.core.main.TestCaseExecutor.execute(TestCaseExecutor.java:233)
	at com.kms.katalon.core.main.TestCaseMain.runTestCase(TestCaseMain.java:114)
	at com.kms.katalon.core.keyword.builtin.CallTestCaseKeyword$_callTestCase_closure1.doCall(CallTestCaseKeyword.groovy:59)
	... 36 more


2019-11-21 09:46:24 - [TEST_STEP][PASSED] - callTestCase(findTestCase("dynamic test case/open application"), [:], STOP_ON_FAILURE): Call Test Case 'Test Cases/dynamic test case/open application' successfully

2019-11-21 09:46:24 - [TEST_CASE][PASSED] - Test Cases/dynamic test case/open application: Test Cases/dynamic test case/open application

2019-11-21 09:46:24 - [TEST_STEP][PASSED] - appPath = relativeToAbsolutePath(apkname, getProjectDir()): null

2019-11-21 09:46:25 - [TEST_STEP][PASSED] - startApplication(appPath, false): Started app at: 'C:\Users\15420\git\ACCME-Dupcheck\AccMe.apk'

2019-11-21 09:46:25 - [MESSAGE][INFO] - User set preference: ['unicodeKeyboard', 'true']

2019-11-21 09:46:25 - [MESSAGE][INFO] - User set preference: ['resetKeyboard', 'true']

2019-11-21 09:46:25 - [MESSAGE][INFO] - User set preference: ['deviceId', '']

2019-11-21 09:46:35 - [MESSAGE][INFO] - Appium server started on port 51,942

2019-11-21 09:47:12 - [MESSAGE][PASSED] - Started app at: 'C:\Users\15420\git\ACCME-Dupcheck\AccMe.apk'

2019-11-21 09:47:12 - [MESSAGE][PASSED] - Call Test Case 'Test Cases/dynamic test case/open application' successfully

2019-11-21 09:47:12 - [TEST_STEP][PASSED] - callTestCase(findTestCase("Data Entry/Simulasi Kredit/Simulasi Kredit/MASTER FLOW/TC_Simulasi Kredit - MASTER FLOW"), ["varBrand":varBrand, "varType":varType, "varModel":varModel, "varTahun":varTahun, "varTenor":varTenor, "varOTR":varOTR, "varRP":varRP, ... ], OPTIONAL): Call Test Case 'Test Cases/Data Entry/Simulasi Kredit/Simulasi Kredit/MASTER FLOW/TC_Simulasi Kredit - MASTER FLOW' successfully

2019-11-21 09:47:13 - [TEST_CASE][PASSED] - Test Cases/Data Entry/Simulasi Kredit/Simulasi Kredit/MASTER FLOW/TC_Simulasi Kredit - MASTER FLOW: Test Cases/Data Entry/Simulasi Kredit/Simulasi Kredit/MASTER FLOW/TC_Simulasi Kredit - MASTER FLOW

2019-11-21 09:47:14 - [TEST_STEP][PASSED] - waitForElementPresent(findTestObject("Simulasi Kredit/Simulasi Kredit - Simulasi Kredit/SimulasiKredit_Btn Simulasi Kredit"), 0): Element 'Object Repository/Simulasi Kredit/Simulasi Kredit - Simulasi Kredit/SimulasiKredit_Btn Simulasi Kredit' is present

2019-11-21 09:47:14 - [MESSAGE][WARNING] - Timeout '0' is invalid. Using default page load timeout: '30'

2019-11-21 09:47:20 - [MESSAGE][PASSED] - Element 'Object Repository/Simulasi Kredit/Simulasi Kredit - Simulasi Kredit/SimulasiKredit_Btn Simulasi Kredit' is present

2019-11-21 09:47:20 - [TEST_STEP][PASSED] - tap(findTestObject("Simulasi Kredit/Simulasi Kredit - Simulasi Kredit/SimulasiKredit_Btn Simulasi Kredit"), 0): Tapped on element 'Object Repository/Simulasi Kredit/Simulasi Kredit - Simulasi Kredit/SimulasiKredit_Btn Simulasi Kredit'

2019-11-21 09:47:20 - [MESSAGE][WARNING] - Timeout '0' is invalid. Using default page load timeout: '30'

2019-11-21 09:47:22 - [MESSAGE][PASSED] - Tapped on element 'Object Repository/Simulasi Kredit/Simulasi Kredit - Simulasi Kredit/SimulasiKredit_Btn Simulasi Kredit'

2019-11-21 09:47:22 - [TEST_STEP][PASSED] - if (varPembiayaan == "NewCar"): Tapped on element 'Object Repository/Simulasi Kredit/Simulasi Kredit - Simulasi Kredit/SimulasiKredit_new car'

2019-11-21 09:47:22 - [TEST_STEP][PASSED] - tap(findTestObject("Simulasi Kredit/Simulasi Kredit - Simulasi Kredit/SimulasiKredit_new car"), 0): Tapped on element 'Object Repository/Simulasi Kredit/Simulasi Kredit - Simulasi Kredit/SimulasiKredit_new car'

2019-11-21 09:47:23 - [MESSAGE][WARNING] - Timeout '0' is invalid. Using default page load timeout: '30'

2019-11-21 09:47:27 - [MESSAGE][PASSED] - Tapped on element 'Object Repository/Simulasi Kredit/Simulasi Kredit - Simulasi Kredit/SimulasiKredit_new car'

2019-11-21 09:47:27 - [TEST_STEP][PASSED] - if (varPembiayaan == "UsedCar"): null

2019-11-21 09:47:27 - [TEST_STEP][PASSED] - if (varTipepembiayaan == "syariah"): null

2019-11-21 09:47:27 - [TEST_STEP][PASSED] - if (varTipepembiayaan == "konvensional"): null

2019-11-21 09:47:27 - [TEST_STEP][PASSED] - if (varkodepaket == "ya"): null

2019-11-21 09:47:27 - [TEST_STEP][PASSED] - setText(findTestObject("Simulasi Kredit/Simulasi Kredit - Simulasi Kredit/SimulasiKredit_Inp Brand"), varBrand, 0): Text 'TOYOTA' has been set to element 'Object Repository/Simulasi Kredit/Simulasi Kredit - Simulasi Kredit/SimulasiKredit_Inp Brand'

2019-11-21 09:47:27 - [MESSAGE][WARNING] - Timeout '0' is invalid. Using default page load timeout: '30'

2019-11-21 09:47:28 - [MESSAGE][PASSED] - Text 'TOYOTA' has been set to element 'Object Repository/Simulasi Kredit/Simulasi Kredit - Simulasi Kredit/SimulasiKredit_Inp Brand'

2019-11-21 09:47:28 - [TEST_STEP][PASSED] - tap(findTestObject("Simulasi Kredit/Simulasi Kredit - Simulasi Kredit/SimulasiKredit_Inp Brand"), 0): Tapped on element 'Object Repository/Simulasi Kredit/Simulasi Kredit - Simulasi Kredit/SimulasiKredit_Inp Brand'

2019-11-21 09:47:28 - [MESSAGE][WARNING] - Timeout '0' is invalid. Using default page load timeout: '30'

2019-11-21 09:47:33 - [MESSAGE][PASSED] - Tapped on element 'Object Repository/Simulasi Kredit/Simulasi Kredit - Simulasi Kredit/SimulasiKredit_Inp Brand'

2019-11-21 09:47:33 - [TEST_STEP][PASSED] - tap(findTestObject("dynamic object/pickListItem_viewView", ["text":varBrand]), 0): Tapped on element 'Object Repository/dynamic object/pickListItem_viewView'

2019-11-21 09:47:33 - [MESSAGE][WARNING] - Timeout '0' is invalid. Using default page load timeout: '30'

2019-11-21 09:47:36 - [MESSAGE][PASSED] - Tapped on element 'Object Repository/dynamic object/pickListItem_viewView'

2019-11-21 09:47:36 - [TEST_STEP][PASSED] - tap(findTestObject("Simulasi Kredit/Simulasi Kredit - Simulasi Kredit/SimulasiKredit_Inp Type"), 0): Tapped on element 'Object Repository/Simulasi Kredit/Simulasi Kredit - Simulasi Kredit/SimulasiKredit_Inp Type'

2019-11-21 09:47:36 - [MESSAGE][WARNING] - Timeout '0' is invalid. Using default page load timeout: '30'

2019-11-21 09:47:39 - [MESSAGE][PASSED] - Tapped on element 'Object Repository/Simulasi Kredit/Simulasi Kredit - Simulasi Kredit/SimulasiKredit_Inp Type'

2019-11-21 09:47:39 - [TEST_STEP][PASSED] - setText(findTestObject("Simulasi Kredit/Simulasi Kredit - Simulasi Kredit/SimulasiKredit_Inp Type"), varType, 0): Text 'ETIOS' has been set to element 'Object Repository/Simulasi Kredit/Simulasi Kredit - Simulasi Kredit/SimulasiKredit_Inp Type'

2019-11-21 09:47:39 - [MESSAGE][WARNING] - Timeout '0' is invalid. Using default page load timeout: '30'

2019-11-21 09:47:42 - [MESSAGE][PASSED] - Text 'ETIOS' has been set to element 'Object Repository/Simulasi Kredit/Simulasi Kredit - Simulasi Kredit/SimulasiKredit_Inp Type'

2019-11-21 09:47:42 - [TEST_STEP][PASSED] - delay(3): Delayed 3 second(s)

2019-11-21 09:47:45 - [MESSAGE][PASSED] - Delayed 3 second(s)

2019-11-21 09:47:45 - [TEST_STEP][PASSED] - tap(findTestObject("Simulasi Kredit/Simulasi Kredit - Simulasi Kredit/SimulasiKredit_Inp Type"), 0): Tapped on element 'Object Repository/Simulasi Kredit/Simulasi Kredit - Simulasi Kredit/SimulasiKredit_Inp Type'

2019-11-21 09:47:45 - [MESSAGE][WARNING] - Timeout '0' is invalid. Using default page load timeout: '30'

2019-11-21 09:47:47 - [MESSAGE][PASSED] - Tapped on element 'Object Repository/Simulasi Kredit/Simulasi Kredit - Simulasi Kredit/SimulasiKredit_Inp Type'

2019-11-21 09:47:47 - [TEST_STEP][PASSED] - tap(findTestObject("Simulasi Kredit/Simulasi Kredit - Simulasi Kredit/SimulasiKredit_Inp Type LOV"), 0): Tapped on element 'Object Repository/Simulasi Kredit/Simulasi Kredit - Simulasi Kredit/SimulasiKredit_Inp Type LOV'

2019-11-21 09:47:47 - [MESSAGE][WARNING] - Timeout '0' is invalid. Using default page load timeout: '30'

2019-11-21 09:47:49 - [MESSAGE][PASSED] - Tapped on element 'Object Repository/Simulasi Kredit/Simulasi Kredit - Simulasi Kredit/SimulasiKredit_Inp Type LOV'

2019-11-21 09:47:49 - [TEST_STEP][PASSED] - mobile.mobileSwipe.UpDown(0.8, 0.5, 1000): mobile.mobileSwipe.UpDown is PASSED

2019-11-21 09:47:51 - [MESSAGE][PASSED] - Current device physical height is 2131

2019-11-21 09:47:51 - [MESSAGE][INFO] - Device Height : 2131

2019-11-21 09:47:52 - [MESSAGE][PASSED] - Current device physical width is 1080

2019-11-21 09:47:52 - [MESSAGE][INFO] - Device Width : 1080

2019-11-21 09:47:52 - [MESSAGE][INFO] - Swipe start at Height : 1704

2019-11-21 09:47:52 - [MESSAGE][INFO] - Swipe end at Height : 1065

2019-11-21 09:47:52 - [MESSAGE][INFO] - X Position : 1000

2019-11-21 09:47:54 - [MESSAGE][PASSED] - Swiped from 1,000,1,704 to 1,000,1,065

2019-11-21 09:47:54 - [MESSAGE][PASSED] - mobile.mobileSwipe.UpDown is PASSED

2019-11-21 09:47:54 - [TEST_STEP][PASSED] - tap(findTestObject("Simulasi Kredit/Simulasi Kredit - Simulasi Kredit/SimulasiKredit_Inp Model"), 0): Tapped on element 'Object Repository/Simulasi Kredit/Simulasi Kredit - Simulasi Kredit/SimulasiKredit_Inp Model'

2019-11-21 09:47:54 - [MESSAGE][WARNING] - Timeout '0' is invalid. Using default page load timeout: '30'

2019-11-21 09:47:57 - [MESSAGE][PASSED] - Tapped on element 'Object Repository/Simulasi Kredit/Simulasi Kredit - Simulasi Kredit/SimulasiKredit_Inp Model'

2019-11-21 09:47:57 - [TEST_STEP][PASSED] - scrollToText(varModel, STOP_ON_FAILURE): Scrolling to text '1.2 E M/T' successfully

2019-11-21 09:47:58 - [MESSAGE][PASSED] - Scrolling to text '1.2 E M/T' successfully

2019-11-21 09:47:58 - [TEST_STEP][PASSED] - tap(findTestObject("dynamic object/pickListItem_checkedTextView", ["text":varModel]), 0): Tapped on element 'Object Repository/dynamic object/pickListItem_checkedTextView'

2019-11-21 09:47:59 - [MESSAGE][WARNING] - Timeout '0' is invalid. Using default page load timeout: '30'

2019-11-21 09:48:00 - [MESSAGE][PASSED] - Tapped on element 'Object Repository/dynamic object/pickListItem_checkedTextView'

2019-11-21 09:48:00 - [TEST_STEP][PASSED] - tap(findTestObject("Simulasi Kredit/Simulasi Kredit - Simulasi Kredit/SimulasiKredit_Tahun"), 0): Tapped on element 'Object Repository/Simulasi Kredit/Simulasi Kredit - Simulasi Kredit/SimulasiKredit_Tahun'

2019-11-21 09:48:00 - [MESSAGE][WARNING] - Timeout '0' is invalid. Using default page load timeout: '30'

2019-11-21 09:48:02 - [MESSAGE][PASSED] - Tapped on element 'Object Repository/Simulasi Kredit/Simulasi Kredit - Simulasi Kredit/SimulasiKredit_Tahun'

2019-11-21 09:48:02 - [TEST_STEP][PASSED] - scrollToText(varTahun, STOP_ON_FAILURE): Scrolling to text '2018' successfully

2019-11-21 09:48:04 - [MESSAGE][PASSED] - Scrolling to text '2018' successfully

2019-11-21 09:48:04 - [TEST_STEP][PASSED] - tap(findTestObject("dynamic object/pickListItem_checkedTextView", ["text":varTahun]), 0): Tapped on element 'Object Repository/dynamic object/pickListItem_checkedTextView'

2019-11-21 09:48:04 - [MESSAGE][WARNING] - Timeout '0' is invalid. Using default page load timeout: '30'

2019-11-21 09:48:06 - [MESSAGE][PASSED] - Tapped on element 'Object Repository/dynamic object/pickListItem_checkedTextView'

2019-11-21 09:48:06 - [TEST_STEP][PASSED] - tap(findTestObject("Simulasi Kredit/Simulasi Kredit - Simulasi Kredit/SimulasiKredit_Tenor"), 0): Tapped on element 'Object Repository/Simulasi Kredit/Simulasi Kredit - Simulasi Kredit/SimulasiKredit_Tenor'

2019-11-21 09:48:06 - [MESSAGE][WARNING] - Timeout '0' is invalid. Using default page load timeout: '30'

2019-11-21 09:48:08 - [MESSAGE][PASSED] - Tapped on element 'Object Repository/Simulasi Kredit/Simulasi Kredit - Simulasi Kredit/SimulasiKredit_Tenor'

2019-11-21 09:48:08 - [TEST_STEP][PASSED] - tap(findTestObject("dynamic object/pickListItem_checkedTextView", ["text":varTenor]), 0): Tapped on element 'Object Repository/dynamic object/pickListItem_checkedTextView'

2019-11-21 09:48:08 - [MESSAGE][WARNING] - Timeout '0' is invalid. Using default page load timeout: '30'

2019-11-21 09:48:10 - [MESSAGE][PASSED] - Tapped on element 'Object Repository/dynamic object/pickListItem_checkedTextView'

2019-11-21 09:48:10 - [TEST_STEP][PASSED] - setText(findTestObject("Simulasi Kredit/Simulasi Kredit - Simulasi Kredit/SimulasiKredit_Inp OTR"), varOTR, 0): Text '153900000' has been set to element 'Object Repository/Simulasi Kredit/Simulasi Kredit - Simulasi Kredit/SimulasiKredit_Inp OTR'

2019-11-21 09:48:10 - [MESSAGE][WARNING] - Timeout '0' is invalid. Using default page load timeout: '30'

2019-11-21 09:48:12 - [MESSAGE][PASSED] - Text '153900000' has been set to element 'Object Repository/Simulasi Kredit/Simulasi Kredit - Simulasi Kredit/SimulasiKredit_Inp OTR'

2019-11-21 09:48:12 - [TEST_STEP][PASSED] - setText(findTestObject("Simulasi Kredit/Simulasi Kredit - Simulasi Kredit/SimulasiKredit_Inp RP"), varRP, 0): Text '59636170' has been set to element 'Object Repository/Simulasi Kredit/Simulasi Kredit - Simulasi Kredit/SimulasiKredit_Inp RP'

2019-11-21 09:48:12 - [MESSAGE][WARNING] - Timeout '0' is invalid. Using default page load timeout: '30'

2019-11-21 09:48:16 - [MESSAGE][PASSED] - Text '59636170' has been set to element 'Object Repository/Simulasi Kredit/Simulasi Kredit - Simulasi Kredit/SimulasiKredit_Inp RP'

2019-11-21 09:48:16 - [TEST_STEP][PASSED] - mobile.mobileSwipe.UpDown(0.5, 0.2, 1000): mobile.mobileSwipe.UpDown is PASSED

2019-11-21 09:48:17 - [MESSAGE][PASSED] - Current device physical height is 2131

2019-11-21 09:48:17 - [MESSAGE][INFO] - Device Height : 2131

2019-11-21 09:48:18 - [MESSAGE][PASSED] - Current device physical width is 1080

2019-11-21 09:48:18 - [MESSAGE][INFO] - Device Width : 1080

2019-11-21 09:48:18 - [MESSAGE][INFO] - Swipe start at Height : 1065

2019-11-21 09:48:18 - [MESSAGE][INFO] - Swipe end at Height : 426

2019-11-21 09:48:18 - [MESSAGE][INFO] - X Position : 1000

2019-11-21 09:48:20 - [MESSAGE][PASSED] - Swiped from 1,000,1,065 to 1,000,426

2019-11-21 09:48:20 - [MESSAGE][PASSED] - mobile.mobileSwipe.UpDown is PASSED

2019-11-21 09:48:20 - [TEST_STEP][PASSED] - setText(findTestObject("Simulasi Kredit/Simulasi Kredit - Simulasi Kredit/SimulasiKredit_Inp Dealer"), varDealer, 0): Text 'TUNAS RIDEAN M-BKS JTWARINGIN' has been set to element 'Object Repository/Simulasi Kredit/Simulasi Kredit - Simulasi Kredit/SimulasiKredit_Inp Dealer'

2019-11-21 09:48:20 - [MESSAGE][WARNING] - Timeout '0' is invalid. Using default page load timeout: '30'

2019-11-21 09:48:21 - [MESSAGE][PASSED] - Text 'TUNAS RIDEAN M-BKS JTWARINGIN' has been set to element 'Object Repository/Simulasi Kredit/Simulasi Kredit - Simulasi Kredit/SimulasiKredit_Inp Dealer'

2019-11-21 09:48:21 - [TEST_STEP][PASSED] - tap(findTestObject("Simulasi Kredit/Simulasi Kredit - Simulasi Kredit/SimulasiKredit_Inp Dealer"), 0): Tapped on element 'Object Repository/Simulasi Kredit/Simulasi Kredit - Simulasi Kredit/SimulasiKredit_Inp Dealer'

2019-11-21 09:48:22 - [MESSAGE][WARNING] - Timeout '0' is invalid. Using default page load timeout: '30'

2019-11-21 09:48:25 - [MESSAGE][PASSED] - Tapped on element 'Object Repository/Simulasi Kredit/Simulasi Kredit - Simulasi Kredit/SimulasiKredit_Inp Dealer'

2019-11-21 09:48:25 - [TEST_STEP][PASSED] - clearText(findTestObject("Simulasi Kredit/Simulasi Kredit - Simulasi Kredit/SimulasiKredit_Inp Dealer"), 0): Element 'Object Repository/Simulasi Kredit/Simulasi Kredit - Simulasi Kredit/SimulasiKredit_Inp Dealer' text is cleared

2019-11-21 09:48:26 - [MESSAGE][WARNING] - Timeout '0' is invalid. Using default page load timeout: '30'

2019-11-21 09:48:27 - [MESSAGE][PASSED] - Element 'Object Repository/Simulasi Kredit/Simulasi Kredit - Simulasi Kredit/SimulasiKredit_Inp Dealer' text is cleared

2019-11-21 09:48:27 - [TEST_STEP][PASSED] - setText(findTestObject("Simulasi Kredit/Simulasi Kredit - Simulasi Kredit/SimulasiKredit_Inp Dealer"), varDealer, 0): Text 'TUNAS RIDEAN M-BKS JTWARINGIN' has been set to element 'Object Repository/Simulasi Kredit/Simulasi Kredit - Simulasi Kredit/SimulasiKredit_Inp Dealer'

2019-11-21 09:48:27 - [MESSAGE][WARNING] - Timeout '0' is invalid. Using default page load timeout: '30'

2019-11-21 09:48:28 - [MESSAGE][PASSED] - Text 'TUNAS RIDEAN M-BKS JTWARINGIN' has been set to element 'Object Repository/Simulasi Kredit/Simulasi Kredit - Simulasi Kredit/SimulasiKredit_Inp Dealer'

2019-11-21 09:48:28 - [TEST_STEP][PASSED] - delay(4, STOP_ON_FAILURE): Delayed 4 second(s)

2019-11-21 09:48:32 - [MESSAGE][PASSED] - Delayed 4 second(s)

2019-11-21 09:48:32 - [TEST_STEP][PASSED] - tap(findTestObject("Simulasi Kredit/Simulasi Kredit - Simulasi Kredit/SimulasiKredit_LOV Dealer"), 0): Tapped on element 'Object Repository/Simulasi Kredit/Simulasi Kredit - Simulasi Kredit/SimulasiKredit_LOV Dealer'

2019-11-21 09:48:32 - [MESSAGE][WARNING] - Timeout '0' is invalid. Using default page load timeout: '30'

2019-11-21 09:48:35 - [MESSAGE][PASSED] - Tapped on element 'Object Repository/Simulasi Kredit/Simulasi Kredit - Simulasi Kredit/SimulasiKredit_LOV Dealer'

2019-11-21 09:48:35 - [TEST_STEP][PASSED] - setText(findTestObject("Simulasi Kredit/Simulasi Kredit - Simulasi Kredit/SimulasiKredit_Inp Sales Dealer"), varSales, 0): Text 'HENGKY GUNAWAN' has been set to element 'Object Repository/Simulasi Kredit/Simulasi Kredit - Simulasi Kredit/SimulasiKredit_Inp Sales Dealer'

2019-11-21 09:48:35 - [MESSAGE][WARNING] - Timeout '0' is invalid. Using default page load timeout: '30'

2019-11-21 09:48:36 - [MESSAGE][PASSED] - Text 'HENGKY GUNAWAN' has been set to element 'Object Repository/Simulasi Kredit/Simulasi Kredit - Simulasi Kredit/SimulasiKredit_Inp Sales Dealer'

2019-11-21 09:48:36 - [TEST_STEP][PASSED] - tap(findTestObject("Simulasi Kredit/Simulasi Kredit - Simulasi Kredit/SimulasiKredit_Inp Sales Dealer"), 0): Tapped on element 'Object Repository/Simulasi Kredit/Simulasi Kredit - Simulasi Kredit/SimulasiKredit_Inp Sales Dealer'

2019-11-21 09:48:37 - [MESSAGE][WARNING] - Timeout '0' is invalid. Using default page load timeout: '30'

2019-11-21 09:48:39 - [MESSAGE][PASSED] - Tapped on element 'Object Repository/Simulasi Kredit/Simulasi Kredit - Simulasi Kredit/SimulasiKredit_Inp Sales Dealer'

2019-11-21 09:48:39 - [TEST_STEP][PASSED] - tap(findTestObject("Simulasi Kredit/Simulasi Kredit - Simulasi Kredit/SimulasiKredit_LOV Sales Dealer"), 0): Tapped on element 'Object Repository/Simulasi Kredit/Simulasi Kredit - Simulasi Kredit/SimulasiKredit_LOV Sales Dealer'

2019-11-21 09:48:40 - [MESSAGE][WARNING] - Timeout '0' is invalid. Using default page load timeout: '30'

2019-11-21 09:48:42 - [MESSAGE][PASSED] - Tapped on element 'Object Repository/Simulasi Kredit/Simulasi Kredit - Simulasi Kredit/SimulasiKredit_LOV Sales Dealer'

2019-11-21 09:48:42 - [TEST_STEP][PASSED] - tap(findTestObject("Simulasi Kredit/Simulasi Kredit - Simulasi Kredit/SimulasiKredit_Btn Hitung"), 0): Tapped on element 'Object Repository/Simulasi Kredit/Simulasi Kredit - Simulasi Kredit/SimulasiKredit_Btn Hitung'

2019-11-21 09:48:42 - [MESSAGE][WARNING] - Timeout '0' is invalid. Using default page load timeout: '30'

2019-11-21 09:48:45 - [MESSAGE][PASSED] - Tapped on element 'Object Repository/Simulasi Kredit/Simulasi Kredit - Simulasi Kredit/SimulasiKredit_Btn Hitung'

2019-11-21 09:48:45 - [TEST_STEP][PASSED] - delay(60, STOP_ON_FAILURE): Delayed 60 second(s)

2019-11-21 09:49:45 - [MESSAGE][PASSED] - Delayed 60 second(s)

2019-11-21 09:49:45 - [TEST_STEP][PASSED] - tap(findTestObject("Simulasi Kredit/Simulasi Kredit - Simulasi Kredit/SimulasiKredit_Btn Berikutnya"), 0): Tapped on element 'Object Repository/Simulasi Kredit/Simulasi Kredit - Simulasi Kredit/SimulasiKredit_Btn Berikutnya'

2019-11-21 09:49:45 - [MESSAGE][WARNING] - Timeout '0' is invalid. Using default page load timeout: '30'

2019-11-21 09:49:48 - [MESSAGE][PASSED] - Tapped on element 'Object Repository/Simulasi Kredit/Simulasi Kredit - Simulasi Kredit/SimulasiKredit_Btn Berikutnya'

2019-11-21 09:49:48 - [TEST_STEP][PASSED] - delay(1, STOP_ON_FAILURE): Delayed 1 second(s)

2019-11-21 09:49:49 - [MESSAGE][PASSED] - Delayed 1 second(s)

2019-11-21 09:49:49 - [TEST_STEP][PASSED] - waitForElementPresent(findTestObject("Simulasi Kredit/Simulasi Kredit - Asuransi/Asuransi_Nama Asuransi"), 0): Element 'Object Repository/Simulasi Kredit/Simulasi Kredit - Asuransi/Asuransi_Nama Asuransi' is present

2019-11-21 09:49:49 - [MESSAGE][WARNING] - Timeout '0' is invalid. Using default page load timeout: '30'

2019-11-21 09:49:50 - [MESSAGE][PASSED] - Element 'Object Repository/Simulasi Kredit/Simulasi Kredit - Asuransi/Asuransi_Nama Asuransi' is present

2019-11-21 09:49:50 - [MESSAGE][PASSED] - Call Test Case 'Test Cases/Data Entry/Simulasi Kredit/Simulasi Kredit/MASTER FLOW/TC_Simulasi Kredit - MASTER FLOW' successfully

2019-11-21 09:49:50 - [TEST_STEP][PASSED] - callTestCase(findTestCase("Data Entry/Simulasi Kredit/Simulasi Kredit - Asuransi/MASTER FLOW/TC_Asuransi - MASTER FLOW"), ["varAsuransi":varAsuransi, "varKodeWilayah":varKodeWilayah], STOP_ON_FAILURE): Call Test Case 'Test Cases/Data Entry/Simulasi Kredit/Simulasi Kredit - Asuransi/MASTER FLOW/TC_Asuransi - MASTER FLOW' successfully

2019-11-21 09:49:50 - [TEST_CASE][PASSED] - Test Cases/Data Entry/Simulasi Kredit/Simulasi Kredit - Asuransi/MASTER FLOW/TC_Asuransi - MASTER FLOW: Test Cases/Data Entry/Simulasi Kredit/Simulasi Kredit - Asuransi/MASTER FLOW/TC_Asuransi - MASTER FLOW

2019-11-21 09:49:51 - [TEST_STEP][PASSED] - delay(2, STOP_ON_FAILURE): Delayed 2 second(s)

2019-11-21 09:49:53 - [MESSAGE][PASSED] - Delayed 2 second(s)

2019-11-21 09:49:53 - [TEST_STEP][PASSED] - tap(findTestObject("Simulasi Kredit/Simulasi Kredit - Asuransi/Asuransi_Nama Asuransi"), 0): Tapped on element 'Object Repository/Simulasi Kredit/Simulasi Kredit - Asuransi/Asuransi_Nama Asuransi'

2019-11-21 09:49:53 - [MESSAGE][WARNING] - Timeout '0' is invalid. Using default page load timeout: '30'

2019-11-21 09:49:55 - [MESSAGE][PASSED] - Tapped on element 'Object Repository/Simulasi Kredit/Simulasi Kredit - Asuransi/Asuransi_Nama Asuransi'

2019-11-21 09:49:55 - [TEST_STEP][PASSED] - setText(findTestObject("Simulasi Kredit/Simulasi Kredit - Asuransi/Asuransi_Nama Asuransi"), varAsuransi, 0): Text 'PT AAB REGULER OJK 2017(305001)' has been set to element 'Object Repository/Simulasi Kredit/Simulasi Kredit - Asuransi/Asuransi_Nama Asuransi'

2019-11-21 09:49:56 - [MESSAGE][WARNING] - Timeout '0' is invalid. Using default page load timeout: '30'

2019-11-21 09:49:58 - [MESSAGE][PASSED] - Text 'PT AAB REGULER OJK 2017(305001)' has been set to element 'Object Repository/Simulasi Kredit/Simulasi Kredit - Asuransi/Asuransi_Nama Asuransi'

2019-11-21 09:49:58 - [TEST_STEP][PASSED] - tap(findTestObject("Simulasi Kredit/Simulasi Kredit - Asuransi/Asuransi_LOV Nama Asuransi"), 0): Tapped on element 'Object Repository/Simulasi Kredit/Simulasi Kredit - Asuransi/Asuransi_LOV Nama Asuransi'

2019-11-21 09:49:59 - [MESSAGE][WARNING] - Timeout '0' is invalid. Using default page load timeout: '30'

2019-11-21 09:50:02 - [MESSAGE][PASSED] - Tapped on element 'Object Repository/Simulasi Kredit/Simulasi Kredit - Asuransi/Asuransi_LOV Nama Asuransi'

2019-11-21 09:50:02 - [TEST_STEP][PASSED] - delay(1, STOP_ON_FAILURE): Delayed 1 second(s)

2019-11-21 09:50:03 - [MESSAGE][PASSED] - Delayed 1 second(s)

2019-11-21 09:50:03 - [TEST_STEP][PASSED] - tap(findTestObject("Simulasi Kredit/Simulasi Kredit - Asuransi/Asuransi_KDWilayah"), 0): Tapped on element 'Object Repository/Simulasi Kredit/Simulasi Kredit - Asuransi/Asuransi_KDWilayah'

2019-11-21 09:50:03 - [MESSAGE][WARNING] - Timeout '0' is invalid. Using default page load timeout: '30'

2019-11-21 09:50:05 - [MESSAGE][PASSED] - Tapped on element 'Object Repository/Simulasi Kredit/Simulasi Kredit - Asuransi/Asuransi_KDWilayah'

2019-11-21 09:50:05 - [TEST_STEP][PASSED] - tap(findTestObject("dynamic object/pickListItem_checkedTextView", ["text":varKodeWilayah]), 0): Tapped on element 'Object Repository/dynamic object/pickListItem_checkedTextView'

2019-11-21 09:50:05 - [MESSAGE][WARNING] - Timeout '0' is invalid. Using default page load timeout: '30'

2019-11-21 09:50:07 - [MESSAGE][PASSED] - Tapped on element 'Object Repository/dynamic object/pickListItem_checkedTextView'

2019-11-21 09:50:07 - [TEST_STEP][PASSED] - tap(findTestObject("Simulasi Kredit/Simulasi Kredit - Asuransi/asuransi_BtnARPlus"), 0): Tapped on element 'Object Repository/Simulasi Kredit/Simulasi Kredit - Asuransi/asuransi_BtnARPlus'

2019-11-21 09:50:07 - [MESSAGE][WARNING] - Timeout '0' is invalid. Using default page load timeout: '30'

2019-11-21 09:50:09 - [MESSAGE][PASSED] - Tapped on element 'Object Repository/Simulasi Kredit/Simulasi Kredit - Asuransi/asuransi_BtnARPlus'

2019-11-21 09:50:09 - [TEST_STEP][PASSED] - tap(findTestObject("Simulasi Kredit/Simulasi Kredit - Asuransi/asuransi_BtnCashPlus"), 0): Tapped on element 'Object Repository/Simulasi Kredit/Simulasi Kredit - Asuransi/asuransi_BtnCashPlus'

2019-11-21 09:50:09 - [MESSAGE][WARNING] - Timeout '0' is invalid. Using default page load timeout: '30'

2019-11-21 09:50:11 - [MESSAGE][PASSED] - Tapped on element 'Object Repository/Simulasi Kredit/Simulasi Kredit - Asuransi/asuransi_BtnCashPlus'

2019-11-21 09:50:11 - [TEST_STEP][PASSED] - delay(2, STOP_ON_FAILURE): Delayed 2 second(s)

2019-11-21 09:50:13 - [MESSAGE][PASSED] - Delayed 2 second(s)

2019-11-21 09:50:13 - [TEST_STEP][PASSED] - tap(findTestObject("Simulasi Kredit/Simulasi Kredit - Asuransi/Asuransi_Hitung"), 0): Tapped on element 'Object Repository/Simulasi Kredit/Simulasi Kredit - Asuransi/Asuransi_Hitung'

2019-11-21 09:50:13 - [MESSAGE][WARNING] - Timeout '0' is invalid. Using default page load timeout: '30'

2019-11-21 09:50:15 - [MESSAGE][PASSED] - Tapped on element 'Object Repository/Simulasi Kredit/Simulasi Kredit - Asuransi/Asuransi_Hitung'

2019-11-21 09:50:15 - [TEST_STEP][PASSED] - delay(30, STOP_ON_FAILURE): Delayed 30 second(s)

2019-11-21 09:50:45 - [MESSAGE][PASSED] - Delayed 30 second(s)

2019-11-21 09:50:45 - [TEST_STEP][PASSED] - tap(findTestObject("Simulasi Kredit/Simulasi Kredit - Asuransi/Asuransi_Berikutnya"), 0): Tapped on element 'Object Repository/Simulasi Kredit/Simulasi Kredit - Asuransi/Asuransi_Berikutnya'

2019-11-21 09:50:45 - [MESSAGE][WARNING] - Timeout '0' is invalid. Using default page load timeout: '30'

2019-11-21 09:50:47 - [MESSAGE][PASSED] - Tapped on element 'Object Repository/Simulasi Kredit/Simulasi Kredit - Asuransi/Asuransi_Berikutnya'

2019-11-21 09:50:47 - [MESSAGE][PASSED] - Call Test Case 'Test Cases/Data Entry/Simulasi Kredit/Simulasi Kredit - Asuransi/MASTER FLOW/TC_Asuransi - MASTER FLOW' successfully

2019-11-21 09:50:47 - [TEST_STEP][PASSED] - callTestCase(findTestCase("Data Entry/Simulasi Kredit/Kategori Loan/MASTER FLOW/TC_Kategori Loan - Master FLOW"), ["varOpsiNPWP":varOpsiNPWP], STOP_ON_FAILURE): Call Test Case 'Test Cases/Data Entry/Simulasi Kredit/Kategori Loan/MASTER FLOW/TC_Kategori Loan - Master FLOW' successfully

2019-11-21 09:50:47 - [TEST_CASE][PASSED] - Test Cases/Data Entry/Simulasi Kredit/Kategori Loan/MASTER FLOW/TC_Kategori Loan - Master FLOW: Test Cases/Data Entry/Simulasi Kredit/Kategori Loan/MASTER FLOW/TC_Kategori Loan - Master FLOW

2019-11-21 09:50:48 - [TEST_STEP][PASSED] - switch (varOpsiNPWP.toString()): null

2019-11-21 09:50:48 - [TEST_STEP][PASSED] - case "Approval":: null

2019-11-21 09:50:48 - [TEST_STEP][PASSED] - tap(findTestObject("Simulasi Kredit/Simulasi Kredit - Kategori Loan/KategoriLoan_Opsi NPWP Approval"), 0): Tapped on element 'Object Repository/Simulasi Kredit/Simulasi Kredit - Kategori Loan/KategoriLoan_Opsi NPWP Approval'

2019-11-21 09:50:48 - [MESSAGE][WARNING] - Timeout '0' is invalid. Using default page load timeout: '30'

2019-11-21 09:50:50 - [MESSAGE][PASSED] - Tapped on element 'Object Repository/Simulasi Kredit/Simulasi Kredit - Kategori Loan/KategoriLoan_Opsi NPWP Approval'

2019-11-21 09:50:50 - [TEST_STEP][PASSED] - break: null

2019-11-21 09:50:50 - [TEST_STEP][PASSED] - delay(2, STOP_ON_FAILURE): Delayed 2 second(s)

2019-11-21 09:50:52 - [MESSAGE][PASSED] - Delayed 2 second(s)

2019-11-21 09:50:52 - [TEST_STEP][PASSED] - tap(findTestObject("Simulasi Kredit/Simulasi Kredit - Kategori Loan/KategoriLoan_Berikutnya"), 0): Tapped on element 'Object Repository/Simulasi Kredit/Simulasi Kredit - Kategori Loan/KategoriLoan_Berikutnya'

2019-11-21 09:50:52 - [MESSAGE][WARNING] - Timeout '0' is invalid. Using default page load timeout: '30'

2019-11-21 09:50:54 - [MESSAGE][PASSED] - Tapped on element 'Object Repository/Simulasi Kredit/Simulasi Kredit - Kategori Loan/KategoriLoan_Berikutnya'

2019-11-21 09:50:54 - [MESSAGE][PASSED] - Call Test Case 'Test Cases/Data Entry/Simulasi Kredit/Kategori Loan/MASTER FLOW/TC_Kategori Loan - Master FLOW' successfully

2019-11-21 09:50:54 - [TEST_STEP][PASSED] - callTestCase(findTestCase("Data Entry/Simulasi Kredit/Loan Detail/MASTER FLOW/TC_Loan Detail - MASTER FLOW"), [:], STOP_ON_FAILURE): Call Test Case 'Test Cases/Data Entry/Simulasi Kredit/Loan Detail/MASTER FLOW/TC_Loan Detail - MASTER FLOW' successfully

2019-11-21 09:50:54 - [TEST_CASE][PASSED] - Test Cases/Data Entry/Simulasi Kredit/Loan Detail/MASTER FLOW/TC_Loan Detail - MASTER FLOW: Test Cases/Data Entry/Simulasi Kredit/Loan Detail/MASTER FLOW/TC_Loan Detail - MASTER FLOW

2019-11-21 09:50:55 - [TEST_STEP][PASSED] - mobile.mobileSwipe.RightLeft(0.9, 0.5, 600): mobile.mobileSwipe.RightLeft is PASSED

2019-11-21 09:50:56 - [MESSAGE][PASSED] - Current device physical width is 1080

2019-11-21 09:50:57 - [MESSAGE][PASSED] - Current device physical height is 2131

2019-11-21 09:50:57 - [MESSAGE][INFO] - Device Height : 2131

2019-11-21 09:50:57 - [MESSAGE][INFO] - Device Width : 1080

2019-11-21 09:50:57 - [MESSAGE][INFO] - Swipe start at Width : 971

2019-11-21 09:50:57 - [MESSAGE][INFO] - Swipe end at Witdh : 540

2019-11-21 09:50:57 - [MESSAGE][INFO] - Y Position : 600

2019-11-21 09:50:59 - [MESSAGE][PASSED] - Swiped from 971,600 to 540,600

2019-11-21 09:50:59 - [MESSAGE][PASSED] - mobile.mobileSwipe.RightLeft is PASSED

2019-11-21 09:50:59 - [TEST_STEP][PASSED] - delay(3, STOP_ON_FAILURE): Delayed 3 second(s)

2019-11-21 09:51:02 - [MESSAGE][PASSED] - Delayed 3 second(s)

2019-11-21 09:51:02 - [TEST_STEP][PASSED] - mobile.mobileSwipe.UpDown(0.8, 0.4, 1000): mobile.mobileSwipe.UpDown is PASSED

2019-11-21 09:51:03 - [MESSAGE][PASSED] - Current device physical height is 2131

2019-11-21 09:51:03 - [MESSAGE][INFO] - Device Height : 2131

2019-11-21 09:51:04 - [MESSAGE][PASSED] - Current device physical width is 1080

2019-11-21 09:51:04 - [MESSAGE][INFO] - Device Width : 1080

2019-11-21 09:51:04 - [MESSAGE][INFO] - Swipe start at Height : 1704

2019-11-21 09:51:04 - [MESSAGE][INFO] - Swipe end at Height : 852

2019-11-21 09:51:04 - [MESSAGE][INFO] - X Position : 1000

2019-11-21 09:51:06 - [MESSAGE][PASSED] - Swiped from 1,000,1,704 to 1,000,852

2019-11-21 09:51:06 - [MESSAGE][PASSED] - mobile.mobileSwipe.UpDown is PASSED

2019-11-21 09:51:06 - [TEST_STEP][PASSED] - delay(7, STOP_ON_FAILURE): Delayed 7 second(s)

2019-11-21 09:51:13 - [MESSAGE][PASSED] - Delayed 7 second(s)

2019-11-21 09:51:13 - [TEST_STEP][PASSED] - tap(findTestObject("Simulasi Kredit/Simulasi Kredit - Loan Detail/LoanDetail_Hitung"), 0): Tapped on element 'Object Repository/Simulasi Kredit/Simulasi Kredit - Loan Detail/LoanDetail_Hitung'

2019-11-21 09:51:13 - [MESSAGE][WARNING] - Timeout '0' is invalid. Using default page load timeout: '30'

2019-11-21 09:51:16 - [MESSAGE][PASSED] - Tapped on element 'Object Repository/Simulasi Kredit/Simulasi Kredit - Loan Detail/LoanDetail_Hitung'

2019-11-21 09:51:16 - [TEST_STEP][PASSED] - delay(30, STOP_ON_FAILURE): Delayed 30 second(s)

2019-11-21 09:51:46 - [MESSAGE][PASSED] - Delayed 30 second(s)

2019-11-21 09:51:46 - [TEST_STEP][PASSED] - tap(findTestObject("Simulasi Kredit/Simulasi Kredit - Loan Detail/LoanDetail_Berikutnya"), 0): Tapped on element 'Object Repository/Simulasi Kredit/Simulasi Kredit - Loan Detail/LoanDetail_Berikutnya'

2019-11-21 09:51:46 - [MESSAGE][WARNING] - Timeout '0' is invalid. Using default page load timeout: '30'

2019-11-21 09:51:48 - [MESSAGE][PASSED] - Tapped on element 'Object Repository/Simulasi Kredit/Simulasi Kredit - Loan Detail/LoanDetail_Berikutnya'

2019-11-21 09:51:48 - [TEST_STEP][PASSED] - delay(30, STOP_ON_FAILURE): Delayed 30 second(s)

2019-11-21 09:52:18 - [MESSAGE][PASSED] - Delayed 30 second(s)

2019-11-21 09:52:18 - [TEST_STEP][PASSED] - tap(findTestObject("Simulasi Kredit/Simulasi Kredit - Loan Detail/LoanDetail_Berikutnya"), 0): Tapped on element 'Object Repository/Simulasi Kredit/Simulasi Kredit - Loan Detail/LoanDetail_Berikutnya'

2019-11-21 09:52:19 - [MESSAGE][WARNING] - Timeout '0' is invalid. Using default page load timeout: '30'

2019-11-21 09:52:20 - [MESSAGE][PASSED] - Tapped on element 'Object Repository/Simulasi Kredit/Simulasi Kredit - Loan Detail/LoanDetail_Berikutnya'

2019-11-21 09:52:20 - [TEST_STEP][PASSED] - delay(30, STOP_ON_FAILURE): Delayed 30 second(s)

2019-11-21 09:52:50 - [MESSAGE][PASSED] - Delayed 30 second(s)

2019-11-21 09:52:50 - [MESSAGE][PASSED] - Call Test Case 'Test Cases/Data Entry/Simulasi Kredit/Loan Detail/MASTER FLOW/TC_Loan Detail - MASTER FLOW' successfully

2019-11-21 09:52:50 - [TEST_STEP][PASSED] - callTestCase(findTestCase("Data Entry/Upload Document/Borrower/MASTER FLOW/TC_Upload Document - borrower - MASTER FLOW"), ["Borrower_varKTP":Borrower_varKTP], STOP_ON_FAILURE): Call Test Case 'Test Cases/Data Entry/Upload Document/Borrower/MASTER FLOW/TC_Upload Document - borrower - MASTER FLOW' successfully

2019-11-21 09:52:51 - [TEST_CASE][PASSED] - Test Cases/Data Entry/Upload Document/Borrower/MASTER FLOW/TC_Upload Document - borrower - MASTER FLOW: Test Cases/Data Entry/Upload Document/Borrower/MASTER FLOW/TC_Upload Document - borrower - MASTER FLOW

2019-11-21 09:52:51 - [TEST_STEP][PASSED] - tap(findTestObject("Upload Document/Upload Document - Item Upload/UnggahDokumen_BtnKTP"), 0): Tapped on element 'Object Repository/Upload Document/Upload Document - Item Upload/UnggahDokumen_BtnKTP'

2019-11-21 09:52:51 - [MESSAGE][WARNING] - Timeout '0' is invalid. Using default page load timeout: '30'

2019-11-21 09:52:54 - [MESSAGE][PASSED] - Tapped on element 'Object Repository/Upload Document/Upload Document - Item Upload/UnggahDokumen_BtnKTP'

2019-11-21 09:52:54 - [TEST_STEP][PASSED] - if (verifyElementVisible(findTestObject("Upload Document/Upload Document - Item Upload/UnggahDokumen_BtnGallery"), 3, OPTIONAL)): Element 'Object Repository/Upload Document/Upload Document - Item Upload/UnggahDokumen_BtnGallery' not found

2019-11-21 09:52:59 - [MESSAGE][WARNING] - Element 'Object Repository/Upload Document/Upload Document - Item Upload/UnggahDokumen_BtnGallery' not found
[[ATTACHMENT|C:\\Users\\15420\\git\\ACCME-Dupcheck\\Reports\\20191121_094613\\data entry dupcek\\20191121_094613\\1574304777694.png]]

2019-11-21 09:52:59 - [TEST_STEP][PASSED] - else: Tapped on element 'Object Repository/Upload Document/android.view.View168 -  Gallery'

2019-11-21 09:52:59 - [TEST_STEP][PASSED] - tap(findTestObject("Upload Document/android.view.View168 -  Gallery"), 0): Tapped on element 'Object Repository/Upload Document/android.view.View168 -  Gallery'

2019-11-21 09:52:59 - [MESSAGE][WARNING] - Timeout '0' is invalid. Using default page load timeout: '30'

2019-11-21 09:53:02 - [MESSAGE][PASSED] - Tapped on element 'Object Repository/Upload Document/android.view.View168 -  Gallery'

2019-11-21 09:53:02 - [TEST_STEP][PASSED] - scrollToText(Borrower_varKTP, STOP_ON_FAILURE): Scrolling to text 'abc.jpg' successfully

2019-11-21 09:53:04 - [MESSAGE][PASSED] - Scrolling to text 'abc.jpg' successfully

2019-11-21 09:53:04 - [TEST_STEP][PASSED] - tap(findTestObject("dynamic object/pickListItem_TextView", ["text":Borrower_varKTP]), 0): Tapped on element 'Object Repository/dynamic object/pickListItem_TextView'

2019-11-21 09:53:04 - [MESSAGE][WARNING] - Timeout '0' is invalid. Using default page load timeout: '30'

2019-11-21 09:53:06 - [MESSAGE][PASSED] - Tapped on element 'Object Repository/dynamic object/pickListItem_TextView'

2019-11-21 09:53:06 - [TEST_STEP][PASSED] - delay(10, STOP_ON_FAILURE): Delayed 10 second(s)

2019-11-21 09:53:16 - [MESSAGE][PASSED] - Delayed 10 second(s)

2019-11-21 09:53:16 - [MESSAGE][PASSED] - Call Test Case 'Test Cases/Data Entry/Upload Document/Borrower/MASTER FLOW/TC_Upload Document - borrower - MASTER FLOW' successfully

2019-11-21 09:53:16 - [TEST_STEP][PASSED] - tap(findTestObject("dynamic object/BtnBerikutnya"), 0): Tapped on element 'Object Repository/dynamic object/BtnBerikutnya'

2019-11-21 09:53:16 - [MESSAGE][WARNING] - Timeout '0' is invalid. Using default page load timeout: '30'

2019-11-21 09:53:19 - [MESSAGE][PASSED] - Tapped on element 'Object Repository/dynamic object/BtnBerikutnya'

2019-11-21 09:53:19 - [TEST_STEP][PASSED] - delay(30, STOP_ON_FAILURE): Delayed 30 second(s)

2019-11-21 09:53:49 - [MESSAGE][PASSED] - Delayed 30 second(s)

2019-11-21 09:53:49 - [TEST_STEP][FAILED] - callTestCase(findTestCase("Data Entry/Borrower/Flow Borrower"), ["BIvarNoKTP":BIvarNoKTP, "BIvarAgama":BIvarAgama, "BIvarStatusPerkawinan":BIvarStatusPerkawinan, "BEvarRT":BEvarRT, "BEvarRW":BEvarRW, ... ], STOP_ON_FAILURE): Unable to call Test Case 'Test Cases/Data Entry/Borrower/Flow Borrower' (Root cause: com.kms.katalon.core.exception.StepFailedException: Call Test Case 'Test Cases/Data Entry/Borrower/Flow Borrower' failed
	at com.kms.katalon.core.keyword.builtin.CallTestCaseKeyword$_callTestCase_closure1.doCall(CallTestCaseKeyword.groovy:63)
	at com.kms.katalon.core.keyword.builtin.CallTestCaseKeyword$_callTestCase_closure1.call(CallTestCaseKeyword.groovy)
	at com.kms.katalon.core.keyword.internal.KeywordMain.runKeyword(KeywordMain.groovy:68)
	at com.kms.katalon.core.keyword.builtin.CallTestCaseKeyword.callTestCase(CallTestCaseKeyword.groovy:81)
	at com.kms.katalon.core.keyword.builtin.CallTestCaseKeyword.execute(CallTestCaseKeyword.groovy:44)
	at com.kms.katalon.core.keyword.internal.KeywordExecutor.executeKeywordForPlatform(KeywordExecutor.groovy:60)
	at com.kms.katalon.core.keyword.BuiltinKeywords.callTestCase(BuiltinKeywords.groovy:334)
	at TC_Data Entry.run(TC_Data Entry:42)
	at com.kms.katalon.core.main.ScriptEngine.run(ScriptEngine.java:194)
	at com.kms.katalon.core.main.ScriptEngine.runScriptAsRawText(ScriptEngine.java:119)
	at com.kms.katalon.core.main.TestCaseExecutor.runScript(TestCaseExecutor.java:337)
	at com.kms.katalon.core.main.TestCaseExecutor.doExecute(TestCaseExecutor.java:328)
	at com.kms.katalon.core.main.TestCaseExecutor.processExecutionPhase(TestCaseExecutor.java:307)
	at com.kms.katalon.core.main.TestCaseExecutor.accessMainPhase(TestCaseExecutor.java:299)
	at com.kms.katalon.core.main.TestCaseExecutor.execute(TestCaseExecutor.java:233)
	at com.kms.katalon.core.main.TestSuiteExecutor.accessTestCaseMainPhase(TestSuiteExecutor.java:169)
	at com.kms.katalon.core.main.TestSuiteExecutor.accessTestSuiteMainPhase(TestSuiteExecutor.java:142)
	at com.kms.katalon.core.main.TestSuiteExecutor.execute(TestSuiteExecutor.java:91)
	at com.kms.katalon.core.main.TestCaseMain.startTestSuite(TestCaseMain.java:157)
	at com.kms.katalon.core.main.TestCaseMain$startTestSuite$0.call(Unknown Source)
	at TempTestSuite1574304373849.run(TempTestSuite1574304373849.groovy:36)
Caused by: com.kms.katalon.core.exception.StepFailedException: Call Test Case 'Test Cases/Data Entry/Borrower/Borrower - Pekerjaan/MASTER FLOW/TC_Borrower - Pekerjaan - MASTER FLOW' failed
	at com.kms.katalon.core.keyword.builtin.CallTestCaseKeyword$_callTestCase_closure1.doCall(CallTestCaseKeyword.groovy:63)
	at com.kms.katalon.core.keyword.builtin.CallTestCaseKeyword$_callTestCase_closure1.call(CallTestCaseKeyword.groovy)
	at com.kms.katalon.core.keyword.internal.KeywordMain.runKeyword(KeywordMain.groovy:68)
	at com.kms.katalon.core.keyword.builtin.CallTestCaseKeyword.callTestCase(CallTestCaseKeyword.groovy:81)
	at com.kms.katalon.core.keyword.builtin.CallTestCaseKeyword.execute(CallTestCaseKeyword.groovy:44)
	at com.kms.katalon.core.keyword.internal.KeywordExecutor.executeKeywordForPlatform(KeywordExecutor.groovy:60)
	at com.kms.katalon.core.keyword.BuiltinKeywords.callTestCase(BuiltinKeywords.groovy:334)
	at Flow Borrower.run(Flow Borrower:42)
	at com.kms.katalon.core.main.ScriptEngine.run(ScriptEngine.java:194)
	at com.kms.katalon.core.main.ScriptEngine.runScriptAsRawText(ScriptEngine.java:119)
	at com.kms.katalon.core.main.TestCaseExecutor.runScript(TestCaseExecutor.java:337)
	at com.kms.katalon.core.main.TestCaseExecutor.doExecute(TestCaseExecutor.java:328)
	at com.kms.katalon.core.main.TestCaseExecutor.processExecutionPhase(TestCaseExecutor.java:307)
	at com.kms.katalon.core.main.TestCaseExecutor.accessMainPhase(TestCaseExecutor.java:299)
	at com.kms.katalon.core.main.TestCaseExecutor.execute(TestCaseExecutor.java:233)
	at com.kms.katalon.core.main.TestCaseMain.runTestCase(TestCaseMain.java:114)
	at com.kms.katalon.core.keyword.builtin.CallTestCaseKeyword$_callTestCase_closure1.doCall(CallTestCaseKeyword.groovy:59)
	... 20 more
Caused by: com.kms.katalon.core.exception.StepFailedException: Object Object Repository/Borrower/Borrower - Pekerjaan/Borrower_Pekerjaan_InpPekerjaan not found
	at com.kms.katalon.core.keyword.internal.KeywordMain.stepFailed(KeywordMain.groovy:50)
	at com.kms.katalon.core.mobile.keyword.internal.MobileKeywordMain.stepFailed(MobileKeywordMain.groovy:40)
	at com.kms.katalon.core.mobile.keyword.builtin.GetTextKeyword$_getText_closure1.doCall(GetTextKeyword.groovy:74)
	at com.kms.katalon.core.mobile.keyword.builtin.GetTextKeyword$_getText_closure1.call(GetTextKeyword.groovy)
	at com.kms.katalon.core.mobile.keyword.internal.MobileKeywordMain.runKeyword(MobileKeywordMain.groovy:21)
	at com.kms.katalon.core.mobile.keyword.builtin.GetTextKeyword.getText(GetTextKeyword.groovy:80)
	at com.kms.katalon.core.mobile.keyword.builtin.GetTextKeyword.execute(GetTextKeyword.groovy:64)
	at com.kms.katalon.core.keyword.internal.KeywordExecutor.executeKeywordForPlatform(KeywordExecutor.groovy:60)
	at com.kms.katalon.core.mobile.keyword.MobileBuiltInKeywords.getText(MobileBuiltInKeywords.groovy:458)
	at com.kms.katalon.core.mobile.keyword.MobileBuiltInKeywords$getText$13.call(Unknown Source)
	at TC_Borrower - Pekerjaan - MASTER FLOW.run(TC_Borrower - Pekerjaan - MASTER FLOW:16)
	at com.kms.katalon.core.main.ScriptEngine.run(ScriptEngine.java:194)
	at com.kms.katalon.core.main.ScriptEngine.runScriptAsRawText(ScriptEngine.java:119)
	at com.kms.katalon.core.main.TestCaseExecutor.runScript(TestCaseExecutor.java:337)
	at com.kms.katalon.core.main.TestCaseExecutor.doExecute(TestCaseExecutor.java:328)
	at com.kms.katalon.core.main.TestCaseExecutor.processExecutionPhase(TestCaseExecutor.java:307)
	at com.kms.katalon.core.main.TestCaseExecutor.accessMainPhase(TestCaseExecutor.java:299)
	at com.kms.katalon.core.main.TestCaseExecutor.execute(TestCaseExecutor.java:233)
	at com.kms.katalon.core.main.TestCaseMain.runTestCase(TestCaseMain.java:114)
	at com.kms.katalon.core.keyword.builtin.CallTestCaseKeyword$_callTestCase_closure1.doCall(CallTestCaseKeyword.groovy:59)
	... 36 more
)

2019-11-21 09:53:49 - [TEST_CASE][FAILED] - Test Cases/Data Entry/Borrower/Flow Borrower: Test Cases/Data Entry/Borrower/Flow Borrower FAILED.
Reason:
com.kms.katalon.core.exception.StepFailedException: Call Test Case 'Test Cases/Data Entry/Borrower/Borrower - Pekerjaan/MASTER FLOW/TC_Borrower - Pekerjaan - MASTER FLOW' failed
	at com.kms.katalon.core.keyword.builtin.CallTestCaseKeyword$_callTestCase_closure1.doCall(CallTestCaseKeyword.groovy:63)
	at com.kms.katalon.core.keyword.builtin.CallTestCaseKeyword$_callTestCase_closure1.call(CallTestCaseKeyword.groovy)
	at com.kms.katalon.core.keyword.internal.KeywordMain.runKeyword(KeywordMain.groovy:68)
	at com.kms.katalon.core.keyword.builtin.CallTestCaseKeyword.callTestCase(CallTestCaseKeyword.groovy:81)
	at com.kms.katalon.core.keyword.builtin.CallTestCaseKeyword.execute(CallTestCaseKeyword.groovy:44)
	at com.kms.katalon.core.keyword.internal.KeywordExecutor.executeKeywordForPlatform(KeywordExecutor.groovy:60)
	at com.kms.katalon.core.keyword.BuiltinKeywords.callTestCase(BuiltinKeywords.groovy:334)
	at Flow Borrower.run(Flow Borrower:42)
	at com.kms.katalon.core.main.ScriptEngine.run(ScriptEngine.java:194)
	at com.kms.katalon.core.main.ScriptEngine.runScriptAsRawText(ScriptEngine.java:119)
	at com.kms.katalon.core.main.TestCaseExecutor.runScript(TestCaseExecutor.java:337)
	at com.kms.katalon.core.main.TestCaseExecutor.doExecute(TestCaseExecutor.java:328)
	at com.kms.katalon.core.main.TestCaseExecutor.processExecutionPhase(TestCaseExecutor.java:307)
	at com.kms.katalon.core.main.TestCaseExecutor.accessMainPhase(TestCaseExecutor.java:299)
	at com.kms.katalon.core.main.TestCaseExecutor.execute(TestCaseExecutor.java:233)
	at com.kms.katalon.core.main.TestCaseMain.runTestCase(TestCaseMain.java:114)
	at com.kms.katalon.core.keyword.builtin.CallTestCaseKeyword$_callTestCase_closure1.doCall(CallTestCaseKeyword.groovy:59)
	at com.kms.katalon.core.keyword.builtin.CallTestCaseKeyword$_callTestCase_closure1.call(CallTestCaseKeyword.groovy)
	at com.kms.katalon.core.keyword.internal.KeywordMain.runKeyword(KeywordMain.groovy:68)
	at com.kms.katalon.core.keyword.builtin.CallTestCaseKeyword.callTestCase(CallTestCaseKeyword.groovy:81)
	at com.kms.katalon.core.keyword.builtin.CallTestCaseKeyword.execute(CallTestCaseKeyword.groovy:44)
	at com.kms.katalon.core.keyword.internal.KeywordExecutor.executeKeywordForPlatform(KeywordExecutor.groovy:60)
	at com.kms.katalon.core.keyword.BuiltinKeywords.callTestCase(BuiltinKeywords.groovy:334)
	at TC_Data Entry.run(TC_Data Entry:42)
	at com.kms.katalon.core.main.ScriptEngine.run(ScriptEngine.java:194)
	at com.kms.katalon.core.main.ScriptEngine.runScriptAsRawText(ScriptEngine.java:119)
	at com.kms.katalon.core.main.TestCaseExecutor.runScript(TestCaseExecutor.java:337)
	at com.kms.katalon.core.main.TestCaseExecutor.doExecute(TestCaseExecutor.java:328)
	at com.kms.katalon.core.main.TestCaseExecutor.processExecutionPhase(TestCaseExecutor.java:307)
	at com.kms.katalon.core.main.TestCaseExecutor.accessMainPhase(TestCaseExecutor.java:299)
	at com.kms.katalon.core.main.TestCaseExecutor.execute(TestCaseExecutor.java:233)
	at com.kms.katalon.core.main.TestSuiteExecutor.accessTestCaseMainPhase(TestSuiteExecutor.java:169)
	at com.kms.katalon.core.main.TestSuiteExecutor.accessTestSuiteMainPhase(TestSuiteExecutor.java:142)
	at com.kms.katalon.core.main.TestSuiteExecutor.execute(TestSuiteExecutor.java:91)
	at com.kms.katalon.core.main.TestCaseMain.startTestSuite(TestCaseMain.java:157)
	at com.kms.katalon.core.main.TestCaseMain$startTestSuite$0.call(Unknown Source)
	at TempTestSuite1574304373849.run(TempTestSuite1574304373849.groovy:36)
Caused by: com.kms.katalon.core.exception.StepFailedException: Object Object Repository/Borrower/Borrower - Pekerjaan/Borrower_Pekerjaan_InpPekerjaan not found
	at com.kms.katalon.core.keyword.internal.KeywordMain.stepFailed(KeywordMain.groovy:50)
	at com.kms.katalon.core.mobile.keyword.internal.MobileKeywordMain.stepFailed(MobileKeywordMain.groovy:40)
	at com.kms.katalon.core.mobile.keyword.builtin.GetTextKeyword$_getText_closure1.doCall(GetTextKeyword.groovy:74)
	at com.kms.katalon.core.mobile.keyword.builtin.GetTextKeyword$_getText_closure1.call(GetTextKeyword.groovy)
	at com.kms.katalon.core.mobile.keyword.internal.MobileKeywordMain.runKeyword(MobileKeywordMain.groovy:21)
	at com.kms.katalon.core.mobile.keyword.builtin.GetTextKeyword.getText(GetTextKeyword.groovy:80)
	at com.kms.katalon.core.mobile.keyword.builtin.GetTextKeyword.execute(GetTextKeyword.groovy:64)
	at com.kms.katalon.core.keyword.internal.KeywordExecutor.executeKeywordForPlatform(KeywordExecutor.groovy:60)
	at com.kms.katalon.core.mobile.keyword.MobileBuiltInKeywords.getText(MobileBuiltInKeywords.groovy:458)
	at com.kms.katalon.core.mobile.keyword.MobileBuiltInKeywords$getText$13.call(Unknown Source)
	at TC_Borrower - Pekerjaan - MASTER FLOW.run(TC_Borrower - Pekerjaan - MASTER FLOW:16)
	at com.kms.katalon.core.main.ScriptEngine.run(ScriptEngine.java:194)
	at com.kms.katalon.core.main.ScriptEngine.runScriptAsRawText(ScriptEngine.java:119)
	at com.kms.katalon.core.main.TestCaseExecutor.runScript(TestCaseExecutor.java:337)
	at com.kms.katalon.core.main.TestCaseExecutor.doExecute(TestCaseExecutor.java:328)
	at com.kms.katalon.core.main.TestCaseExecutor.processExecutionPhase(TestCaseExecutor.java:307)
	at com.kms.katalon.core.main.TestCaseExecutor.accessMainPhase(TestCaseExecutor.java:299)
	at com.kms.katalon.core.main.TestCaseExecutor.execute(TestCaseExecutor.java:233)
	at com.kms.katalon.core.main.TestCaseMain.runTestCase(TestCaseMain.java:114)
	at com.kms.katalon.core.keyword.builtin.CallTestCaseKeyword$_callTestCase_closure1.doCall(CallTestCaseKeyword.groovy:59)
	... 36 more


2019-11-21 09:53:52 - [TEST_STEP][PASSED] - callTestCase(findTestCase("Data Entry/Borrower/Borrower - Identitas/MASTER FLOW/TC_Borrower - Identitas - MASTER FLOW"), ["BIvarNoKTP":BIvarNoKTP, "BIvarAgama":BIvarAgama, "BIvarStatusPerkawinan":BIvarStatusPerkawinan, "BIvarTempatLahir":BIvarTempatLahir, ... ], STOP_ON_FAILURE): Call Test Case 'Test Cases/Data Entry/Borrower/Borrower - Identitas/MASTER FLOW/TC_Borrower - Identitas - MASTER FLOW' successfully

2019-11-21 09:53:52 - [TEST_CASE][PASSED] - Test Cases/Data Entry/Borrower/Borrower - Identitas/MASTER FLOW/TC_Borrower - Identitas - MASTER FLOW: Test Cases/Data Entry/Borrower/Borrower - Identitas/MASTER FLOW/TC_Borrower - Identitas - MASTER FLOW

2019-11-21 09:53:53 - [TEST_STEP][PASSED] - setText(findTestObject("Borrower/Borrower - Identitas/Borrower_InpNoKTP"), BIvarNoKTP, 0): Text '3275122506780009' has been set to element 'Object Repository/Borrower/Borrower - Identitas/Borrower_InpNoKTP'

2019-11-21 09:53:53 - [MESSAGE][WARNING] - Timeout '0' is invalid. Using default page load timeout: '30'

2019-11-21 09:53:56 - [MESSAGE][PASSED] - Text '3275122506780009' has been set to element 'Object Repository/Borrower/Borrower - Identitas/Borrower_InpNoKTP'

2019-11-21 09:53:56 - [TEST_STEP][PASSED] - tap(findTestObject("Borrower/Borrower - Identitas/Borrower_BtnMasaBerlaku-SeumurHidup"), 0): Tapped on element 'Object Repository/Borrower/Borrower - Identitas/Borrower_BtnMasaBerlaku-SeumurHidup'

2019-11-21 09:53:56 - [MESSAGE][WARNING] - Timeout '0' is invalid. Using default page load timeout: '30'

2019-11-21 09:54:00 - [MESSAGE][PASSED] - Tapped on element 'Object Repository/Borrower/Borrower - Identitas/Borrower_BtnMasaBerlaku-SeumurHidup'

2019-11-21 09:54:00 - [TEST_STEP][PASSED] - setText(findTestObject("Borrower/Borrower - Identitas/Borrower_InpNamaSesuaiIdentitas"), BIvarNama, 0): Text 'TEGUH SUPRIYONO' has been set to element 'Object Repository/Borrower/Borrower - Identitas/Borrower_InpNamaSesuaiIdentitas'

2019-11-21 09:54:00 - [MESSAGE][WARNING] - Timeout '0' is invalid. Using default page load timeout: '30'

2019-11-21 09:54:02 - [MESSAGE][PASSED] - Text 'TEGUH SUPRIYONO' has been set to element 'Object Repository/Borrower/Borrower - Identitas/Borrower_InpNamaSesuaiIdentitas'

2019-11-21 09:54:02 - [TEST_STEP][PASSED] - if (BIvarJenkel == "LK"): Tapped on element 'Object Repository/Borrower/Borrower - Identitas/Borrower_BtnJenisKelamin-LakiLaki'

2019-11-21 09:54:02 - [TEST_STEP][PASSED] - tap(findTestObject("Borrower/Borrower - Identitas/Borrower_BtnJenisKelamin-LakiLaki"), 0): Tapped on element 'Object Repository/Borrower/Borrower - Identitas/Borrower_BtnJenisKelamin-LakiLaki'

2019-11-21 09:54:03 - [MESSAGE][WARNING] - Timeout '0' is invalid. Using default page load timeout: '30'

2019-11-21 09:54:06 - [MESSAGE][PASSED] - Tapped on element 'Object Repository/Borrower/Borrower - Identitas/Borrower_BtnJenisKelamin-LakiLaki'

2019-11-21 09:54:06 - [TEST_STEP][PASSED] - setText(findTestObject("Borrower/Borrower - Identitas/Borrower_InpTempatLahir"), BIvarTempatLahir, 0): Text 'DEMAK' has been set to element 'Object Repository/Borrower/Borrower - Identitas/Borrower_InpTempatLahir'

2019-11-21 09:54:06 - [MESSAGE][WARNING] - Timeout '0' is invalid. Using default page load timeout: '30'

2019-11-21 09:54:08 - [MESSAGE][PASSED] - Text 'DEMAK' has been set to element 'Object Repository/Borrower/Borrower - Identitas/Borrower_InpTempatLahir'

2019-11-21 09:54:08 - [TEST_STEP][PASSED] - tap(findTestObject("Borrower/Borrower - Identitas/Borrower_InpTempatLahir"), 0, STOP_ON_FAILURE): Tapped on element 'Object Repository/Borrower/Borrower - Identitas/Borrower_InpTempatLahir'

2019-11-21 09:54:09 - [MESSAGE][WARNING] - Timeout '0' is invalid. Using default page load timeout: '30'

2019-11-21 09:54:12 - [MESSAGE][PASSED] - Tapped on element 'Object Repository/Borrower/Borrower - Identitas/Borrower_InpTempatLahir'

2019-11-21 09:54:12 - [TEST_STEP][PASSED] - mobile.picklist.List(findTestObject("Borrower/Borrower - Identitas/Borrower_TxtTempatLahir"), STOP_ON_FAILURE): mobile.picklist.List is PASSED

2019-11-21 09:54:12 - [MESSAGE][WARNING] - Timeout '0' is invalid. Using default page load timeout: '30'

2019-11-21 09:54:14 - [MESSAGE][PASSED] - Object 'Object Repository/Borrower/Borrower - Identitas/Borrower_TxtTempatLahir' has top position '1,805'

2019-11-21 09:54:14 - [MESSAGE][WARNING] - Timeout '0' is invalid. Using default page load timeout: '30'

2019-11-21 09:54:15 - [MESSAGE][PASSED] - Object 'Object Repository/Borrower/Borrower - Identitas/Borrower_TxtTempatLahir' has left position '76'

2019-11-21 09:54:15 - [MESSAGE][PASSED] - Tapped at [76, 1,920]

2019-11-21 09:54:15 - [MESSAGE][PASSED] - mobile.picklist.List is PASSED

2019-11-21 09:54:15 - [TEST_STEP][PASSED] - mobile.mobileSwipe.UpDown(0.8, 0.2, 1000): mobile.mobileSwipe.UpDown is PASSED

2019-11-21 09:54:16 - [MESSAGE][PASSED] - Current device physical height is 2131

2019-11-21 09:54:16 - [MESSAGE][INFO] - Device Height : 2131

2019-11-21 09:54:17 - [MESSAGE][PASSED] - Current device physical width is 1080

2019-11-21 09:54:17 - [MESSAGE][INFO] - Device Width : 1080

2019-11-21 09:54:17 - [MESSAGE][INFO] - Swipe start at Height : 1704

2019-11-21 09:54:17 - [MESSAGE][INFO] - Swipe end at Height : 426

2019-11-21 09:54:17 - [MESSAGE][INFO] - X Position : 1000

2019-11-21 09:54:19 - [MESSAGE][PASSED] - Swiped from 1,000,1,704 to 1,000,426

2019-11-21 09:54:19 - [MESSAGE][PASSED] - mobile.mobileSwipe.UpDown is PASSED

2019-11-21 09:54:19 - [TEST_STEP][PASSED] - delay(2, STOP_ON_FAILURE): Delayed 2 second(s)

2019-11-21 09:54:21 - [MESSAGE][PASSED] - Delayed 2 second(s)

2019-11-21 09:54:21 - [TEST_STEP][PASSED] - tap(findTestObject("Borrower/Borrower - Identitas/Borrower_TxtTanggalLahir"), 0): Tapped on element 'Object Repository/Borrower/Borrower - Identitas/Borrower_TxtTanggalLahir'

2019-11-21 09:54:22 - [MESSAGE][WARNING] - Timeout '0' is invalid. Using default page load timeout: '30'

2019-11-21 09:54:24 - [MESSAGE][PASSED] - Tapped on element 'Object Repository/Borrower/Borrower - Identitas/Borrower_TxtTanggalLahir'

2019-11-21 09:54:24 - [TEST_STEP][PASSED] - delay(2, STOP_ON_FAILURE): Delayed 2 second(s)

2019-11-21 09:54:26 - [MESSAGE][PASSED] - Delayed 2 second(s)

2019-11-21 09:54:26 - [TEST_STEP][PASSED] - callTestCase(findTestCase("dynamic test case/calendar"), ["varTahun":BIvarTahun], STOP_ON_FAILURE): Call Test Case 'Test Cases/dynamic test case/calendar' successfully

2019-11-21 09:54:26 - [TEST_CASE][PASSED] - Test Cases/dynamic test case/calendar: Test Cases/dynamic test case/calendar

2019-11-21 09:54:27 - [TEST_STEP][PASSED] - tap(findTestObject("dynamic object/Calendar_TxtTahun"), 0): Tapped on element 'Object Repository/dynamic object/Calendar_TxtTahun'

2019-11-21 09:54:27 - [MESSAGE][WARNING] - Timeout '0' is invalid. Using default page load timeout: '30'

2019-11-21 09:54:29 - [MESSAGE][PASSED] - Tapped on element 'Object Repository/dynamic object/Calendar_TxtTahun'

2019-11-21 09:54:29 - [TEST_STEP][PASSED] - driver = getDriver(): null

2019-11-21 09:54:29 - [TEST_STEP][PASSED] - xpath = "": null

2019-11-21 09:54:29 - [TEST_STEP][PASSED] - xpath = XPathBuilder.createXPath("TextView"): null

2019-11-21 09:54:29 - [TEST_STEP][PASSED] - listElements = driver.findElementsByXPath(xpath): null

2019-11-21 09:54:29 - [TEST_STEP][PASSED] - if (size() - 1].getText() < varTahun): null

2019-11-21 09:54:29 - [TEST_STEP][PASSED] - else: null

2019-11-21 09:54:29 - [TEST_STEP][PASSED] - varScrollUpDown = "UpToDown": null

2019-11-21 09:54:29 - [TEST_STEP][PASSED] - switch (varScrollUpDown.toString()): null

2019-11-21 09:54:29 - [TEST_STEP][PASSED] - case "UpToDown":: null

2019-11-21 09:54:29 - [TEST_STEP][PASSED] - mobile.swiping.scrollListToElementWithTextUpToDown(varTahun): mobile.swiping.scrollListToElementWithTextUpToDown is PASSED

2019-11-21 09:55:07 - [MESSAGE][PASSED] - mobile.swiping.scrollListToElementWithTextUpToDown is PASSED

2019-11-21 09:55:07 - [TEST_STEP][PASSED] - break: null

2019-11-21 09:55:07 - [TEST_STEP][PASSED] - tap(findTestObject("dynamic object/pickListItem_TextView", ["text":varTahun]), 0): Tapped on element 'Object Repository/dynamic object/pickListItem_TextView'

2019-11-21 09:55:08 - [MESSAGE][WARNING] - Timeout '0' is invalid. Using default page load timeout: '30'

2019-11-21 09:55:09 - [MESSAGE][PASSED] - Tapped on element 'Object Repository/dynamic object/pickListItem_TextView'

2019-11-21 09:55:09 - [TEST_STEP][PASSED] - tap(findTestObject("Borrower/Borrower - Identitas/Click_Tanggal"), 0): Tapped on element 'Object Repository/Borrower/Borrower - Identitas/Click_Tanggal'

2019-11-21 09:55:09 - [MESSAGE][WARNING] - Timeout '0' is invalid. Using default page load timeout: '30'

2019-11-21 09:55:11 - [MESSAGE][PASSED] - Tapped on element 'Object Repository/Borrower/Borrower - Identitas/Click_Tanggal'

2019-11-21 09:55:11 - [TEST_STEP][PASSED] - tap(findTestObject("dynamic object/Calendar_TxtSetel"), 0): Tapped on element 'Object Repository/dynamic object/Calendar_TxtSetel'

2019-11-21 09:55:11 - [MESSAGE][WARNING] - Timeout '0' is invalid. Using default page load timeout: '30'

2019-11-21 09:55:13 - [MESSAGE][PASSED] - Tapped on element 'Object Repository/dynamic object/Calendar_TxtSetel'

2019-11-21 09:55:13 - [MESSAGE][PASSED] - Call Test Case 'Test Cases/dynamic test case/calendar' successfully

2019-11-21 09:55:13 - [TEST_STEP][NOT_RUN] - delay(10, STOP_ON_FAILURE): NOT_RUN: delay(10, STOP_ON_FAILURE)

2019-11-21 09:55:13 - [MESSAGE][NOT_RUN] - NOT_RUN: delay(10, STOP_ON_FAILURE)

2019-11-21 09:55:13 - [TEST_STEP][PASSED] - tap(findTestObject("Borrower/Borrower - Identitas/Borrower_BtnCekDataPelanggan"), 0): Tapped on element 'Object Repository/Borrower/Borrower - Identitas/Borrower_BtnCekDataPelanggan'

2019-11-21 09:55:13 - [MESSAGE][WARNING] - Timeout '0' is invalid. Using default page load timeout: '30'

2019-11-21 09:55:15 - [MESSAGE][PASSED] - Tapped on element 'Object Repository/Borrower/Borrower - Identitas/Borrower_BtnCekDataPelanggan'

2019-11-21 09:55:15 - [TEST_STEP][PASSED] - waitForElementPresent(findTestObject("Borrower/Borrower - Identitas/Borrower_BtnConfirm"), 120): Element 'Object Repository/Borrower/Borrower - Identitas/Borrower_BtnConfirm' is present

2019-11-21 09:55:22 - [MESSAGE][PASSED] - Element 'Object Repository/Borrower/Borrower - Identitas/Borrower_BtnConfirm' is present

2019-11-21 09:55:22 - [TEST_STEP][PASSED] - tap(findTestObject("Borrower/Borrower - Identitas/Borrower_BtnCheckBox"), 60): Tapped on element 'Object Repository/Borrower/Borrower - Identitas/Borrower_BtnCheckBox'

2019-11-21 09:55:24 - [MESSAGE][PASSED] - Tapped on element 'Object Repository/Borrower/Borrower - Identitas/Borrower_BtnCheckBox'

2019-11-21 09:55:24 - [TEST_STEP][PASSED] - tap(findTestObject("Borrower/Borrower - Identitas/Borrower_BtnConfirm"), 0): Tapped on element 'Object Repository/Borrower/Borrower - Identitas/Borrower_BtnConfirm'

2019-11-21 09:55:24 - [MESSAGE][WARNING] - Timeout '0' is invalid. Using default page load timeout: '30'

2019-11-21 09:55:26 - [MESSAGE][PASSED] - Tapped on element 'Object Repository/Borrower/Borrower - Identitas/Borrower_BtnConfirm'

2019-11-21 09:55:26 - [TEST_STEP][PASSED] - delay(20, STOP_ON_FAILURE): Delayed 20 second(s)

2019-11-21 09:55:46 - [MESSAGE][PASSED] - Delayed 20 second(s)

2019-11-21 09:55:46 - [TEST_STEP][PASSED] - mobile.mobileSwipe.UpDown(0.8, 0.2, 1000): mobile.mobileSwipe.UpDown is PASSED

2019-11-21 09:55:47 - [MESSAGE][PASSED] - Current device physical height is 2131

2019-11-21 09:55:47 - [MESSAGE][INFO] - Device Height : 2131

2019-11-21 09:55:48 - [MESSAGE][PASSED] - Current device physical width is 1080

2019-11-21 09:55:48 - [MESSAGE][INFO] - Device Width : 1080

2019-11-21 09:55:48 - [MESSAGE][INFO] - Swipe start at Height : 1704

2019-11-21 09:55:48 - [MESSAGE][INFO] - Swipe end at Height : 426

2019-11-21 09:55:48 - [MESSAGE][INFO] - X Position : 1000

2019-11-21 09:55:50 - [MESSAGE][PASSED] - Swiped from 1,000,1,704 to 1,000,426

2019-11-21 09:55:50 - [MESSAGE][PASSED] - mobile.mobileSwipe.UpDown is PASSED

2019-11-21 09:55:50 - [TEST_STEP][NOT_RUN] - tap(findTestObject("Borrower/Borrower - Identitas/Borrower_TxtStatusPerkawinan"), 0, STOP_ON_FAILURE): NOT_RUN: tap(findTestObject("Borrower/Borrower - Identitas/Borrower_TxtStatusPerkawinan"), 0, STOP_ON_FAILURE)

2019-11-21 09:55:50 - [MESSAGE][NOT_RUN] - NOT_RUN: tap(findTestObject("Borrower/Borrower - Identitas/Borrower_TxtStatusPerkawinan"), 0, STOP_ON_FAILURE)

2019-11-21 09:55:50 - [TEST_STEP][NOT_RUN] - tap(findTestObject("dynamic object/pickListItem_checkedTextView", ["text":BIvarStatusPerkawinan]), 0, STOP_ON_FAILURE): NOT_RUN: tap(findTestObject("dynamic object/pickListItem_checkedTextView", ["text":BIvarStatusPerkawinan]), 0, STOP_ON_FAILURE)

2019-11-21 09:55:50 - [MESSAGE][NOT_RUN] - NOT_RUN: tap(findTestObject("dynamic object/pickListItem_checkedTextView", ["text":BIvarStatusPerkawinan]), 0, STOP_ON_FAILURE)

2019-11-21 09:55:50 - [MESSAGE][PASSED] - Call Test Case 'Test Cases/Data Entry/Borrower/Borrower - Identitas/MASTER FLOW/TC_Borrower - Identitas - MASTER FLOW' successfully

2019-11-21 09:55:50 - [TEST_STEP][PASSED] - mobile.mobileSwipe.RightLeft(0.9, 0.5, 1000): mobile.mobileSwipe.RightLeft is PASSED

2019-11-21 09:55:51 - [MESSAGE][PASSED] - Current device physical width is 1080

2019-11-21 09:55:52 - [MESSAGE][PASSED] - Current device physical height is 2131

2019-11-21 09:55:52 - [MESSAGE][INFO] - Device Height : 2131

2019-11-21 09:55:52 - [MESSAGE][INFO] - Device Width : 1080

2019-11-21 09:55:52 - [MESSAGE][INFO] - Swipe start at Width : 971

2019-11-21 09:55:52 - [MESSAGE][INFO] - Swipe end at Witdh : 540

2019-11-21 09:55:52 - [MESSAGE][INFO] - Y Position : 1000

2019-11-21 09:55:54 - [MESSAGE][PASSED] - Swiped from 971,1,000 to 540,1,000

2019-11-21 09:55:54 - [MESSAGE][PASSED] - mobile.mobileSwipe.RightLeft is PASSED

2019-11-21 09:55:54 - [TEST_STEP][NOT_RUN] - callTestCase(findTestCase("Data Entry/Borrower/Borrower - Info Umum/MASTER FLOW/TC_Borrower - Info Umum - MASTER FLOW"), ["BIUvarNamaLengkapTanpaSingkatan":BIUvarNamaLengkapTanpaSingkatan, "BIUvarNamaPanggilan":BIUvarNamaPanggilan, "BIUvarNoNPWP":BIUvarNoNPWP, ... ], STOP_ON_FAILURE): NOT_RUN: callTestCase(findTestCase("Data Entry/Borrower/Borrower - Info Umum/MASTER FLOW/TC_Borrower - Info Umum - MASTER FLOW"), ["BIUvarNamaLengkapTanpaSingkatan":BIUvarNamaLengkapTanpaSingkatan, "BIUvarNamaPanggilan":BIUvarNamaPanggilan, "BIUvarNoNPWP":BIUvarNoNPWP, ... ], STOP_ON_FAILURE)

2019-11-21 09:55:54 - [MESSAGE][NOT_RUN] - NOT_RUN: callTestCase(findTestCase("Data Entry/Borrower/Borrower - Info Umum/MASTER FLOW/TC_Borrower - Info Umum - MASTER FLOW"), ["BIUvarNamaLengkapTanpaSingkatan":BIUvarNamaLengkapTanpaSingkatan, "BIUvarNamaPanggilan":BIUvarNamaPanggilan, "BIUvarNoNPWP":BIUvarNoNPWP, ... ], STOP_ON_FAILURE)

2019-11-21 09:55:54 - [TEST_STEP][PASSED] - mobile.mobileSwipe.RightLeft(0.9, 0.5, 1000): mobile.mobileSwipe.RightLeft is PASSED

2019-11-21 09:55:55 - [MESSAGE][PASSED] - Current device physical width is 1080

2019-11-21 09:55:56 - [MESSAGE][PASSED] - Current device physical height is 2131

2019-11-21 09:55:56 - [MESSAGE][INFO] - Device Height : 2131

2019-11-21 09:55:56 - [MESSAGE][INFO] - Device Width : 1080

2019-11-21 09:55:56 - [MESSAGE][INFO] - Swipe start at Width : 971

2019-11-21 09:55:56 - [MESSAGE][INFO] - Swipe end at Witdh : 540

2019-11-21 09:55:56 - [MESSAGE][INFO] - Y Position : 1000

2019-11-21 09:55:58 - [MESSAGE][PASSED] - Swiped from 971,1,000 to 540,1,000

2019-11-21 09:55:58 - [MESSAGE][PASSED] - mobile.mobileSwipe.RightLeft is PASSED

2019-11-21 09:55:58 - [TEST_STEP][NOT_RUN] - callTestCase(findTestCase("Data Entry/Borrower/Borrower - Domisili/MASTER FLOW/TC_Borrower - Domisili - MASTER FLOW"), ["BDvarAlamatLengkap":BDvarAlamatLengkap, "BDvarRT":BDvarRT, "BDvarRW":BDvarRW, "BDvarKodePos":BDvarKodePos, "BDvarNegaraDomisili":BDvarNegaraDomisili, ... ], STOP_ON_FAILURE): NOT_RUN: callTestCase(findTestCase("Data Entry/Borrower/Borrower - Domisili/MASTER FLOW/TC_Borrower - Domisili - MASTER FLOW"), ["BDvarAlamatLengkap":BDvarAlamatLengkap, "BDvarRT":BDvarRT, "BDvarRW":BDvarRW, "BDvarKodePos":BDvarKodePos, "BDvarNegaraDomisili":BDvarNegaraDomisili, ... ], STOP_ON_FAILURE)

2019-11-21 09:55:58 - [MESSAGE][NOT_RUN] - NOT_RUN: callTestCase(findTestCase("Data Entry/Borrower/Borrower - Domisili/MASTER FLOW/TC_Borrower - Domisili - MASTER FLOW"), ["BDvarAlamatLengkap":BDvarAlamatLengkap, "BDvarRT":BDvarRT, "BDvarRW":BDvarRW, "BDvarKodePos":BDvarKodePos, "BDvarNegaraDomisili":BDvarNegaraDomisili, ... ], STOP_ON_FAILURE)

2019-11-21 09:55:58 - [TEST_STEP][PASSED] - mobile.mobileSwipe.RightLeft(0.9, 0.5, 1000): mobile.mobileSwipe.RightLeft is PASSED

2019-11-21 09:55:59 - [MESSAGE][PASSED] - Current device physical width is 1080

2019-11-21 09:56:00 - [MESSAGE][PASSED] - Current device physical height is 2131

2019-11-21 09:56:00 - [MESSAGE][INFO] - Device Height : 2131

2019-11-21 09:56:00 - [MESSAGE][INFO] - Device Width : 1080

2019-11-21 09:56:00 - [MESSAGE][INFO] - Swipe start at Width : 971

2019-11-21 09:56:00 - [MESSAGE][INFO] - Swipe end at Witdh : 540

2019-11-21 09:56:00 - [MESSAGE][INFO] - Y Position : 1000

2019-11-21 09:56:02 - [MESSAGE][PASSED] - Swiped from 971,1,000 to 540,1,000

2019-11-21 09:56:02 - [MESSAGE][PASSED] - mobile.mobileSwipe.RightLeft is PASSED

2019-11-21 09:56:02 - [TEST_STEP][NOT_RUN] - tap(findTestObject("Borrower/Borrower - Pekerjaan/Borrower - Pekerjaan - tab Detail Pekerjaan"), 0, OPTIONAL): NOT_RUN: tap(findTestObject("Borrower/Borrower - Pekerjaan/Borrower - Pekerjaan - tab Detail Pekerjaan"), 0, OPTIONAL)

2019-11-21 09:56:02 - [MESSAGE][NOT_RUN] - NOT_RUN: tap(findTestObject("Borrower/Borrower - Pekerjaan/Borrower - Pekerjaan - tab Detail Pekerjaan"), 0, OPTIONAL)

2019-11-21 09:56:02 - [TEST_STEP][FAILED] - callTestCase(findTestCase("Data Entry/Borrower/Borrower - Pekerjaan/MASTER FLOW/TC_Borrower - Pekerjaan - MASTER FLOW"), [:], STOP_ON_FAILURE): Unable to call Test Case 'Test Cases/Data Entry/Borrower/Borrower - Pekerjaan/MASTER FLOW/TC_Borrower - Pekerjaan - MASTER FLOW' (Root cause: com.kms.katalon.core.exception.StepFailedException: Call Test Case 'Test Cases/Data Entry/Borrower/Borrower - Pekerjaan/MASTER FLOW/TC_Borrower - Pekerjaan - MASTER FLOW' failed
	at com.kms.katalon.core.keyword.builtin.CallTestCaseKeyword$_callTestCase_closure1.doCall(CallTestCaseKeyword.groovy:63)
	at com.kms.katalon.core.keyword.builtin.CallTestCaseKeyword$_callTestCase_closure1.call(CallTestCaseKeyword.groovy)
	at com.kms.katalon.core.keyword.internal.KeywordMain.runKeyword(KeywordMain.groovy:68)
	at com.kms.katalon.core.keyword.builtin.CallTestCaseKeyword.callTestCase(CallTestCaseKeyword.groovy:81)
	at com.kms.katalon.core.keyword.builtin.CallTestCaseKeyword.execute(CallTestCaseKeyword.groovy:44)
	at com.kms.katalon.core.keyword.internal.KeywordExecutor.executeKeywordForPlatform(KeywordExecutor.groovy:60)
	at com.kms.katalon.core.keyword.BuiltinKeywords.callTestCase(BuiltinKeywords.groovy:334)
	at Flow Borrower.run(Flow Borrower:42)
	at com.kms.katalon.core.main.ScriptEngine.run(ScriptEngine.java:194)
	at com.kms.katalon.core.main.ScriptEngine.runScriptAsRawText(ScriptEngine.java:119)
	at com.kms.katalon.core.main.TestCaseExecutor.runScript(TestCaseExecutor.java:337)
	at com.kms.katalon.core.main.TestCaseExecutor.doExecute(TestCaseExecutor.java:328)
	at com.kms.katalon.core.main.TestCaseExecutor.processExecutionPhase(TestCaseExecutor.java:307)
	at com.kms.katalon.core.main.TestCaseExecutor.accessMainPhase(TestCaseExecutor.java:299)
	at com.kms.katalon.core.main.TestCaseExecutor.execute(TestCaseExecutor.java:233)
	at com.kms.katalon.core.main.TestCaseMain.runTestCase(TestCaseMain.java:114)
	at com.kms.katalon.core.keyword.builtin.CallTestCaseKeyword$_callTestCase_closure1.doCall(CallTestCaseKeyword.groovy:59)
	at com.kms.katalon.core.keyword.builtin.CallTestCaseKeyword$_callTestCase_closure1.call(CallTestCaseKeyword.groovy)
	at com.kms.katalon.core.keyword.internal.KeywordMain.runKeyword(KeywordMain.groovy:68)
	at com.kms.katalon.core.keyword.builtin.CallTestCaseKeyword.callTestCase(CallTestCaseKeyword.groovy:81)
	at com.kms.katalon.core.keyword.builtin.CallTestCaseKeyword.execute(CallTestCaseKeyword.groovy:44)
	at com.kms.katalon.core.keyword.internal.KeywordExecutor.executeKeywordForPlatform(KeywordExecutor.groovy:60)
	at com.kms.katalon.core.keyword.BuiltinKeywords.callTestCase(BuiltinKeywords.groovy:334)
	at TC_Data Entry.run(TC_Data Entry:42)
	at com.kms.katalon.core.main.ScriptEngine.run(ScriptEngine.java:194)
	at com.kms.katalon.core.main.ScriptEngine.runScriptAsRawText(ScriptEngine.java:119)
	at com.kms.katalon.core.main.TestCaseExecutor.runScript(TestCaseExecutor.java:337)
	at com.kms.katalon.core.main.TestCaseExecutor.doExecute(TestCaseExecutor.java:328)
	at com.kms.katalon.core.main.TestCaseExecutor.processExecutionPhase(TestCaseExecutor.java:307)
	at com.kms.katalon.core.main.TestCaseExecutor.accessMainPhase(TestCaseExecutor.java:299)
	at com.kms.katalon.core.main.TestCaseExecutor.execute(TestCaseExecutor.java:233)
	at com.kms.katalon.core.main.TestSuiteExecutor.accessTestCaseMainPhase(TestSuiteExecutor.java:169)
	at com.kms.katalon.core.main.TestSuiteExecutor.accessTestSuiteMainPhase(TestSuiteExecutor.java:142)
	at com.kms.katalon.core.main.TestSuiteExecutor.execute(TestSuiteExecutor.java:91)
	at com.kms.katalon.core.main.TestCaseMain.startTestSuite(TestCaseMain.java:157)
	at com.kms.katalon.core.main.TestCaseMain$startTestSuite$0.call(Unknown Source)
	at TempTestSuite1574304373849.run(TempTestSuite1574304373849.groovy:36)
Caused by: com.kms.katalon.core.exception.StepFailedException: Object Object Repository/Borrower/Borrower - Pekerjaan/Borrower_Pekerjaan_InpPekerjaan not found
	at com.kms.katalon.core.keyword.internal.KeywordMain.stepFailed(KeywordMain.groovy:50)
	at com.kms.katalon.core.mobile.keyword.internal.MobileKeywordMain.stepFailed(MobileKeywordMain.groovy:40)
	at com.kms.katalon.core.mobile.keyword.builtin.GetTextKeyword$_getText_closure1.doCall(GetTextKeyword.groovy:74)
	at com.kms.katalon.core.mobile.keyword.builtin.GetTextKeyword$_getText_closure1.call(GetTextKeyword.groovy)
	at com.kms.katalon.core.mobile.keyword.internal.MobileKeywordMain.runKeyword(MobileKeywordMain.groovy:21)
	at com.kms.katalon.core.mobile.keyword.builtin.GetTextKeyword.getText(GetTextKeyword.groovy:80)
	at com.kms.katalon.core.mobile.keyword.builtin.GetTextKeyword.execute(GetTextKeyword.groovy:64)
	at com.kms.katalon.core.keyword.internal.KeywordExecutor.executeKeywordForPlatform(KeywordExecutor.groovy:60)
	at com.kms.katalon.core.mobile.keyword.MobileBuiltInKeywords.getText(MobileBuiltInKeywords.groovy:458)
	at com.kms.katalon.core.mobile.keyword.MobileBuiltInKeywords$getText$13.call(Unknown Source)
	at TC_Borrower - Pekerjaan - MASTER FLOW.run(TC_Borrower - Pekerjaan - MASTER FLOW:16)
	at com.kms.katalon.core.main.ScriptEngine.run(ScriptEngine.java:194)
	at com.kms.katalon.core.main.ScriptEngine.runScriptAsRawText(ScriptEngine.java:119)
	at com.kms.katalon.core.main.TestCaseExecutor.runScript(TestCaseExecutor.java:337)
	at com.kms.katalon.core.main.TestCaseExecutor.doExecute(TestCaseExecutor.java:328)
	at com.kms.katalon.core.main.TestCaseExecutor.processExecutionPhase(TestCaseExecutor.java:307)
	at com.kms.katalon.core.main.TestCaseExecutor.accessMainPhase(TestCaseExecutor.java:299)
	at com.kms.katalon.core.main.TestCaseExecutor.execute(TestCaseExecutor.java:233)
	at com.kms.katalon.core.main.TestCaseMain.runTestCase(TestCaseMain.java:114)
	at com.kms.katalon.core.keyword.builtin.CallTestCaseKeyword$_callTestCase_closure1.doCall(CallTestCaseKeyword.groovy:59)
	... 36 more
)

2019-11-21 09:56:02 - [TEST_CASE][FAILED] - Test Cases/Data Entry/Borrower/Borrower - Pekerjaan/MASTER FLOW/TC_Borrower - Pekerjaan - MASTER FLOW: Test Cases/Data Entry/Borrower/Borrower - Pekerjaan/MASTER FLOW/TC_Borrower - Pekerjaan - MASTER FLOW FAILED.
Reason:
com.kms.katalon.core.exception.StepFailedException: Object Object Repository/Borrower/Borrower - Pekerjaan/Borrower_Pekerjaan_InpPekerjaan not found
	at com.kms.katalon.core.keyword.internal.KeywordMain.stepFailed(KeywordMain.groovy:50)
	at com.kms.katalon.core.mobile.keyword.internal.MobileKeywordMain.stepFailed(MobileKeywordMain.groovy:40)
	at com.kms.katalon.core.mobile.keyword.builtin.GetTextKeyword$_getText_closure1.doCall(GetTextKeyword.groovy:74)
	at com.kms.katalon.core.mobile.keyword.builtin.GetTextKeyword$_getText_closure1.call(GetTextKeyword.groovy)
	at com.kms.katalon.core.mobile.keyword.internal.MobileKeywordMain.runKeyword(MobileKeywordMain.groovy:21)
	at com.kms.katalon.core.mobile.keyword.builtin.GetTextKeyword.getText(GetTextKeyword.groovy:80)
	at com.kms.katalon.core.mobile.keyword.builtin.GetTextKeyword.execute(GetTextKeyword.groovy:64)
	at com.kms.katalon.core.keyword.internal.KeywordExecutor.executeKeywordForPlatform(KeywordExecutor.groovy:60)
	at com.kms.katalon.core.mobile.keyword.MobileBuiltInKeywords.getText(MobileBuiltInKeywords.groovy:458)
	at com.kms.katalon.core.mobile.keyword.MobileBuiltInKeywords$getText$13.call(Unknown Source)
	at TC_Borrower - Pekerjaan - MASTER FLOW.run(TC_Borrower - Pekerjaan - MASTER FLOW:16)
	at com.kms.katalon.core.main.ScriptEngine.run(ScriptEngine.java:194)
	at com.kms.katalon.core.main.ScriptEngine.runScriptAsRawText(ScriptEngine.java:119)
	at com.kms.katalon.core.main.TestCaseExecutor.runScript(TestCaseExecutor.java:337)
	at com.kms.katalon.core.main.TestCaseExecutor.doExecute(TestCaseExecutor.java:328)
	at com.kms.katalon.core.main.TestCaseExecutor.processExecutionPhase(TestCaseExecutor.java:307)
	at com.kms.katalon.core.main.TestCaseExecutor.accessMainPhase(TestCaseExecutor.java:299)
	at com.kms.katalon.core.main.TestCaseExecutor.execute(TestCaseExecutor.java:233)
	at com.kms.katalon.core.main.TestCaseMain.runTestCase(TestCaseMain.java:114)
	at com.kms.katalon.core.keyword.builtin.CallTestCaseKeyword$_callTestCase_closure1.doCall(CallTestCaseKeyword.groovy:59)
	at com.kms.katalon.core.keyword.builtin.CallTestCaseKeyword$_callTestCase_closure1.call(CallTestCaseKeyword.groovy)
	at com.kms.katalon.core.keyword.internal.KeywordMain.runKeyword(KeywordMain.groovy:68)
	at com.kms.katalon.core.keyword.builtin.CallTestCaseKeyword.callTestCase(CallTestCaseKeyword.groovy:81)
	at com.kms.katalon.core.keyword.builtin.CallTestCaseKeyword.execute(CallTestCaseKeyword.groovy:44)
	at com.kms.katalon.core.keyword.internal.KeywordExecutor.executeKeywordForPlatform(KeywordExecutor.groovy:60)
	at com.kms.katalon.core.keyword.BuiltinKeywords.callTestCase(BuiltinKeywords.groovy:334)
	at Flow Borrower.run(Flow Borrower:42)
	at com.kms.katalon.core.main.ScriptEngine.run(ScriptEngine.java:194)
	at com.kms.katalon.core.main.ScriptEngine.runScriptAsRawText(ScriptEngine.java:119)
	at com.kms.katalon.core.main.TestCaseExecutor.runScript(TestCaseExecutor.java:337)
	at com.kms.katalon.core.main.TestCaseExecutor.doExecute(TestCaseExecutor.java:328)
	at com.kms.katalon.core.main.TestCaseExecutor.processExecutionPhase(TestCaseExecutor.java:307)
	at com.kms.katalon.core.main.TestCaseExecutor.accessMainPhase(TestCaseExecutor.java:299)
	at com.kms.katalon.core.main.TestCaseExecutor.execute(TestCaseExecutor.java:233)
	at com.kms.katalon.core.main.TestCaseMain.runTestCase(TestCaseMain.java:114)
	at com.kms.katalon.core.keyword.builtin.CallTestCaseKeyword$_callTestCase_closure1.doCall(CallTestCaseKeyword.groovy:59)
	at com.kms.katalon.core.keyword.builtin.CallTestCaseKeyword$_callTestCase_closure1.call(CallTestCaseKeyword.groovy)
	at com.kms.katalon.core.keyword.internal.KeywordMain.runKeyword(KeywordMain.groovy:68)
	at com.kms.katalon.core.keyword.builtin.CallTestCaseKeyword.callTestCase(CallTestCaseKeyword.groovy:81)
	at com.kms.katalon.core.keyword.builtin.CallTestCaseKeyword.execute(CallTestCaseKeyword.groovy:44)
	at com.kms.katalon.core.keyword.internal.KeywordExecutor.executeKeywordForPlatform(KeywordExecutor.groovy:60)
	at com.kms.katalon.core.keyword.BuiltinKeywords.callTestCase(BuiltinKeywords.groovy:334)
	at TC_Data Entry.run(TC_Data Entry:42)
	at com.kms.katalon.core.main.ScriptEngine.run(ScriptEngine.java:194)
	at com.kms.katalon.core.main.ScriptEngine.runScriptAsRawText(ScriptEngine.java:119)
	at com.kms.katalon.core.main.TestCaseExecutor.runScript(TestCaseExecutor.java:337)
	at com.kms.katalon.core.main.TestCaseExecutor.doExecute(TestCaseExecutor.java:328)
	at com.kms.katalon.core.main.TestCaseExecutor.processExecutionPhase(TestCaseExecutor.java:307)
	at com.kms.katalon.core.main.TestCaseExecutor.accessMainPhase(TestCaseExecutor.java:299)
	at com.kms.katalon.core.main.TestCaseExecutor.execute(TestCaseExecutor.java:233)
	at com.kms.katalon.core.main.TestSuiteExecutor.accessTestCaseMainPhase(TestSuiteExecutor.java:169)
	at com.kms.katalon.core.main.TestSuiteExecutor.accessTestSuiteMainPhase(TestSuiteExecutor.java:142)
	at com.kms.katalon.core.main.TestSuiteExecutor.execute(TestSuiteExecutor.java:91)
	at com.kms.katalon.core.main.TestCaseMain.startTestSuite(TestCaseMain.java:157)
	at com.kms.katalon.core.main.TestCaseMain$startTestSuite$0.call(Unknown Source)
	at TempTestSuite1574304373849.run(TempTestSuite1574304373849.groovy:36)


2019-11-21 09:56:03 - [TEST_STEP][FAILED] - inpPekerjaan = getText(findTestObject("Borrower/Borrower - Pekerjaan/Borrower_Pekerjaan_InpPekerjaan"), 0): Failed to get text from element (Root cause: com.kms.katalon.core.exception.StepFailedException: Object Object Repository/Borrower/Borrower - Pekerjaan/Borrower_Pekerjaan_InpPekerjaan not found
	at com.kms.katalon.core.keyword.internal.KeywordMain.stepFailed(KeywordMain.groovy:50)
	at com.kms.katalon.core.mobile.keyword.internal.MobileKeywordMain.stepFailed(MobileKeywordMain.groovy:40)
	at com.kms.katalon.core.mobile.keyword.builtin.GetTextKeyword$_getText_closure1.doCall(GetTextKeyword.groovy:74)
	at com.kms.katalon.core.mobile.keyword.builtin.GetTextKeyword$_getText_closure1.call(GetTextKeyword.groovy)
	at com.kms.katalon.core.mobile.keyword.internal.MobileKeywordMain.runKeyword(MobileKeywordMain.groovy:21)
	at com.kms.katalon.core.mobile.keyword.builtin.GetTextKeyword.getText(GetTextKeyword.groovy:80)
	at com.kms.katalon.core.mobile.keyword.builtin.GetTextKeyword.execute(GetTextKeyword.groovy:64)
	at com.kms.katalon.core.keyword.internal.KeywordExecutor.executeKeywordForPlatform(KeywordExecutor.groovy:60)
	at com.kms.katalon.core.mobile.keyword.MobileBuiltInKeywords.getText(MobileBuiltInKeywords.groovy:458)
	at com.kms.katalon.core.mobile.keyword.MobileBuiltInKeywords$getText$13.call(Unknown Source)
	at TC_Borrower - Pekerjaan - MASTER FLOW.run(TC_Borrower - Pekerjaan - MASTER FLOW:16)
	at com.kms.katalon.core.main.ScriptEngine.run(ScriptEngine.java:194)
	at com.kms.katalon.core.main.ScriptEngine.runScriptAsRawText(ScriptEngine.java:119)
	at com.kms.katalon.core.main.TestCaseExecutor.runScript(TestCaseExecutor.java:337)
	at com.kms.katalon.core.main.TestCaseExecutor.doExecute(TestCaseExecutor.java:328)
	at com.kms.katalon.core.main.TestCaseExecutor.processExecutionPhase(TestCaseExecutor.java:307)
	at com.kms.katalon.core.main.TestCaseExecutor.accessMainPhase(TestCaseExecutor.java:299)
	at com.kms.katalon.core.main.TestCaseExecutor.execute(TestCaseExecutor.java:233)
	at com.kms.katalon.core.main.TestCaseMain.runTestCase(TestCaseMain.java:114)
	at com.kms.katalon.core.keyword.builtin.CallTestCaseKeyword$_callTestCase_closure1.doCall(CallTestCaseKeyword.groovy:59)
	at com.kms.katalon.core.keyword.builtin.CallTestCaseKeyword$_callTestCase_closure1.call(CallTestCaseKeyword.groovy)
	at com.kms.katalon.core.keyword.internal.KeywordMain.runKeyword(KeywordMain.groovy:68)
	at com.kms.katalon.core.keyword.builtin.CallTestCaseKeyword.callTestCase(CallTestCaseKeyword.groovy:81)
	at com.kms.katalon.core.keyword.builtin.CallTestCaseKeyword.execute(CallTestCaseKeyword.groovy:44)
	at com.kms.katalon.core.keyword.internal.KeywordExecutor.executeKeywordForPlatform(KeywordExecutor.groovy:60)
	at com.kms.katalon.core.keyword.BuiltinKeywords.callTestCase(BuiltinKeywords.groovy:334)
	at Flow Borrower.run(Flow Borrower:42)
	at com.kms.katalon.core.main.ScriptEngine.run(ScriptEngine.java:194)
	at com.kms.katalon.core.main.ScriptEngine.runScriptAsRawText(ScriptEngine.java:119)
	at com.kms.katalon.core.main.TestCaseExecutor.runScript(TestCaseExecutor.java:337)
	at com.kms.katalon.core.main.TestCaseExecutor.doExecute(TestCaseExecutor.java:328)
	at com.kms.katalon.core.main.TestCaseExecutor.processExecutionPhase(TestCaseExecutor.java:307)
	at com.kms.katalon.core.main.TestCaseExecutor.accessMainPhase(TestCaseExecutor.java:299)
	at com.kms.katalon.core.main.TestCaseExecutor.execute(TestCaseExecutor.java:233)
	at com.kms.katalon.core.main.TestCaseMain.runTestCase(TestCaseMain.java:114)
	at com.kms.katalon.core.keyword.builtin.CallTestCaseKeyword$_callTestCase_closure1.doCall(CallTestCaseKeyword.groovy:59)
	at com.kms.katalon.core.keyword.builtin.CallTestCaseKeyword$_callTestCase_closure1.call(CallTestCaseKeyword.groovy)
	at com.kms.katalon.core.keyword.internal.KeywordMain.runKeyword(KeywordMain.groovy:68)
	at com.kms.katalon.core.keyword.builtin.CallTestCaseKeyword.callTestCase(CallTestCaseKeyword.groovy:81)
	at com.kms.katalon.core.keyword.builtin.CallTestCaseKeyword.execute(CallTestCaseKeyword.groovy:44)
	at com.kms.katalon.core.keyword.internal.KeywordExecutor.executeKeywordForPlatform(KeywordExecutor.groovy:60)
	at com.kms.katalon.core.keyword.BuiltinKeywords.callTestCase(BuiltinKeywords.groovy:334)
	at TC_Data Entry.run(TC_Data Entry:42)
	at com.kms.katalon.core.main.ScriptEngine.run(ScriptEngine.java:194)
	at com.kms.katalon.core.main.ScriptEngine.runScriptAsRawText(ScriptEngine.java:119)
	at com.kms.katalon.core.main.TestCaseExecutor.runScript(TestCaseExecutor.java:337)
	at com.kms.katalon.core.main.TestCaseExecutor.doExecute(TestCaseExecutor.java:328)
	at com.kms.katalon.core.main.TestCaseExecutor.processExecutionPhase(TestCaseExecutor.java:307)
	at com.kms.katalon.core.main.TestCaseExecutor.accessMainPhase(TestCaseExecutor.java:299)
	at com.kms.katalon.core.main.TestCaseExecutor.execute(TestCaseExecutor.java:233)
	at com.kms.katalon.core.main.TestSuiteExecutor.accessTestCaseMainPhase(TestSuiteExecutor.java:169)
	at com.kms.katalon.core.main.TestSuiteExecutor.accessTestSuiteMainPhase(TestSuiteExecutor.java:142)
	at com.kms.katalon.core.main.TestSuiteExecutor.execute(TestSuiteExecutor.java:91)
	at com.kms.katalon.core.main.TestCaseMain.startTestSuite(TestCaseMain.java:157)
	at com.kms.katalon.core.main.TestCaseMain$startTestSuite$0.call(Unknown Source)
	at TempTestSuite1574304373849.run(TempTestSuite1574304373849.groovy:36)
)

2019-11-21 09:56:03 - [MESSAGE][WARNING] - Timeout '0' is invalid. Using default page load timeout: '30'

2019-11-21 09:56:35 - [MESSAGE][FAILED] - Object Object Repository/Borrower/Borrower - Pekerjaan/Borrower_Pekerjaan_InpPekerjaan not found
[[ATTACHMENT|C:\\Users\\15420\\git\\ACCME-Dupcheck\\Reports\\20191121_094613\\data entry dupcek\\20191121_094613\\1574304993487.png]]

2019-11-21 09:56:36 - [MESSAGE][FAILED] - Failed to get text from element (Root cause: com.kms.katalon.core.exception.StepFailedException: Object Object Repository/Borrower/Borrower - Pekerjaan/Borrower_Pekerjaan_InpPekerjaan not found
	at com.kms.katalon.core.keyword.internal.KeywordMain.stepFailed(KeywordMain.groovy:50)
	at com.kms.katalon.core.mobile.keyword.internal.MobileKeywordMain.stepFailed(MobileKeywordMain.groovy:40)
	at com.kms.katalon.core.mobile.keyword.builtin.GetTextKeyword$_getText_closure1.doCall(GetTextKeyword.groovy:74)
	at com.kms.katalon.core.mobile.keyword.builtin.GetTextKeyword$_getText_closure1.call(GetTextKeyword.groovy)
	at com.kms.katalon.core.mobile.keyword.internal.MobileKeywordMain.runKeyword(MobileKeywordMain.groovy:21)
	at com.kms.katalon.core.mobile.keyword.builtin.GetTextKeyword.getText(GetTextKeyword.groovy:80)
	at com.kms.katalon.core.mobile.keyword.builtin.GetTextKeyword.execute(GetTextKeyword.groovy:64)
	at com.kms.katalon.core.keyword.internal.KeywordExecutor.executeKeywordForPlatform(KeywordExecutor.groovy:60)
	at com.kms.katalon.core.mobile.keyword.MobileBuiltInKeywords.getText(MobileBuiltInKeywords.groovy:458)
	at com.kms.katalon.core.mobile.keyword.MobileBuiltInKeywords$getText$13.call(Unknown Source)
	at TC_Borrower - Pekerjaan - MASTER FLOW.run(TC_Borrower - Pekerjaan - MASTER FLOW:16)
	at com.kms.katalon.core.main.ScriptEngine.run(ScriptEngine.java:194)
	at com.kms.katalon.core.main.ScriptEngine.runScriptAsRawText(ScriptEngine.java:119)
	at com.kms.katalon.core.main.TestCaseExecutor.runScript(TestCaseExecutor.java:337)
	at com.kms.katalon.core.main.TestCaseExecutor.doExecute(TestCaseExecutor.java:328)
	at com.kms.katalon.core.main.TestCaseExecutor.processExecutionPhase(TestCaseExecutor.java:307)
	at com.kms.katalon.core.main.TestCaseExecutor.accessMainPhase(TestCaseExecutor.java:299)
	at com.kms.katalon.core.main.TestCaseExecutor.execute(TestCaseExecutor.java:233)
	at com.kms.katalon.core.main.TestCaseMain.runTestCase(TestCaseMain.java:114)
	at com.kms.katalon.core.keyword.builtin.CallTestCaseKeyword$_callTestCase_closure1.doCall(CallTestCaseKeyword.groovy:59)
	at com.kms.katalon.core.keyword.builtin.CallTestCaseKeyword$_callTestCase_closure1.call(CallTestCaseKeyword.groovy)
	at com.kms.katalon.core.keyword.internal.KeywordMain.runKeyword(KeywordMain.groovy:68)
	at com.kms.katalon.core.keyword.builtin.CallTestCaseKeyword.callTestCase(CallTestCaseKeyword.groovy:81)
	at com.kms.katalon.core.keyword.builtin.CallTestCaseKeyword.execute(CallTestCaseKeyword.groovy:44)
	at com.kms.katalon.core.keyword.internal.KeywordExecutor.executeKeywordForPlatform(KeywordExecutor.groovy:60)
	at com.kms.katalon.core.keyword.BuiltinKeywords.callTestCase(BuiltinKeywords.groovy:334)
	at Flow Borrower.run(Flow Borrower:42)
	at com.kms.katalon.core.main.ScriptEngine.run(ScriptEngine.java:194)
	at com.kms.katalon.core.main.ScriptEngine.runScriptAsRawText(ScriptEngine.java:119)
	at com.kms.katalon.core.main.TestCaseExecutor.runScript(TestCaseExecutor.java:337)
	at com.kms.katalon.core.main.TestCaseExecutor.doExecute(TestCaseExecutor.java:328)
	at com.kms.katalon.core.main.TestCaseExecutor.processExecutionPhase(TestCaseExecutor.java:307)
	at com.kms.katalon.core.main.TestCaseExecutor.accessMainPhase(TestCaseExecutor.java:299)
	at com.kms.katalon.core.main.TestCaseExecutor.execute(TestCaseExecutor.java:233)
	at com.kms.katalon.core.main.TestCaseMain.runTestCase(TestCaseMain.java:114)
	at com.kms.katalon.core.keyword.builtin.CallTestCaseKeyword$_callTestCase_closure1.doCall(CallTestCaseKeyword.groovy:59)
	at com.kms.katalon.core.keyword.builtin.CallTestCaseKeyword$_callTestCase_closure1.call(CallTestCaseKeyword.groovy)
	at com.kms.katalon.core.keyword.internal.KeywordMain.runKeyword(KeywordMain.groovy:68)
	at com.kms.katalon.core.keyword.builtin.CallTestCaseKeyword.callTestCase(CallTestCaseKeyword.groovy:81)
	at com.kms.katalon.core.keyword.builtin.CallTestCaseKeyword.execute(CallTestCaseKeyword.groovy:44)
	at com.kms.katalon.core.keyword.internal.KeywordExecutor.executeKeywordForPlatform(KeywordExecutor.groovy:60)
	at com.kms.katalon.core.keyword.BuiltinKeywords.callTestCase(BuiltinKeywords.groovy:334)
	at TC_Data Entry.run(TC_Data Entry:42)
	at com.kms.katalon.core.main.ScriptEngine.run(ScriptEngine.java:194)
	at com.kms.katalon.core.main.ScriptEngine.runScriptAsRawText(ScriptEngine.java:119)
	at com.kms.katalon.core.main.TestCaseExecutor.runScript(TestCaseExecutor.java:337)
	at com.kms.katalon.core.main.TestCaseExecutor.doExecute(TestCaseExecutor.java:328)
	at com.kms.katalon.core.main.TestCaseExecutor.processExecutionPhase(TestCaseExecutor.java:307)
	at com.kms.katalon.core.main.TestCaseExecutor.accessMainPhase(TestCaseExecutor.java:299)
	at com.kms.katalon.core.main.TestCaseExecutor.execute(TestCaseExecutor.java:233)
	at com.kms.katalon.core.main.TestSuiteExecutor.accessTestCaseMainPhase(TestSuiteExecutor.java:169)
	at com.kms.katalon.core.main.TestSuiteExecutor.accessTestSuiteMainPhase(TestSuiteExecutor.java:142)
	at com.kms.katalon.core.main.TestSuiteExecutor.execute(TestSuiteExecutor.java:91)
	at com.kms.katalon.core.main.TestCaseMain.startTestSuite(TestCaseMain.java:157)
	at com.kms.katalon.core.main.TestCaseMain$startTestSuite$0.call(Unknown Source)
	at TempTestSuite1574304373849.run(TempTestSuite1574304373849.groovy:36)
)
[[ATTACHMENT|C:\\Users\\15420\\git\\ACCME-Dupcheck\\Reports\\20191121_094613\\data entry dupcek\\20191121_094613\\1574304995084.png]]

2019-11-21 09:56:36 - [MESSAGE][FAILED] - Unable to call Test Case 'Test Cases/Data Entry/Borrower/Borrower - Pekerjaan/MASTER FLOW/TC_Borrower - Pekerjaan - MASTER FLOW' (Root cause: com.kms.katalon.core.exception.StepFailedException: Call Test Case 'Test Cases/Data Entry/Borrower/Borrower - Pekerjaan/MASTER FLOW/TC_Borrower - Pekerjaan - MASTER FLOW' failed
	at com.kms.katalon.core.keyword.builtin.CallTestCaseKeyword$_callTestCase_closure1.doCall(CallTestCaseKeyword.groovy:63)
	at com.kms.katalon.core.keyword.builtin.CallTestCaseKeyword$_callTestCase_closure1.call(CallTestCaseKeyword.groovy)
	at com.kms.katalon.core.keyword.internal.KeywordMain.runKeyword(KeywordMain.groovy:68)
	at com.kms.katalon.core.keyword.builtin.CallTestCaseKeyword.callTestCase(CallTestCaseKeyword.groovy:81)
	at com.kms.katalon.core.keyword.builtin.CallTestCaseKeyword.execute(CallTestCaseKeyword.groovy:44)
	at com.kms.katalon.core.keyword.internal.KeywordExecutor.executeKeywordForPlatform(KeywordExecutor.groovy:60)
	at com.kms.katalon.core.keyword.BuiltinKeywords.callTestCase(BuiltinKeywords.groovy:334)
	at Flow Borrower.run(Flow Borrower:42)
	at com.kms.katalon.core.main.ScriptEngine.run(ScriptEngine.java:194)
	at com.kms.katalon.core.main.ScriptEngine.runScriptAsRawText(ScriptEngine.java:119)
	at com.kms.katalon.core.main.TestCaseExecutor.runScript(TestCaseExecutor.java:337)
	at com.kms.katalon.core.main.TestCaseExecutor.doExecute(TestCaseExecutor.java:328)
	at com.kms.katalon.core.main.TestCaseExecutor.processExecutionPhase(TestCaseExecutor.java:307)
	at com.kms.katalon.core.main.TestCaseExecutor.accessMainPhase(TestCaseExecutor.java:299)
	at com.kms.katalon.core.main.TestCaseExecutor.execute(TestCaseExecutor.java:233)
	at com.kms.katalon.core.main.TestCaseMain.runTestCase(TestCaseMain.java:114)
	at com.kms.katalon.core.keyword.builtin.CallTestCaseKeyword$_callTestCase_closure1.doCall(CallTestCaseKeyword.groovy:59)
	at com.kms.katalon.core.keyword.builtin.CallTestCaseKeyword$_callTestCase_closure1.call(CallTestCaseKeyword.groovy)
	at com.kms.katalon.core.keyword.internal.KeywordMain.runKeyword(KeywordMain.groovy:68)
	at com.kms.katalon.core.keyword.builtin.CallTestCaseKeyword.callTestCase(CallTestCaseKeyword.groovy:81)
	at com.kms.katalon.core.keyword.builtin.CallTestCaseKeyword.execute(CallTestCaseKeyword.groovy:44)
	at com.kms.katalon.core.keyword.internal.KeywordExecutor.executeKeywordForPlatform(KeywordExecutor.groovy:60)
	at com.kms.katalon.core.keyword.BuiltinKeywords.callTestCase(BuiltinKeywords.groovy:334)
	at TC_Data Entry.run(TC_Data Entry:42)
	at com.kms.katalon.core.main.ScriptEngine.run(ScriptEngine.java:194)
	at com.kms.katalon.core.main.ScriptEngine.runScriptAsRawText(ScriptEngine.java:119)
	at com.kms.katalon.core.main.TestCaseExecutor.runScript(TestCaseExecutor.java:337)
	at com.kms.katalon.core.main.TestCaseExecutor.doExecute(TestCaseExecutor.java:328)
	at com.kms.katalon.core.main.TestCaseExecutor.processExecutionPhase(TestCaseExecutor.java:307)
	at com.kms.katalon.core.main.TestCaseExecutor.accessMainPhase(TestCaseExecutor.java:299)
	at com.kms.katalon.core.main.TestCaseExecutor.execute(TestCaseExecutor.java:233)
	at com.kms.katalon.core.main.TestSuiteExecutor.accessTestCaseMainPhase(TestSuiteExecutor.java:169)
	at com.kms.katalon.core.main.TestSuiteExecutor.accessTestSuiteMainPhase(TestSuiteExecutor.java:142)
	at com.kms.katalon.core.main.TestSuiteExecutor.execute(TestSuiteExecutor.java:91)
	at com.kms.katalon.core.main.TestCaseMain.startTestSuite(TestCaseMain.java:157)
	at com.kms.katalon.core.main.TestCaseMain$startTestSuite$0.call(Unknown Source)
	at TempTestSuite1574304373849.run(TempTestSuite1574304373849.groovy:36)
Caused by: com.kms.katalon.core.exception.StepFailedException: Object Object Repository/Borrower/Borrower - Pekerjaan/Borrower_Pekerjaan_InpPekerjaan not found
	at com.kms.katalon.core.keyword.internal.KeywordMain.stepFailed(KeywordMain.groovy:50)
	at com.kms.katalon.core.mobile.keyword.internal.MobileKeywordMain.stepFailed(MobileKeywordMain.groovy:40)
	at com.kms.katalon.core.mobile.keyword.builtin.GetTextKeyword$_getText_closure1.doCall(GetTextKeyword.groovy:74)
	at com.kms.katalon.core.mobile.keyword.builtin.GetTextKeyword$_getText_closure1.call(GetTextKeyword.groovy)
	at com.kms.katalon.core.mobile.keyword.internal.MobileKeywordMain.runKeyword(MobileKeywordMain.groovy:21)
	at com.kms.katalon.core.mobile.keyword.builtin.GetTextKeyword.getText(GetTextKeyword.groovy:80)
	at com.kms.katalon.core.mobile.keyword.builtin.GetTextKeyword.execute(GetTextKeyword.groovy:64)
	at com.kms.katalon.core.keyword.internal.KeywordExecutor.executeKeywordForPlatform(KeywordExecutor.groovy:60)
	at com.kms.katalon.core.mobile.keyword.MobileBuiltInKeywords.getText(MobileBuiltInKeywords.groovy:458)
	at com.kms.katalon.core.mobile.keyword.MobileBuiltInKeywords$getText$13.call(Unknown Source)
	at TC_Borrower - Pekerjaan - MASTER FLOW.run(TC_Borrower - Pekerjaan - MASTER FLOW:16)
	at com.kms.katalon.core.main.ScriptEngine.run(ScriptEngine.java:194)
	at com.kms.katalon.core.main.ScriptEngine.runScriptAsRawText(ScriptEngine.java:119)
	at com.kms.katalon.core.main.TestCaseExecutor.runScript(TestCaseExecutor.java:337)
	at com.kms.katalon.core.main.TestCaseExecutor.doExecute(TestCaseExecutor.java:328)
	at com.kms.katalon.core.main.TestCaseExecutor.processExecutionPhase(TestCaseExecutor.java:307)
	at com.kms.katalon.core.main.TestCaseExecutor.accessMainPhase(TestCaseExecutor.java:299)
	at com.kms.katalon.core.main.TestCaseExecutor.execute(TestCaseExecutor.java:233)
	at com.kms.katalon.core.main.TestCaseMain.runTestCase(TestCaseMain.java:114)
	at com.kms.katalon.core.keyword.builtin.CallTestCaseKeyword$_callTestCase_closure1.doCall(CallTestCaseKeyword.groovy:59)
	... 36 more
)

2019-11-21 09:56:36 - [MESSAGE][FAILED] - Unable to call Test Case 'Test Cases/Data Entry/Borrower/Flow Borrower' (Root cause: com.kms.katalon.core.exception.StepFailedException: Call Test Case 'Test Cases/Data Entry/Borrower/Flow Borrower' failed
	at com.kms.katalon.core.keyword.builtin.CallTestCaseKeyword$_callTestCase_closure1.doCall(CallTestCaseKeyword.groovy:63)
	at com.kms.katalon.core.keyword.builtin.CallTestCaseKeyword$_callTestCase_closure1.call(CallTestCaseKeyword.groovy)
	at com.kms.katalon.core.keyword.internal.KeywordMain.runKeyword(KeywordMain.groovy:68)
	at com.kms.katalon.core.keyword.builtin.CallTestCaseKeyword.callTestCase(CallTestCaseKeyword.groovy:81)
	at com.kms.katalon.core.keyword.builtin.CallTestCaseKeyword.execute(CallTestCaseKeyword.groovy:44)
	at com.kms.katalon.core.keyword.internal.KeywordExecutor.executeKeywordForPlatform(KeywordExecutor.groovy:60)
	at com.kms.katalon.core.keyword.BuiltinKeywords.callTestCase(BuiltinKeywords.groovy:334)
	at TC_Data Entry.run(TC_Data Entry:42)
	at com.kms.katalon.core.main.ScriptEngine.run(ScriptEngine.java:194)
	at com.kms.katalon.core.main.ScriptEngine.runScriptAsRawText(ScriptEngine.java:119)
	at com.kms.katalon.core.main.TestCaseExecutor.runScript(TestCaseExecutor.java:337)
	at com.kms.katalon.core.main.TestCaseExecutor.doExecute(TestCaseExecutor.java:328)
	at com.kms.katalon.core.main.TestCaseExecutor.processExecutionPhase(TestCaseExecutor.java:307)
	at com.kms.katalon.core.main.TestCaseExecutor.accessMainPhase(TestCaseExecutor.java:299)
	at com.kms.katalon.core.main.TestCaseExecutor.execute(TestCaseExecutor.java:233)
	at com.kms.katalon.core.main.TestSuiteExecutor.accessTestCaseMainPhase(TestSuiteExecutor.java:169)
	at com.kms.katalon.core.main.TestSuiteExecutor.accessTestSuiteMainPhase(TestSuiteExecutor.java:142)
	at com.kms.katalon.core.main.TestSuiteExecutor.execute(TestSuiteExecutor.java:91)
	at com.kms.katalon.core.main.TestCaseMain.startTestSuite(TestCaseMain.java:157)
	at com.kms.katalon.core.main.TestCaseMain$startTestSuite$0.call(Unknown Source)
	at TempTestSuite1574304373849.run(TempTestSuite1574304373849.groovy:36)
Caused by: com.kms.katalon.core.exception.StepFailedException: Call Test Case 'Test Cases/Data Entry/Borrower/Borrower - Pekerjaan/MASTER FLOW/TC_Borrower - Pekerjaan - MASTER FLOW' failed
	at com.kms.katalon.core.keyword.builtin.CallTestCaseKeyword$_callTestCase_closure1.doCall(CallTestCaseKeyword.groovy:63)
	at com.kms.katalon.core.keyword.builtin.CallTestCaseKeyword$_callTestCase_closure1.call(CallTestCaseKeyword.groovy)
	at com.kms.katalon.core.keyword.internal.KeywordMain.runKeyword(KeywordMain.groovy:68)
	at com.kms.katalon.core.keyword.builtin.CallTestCaseKeyword.callTestCase(CallTestCaseKeyword.groovy:81)
	at com.kms.katalon.core.keyword.builtin.CallTestCaseKeyword.execute(CallTestCaseKeyword.groovy:44)
	at com.kms.katalon.core.keyword.internal.KeywordExecutor.executeKeywordForPlatform(KeywordExecutor.groovy:60)
	at com.kms.katalon.core.keyword.BuiltinKeywords.callTestCase(BuiltinKeywords.groovy:334)
	at Flow Borrower.run(Flow Borrower:42)
	at com.kms.katalon.core.main.ScriptEngine.run(ScriptEngine.java:194)
	at com.kms.katalon.core.main.ScriptEngine.runScriptAsRawText(ScriptEngine.java:119)
	at com.kms.katalon.core.main.TestCaseExecutor.runScript(TestCaseExecutor.java:337)
	at com.kms.katalon.core.main.TestCaseExecutor.doExecute(TestCaseExecutor.java:328)
	at com.kms.katalon.core.main.TestCaseExecutor.processExecutionPhase(TestCaseExecutor.java:307)
	at com.kms.katalon.core.main.TestCaseExecutor.accessMainPhase(TestCaseExecutor.java:299)
	at com.kms.katalon.core.main.TestCaseExecutor.execute(TestCaseExecutor.java:233)
	at com.kms.katalon.core.main.TestCaseMain.runTestCase(TestCaseMain.java:114)
	at com.kms.katalon.core.keyword.builtin.CallTestCaseKeyword$_callTestCase_closure1.doCall(CallTestCaseKeyword.groovy:59)
	... 20 more
Caused by: com.kms.katalon.core.exception.StepFailedException: Object Object Repository/Borrower/Borrower - Pekerjaan/Borrower_Pekerjaan_InpPekerjaan not found
	at com.kms.katalon.core.keyword.internal.KeywordMain.stepFailed(KeywordMain.groovy:50)
	at com.kms.katalon.core.mobile.keyword.internal.MobileKeywordMain.stepFailed(MobileKeywordMain.groovy:40)
	at com.kms.katalon.core.mobile.keyword.builtin.GetTextKeyword$_getText_closure1.doCall(GetTextKeyword.groovy:74)
	at com.kms.katalon.core.mobile.keyword.builtin.GetTextKeyword$_getText_closure1.call(GetTextKeyword.groovy)
	at com.kms.katalon.core.mobile.keyword.internal.MobileKeywordMain.runKeyword(MobileKeywordMain.groovy:21)
	at com.kms.katalon.core.mobile.keyword.builtin.GetTextKeyword.getText(GetTextKeyword.groovy:80)
	at com.kms.katalon.core.mobile.keyword.builtin.GetTextKeyword.execute(GetTextKeyword.groovy:64)
	at com.kms.katalon.core.keyword.internal.KeywordExecutor.executeKeywordForPlatform(KeywordExecutor.groovy:60)
	at com.kms.katalon.core.mobile.keyword.MobileBuiltInKeywords.getText(MobileBuiltInKeywords.groovy:458)
	at com.kms.katalon.core.mobile.keyword.MobileBuiltInKeywords$getText$13.call(Unknown Source)
	at TC_Borrower - Pekerjaan - MASTER FLOW.run(TC_Borrower - Pekerjaan - MASTER FLOW:16)
	at com.kms.katalon.core.main.ScriptEngine.run(ScriptEngine.java:194)
	at com.kms.katalon.core.main.ScriptEngine.runScriptAsRawText(ScriptEngine.java:119)
	at com.kms.katalon.core.main.TestCaseExecutor.runScript(TestCaseExecutor.java:337)
	at com.kms.katalon.core.main.TestCaseExecutor.doExecute(TestCaseExecutor.java:328)
	at com.kms.katalon.core.main.TestCaseExecutor.processExecutionPhase(TestCaseExecutor.java:307)
	at com.kms.katalon.core.main.TestCaseExecutor.accessMainPhase(TestCaseExecutor.java:299)
	at com.kms.katalon.core.main.TestCaseExecutor.execute(TestCaseExecutor.java:233)
	at com.kms.katalon.core.main.TestCaseMain.runTestCase(TestCaseMain.java:114)
	at com.kms.katalon.core.keyword.builtin.CallTestCaseKeyword$_callTestCase_closure1.doCall(CallTestCaseKeyword.groovy:59)
	... 36 more
)]]></system-out>
         <system-err><![CDATA[2019-11-21 09:46:21 - [TEST_CASE][FAILED] - Test Cases/Data Entry/TC_Data Entry: Test Cases/Data Entry/TC_Data Entry FAILED.
Reason:
com.kms.katalon.core.exception.StepFailedException: Call Test Case 'Test Cases/Data Entry/Borrower/Flow Borrower' failed
	at com.kms.katalon.core.keyword.builtin.CallTestCaseKeyword$_callTestCase_closure1.doCall(CallTestCaseKeyword.groovy:63)
	at com.kms.katalon.core.keyword.builtin.CallTestCaseKeyword$_callTestCase_closure1.call(CallTestCaseKeyword.groovy)
	at com.kms.katalon.core.keyword.internal.KeywordMain.runKeyword(KeywordMain.groovy:68)
	at com.kms.katalon.core.keyword.builtin.CallTestCaseKeyword.callTestCase(CallTestCaseKeyword.groovy:81)
	at com.kms.katalon.core.keyword.builtin.CallTestCaseKeyword.execute(CallTestCaseKeyword.groovy:44)
	at com.kms.katalon.core.keyword.internal.KeywordExecutor.executeKeywordForPlatform(KeywordExecutor.groovy:60)
	at com.kms.katalon.core.keyword.BuiltinKeywords.callTestCase(BuiltinKeywords.groovy:334)
	at TC_Data Entry.run(TC_Data Entry:42)
	at com.kms.katalon.core.main.ScriptEngine.run(ScriptEngine.java:194)
	at com.kms.katalon.core.main.ScriptEngine.runScriptAsRawText(ScriptEngine.java:119)
	at com.kms.katalon.core.main.TestCaseExecutor.runScript(TestCaseExecutor.java:337)
	at com.kms.katalon.core.main.TestCaseExecutor.doExecute(TestCaseExecutor.java:328)
	at com.kms.katalon.core.main.TestCaseExecutor.processExecutionPhase(TestCaseExecutor.java:307)
	at com.kms.katalon.core.main.TestCaseExecutor.accessMainPhase(TestCaseExecutor.java:299)
	at com.kms.katalon.core.main.TestCaseExecutor.execute(TestCaseExecutor.java:233)
	at com.kms.katalon.core.main.TestSuiteExecutor.accessTestCaseMainPhase(TestSuiteExecutor.java:169)
	at com.kms.katalon.core.main.TestSuiteExecutor.accessTestSuiteMainPhase(TestSuiteExecutor.java:142)
	at com.kms.katalon.core.main.TestSuiteExecutor.execute(TestSuiteExecutor.java:91)
	at com.kms.katalon.core.main.TestCaseMain.startTestSuite(TestCaseMain.java:157)
	at com.kms.katalon.core.main.TestCaseMain$startTestSuite$0.call(Unknown Source)
	at TempTestSuite1574304373849.run(TempTestSuite1574304373849.groovy:36)
Caused by: com.kms.katalon.core.exception.StepFailedException: Call Test Case 'Test Cases/Data Entry/Borrower/Borrower - Pekerjaan/MASTER FLOW/TC_Borrower - Pekerjaan - MASTER FLOW' failed
	at com.kms.katalon.core.keyword.builtin.CallTestCaseKeyword$_callTestCase_closure1.doCall(CallTestCaseKeyword.groovy:63)
	at com.kms.katalon.core.keyword.builtin.CallTestCaseKeyword$_callTestCase_closure1.call(CallTestCaseKeyword.groovy)
	at com.kms.katalon.core.keyword.internal.KeywordMain.runKeyword(KeywordMain.groovy:68)
	at com.kms.katalon.core.keyword.builtin.CallTestCaseKeyword.callTestCase(CallTestCaseKeyword.groovy:81)
	at com.kms.katalon.core.keyword.builtin.CallTestCaseKeyword.execute(CallTestCaseKeyword.groovy:44)
	at com.kms.katalon.core.keyword.internal.KeywordExecutor.executeKeywordForPlatform(KeywordExecutor.groovy:60)
	at com.kms.katalon.core.keyword.BuiltinKeywords.callTestCase(BuiltinKeywords.groovy:334)
	at Flow Borrower.run(Flow Borrower:42)
	at com.kms.katalon.core.main.ScriptEngine.run(ScriptEngine.java:194)
	at com.kms.katalon.core.main.ScriptEngine.runScriptAsRawText(ScriptEngine.java:119)
	at com.kms.katalon.core.main.TestCaseExecutor.runScript(TestCaseExecutor.java:337)
	at com.kms.katalon.core.main.TestCaseExecutor.doExecute(TestCaseExecutor.java:328)
	at com.kms.katalon.core.main.TestCaseExecutor.processExecutionPhase(TestCaseExecutor.java:307)
	at com.kms.katalon.core.main.TestCaseExecutor.accessMainPhase(TestCaseExecutor.java:299)
	at com.kms.katalon.core.main.TestCaseExecutor.execute(TestCaseExecutor.java:233)
	at com.kms.katalon.core.main.TestCaseMain.runTestCase(TestCaseMain.java:114)
	at com.kms.katalon.core.keyword.builtin.CallTestCaseKeyword$_callTestCase_closure1.doCall(CallTestCaseKeyword.groovy:59)
	... 20 more
Caused by: com.kms.katalon.core.exception.StepFailedException: Object Object Repository/Borrower/Borrower - Pekerjaan/Borrower_Pekerjaan_InpPekerjaan not found
	at com.kms.katalon.core.keyword.internal.KeywordMain.stepFailed(KeywordMain.groovy:50)
	at com.kms.katalon.core.mobile.keyword.internal.MobileKeywordMain.stepFailed(MobileKeywordMain.groovy:40)
	at com.kms.katalon.core.mobile.keyword.builtin.GetTextKeyword$_getText_closure1.doCall(GetTextKeyword.groovy:74)
	at com.kms.katalon.core.mobile.keyword.builtin.GetTextKeyword$_getText_closure1.call(GetTextKeyword.groovy)
	at com.kms.katalon.core.mobile.keyword.internal.MobileKeywordMain.runKeyword(MobileKeywordMain.groovy:21)
	at com.kms.katalon.core.mobile.keyword.builtin.GetTextKeyword.getText(GetTextKeyword.groovy:80)
	at com.kms.katalon.core.mobile.keyword.builtin.GetTextKeyword.execute(GetTextKeyword.groovy:64)
	at com.kms.katalon.core.keyword.internal.KeywordExecutor.executeKeywordForPlatform(KeywordExecutor.groovy:60)
	at com.kms.katalon.core.mobile.keyword.MobileBuiltInKeywords.getText(MobileBuiltInKeywords.groovy:458)
	at com.kms.katalon.core.mobile.keyword.MobileBuiltInKeywords$getText$13.call(Unknown Source)
	at TC_Borrower - Pekerjaan - MASTER FLOW.run(TC_Borrower - Pekerjaan - MASTER FLOW:16)
	at com.kms.katalon.core.main.ScriptEngine.run(ScriptEngine.java:194)
	at com.kms.katalon.core.main.ScriptEngine.runScriptAsRawText(ScriptEngine.java:119)
	at com.kms.katalon.core.main.TestCaseExecutor.runScript(TestCaseExecutor.java:337)
	at com.kms.katalon.core.main.TestCaseExecutor.doExecute(TestCaseExecutor.java:328)
	at com.kms.katalon.core.main.TestCaseExecutor.processExecutionPhase(TestCaseExecutor.java:307)
	at com.kms.katalon.core.main.TestCaseExecutor.accessMainPhase(TestCaseExecutor.java:299)
	at com.kms.katalon.core.main.TestCaseExecutor.execute(TestCaseExecutor.java:233)
	at com.kms.katalon.core.main.TestCaseMain.runTestCase(TestCaseMain.java:114)
	at com.kms.katalon.core.keyword.builtin.CallTestCaseKeyword$_callTestCase_closure1.doCall(CallTestCaseKeyword.groovy:59)
	... 36 more]]></system-err>
      </testcase>
      <testcase name="Test Cases/Data Entry/TC_Data Entry" time="629.752" classname="Test Cases/Data Entry/TC_Data Entry" status="FAILED">
         <failure type="FAILED" message="Test Cases/Data Entry/TC_Data Entry FAILED.
Reason:
com.kms.katalon.core.exception.StepFailedException: Call Test Case 'Test Cases/Data Entry/Borrower/Flow Borrower' failed
	at com.kms.katalon.core.keyword.builtin.CallTestCaseKeyword$_callTestCase_closure1.doCall(CallTestCaseKeyword.groovy:63)
	at com.kms.katalon.core.keyword.builtin.CallTestCaseKeyword$_callTestCase_closure1.call(CallTestCaseKeyword.groovy)
	at com.kms.katalon.core.keyword.internal.KeywordMain.runKeyword(KeywordMain.groovy:68)
	at com.kms.katalon.core.keyword.builtin.CallTestCaseKeyword.callTestCase(CallTestCaseKeyword.groovy:81)
	at com.kms.katalon.core.keyword.builtin.CallTestCaseKeyword.execute(CallTestCaseKeyword.groovy:44)
	at com.kms.katalon.core.keyword.internal.KeywordExecutor.executeKeywordForPlatform(KeywordExecutor.groovy:60)
	at com.kms.katalon.core.keyword.BuiltinKeywords.callTestCase(BuiltinKeywords.groovy:334)
	at TC_Data Entry.run(TC_Data Entry:42)
	at com.kms.katalon.core.main.ScriptEngine.run(ScriptEngine.java:194)
	at com.kms.katalon.core.main.ScriptEngine.runScriptAsRawText(ScriptEngine.java:119)
	at com.kms.katalon.core.main.TestCaseExecutor.runScript(TestCaseExecutor.java:337)
	at com.kms.katalon.core.main.TestCaseExecutor.doExecute(TestCaseExecutor.java:328)
	at com.kms.katalon.core.main.TestCaseExecutor.processExecutionPhase(TestCaseExecutor.java:307)
	at com.kms.katalon.core.main.TestCaseExecutor.accessMainPhase(TestCaseExecutor.java:299)
	at com.kms.katalon.core.main.TestCaseExecutor.execute(TestCaseExecutor.java:233)
	at com.kms.katalon.core.main.TestSuiteExecutor.accessTestCaseMainPhase(TestSuiteExecutor.java:169)
	at com.kms.katalon.core.main.TestSuiteExecutor.accessTestSuiteMainPhase(TestSuiteExecutor.java:142)
	at com.kms.katalon.core.main.TestSuiteExecutor.execute(TestSuiteExecutor.java:91)
	at com.kms.katalon.core.main.TestCaseMain.startTestSuite(TestCaseMain.java:157)
	at com.kms.katalon.core.main.TestCaseMain$startTestSuite$0.call(Unknown Source)
	at TempTestSuite1574304373849.run(TempTestSuite1574304373849.groovy:36)
Caused by: com.kms.katalon.core.exception.StepFailedException: Call Test Case 'Test Cases/Data Entry/Borrower/Borrower - Pekerjaan/MASTER FLOW/TC_Borrower - Pekerjaan - MASTER FLOW' failed
	at com.kms.katalon.core.keyword.builtin.CallTestCaseKeyword$_callTestCase_closure1.doCall(CallTestCaseKeyword.groovy:63)
	at com.kms.katalon.core.keyword.builtin.CallTestCaseKeyword$_callTestCase_closure1.call(CallTestCaseKeyword.groovy)
	at com.kms.katalon.core.keyword.internal.KeywordMain.runKeyword(KeywordMain.groovy:68)
	at com.kms.katalon.core.keyword.builtin.CallTestCaseKeyword.callTestCase(CallTestCaseKeyword.groovy:81)
	at com.kms.katalon.core.keyword.builtin.CallTestCaseKeyword.execute(CallTestCaseKeyword.groovy:44)
	at com.kms.katalon.core.keyword.internal.KeywordExecutor.executeKeywordForPlatform(KeywordExecutor.groovy:60)
	at com.kms.katalon.core.keyword.BuiltinKeywords.callTestCase(BuiltinKeywords.groovy:334)
	at Flow Borrower.run(Flow Borrower:42)
	at com.kms.katalon.core.main.ScriptEngine.run(ScriptEngine.java:194)
	at com.kms.katalon.core.main.ScriptEngine.runScriptAsRawText(ScriptEngine.java:119)
	at com.kms.katalon.core.main.TestCaseExecutor.runScript(TestCaseExecutor.java:337)
	at com.kms.katalon.core.main.TestCaseExecutor.doExecute(TestCaseExecutor.java:328)
	at com.kms.katalon.core.main.TestCaseExecutor.processExecutionPhase(TestCaseExecutor.java:307)
	at com.kms.katalon.core.main.TestCaseExecutor.accessMainPhase(TestCaseExecutor.java:299)
	at com.kms.katalon.core.main.TestCaseExecutor.execute(TestCaseExecutor.java:233)
	at com.kms.katalon.core.main.TestCaseMain.runTestCase(TestCaseMain.java:114)
	at com.kms.katalon.core.keyword.builtin.CallTestCaseKeyword$_callTestCase_closure1.doCall(CallTestCaseKeyword.groovy:59)
	... 20 more
Caused by: com.kms.katalon.core.exception.StepFailedException: Object Object Repository/Borrower/Borrower - Pekerjaan/Borrower_Pekerjaan_InpPekerjaan not found
	at com.kms.katalon.core.keyword.internal.KeywordMain.stepFailed(KeywordMain.groovy:50)
	at com.kms.katalon.core.mobile.keyword.internal.MobileKeywordMain.stepFailed(MobileKeywordMain.groovy:40)
	at com.kms.katalon.core.mobile.keyword.builtin.GetTextKeyword$_getText_closure1.doCall(GetTextKeyword.groovy:74)
	at com.kms.katalon.core.mobile.keyword.builtin.GetTextKeyword$_getText_closure1.call(GetTextKeyword.groovy)
	at com.kms.katalon.core.mobile.keyword.internal.MobileKeywordMain.runKeyword(MobileKeywordMain.groovy:21)
	at com.kms.katalon.core.mobile.keyword.builtin.GetTextKeyword.getText(GetTextKeyword.groovy:80)
	at com.kms.katalon.core.mobile.keyword.builtin.GetTextKeyword.execute(GetTextKeyword.groovy:64)
	at com.kms.katalon.core.keyword.internal.KeywordExecutor.executeKeywordForPlatform(KeywordExecutor.groovy:60)
	at com.kms.katalon.core.mobile.keyword.MobileBuiltInKeywords.getText(MobileBuiltInKeywords.groovy:458)
	at com.kms.katalon.core.mobile.keyword.MobileBuiltInKeywords$getText$13.call(Unknown Source)
	at TC_Borrower - Pekerjaan - MASTER FLOW.run(TC_Borrower - Pekerjaan - MASTER FLOW:16)
	at com.kms.katalon.core.main.ScriptEngine.run(ScriptEngine.java:194)
	at com.kms.katalon.core.main.ScriptEngine.runScriptAsRawText(ScriptEngine.java:119)
	at com.kms.katalon.core.main.TestCaseExecutor.runScript(TestCaseExecutor.java:337)
	at com.kms.katalon.core.main.TestCaseExecutor.doExecute(TestCaseExecutor.java:328)
	at com.kms.katalon.core.main.TestCaseExecutor.processExecutionPhase(TestCaseExecutor.java:307)
	at com.kms.katalon.core.main.TestCaseExecutor.accessMainPhase(TestCaseExecutor.java:299)
	at com.kms.katalon.core.main.TestCaseExecutor.execute(TestCaseExecutor.java:233)
	at com.kms.katalon.core.main.TestCaseMain.runTestCase(TestCaseMain.java:114)
	at com.kms.katalon.core.keyword.builtin.CallTestCaseKeyword$_callTestCase_closure1.doCall(CallTestCaseKeyword.groovy:59)
	... 36 more
"/>
         <system-out><![CDATA[2019-11-21 09:56:38 - [TEST_CASE][FAILED] - Test Cases/Data Entry/TC_Data Entry: Test Cases/Data Entry/TC_Data Entry FAILED.
Reason:
com.kms.katalon.core.exception.StepFailedException: Call Test Case 'Test Cases/Data Entry/Borrower/Flow Borrower' failed
	at com.kms.katalon.core.keyword.builtin.CallTestCaseKeyword$_callTestCase_closure1.doCall(CallTestCaseKeyword.groovy:63)
	at com.kms.katalon.core.keyword.builtin.CallTestCaseKeyword$_callTestCase_closure1.call(CallTestCaseKeyword.groovy)
	at com.kms.katalon.core.keyword.internal.KeywordMain.runKeyword(KeywordMain.groovy:68)
	at com.kms.katalon.core.keyword.builtin.CallTestCaseKeyword.callTestCase(CallTestCaseKeyword.groovy:81)
	at com.kms.katalon.core.keyword.builtin.CallTestCaseKeyword.execute(CallTestCaseKeyword.groovy:44)
	at com.kms.katalon.core.keyword.internal.KeywordExecutor.executeKeywordForPlatform(KeywordExecutor.groovy:60)
	at com.kms.katalon.core.keyword.BuiltinKeywords.callTestCase(BuiltinKeywords.groovy:334)
	at TC_Data Entry.run(TC_Data Entry:42)
	at com.kms.katalon.core.main.ScriptEngine.run(ScriptEngine.java:194)
	at com.kms.katalon.core.main.ScriptEngine.runScriptAsRawText(ScriptEngine.java:119)
	at com.kms.katalon.core.main.TestCaseExecutor.runScript(TestCaseExecutor.java:337)
	at com.kms.katalon.core.main.TestCaseExecutor.doExecute(TestCaseExecutor.java:328)
	at com.kms.katalon.core.main.TestCaseExecutor.processExecutionPhase(TestCaseExecutor.java:307)
	at com.kms.katalon.core.main.TestCaseExecutor.accessMainPhase(TestCaseExecutor.java:299)
	at com.kms.katalon.core.main.TestCaseExecutor.execute(TestCaseExecutor.java:233)
	at com.kms.katalon.core.main.TestSuiteExecutor.accessTestCaseMainPhase(TestSuiteExecutor.java:169)
	at com.kms.katalon.core.main.TestSuiteExecutor.accessTestSuiteMainPhase(TestSuiteExecutor.java:142)
	at com.kms.katalon.core.main.TestSuiteExecutor.execute(TestSuiteExecutor.java:91)
	at com.kms.katalon.core.main.TestCaseMain.startTestSuite(TestCaseMain.java:157)
	at com.kms.katalon.core.main.TestCaseMain$startTestSuite$0.call(Unknown Source)
	at TempTestSuite1574304373849.run(TempTestSuite1574304373849.groovy:36)
Caused by: com.kms.katalon.core.exception.StepFailedException: Call Test Case 'Test Cases/Data Entry/Borrower/Borrower - Pekerjaan/MASTER FLOW/TC_Borrower - Pekerjaan - MASTER FLOW' failed
	at com.kms.katalon.core.keyword.builtin.CallTestCaseKeyword$_callTestCase_closure1.doCall(CallTestCaseKeyword.groovy:63)
	at com.kms.katalon.core.keyword.builtin.CallTestCaseKeyword$_callTestCase_closure1.call(CallTestCaseKeyword.groovy)
	at com.kms.katalon.core.keyword.internal.KeywordMain.runKeyword(KeywordMain.groovy:68)
	at com.kms.katalon.core.keyword.builtin.CallTestCaseKeyword.callTestCase(CallTestCaseKeyword.groovy:81)
	at com.kms.katalon.core.keyword.builtin.CallTestCaseKeyword.execute(CallTestCaseKeyword.groovy:44)
	at com.kms.katalon.core.keyword.internal.KeywordExecutor.executeKeywordForPlatform(KeywordExecutor.groovy:60)
	at com.kms.katalon.core.keyword.BuiltinKeywords.callTestCase(BuiltinKeywords.groovy:334)
	at Flow Borrower.run(Flow Borrower:42)
	at com.kms.katalon.core.main.ScriptEngine.run(ScriptEngine.java:194)
	at com.kms.katalon.core.main.ScriptEngine.runScriptAsRawText(ScriptEngine.java:119)
	at com.kms.katalon.core.main.TestCaseExecutor.runScript(TestCaseExecutor.java:337)
	at com.kms.katalon.core.main.TestCaseExecutor.doExecute(TestCaseExecutor.java:328)
	at com.kms.katalon.core.main.TestCaseExecutor.processExecutionPhase(TestCaseExecutor.java:307)
	at com.kms.katalon.core.main.TestCaseExecutor.accessMainPhase(TestCaseExecutor.java:299)
	at com.kms.katalon.core.main.TestCaseExecutor.execute(TestCaseExecutor.java:233)
	at com.kms.katalon.core.main.TestCaseMain.runTestCase(TestCaseMain.java:114)
	at com.kms.katalon.core.keyword.builtin.CallTestCaseKeyword$_callTestCase_closure1.doCall(CallTestCaseKeyword.groovy:59)
	... 20 more
Caused by: com.kms.katalon.core.exception.StepFailedException: Object Object Repository/Borrower/Borrower - Pekerjaan/Borrower_Pekerjaan_InpPekerjaan not found
	at com.kms.katalon.core.keyword.internal.KeywordMain.stepFailed(KeywordMain.groovy:50)
	at com.kms.katalon.core.mobile.keyword.internal.MobileKeywordMain.stepFailed(MobileKeywordMain.groovy:40)
	at com.kms.katalon.core.mobile.keyword.builtin.GetTextKeyword$_getText_closure1.doCall(GetTextKeyword.groovy:74)
	at com.kms.katalon.core.mobile.keyword.builtin.GetTextKeyword$_getText_closure1.call(GetTextKeyword.groovy)
	at com.kms.katalon.core.mobile.keyword.internal.MobileKeywordMain.runKeyword(MobileKeywordMain.groovy:21)
	at com.kms.katalon.core.mobile.keyword.builtin.GetTextKeyword.getText(GetTextKeyword.groovy:80)
	at com.kms.katalon.core.mobile.keyword.builtin.GetTextKeyword.execute(GetTextKeyword.groovy:64)
	at com.kms.katalon.core.keyword.internal.KeywordExecutor.executeKeywordForPlatform(KeywordExecutor.groovy:60)
	at com.kms.katalon.core.mobile.keyword.MobileBuiltInKeywords.getText(MobileBuiltInKeywords.groovy:458)
	at com.kms.katalon.core.mobile.keyword.MobileBuiltInKeywords$getText$13.call(Unknown Source)
	at TC_Borrower - Pekerjaan - MASTER FLOW.run(TC_Borrower - Pekerjaan - MASTER FLOW:16)
	at com.kms.katalon.core.main.ScriptEngine.run(ScriptEngine.java:194)
	at com.kms.katalon.core.main.ScriptEngine.runScriptAsRawText(ScriptEngine.java:119)
	at com.kms.katalon.core.main.TestCaseExecutor.runScript(TestCaseExecutor.java:337)
	at com.kms.katalon.core.main.TestCaseExecutor.doExecute(TestCaseExecutor.java:328)
	at com.kms.katalon.core.main.TestCaseExecutor.processExecutionPhase(TestCaseExecutor.java:307)
	at com.kms.katalon.core.main.TestCaseExecutor.accessMainPhase(TestCaseExecutor.java:299)
	at com.kms.katalon.core.main.TestCaseExecutor.execute(TestCaseExecutor.java:233)
	at com.kms.katalon.core.main.TestCaseMain.runTestCase(TestCaseMain.java:114)
	at com.kms.katalon.core.keyword.builtin.CallTestCaseKeyword$_callTestCase_closure1.doCall(CallTestCaseKeyword.groovy:59)
	... 36 more


2019-11-21 09:56:38 - [TEST_STEP][PASSED] - callTestCase(findTestCase("dynamic test case/open application"), [:], STOP_ON_FAILURE): Call Test Case 'Test Cases/dynamic test case/open application' successfully

2019-11-21 09:56:38 - [TEST_CASE][PASSED] - Test Cases/dynamic test case/open application: Test Cases/dynamic test case/open application

2019-11-21 09:56:38 - [TEST_STEP][PASSED] - appPath = relativeToAbsolutePath(apkname, getProjectDir()): null

2019-11-21 09:56:38 - [TEST_STEP][PASSED] - startApplication(appPath, false): Started app at: 'C:\Users\15420\git\ACCME-Dupcheck\AccMe.apk'

2019-11-21 09:56:38 - [MESSAGE][INFO] - User set preference: ['unicodeKeyboard', 'true']

2019-11-21 09:56:38 - [MESSAGE][INFO] - User set preference: ['resetKeyboard', 'true']

2019-11-21 09:56:38 - [MESSAGE][INFO] - User set preference: ['deviceId', '']

2019-11-21 09:57:14 - [MESSAGE][PASSED] - Started app at: 'C:\Users\15420\git\ACCME-Dupcheck\AccMe.apk'

2019-11-21 09:57:14 - [MESSAGE][PASSED] - Call Test Case 'Test Cases/dynamic test case/open application' successfully

2019-11-21 09:57:14 - [TEST_STEP][PASSED] - callTestCase(findTestCase("Data Entry/Simulasi Kredit/Simulasi Kredit/MASTER FLOW/TC_Simulasi Kredit - MASTER FLOW"), ["varBrand":varBrand, "varType":varType, "varModel":varModel, "varTahun":varTahun, "varTenor":varTenor, "varOTR":varOTR, "varRP":varRP, ... ], OPTIONAL): Call Test Case 'Test Cases/Data Entry/Simulasi Kredit/Simulasi Kredit/MASTER FLOW/TC_Simulasi Kredit - MASTER FLOW' successfully

2019-11-21 09:57:14 - [TEST_CASE][PASSED] - Test Cases/Data Entry/Simulasi Kredit/Simulasi Kredit/MASTER FLOW/TC_Simulasi Kredit - MASTER FLOW: Test Cases/Data Entry/Simulasi Kredit/Simulasi Kredit/MASTER FLOW/TC_Simulasi Kredit - MASTER FLOW

2019-11-21 09:57:14 - [TEST_STEP][PASSED] - waitForElementPresent(findTestObject("Simulasi Kredit/Simulasi Kredit - Simulasi Kredit/SimulasiKredit_Btn Simulasi Kredit"), 0): Element 'Object Repository/Simulasi Kredit/Simulasi Kredit - Simulasi Kredit/SimulasiKredit_Btn Simulasi Kredit' is present

2019-11-21 09:57:15 - [MESSAGE][WARNING] - Timeout '0' is invalid. Using default page load timeout: '30'

2019-11-21 09:57:22 - [MESSAGE][PASSED] - Element 'Object Repository/Simulasi Kredit/Simulasi Kredit - Simulasi Kredit/SimulasiKredit_Btn Simulasi Kredit' is present

2019-11-21 09:57:22 - [TEST_STEP][PASSED] - tap(findTestObject("Simulasi Kredit/Simulasi Kredit - Simulasi Kredit/SimulasiKredit_Btn Simulasi Kredit"), 0): Tapped on element 'Object Repository/Simulasi Kredit/Simulasi Kredit - Simulasi Kredit/SimulasiKredit_Btn Simulasi Kredit'

2019-11-21 09:57:23 - [MESSAGE][WARNING] - Timeout '0' is invalid. Using default page load timeout: '30'

2019-11-21 09:57:24 - [MESSAGE][PASSED] - Tapped on element 'Object Repository/Simulasi Kredit/Simulasi Kredit - Simulasi Kredit/SimulasiKredit_Btn Simulasi Kredit'

2019-11-21 09:57:24 - [TEST_STEP][PASSED] - if (varPembiayaan == "NewCar"): Tapped on element 'Object Repository/Simulasi Kredit/Simulasi Kredit - Simulasi Kredit/SimulasiKredit_new car'

2019-11-21 09:57:24 - [TEST_STEP][PASSED] - tap(findTestObject("Simulasi Kredit/Simulasi Kredit - Simulasi Kredit/SimulasiKredit_new car"), 0): Tapped on element 'Object Repository/Simulasi Kredit/Simulasi Kredit - Simulasi Kredit/SimulasiKredit_new car'

2019-11-21 09:57:24 - [MESSAGE][WARNING] - Timeout '0' is invalid. Using default page load timeout: '30'

2019-11-21 09:57:29 - [MESSAGE][PASSED] - Tapped on element 'Object Repository/Simulasi Kredit/Simulasi Kredit - Simulasi Kredit/SimulasiKredit_new car'

2019-11-21 09:57:29 - [TEST_STEP][PASSED] - if (varPembiayaan == "UsedCar"): null

2019-11-21 09:57:29 - [TEST_STEP][PASSED] - if (varTipepembiayaan == "syariah"): null

2019-11-21 09:57:29 - [TEST_STEP][PASSED] - if (varTipepembiayaan == "konvensional"): null

2019-11-21 09:57:29 - [TEST_STEP][PASSED] - if (varkodepaket == "ya"): null

2019-11-21 09:57:29 - [TEST_STEP][PASSED] - setText(findTestObject("Simulasi Kredit/Simulasi Kredit - Simulasi Kredit/SimulasiKredit_Inp Brand"), varBrand, 0): Text 'TOYOTA' has been set to element 'Object Repository/Simulasi Kredit/Simulasi Kredit - Simulasi Kredit/SimulasiKredit_Inp Brand'

2019-11-21 09:57:29 - [MESSAGE][WARNING] - Timeout '0' is invalid. Using default page load timeout: '30'

2019-11-21 09:57:30 - [MESSAGE][PASSED] - Text 'TOYOTA' has been set to element 'Object Repository/Simulasi Kredit/Simulasi Kredit - Simulasi Kredit/SimulasiKredit_Inp Brand'

2019-11-21 09:57:30 - [TEST_STEP][PASSED] - tap(findTestObject("Simulasi Kredit/Simulasi Kredit - Simulasi Kredit/SimulasiKredit_Inp Brand"), 0): Tapped on element 'Object Repository/Simulasi Kredit/Simulasi Kredit - Simulasi Kredit/SimulasiKredit_Inp Brand'

2019-11-21 09:57:30 - [MESSAGE][WARNING] - Timeout '0' is invalid. Using default page load timeout: '30'

2019-11-21 09:57:35 - [MESSAGE][PASSED] - Tapped on element 'Object Repository/Simulasi Kredit/Simulasi Kredit - Simulasi Kredit/SimulasiKredit_Inp Brand'

2019-11-21 09:57:35 - [TEST_STEP][PASSED] - tap(findTestObject("dynamic object/pickListItem_viewView", ["text":varBrand]), 0): Tapped on element 'Object Repository/dynamic object/pickListItem_viewView'

2019-11-21 09:57:35 - [MESSAGE][WARNING] - Timeout '0' is invalid. Using default page load timeout: '30'

2019-11-21 09:57:38 - [MESSAGE][PASSED] - Tapped on element 'Object Repository/dynamic object/pickListItem_viewView'

2019-11-21 09:57:38 - [TEST_STEP][PASSED] - tap(findTestObject("Simulasi Kredit/Simulasi Kredit - Simulasi Kredit/SimulasiKredit_Inp Type"), 0): Tapped on element 'Object Repository/Simulasi Kredit/Simulasi Kredit - Simulasi Kredit/SimulasiKredit_Inp Type'

2019-11-21 09:57:38 - [MESSAGE][WARNING] - Timeout '0' is invalid. Using default page load timeout: '30'

2019-11-21 09:57:41 - [MESSAGE][PASSED] - Tapped on element 'Object Repository/Simulasi Kredit/Simulasi Kredit - Simulasi Kredit/SimulasiKredit_Inp Type'

2019-11-21 09:57:41 - [TEST_STEP][PASSED] - setText(findTestObject("Simulasi Kredit/Simulasi Kredit - Simulasi Kredit/SimulasiKredit_Inp Type"), varType, 0): Text 'ALL NEW YARIS' has been set to element 'Object Repository/Simulasi Kredit/Simulasi Kredit - Simulasi Kredit/SimulasiKredit_Inp Type'

2019-11-21 09:57:41 - [MESSAGE][WARNING] - Timeout '0' is invalid. Using default page load timeout: '30'

2019-11-21 09:57:44 - [MESSAGE][PASSED] - Text 'ALL NEW YARIS' has been set to element 'Object Repository/Simulasi Kredit/Simulasi Kredit - Simulasi Kredit/SimulasiKredit_Inp Type'

2019-11-21 09:57:44 - [TEST_STEP][PASSED] - delay(3): Delayed 3 second(s)

2019-11-21 09:57:47 - [MESSAGE][PASSED] - Delayed 3 second(s)

2019-11-21 09:57:47 - [TEST_STEP][PASSED] - tap(findTestObject("Simulasi Kredit/Simulasi Kredit - Simulasi Kredit/SimulasiKredit_Inp Type"), 0): Tapped on element 'Object Repository/Simulasi Kredit/Simulasi Kredit - Simulasi Kredit/SimulasiKredit_Inp Type'

2019-11-21 09:57:47 - [MESSAGE][WARNING] - Timeout '0' is invalid. Using default page load timeout: '30'

2019-11-21 09:57:49 - [MESSAGE][PASSED] - Tapped on element 'Object Repository/Simulasi Kredit/Simulasi Kredit - Simulasi Kredit/SimulasiKredit_Inp Type'

2019-11-21 09:57:49 - [TEST_STEP][PASSED] - tap(findTestObject("Simulasi Kredit/Simulasi Kredit - Simulasi Kredit/SimulasiKredit_Inp Type LOV"), 0): Tapped on element 'Object Repository/Simulasi Kredit/Simulasi Kredit - Simulasi Kredit/SimulasiKredit_Inp Type LOV'

2019-11-21 09:57:49 - [MESSAGE][WARNING] - Timeout '0' is invalid. Using default page load timeout: '30'

2019-11-21 09:57:52 - [MESSAGE][PASSED] - Tapped on element 'Object Repository/Simulasi Kredit/Simulasi Kredit - Simulasi Kredit/SimulasiKredit_Inp Type LOV'

2019-11-21 09:57:52 - [TEST_STEP][PASSED] - mobile.mobileSwipe.UpDown(0.8, 0.5, 1000): mobile.mobileSwipe.UpDown is PASSED

2019-11-21 09:57:53 - [MESSAGE][PASSED] - Current device physical height is 2131

2019-11-21 09:57:53 - [MESSAGE][INFO] - Device Height : 2131

2019-11-21 09:57:54 - [MESSAGE][PASSED] - Current device physical width is 1080

2019-11-21 09:57:54 - [MESSAGE][INFO] - Device Width : 1080

2019-11-21 09:57:54 - [MESSAGE][INFO] - Swipe start at Height : 1704

2019-11-21 09:57:54 - [MESSAGE][INFO] - Swipe end at Height : 1065

2019-11-21 09:57:54 - [MESSAGE][INFO] - X Position : 1000

2019-11-21 09:57:56 - [MESSAGE][PASSED] - Swiped from 1,000,1,704 to 1,000,1,065

2019-11-21 09:57:56 - [MESSAGE][PASSED] - mobile.mobileSwipe.UpDown is PASSED

2019-11-21 09:57:56 - [TEST_STEP][PASSED] - tap(findTestObject("Simulasi Kredit/Simulasi Kredit - Simulasi Kredit/SimulasiKredit_Inp Model"), 0): Tapped on element 'Object Repository/Simulasi Kredit/Simulasi Kredit - Simulasi Kredit/SimulasiKredit_Inp Model'

2019-11-21 09:57:56 - [MESSAGE][WARNING] - Timeout '0' is invalid. Using default page load timeout: '30'

2019-11-21 09:57:59 - [MESSAGE][PASSED] - Tapped on element 'Object Repository/Simulasi Kredit/Simulasi Kredit - Simulasi Kredit/SimulasiKredit_Inp Model'

2019-11-21 09:57:59 - [TEST_STEP][PASSED] - scrollToText(varModel, STOP_ON_FAILURE): Scrolling to text '1.5TRD SPRTV AT' successfully

2019-11-21 09:58:03 - [MESSAGE][PASSED] - Scrolling to text '1.5TRD SPRTV AT' successfully

2019-11-21 09:58:03 - [TEST_STEP][PASSED] - tap(findTestObject("dynamic object/pickListItem_checkedTextView", ["text":varModel]), 0): Tapped on element 'Object Repository/dynamic object/pickListItem_checkedTextView'

2019-11-21 09:58:03 - [MESSAGE][WARNING] - Timeout '0' is invalid. Using default page load timeout: '30'

2019-11-21 09:58:05 - [MESSAGE][PASSED] - Tapped on element 'Object Repository/dynamic object/pickListItem_checkedTextView'

2019-11-21 09:58:05 - [TEST_STEP][PASSED] - tap(findTestObject("Simulasi Kredit/Simulasi Kredit - Simulasi Kredit/SimulasiKredit_Tahun"), 0): Tapped on element 'Object Repository/Simulasi Kredit/Simulasi Kredit - Simulasi Kredit/SimulasiKredit_Tahun'

2019-11-21 09:58:05 - [MESSAGE][WARNING] - Timeout '0' is invalid. Using default page load timeout: '30'

2019-11-21 09:58:07 - [MESSAGE][PASSED] - Tapped on element 'Object Repository/Simulasi Kredit/Simulasi Kredit - Simulasi Kredit/SimulasiKredit_Tahun'

2019-11-21 09:58:07 - [TEST_STEP][PASSED] - scrollToText(varTahun, STOP_ON_FAILURE): Scrolling to text '2018' successfully

2019-11-21 09:58:09 - [MESSAGE][PASSED] - Scrolling to text '2018' successfully

2019-11-21 09:58:09 - [TEST_STEP][PASSED] - tap(findTestObject("dynamic object/pickListItem_checkedTextView", ["text":varTahun]), 0): Tapped on element 'Object Repository/dynamic object/pickListItem_checkedTextView'

2019-11-21 09:58:09 - [MESSAGE][WARNING] - Timeout '0' is invalid. Using default page load timeout: '30'

2019-11-21 09:58:10 - [MESSAGE][PASSED] - Tapped on element 'Object Repository/dynamic object/pickListItem_checkedTextView'

2019-11-21 09:58:10 - [TEST_STEP][PASSED] - tap(findTestObject("Simulasi Kredit/Simulasi Kredit - Simulasi Kredit/SimulasiKredit_Tenor"), 0): Tapped on element 'Object Repository/Simulasi Kredit/Simulasi Kredit - Simulasi Kredit/SimulasiKredit_Tenor'

2019-11-21 09:58:10 - [MESSAGE][WARNING] - Timeout '0' is invalid. Using default page load timeout: '30'

2019-11-21 09:58:13 - [MESSAGE][PASSED] - Tapped on element 'Object Repository/Simulasi Kredit/Simulasi Kredit - Simulasi Kredit/SimulasiKredit_Tenor'

2019-11-21 09:58:13 - [TEST_STEP][PASSED] - tap(findTestObject("dynamic object/pickListItem_checkedTextView", ["text":varTenor]), 0): Tapped on element 'Object Repository/dynamic object/pickListItem_checkedTextView'

2019-11-21 09:58:13 - [MESSAGE][WARNING] - Timeout '0' is invalid. Using default page load timeout: '30'

2019-11-21 09:58:14 - [MESSAGE][PASSED] - Tapped on element 'Object Repository/dynamic object/pickListItem_checkedTextView'

2019-11-21 09:58:14 - [TEST_STEP][PASSED] - setText(findTestObject("Simulasi Kredit/Simulasi Kredit - Simulasi Kredit/SimulasiKredit_Inp OTR"), varOTR, 0): Text '256100000' has been set to element 'Object Repository/Simulasi Kredit/Simulasi Kredit - Simulasi Kredit/SimulasiKredit_Inp OTR'

2019-11-21 09:58:15 - [MESSAGE][WARNING] - Timeout '0' is invalid. Using default page load timeout: '30'

2019-11-21 09:58:17 - [MESSAGE][PASSED] - Text '256100000' has been set to element 'Object Repository/Simulasi Kredit/Simulasi Kredit - Simulasi Kredit/SimulasiKredit_Inp OTR'

2019-11-21 09:58:17 - [TEST_STEP][PASSED] - setText(findTestObject("Simulasi Kredit/Simulasi Kredit - Simulasi Kredit/SimulasiKredit_Inp RP"), varRP, 0): Text '64631000' has been set to element 'Object Repository/Simulasi Kredit/Simulasi Kredit - Simulasi Kredit/SimulasiKredit_Inp RP'

2019-11-21 09:58:17 - [MESSAGE][WARNING] - Timeout '0' is invalid. Using default page load timeout: '30'

2019-11-21 09:58:20 - [MESSAGE][PASSED] - Text '64631000' has been set to element 'Object Repository/Simulasi Kredit/Simulasi Kredit - Simulasi Kredit/SimulasiKredit_Inp RP'

2019-11-21 09:58:20 - [TEST_STEP][PASSED] - mobile.mobileSwipe.UpDown(0.5, 0.2, 1000): mobile.mobileSwipe.UpDown is PASSED

2019-11-21 09:58:21 - [MESSAGE][PASSED] - Current device physical height is 2131

2019-11-21 09:58:21 - [MESSAGE][INFO] - Device Height : 2131

2019-11-21 09:58:22 - [MESSAGE][PASSED] - Current device physical width is 1080

2019-11-21 09:58:22 - [MESSAGE][INFO] - Device Width : 1080

2019-11-21 09:58:22 - [MESSAGE][INFO] - Swipe start at Height : 1065

2019-11-21 09:58:22 - [MESSAGE][INFO] - Swipe end at Height : 426

2019-11-21 09:58:22 - [MESSAGE][INFO] - X Position : 1000

2019-11-21 09:58:25 - [MESSAGE][PASSED] - Swiped from 1,000,1,065 to 1,000,426

2019-11-21 09:58:25 - [MESSAGE][PASSED] - mobile.mobileSwipe.UpDown is PASSED

2019-11-21 09:58:25 - [TEST_STEP][PASSED] - setText(findTestObject("Simulasi Kredit/Simulasi Kredit - Simulasi Kredit/SimulasiKredit_Inp Dealer"), varDealer, 0): Text 'ABDUL QODIR J. H' has been set to element 'Object Repository/Simulasi Kredit/Simulasi Kredit - Simulasi Kredit/SimulasiKredit_Inp Dealer'

2019-11-21 09:58:25 - [MESSAGE][WARNING] - Timeout '0' is invalid. Using default page load timeout: '30'

2019-11-21 09:58:26 - [MESSAGE][PASSED] - Text 'ABDUL QODIR J. H' has been set to element 'Object Repository/Simulasi Kredit/Simulasi Kredit - Simulasi Kredit/SimulasiKredit_Inp Dealer'

2019-11-21 09:58:26 - [TEST_STEP][PASSED] - tap(findTestObject("Simulasi Kredit/Simulasi Kredit - Simulasi Kredit/SimulasiKredit_Inp Dealer"), 0): Tapped on element 'Object Repository/Simulasi Kredit/Simulasi Kredit - Simulasi Kredit/SimulasiKredit_Inp Dealer'

2019-11-21 09:58:26 - [MESSAGE][WARNING] - Timeout '0' is invalid. Using default page load timeout: '30'

2019-11-21 09:58:30 - [MESSAGE][PASSED] - Tapped on element 'Object Repository/Simulasi Kredit/Simulasi Kredit - Simulasi Kredit/SimulasiKredit_Inp Dealer'

2019-11-21 09:58:30 - [TEST_STEP][PASSED] - clearText(findTestObject("Simulasi Kredit/Simulasi Kredit - Simulasi Kredit/SimulasiKredit_Inp Dealer"), 0): Element 'Object Repository/Simulasi Kredit/Simulasi Kredit - Simulasi Kredit/SimulasiKredit_Inp Dealer' text is cleared

2019-11-21 09:58:30 - [MESSAGE][WARNING] - Timeout '0' is invalid. Using default page load timeout: '30'

2019-11-21 09:58:31 - [MESSAGE][PASSED] - Element 'Object Repository/Simulasi Kredit/Simulasi Kredit - Simulasi Kredit/SimulasiKredit_Inp Dealer' text is cleared

2019-11-21 09:58:31 - [TEST_STEP][PASSED] - setText(findTestObject("Simulasi Kredit/Simulasi Kredit - Simulasi Kredit/SimulasiKredit_Inp Dealer"), varDealer, 0): Text 'ABDUL QODIR J. H' has been set to element 'Object Repository/Simulasi Kredit/Simulasi Kredit - Simulasi Kredit/SimulasiKredit_Inp Dealer'

2019-11-21 09:58:31 - [MESSAGE][WARNING] - Timeout '0' is invalid. Using default page load timeout: '30'

2019-11-21 09:58:33 - [MESSAGE][PASSED] - Text 'ABDUL QODIR J. H' has been set to element 'Object Repository/Simulasi Kredit/Simulasi Kredit - Simulasi Kredit/SimulasiKredit_Inp Dealer'

2019-11-21 09:58:33 - [TEST_STEP][PASSED] - delay(4, STOP_ON_FAILURE): Delayed 4 second(s)

2019-11-21 09:58:37 - [MESSAGE][PASSED] - Delayed 4 second(s)

2019-11-21 09:58:37 - [TEST_STEP][PASSED] - tap(findTestObject("Simulasi Kredit/Simulasi Kredit - Simulasi Kredit/SimulasiKredit_LOV Dealer"), 0): Tapped on element 'Object Repository/Simulasi Kredit/Simulasi Kredit - Simulasi Kredit/SimulasiKredit_LOV Dealer'

2019-11-21 09:58:37 - [MESSAGE][WARNING] - Timeout '0' is invalid. Using default page load timeout: '30'

2019-11-21 09:58:40 - [MESSAGE][PASSED] - Tapped on element 'Object Repository/Simulasi Kredit/Simulasi Kredit - Simulasi Kredit/SimulasiKredit_LOV Dealer'

2019-11-21 09:58:40 - [TEST_STEP][PASSED] - setText(findTestObject("Simulasi Kredit/Simulasi Kredit - Simulasi Kredit/SimulasiKredit_Inp Sales Dealer"), varSales, 0): Text 'ABDUL QADIR' has been set to element 'Object Repository/Simulasi Kredit/Simulasi Kredit - Simulasi Kredit/SimulasiKredit_Inp Sales Dealer'

2019-11-21 09:58:40 - [MESSAGE][WARNING] - Timeout '0' is invalid. Using default page load timeout: '30'

2019-11-21 09:58:42 - [MESSAGE][PASSED] - Text 'ABDUL QADIR' has been set to element 'Object Repository/Simulasi Kredit/Simulasi Kredit - Simulasi Kredit/SimulasiKredit_Inp Sales Dealer'

2019-11-21 09:58:42 - [TEST_STEP][PASSED] - tap(findTestObject("Simulasi Kredit/Simulasi Kredit - Simulasi Kredit/SimulasiKredit_Inp Sales Dealer"), 0): Tapped on element 'Object Repository/Simulasi Kredit/Simulasi Kredit - Simulasi Kredit/SimulasiKredit_Inp Sales Dealer'

2019-11-21 09:58:42 - [MESSAGE][WARNING] - Timeout '0' is invalid. Using default page load timeout: '30'

2019-11-21 09:58:45 - [MESSAGE][PASSED] - Tapped on element 'Object Repository/Simulasi Kredit/Simulasi Kredit - Simulasi Kredit/SimulasiKredit_Inp Sales Dealer'

2019-11-21 09:58:45 - [TEST_STEP][PASSED] - tap(findTestObject("Simulasi Kredit/Simulasi Kredit - Simulasi Kredit/SimulasiKredit_LOV Sales Dealer"), 0): Tapped on element 'Object Repository/Simulasi Kredit/Simulasi Kredit - Simulasi Kredit/SimulasiKredit_LOV Sales Dealer'

2019-11-21 09:58:45 - [MESSAGE][WARNING] - Timeout '0' is invalid. Using default page load timeout: '30'

2019-11-21 09:59:15 - [MESSAGE][PASSED] - Tapped on element 'Object Repository/Simulasi Kredit/Simulasi Kredit - Simulasi Kredit/SimulasiKredit_LOV Sales Dealer'

2019-11-21 09:59:15 - [TEST_STEP][PASSED] - tap(findTestObject("Simulasi Kredit/Simulasi Kredit - Simulasi Kredit/SimulasiKredit_Btn Hitung"), 0): Tapped on element 'Object Repository/Simulasi Kredit/Simulasi Kredit - Simulasi Kredit/SimulasiKredit_Btn Hitung'

2019-11-21 09:59:15 - [MESSAGE][WARNING] - Timeout '0' is invalid. Using default page load timeout: '30'

2019-11-21 09:59:18 - [MESSAGE][PASSED] - Tapped on element 'Object Repository/Simulasi Kredit/Simulasi Kredit - Simulasi Kredit/SimulasiKredit_Btn Hitung'

2019-11-21 09:59:18 - [TEST_STEP][PASSED] - delay(60, STOP_ON_FAILURE): Delayed 60 second(s)

2019-11-21 10:00:18 - [MESSAGE][PASSED] - Delayed 60 second(s)

2019-11-21 10:00:18 - [TEST_STEP][PASSED] - tap(findTestObject("Simulasi Kredit/Simulasi Kredit - Simulasi Kredit/SimulasiKredit_Btn Berikutnya"), 0): Tapped on element 'Object Repository/Simulasi Kredit/Simulasi Kredit - Simulasi Kredit/SimulasiKredit_Btn Berikutnya'

2019-11-21 10:00:18 - [MESSAGE][WARNING] - Timeout '0' is invalid. Using default page load timeout: '30'

2019-11-21 10:00:20 - [MESSAGE][PASSED] - Tapped on element 'Object Repository/Simulasi Kredit/Simulasi Kredit - Simulasi Kredit/SimulasiKredit_Btn Berikutnya'

2019-11-21 10:00:20 - [TEST_STEP][PASSED] - delay(1, STOP_ON_FAILURE): Delayed 1 second(s)

2019-11-21 10:00:21 - [MESSAGE][PASSED] - Delayed 1 second(s)

2019-11-21 10:00:21 - [TEST_STEP][PASSED] - waitForElementPresent(findTestObject("Simulasi Kredit/Simulasi Kredit - Asuransi/Asuransi_Nama Asuransi"), 0): Element 'Object Repository/Simulasi Kredit/Simulasi Kredit - Asuransi/Asuransi_Nama Asuransi' is present

2019-11-21 10:00:22 - [MESSAGE][WARNING] - Timeout '0' is invalid. Using default page load timeout: '30'

2019-11-21 10:00:23 - [MESSAGE][PASSED] - Element 'Object Repository/Simulasi Kredit/Simulasi Kredit - Asuransi/Asuransi_Nama Asuransi' is present

2019-11-21 10:00:23 - [MESSAGE][PASSED] - Call Test Case 'Test Cases/Data Entry/Simulasi Kredit/Simulasi Kredit/MASTER FLOW/TC_Simulasi Kredit - MASTER FLOW' successfully

2019-11-21 10:00:23 - [TEST_STEP][PASSED] - callTestCase(findTestCase("Data Entry/Simulasi Kredit/Simulasi Kredit - Asuransi/MASTER FLOW/TC_Asuransi - MASTER FLOW"), ["varAsuransi":varAsuransi, "varKodeWilayah":varKodeWilayah], STOP_ON_FAILURE): Call Test Case 'Test Cases/Data Entry/Simulasi Kredit/Simulasi Kredit - Asuransi/MASTER FLOW/TC_Asuransi - MASTER FLOW' successfully

2019-11-21 10:00:23 - [TEST_CASE][PASSED] - Test Cases/Data Entry/Simulasi Kredit/Simulasi Kredit - Asuransi/MASTER FLOW/TC_Asuransi - MASTER FLOW: Test Cases/Data Entry/Simulasi Kredit/Simulasi Kredit - Asuransi/MASTER FLOW/TC_Asuransi - MASTER FLOW

2019-11-21 10:00:23 - [TEST_STEP][PASSED] - delay(2, STOP_ON_FAILURE): Delayed 2 second(s)

2019-11-21 10:00:25 - [MESSAGE][PASSED] - Delayed 2 second(s)

2019-11-21 10:00:25 - [TEST_STEP][PASSED] - tap(findTestObject("Simulasi Kredit/Simulasi Kredit - Asuransi/Asuransi_Nama Asuransi"), 0): Tapped on element 'Object Repository/Simulasi Kredit/Simulasi Kredit - Asuransi/Asuransi_Nama Asuransi'

2019-11-21 10:00:25 - [MESSAGE][WARNING] - Timeout '0' is invalid. Using default page load timeout: '30'

2019-11-21 10:00:28 - [MESSAGE][PASSED] - Tapped on element 'Object Repository/Simulasi Kredit/Simulasi Kredit - Asuransi/Asuransi_Nama Asuransi'

2019-11-21 10:00:28 - [TEST_STEP][PASSED] - setText(findTestObject("Simulasi Kredit/Simulasi Kredit - Asuransi/Asuransi_Nama Asuransi"), varAsuransi, 0): Text 'PT AAB REGULER OJK 2017(305001)' has been set to element 'Object Repository/Simulasi Kredit/Simulasi Kredit - Asuransi/Asuransi_Nama Asuransi'

2019-11-21 10:00:28 - [MESSAGE][WARNING] - Timeout '0' is invalid. Using default page load timeout: '30'

2019-11-21 10:00:31 - [MESSAGE][PASSED] - Text 'PT AAB REGULER OJK 2017(305001)' has been set to element 'Object Repository/Simulasi Kredit/Simulasi Kredit - Asuransi/Asuransi_Nama Asuransi'

2019-11-21 10:00:31 - [TEST_STEP][PASSED] - tap(findTestObject("Simulasi Kredit/Simulasi Kredit - Asuransi/Asuransi_LOV Nama Asuransi"), 0): Tapped on element 'Object Repository/Simulasi Kredit/Simulasi Kredit - Asuransi/Asuransi_LOV Nama Asuransi'

2019-11-21 10:00:31 - [MESSAGE][WARNING] - Timeout '0' is invalid. Using default page load timeout: '30'

2019-11-21 10:00:35 - [MESSAGE][PASSED] - Tapped on element 'Object Repository/Simulasi Kredit/Simulasi Kredit - Asuransi/Asuransi_LOV Nama Asuransi'

2019-11-21 10:00:35 - [TEST_STEP][PASSED] - delay(1, STOP_ON_FAILURE): Delayed 1 second(s)

2019-11-21 10:00:36 - [MESSAGE][PASSED] - Delayed 1 second(s)

2019-11-21 10:00:36 - [TEST_STEP][PASSED] - tap(findTestObject("Simulasi Kredit/Simulasi Kredit - Asuransi/Asuransi_KDWilayah"), 0): Tapped on element 'Object Repository/Simulasi Kredit/Simulasi Kredit - Asuransi/Asuransi_KDWilayah'

2019-11-21 10:00:36 - [MESSAGE][WARNING] - Timeout '0' is invalid. Using default page load timeout: '30'

2019-11-21 10:00:38 - [MESSAGE][PASSED] - Tapped on element 'Object Repository/Simulasi Kredit/Simulasi Kredit - Asuransi/Asuransi_KDWilayah'

2019-11-21 10:00:38 - [TEST_STEP][PASSED] - tap(findTestObject("dynamic object/pickListItem_checkedTextView", ["text":varKodeWilayah]), 0): Tapped on element 'Object Repository/dynamic object/pickListItem_checkedTextView'

2019-11-21 10:00:38 - [MESSAGE][WARNING] - Timeout '0' is invalid. Using default page load timeout: '30'

2019-11-21 10:00:39 - [MESSAGE][PASSED] - Tapped on element 'Object Repository/dynamic object/pickListItem_checkedTextView'

2019-11-21 10:00:39 - [TEST_STEP][PASSED] - tap(findTestObject("Simulasi Kredit/Simulasi Kredit - Asuransi/asuransi_BtnARPlus"), 0): Tapped on element 'Object Repository/Simulasi Kredit/Simulasi Kredit - Asuransi/asuransi_BtnARPlus'

2019-11-21 10:00:40 - [MESSAGE][WARNING] - Timeout '0' is invalid. Using default page load timeout: '30'

2019-11-21 10:00:41 - [MESSAGE][PASSED] - Tapped on element 'Object Repository/Simulasi Kredit/Simulasi Kredit - Asuransi/asuransi_BtnARPlus'

2019-11-21 10:00:41 - [TEST_STEP][PASSED] - tap(findTestObject("Simulasi Kredit/Simulasi Kredit - Asuransi/asuransi_BtnCashPlus"), 0): Tapped on element 'Object Repository/Simulasi Kredit/Simulasi Kredit - Asuransi/asuransi_BtnCashPlus'

2019-11-21 10:00:42 - [MESSAGE][WARNING] - Timeout '0' is invalid. Using default page load timeout: '30'

2019-11-21 10:00:43 - [MESSAGE][PASSED] - Tapped on element 'Object Repository/Simulasi Kredit/Simulasi Kredit - Asuransi/asuransi_BtnCashPlus'

2019-11-21 10:00:43 - [TEST_STEP][PASSED] - delay(2, STOP_ON_FAILURE): Delayed 2 second(s)

2019-11-21 10:00:45 - [MESSAGE][PASSED] - Delayed 2 second(s)

2019-11-21 10:00:45 - [TEST_STEP][PASSED] - tap(findTestObject("Simulasi Kredit/Simulasi Kredit - Asuransi/Asuransi_Hitung"), 0): Tapped on element 'Object Repository/Simulasi Kredit/Simulasi Kredit - Asuransi/Asuransi_Hitung'

2019-11-21 10:00:45 - [MESSAGE][WARNING] - Timeout '0' is invalid. Using default page load timeout: '30'

2019-11-21 10:00:48 - [MESSAGE][PASSED] - Tapped on element 'Object Repository/Simulasi Kredit/Simulasi Kredit - Asuransi/Asuransi_Hitung'

2019-11-21 10:00:48 - [TEST_STEP][PASSED] - delay(30, STOP_ON_FAILURE): Delayed 30 second(s)

2019-11-21 10:01:18 - [MESSAGE][PASSED] - Delayed 30 second(s)

2019-11-21 10:01:18 - [TEST_STEP][PASSED] - tap(findTestObject("Simulasi Kredit/Simulasi Kredit - Asuransi/Asuransi_Berikutnya"), 0): Tapped on element 'Object Repository/Simulasi Kredit/Simulasi Kredit - Asuransi/Asuransi_Berikutnya'

2019-11-21 10:01:18 - [MESSAGE][WARNING] - Timeout '0' is invalid. Using default page load timeout: '30'

2019-11-21 10:01:21 - [MESSAGE][PASSED] - Tapped on element 'Object Repository/Simulasi Kredit/Simulasi Kredit - Asuransi/Asuransi_Berikutnya'

2019-11-21 10:01:21 - [MESSAGE][PASSED] - Call Test Case 'Test Cases/Data Entry/Simulasi Kredit/Simulasi Kredit - Asuransi/MASTER FLOW/TC_Asuransi - MASTER FLOW' successfully

2019-11-21 10:01:21 - [TEST_STEP][PASSED] - callTestCase(findTestCase("Data Entry/Simulasi Kredit/Kategori Loan/MASTER FLOW/TC_Kategori Loan - Master FLOW"), ["varOpsiNPWP":varOpsiNPWP], STOP_ON_FAILURE): Call Test Case 'Test Cases/Data Entry/Simulasi Kredit/Kategori Loan/MASTER FLOW/TC_Kategori Loan - Master FLOW' successfully

2019-11-21 10:01:21 - [TEST_CASE][PASSED] - Test Cases/Data Entry/Simulasi Kredit/Kategori Loan/MASTER FLOW/TC_Kategori Loan - Master FLOW: Test Cases/Data Entry/Simulasi Kredit/Kategori Loan/MASTER FLOW/TC_Kategori Loan - Master FLOW

2019-11-21 10:01:21 - [TEST_STEP][PASSED] - switch (varOpsiNPWP.toString()): null

2019-11-21 10:01:21 - [TEST_STEP][PASSED] - case "Approval":: null

2019-11-21 10:01:21 - [TEST_STEP][PASSED] - tap(findTestObject("Simulasi Kredit/Simulasi Kredit - Kategori Loan/KategoriLoan_Opsi NPWP Approval"), 0): Tapped on element 'Object Repository/Simulasi Kredit/Simulasi Kredit - Kategori Loan/KategoriLoan_Opsi NPWP Approval'

2019-11-21 10:01:21 - [MESSAGE][WARNING] - Timeout '0' is invalid. Using default page load timeout: '30'

2019-11-21 10:01:23 - [MESSAGE][PASSED] - Tapped on element 'Object Repository/Simulasi Kredit/Simulasi Kredit - Kategori Loan/KategoriLoan_Opsi NPWP Approval'

2019-11-21 10:01:23 - [TEST_STEP][PASSED] - break: null

2019-11-21 10:01:23 - [TEST_STEP][PASSED] - delay(2, STOP_ON_FAILURE): Delayed 2 second(s)

2019-11-21 10:01:25 - [MESSAGE][PASSED] - Delayed 2 second(s)

2019-11-21 10:01:25 - [TEST_STEP][PASSED] - tap(findTestObject("Simulasi Kredit/Simulasi Kredit - Kategori Loan/KategoriLoan_Berikutnya"), 0): Tapped on element 'Object Repository/Simulasi Kredit/Simulasi Kredit - Kategori Loan/KategoriLoan_Berikutnya'

2019-11-21 10:01:25 - [MESSAGE][WARNING] - Timeout '0' is invalid. Using default page load timeout: '30'

2019-11-21 10:01:28 - [MESSAGE][PASSED] - Tapped on element 'Object Repository/Simulasi Kredit/Simulasi Kredit - Kategori Loan/KategoriLoan_Berikutnya'

2019-11-21 10:01:28 - [MESSAGE][PASSED] - Call Test Case 'Test Cases/Data Entry/Simulasi Kredit/Kategori Loan/MASTER FLOW/TC_Kategori Loan - Master FLOW' successfully

2019-11-21 10:01:28 - [TEST_STEP][PASSED] - callTestCase(findTestCase("Data Entry/Simulasi Kredit/Loan Detail/MASTER FLOW/TC_Loan Detail - MASTER FLOW"), [:], STOP_ON_FAILURE): Call Test Case 'Test Cases/Data Entry/Simulasi Kredit/Loan Detail/MASTER FLOW/TC_Loan Detail - MASTER FLOW' successfully

2019-11-21 10:01:28 - [TEST_CASE][PASSED] - Test Cases/Data Entry/Simulasi Kredit/Loan Detail/MASTER FLOW/TC_Loan Detail - MASTER FLOW: Test Cases/Data Entry/Simulasi Kredit/Loan Detail/MASTER FLOW/TC_Loan Detail - MASTER FLOW

2019-11-21 10:01:28 - [TEST_STEP][PASSED] - mobile.mobileSwipe.RightLeft(0.9, 0.5, 600): mobile.mobileSwipe.RightLeft is PASSED

2019-11-21 10:01:29 - [MESSAGE][PASSED] - Current device physical width is 1080

2019-11-21 10:01:30 - [MESSAGE][PASSED] - Current device physical height is 2131

2019-11-21 10:01:30 - [MESSAGE][INFO] - Device Height : 2131

2019-11-21 10:01:30 - [MESSAGE][INFO] - Device Width : 1080

2019-11-21 10:01:30 - [MESSAGE][INFO] - Swipe start at Width : 971

2019-11-21 10:01:30 - [MESSAGE][INFO] - Swipe end at Witdh : 540

2019-11-21 10:01:30 - [MESSAGE][INFO] - Y Position : 600

2019-11-21 10:01:32 - [MESSAGE][PASSED] - Swiped from 971,600 to 540,600

2019-11-21 10:01:32 - [MESSAGE][PASSED] - mobile.mobileSwipe.RightLeft is PASSED

2019-11-21 10:01:32 - [TEST_STEP][PASSED] - delay(3, STOP_ON_FAILURE): Delayed 3 second(s)

2019-11-21 10:01:35 - [MESSAGE][PASSED] - Delayed 3 second(s)

2019-11-21 10:01:35 - [TEST_STEP][PASSED] - mobile.mobileSwipe.UpDown(0.8, 0.4, 1000): mobile.mobileSwipe.UpDown is PASSED

2019-11-21 10:01:36 - [MESSAGE][PASSED] - Current device physical height is 2131

2019-11-21 10:01:36 - [MESSAGE][INFO] - Device Height : 2131

2019-11-21 10:01:37 - [MESSAGE][PASSED] - Current device physical width is 1080

2019-11-21 10:01:37 - [MESSAGE][INFO] - Device Width : 1080

2019-11-21 10:01:37 - [MESSAGE][INFO] - Swipe start at Height : 1704

2019-11-21 10:01:37 - [MESSAGE][INFO] - Swipe end at Height : 852

2019-11-21 10:01:37 - [MESSAGE][INFO] - X Position : 1000

2019-11-21 10:01:39 - [MESSAGE][PASSED] - Swiped from 1,000,1,704 to 1,000,852

2019-11-21 10:01:39 - [MESSAGE][PASSED] - mobile.mobileSwipe.UpDown is PASSED

2019-11-21 10:01:39 - [TEST_STEP][PASSED] - delay(7, STOP_ON_FAILURE): Delayed 7 second(s)

2019-11-21 10:01:46 - [MESSAGE][PASSED] - Delayed 7 second(s)

2019-11-21 10:01:46 - [TEST_STEP][PASSED] - tap(findTestObject("Simulasi Kredit/Simulasi Kredit - Loan Detail/LoanDetail_Hitung"), 0): Tapped on element 'Object Repository/Simulasi Kredit/Simulasi Kredit - Loan Detail/LoanDetail_Hitung'

2019-11-21 10:01:46 - [MESSAGE][WARNING] - Timeout '0' is invalid. Using default page load timeout: '30'

2019-11-21 10:01:49 - [MESSAGE][PASSED] - Tapped on element 'Object Repository/Simulasi Kredit/Simulasi Kredit - Loan Detail/LoanDetail_Hitung'

2019-11-21 10:01:49 - [TEST_STEP][PASSED] - delay(30, STOP_ON_FAILURE): Delayed 30 second(s)

2019-11-21 10:02:19 - [MESSAGE][PASSED] - Delayed 30 second(s)

2019-11-21 10:02:19 - [TEST_STEP][PASSED] - tap(findTestObject("Simulasi Kredit/Simulasi Kredit - Loan Detail/LoanDetail_Berikutnya"), 0): Tapped on element 'Object Repository/Simulasi Kredit/Simulasi Kredit - Loan Detail/LoanDetail_Berikutnya'

2019-11-21 10:02:19 - [MESSAGE][WARNING] - Timeout '0' is invalid. Using default page load timeout: '30'

2019-11-21 10:02:21 - [MESSAGE][PASSED] - Tapped on element 'Object Repository/Simulasi Kredit/Simulasi Kredit - Loan Detail/LoanDetail_Berikutnya'

2019-11-21 10:02:21 - [TEST_STEP][PASSED] - delay(30, STOP_ON_FAILURE): Delayed 30 second(s)

2019-11-21 10:02:51 - [MESSAGE][PASSED] - Delayed 30 second(s)

2019-11-21 10:02:51 - [TEST_STEP][PASSED] - tap(findTestObject("Simulasi Kredit/Simulasi Kredit - Loan Detail/LoanDetail_Berikutnya"), 0): Tapped on element 'Object Repository/Simulasi Kredit/Simulasi Kredit - Loan Detail/LoanDetail_Berikutnya'

2019-11-21 10:02:52 - [MESSAGE][WARNING] - Timeout '0' is invalid. Using default page load timeout: '30'

2019-11-21 10:02:53 - [MESSAGE][PASSED] - Tapped on element 'Object Repository/Simulasi Kredit/Simulasi Kredit - Loan Detail/LoanDetail_Berikutnya'

2019-11-21 10:02:53 - [TEST_STEP][PASSED] - delay(30, STOP_ON_FAILURE): Delayed 30 second(s)

2019-11-21 10:03:23 - [MESSAGE][PASSED] - Delayed 30 second(s)

2019-11-21 10:03:23 - [MESSAGE][PASSED] - Call Test Case 'Test Cases/Data Entry/Simulasi Kredit/Loan Detail/MASTER FLOW/TC_Loan Detail - MASTER FLOW' successfully

2019-11-21 10:03:23 - [TEST_STEP][PASSED] - callTestCase(findTestCase("Data Entry/Upload Document/Borrower/MASTER FLOW/TC_Upload Document - borrower - MASTER FLOW"), ["Borrower_varKTP":Borrower_varKTP], STOP_ON_FAILURE): Call Test Case 'Test Cases/Data Entry/Upload Document/Borrower/MASTER FLOW/TC_Upload Document - borrower - MASTER FLOW' successfully

2019-11-21 10:03:23 - [TEST_CASE][PASSED] - Test Cases/Data Entry/Upload Document/Borrower/MASTER FLOW/TC_Upload Document - borrower - MASTER FLOW: Test Cases/Data Entry/Upload Document/Borrower/MASTER FLOW/TC_Upload Document - borrower - MASTER FLOW

2019-11-21 10:03:23 - [TEST_STEP][PASSED] - tap(findTestObject("Upload Document/Upload Document - Item Upload/UnggahDokumen_BtnKTP"), 0): Tapped on element 'Object Repository/Upload Document/Upload Document - Item Upload/UnggahDokumen_BtnKTP'

2019-11-21 10:03:24 - [MESSAGE][WARNING] - Timeout '0' is invalid. Using default page load timeout: '30'

2019-11-21 10:03:26 - [MESSAGE][PASSED] - Tapped on element 'Object Repository/Upload Document/Upload Document - Item Upload/UnggahDokumen_BtnKTP'

2019-11-21 10:03:26 - [TEST_STEP][PASSED] - if (verifyElementVisible(findTestObject("Upload Document/Upload Document - Item Upload/UnggahDokumen_BtnGallery"), 3, OPTIONAL)): Element 'Object Repository/Upload Document/Upload Document - Item Upload/UnggahDokumen_BtnGallery' not found

2019-11-21 10:03:31 - [MESSAGE][WARNING] - Element 'Object Repository/Upload Document/Upload Document - Item Upload/UnggahDokumen_BtnGallery' not found
[[ATTACHMENT|C:\\Users\\15420\\git\\ACCME-Dupcheck\\Reports\\20191121_094613\\data entry dupcek\\20191121_094613\\1574305409857.png]]

2019-11-21 10:03:31 - [TEST_STEP][PASSED] - else: Tapped on element 'Object Repository/Upload Document/android.view.View168 -  Gallery'

2019-11-21 10:03:31 - [TEST_STEP][PASSED] - tap(findTestObject("Upload Document/android.view.View168 -  Gallery"), 0): Tapped on element 'Object Repository/Upload Document/android.view.View168 -  Gallery'

2019-11-21 10:03:31 - [MESSAGE][WARNING] - Timeout '0' is invalid. Using default page load timeout: '30'

2019-11-21 10:03:34 - [MESSAGE][PASSED] - Tapped on element 'Object Repository/Upload Document/android.view.View168 -  Gallery'

2019-11-21 10:03:34 - [TEST_STEP][PASSED] - scrollToText(Borrower_varKTP, STOP_ON_FAILURE): Scrolling to text 'abc.jpg' successfully

2019-11-21 10:03:36 - [MESSAGE][PASSED] - Scrolling to text 'abc.jpg' successfully

2019-11-21 10:03:36 - [TEST_STEP][PASSED] - tap(findTestObject("dynamic object/pickListItem_TextView", ["text":Borrower_varKTP]), 0): Tapped on element 'Object Repository/dynamic object/pickListItem_TextView'

2019-11-21 10:03:36 - [MESSAGE][WARNING] - Timeout '0' is invalid. Using default page load timeout: '30'

2019-11-21 10:03:38 - [MESSAGE][PASSED] - Tapped on element 'Object Repository/dynamic object/pickListItem_TextView'

2019-11-21 10:03:38 - [TEST_STEP][PASSED] - delay(10, STOP_ON_FAILURE): Delayed 10 second(s)

2019-11-21 10:03:48 - [MESSAGE][PASSED] - Delayed 10 second(s)

2019-11-21 10:03:48 - [MESSAGE][PASSED] - Call Test Case 'Test Cases/Data Entry/Upload Document/Borrower/MASTER FLOW/TC_Upload Document - borrower - MASTER FLOW' successfully

2019-11-21 10:03:48 - [TEST_STEP][PASSED] - tap(findTestObject("dynamic object/BtnBerikutnya"), 0): Tapped on element 'Object Repository/dynamic object/BtnBerikutnya'

2019-11-21 10:03:48 - [MESSAGE][WARNING] - Timeout '0' is invalid. Using default page load timeout: '30'

2019-11-21 10:03:50 - [MESSAGE][PASSED] - Tapped on element 'Object Repository/dynamic object/BtnBerikutnya'

2019-11-21 10:03:50 - [TEST_STEP][PASSED] - delay(30, STOP_ON_FAILURE): Delayed 30 second(s)

2019-11-21 10:04:20 - [MESSAGE][PASSED] - Delayed 30 second(s)

2019-11-21 10:04:20 - [TEST_STEP][FAILED] - callTestCase(findTestCase("Data Entry/Borrower/Flow Borrower"), ["BIvarNoKTP":BIvarNoKTP, "BIvarAgama":BIvarAgama, "BIvarStatusPerkawinan":BIvarStatusPerkawinan, "BEvarRT":BEvarRT, "BEvarRW":BEvarRW, ... ], STOP_ON_FAILURE): Unable to call Test Case 'Test Cases/Data Entry/Borrower/Flow Borrower' (Root cause: com.kms.katalon.core.exception.StepFailedException: Call Test Case 'Test Cases/Data Entry/Borrower/Flow Borrower' failed
	at com.kms.katalon.core.keyword.builtin.CallTestCaseKeyword$_callTestCase_closure1.doCall(CallTestCaseKeyword.groovy:63)
	at com.kms.katalon.core.keyword.builtin.CallTestCaseKeyword$_callTestCase_closure1.call(CallTestCaseKeyword.groovy)
	at com.kms.katalon.core.keyword.internal.KeywordMain.runKeyword(KeywordMain.groovy:68)
	at com.kms.katalon.core.keyword.builtin.CallTestCaseKeyword.callTestCase(CallTestCaseKeyword.groovy:81)
	at com.kms.katalon.core.keyword.builtin.CallTestCaseKeyword.execute(CallTestCaseKeyword.groovy:44)
	at com.kms.katalon.core.keyword.internal.KeywordExecutor.executeKeywordForPlatform(KeywordExecutor.groovy:60)
	at com.kms.katalon.core.keyword.BuiltinKeywords.callTestCase(BuiltinKeywords.groovy:334)
	at TC_Data Entry.run(TC_Data Entry:42)
	at com.kms.katalon.core.main.ScriptEngine.run(ScriptEngine.java:194)
	at com.kms.katalon.core.main.ScriptEngine.runScriptAsRawText(ScriptEngine.java:119)
	at com.kms.katalon.core.main.TestCaseExecutor.runScript(TestCaseExecutor.java:337)
	at com.kms.katalon.core.main.TestCaseExecutor.doExecute(TestCaseExecutor.java:328)
	at com.kms.katalon.core.main.TestCaseExecutor.processExecutionPhase(TestCaseExecutor.java:307)
	at com.kms.katalon.core.main.TestCaseExecutor.accessMainPhase(TestCaseExecutor.java:299)
	at com.kms.katalon.core.main.TestCaseExecutor.execute(TestCaseExecutor.java:233)
	at com.kms.katalon.core.main.TestSuiteExecutor.accessTestCaseMainPhase(TestSuiteExecutor.java:169)
	at com.kms.katalon.core.main.TestSuiteExecutor.accessTestSuiteMainPhase(TestSuiteExecutor.java:142)
	at com.kms.katalon.core.main.TestSuiteExecutor.execute(TestSuiteExecutor.java:91)
	at com.kms.katalon.core.main.TestCaseMain.startTestSuite(TestCaseMain.java:157)
	at com.kms.katalon.core.main.TestCaseMain$startTestSuite$0.call(Unknown Source)
	at TempTestSuite1574304373849.run(TempTestSuite1574304373849.groovy:36)
Caused by: com.kms.katalon.core.exception.StepFailedException: Call Test Case 'Test Cases/Data Entry/Borrower/Borrower - Pekerjaan/MASTER FLOW/TC_Borrower - Pekerjaan - MASTER FLOW' failed
	at com.kms.katalon.core.keyword.builtin.CallTestCaseKeyword$_callTestCase_closure1.doCall(CallTestCaseKeyword.groovy:63)
	at com.kms.katalon.core.keyword.builtin.CallTestCaseKeyword$_callTestCase_closure1.call(CallTestCaseKeyword.groovy)
	at com.kms.katalon.core.keyword.internal.KeywordMain.runKeyword(KeywordMain.groovy:68)
	at com.kms.katalon.core.keyword.builtin.CallTestCaseKeyword.callTestCase(CallTestCaseKeyword.groovy:81)
	at com.kms.katalon.core.keyword.builtin.CallTestCaseKeyword.execute(CallTestCaseKeyword.groovy:44)
	at com.kms.katalon.core.keyword.internal.KeywordExecutor.executeKeywordForPlatform(KeywordExecutor.groovy:60)
	at com.kms.katalon.core.keyword.BuiltinKeywords.callTestCase(BuiltinKeywords.groovy:334)
	at Flow Borrower.run(Flow Borrower:42)
	at com.kms.katalon.core.main.ScriptEngine.run(ScriptEngine.java:194)
	at com.kms.katalon.core.main.ScriptEngine.runScriptAsRawText(ScriptEngine.java:119)
	at com.kms.katalon.core.main.TestCaseExecutor.runScript(TestCaseExecutor.java:337)
	at com.kms.katalon.core.main.TestCaseExecutor.doExecute(TestCaseExecutor.java:328)
	at com.kms.katalon.core.main.TestCaseExecutor.processExecutionPhase(TestCaseExecutor.java:307)
	at com.kms.katalon.core.main.TestCaseExecutor.accessMainPhase(TestCaseExecutor.java:299)
	at com.kms.katalon.core.main.TestCaseExecutor.execute(TestCaseExecutor.java:233)
	at com.kms.katalon.core.main.TestCaseMain.runTestCase(TestCaseMain.java:114)
	at com.kms.katalon.core.keyword.builtin.CallTestCaseKeyword$_callTestCase_closure1.doCall(CallTestCaseKeyword.groovy:59)
	... 20 more
Caused by: com.kms.katalon.core.exception.StepFailedException: Object Object Repository/Borrower/Borrower - Pekerjaan/Borrower_Pekerjaan_InpPekerjaan not found
	at com.kms.katalon.core.keyword.internal.KeywordMain.stepFailed(KeywordMain.groovy:50)
	at com.kms.katalon.core.mobile.keyword.internal.MobileKeywordMain.stepFailed(MobileKeywordMain.groovy:40)
	at com.kms.katalon.core.mobile.keyword.builtin.GetTextKeyword$_getText_closure1.doCall(GetTextKeyword.groovy:74)
	at com.kms.katalon.core.mobile.keyword.builtin.GetTextKeyword$_getText_closure1.call(GetTextKeyword.groovy)
	at com.kms.katalon.core.mobile.keyword.internal.MobileKeywordMain.runKeyword(MobileKeywordMain.groovy:21)
	at com.kms.katalon.core.mobile.keyword.builtin.GetTextKeyword.getText(GetTextKeyword.groovy:80)
	at com.kms.katalon.core.mobile.keyword.builtin.GetTextKeyword.execute(GetTextKeyword.groovy:64)
	at com.kms.katalon.core.keyword.internal.KeywordExecutor.executeKeywordForPlatform(KeywordExecutor.groovy:60)
	at com.kms.katalon.core.mobile.keyword.MobileBuiltInKeywords.getText(MobileBuiltInKeywords.groovy:458)
	at com.kms.katalon.core.mobile.keyword.MobileBuiltInKeywords$getText$13.call(Unknown Source)
	at TC_Borrower - Pekerjaan - MASTER FLOW.run(TC_Borrower - Pekerjaan - MASTER FLOW:16)
	at com.kms.katalon.core.main.ScriptEngine.run(ScriptEngine.java:194)
	at com.kms.katalon.core.main.ScriptEngine.runScriptAsRawText(ScriptEngine.java:119)
	at com.kms.katalon.core.main.TestCaseExecutor.runScript(TestCaseExecutor.java:337)
	at com.kms.katalon.core.main.TestCaseExecutor.doExecute(TestCaseExecutor.java:328)
	at com.kms.katalon.core.main.TestCaseExecutor.processExecutionPhase(TestCaseExecutor.java:307)
	at com.kms.katalon.core.main.TestCaseExecutor.accessMainPhase(TestCaseExecutor.java:299)
	at com.kms.katalon.core.main.TestCaseExecutor.execute(TestCaseExecutor.java:233)
	at com.kms.katalon.core.main.TestCaseMain.runTestCase(TestCaseMain.java:114)
	at com.kms.katalon.core.keyword.builtin.CallTestCaseKeyword$_callTestCase_closure1.doCall(CallTestCaseKeyword.groovy:59)
	... 36 more
)

2019-11-21 10:04:20 - [TEST_CASE][FAILED] - Test Cases/Data Entry/Borrower/Flow Borrower: Test Cases/Data Entry/Borrower/Flow Borrower FAILED.
Reason:
com.kms.katalon.core.exception.StepFailedException: Call Test Case 'Test Cases/Data Entry/Borrower/Borrower - Pekerjaan/MASTER FLOW/TC_Borrower - Pekerjaan - MASTER FLOW' failed
	at com.kms.katalon.core.keyword.builtin.CallTestCaseKeyword$_callTestCase_closure1.doCall(CallTestCaseKeyword.groovy:63)
	at com.kms.katalon.core.keyword.builtin.CallTestCaseKeyword$_callTestCase_closure1.call(CallTestCaseKeyword.groovy)
	at com.kms.katalon.core.keyword.internal.KeywordMain.runKeyword(KeywordMain.groovy:68)
	at com.kms.katalon.core.keyword.builtin.CallTestCaseKeyword.callTestCase(CallTestCaseKeyword.groovy:81)
	at com.kms.katalon.core.keyword.builtin.CallTestCaseKeyword.execute(CallTestCaseKeyword.groovy:44)
	at com.kms.katalon.core.keyword.internal.KeywordExecutor.executeKeywordForPlatform(KeywordExecutor.groovy:60)
	at com.kms.katalon.core.keyword.BuiltinKeywords.callTestCase(BuiltinKeywords.groovy:334)
	at Flow Borrower.run(Flow Borrower:42)
	at com.kms.katalon.core.main.ScriptEngine.run(ScriptEngine.java:194)
	at com.kms.katalon.core.main.ScriptEngine.runScriptAsRawText(ScriptEngine.java:119)
	at com.kms.katalon.core.main.TestCaseExecutor.runScript(TestCaseExecutor.java:337)
	at com.kms.katalon.core.main.TestCaseExecutor.doExecute(TestCaseExecutor.java:328)
	at com.kms.katalon.core.main.TestCaseExecutor.processExecutionPhase(TestCaseExecutor.java:307)
	at com.kms.katalon.core.main.TestCaseExecutor.accessMainPhase(TestCaseExecutor.java:299)
	at com.kms.katalon.core.main.TestCaseExecutor.execute(TestCaseExecutor.java:233)
	at com.kms.katalon.core.main.TestCaseMain.runTestCase(TestCaseMain.java:114)
	at com.kms.katalon.core.keyword.builtin.CallTestCaseKeyword$_callTestCase_closure1.doCall(CallTestCaseKeyword.groovy:59)
	at com.kms.katalon.core.keyword.builtin.CallTestCaseKeyword$_callTestCase_closure1.call(CallTestCaseKeyword.groovy)
	at com.kms.katalon.core.keyword.internal.KeywordMain.runKeyword(KeywordMain.groovy:68)
	at com.kms.katalon.core.keyword.builtin.CallTestCaseKeyword.callTestCase(CallTestCaseKeyword.groovy:81)
	at com.kms.katalon.core.keyword.builtin.CallTestCaseKeyword.execute(CallTestCaseKeyword.groovy:44)
	at com.kms.katalon.core.keyword.internal.KeywordExecutor.executeKeywordForPlatform(KeywordExecutor.groovy:60)
	at com.kms.katalon.core.keyword.BuiltinKeywords.callTestCase(BuiltinKeywords.groovy:334)
	at TC_Data Entry.run(TC_Data Entry:42)
	at com.kms.katalon.core.main.ScriptEngine.run(ScriptEngine.java:194)
	at com.kms.katalon.core.main.ScriptEngine.runScriptAsRawText(ScriptEngine.java:119)
	at com.kms.katalon.core.main.TestCaseExecutor.runScript(TestCaseExecutor.java:337)
	at com.kms.katalon.core.main.TestCaseExecutor.doExecute(TestCaseExecutor.java:328)
	at com.kms.katalon.core.main.TestCaseExecutor.processExecutionPhase(TestCaseExecutor.java:307)
	at com.kms.katalon.core.main.TestCaseExecutor.accessMainPhase(TestCaseExecutor.java:299)
	at com.kms.katalon.core.main.TestCaseExecutor.execute(TestCaseExecutor.java:233)
	at com.kms.katalon.core.main.TestSuiteExecutor.accessTestCaseMainPhase(TestSuiteExecutor.java:169)
	at com.kms.katalon.core.main.TestSuiteExecutor.accessTestSuiteMainPhase(TestSuiteExecutor.java:142)
	at com.kms.katalon.core.main.TestSuiteExecutor.execute(TestSuiteExecutor.java:91)
	at com.kms.katalon.core.main.TestCaseMain.startTestSuite(TestCaseMain.java:157)
	at com.kms.katalon.core.main.TestCaseMain$startTestSuite$0.call(Unknown Source)
	at TempTestSuite1574304373849.run(TempTestSuite1574304373849.groovy:36)
Caused by: com.kms.katalon.core.exception.StepFailedException: Object Object Repository/Borrower/Borrower - Pekerjaan/Borrower_Pekerjaan_InpPekerjaan not found
	at com.kms.katalon.core.keyword.internal.KeywordMain.stepFailed(KeywordMain.groovy:50)
	at com.kms.katalon.core.mobile.keyword.internal.MobileKeywordMain.stepFailed(MobileKeywordMain.groovy:40)
	at com.kms.katalon.core.mobile.keyword.builtin.GetTextKeyword$_getText_closure1.doCall(GetTextKeyword.groovy:74)
	at com.kms.katalon.core.mobile.keyword.builtin.GetTextKeyword$_getText_closure1.call(GetTextKeyword.groovy)
	at com.kms.katalon.core.mobile.keyword.internal.MobileKeywordMain.runKeyword(MobileKeywordMain.groovy:21)
	at com.kms.katalon.core.mobile.keyword.builtin.GetTextKeyword.getText(GetTextKeyword.groovy:80)
	at com.kms.katalon.core.mobile.keyword.builtin.GetTextKeyword.execute(GetTextKeyword.groovy:64)
	at com.kms.katalon.core.keyword.internal.KeywordExecutor.executeKeywordForPlatform(KeywordExecutor.groovy:60)
	at com.kms.katalon.core.mobile.keyword.MobileBuiltInKeywords.getText(MobileBuiltInKeywords.groovy:458)
	at com.kms.katalon.core.mobile.keyword.MobileBuiltInKeywords$getText$13.call(Unknown Source)
	at TC_Borrower - Pekerjaan - MASTER FLOW.run(TC_Borrower - Pekerjaan - MASTER FLOW:16)
	at com.kms.katalon.core.main.ScriptEngine.run(ScriptEngine.java:194)
	at com.kms.katalon.core.main.ScriptEngine.runScriptAsRawText(ScriptEngine.java:119)
	at com.kms.katalon.core.main.TestCaseExecutor.runScript(TestCaseExecutor.java:337)
	at com.kms.katalon.core.main.TestCaseExecutor.doExecute(TestCaseExecutor.java:328)
	at com.kms.katalon.core.main.TestCaseExecutor.processExecutionPhase(TestCaseExecutor.java:307)
	at com.kms.katalon.core.main.TestCaseExecutor.accessMainPhase(TestCaseExecutor.java:299)
	at com.kms.katalon.core.main.TestCaseExecutor.execute(TestCaseExecutor.java:233)
	at com.kms.katalon.core.main.TestCaseMain.runTestCase(TestCaseMain.java:114)
	at com.kms.katalon.core.keyword.builtin.CallTestCaseKeyword$_callTestCase_closure1.doCall(CallTestCaseKeyword.groovy:59)
	... 36 more


2019-11-21 10:04:20 - [TEST_STEP][PASSED] - callTestCase(findTestCase("Data Entry/Borrower/Borrower - Identitas/MASTER FLOW/TC_Borrower - Identitas - MASTER FLOW"), ["BIvarNoKTP":BIvarNoKTP, "BIvarAgama":BIvarAgama, "BIvarStatusPerkawinan":BIvarStatusPerkawinan, "BIvarTempatLahir":BIvarTempatLahir, ... ], STOP_ON_FAILURE): Call Test Case 'Test Cases/Data Entry/Borrower/Borrower - Identitas/MASTER FLOW/TC_Borrower - Identitas - MASTER FLOW' successfully

2019-11-21 10:04:20 - [TEST_CASE][PASSED] - Test Cases/Data Entry/Borrower/Borrower - Identitas/MASTER FLOW/TC_Borrower - Identitas - MASTER FLOW: Test Cases/Data Entry/Borrower/Borrower - Identitas/MASTER FLOW/TC_Borrower - Identitas - MASTER FLOW

2019-11-21 10:04:20 - [TEST_STEP][PASSED] - setText(findTestObject("Borrower/Borrower - Identitas/Borrower_InpNoKTP"), BIvarNoKTP, 0): Text '3172010104700005' has been set to element 'Object Repository/Borrower/Borrower - Identitas/Borrower_InpNoKTP'

2019-11-21 10:04:20 - [MESSAGE][WARNING] - Timeout '0' is invalid. Using default page load timeout: '30'

2019-11-21 10:04:23 - [MESSAGE][PASSED] - Text '3172010104700005' has been set to element 'Object Repository/Borrower/Borrower - Identitas/Borrower_InpNoKTP'

2019-11-21 10:04:23 - [TEST_STEP][PASSED] - tap(findTestObject("Borrower/Borrower - Identitas/Borrower_BtnMasaBerlaku-SeumurHidup"), 0): Tapped on element 'Object Repository/Borrower/Borrower - Identitas/Borrower_BtnMasaBerlaku-SeumurHidup'

2019-11-21 10:04:23 - [MESSAGE][WARNING] - Timeout '0' is invalid. Using default page load timeout: '30'

2019-11-21 10:04:27 - [MESSAGE][PASSED] - Tapped on element 'Object Repository/Borrower/Borrower - Identitas/Borrower_BtnMasaBerlaku-SeumurHidup'

2019-11-21 10:04:27 - [TEST_STEP][PASSED] - setText(findTestObject("Borrower/Borrower - Identitas/Borrower_InpNamaSesuaiIdentitas"), BIvarNama, 0): Text 'DAWIS' has been set to element 'Object Repository/Borrower/Borrower - Identitas/Borrower_InpNamaSesuaiIdentitas'

2019-11-21 10:04:27 - [MESSAGE][WARNING] - Timeout '0' is invalid. Using default page load timeout: '30'

2019-11-21 10:04:30 - [MESSAGE][PASSED] - Text 'DAWIS' has been set to element 'Object Repository/Borrower/Borrower - Identitas/Borrower_InpNamaSesuaiIdentitas'

2019-11-21 10:04:30 - [TEST_STEP][PASSED] - if (BIvarJenkel == "LK"): Tapped on element 'Object Repository/Borrower/Borrower - Identitas/Borrower_BtnJenisKelamin-LakiLaki'

2019-11-21 10:04:30 - [TEST_STEP][PASSED] - tap(findTestObject("Borrower/Borrower - Identitas/Borrower_BtnJenisKelamin-LakiLaki"), 0): Tapped on element 'Object Repository/Borrower/Borrower - Identitas/Borrower_BtnJenisKelamin-LakiLaki'

2019-11-21 10:04:30 - [MESSAGE][WARNING] - Timeout '0' is invalid. Using default page load timeout: '30'

2019-11-21 10:04:33 - [MESSAGE][PASSED] - Tapped on element 'Object Repository/Borrower/Borrower - Identitas/Borrower_BtnJenisKelamin-LakiLaki'

2019-11-21 10:04:33 - [TEST_STEP][PASSED] - setText(findTestObject("Borrower/Borrower - Identitas/Borrower_InpTempatLahir"), BIvarTempatLahir, 0): Text 'MEDAN' has been set to element 'Object Repository/Borrower/Borrower - Identitas/Borrower_InpTempatLahir'

2019-11-21 10:04:33 - [MESSAGE][WARNING] - Timeout '0' is invalid. Using default page load timeout: '30'

2019-11-21 10:04:36 - [MESSAGE][PASSED] - Text 'MEDAN' has been set to element 'Object Repository/Borrower/Borrower - Identitas/Borrower_InpTempatLahir'

2019-11-21 10:04:36 - [TEST_STEP][PASSED] - tap(findTestObject("Borrower/Borrower - Identitas/Borrower_InpTempatLahir"), 0, STOP_ON_FAILURE): Tapped on element 'Object Repository/Borrower/Borrower - Identitas/Borrower_InpTempatLahir'

2019-11-21 10:04:37 - [MESSAGE][WARNING] - Timeout '0' is invalid. Using default page load timeout: '30'

2019-11-21 10:04:40 - [MESSAGE][PASSED] - Tapped on element 'Object Repository/Borrower/Borrower - Identitas/Borrower_InpTempatLahir'

2019-11-21 10:04:40 - [TEST_STEP][PASSED] - mobile.picklist.List(findTestObject("Borrower/Borrower - Identitas/Borrower_TxtTempatLahir"), STOP_ON_FAILURE): mobile.picklist.List is PASSED

2019-11-21 10:04:40 - [MESSAGE][WARNING] - Timeout '0' is invalid. Using default page load timeout: '30'

2019-11-21 10:04:41 - [MESSAGE][PASSED] - Object 'Object Repository/Borrower/Borrower - Identitas/Borrower_TxtTempatLahir' has top position '1,805'

2019-11-21 10:04:41 - [MESSAGE][WARNING] - Timeout '0' is invalid. Using default page load timeout: '30'

2019-11-21 10:04:43 - [MESSAGE][PASSED] - Object 'Object Repository/Borrower/Borrower - Identitas/Borrower_TxtTempatLahir' has left position '76'

2019-11-21 10:04:43 - [MESSAGE][PASSED] - Tapped at [76, 1,920]

2019-11-21 10:04:43 - [MESSAGE][PASSED] - mobile.picklist.List is PASSED

2019-11-21 10:04:43 - [TEST_STEP][PASSED] - mobile.mobileSwipe.UpDown(0.8, 0.2, 1000): mobile.mobileSwipe.UpDown is PASSED

2019-11-21 10:04:44 - [MESSAGE][PASSED] - Current device physical height is 2131

2019-11-21 10:04:44 - [MESSAGE][INFO] - Device Height : 2131

2019-11-21 10:04:45 - [MESSAGE][PASSED] - Current device physical width is 1080

2019-11-21 10:04:45 - [MESSAGE][INFO] - Device Width : 1080

2019-11-21 10:04:45 - [MESSAGE][INFO] - Swipe start at Height : 1704

2019-11-21 10:04:45 - [MESSAGE][INFO] - Swipe end at Height : 426

2019-11-21 10:04:45 - [MESSAGE][INFO] - X Position : 1000

2019-11-21 10:04:47 - [MESSAGE][PASSED] - Swiped from 1,000,1,704 to 1,000,426

2019-11-21 10:04:47 - [MESSAGE][PASSED] - mobile.mobileSwipe.UpDown is PASSED

2019-11-21 10:04:47 - [TEST_STEP][PASSED] - delay(2, STOP_ON_FAILURE): Delayed 2 second(s)

2019-11-21 10:04:49 - [MESSAGE][PASSED] - Delayed 2 second(s)

2019-11-21 10:04:49 - [TEST_STEP][PASSED] - tap(findTestObject("Borrower/Borrower - Identitas/Borrower_TxtTanggalLahir"), 0): Tapped on element 'Object Repository/Borrower/Borrower - Identitas/Borrower_TxtTanggalLahir'

2019-11-21 10:04:49 - [MESSAGE][WARNING] - Timeout '0' is invalid. Using default page load timeout: '30'

2019-11-21 10:04:51 - [MESSAGE][PASSED] - Tapped on element 'Object Repository/Borrower/Borrower - Identitas/Borrower_TxtTanggalLahir'

2019-11-21 10:04:51 - [TEST_STEP][PASSED] - delay(2, STOP_ON_FAILURE): Delayed 2 second(s)

2019-11-21 10:04:53 - [MESSAGE][PASSED] - Delayed 2 second(s)

2019-11-21 10:04:53 - [TEST_STEP][PASSED] - callTestCase(findTestCase("dynamic test case/calendar"), ["varTahun":BIvarTahun], STOP_ON_FAILURE): Call Test Case 'Test Cases/dynamic test case/calendar' successfully

2019-11-21 10:04:54 - [TEST_CASE][PASSED] - Test Cases/dynamic test case/calendar: Test Cases/dynamic test case/calendar

2019-11-21 10:04:54 - [TEST_STEP][PASSED] - tap(findTestObject("dynamic object/Calendar_TxtTahun"), 0): Tapped on element 'Object Repository/dynamic object/Calendar_TxtTahun'

2019-11-21 10:04:54 - [MESSAGE][WARNING] - Timeout '0' is invalid. Using default page load timeout: '30'

2019-11-21 10:04:56 - [MESSAGE][PASSED] - Tapped on element 'Object Repository/dynamic object/Calendar_TxtTahun'

2019-11-21 10:04:56 - [TEST_STEP][PASSED] - driver = getDriver(): null

2019-11-21 10:04:56 - [TEST_STEP][PASSED] - xpath = "": null

2019-11-21 10:04:56 - [TEST_STEP][PASSED] - xpath = XPathBuilder.createXPath("TextView"): null

2019-11-21 10:04:56 - [TEST_STEP][PASSED] - listElements = driver.findElementsByXPath(xpath): null

2019-11-21 10:04:56 - [TEST_STEP][PASSED] - if (size() - 1].getText() < varTahun): null

2019-11-21 10:04:56 - [TEST_STEP][PASSED] - else: null

2019-11-21 10:04:56 - [TEST_STEP][PASSED] - varScrollUpDown = "UpToDown": null

2019-11-21 10:04:56 - [TEST_STEP][PASSED] - switch (varScrollUpDown.toString()): null

2019-11-21 10:04:56 - [TEST_STEP][PASSED] - case "UpToDown":: null

2019-11-21 10:04:56 - [TEST_STEP][PASSED] - mobile.swiping.scrollListToElementWithTextUpToDown(varTahun): mobile.swiping.scrollListToElementWithTextUpToDown is PASSED

2019-11-21 10:05:37 - [MESSAGE][PASSED] - mobile.swiping.scrollListToElementWithTextUpToDown is PASSED

2019-11-21 10:05:37 - [TEST_STEP][PASSED] - break: null

2019-11-21 10:05:37 - [TEST_STEP][PASSED] - tap(findTestObject("dynamic object/pickListItem_TextView", ["text":varTahun]), 0): Tapped on element 'Object Repository/dynamic object/pickListItem_TextView'

2019-11-21 10:05:38 - [MESSAGE][WARNING] - Timeout '0' is invalid. Using default page load timeout: '30'

2019-11-21 10:05:39 - [MESSAGE][PASSED] - Tapped on element 'Object Repository/dynamic object/pickListItem_TextView'

2019-11-21 10:05:39 - [TEST_STEP][PASSED] - tap(findTestObject("Borrower/Borrower - Identitas/Click_Tanggal"), 0): Tapped on element 'Object Repository/Borrower/Borrower - Identitas/Click_Tanggal'

2019-11-21 10:05:39 - [MESSAGE][WARNING] - Timeout '0' is invalid. Using default page load timeout: '30'

2019-11-21 10:05:41 - [MESSAGE][PASSED] - Tapped on element 'Object Repository/Borrower/Borrower - Identitas/Click_Tanggal'

2019-11-21 10:05:41 - [TEST_STEP][PASSED] - tap(findTestObject("dynamic object/Calendar_TxtSetel"), 0): Tapped on element 'Object Repository/dynamic object/Calendar_TxtSetel'

2019-11-21 10:05:41 - [MESSAGE][WARNING] - Timeout '0' is invalid. Using default page load timeout: '30'

2019-11-21 10:05:43 - [MESSAGE][PASSED] - Tapped on element 'Object Repository/dynamic object/Calendar_TxtSetel'

2019-11-21 10:05:43 - [MESSAGE][PASSED] - Call Test Case 'Test Cases/dynamic test case/calendar' successfully

2019-11-21 10:05:43 - [TEST_STEP][NOT_RUN] - delay(10, STOP_ON_FAILURE): NOT_RUN: delay(10, STOP_ON_FAILURE)

2019-11-21 10:05:43 - [MESSAGE][NOT_RUN] - NOT_RUN: delay(10, STOP_ON_FAILURE)

2019-11-21 10:05:43 - [TEST_STEP][PASSED] - tap(findTestObject("Borrower/Borrower - Identitas/Borrower_BtnCekDataPelanggan"), 0): Tapped on element 'Object Repository/Borrower/Borrower - Identitas/Borrower_BtnCekDataPelanggan'

2019-11-21 10:05:43 - [MESSAGE][WARNING] - Timeout '0' is invalid. Using default page load timeout: '30'

2019-11-21 10:05:45 - [MESSAGE][PASSED] - Tapped on element 'Object Repository/Borrower/Borrower - Identitas/Borrower_BtnCekDataPelanggan'

2019-11-21 10:05:45 - [TEST_STEP][PASSED] - waitForElementPresent(findTestObject("Borrower/Borrower - Identitas/Borrower_BtnConfirm"), 120): Element 'Object Repository/Borrower/Borrower - Identitas/Borrower_BtnConfirm' is present

2019-11-21 10:05:54 - [MESSAGE][PASSED] - Element 'Object Repository/Borrower/Borrower - Identitas/Borrower_BtnConfirm' is present

2019-11-21 10:05:54 - [TEST_STEP][PASSED] - tap(findTestObject("Borrower/Borrower - Identitas/Borrower_BtnCheckBox"), 60): Tapped on element 'Object Repository/Borrower/Borrower - Identitas/Borrower_BtnCheckBox'

2019-11-21 10:05:55 - [MESSAGE][PASSED] - Tapped on element 'Object Repository/Borrower/Borrower - Identitas/Borrower_BtnCheckBox'

2019-11-21 10:05:55 - [TEST_STEP][PASSED] - tap(findTestObject("Borrower/Borrower - Identitas/Borrower_BtnConfirm"), 0): Tapped on element 'Object Repository/Borrower/Borrower - Identitas/Borrower_BtnConfirm'

2019-11-21 10:05:56 - [MESSAGE][WARNING] - Timeout '0' is invalid. Using default page load timeout: '30'

2019-11-21 10:05:57 - [MESSAGE][PASSED] - Tapped on element 'Object Repository/Borrower/Borrower - Identitas/Borrower_BtnConfirm'

2019-11-21 10:05:57 - [TEST_STEP][PASSED] - delay(20, STOP_ON_FAILURE): Delayed 20 second(s)

2019-11-21 10:06:17 - [MESSAGE][PASSED] - Delayed 20 second(s)

2019-11-21 10:06:17 - [TEST_STEP][PASSED] - mobile.mobileSwipe.UpDown(0.8, 0.2, 1000): mobile.mobileSwipe.UpDown is PASSED

2019-11-21 10:06:18 - [MESSAGE][PASSED] - Current device physical height is 2131

2019-11-21 10:06:18 - [MESSAGE][INFO] - Device Height : 2131

2019-11-21 10:06:19 - [MESSAGE][PASSED] - Current device physical width is 1080

2019-11-21 10:06:19 - [MESSAGE][INFO] - Device Width : 1080

2019-11-21 10:06:19 - [MESSAGE][INFO] - Swipe start at Height : 1704

2019-11-21 10:06:19 - [MESSAGE][INFO] - Swipe end at Height : 426

2019-11-21 10:06:19 - [MESSAGE][INFO] - X Position : 1000

2019-11-21 10:06:21 - [MESSAGE][PASSED] - Swiped from 1,000,1,704 to 1,000,426

2019-11-21 10:06:21 - [MESSAGE][PASSED] - mobile.mobileSwipe.UpDown is PASSED

2019-11-21 10:06:21 - [TEST_STEP][NOT_RUN] - tap(findTestObject("Borrower/Borrower - Identitas/Borrower_TxtStatusPerkawinan"), 0, STOP_ON_FAILURE): NOT_RUN: tap(findTestObject("Borrower/Borrower - Identitas/Borrower_TxtStatusPerkawinan"), 0, STOP_ON_FAILURE)

2019-11-21 10:06:21 - [MESSAGE][NOT_RUN] - NOT_RUN: tap(findTestObject("Borrower/Borrower - Identitas/Borrower_TxtStatusPerkawinan"), 0, STOP_ON_FAILURE)

2019-11-21 10:06:21 - [TEST_STEP][NOT_RUN] - tap(findTestObject("dynamic object/pickListItem_checkedTextView", ["text":BIvarStatusPerkawinan]), 0, STOP_ON_FAILURE): NOT_RUN: tap(findTestObject("dynamic object/pickListItem_checkedTextView", ["text":BIvarStatusPerkawinan]), 0, STOP_ON_FAILURE)

2019-11-21 10:06:21 - [MESSAGE][NOT_RUN] - NOT_RUN: tap(findTestObject("dynamic object/pickListItem_checkedTextView", ["text":BIvarStatusPerkawinan]), 0, STOP_ON_FAILURE)

2019-11-21 10:06:21 - [MESSAGE][PASSED] - Call Test Case 'Test Cases/Data Entry/Borrower/Borrower - Identitas/MASTER FLOW/TC_Borrower - Identitas - MASTER FLOW' successfully

2019-11-21 10:06:21 - [TEST_STEP][PASSED] - mobile.mobileSwipe.RightLeft(0.9, 0.5, 1000): mobile.mobileSwipe.RightLeft is PASSED

2019-11-21 10:06:23 - [MESSAGE][PASSED] - Current device physical width is 1080

2019-11-21 10:06:23 - [MESSAGE][PASSED] - Current device physical height is 2131

2019-11-21 10:06:23 - [MESSAGE][INFO] - Device Height : 2131

2019-11-21 10:06:23 - [MESSAGE][INFO] - Device Width : 1080

2019-11-21 10:06:23 - [MESSAGE][INFO] - Swipe start at Width : 971

2019-11-21 10:06:23 - [MESSAGE][INFO] - Swipe end at Witdh : 540

2019-11-21 10:06:23 - [MESSAGE][INFO] - Y Position : 1000

2019-11-21 10:06:26 - [MESSAGE][PASSED] - Swiped from 971,1,000 to 540,1,000

2019-11-21 10:06:26 - [MESSAGE][PASSED] - mobile.mobileSwipe.RightLeft is PASSED

2019-11-21 10:06:26 - [TEST_STEP][NOT_RUN] - callTestCase(findTestCase("Data Entry/Borrower/Borrower - Info Umum/MASTER FLOW/TC_Borrower - Info Umum - MASTER FLOW"), ["BIUvarNamaLengkapTanpaSingkatan":BIUvarNamaLengkapTanpaSingkatan, "BIUvarNamaPanggilan":BIUvarNamaPanggilan, "BIUvarNoNPWP":BIUvarNoNPWP, ... ], STOP_ON_FAILURE): NOT_RUN: callTestCase(findTestCase("Data Entry/Borrower/Borrower - Info Umum/MASTER FLOW/TC_Borrower - Info Umum - MASTER FLOW"), ["BIUvarNamaLengkapTanpaSingkatan":BIUvarNamaLengkapTanpaSingkatan, "BIUvarNamaPanggilan":BIUvarNamaPanggilan, "BIUvarNoNPWP":BIUvarNoNPWP, ... ], STOP_ON_FAILURE)

2019-11-21 10:06:26 - [MESSAGE][NOT_RUN] - NOT_RUN: callTestCase(findTestCase("Data Entry/Borrower/Borrower - Info Umum/MASTER FLOW/TC_Borrower - Info Umum - MASTER FLOW"), ["BIUvarNamaLengkapTanpaSingkatan":BIUvarNamaLengkapTanpaSingkatan, "BIUvarNamaPanggilan":BIUvarNamaPanggilan, "BIUvarNoNPWP":BIUvarNoNPWP, ... ], STOP_ON_FAILURE)

2019-11-21 10:06:26 - [TEST_STEP][PASSED] - mobile.mobileSwipe.RightLeft(0.9, 0.5, 1000): mobile.mobileSwipe.RightLeft is PASSED

2019-11-21 10:06:27 - [MESSAGE][PASSED] - Current device physical width is 1080

2019-11-21 10:06:28 - [MESSAGE][PASSED] - Current device physical height is 2131

2019-11-21 10:06:28 - [MESSAGE][INFO] - Device Height : 2131

2019-11-21 10:06:28 - [MESSAGE][INFO] - Device Width : 1080

2019-11-21 10:06:28 - [MESSAGE][INFO] - Swipe start at Width : 971

2019-11-21 10:06:28 - [MESSAGE][INFO] - Swipe end at Witdh : 540

2019-11-21 10:06:28 - [MESSAGE][INFO] - Y Position : 1000

2019-11-21 10:06:30 - [MESSAGE][PASSED] - Swiped from 971,1,000 to 540,1,000

2019-11-21 10:06:30 - [MESSAGE][PASSED] - mobile.mobileSwipe.RightLeft is PASSED

2019-11-21 10:06:30 - [TEST_STEP][NOT_RUN] - callTestCase(findTestCase("Data Entry/Borrower/Borrower - Domisili/MASTER FLOW/TC_Borrower - Domisili - MASTER FLOW"), ["BDvarAlamatLengkap":BDvarAlamatLengkap, "BDvarRT":BDvarRT, "BDvarRW":BDvarRW, "BDvarKodePos":BDvarKodePos, "BDvarNegaraDomisili":BDvarNegaraDomisili, ... ], STOP_ON_FAILURE): NOT_RUN: callTestCase(findTestCase("Data Entry/Borrower/Borrower - Domisili/MASTER FLOW/TC_Borrower - Domisili - MASTER FLOW"), ["BDvarAlamatLengkap":BDvarAlamatLengkap, "BDvarRT":BDvarRT, "BDvarRW":BDvarRW, "BDvarKodePos":BDvarKodePos, "BDvarNegaraDomisili":BDvarNegaraDomisili, ... ], STOP_ON_FAILURE)

2019-11-21 10:06:30 - [MESSAGE][NOT_RUN] - NOT_RUN: callTestCase(findTestCase("Data Entry/Borrower/Borrower - Domisili/MASTER FLOW/TC_Borrower - Domisili - MASTER FLOW"), ["BDvarAlamatLengkap":BDvarAlamatLengkap, "BDvarRT":BDvarRT, "BDvarRW":BDvarRW, "BDvarKodePos":BDvarKodePos, "BDvarNegaraDomisili":BDvarNegaraDomisili, ... ], STOP_ON_FAILURE)

2019-11-21 10:06:30 - [TEST_STEP][PASSED] - mobile.mobileSwipe.RightLeft(0.9, 0.5, 1000): mobile.mobileSwipe.RightLeft is PASSED

2019-11-21 10:06:31 - [MESSAGE][PASSED] - Current device physical width is 1080

2019-11-21 10:06:32 - [MESSAGE][PASSED] - Current device physical height is 2131

2019-11-21 10:06:32 - [MESSAGE][INFO] - Device Height : 2131

2019-11-21 10:06:32 - [MESSAGE][INFO] - Device Width : 1080

2019-11-21 10:06:32 - [MESSAGE][INFO] - Swipe start at Width : 971

2019-11-21 10:06:32 - [MESSAGE][INFO] - Swipe end at Witdh : 540

2019-11-21 10:06:32 - [MESSAGE][INFO] - Y Position : 1000

2019-11-21 10:06:34 - [MESSAGE][PASSED] - Swiped from 971,1,000 to 540,1,000

2019-11-21 10:06:34 - [MESSAGE][PASSED] - mobile.mobileSwipe.RightLeft is PASSED

2019-11-21 10:06:34 - [TEST_STEP][NOT_RUN] - tap(findTestObject("Borrower/Borrower - Pekerjaan/Borrower - Pekerjaan - tab Detail Pekerjaan"), 0, OPTIONAL): NOT_RUN: tap(findTestObject("Borrower/Borrower - Pekerjaan/Borrower - Pekerjaan - tab Detail Pekerjaan"), 0, OPTIONAL)

2019-11-21 10:06:34 - [MESSAGE][NOT_RUN] - NOT_RUN: tap(findTestObject("Borrower/Borrower - Pekerjaan/Borrower - Pekerjaan - tab Detail Pekerjaan"), 0, OPTIONAL)

2019-11-21 10:06:34 - [TEST_STEP][FAILED] - callTestCase(findTestCase("Data Entry/Borrower/Borrower - Pekerjaan/MASTER FLOW/TC_Borrower - Pekerjaan - MASTER FLOW"), [:], STOP_ON_FAILURE): Unable to call Test Case 'Test Cases/Data Entry/Borrower/Borrower - Pekerjaan/MASTER FLOW/TC_Borrower - Pekerjaan - MASTER FLOW' (Root cause: com.kms.katalon.core.exception.StepFailedException: Call Test Case 'Test Cases/Data Entry/Borrower/Borrower - Pekerjaan/MASTER FLOW/TC_Borrower - Pekerjaan - MASTER FLOW' failed
	at com.kms.katalon.core.keyword.builtin.CallTestCaseKeyword$_callTestCase_closure1.doCall(CallTestCaseKeyword.groovy:63)
	at com.kms.katalon.core.keyword.builtin.CallTestCaseKeyword$_callTestCase_closure1.call(CallTestCaseKeyword.groovy)
	at com.kms.katalon.core.keyword.internal.KeywordMain.runKeyword(KeywordMain.groovy:68)
	at com.kms.katalon.core.keyword.builtin.CallTestCaseKeyword.callTestCase(CallTestCaseKeyword.groovy:81)
	at com.kms.katalon.core.keyword.builtin.CallTestCaseKeyword.execute(CallTestCaseKeyword.groovy:44)
	at com.kms.katalon.core.keyword.internal.KeywordExecutor.executeKeywordForPlatform(KeywordExecutor.groovy:60)
	at com.kms.katalon.core.keyword.BuiltinKeywords.callTestCase(BuiltinKeywords.groovy:334)
	at Flow Borrower.run(Flow Borrower:42)
	at com.kms.katalon.core.main.ScriptEngine.run(ScriptEngine.java:194)
	at com.kms.katalon.core.main.ScriptEngine.runScriptAsRawText(ScriptEngine.java:119)
	at com.kms.katalon.core.main.TestCaseExecutor.runScript(TestCaseExecutor.java:337)
	at com.kms.katalon.core.main.TestCaseExecutor.doExecute(TestCaseExecutor.java:328)
	at com.kms.katalon.core.main.TestCaseExecutor.processExecutionPhase(TestCaseExecutor.java:307)
	at com.kms.katalon.core.main.TestCaseExecutor.accessMainPhase(TestCaseExecutor.java:299)
	at com.kms.katalon.core.main.TestCaseExecutor.execute(TestCaseExecutor.java:233)
	at com.kms.katalon.core.main.TestCaseMain.runTestCase(TestCaseMain.java:114)
	at com.kms.katalon.core.keyword.builtin.CallTestCaseKeyword$_callTestCase_closure1.doCall(CallTestCaseKeyword.groovy:59)
	at com.kms.katalon.core.keyword.builtin.CallTestCaseKeyword$_callTestCase_closure1.call(CallTestCaseKeyword.groovy)
	at com.kms.katalon.core.keyword.internal.KeywordMain.runKeyword(KeywordMain.groovy:68)
	at com.kms.katalon.core.keyword.builtin.CallTestCaseKeyword.callTestCase(CallTestCaseKeyword.groovy:81)
	at com.kms.katalon.core.keyword.builtin.CallTestCaseKeyword.execute(CallTestCaseKeyword.groovy:44)
	at com.kms.katalon.core.keyword.internal.KeywordExecutor.executeKeywordForPlatform(KeywordExecutor.groovy:60)
	at com.kms.katalon.core.keyword.BuiltinKeywords.callTestCase(BuiltinKeywords.groovy:334)
	at TC_Data Entry.run(TC_Data Entry:42)
	at com.kms.katalon.core.main.ScriptEngine.run(ScriptEngine.java:194)
	at com.kms.katalon.core.main.ScriptEngine.runScriptAsRawText(ScriptEngine.java:119)
	at com.kms.katalon.core.main.TestCaseExecutor.runScript(TestCaseExecutor.java:337)
	at com.kms.katalon.core.main.TestCaseExecutor.doExecute(TestCaseExecutor.java:328)
	at com.kms.katalon.core.main.TestCaseExecutor.processExecutionPhase(TestCaseExecutor.java:307)
	at com.kms.katalon.core.main.TestCaseExecutor.accessMainPhase(TestCaseExecutor.java:299)
	at com.kms.katalon.core.main.TestCaseExecutor.execute(TestCaseExecutor.java:233)
	at com.kms.katalon.core.main.TestSuiteExecutor.accessTestCaseMainPhase(TestSuiteExecutor.java:169)
	at com.kms.katalon.core.main.TestSuiteExecutor.accessTestSuiteMainPhase(TestSuiteExecutor.java:142)
	at com.kms.katalon.core.main.TestSuiteExecutor.execute(TestSuiteExecutor.java:91)
	at com.kms.katalon.core.main.TestCaseMain.startTestSuite(TestCaseMain.java:157)
	at com.kms.katalon.core.main.TestCaseMain$startTestSuite$0.call(Unknown Source)
	at TempTestSuite1574304373849.run(TempTestSuite1574304373849.groovy:36)
Caused by: com.kms.katalon.core.exception.StepFailedException: Object Object Repository/Borrower/Borrower - Pekerjaan/Borrower_Pekerjaan_InpPekerjaan not found
	at com.kms.katalon.core.keyword.internal.KeywordMain.stepFailed(KeywordMain.groovy:50)
	at com.kms.katalon.core.mobile.keyword.internal.MobileKeywordMain.stepFailed(MobileKeywordMain.groovy:40)
	at com.kms.katalon.core.mobile.keyword.builtin.GetTextKeyword$_getText_closure1.doCall(GetTextKeyword.groovy:74)
	at com.kms.katalon.core.mobile.keyword.builtin.GetTextKeyword$_getText_closure1.call(GetTextKeyword.groovy)
	at com.kms.katalon.core.mobile.keyword.internal.MobileKeywordMain.runKeyword(MobileKeywordMain.groovy:21)
	at com.kms.katalon.core.mobile.keyword.builtin.GetTextKeyword.getText(GetTextKeyword.groovy:80)
	at com.kms.katalon.core.mobile.keyword.builtin.GetTextKeyword.execute(GetTextKeyword.groovy:64)
	at com.kms.katalon.core.keyword.internal.KeywordExecutor.executeKeywordForPlatform(KeywordExecutor.groovy:60)
	at com.kms.katalon.core.mobile.keyword.MobileBuiltInKeywords.getText(MobileBuiltInKeywords.groovy:458)
	at com.kms.katalon.core.mobile.keyword.MobileBuiltInKeywords$getText$13.call(Unknown Source)
	at TC_Borrower - Pekerjaan - MASTER FLOW.run(TC_Borrower - Pekerjaan - MASTER FLOW:16)
	at com.kms.katalon.core.main.ScriptEngine.run(ScriptEngine.java:194)
	at com.kms.katalon.core.main.ScriptEngine.runScriptAsRawText(ScriptEngine.java:119)
	at com.kms.katalon.core.main.TestCaseExecutor.runScript(TestCaseExecutor.java:337)
	at com.kms.katalon.core.main.TestCaseExecutor.doExecute(TestCaseExecutor.java:328)
	at com.kms.katalon.core.main.TestCaseExecutor.processExecutionPhase(TestCaseExecutor.java:307)
	at com.kms.katalon.core.main.TestCaseExecutor.accessMainPhase(TestCaseExecutor.java:299)
	at com.kms.katalon.core.main.TestCaseExecutor.execute(TestCaseExecutor.java:233)
	at com.kms.katalon.core.main.TestCaseMain.runTestCase(TestCaseMain.java:114)
	at com.kms.katalon.core.keyword.builtin.CallTestCaseKeyword$_callTestCase_closure1.doCall(CallTestCaseKeyword.groovy:59)
	... 36 more
)

2019-11-21 10:06:34 - [TEST_CASE][FAILED] - Test Cases/Data Entry/Borrower/Borrower - Pekerjaan/MASTER FLOW/TC_Borrower - Pekerjaan - MASTER FLOW: Test Cases/Data Entry/Borrower/Borrower - Pekerjaan/MASTER FLOW/TC_Borrower - Pekerjaan - MASTER FLOW FAILED.
Reason:
com.kms.katalon.core.exception.StepFailedException: Object Object Repository/Borrower/Borrower - Pekerjaan/Borrower_Pekerjaan_InpPekerjaan not found
	at com.kms.katalon.core.keyword.internal.KeywordMain.stepFailed(KeywordMain.groovy:50)
	at com.kms.katalon.core.mobile.keyword.internal.MobileKeywordMain.stepFailed(MobileKeywordMain.groovy:40)
	at com.kms.katalon.core.mobile.keyword.builtin.GetTextKeyword$_getText_closure1.doCall(GetTextKeyword.groovy:74)
	at com.kms.katalon.core.mobile.keyword.builtin.GetTextKeyword$_getText_closure1.call(GetTextKeyword.groovy)
	at com.kms.katalon.core.mobile.keyword.internal.MobileKeywordMain.runKeyword(MobileKeywordMain.groovy:21)
	at com.kms.katalon.core.mobile.keyword.builtin.GetTextKeyword.getText(GetTextKeyword.groovy:80)
	at com.kms.katalon.core.mobile.keyword.builtin.GetTextKeyword.execute(GetTextKeyword.groovy:64)
	at com.kms.katalon.core.keyword.internal.KeywordExecutor.executeKeywordForPlatform(KeywordExecutor.groovy:60)
	at com.kms.katalon.core.mobile.keyword.MobileBuiltInKeywords.getText(MobileBuiltInKeywords.groovy:458)
	at com.kms.katalon.core.mobile.keyword.MobileBuiltInKeywords$getText$13.call(Unknown Source)
	at TC_Borrower - Pekerjaan - MASTER FLOW.run(TC_Borrower - Pekerjaan - MASTER FLOW:16)
	at com.kms.katalon.core.main.ScriptEngine.run(ScriptEngine.java:194)
	at com.kms.katalon.core.main.ScriptEngine.runScriptAsRawText(ScriptEngine.java:119)
	at com.kms.katalon.core.main.TestCaseExecutor.runScript(TestCaseExecutor.java:337)
	at com.kms.katalon.core.main.TestCaseExecutor.doExecute(TestCaseExecutor.java:328)
	at com.kms.katalon.core.main.TestCaseExecutor.processExecutionPhase(TestCaseExecutor.java:307)
	at com.kms.katalon.core.main.TestCaseExecutor.accessMainPhase(TestCaseExecutor.java:299)
	at com.kms.katalon.core.main.TestCaseExecutor.execute(TestCaseExecutor.java:233)
	at com.kms.katalon.core.main.TestCaseMain.runTestCase(TestCaseMain.java:114)
	at com.kms.katalon.core.keyword.builtin.CallTestCaseKeyword$_callTestCase_closure1.doCall(CallTestCaseKeyword.groovy:59)
	at com.kms.katalon.core.keyword.builtin.CallTestCaseKeyword$_callTestCase_closure1.call(CallTestCaseKeyword.groovy)
	at com.kms.katalon.core.keyword.internal.KeywordMain.runKeyword(KeywordMain.groovy:68)
	at com.kms.katalon.core.keyword.builtin.CallTestCaseKeyword.callTestCase(CallTestCaseKeyword.groovy:81)
	at com.kms.katalon.core.keyword.builtin.CallTestCaseKeyword.execute(CallTestCaseKeyword.groovy:44)
	at com.kms.katalon.core.keyword.internal.KeywordExecutor.executeKeywordForPlatform(KeywordExecutor.groovy:60)
	at com.kms.katalon.core.keyword.BuiltinKeywords.callTestCase(BuiltinKeywords.groovy:334)
	at Flow Borrower.run(Flow Borrower:42)
	at com.kms.katalon.core.main.ScriptEngine.run(ScriptEngine.java:194)
	at com.kms.katalon.core.main.ScriptEngine.runScriptAsRawText(ScriptEngine.java:119)
	at com.kms.katalon.core.main.TestCaseExecutor.runScript(TestCaseExecutor.java:337)
	at com.kms.katalon.core.main.TestCaseExecutor.doExecute(TestCaseExecutor.java:328)
	at com.kms.katalon.core.main.TestCaseExecutor.processExecutionPhase(TestCaseExecutor.java:307)
	at com.kms.katalon.core.main.TestCaseExecutor.accessMainPhase(TestCaseExecutor.java:299)
	at com.kms.katalon.core.main.TestCaseExecutor.execute(TestCaseExecutor.java:233)
	at com.kms.katalon.core.main.TestCaseMain.runTestCase(TestCaseMain.java:114)
	at com.kms.katalon.core.keyword.builtin.CallTestCaseKeyword$_callTestCase_closure1.doCall(CallTestCaseKeyword.groovy:59)
	at com.kms.katalon.core.keyword.builtin.CallTestCaseKeyword$_callTestCase_closure1.call(CallTestCaseKeyword.groovy)
	at com.kms.katalon.core.keyword.internal.KeywordMain.runKeyword(KeywordMain.groovy:68)
	at com.kms.katalon.core.keyword.builtin.CallTestCaseKeyword.callTestCase(CallTestCaseKeyword.groovy:81)
	at com.kms.katalon.core.keyword.builtin.CallTestCaseKeyword.execute(CallTestCaseKeyword.groovy:44)
	at com.kms.katalon.core.keyword.internal.KeywordExecutor.executeKeywordForPlatform(KeywordExecutor.groovy:60)
	at com.kms.katalon.core.keyword.BuiltinKeywords.callTestCase(BuiltinKeywords.groovy:334)
	at TC_Data Entry.run(TC_Data Entry:42)
	at com.kms.katalon.core.main.ScriptEngine.run(ScriptEngine.java:194)
	at com.kms.katalon.core.main.ScriptEngine.runScriptAsRawText(ScriptEngine.java:119)
	at com.kms.katalon.core.main.TestCaseExecutor.runScript(TestCaseExecutor.java:337)
	at com.kms.katalon.core.main.TestCaseExecutor.doExecute(TestCaseExecutor.java:328)
	at com.kms.katalon.core.main.TestCaseExecutor.processExecutionPhase(TestCaseExecutor.java:307)
	at com.kms.katalon.core.main.TestCaseExecutor.accessMainPhase(TestCaseExecutor.java:299)
	at com.kms.katalon.core.main.TestCaseExecutor.execute(TestCaseExecutor.java:233)
	at com.kms.katalon.core.main.TestSuiteExecutor.accessTestCaseMainPhase(TestSuiteExecutor.java:169)
	at com.kms.katalon.core.main.TestSuiteExecutor.accessTestSuiteMainPhase(TestSuiteExecutor.java:142)
	at com.kms.katalon.core.main.TestSuiteExecutor.execute(TestSuiteExecutor.java:91)
	at com.kms.katalon.core.main.TestCaseMain.startTestSuite(TestCaseMain.java:157)
	at com.kms.katalon.core.main.TestCaseMain$startTestSuite$0.call(Unknown Source)
	at TempTestSuite1574304373849.run(TempTestSuite1574304373849.groovy:36)


2019-11-21 10:06:34 - [TEST_STEP][FAILED] - inpPekerjaan = getText(findTestObject("Borrower/Borrower - Pekerjaan/Borrower_Pekerjaan_InpPekerjaan"), 0): Failed to get text from element (Root cause: com.kms.katalon.core.exception.StepFailedException: Object Object Repository/Borrower/Borrower - Pekerjaan/Borrower_Pekerjaan_InpPekerjaan not found
	at com.kms.katalon.core.keyword.internal.KeywordMain.stepFailed(KeywordMain.groovy:50)
	at com.kms.katalon.core.mobile.keyword.internal.MobileKeywordMain.stepFailed(MobileKeywordMain.groovy:40)
	at com.kms.katalon.core.mobile.keyword.builtin.GetTextKeyword$_getText_closure1.doCall(GetTextKeyword.groovy:74)
	at com.kms.katalon.core.mobile.keyword.builtin.GetTextKeyword$_getText_closure1.call(GetTextKeyword.groovy)
	at com.kms.katalon.core.mobile.keyword.internal.MobileKeywordMain.runKeyword(MobileKeywordMain.groovy:21)
	at com.kms.katalon.core.mobile.keyword.builtin.GetTextKeyword.getText(GetTextKeyword.groovy:80)
	at com.kms.katalon.core.mobile.keyword.builtin.GetTextKeyword.execute(GetTextKeyword.groovy:64)
	at com.kms.katalon.core.keyword.internal.KeywordExecutor.executeKeywordForPlatform(KeywordExecutor.groovy:60)
	at com.kms.katalon.core.mobile.keyword.MobileBuiltInKeywords.getText(MobileBuiltInKeywords.groovy:458)
	at com.kms.katalon.core.mobile.keyword.MobileBuiltInKeywords$getText$13.call(Unknown Source)
	at TC_Borrower - Pekerjaan - MASTER FLOW.run(TC_Borrower - Pekerjaan - MASTER FLOW:16)
	at com.kms.katalon.core.main.ScriptEngine.run(ScriptEngine.java:194)
	at com.kms.katalon.core.main.ScriptEngine.runScriptAsRawText(ScriptEngine.java:119)
	at com.kms.katalon.core.main.TestCaseExecutor.runScript(TestCaseExecutor.java:337)
	at com.kms.katalon.core.main.TestCaseExecutor.doExecute(TestCaseExecutor.java:328)
	at com.kms.katalon.core.main.TestCaseExecutor.processExecutionPhase(TestCaseExecutor.java:307)
	at com.kms.katalon.core.main.TestCaseExecutor.accessMainPhase(TestCaseExecutor.java:299)
	at com.kms.katalon.core.main.TestCaseExecutor.execute(TestCaseExecutor.java:233)
	at com.kms.katalon.core.main.TestCaseMain.runTestCase(TestCaseMain.java:114)
	at com.kms.katalon.core.keyword.builtin.CallTestCaseKeyword$_callTestCase_closure1.doCall(CallTestCaseKeyword.groovy:59)
	at com.kms.katalon.core.keyword.builtin.CallTestCaseKeyword$_callTestCase_closure1.call(CallTestCaseKeyword.groovy)
	at com.kms.katalon.core.keyword.internal.KeywordMain.runKeyword(KeywordMain.groovy:68)
	at com.kms.katalon.core.keyword.builtin.CallTestCaseKeyword.callTestCase(CallTestCaseKeyword.groovy:81)
	at com.kms.katalon.core.keyword.builtin.CallTestCaseKeyword.execute(CallTestCaseKeyword.groovy:44)
	at com.kms.katalon.core.keyword.internal.KeywordExecutor.executeKeywordForPlatform(KeywordExecutor.groovy:60)
	at com.kms.katalon.core.keyword.BuiltinKeywords.callTestCase(BuiltinKeywords.groovy:334)
	at Flow Borrower.run(Flow Borrower:42)
	at com.kms.katalon.core.main.ScriptEngine.run(ScriptEngine.java:194)
	at com.kms.katalon.core.main.ScriptEngine.runScriptAsRawText(ScriptEngine.java:119)
	at com.kms.katalon.core.main.TestCaseExecutor.runScript(TestCaseExecutor.java:337)
	at com.kms.katalon.core.main.TestCaseExecutor.doExecute(TestCaseExecutor.java:328)
	at com.kms.katalon.core.main.TestCaseExecutor.processExecutionPhase(TestCaseExecutor.java:307)
	at com.kms.katalon.core.main.TestCaseExecutor.accessMainPhase(TestCaseExecutor.java:299)
	at com.kms.katalon.core.main.TestCaseExecutor.execute(TestCaseExecutor.java:233)
	at com.kms.katalon.core.main.TestCaseMain.runTestCase(TestCaseMain.java:114)
	at com.kms.katalon.core.keyword.builtin.CallTestCaseKeyword$_callTestCase_closure1.doCall(CallTestCaseKeyword.groovy:59)
	at com.kms.katalon.core.keyword.builtin.CallTestCaseKeyword$_callTestCase_closure1.call(CallTestCaseKeyword.groovy)
	at com.kms.katalon.core.keyword.internal.KeywordMain.runKeyword(KeywordMain.groovy:68)
	at com.kms.katalon.core.keyword.builtin.CallTestCaseKeyword.callTestCase(CallTestCaseKeyword.groovy:81)
	at com.kms.katalon.core.keyword.builtin.CallTestCaseKeyword.execute(CallTestCaseKeyword.groovy:44)
	at com.kms.katalon.core.keyword.internal.KeywordExecutor.executeKeywordForPlatform(KeywordExecutor.groovy:60)
	at com.kms.katalon.core.keyword.BuiltinKeywords.callTestCase(BuiltinKeywords.groovy:334)
	at TC_Data Entry.run(TC_Data Entry:42)
	at com.kms.katalon.core.main.ScriptEngine.run(ScriptEngine.java:194)
	at com.kms.katalon.core.main.ScriptEngine.runScriptAsRawText(ScriptEngine.java:119)
	at com.kms.katalon.core.main.TestCaseExecutor.runScript(TestCaseExecutor.java:337)
	at com.kms.katalon.core.main.TestCaseExecutor.doExecute(TestCaseExecutor.java:328)
	at com.kms.katalon.core.main.TestCaseExecutor.processExecutionPhase(TestCaseExecutor.java:307)
	at com.kms.katalon.core.main.TestCaseExecutor.accessMainPhase(TestCaseExecutor.java:299)
	at com.kms.katalon.core.main.TestCaseExecutor.execute(TestCaseExecutor.java:233)
	at com.kms.katalon.core.main.TestSuiteExecutor.accessTestCaseMainPhase(TestSuiteExecutor.java:169)
	at com.kms.katalon.core.main.TestSuiteExecutor.accessTestSuiteMainPhase(TestSuiteExecutor.java:142)
	at com.kms.katalon.core.main.TestSuiteExecutor.execute(TestSuiteExecutor.java:91)
	at com.kms.katalon.core.main.TestCaseMain.startTestSuite(TestCaseMain.java:157)
	at com.kms.katalon.core.main.TestCaseMain$startTestSuite$0.call(Unknown Source)
	at TempTestSuite1574304373849.run(TempTestSuite1574304373849.groovy:36)
)

2019-11-21 10:06:34 - [MESSAGE][WARNING] - Timeout '0' is invalid. Using default page load timeout: '30'

2019-11-21 10:07:06 - [MESSAGE][FAILED] - Object Object Repository/Borrower/Borrower - Pekerjaan/Borrower_Pekerjaan_InpPekerjaan not found
[[ATTACHMENT|C:\\Users\\15420\\git\\ACCME-Dupcheck\\Reports\\20191121_094613\\data entry dupcek\\20191121_094613\\1574305624442.png]]

2019-11-21 10:07:07 - [MESSAGE][FAILED] - Failed to get text from element (Root cause: com.kms.katalon.core.exception.StepFailedException: Object Object Repository/Borrower/Borrower - Pekerjaan/Borrower_Pekerjaan_InpPekerjaan not found
	at com.kms.katalon.core.keyword.internal.KeywordMain.stepFailed(KeywordMain.groovy:50)
	at com.kms.katalon.core.mobile.keyword.internal.MobileKeywordMain.stepFailed(MobileKeywordMain.groovy:40)
	at com.kms.katalon.core.mobile.keyword.builtin.GetTextKeyword$_getText_closure1.doCall(GetTextKeyword.groovy:74)
	at com.kms.katalon.core.mobile.keyword.builtin.GetTextKeyword$_getText_closure1.call(GetTextKeyword.groovy)
	at com.kms.katalon.core.mobile.keyword.internal.MobileKeywordMain.runKeyword(MobileKeywordMain.groovy:21)
	at com.kms.katalon.core.mobile.keyword.builtin.GetTextKeyword.getText(GetTextKeyword.groovy:80)
	at com.kms.katalon.core.mobile.keyword.builtin.GetTextKeyword.execute(GetTextKeyword.groovy:64)
	at com.kms.katalon.core.keyword.internal.KeywordExecutor.executeKeywordForPlatform(KeywordExecutor.groovy:60)
	at com.kms.katalon.core.mobile.keyword.MobileBuiltInKeywords.getText(MobileBuiltInKeywords.groovy:458)
	at com.kms.katalon.core.mobile.keyword.MobileBuiltInKeywords$getText$13.call(Unknown Source)
	at TC_Borrower - Pekerjaan - MASTER FLOW.run(TC_Borrower - Pekerjaan - MASTER FLOW:16)
	at com.kms.katalon.core.main.ScriptEngine.run(ScriptEngine.java:194)
	at com.kms.katalon.core.main.ScriptEngine.runScriptAsRawText(ScriptEngine.java:119)
	at com.kms.katalon.core.main.TestCaseExecutor.runScript(TestCaseExecutor.java:337)
	at com.kms.katalon.core.main.TestCaseExecutor.doExecute(TestCaseExecutor.java:328)
	at com.kms.katalon.core.main.TestCaseExecutor.processExecutionPhase(TestCaseExecutor.java:307)
	at com.kms.katalon.core.main.TestCaseExecutor.accessMainPhase(TestCaseExecutor.java:299)
	at com.kms.katalon.core.main.TestCaseExecutor.execute(TestCaseExecutor.java:233)
	at com.kms.katalon.core.main.TestCaseMain.runTestCase(TestCaseMain.java:114)
	at com.kms.katalon.core.keyword.builtin.CallTestCaseKeyword$_callTestCase_closure1.doCall(CallTestCaseKeyword.groovy:59)
	at com.kms.katalon.core.keyword.builtin.CallTestCaseKeyword$_callTestCase_closure1.call(CallTestCaseKeyword.groovy)
	at com.kms.katalon.core.keyword.internal.KeywordMain.runKeyword(KeywordMain.groovy:68)
	at com.kms.katalon.core.keyword.builtin.CallTestCaseKeyword.callTestCase(CallTestCaseKeyword.groovy:81)
	at com.kms.katalon.core.keyword.builtin.CallTestCaseKeyword.execute(CallTestCaseKeyword.groovy:44)
	at com.kms.katalon.core.keyword.internal.KeywordExecutor.executeKeywordForPlatform(KeywordExecutor.groovy:60)
	at com.kms.katalon.core.keyword.BuiltinKeywords.callTestCase(BuiltinKeywords.groovy:334)
	at Flow Borrower.run(Flow Borrower:42)
	at com.kms.katalon.core.main.ScriptEngine.run(ScriptEngine.java:194)
	at com.kms.katalon.core.main.ScriptEngine.runScriptAsRawText(ScriptEngine.java:119)
	at com.kms.katalon.core.main.TestCaseExecutor.runScript(TestCaseExecutor.java:337)
	at com.kms.katalon.core.main.TestCaseExecutor.doExecute(TestCaseExecutor.java:328)
	at com.kms.katalon.core.main.TestCaseExecutor.processExecutionPhase(TestCaseExecutor.java:307)
	at com.kms.katalon.core.main.TestCaseExecutor.accessMainPhase(TestCaseExecutor.java:299)
	at com.kms.katalon.core.main.TestCaseExecutor.execute(TestCaseExecutor.java:233)
	at com.kms.katalon.core.main.TestCaseMain.runTestCase(TestCaseMain.java:114)
	at com.kms.katalon.core.keyword.builtin.CallTestCaseKeyword$_callTestCase_closure1.doCall(CallTestCaseKeyword.groovy:59)
	at com.kms.katalon.core.keyword.builtin.CallTestCaseKeyword$_callTestCase_closure1.call(CallTestCaseKeyword.groovy)
	at com.kms.katalon.core.keyword.internal.KeywordMain.runKeyword(KeywordMain.groovy:68)
	at com.kms.katalon.core.keyword.builtin.CallTestCaseKeyword.callTestCase(CallTestCaseKeyword.groovy:81)
	at com.kms.katalon.core.keyword.builtin.CallTestCaseKeyword.execute(CallTestCaseKeyword.groovy:44)
	at com.kms.katalon.core.keyword.internal.KeywordExecutor.executeKeywordForPlatform(KeywordExecutor.groovy:60)
	at com.kms.katalon.core.keyword.BuiltinKeywords.callTestCase(BuiltinKeywords.groovy:334)
	at TC_Data Entry.run(TC_Data Entry:42)
	at com.kms.katalon.core.main.ScriptEngine.run(ScriptEngine.java:194)
	at com.kms.katalon.core.main.ScriptEngine.runScriptAsRawText(ScriptEngine.java:119)
	at com.kms.katalon.core.main.TestCaseExecutor.runScript(TestCaseExecutor.java:337)
	at com.kms.katalon.core.main.TestCaseExecutor.doExecute(TestCaseExecutor.java:328)
	at com.kms.katalon.core.main.TestCaseExecutor.processExecutionPhase(TestCaseExecutor.java:307)
	at com.kms.katalon.core.main.TestCaseExecutor.accessMainPhase(TestCaseExecutor.java:299)
	at com.kms.katalon.core.main.TestCaseExecutor.execute(TestCaseExecutor.java:233)
	at com.kms.katalon.core.main.TestSuiteExecutor.accessTestCaseMainPhase(TestSuiteExecutor.java:169)
	at com.kms.katalon.core.main.TestSuiteExecutor.accessTestSuiteMainPhase(TestSuiteExecutor.java:142)
	at com.kms.katalon.core.main.TestSuiteExecutor.execute(TestSuiteExecutor.java:91)
	at com.kms.katalon.core.main.TestCaseMain.startTestSuite(TestCaseMain.java:157)
	at com.kms.katalon.core.main.TestCaseMain$startTestSuite$0.call(Unknown Source)
	at TempTestSuite1574304373849.run(TempTestSuite1574304373849.groovy:36)
)
[[ATTACHMENT|C:\\Users\\15420\\git\\ACCME-Dupcheck\\Reports\\20191121_094613\\data entry dupcek\\20191121_094613\\1574305626054.png]]

2019-11-21 10:07:07 - [MESSAGE][FAILED] - Unable to call Test Case 'Test Cases/Data Entry/Borrower/Borrower - Pekerjaan/MASTER FLOW/TC_Borrower - Pekerjaan - MASTER FLOW' (Root cause: com.kms.katalon.core.exception.StepFailedException: Call Test Case 'Test Cases/Data Entry/Borrower/Borrower - Pekerjaan/MASTER FLOW/TC_Borrower - Pekerjaan - MASTER FLOW' failed
	at com.kms.katalon.core.keyword.builtin.CallTestCaseKeyword$_callTestCase_closure1.doCall(CallTestCaseKeyword.groovy:63)
	at com.kms.katalon.core.keyword.builtin.CallTestCaseKeyword$_callTestCase_closure1.call(CallTestCaseKeyword.groovy)
	at com.kms.katalon.core.keyword.internal.KeywordMain.runKeyword(KeywordMain.groovy:68)
	at com.kms.katalon.core.keyword.builtin.CallTestCaseKeyword.callTestCase(CallTestCaseKeyword.groovy:81)
	at com.kms.katalon.core.keyword.builtin.CallTestCaseKeyword.execute(CallTestCaseKeyword.groovy:44)
	at com.kms.katalon.core.keyword.internal.KeywordExecutor.executeKeywordForPlatform(KeywordExecutor.groovy:60)
	at com.kms.katalon.core.keyword.BuiltinKeywords.callTestCase(BuiltinKeywords.groovy:334)
	at Flow Borrower.run(Flow Borrower:42)
	at com.kms.katalon.core.main.ScriptEngine.run(ScriptEngine.java:194)
	at com.kms.katalon.core.main.ScriptEngine.runScriptAsRawText(ScriptEngine.java:119)
	at com.kms.katalon.core.main.TestCaseExecutor.runScript(TestCaseExecutor.java:337)
	at com.kms.katalon.core.main.TestCaseExecutor.doExecute(TestCaseExecutor.java:328)
	at com.kms.katalon.core.main.TestCaseExecutor.processExecutionPhase(TestCaseExecutor.java:307)
	at com.kms.katalon.core.main.TestCaseExecutor.accessMainPhase(TestCaseExecutor.java:299)
	at com.kms.katalon.core.main.TestCaseExecutor.execute(TestCaseExecutor.java:233)
	at com.kms.katalon.core.main.TestCaseMain.runTestCase(TestCaseMain.java:114)
	at com.kms.katalon.core.keyword.builtin.CallTestCaseKeyword$_callTestCase_closure1.doCall(CallTestCaseKeyword.groovy:59)
	at com.kms.katalon.core.keyword.builtin.CallTestCaseKeyword$_callTestCase_closure1.call(CallTestCaseKeyword.groovy)
	at com.kms.katalon.core.keyword.internal.KeywordMain.runKeyword(KeywordMain.groovy:68)
	at com.kms.katalon.core.keyword.builtin.CallTestCaseKeyword.callTestCase(CallTestCaseKeyword.groovy:81)
	at com.kms.katalon.core.keyword.builtin.CallTestCaseKeyword.execute(CallTestCaseKeyword.groovy:44)
	at com.kms.katalon.core.keyword.internal.KeywordExecutor.executeKeywordForPlatform(KeywordExecutor.groovy:60)
	at com.kms.katalon.core.keyword.BuiltinKeywords.callTestCase(BuiltinKeywords.groovy:334)
	at TC_Data Entry.run(TC_Data Entry:42)
	at com.kms.katalon.core.main.ScriptEngine.run(ScriptEngine.java:194)
	at com.kms.katalon.core.main.ScriptEngine.runScriptAsRawText(ScriptEngine.java:119)
	at com.kms.katalon.core.main.TestCaseExecutor.runScript(TestCaseExecutor.java:337)
	at com.kms.katalon.core.main.TestCaseExecutor.doExecute(TestCaseExecutor.java:328)
	at com.kms.katalon.core.main.TestCaseExecutor.processExecutionPhase(TestCaseExecutor.java:307)
	at com.kms.katalon.core.main.TestCaseExecutor.accessMainPhase(TestCaseExecutor.java:299)
	at com.kms.katalon.core.main.TestCaseExecutor.execute(TestCaseExecutor.java:233)
	at com.kms.katalon.core.main.TestSuiteExecutor.accessTestCaseMainPhase(TestSuiteExecutor.java:169)
	at com.kms.katalon.core.main.TestSuiteExecutor.accessTestSuiteMainPhase(TestSuiteExecutor.java:142)
	at com.kms.katalon.core.main.TestSuiteExecutor.execute(TestSuiteExecutor.java:91)
	at com.kms.katalon.core.main.TestCaseMain.startTestSuite(TestCaseMain.java:157)
	at com.kms.katalon.core.main.TestCaseMain$startTestSuite$0.call(Unknown Source)
	at TempTestSuite1574304373849.run(TempTestSuite1574304373849.groovy:36)
Caused by: com.kms.katalon.core.exception.StepFailedException: Object Object Repository/Borrower/Borrower - Pekerjaan/Borrower_Pekerjaan_InpPekerjaan not found
	at com.kms.katalon.core.keyword.internal.KeywordMain.stepFailed(KeywordMain.groovy:50)
	at com.kms.katalon.core.mobile.keyword.internal.MobileKeywordMain.stepFailed(MobileKeywordMain.groovy:40)
	at com.kms.katalon.core.mobile.keyword.builtin.GetTextKeyword$_getText_closure1.doCall(GetTextKeyword.groovy:74)
	at com.kms.katalon.core.mobile.keyword.builtin.GetTextKeyword$_getText_closure1.call(GetTextKeyword.groovy)
	at com.kms.katalon.core.mobile.keyword.internal.MobileKeywordMain.runKeyword(MobileKeywordMain.groovy:21)
	at com.kms.katalon.core.mobile.keyword.builtin.GetTextKeyword.getText(GetTextKeyword.groovy:80)
	at com.kms.katalon.core.mobile.keyword.builtin.GetTextKeyword.execute(GetTextKeyword.groovy:64)
	at com.kms.katalon.core.keyword.internal.KeywordExecutor.executeKeywordForPlatform(KeywordExecutor.groovy:60)
	at com.kms.katalon.core.mobile.keyword.MobileBuiltInKeywords.getText(MobileBuiltInKeywords.groovy:458)
	at com.kms.katalon.core.mobile.keyword.MobileBuiltInKeywords$getText$13.call(Unknown Source)
	at TC_Borrower - Pekerjaan - MASTER FLOW.run(TC_Borrower - Pekerjaan - MASTER FLOW:16)
	at com.kms.katalon.core.main.ScriptEngine.run(ScriptEngine.java:194)
	at com.kms.katalon.core.main.ScriptEngine.runScriptAsRawText(ScriptEngine.java:119)
	at com.kms.katalon.core.main.TestCaseExecutor.runScript(TestCaseExecutor.java:337)
	at com.kms.katalon.core.main.TestCaseExecutor.doExecute(TestCaseExecutor.java:328)
	at com.kms.katalon.core.main.TestCaseExecutor.processExecutionPhase(TestCaseExecutor.java:307)
	at com.kms.katalon.core.main.TestCaseExecutor.accessMainPhase(TestCaseExecutor.java:299)
	at com.kms.katalon.core.main.TestCaseExecutor.execute(TestCaseExecutor.java:233)
	at com.kms.katalon.core.main.TestCaseMain.runTestCase(TestCaseMain.java:114)
	at com.kms.katalon.core.keyword.builtin.CallTestCaseKeyword$_callTestCase_closure1.doCall(CallTestCaseKeyword.groovy:59)
	... 36 more
)

2019-11-21 10:07:07 - [MESSAGE][FAILED] - Unable to call Test Case 'Test Cases/Data Entry/Borrower/Flow Borrower' (Root cause: com.kms.katalon.core.exception.StepFailedException: Call Test Case 'Test Cases/Data Entry/Borrower/Flow Borrower' failed
	at com.kms.katalon.core.keyword.builtin.CallTestCaseKeyword$_callTestCase_closure1.doCall(CallTestCaseKeyword.groovy:63)
	at com.kms.katalon.core.keyword.builtin.CallTestCaseKeyword$_callTestCase_closure1.call(CallTestCaseKeyword.groovy)
	at com.kms.katalon.core.keyword.internal.KeywordMain.runKeyword(KeywordMain.groovy:68)
	at com.kms.katalon.core.keyword.builtin.CallTestCaseKeyword.callTestCase(CallTestCaseKeyword.groovy:81)
	at com.kms.katalon.core.keyword.builtin.CallTestCaseKeyword.execute(CallTestCaseKeyword.groovy:44)
	at com.kms.katalon.core.keyword.internal.KeywordExecutor.executeKeywordForPlatform(KeywordExecutor.groovy:60)
	at com.kms.katalon.core.keyword.BuiltinKeywords.callTestCase(BuiltinKeywords.groovy:334)
	at TC_Data Entry.run(TC_Data Entry:42)
	at com.kms.katalon.core.main.ScriptEngine.run(ScriptEngine.java:194)
	at com.kms.katalon.core.main.ScriptEngine.runScriptAsRawText(ScriptEngine.java:119)
	at com.kms.katalon.core.main.TestCaseExecutor.runScript(TestCaseExecutor.java:337)
	at com.kms.katalon.core.main.TestCaseExecutor.doExecute(TestCaseExecutor.java:328)
	at com.kms.katalon.core.main.TestCaseExecutor.processExecutionPhase(TestCaseExecutor.java:307)
	at com.kms.katalon.core.main.TestCaseExecutor.accessMainPhase(TestCaseExecutor.java:299)
	at com.kms.katalon.core.main.TestCaseExecutor.execute(TestCaseExecutor.java:233)
	at com.kms.katalon.core.main.TestSuiteExecutor.accessTestCaseMainPhase(TestSuiteExecutor.java:169)
	at com.kms.katalon.core.main.TestSuiteExecutor.accessTestSuiteMainPhase(TestSuiteExecutor.java:142)
	at com.kms.katalon.core.main.TestSuiteExecutor.execute(TestSuiteExecutor.java:91)
	at com.kms.katalon.core.main.TestCaseMain.startTestSuite(TestCaseMain.java:157)
	at com.kms.katalon.core.main.TestCaseMain$startTestSuite$0.call(Unknown Source)
	at TempTestSuite1574304373849.run(TempTestSuite1574304373849.groovy:36)
Caused by: com.kms.katalon.core.exception.StepFailedException: Call Test Case 'Test Cases/Data Entry/Borrower/Borrower - Pekerjaan/MASTER FLOW/TC_Borrower - Pekerjaan - MASTER FLOW' failed
	at com.kms.katalon.core.keyword.builtin.CallTestCaseKeyword$_callTestCase_closure1.doCall(CallTestCaseKeyword.groovy:63)
	at com.kms.katalon.core.keyword.builtin.CallTestCaseKeyword$_callTestCase_closure1.call(CallTestCaseKeyword.groovy)
	at com.kms.katalon.core.keyword.internal.KeywordMain.runKeyword(KeywordMain.groovy:68)
	at com.kms.katalon.core.keyword.builtin.CallTestCaseKeyword.callTestCase(CallTestCaseKeyword.groovy:81)
	at com.kms.katalon.core.keyword.builtin.CallTestCaseKeyword.execute(CallTestCaseKeyword.groovy:44)
	at com.kms.katalon.core.keyword.internal.KeywordExecutor.executeKeywordForPlatform(KeywordExecutor.groovy:60)
	at com.kms.katalon.core.keyword.BuiltinKeywords.callTestCase(BuiltinKeywords.groovy:334)
	at Flow Borrower.run(Flow Borrower:42)
	at com.kms.katalon.core.main.ScriptEngine.run(ScriptEngine.java:194)
	at com.kms.katalon.core.main.ScriptEngine.runScriptAsRawText(ScriptEngine.java:119)
	at com.kms.katalon.core.main.TestCaseExecutor.runScript(TestCaseExecutor.java:337)
	at com.kms.katalon.core.main.TestCaseExecutor.doExecute(TestCaseExecutor.java:328)
	at com.kms.katalon.core.main.TestCaseExecutor.processExecutionPhase(TestCaseExecutor.java:307)
	at com.kms.katalon.core.main.TestCaseExecutor.accessMainPhase(TestCaseExecutor.java:299)
	at com.kms.katalon.core.main.TestCaseExecutor.execute(TestCaseExecutor.java:233)
	at com.kms.katalon.core.main.TestCaseMain.runTestCase(TestCaseMain.java:114)
	at com.kms.katalon.core.keyword.builtin.CallTestCaseKeyword$_callTestCase_closure1.doCall(CallTestCaseKeyword.groovy:59)
	... 20 more
Caused by: com.kms.katalon.core.exception.StepFailedException: Object Object Repository/Borrower/Borrower - Pekerjaan/Borrower_Pekerjaan_InpPekerjaan not found
	at com.kms.katalon.core.keyword.internal.KeywordMain.stepFailed(KeywordMain.groovy:50)
	at com.kms.katalon.core.mobile.keyword.internal.MobileKeywordMain.stepFailed(MobileKeywordMain.groovy:40)
	at com.kms.katalon.core.mobile.keyword.builtin.GetTextKeyword$_getText_closure1.doCall(GetTextKeyword.groovy:74)
	at com.kms.katalon.core.mobile.keyword.builtin.GetTextKeyword$_getText_closure1.call(GetTextKeyword.groovy)
	at com.kms.katalon.core.mobile.keyword.internal.MobileKeywordMain.runKeyword(MobileKeywordMain.groovy:21)
	at com.kms.katalon.core.mobile.keyword.builtin.GetTextKeyword.getText(GetTextKeyword.groovy:80)
	at com.kms.katalon.core.mobile.keyword.builtin.GetTextKeyword.execute(GetTextKeyword.groovy:64)
	at com.kms.katalon.core.keyword.internal.KeywordExecutor.executeKeywordForPlatform(KeywordExecutor.groovy:60)
	at com.kms.katalon.core.mobile.keyword.MobileBuiltInKeywords.getText(MobileBuiltInKeywords.groovy:458)
	at com.kms.katalon.core.mobile.keyword.MobileBuiltInKeywords$getText$13.call(Unknown Source)
	at TC_Borrower - Pekerjaan - MASTER FLOW.run(TC_Borrower - Pekerjaan - MASTER FLOW:16)
	at com.kms.katalon.core.main.ScriptEngine.run(ScriptEngine.java:194)
	at com.kms.katalon.core.main.ScriptEngine.runScriptAsRawText(ScriptEngine.java:119)
	at com.kms.katalon.core.main.TestCaseExecutor.runScript(TestCaseExecutor.java:337)
	at com.kms.katalon.core.main.TestCaseExecutor.doExecute(TestCaseExecutor.java:328)
	at com.kms.katalon.core.main.TestCaseExecutor.processExecutionPhase(TestCaseExecutor.java:307)
	at com.kms.katalon.core.main.TestCaseExecutor.accessMainPhase(TestCaseExecutor.java:299)
	at com.kms.katalon.core.main.TestCaseExecutor.execute(TestCaseExecutor.java:233)
	at com.kms.katalon.core.main.TestCaseMain.runTestCase(TestCaseMain.java:114)
	at com.kms.katalon.core.keyword.builtin.CallTestCaseKeyword$_callTestCase_closure1.doCall(CallTestCaseKeyword.groovy:59)
	... 36 more
)]]></system-out>
         <system-err><![CDATA[2019-11-21 09:56:38 - [TEST_CASE][FAILED] - Test Cases/Data Entry/TC_Data Entry: Test Cases/Data Entry/TC_Data Entry FAILED.
Reason:
com.kms.katalon.core.exception.StepFailedException: Call Test Case 'Test Cases/Data Entry/Borrower/Flow Borrower' failed
	at com.kms.katalon.core.keyword.builtin.CallTestCaseKeyword$_callTestCase_closure1.doCall(CallTestCaseKeyword.groovy:63)
	at com.kms.katalon.core.keyword.builtin.CallTestCaseKeyword$_callTestCase_closure1.call(CallTestCaseKeyword.groovy)
	at com.kms.katalon.core.keyword.internal.KeywordMain.runKeyword(KeywordMain.groovy:68)
	at com.kms.katalon.core.keyword.builtin.CallTestCaseKeyword.callTestCase(CallTestCaseKeyword.groovy:81)
	at com.kms.katalon.core.keyword.builtin.CallTestCaseKeyword.execute(CallTestCaseKeyword.groovy:44)
	at com.kms.katalon.core.keyword.internal.KeywordExecutor.executeKeywordForPlatform(KeywordExecutor.groovy:60)
	at com.kms.katalon.core.keyword.BuiltinKeywords.callTestCase(BuiltinKeywords.groovy:334)
	at TC_Data Entry.run(TC_Data Entry:42)
	at com.kms.katalon.core.main.ScriptEngine.run(ScriptEngine.java:194)
	at com.kms.katalon.core.main.ScriptEngine.runScriptAsRawText(ScriptEngine.java:119)
	at com.kms.katalon.core.main.TestCaseExecutor.runScript(TestCaseExecutor.java:337)
	at com.kms.katalon.core.main.TestCaseExecutor.doExecute(TestCaseExecutor.java:328)
	at com.kms.katalon.core.main.TestCaseExecutor.processExecutionPhase(TestCaseExecutor.java:307)
	at com.kms.katalon.core.main.TestCaseExecutor.accessMainPhase(TestCaseExecutor.java:299)
	at com.kms.katalon.core.main.TestCaseExecutor.execute(TestCaseExecutor.java:233)
	at com.kms.katalon.core.main.TestSuiteExecutor.accessTestCaseMainPhase(TestSuiteExecutor.java:169)
	at com.kms.katalon.core.main.TestSuiteExecutor.accessTestSuiteMainPhase(TestSuiteExecutor.java:142)
	at com.kms.katalon.core.main.TestSuiteExecutor.execute(TestSuiteExecutor.java:91)
	at com.kms.katalon.core.main.TestCaseMain.startTestSuite(TestCaseMain.java:157)
	at com.kms.katalon.core.main.TestCaseMain$startTestSuite$0.call(Unknown Source)
	at TempTestSuite1574304373849.run(TempTestSuite1574304373849.groovy:36)
Caused by: com.kms.katalon.core.exception.StepFailedException: Call Test Case 'Test Cases/Data Entry/Borrower/Borrower - Pekerjaan/MASTER FLOW/TC_Borrower - Pekerjaan - MASTER FLOW' failed
	at com.kms.katalon.core.keyword.builtin.CallTestCaseKeyword$_callTestCase_closure1.doCall(CallTestCaseKeyword.groovy:63)
	at com.kms.katalon.core.keyword.builtin.CallTestCaseKeyword$_callTestCase_closure1.call(CallTestCaseKeyword.groovy)
	at com.kms.katalon.core.keyword.internal.KeywordMain.runKeyword(KeywordMain.groovy:68)
	at com.kms.katalon.core.keyword.builtin.CallTestCaseKeyword.callTestCase(CallTestCaseKeyword.groovy:81)
	at com.kms.katalon.core.keyword.builtin.CallTestCaseKeyword.execute(CallTestCaseKeyword.groovy:44)
	at com.kms.katalon.core.keyword.internal.KeywordExecutor.executeKeywordForPlatform(KeywordExecutor.groovy:60)
	at com.kms.katalon.core.keyword.BuiltinKeywords.callTestCase(BuiltinKeywords.groovy:334)
	at Flow Borrower.run(Flow Borrower:42)
	at com.kms.katalon.core.main.ScriptEngine.run(ScriptEngine.java:194)
	at com.kms.katalon.core.main.ScriptEngine.runScriptAsRawText(ScriptEngine.java:119)
	at com.kms.katalon.core.main.TestCaseExecutor.runScript(TestCaseExecutor.java:337)
	at com.kms.katalon.core.main.TestCaseExecutor.doExecute(TestCaseExecutor.java:328)
	at com.kms.katalon.core.main.TestCaseExecutor.processExecutionPhase(TestCaseExecutor.java:307)
	at com.kms.katalon.core.main.TestCaseExecutor.accessMainPhase(TestCaseExecutor.java:299)
	at com.kms.katalon.core.main.TestCaseExecutor.execute(TestCaseExecutor.java:233)
	at com.kms.katalon.core.main.TestCaseMain.runTestCase(TestCaseMain.java:114)
	at com.kms.katalon.core.keyword.builtin.CallTestCaseKeyword$_callTestCase_closure1.doCall(CallTestCaseKeyword.groovy:59)
	... 20 more
Caused by: com.kms.katalon.core.exception.StepFailedException: Object Object Repository/Borrower/Borrower - Pekerjaan/Borrower_Pekerjaan_InpPekerjaan not found
	at com.kms.katalon.core.keyword.internal.KeywordMain.stepFailed(KeywordMain.groovy:50)
	at com.kms.katalon.core.mobile.keyword.internal.MobileKeywordMain.stepFailed(MobileKeywordMain.groovy:40)
	at com.kms.katalon.core.mobile.keyword.builtin.GetTextKeyword$_getText_closure1.doCall(GetTextKeyword.groovy:74)
	at com.kms.katalon.core.mobile.keyword.builtin.GetTextKeyword$_getText_closure1.call(GetTextKeyword.groovy)
	at com.kms.katalon.core.mobile.keyword.internal.MobileKeywordMain.runKeyword(MobileKeywordMain.groovy:21)
	at com.kms.katalon.core.mobile.keyword.builtin.GetTextKeyword.getText(GetTextKeyword.groovy:80)
	at com.kms.katalon.core.mobile.keyword.builtin.GetTextKeyword.execute(GetTextKeyword.groovy:64)
	at com.kms.katalon.core.keyword.internal.KeywordExecutor.executeKeywordForPlatform(KeywordExecutor.groovy:60)
	at com.kms.katalon.core.mobile.keyword.MobileBuiltInKeywords.getText(MobileBuiltInKeywords.groovy:458)
	at com.kms.katalon.core.mobile.keyword.MobileBuiltInKeywords$getText$13.call(Unknown Source)
	at TC_Borrower - Pekerjaan - MASTER FLOW.run(TC_Borrower - Pekerjaan - MASTER FLOW:16)
	at com.kms.katalon.core.main.ScriptEngine.run(ScriptEngine.java:194)
	at com.kms.katalon.core.main.ScriptEngine.runScriptAsRawText(ScriptEngine.java:119)
	at com.kms.katalon.core.main.TestCaseExecutor.runScript(TestCaseExecutor.java:337)
	at com.kms.katalon.core.main.TestCaseExecutor.doExecute(TestCaseExecutor.java:328)
	at com.kms.katalon.core.main.TestCaseExecutor.processExecutionPhase(TestCaseExecutor.java:307)
	at com.kms.katalon.core.main.TestCaseExecutor.accessMainPhase(TestCaseExecutor.java:299)
	at com.kms.katalon.core.main.TestCaseExecutor.execute(TestCaseExecutor.java:233)
	at com.kms.katalon.core.main.TestCaseMain.runTestCase(TestCaseMain.java:114)
	at com.kms.katalon.core.keyword.builtin.CallTestCaseKeyword$_callTestCase_closure1.doCall(CallTestCaseKeyword.groovy:59)
	... 36 more]]></system-err>
      </testcase>
      <system-out><![CDATA[2019-11-21 09:46:19 - [TEST_SUITE][FAILED] - data entry dupcek: Test Cases/Data Entry/TC_Data Entry FAILED.
Reason:
com.kms.katalon.core.exception.StepFailedException: Call Test Case 'Test Cases/Data Entry/Borrower/Flow Borrower' failed
	at com.kms.katalon.core.keyword.builtin.CallTestCaseKeyword$_callTestCase_closure1.doCall(CallTestCaseKeyword.groovy:63)
	at com.kms.katalon.core.keyword.builtin.CallTestCaseKeyword$_callTestCase_closure1.call(CallTestCaseKeyword.groovy)
	at com.kms.katalon.core.keyword.internal.KeywordMain.runKeyword(KeywordMain.groovy:68)
	at com.kms.katalon.core.keyword.builtin.CallTestCaseKeyword.callTestCase(CallTestCaseKeyword.groovy:81)
	at com.kms.katalon.core.keyword.builtin.CallTestCaseKeyword.execute(CallTestCaseKeyword.groovy:44)
	at com.kms.katalon.core.keyword.internal.KeywordExecutor.executeKeywordForPlatform(KeywordExecutor.groovy:60)
	at com.kms.katalon.core.keyword.BuiltinKeywords.callTestCase(BuiltinKeywords.groovy:334)
	at TC_Data Entry.run(TC_Data Entry:42)
	at com.kms.katalon.core.main.ScriptEngine.run(ScriptEngine.java:194)
	at com.kms.katalon.core.main.ScriptEngine.runScriptAsRawText(ScriptEngine.java:119)
	at com.kms.katalon.core.main.TestCaseExecutor.runScript(TestCaseExecutor.java:337)
	at com.kms.katalon.core.main.TestCaseExecutor.doExecute(TestCaseExecutor.java:328)
	at com.kms.katalon.core.main.TestCaseExecutor.processExecutionPhase(TestCaseExecutor.java:307)
	at com.kms.katalon.core.main.TestCaseExecutor.accessMainPhase(TestCaseExecutor.java:299)
	at com.kms.katalon.core.main.TestCaseExecutor.execute(TestCaseExecutor.java:233)
	at com.kms.katalon.core.main.TestSuiteExecutor.accessTestCaseMainPhase(TestSuiteExecutor.java:169)
	at com.kms.katalon.core.main.TestSuiteExecutor.accessTestSuiteMainPhase(TestSuiteExecutor.java:142)
	at com.kms.katalon.core.main.TestSuiteExecutor.execute(TestSuiteExecutor.java:91)
	at com.kms.katalon.core.main.TestCaseMain.startTestSuite(TestCaseMain.java:157)
	at com.kms.katalon.core.main.TestCaseMain$startTestSuite$0.call(Unknown Source)
	at TempTestSuite1574304373849.run(TempTestSuite1574304373849.groovy:36)
Caused by: com.kms.katalon.core.exception.StepFailedException: Call Test Case 'Test Cases/Data Entry/Borrower/Borrower - Pekerjaan/MASTER FLOW/TC_Borrower - Pekerjaan - MASTER FLOW' failed
	at com.kms.katalon.core.keyword.builtin.CallTestCaseKeyword$_callTestCase_closure1.doCall(CallTestCaseKeyword.groovy:63)
	at com.kms.katalon.core.keyword.builtin.CallTestCaseKeyword$_callTestCase_closure1.call(CallTestCaseKeyword.groovy)
	at com.kms.katalon.core.keyword.internal.KeywordMain.runKeyword(KeywordMain.groovy:68)
	at com.kms.katalon.core.keyword.builtin.CallTestCaseKeyword.callTestCase(CallTestCaseKeyword.groovy:81)
	at com.kms.katalon.core.keyword.builtin.CallTestCaseKeyword.execute(CallTestCaseKeyword.groovy:44)
	at com.kms.katalon.core.keyword.internal.KeywordExecutor.executeKeywordForPlatform(KeywordExecutor.groovy:60)
	at com.kms.katalon.core.keyword.BuiltinKeywords.callTestCase(BuiltinKeywords.groovy:334)
	at Flow Borrower.run(Flow Borrower:42)
	at com.kms.katalon.core.main.ScriptEngine.run(ScriptEngine.java:194)
	at com.kms.katalon.core.main.ScriptEngine.runScriptAsRawText(ScriptEngine.java:119)
	at com.kms.katalon.core.main.TestCaseExecutor.runScript(TestCaseExecutor.java:337)
	at com.kms.katalon.core.main.TestCaseExecutor.doExecute(TestCaseExecutor.java:328)
	at com.kms.katalon.core.main.TestCaseExecutor.processExecutionPhase(TestCaseExecutor.java:307)
	at com.kms.katalon.core.main.TestCaseExecutor.accessMainPhase(TestCaseExecutor.java:299)
	at com.kms.katalon.core.main.TestCaseExecutor.execute(TestCaseExecutor.java:233)
	at com.kms.katalon.core.main.TestCaseMain.runTestCase(TestCaseMain.java:114)
	at com.kms.katalon.core.keyword.builtin.CallTestCaseKeyword$_callTestCase_closure1.doCall(CallTestCaseKeyword.groovy:59)
	... 20 more
Caused by: com.kms.katalon.core.exception.StepFailedException: Object Object Repository/Borrower/Borrower - Pekerjaan/Borrower_Pekerjaan_InpPekerjaan not found
	at com.kms.katalon.core.keyword.internal.KeywordMain.stepFailed(KeywordMain.groovy:50)
	at com.kms.katalon.core.mobile.keyword.internal.MobileKeywordMain.stepFailed(MobileKeywordMain.groovy:40)
	at com.kms.katalon.core.mobile.keyword.builtin.GetTextKeyword$_getText_closure1.doCall(GetTextKeyword.groovy:74)
	at com.kms.katalon.core.mobile.keyword.builtin.GetTextKeyword$_getText_closure1.call(GetTextKeyword.groovy)
	at com.kms.katalon.core.mobile.keyword.internal.MobileKeywordMain.runKeyword(MobileKeywordMain.groovy:21)
	at com.kms.katalon.core.mobile.keyword.builtin.GetTextKeyword.getText(GetTextKeyword.groovy:80)
	at com.kms.katalon.core.mobile.keyword.builtin.GetTextKeyword.execute(GetTextKeyword.groovy:64)
	at com.kms.katalon.core.keyword.internal.KeywordExecutor.executeKeywordForPlatform(KeywordExecutor.groovy:60)
	at com.kms.katalon.core.mobile.keyword.MobileBuiltInKeywords.getText(MobileBuiltInKeywords.groovy:458)
	at com.kms.katalon.core.mobile.keyword.MobileBuiltInKeywords$getText$13.call(Unknown Source)
	at TC_Borrower - Pekerjaan - MASTER FLOW.run(TC_Borrower - Pekerjaan - MASTER FLOW:16)
	at com.kms.katalon.core.main.ScriptEngine.run(ScriptEngine.java:194)
	at com.kms.katalon.core.main.ScriptEngine.runScriptAsRawText(ScriptEngine.java:119)
	at com.kms.katalon.core.main.TestCaseExecutor.runScript(TestCaseExecutor.java:337)
	at com.kms.katalon.core.main.TestCaseExecutor.doExecute(TestCaseExecutor.java:328)
	at com.kms.katalon.core.main.TestCaseExecutor.processExecutionPhase(TestCaseExecutor.java:307)
	at com.kms.katalon.core.main.TestCaseExecutor.accessMainPhase(TestCaseExecutor.java:299)
	at com.kms.katalon.core.main.TestCaseExecutor.execute(TestCaseExecutor.java:233)
	at com.kms.katalon.core.main.TestCaseMain.runTestCase(TestCaseMain.java:114)
	at com.kms.katalon.core.keyword.builtin.CallTestCaseKeyword$_callTestCase_closure1.doCall(CallTestCaseKeyword.groovy:59)
	... 36 more]]></system-out>
      <system-err><![CDATA[2019-11-21 09:46:19 - [TEST_SUITE][FAILED] - data entry dupcek: Test Cases/Data Entry/TC_Data Entry FAILED.
Reason:
com.kms.katalon.core.exception.StepFailedException: Call Test Case 'Test Cases/Data Entry/Borrower/Flow Borrower' failed
	at com.kms.katalon.core.keyword.builtin.CallTestCaseKeyword$_callTestCase_closure1.doCall(CallTestCaseKeyword.groovy:63)
	at com.kms.katalon.core.keyword.builtin.CallTestCaseKeyword$_callTestCase_closure1.call(CallTestCaseKeyword.groovy)
	at com.kms.katalon.core.keyword.internal.KeywordMain.runKeyword(KeywordMain.groovy:68)
	at com.kms.katalon.core.keyword.builtin.CallTestCaseKeyword.callTestCase(CallTestCaseKeyword.groovy:81)
	at com.kms.katalon.core.keyword.builtin.CallTestCaseKeyword.execute(CallTestCaseKeyword.groovy:44)
	at com.kms.katalon.core.keyword.internal.KeywordExecutor.executeKeywordForPlatform(KeywordExecutor.groovy:60)
	at com.kms.katalon.core.keyword.BuiltinKeywords.callTestCase(BuiltinKeywords.groovy:334)
	at TC_Data Entry.run(TC_Data Entry:42)
	at com.kms.katalon.core.main.ScriptEngine.run(ScriptEngine.java:194)
	at com.kms.katalon.core.main.ScriptEngine.runScriptAsRawText(ScriptEngine.java:119)
	at com.kms.katalon.core.main.TestCaseExecutor.runScript(TestCaseExecutor.java:337)
	at com.kms.katalon.core.main.TestCaseExecutor.doExecute(TestCaseExecutor.java:328)
	at com.kms.katalon.core.main.TestCaseExecutor.processExecutionPhase(TestCaseExecutor.java:307)
	at com.kms.katalon.core.main.TestCaseExecutor.accessMainPhase(TestCaseExecutor.java:299)
	at com.kms.katalon.core.main.TestCaseExecutor.execute(TestCaseExecutor.java:233)
	at com.kms.katalon.core.main.TestSuiteExecutor.accessTestCaseMainPhase(TestSuiteExecutor.java:169)
	at com.kms.katalon.core.main.TestSuiteExecutor.accessTestSuiteMainPhase(TestSuiteExecutor.java:142)
	at com.kms.katalon.core.main.TestSuiteExecutor.execute(TestSuiteExecutor.java:91)
	at com.kms.katalon.core.main.TestCaseMain.startTestSuite(TestCaseMain.java:157)
	at com.kms.katalon.core.main.TestCaseMain$startTestSuite$0.call(Unknown Source)
	at TempTestSuite1574304373849.run(TempTestSuite1574304373849.groovy:36)
Caused by: com.kms.katalon.core.exception.StepFailedException: Call Test Case 'Test Cases/Data Entry/Borrower/Borrower - Pekerjaan/MASTER FLOW/TC_Borrower - Pekerjaan - MASTER FLOW' failed
	at com.kms.katalon.core.keyword.builtin.CallTestCaseKeyword$_callTestCase_closure1.doCall(CallTestCaseKeyword.groovy:63)
	at com.kms.katalon.core.keyword.builtin.CallTestCaseKeyword$_callTestCase_closure1.call(CallTestCaseKeyword.groovy)
	at com.kms.katalon.core.keyword.internal.KeywordMain.runKeyword(KeywordMain.groovy:68)
	at com.kms.katalon.core.keyword.builtin.CallTestCaseKeyword.callTestCase(CallTestCaseKeyword.groovy:81)
	at com.kms.katalon.core.keyword.builtin.CallTestCaseKeyword.execute(CallTestCaseKeyword.groovy:44)
	at com.kms.katalon.core.keyword.internal.KeywordExecutor.executeKeywordForPlatform(KeywordExecutor.groovy:60)
	at com.kms.katalon.core.keyword.BuiltinKeywords.callTestCase(BuiltinKeywords.groovy:334)
	at Flow Borrower.run(Flow Borrower:42)
	at com.kms.katalon.core.main.ScriptEngine.run(ScriptEngine.java:194)
	at com.kms.katalon.core.main.ScriptEngine.runScriptAsRawText(ScriptEngine.java:119)
	at com.kms.katalon.core.main.TestCaseExecutor.runScript(TestCaseExecutor.java:337)
	at com.kms.katalon.core.main.TestCaseExecutor.doExecute(TestCaseExecutor.java:328)
	at com.kms.katalon.core.main.TestCaseExecutor.processExecutionPhase(TestCaseExecutor.java:307)
	at com.kms.katalon.core.main.TestCaseExecutor.accessMainPhase(TestCaseExecutor.java:299)
	at com.kms.katalon.core.main.TestCaseExecutor.execute(TestCaseExecutor.java:233)
	at com.kms.katalon.core.main.TestCaseMain.runTestCase(TestCaseMain.java:114)
	at com.kms.katalon.core.keyword.builtin.CallTestCaseKeyword$_callTestCase_closure1.doCall(CallTestCaseKeyword.groovy:59)
	... 20 more
Caused by: com.kms.katalon.core.exception.StepFailedException: Object Object Repository/Borrower/Borrower - Pekerjaan/Borrower_Pekerjaan_InpPekerjaan not found
	at com.kms.katalon.core.keyword.internal.KeywordMain.stepFailed(KeywordMain.groovy:50)
	at com.kms.katalon.core.mobile.keyword.internal.MobileKeywordMain.stepFailed(MobileKeywordMain.groovy:40)
	at com.kms.katalon.core.mobile.keyword.builtin.GetTextKeyword$_getText_closure1.doCall(GetTextKeyword.groovy:74)
	at com.kms.katalon.core.mobile.keyword.builtin.GetTextKeyword$_getText_closure1.call(GetTextKeyword.groovy)
	at com.kms.katalon.core.mobile.keyword.internal.MobileKeywordMain.runKeyword(MobileKeywordMain.groovy:21)
	at com.kms.katalon.core.mobile.keyword.builtin.GetTextKeyword.getText(GetTextKeyword.groovy:80)
	at com.kms.katalon.core.mobile.keyword.builtin.GetTextKeyword.execute(GetTextKeyword.groovy:64)
	at com.kms.katalon.core.keyword.internal.KeywordExecutor.executeKeywordForPlatform(KeywordExecutor.groovy:60)
	at com.kms.katalon.core.mobile.keyword.MobileBuiltInKeywords.getText(MobileBuiltInKeywords.groovy:458)
	at com.kms.katalon.core.mobile.keyword.MobileBuiltInKeywords$getText$13.call(Unknown Source)
	at TC_Borrower - Pekerjaan - MASTER FLOW.run(TC_Borrower - Pekerjaan - MASTER FLOW:16)
	at com.kms.katalon.core.main.ScriptEngine.run(ScriptEngine.java:194)
	at com.kms.katalon.core.main.ScriptEngine.runScriptAsRawText(ScriptEngine.java:119)
	at com.kms.katalon.core.main.TestCaseExecutor.runScript(TestCaseExecutor.java:337)
	at com.kms.katalon.core.main.TestCaseExecutor.doExecute(TestCaseExecutor.java:328)
	at com.kms.katalon.core.main.TestCaseExecutor.processExecutionPhase(TestCaseExecutor.java:307)
	at com.kms.katalon.core.main.TestCaseExecutor.accessMainPhase(TestCaseExecutor.java:299)
	at com.kms.katalon.core.main.TestCaseExecutor.execute(TestCaseExecutor.java:233)
	at com.kms.katalon.core.main.TestCaseMain.runTestCase(TestCaseMain.java:114)
	at com.kms.katalon.core.keyword.builtin.CallTestCaseKeyword$_callTestCase_closure1.doCall(CallTestCaseKeyword.groovy:59)
	... 36 more]]></system-err>
   </testsuite>
</testsuites>
