<?xml version="1.0" encoding="UTF-8"?>
<testsuites name="data entry dupcek" time="1269.572" tests="2" failures="2" errors="0">
   <testsuite name="data entry dupcek" tests="2" failures="2" errors="0" time="1269.572" timestamp="2019-11-21 10:26:42" hostname="15420 - 10.7.8.181" id="Test Suites/data entry dupcek">
      <properties>
         <property name="deviceName" value="samsung SM-A505F (Android 9)"/>
         <property name="devicePlatform" value=""/>
         <property name="logFolder" value="C:\\Users\\15420\\git\\ACCME-Dupcheck\\Reports\\20191121_102635\\data entry dupcek\\20191121_102635"/>
         <property name="logFiles" value="C:\\Users\\15420\\git\\ACCME-Dupcheck\\Reports\\20191121_102635\\data entry dupcek\\20191121_102635\\appium.log, C:\\Users\\15420\\git\\ACCME-Dupcheck\\Reports\\20191121_102635\\data entry dupcek\\20191121_102635\\execution0.log"/>
         <property name="attachments" value="C:\\Users\\15420\\git\\ACCME-Dupcheck\\Reports\\20191121_102635\\data entry dupcek\\20191121_102635\\1574307232102.png, C:\\Users\\15420\\git\\ACCME-Dupcheck\\Reports\\20191121_102635\\data entry dupcek\\20191121_102635\\1574307458987.png, C:\\Users\\15420\\git\\ACCME-Dupcheck\\Reports\\20191121_102635\\data entry dupcek\\20191121_102635\\1574307460893.png, C:\\Users\\15420\\git\\ACCME-Dupcheck\\Reports\\20191121_102635\\data entry dupcek\\20191121_102635\\1574307862856.png, C:\\Users\\15420\\git\\ACCME-Dupcheck\\Reports\\20191121_102635\\data entry dupcek\\20191121_102635\\1574308065507.png, C:\\Users\\15420\\git\\ACCME-Dupcheck\\Reports\\20191121_102635\\data entry dupcek\\20191121_102635\\1574308067085.png"/>
         <property name="hostName" value="15420 - 10.7.8.181"/>
         <property name="os" value="Windows 10 64bit"/>
         <property name="appiumServerStatus" value="{\&quot;status\&quot;:0,\&quot;value\&quot;:{\&quot;build\&quot;:{\&quot;version\&quot;:\&quot;1.12.1\&quot;}},\&quot;sessionId\&quot;:null}"/>
         <property name="katalonVersion" value="7.0.7.1"/>
         <property name="deviceOS" value="Android"/>
         <property name="appiumVersion" value="1.12.1"/>
         <property name="deviceModel" value="SM-A505F"/>
         <property name="hostAddress" value="10.7.8.181"/>
         <property name="deviceManufacturer" value="samsung"/>
         <property name="deviceId" value="RR8M30NJT6T"/>
         <property name="deviceName" value="samsung SM-A505F (Android 9)"/>
         <property name="deviceOSVersion" value="9"/>
      </properties>
      <testcase name="Test Cases/Data Entry/TC_Data Entry" time="658.76" classname="Test Cases/Data Entry/TC_Data Entry" status="FAILED">
         <failure type="FAILED" message="Test Cases/Data Entry/TC_Data Entry FAILED.
Reason:
com.kms.katalon.core.exception.StepFailedException: Call Test Case 'Test Cases/Data Entry/Borrower/Flow Borrower' failed
	at com.kms.katalon.core.keyword.builtin.CallTestCaseKeyword$_callTestCase_closure1.doCall(CallTestCaseKeyword.groovy:63)
	at com.kms.katalon.core.keyword.builtin.CallTestCaseKeyword$_callTestCase_closure1.call(CallTestCaseKeyword.groovy)
	at com.kms.katalon.core.keyword.internal.KeywordMain.runKeyword(KeywordMain.groovy:68)
	at com.kms.katalon.core.keyword.builtin.CallTestCaseKeyword.callTestCase(CallTestCaseKeyword.groovy:81)
	at com.kms.katalon.core.keyword.builtin.CallTestCaseKeyword.execute(CallTestCaseKeyword.groovy:44)
	at com.kms.katalon.core.keyword.internal.KeywordExecutor.executeKeywordForPlatform(KeywordExecutor.groovy:60)
	at com.kms.katalon.core.keyword.BuiltinKeywords.callTestCase(BuiltinKeywords.groovy:334)
	at TC_Data Entry.run(TC_Data Entry:42)
	at com.kms.katalon.core.main.ScriptEngine.run(ScriptEngine.java:194)
	at com.kms.katalon.core.main.ScriptEngine.runScriptAsRawText(ScriptEngine.java:119)
	at com.kms.katalon.core.main.TestCaseExecutor.runScript(TestCaseExecutor.java:337)
	at com.kms.katalon.core.main.TestCaseExecutor.doExecute(TestCaseExecutor.java:328)
	at com.kms.katalon.core.main.TestCaseExecutor.processExecutionPhase(TestCaseExecutor.java:307)
	at com.kms.katalon.core.main.TestCaseExecutor.accessMainPhase(TestCaseExecutor.java:299)
	at com.kms.katalon.core.main.TestCaseExecutor.execute(TestCaseExecutor.java:233)
	at com.kms.katalon.core.main.TestSuiteExecutor.accessTestCaseMainPhase(TestSuiteExecutor.java:169)
	at com.kms.katalon.core.main.TestSuiteExecutor.accessTestSuiteMainPhase(TestSuiteExecutor.java:142)
	at com.kms.katalon.core.main.TestSuiteExecutor.execute(TestSuiteExecutor.java:91)
	at com.kms.katalon.core.main.TestCaseMain.startTestSuite(TestCaseMain.java:157)
	at com.kms.katalon.core.main.TestCaseMain$startTestSuite$0.call(Unknown Source)
	at TempTestSuite1574306795654.run(TempTestSuite1574306795654.groovy:36)
Caused by: com.kms.katalon.core.exception.StepFailedException: Call Test Case 'Test Cases/Data Entry/Borrower/Borrower - Pekerjaan/MASTER FLOW/TC_Borrower - Pekerjaan - MASTER FLOW' failed
	at com.kms.katalon.core.keyword.builtin.CallTestCaseKeyword$_callTestCase_closure1.doCall(CallTestCaseKeyword.groovy:63)
	at com.kms.katalon.core.keyword.builtin.CallTestCaseKeyword$_callTestCase_closure1.call(CallTestCaseKeyword.groovy)
	at com.kms.katalon.core.keyword.internal.KeywordMain.runKeyword(KeywordMain.groovy:68)
	at com.kms.katalon.core.keyword.builtin.CallTestCaseKeyword.callTestCase(CallTestCaseKeyword.groovy:81)
	at com.kms.katalon.core.keyword.builtin.CallTestCaseKeyword.execute(CallTestCaseKeyword.groovy:44)
	at com.kms.katalon.core.keyword.internal.KeywordExecutor.executeKeywordForPlatform(KeywordExecutor.groovy:60)
	at com.kms.katalon.core.keyword.BuiltinKeywords.callTestCase(BuiltinKeywords.groovy:334)
	at Flow Borrower.run(Flow Borrower:42)
	at com.kms.katalon.core.main.ScriptEngine.run(ScriptEngine.java:194)
	at com.kms.katalon.core.main.ScriptEngine.runScriptAsRawText(ScriptEngine.java:119)
	at com.kms.katalon.core.main.TestCaseExecutor.runScript(TestCaseExecutor.java:337)
	at com.kms.katalon.core.main.TestCaseExecutor.doExecute(TestCaseExecutor.java:328)
	at com.kms.katalon.core.main.TestCaseExecutor.processExecutionPhase(TestCaseExecutor.java:307)
	at com.kms.katalon.core.main.TestCaseExecutor.accessMainPhase(TestCaseExecutor.java:299)
	at com.kms.katalon.core.main.TestCaseExecutor.execute(TestCaseExecutor.java:233)
	at com.kms.katalon.core.main.TestCaseMain.runTestCase(TestCaseMain.java:114)
	at com.kms.katalon.core.keyword.builtin.CallTestCaseKeyword$_callTestCase_closure1.doCall(CallTestCaseKeyword.groovy:59)
	... 20 more
Caused by: com.kms.katalon.core.exception.StepFailedException: Object Object Repository/Borrower/Borrower - Pekerjaan/Borrower_Pekerjaan_InpPekerjaan not found
	at com.kms.katalon.core.keyword.internal.KeywordMain.stepFailed(KeywordMain.groovy:50)
	at com.kms.katalon.core.mobile.keyword.internal.MobileKeywordMain.stepFailed(MobileKeywordMain.groovy:40)
	at com.kms.katalon.core.mobile.keyword.builtin.GetTextKeyword$_getText_closure1.doCall(GetTextKeyword.groovy:74)
	at com.kms.katalon.core.mobile.keyword.builtin.GetTextKeyword$_getText_closure1.call(GetTextKeyword.groovy)
	at com.kms.katalon.core.mobile.keyword.internal.MobileKeywordMain.runKeyword(MobileKeywordMain.groovy:21)
	at com.kms.katalon.core.mobile.keyword.builtin.GetTextKeyword.getText(GetTextKeyword.groovy:80)
	at com.kms.katalon.core.mobile.keyword.builtin.GetTextKeyword.execute(GetTextKeyword.groovy:64)
	at com.kms.katalon.core.keyword.internal.KeywordExecutor.executeKeywordForPlatform(KeywordExecutor.groovy:60)
	at com.kms.katalon.core.mobile.keyword.MobileBuiltInKeywords.getText(MobileBuiltInKeywords.groovy:458)
	at com.kms.katalon.core.mobile.keyword.MobileBuiltInKeywords$getText$13.call(Unknown Source)
	at TC_Borrower - Pekerjaan - MASTER FLOW.run(TC_Borrower - Pekerjaan - MASTER FLOW:16)
	at com.kms.katalon.core.main.ScriptEngine.run(ScriptEngine.java:194)
	at com.kms.katalon.core.main.ScriptEngine.runScriptAsRawText(ScriptEngine.java:119)
	at com.kms.katalon.core.main.TestCaseExecutor.runScript(TestCaseExecutor.java:337)
	at com.kms.katalon.core.main.TestCaseExecutor.doExecute(TestCaseExecutor.java:328)
	at com.kms.katalon.core.main.TestCaseExecutor.processExecutionPhase(TestCaseExecutor.java:307)
	at com.kms.katalon.core.main.TestCaseExecutor.accessMainPhase(TestCaseExecutor.java:299)
	at com.kms.katalon.core.main.TestCaseExecutor.execute(TestCaseExecutor.java:233)
	at com.kms.katalon.core.main.TestCaseMain.runTestCase(TestCaseMain.java:114)
	at com.kms.katalon.core.keyword.builtin.CallTestCaseKeyword$_callTestCase_closure1.doCall(CallTestCaseKeyword.groovy:59)
	... 36 more
"/>
         <system-out><![CDATA[2019-11-21 10:26:43 - [TEST_CASE][FAILED] - Test Cases/Data Entry/TC_Data Entry: Test Cases/Data Entry/TC_Data Entry FAILED.
Reason:
com.kms.katalon.core.exception.StepFailedException: Call Test Case 'Test Cases/Data Entry/Borrower/Flow Borrower' failed
	at com.kms.katalon.core.keyword.builtin.CallTestCaseKeyword$_callTestCase_closure1.doCall(CallTestCaseKeyword.groovy:63)
	at com.kms.katalon.core.keyword.builtin.CallTestCaseKeyword$_callTestCase_closure1.call(CallTestCaseKeyword.groovy)
	at com.kms.katalon.core.keyword.internal.KeywordMain.runKeyword(KeywordMain.groovy:68)
	at com.kms.katalon.core.keyword.builtin.CallTestCaseKeyword.callTestCase(CallTestCaseKeyword.groovy:81)
	at com.kms.katalon.core.keyword.builtin.CallTestCaseKeyword.execute(CallTestCaseKeyword.groovy:44)
	at com.kms.katalon.core.keyword.internal.KeywordExecutor.executeKeywordForPlatform(KeywordExecutor.groovy:60)
	at com.kms.katalon.core.keyword.BuiltinKeywords.callTestCase(BuiltinKeywords.groovy:334)
	at TC_Data Entry.run(TC_Data Entry:42)
	at com.kms.katalon.core.main.ScriptEngine.run(ScriptEngine.java:194)
	at com.kms.katalon.core.main.ScriptEngine.runScriptAsRawText(ScriptEngine.java:119)
	at com.kms.katalon.core.main.TestCaseExecutor.runScript(TestCaseExecutor.java:337)
	at com.kms.katalon.core.main.TestCaseExecutor.doExecute(TestCaseExecutor.java:328)
	at com.kms.katalon.core.main.TestCaseExecutor.processExecutionPhase(TestCaseExecutor.java:307)
	at com.kms.katalon.core.main.TestCaseExecutor.accessMainPhase(TestCaseExecutor.java:299)
	at com.kms.katalon.core.main.TestCaseExecutor.execute(TestCaseExecutor.java:233)
	at com.kms.katalon.core.main.TestSuiteExecutor.accessTestCaseMainPhase(TestSuiteExecutor.java:169)
	at com.kms.katalon.core.main.TestSuiteExecutor.accessTestSuiteMainPhase(TestSuiteExecutor.java:142)
	at com.kms.katalon.core.main.TestSuiteExecutor.execute(TestSuiteExecutor.java:91)
	at com.kms.katalon.core.main.TestCaseMain.startTestSuite(TestCaseMain.java:157)
	at com.kms.katalon.core.main.TestCaseMain$startTestSuite$0.call(Unknown Source)
	at TempTestSuite1574306795654.run(TempTestSuite1574306795654.groovy:36)
Caused by: com.kms.katalon.core.exception.StepFailedException: Call Test Case 'Test Cases/Data Entry/Borrower/Borrower - Pekerjaan/MASTER FLOW/TC_Borrower - Pekerjaan - MASTER FLOW' failed
	at com.kms.katalon.core.keyword.builtin.CallTestCaseKeyword$_callTestCase_closure1.doCall(CallTestCaseKeyword.groovy:63)
	at com.kms.katalon.core.keyword.builtin.CallTestCaseKeyword$_callTestCase_closure1.call(CallTestCaseKeyword.groovy)
	at com.kms.katalon.core.keyword.internal.KeywordMain.runKeyword(KeywordMain.groovy:68)
	at com.kms.katalon.core.keyword.builtin.CallTestCaseKeyword.callTestCase(CallTestCaseKeyword.groovy:81)
	at com.kms.katalon.core.keyword.builtin.CallTestCaseKeyword.execute(CallTestCaseKeyword.groovy:44)
	at com.kms.katalon.core.keyword.internal.KeywordExecutor.executeKeywordForPlatform(KeywordExecutor.groovy:60)
	at com.kms.katalon.core.keyword.BuiltinKeywords.callTestCase(BuiltinKeywords.groovy:334)
	at Flow Borrower.run(Flow Borrower:42)
	at com.kms.katalon.core.main.ScriptEngine.run(ScriptEngine.java:194)
	at com.kms.katalon.core.main.ScriptEngine.runScriptAsRawText(ScriptEngine.java:119)
	at com.kms.katalon.core.main.TestCaseExecutor.runScript(TestCaseExecutor.java:337)
	at com.kms.katalon.core.main.TestCaseExecutor.doExecute(TestCaseExecutor.java:328)
	at com.kms.katalon.core.main.TestCaseExecutor.processExecutionPhase(TestCaseExecutor.java:307)
	at com.kms.katalon.core.main.TestCaseExecutor.accessMainPhase(TestCaseExecutor.java:299)
	at com.kms.katalon.core.main.TestCaseExecutor.execute(TestCaseExecutor.java:233)
	at com.kms.katalon.core.main.TestCaseMain.runTestCase(TestCaseMain.java:114)
	at com.kms.katalon.core.keyword.builtin.CallTestCaseKeyword$_callTestCase_closure1.doCall(CallTestCaseKeyword.groovy:59)
	... 20 more
Caused by: com.kms.katalon.core.exception.StepFailedException: Object Object Repository/Borrower/Borrower - Pekerjaan/Borrower_Pekerjaan_InpPekerjaan not found
	at com.kms.katalon.core.keyword.internal.KeywordMain.stepFailed(KeywordMain.groovy:50)
	at com.kms.katalon.core.mobile.keyword.internal.MobileKeywordMain.stepFailed(MobileKeywordMain.groovy:40)
	at com.kms.katalon.core.mobile.keyword.builtin.GetTextKeyword$_getText_closure1.doCall(GetTextKeyword.groovy:74)
	at com.kms.katalon.core.mobile.keyword.builtin.GetTextKeyword$_getText_closure1.call(GetTextKeyword.groovy)
	at com.kms.katalon.core.mobile.keyword.internal.MobileKeywordMain.runKeyword(MobileKeywordMain.groovy:21)
	at com.kms.katalon.core.mobile.keyword.builtin.GetTextKeyword.getText(GetTextKeyword.groovy:80)
	at com.kms.katalon.core.mobile.keyword.builtin.GetTextKeyword.execute(GetTextKeyword.groovy:64)
	at com.kms.katalon.core.keyword.internal.KeywordExecutor.executeKeywordForPlatform(KeywordExecutor.groovy:60)
	at com.kms.katalon.core.mobile.keyword.MobileBuiltInKeywords.getText(MobileBuiltInKeywords.groovy:458)
	at com.kms.katalon.core.mobile.keyword.MobileBuiltInKeywords$getText$13.call(Unknown Source)
	at TC_Borrower - Pekerjaan - MASTER FLOW.run(TC_Borrower - Pekerjaan - MASTER FLOW:16)
	at com.kms.katalon.core.main.ScriptEngine.run(ScriptEngine.java:194)
	at com.kms.katalon.core.main.ScriptEngine.runScriptAsRawText(ScriptEngine.java:119)
	at com.kms.katalon.core.main.TestCaseExecutor.runScript(TestCaseExecutor.java:337)
	at com.kms.katalon.core.main.TestCaseExecutor.doExecute(TestCaseExecutor.java:328)
	at com.kms.katalon.core.main.TestCaseExecutor.processExecutionPhase(TestCaseExecutor.java:307)
	at com.kms.katalon.core.main.TestCaseExecutor.accessMainPhase(TestCaseExecutor.java:299)
	at com.kms.katalon.core.main.TestCaseExecutor.execute(TestCaseExecutor.java:233)
	at com.kms.katalon.core.main.TestCaseMain.runTestCase(TestCaseMain.java:114)
	at com.kms.katalon.core.keyword.builtin.CallTestCaseKeyword$_callTestCase_closure1.doCall(CallTestCaseKeyword.groovy:59)
	... 36 more


2019-11-21 10:26:45 - [TEST_STEP][PASSED] - callTestCase(findTestCase("dynamic test case/open application"), [:], STOP_ON_FAILURE): Call Test Case 'Test Cases/dynamic test case/open application' successfully

2019-11-21 10:26:46 - [TEST_CASE][PASSED] - Test Cases/dynamic test case/open application: Test Cases/dynamic test case/open application

2019-11-21 10:26:46 - [TEST_STEP][PASSED] - appPath = relativeToAbsolutePath(apkname, getProjectDir()): null

2019-11-21 10:26:46 - [TEST_STEP][PASSED] - startApplication(appPath, false): Started app at: 'C:\Users\15420\git\ACCME-Dupcheck\AccMe.apk'

2019-11-21 10:26:46 - [MESSAGE][INFO] - User set preference: ['unicodeKeyboard', 'true']

2019-11-21 10:26:46 - [MESSAGE][INFO] - User set preference: ['resetKeyboard', 'true']

2019-11-21 10:26:46 - [MESSAGE][INFO] - User set preference: ['deviceId', '']

2019-11-21 10:26:56 - [MESSAGE][INFO] - Appium server started on port 56,603

2019-11-21 10:27:36 - [MESSAGE][PASSED] - Started app at: 'C:\Users\15420\git\ACCME-Dupcheck\AccMe.apk'

2019-11-21 10:27:36 - [MESSAGE][PASSED] - Call Test Case 'Test Cases/dynamic test case/open application' successfully

2019-11-21 10:27:36 - [TEST_STEP][PASSED] - callTestCase(findTestCase("Data Entry/Simulasi Kredit/Simulasi Kredit/MASTER FLOW/TC_Simulasi Kredit - MASTER FLOW"), ["varBrand":varBrand, "varType":varType, "varModel":varModel, "varTahun":varTahun, "varTenor":varTenor, "varOTR":varOTR, "varRP":varRP, ... ], OPTIONAL): Call Test Case 'Test Cases/Data Entry/Simulasi Kredit/Simulasi Kredit/MASTER FLOW/TC_Simulasi Kredit - MASTER FLOW' successfully

2019-11-21 10:27:36 - [TEST_CASE][PASSED] - Test Cases/Data Entry/Simulasi Kredit/Simulasi Kredit/MASTER FLOW/TC_Simulasi Kredit - MASTER FLOW: Test Cases/Data Entry/Simulasi Kredit/Simulasi Kredit/MASTER FLOW/TC_Simulasi Kredit - MASTER FLOW

2019-11-21 10:27:38 - [TEST_STEP][PASSED] - waitForElementPresent(findTestObject("Simulasi Kredit/Simulasi Kredit - Simulasi Kredit/SimulasiKredit_Btn Simulasi Kredit"), 0): Element 'Object Repository/Simulasi Kredit/Simulasi Kredit - Simulasi Kredit/SimulasiKredit_Btn Simulasi Kredit' is present

2019-11-21 10:27:38 - [MESSAGE][WARNING] - Timeout '0' is invalid. Using default page load timeout: '30'

2019-11-21 10:27:46 - [MESSAGE][PASSED] - Element 'Object Repository/Simulasi Kredit/Simulasi Kredit - Simulasi Kredit/SimulasiKredit_Btn Simulasi Kredit' is present

2019-11-21 10:27:46 - [TEST_STEP][PASSED] - tap(findTestObject("Simulasi Kredit/Simulasi Kredit - Simulasi Kredit/SimulasiKredit_Btn Simulasi Kredit"), 0): Tapped on element 'Object Repository/Simulasi Kredit/Simulasi Kredit - Simulasi Kredit/SimulasiKredit_Btn Simulasi Kredit'

2019-11-21 10:27:46 - [MESSAGE][WARNING] - Timeout '0' is invalid. Using default page load timeout: '30'

2019-11-21 10:27:48 - [MESSAGE][PASSED] - Tapped on element 'Object Repository/Simulasi Kredit/Simulasi Kredit - Simulasi Kredit/SimulasiKredit_Btn Simulasi Kredit'

2019-11-21 10:27:48 - [TEST_STEP][PASSED] - if (varPembiayaan == "NewCar"): Tapped on element 'Object Repository/Simulasi Kredit/Simulasi Kredit - Simulasi Kredit/SimulasiKredit_new car'

2019-11-21 10:27:48 - [TEST_STEP][PASSED] - tap(findTestObject("Simulasi Kredit/Simulasi Kredit - Simulasi Kredit/SimulasiKredit_new car"), 0): Tapped on element 'Object Repository/Simulasi Kredit/Simulasi Kredit - Simulasi Kredit/SimulasiKredit_new car'

2019-11-21 10:27:48 - [MESSAGE][WARNING] - Timeout '0' is invalid. Using default page load timeout: '30'

2019-11-21 10:27:52 - [MESSAGE][PASSED] - Tapped on element 'Object Repository/Simulasi Kredit/Simulasi Kredit - Simulasi Kredit/SimulasiKredit_new car'

2019-11-21 10:27:52 - [TEST_STEP][PASSED] - if (varPembiayaan == "UsedCar"): null

2019-11-21 10:27:52 - [TEST_STEP][PASSED] - if (varTipepembiayaan == "syariah"): null

2019-11-21 10:27:52 - [TEST_STEP][PASSED] - if (varTipepembiayaan == "konvensional"): null

2019-11-21 10:27:52 - [TEST_STEP][PASSED] - if (varkodepaket == "ya"): null

2019-11-21 10:27:52 - [TEST_STEP][PASSED] - setText(findTestObject("Simulasi Kredit/Simulasi Kredit - Simulasi Kredit/SimulasiKredit_Inp Brand"), varBrand, 0): Text 'TOYOTA' has been set to element 'Object Repository/Simulasi Kredit/Simulasi Kredit - Simulasi Kredit/SimulasiKredit_Inp Brand'

2019-11-21 10:27:53 - [MESSAGE][WARNING] - Timeout '0' is invalid. Using default page load timeout: '30'

2019-11-21 10:27:54 - [MESSAGE][PASSED] - Text 'TOYOTA' has been set to element 'Object Repository/Simulasi Kredit/Simulasi Kredit - Simulasi Kredit/SimulasiKredit_Inp Brand'

2019-11-21 10:27:54 - [TEST_STEP][PASSED] - tap(findTestObject("Simulasi Kredit/Simulasi Kredit - Simulasi Kredit/SimulasiKredit_Inp Brand"), 0): Tapped on element 'Object Repository/Simulasi Kredit/Simulasi Kredit - Simulasi Kredit/SimulasiKredit_Inp Brand'

2019-11-21 10:27:54 - [MESSAGE][WARNING] - Timeout '0' is invalid. Using default page load timeout: '30'

2019-11-21 10:27:59 - [MESSAGE][PASSED] - Tapped on element 'Object Repository/Simulasi Kredit/Simulasi Kredit - Simulasi Kredit/SimulasiKredit_Inp Brand'

2019-11-21 10:27:59 - [TEST_STEP][PASSED] - tap(findTestObject("dynamic object/pickListItem_viewView", ["text":varBrand]), 0): Tapped on element 'Object Repository/dynamic object/pickListItem_viewView'

2019-11-21 10:28:00 - [MESSAGE][WARNING] - Timeout '0' is invalid. Using default page load timeout: '30'

2019-11-21 10:28:02 - [MESSAGE][PASSED] - Tapped on element 'Object Repository/dynamic object/pickListItem_viewView'

2019-11-21 10:28:02 - [TEST_STEP][PASSED] - tap(findTestObject("Simulasi Kredit/Simulasi Kredit - Simulasi Kredit/SimulasiKredit_Inp Type"), 0): Tapped on element 'Object Repository/Simulasi Kredit/Simulasi Kredit - Simulasi Kredit/SimulasiKredit_Inp Type'

2019-11-21 10:28:02 - [MESSAGE][WARNING] - Timeout '0' is invalid. Using default page load timeout: '30'

2019-11-21 10:28:05 - [MESSAGE][PASSED] - Tapped on element 'Object Repository/Simulasi Kredit/Simulasi Kredit - Simulasi Kredit/SimulasiKredit_Inp Type'

2019-11-21 10:28:05 - [TEST_STEP][PASSED] - setText(findTestObject("Simulasi Kredit/Simulasi Kredit - Simulasi Kredit/SimulasiKredit_Inp Type"), varType, 0): Text 'K09' has been set to element 'Object Repository/Simulasi Kredit/Simulasi Kredit - Simulasi Kredit/SimulasiKredit_Inp Type'

2019-11-21 10:28:06 - [MESSAGE][WARNING] - Timeout '0' is invalid. Using default page load timeout: '30'

2019-11-21 10:28:08 - [MESSAGE][PASSED] - Text 'K09' has been set to element 'Object Repository/Simulasi Kredit/Simulasi Kredit - Simulasi Kredit/SimulasiKredit_Inp Type'

2019-11-21 10:28:08 - [TEST_STEP][PASSED] - delay(3): Delayed 3 second(s)

2019-11-21 10:28:11 - [MESSAGE][PASSED] - Delayed 3 second(s)

2019-11-21 10:28:11 - [TEST_STEP][PASSED] - tap(findTestObject("Simulasi Kredit/Simulasi Kredit - Simulasi Kredit/SimulasiKredit_Inp Type"), 0): Tapped on element 'Object Repository/Simulasi Kredit/Simulasi Kredit - Simulasi Kredit/SimulasiKredit_Inp Type'

2019-11-21 10:28:11 - [MESSAGE][WARNING] - Timeout '0' is invalid. Using default page load timeout: '30'

2019-11-21 10:28:13 - [MESSAGE][PASSED] - Tapped on element 'Object Repository/Simulasi Kredit/Simulasi Kredit - Simulasi Kredit/SimulasiKredit_Inp Type'

2019-11-21 10:28:13 - [TEST_STEP][PASSED] - tap(findTestObject("Simulasi Kredit/Simulasi Kredit - Simulasi Kredit/SimulasiKredit_Inp Type LOV"), 0): Tapped on element 'Object Repository/Simulasi Kredit/Simulasi Kredit - Simulasi Kredit/SimulasiKredit_Inp Type LOV'

2019-11-21 10:28:13 - [MESSAGE][WARNING] - Timeout '0' is invalid. Using default page load timeout: '30'

2019-11-21 10:28:16 - [MESSAGE][PASSED] - Tapped on element 'Object Repository/Simulasi Kredit/Simulasi Kredit - Simulasi Kredit/SimulasiKredit_Inp Type LOV'

2019-11-21 10:28:16 - [TEST_STEP][PASSED] - mobile.mobileSwipe.UpDown(0.8, 0.5, 1000): mobile.mobileSwipe.UpDown is PASSED

2019-11-21 10:28:17 - [MESSAGE][PASSED] - Current device physical height is 2131

2019-11-21 10:28:17 - [MESSAGE][INFO] - Device Height : 2131

2019-11-21 10:28:18 - [MESSAGE][PASSED] - Current device physical width is 1080

2019-11-21 10:28:18 - [MESSAGE][INFO] - Device Width : 1080

2019-11-21 10:28:18 - [MESSAGE][INFO] - Swipe start at Height : 1704

2019-11-21 10:28:18 - [MESSAGE][INFO] - Swipe end at Height : 1065

2019-11-21 10:28:18 - [MESSAGE][INFO] - X Position : 1000

2019-11-21 10:28:20 - [MESSAGE][PASSED] - Swiped from 1,000,1,704 to 1,000,1,065

2019-11-21 10:28:20 - [MESSAGE][PASSED] - mobile.mobileSwipe.UpDown is PASSED

2019-11-21 10:28:20 - [TEST_STEP][PASSED] - tap(findTestObject("Simulasi Kredit/Simulasi Kredit - Simulasi Kredit/SimulasiKredit_Inp Model"), 0): Tapped on element 'Object Repository/Simulasi Kredit/Simulasi Kredit - Simulasi Kredit/SimulasiKredit_Inp Model'

2019-11-21 10:28:21 - [MESSAGE][WARNING] - Timeout '0' is invalid. Using default page load timeout: '30'

2019-11-21 10:28:24 - [MESSAGE][PASSED] - Tapped on element 'Object Repository/Simulasi Kredit/Simulasi Kredit - Simulasi Kredit/SimulasiKredit_Inp Model'

2019-11-21 10:28:24 - [TEST_STEP][PASSED] - scrollToText(varModel, STOP_ON_FAILURE): Scrolling to text 'G M/T BENSIN' successfully

2019-11-21 10:28:25 - [MESSAGE][PASSED] - Scrolling to text 'G M/T BENSIN' successfully

2019-11-21 10:28:25 - [TEST_STEP][PASSED] - tap(findTestObject("dynamic object/pickListItem_checkedTextView", ["text":varModel]), 0): Tapped on element 'Object Repository/dynamic object/pickListItem_checkedTextView'

2019-11-21 10:28:26 - [MESSAGE][WARNING] - Timeout '0' is invalid. Using default page load timeout: '30'

2019-11-21 10:28:27 - [MESSAGE][PASSED] - Tapped on element 'Object Repository/dynamic object/pickListItem_checkedTextView'

2019-11-21 10:28:27 - [TEST_STEP][PASSED] - tap(findTestObject("Simulasi Kredit/Simulasi Kredit - Simulasi Kredit/SimulasiKredit_Tahun"), 0): Tapped on element 'Object Repository/Simulasi Kredit/Simulasi Kredit - Simulasi Kredit/SimulasiKredit_Tahun'

2019-11-21 10:28:27 - [MESSAGE][WARNING] - Timeout '0' is invalid. Using default page load timeout: '30'

2019-11-21 10:28:30 - [MESSAGE][PASSED] - Tapped on element 'Object Repository/Simulasi Kredit/Simulasi Kredit - Simulasi Kredit/SimulasiKredit_Tahun'

2019-11-21 10:28:30 - [TEST_STEP][PASSED] - scrollToText(varTahun, STOP_ON_FAILURE): Scrolling to text '2018' successfully

2019-11-21 10:28:31 - [MESSAGE][PASSED] - Scrolling to text '2018' successfully

2019-11-21 10:28:31 - [TEST_STEP][PASSED] - tap(findTestObject("dynamic object/pickListItem_checkedTextView", ["text":varTahun]), 0): Tapped on element 'Object Repository/dynamic object/pickListItem_checkedTextView'

2019-11-21 10:28:31 - [MESSAGE][WARNING] - Timeout '0' is invalid. Using default page load timeout: '30'

2019-11-21 10:28:33 - [MESSAGE][PASSED] - Tapped on element 'Object Repository/dynamic object/pickListItem_checkedTextView'

2019-11-21 10:28:33 - [TEST_STEP][PASSED] - tap(findTestObject("Simulasi Kredit/Simulasi Kredit - Simulasi Kredit/SimulasiKredit_Tenor"), 0): Tapped on element 'Object Repository/Simulasi Kredit/Simulasi Kredit - Simulasi Kredit/SimulasiKredit_Tenor'

2019-11-21 10:28:33 - [MESSAGE][WARNING] - Timeout '0' is invalid. Using default page load timeout: '30'

2019-11-21 10:28:35 - [MESSAGE][PASSED] - Tapped on element 'Object Repository/Simulasi Kredit/Simulasi Kredit - Simulasi Kredit/SimulasiKredit_Tenor'

2019-11-21 10:28:35 - [TEST_STEP][PASSED] - tap(findTestObject("dynamic object/pickListItem_checkedTextView", ["text":varTenor]), 0): Tapped on element 'Object Repository/dynamic object/pickListItem_checkedTextView'

2019-11-21 10:28:36 - [MESSAGE][WARNING] - Timeout '0' is invalid. Using default page load timeout: '30'

2019-11-21 10:28:37 - [MESSAGE][PASSED] - Tapped on element 'Object Repository/dynamic object/pickListItem_checkedTextView'

2019-11-21 10:28:37 - [TEST_STEP][PASSED] - setText(findTestObject("Simulasi Kredit/Simulasi Kredit - Simulasi Kredit/SimulasiKredit_Inp OTR"), varOTR, 0): Text '268700000' has been set to element 'Object Repository/Simulasi Kredit/Simulasi Kredit - Simulasi Kredit/SimulasiKredit_Inp OTR'

2019-11-21 10:28:37 - [MESSAGE][WARNING] - Timeout '0' is invalid. Using default page load timeout: '30'

2019-11-21 10:28:40 - [MESSAGE][PASSED] - Text '268700000' has been set to element 'Object Repository/Simulasi Kredit/Simulasi Kredit - Simulasi Kredit/SimulasiKredit_Inp OTR'

2019-11-21 10:28:40 - [TEST_STEP][PASSED] - setText(findTestObject("Simulasi Kredit/Simulasi Kredit - Simulasi Kredit/SimulasiKredit_Inp RP"), varRP, 0): Text '67175000' has been set to element 'Object Repository/Simulasi Kredit/Simulasi Kredit - Simulasi Kredit/SimulasiKredit_Inp RP'

2019-11-21 10:28:40 - [MESSAGE][WARNING] - Timeout '0' is invalid. Using default page load timeout: '30'

2019-11-21 10:28:43 - [MESSAGE][PASSED] - Text '67175000' has been set to element 'Object Repository/Simulasi Kredit/Simulasi Kredit - Simulasi Kredit/SimulasiKredit_Inp RP'

2019-11-21 10:28:43 - [TEST_STEP][PASSED] - mobile.mobileSwipe.UpDown(0.5, 0.2, 1000): mobile.mobileSwipe.UpDown is PASSED

2019-11-21 10:28:44 - [MESSAGE][PASSED] - Current device physical height is 2131

2019-11-21 10:28:44 - [MESSAGE][INFO] - Device Height : 2131

2019-11-21 10:28:45 - [MESSAGE][PASSED] - Current device physical width is 1080

2019-11-21 10:28:45 - [MESSAGE][INFO] - Device Width : 1080

2019-11-21 10:28:45 - [MESSAGE][INFO] - Swipe start at Height : 1065

2019-11-21 10:28:45 - [MESSAGE][INFO] - Swipe end at Height : 426

2019-11-21 10:28:45 - [MESSAGE][INFO] - X Position : 1000

2019-11-21 10:28:47 - [MESSAGE][PASSED] - Swiped from 1,000,1,065 to 1,000,426

2019-11-21 10:28:47 - [MESSAGE][PASSED] - mobile.mobileSwipe.UpDown is PASSED

2019-11-21 10:28:47 - [TEST_STEP][PASSED] - setText(findTestObject("Simulasi Kredit/Simulasi Kredit - Simulasi Kredit/SimulasiKredit_Inp Dealer"), varDealer, 0): Text 'ABDUL QODIR J. H' has been set to element 'Object Repository/Simulasi Kredit/Simulasi Kredit - Simulasi Kredit/SimulasiKredit_Inp Dealer'

2019-11-21 10:28:47 - [MESSAGE][WARNING] - Timeout '0' is invalid. Using default page load timeout: '30'

2019-11-21 10:28:49 - [MESSAGE][PASSED] - Text 'ABDUL QODIR J. H' has been set to element 'Object Repository/Simulasi Kredit/Simulasi Kredit - Simulasi Kredit/SimulasiKredit_Inp Dealer'

2019-11-21 10:28:49 - [TEST_STEP][PASSED] - tap(findTestObject("Simulasi Kredit/Simulasi Kredit - Simulasi Kredit/SimulasiKredit_Inp Dealer"), 0): Tapped on element 'Object Repository/Simulasi Kredit/Simulasi Kredit - Simulasi Kredit/SimulasiKredit_Inp Dealer'

2019-11-21 10:28:49 - [MESSAGE][WARNING] - Timeout '0' is invalid. Using default page load timeout: '30'

2019-11-21 10:28:53 - [MESSAGE][PASSED] - Tapped on element 'Object Repository/Simulasi Kredit/Simulasi Kredit - Simulasi Kredit/SimulasiKredit_Inp Dealer'

2019-11-21 10:28:53 - [TEST_STEP][PASSED] - clearText(findTestObject("Simulasi Kredit/Simulasi Kredit - Simulasi Kredit/SimulasiKredit_Inp Dealer"), 0): Element 'Object Repository/Simulasi Kredit/Simulasi Kredit - Simulasi Kredit/SimulasiKredit_Inp Dealer' text is cleared

2019-11-21 10:28:53 - [MESSAGE][WARNING] - Timeout '0' is invalid. Using default page load timeout: '30'

2019-11-21 10:28:54 - [MESSAGE][PASSED] - Element 'Object Repository/Simulasi Kredit/Simulasi Kredit - Simulasi Kredit/SimulasiKredit_Inp Dealer' text is cleared

2019-11-21 10:28:54 - [TEST_STEP][PASSED] - setText(findTestObject("Simulasi Kredit/Simulasi Kredit - Simulasi Kredit/SimulasiKredit_Inp Dealer"), varDealer, 0): Text 'ABDUL QODIR J. H' has been set to element 'Object Repository/Simulasi Kredit/Simulasi Kredit - Simulasi Kredit/SimulasiKredit_Inp Dealer'

2019-11-21 10:28:55 - [MESSAGE][WARNING] - Timeout '0' is invalid. Using default page load timeout: '30'

2019-11-21 10:28:56 - [MESSAGE][PASSED] - Text 'ABDUL QODIR J. H' has been set to element 'Object Repository/Simulasi Kredit/Simulasi Kredit - Simulasi Kredit/SimulasiKredit_Inp Dealer'

2019-11-21 10:28:56 - [TEST_STEP][PASSED] - delay(4, STOP_ON_FAILURE): Delayed 4 second(s)

2019-11-21 10:29:00 - [MESSAGE][PASSED] - Delayed 4 second(s)

2019-11-21 10:29:00 - [TEST_STEP][PASSED] - tap(findTestObject("Simulasi Kredit/Simulasi Kredit - Simulasi Kredit/SimulasiKredit_LOV Dealer"), 0): Tapped on element 'Object Repository/Simulasi Kredit/Simulasi Kredit - Simulasi Kredit/SimulasiKredit_LOV Dealer'

2019-11-21 10:29:00 - [MESSAGE][WARNING] - Timeout '0' is invalid. Using default page load timeout: '30'

2019-11-21 10:29:03 - [MESSAGE][PASSED] - Tapped on element 'Object Repository/Simulasi Kredit/Simulasi Kredit - Simulasi Kredit/SimulasiKredit_LOV Dealer'

2019-11-21 10:29:03 - [TEST_STEP][PASSED] - setText(findTestObject("Simulasi Kredit/Simulasi Kredit - Simulasi Kredit/SimulasiKredit_Inp Sales Dealer"), varSales, 0): Text 'ABDUL QODIR J. H' has been set to element 'Object Repository/Simulasi Kredit/Simulasi Kredit - Simulasi Kredit/SimulasiKredit_Inp Sales Dealer'

2019-11-21 10:29:03 - [MESSAGE][WARNING] - Timeout '0' is invalid. Using default page load timeout: '30'

2019-11-21 10:29:05 - [MESSAGE][PASSED] - Text 'ABDUL QODIR J. H' has been set to element 'Object Repository/Simulasi Kredit/Simulasi Kredit - Simulasi Kredit/SimulasiKredit_Inp Sales Dealer'

2019-11-21 10:29:05 - [TEST_STEP][PASSED] - tap(findTestObject("Simulasi Kredit/Simulasi Kredit - Simulasi Kredit/SimulasiKredit_Inp Sales Dealer"), 0): Tapped on element 'Object Repository/Simulasi Kredit/Simulasi Kredit - Simulasi Kredit/SimulasiKredit_Inp Sales Dealer'

2019-11-21 10:29:05 - [MESSAGE][WARNING] - Timeout '0' is invalid. Using default page load timeout: '30'

2019-11-21 10:29:08 - [MESSAGE][PASSED] - Tapped on element 'Object Repository/Simulasi Kredit/Simulasi Kredit - Simulasi Kredit/SimulasiKredit_Inp Sales Dealer'

2019-11-21 10:29:08 - [TEST_STEP][PASSED] - tap(findTestObject("Simulasi Kredit/Simulasi Kredit - Simulasi Kredit/SimulasiKredit_LOV Sales Dealer"), 0): Tapped on element 'Object Repository/Simulasi Kredit/Simulasi Kredit - Simulasi Kredit/SimulasiKredit_LOV Sales Dealer'

2019-11-21 10:29:08 - [MESSAGE][WARNING] - Timeout '0' is invalid. Using default page load timeout: '30'

2019-11-21 10:29:32 - [MESSAGE][PASSED] - Tapped on element 'Object Repository/Simulasi Kredit/Simulasi Kredit - Simulasi Kredit/SimulasiKredit_LOV Sales Dealer'

2019-11-21 10:29:32 - [TEST_STEP][PASSED] - tap(findTestObject("Simulasi Kredit/Simulasi Kredit - Simulasi Kredit/SimulasiKredit_Btn Hitung"), 0): Tapped on element 'Object Repository/Simulasi Kredit/Simulasi Kredit - Simulasi Kredit/SimulasiKredit_Btn Hitung'

2019-11-21 10:29:32 - [MESSAGE][WARNING] - Timeout '0' is invalid. Using default page load timeout: '30'

2019-11-21 10:29:36 - [MESSAGE][PASSED] - Tapped on element 'Object Repository/Simulasi Kredit/Simulasi Kredit - Simulasi Kredit/SimulasiKredit_Btn Hitung'

2019-11-21 10:29:36 - [TEST_STEP][PASSED] - delay(60, STOP_ON_FAILURE): Delayed 60 second(s)

2019-11-21 10:30:36 - [MESSAGE][PASSED] - Delayed 60 second(s)

2019-11-21 10:30:36 - [TEST_STEP][PASSED] - tap(findTestObject("Simulasi Kredit/Simulasi Kredit - Simulasi Kredit/SimulasiKredit_Btn Berikutnya"), 0): Tapped on element 'Object Repository/Simulasi Kredit/Simulasi Kredit - Simulasi Kredit/SimulasiKredit_Btn Berikutnya'

2019-11-21 10:30:36 - [MESSAGE][WARNING] - Timeout '0' is invalid. Using default page load timeout: '30'

2019-11-21 10:30:38 - [MESSAGE][PASSED] - Tapped on element 'Object Repository/Simulasi Kredit/Simulasi Kredit - Simulasi Kredit/SimulasiKredit_Btn Berikutnya'

2019-11-21 10:30:38 - [TEST_STEP][PASSED] - delay(1, STOP_ON_FAILURE): Delayed 1 second(s)

2019-11-21 10:30:39 - [MESSAGE][PASSED] - Delayed 1 second(s)

2019-11-21 10:30:39 - [TEST_STEP][PASSED] - waitForElementPresent(findTestObject("Simulasi Kredit/Simulasi Kredit - Asuransi/Asuransi_Nama Asuransi"), 0): Element 'Object Repository/Simulasi Kredit/Simulasi Kredit - Asuransi/Asuransi_Nama Asuransi' is present

2019-11-21 10:30:39 - [MESSAGE][WARNING] - Timeout '0' is invalid. Using default page load timeout: '30'

2019-11-21 10:30:41 - [MESSAGE][PASSED] - Element 'Object Repository/Simulasi Kredit/Simulasi Kredit - Asuransi/Asuransi_Nama Asuransi' is present

2019-11-21 10:30:41 - [MESSAGE][PASSED] - Call Test Case 'Test Cases/Data Entry/Simulasi Kredit/Simulasi Kredit/MASTER FLOW/TC_Simulasi Kredit - MASTER FLOW' successfully

2019-11-21 10:30:41 - [TEST_STEP][PASSED] - callTestCase(findTestCase("Data Entry/Simulasi Kredit/Simulasi Kredit - Asuransi/MASTER FLOW/TC_Asuransi - MASTER FLOW"), ["varAsuransi":varAsuransi, "varKodeWilayah":varKodeWilayah], STOP_ON_FAILURE): Call Test Case 'Test Cases/Data Entry/Simulasi Kredit/Simulasi Kredit - Asuransi/MASTER FLOW/TC_Asuransi - MASTER FLOW' successfully

2019-11-21 10:30:41 - [TEST_CASE][PASSED] - Test Cases/Data Entry/Simulasi Kredit/Simulasi Kredit - Asuransi/MASTER FLOW/TC_Asuransi - MASTER FLOW: Test Cases/Data Entry/Simulasi Kredit/Simulasi Kredit - Asuransi/MASTER FLOW/TC_Asuransi - MASTER FLOW

2019-11-21 10:30:41 - [TEST_STEP][PASSED] - delay(2, STOP_ON_FAILURE): Delayed 2 second(s)

2019-11-21 10:30:43 - [MESSAGE][PASSED] - Delayed 2 second(s)

2019-11-21 10:30:43 - [TEST_STEP][PASSED] - tap(findTestObject("Simulasi Kredit/Simulasi Kredit - Asuransi/Asuransi_Nama Asuransi"), 0): Tapped on element 'Object Repository/Simulasi Kredit/Simulasi Kredit - Asuransi/Asuransi_Nama Asuransi'

2019-11-21 10:30:43 - [MESSAGE][WARNING] - Timeout '0' is invalid. Using default page load timeout: '30'

2019-11-21 10:30:46 - [MESSAGE][PASSED] - Tapped on element 'Object Repository/Simulasi Kredit/Simulasi Kredit - Asuransi/Asuransi_Nama Asuransi'

2019-11-21 10:30:46 - [TEST_STEP][PASSED] - setText(findTestObject("Simulasi Kredit/Simulasi Kredit - Asuransi/Asuransi_Nama Asuransi"), varAsuransi, 0): Text 'PT AAB REGULER OJK 2017(305001)' has been set to element 'Object Repository/Simulasi Kredit/Simulasi Kredit - Asuransi/Asuransi_Nama Asuransi'

2019-11-21 10:30:46 - [MESSAGE][WARNING] - Timeout '0' is invalid. Using default page load timeout: '30'

2019-11-21 10:30:49 - [MESSAGE][PASSED] - Text 'PT AAB REGULER OJK 2017(305001)' has been set to element 'Object Repository/Simulasi Kredit/Simulasi Kredit - Asuransi/Asuransi_Nama Asuransi'

2019-11-21 10:30:49 - [TEST_STEP][PASSED] - tap(findTestObject("Simulasi Kredit/Simulasi Kredit - Asuransi/Asuransi_LOV Nama Asuransi"), 0): Tapped on element 'Object Repository/Simulasi Kredit/Simulasi Kredit - Asuransi/Asuransi_LOV Nama Asuransi'

2019-11-21 10:30:49 - [MESSAGE][WARNING] - Timeout '0' is invalid. Using default page load timeout: '30'

2019-11-21 10:30:54 - [MESSAGE][PASSED] - Tapped on element 'Object Repository/Simulasi Kredit/Simulasi Kredit - Asuransi/Asuransi_LOV Nama Asuransi'

2019-11-21 10:30:54 - [TEST_STEP][PASSED] - delay(1, STOP_ON_FAILURE): Delayed 1 second(s)

2019-11-21 10:30:55 - [MESSAGE][PASSED] - Delayed 1 second(s)

2019-11-21 10:30:55 - [TEST_STEP][PASSED] - tap(findTestObject("Simulasi Kredit/Simulasi Kredit - Asuransi/Asuransi_KDWilayah"), 0): Tapped on element 'Object Repository/Simulasi Kredit/Simulasi Kredit - Asuransi/Asuransi_KDWilayah'

2019-11-21 10:30:55 - [MESSAGE][WARNING] - Timeout '0' is invalid. Using default page load timeout: '30'

2019-11-21 10:30:57 - [MESSAGE][PASSED] - Tapped on element 'Object Repository/Simulasi Kredit/Simulasi Kredit - Asuransi/Asuransi_KDWilayah'

2019-11-21 10:30:57 - [TEST_STEP][PASSED] - tap(findTestObject("dynamic object/pickListItem_checkedTextView", ["text":varKodeWilayah]), 0): Tapped on element 'Object Repository/dynamic object/pickListItem_checkedTextView'

2019-11-21 10:30:58 - [MESSAGE][WARNING] - Timeout '0' is invalid. Using default page load timeout: '30'

2019-11-21 10:30:59 - [MESSAGE][PASSED] - Tapped on element 'Object Repository/dynamic object/pickListItem_checkedTextView'

2019-11-21 10:30:59 - [TEST_STEP][PASSED] - tap(findTestObject("Simulasi Kredit/Simulasi Kredit - Asuransi/asuransi_BtnARPlus"), 0): Tapped on element 'Object Repository/Simulasi Kredit/Simulasi Kredit - Asuransi/asuransi_BtnARPlus'

2019-11-21 10:31:00 - [MESSAGE][WARNING] - Timeout '0' is invalid. Using default page load timeout: '30'

2019-11-21 10:31:01 - [MESSAGE][PASSED] - Tapped on element 'Object Repository/Simulasi Kredit/Simulasi Kredit - Asuransi/asuransi_BtnARPlus'

2019-11-21 10:31:01 - [TEST_STEP][PASSED] - tap(findTestObject("Simulasi Kredit/Simulasi Kredit - Asuransi/asuransi_BtnCashPlus"), 0): Tapped on element 'Object Repository/Simulasi Kredit/Simulasi Kredit - Asuransi/asuransi_BtnCashPlus'

2019-11-21 10:31:01 - [MESSAGE][WARNING] - Timeout '0' is invalid. Using default page load timeout: '30'

2019-11-21 10:31:03 - [MESSAGE][PASSED] - Tapped on element 'Object Repository/Simulasi Kredit/Simulasi Kredit - Asuransi/asuransi_BtnCashPlus'

2019-11-21 10:31:03 - [TEST_STEP][PASSED] - delay(2, STOP_ON_FAILURE): Delayed 2 second(s)

2019-11-21 10:31:05 - [MESSAGE][PASSED] - Delayed 2 second(s)

2019-11-21 10:31:05 - [TEST_STEP][PASSED] - tap(findTestObject("Simulasi Kredit/Simulasi Kredit - Asuransi/Asuransi_Hitung"), 0): Tapped on element 'Object Repository/Simulasi Kredit/Simulasi Kredit - Asuransi/Asuransi_Hitung'

2019-11-21 10:31:06 - [MESSAGE][WARNING] - Timeout '0' is invalid. Using default page load timeout: '30'

2019-11-21 10:31:08 - [MESSAGE][PASSED] - Tapped on element 'Object Repository/Simulasi Kredit/Simulasi Kredit - Asuransi/Asuransi_Hitung'

2019-11-21 10:31:08 - [TEST_STEP][PASSED] - delay(30, STOP_ON_FAILURE): Delayed 30 second(s)

2019-11-21 10:31:38 - [MESSAGE][PASSED] - Delayed 30 second(s)

2019-11-21 10:31:38 - [TEST_STEP][PASSED] - tap(findTestObject("Simulasi Kredit/Simulasi Kredit - Asuransi/Asuransi_Berikutnya"), 0): Tapped on element 'Object Repository/Simulasi Kredit/Simulasi Kredit - Asuransi/Asuransi_Berikutnya'

2019-11-21 10:31:38 - [MESSAGE][WARNING] - Timeout '0' is invalid. Using default page load timeout: '30'

2019-11-21 10:31:42 - [MESSAGE][PASSED] - Tapped on element 'Object Repository/Simulasi Kredit/Simulasi Kredit - Asuransi/Asuransi_Berikutnya'

2019-11-21 10:31:42 - [MESSAGE][PASSED] - Call Test Case 'Test Cases/Data Entry/Simulasi Kredit/Simulasi Kredit - Asuransi/MASTER FLOW/TC_Asuransi - MASTER FLOW' successfully

2019-11-21 10:31:42 - [TEST_STEP][PASSED] - callTestCase(findTestCase("Data Entry/Simulasi Kredit/Kategori Loan/MASTER FLOW/TC_Kategori Loan - Master FLOW"), ["varOpsiNPWP":varOpsiNPWP], STOP_ON_FAILURE): Call Test Case 'Test Cases/Data Entry/Simulasi Kredit/Kategori Loan/MASTER FLOW/TC_Kategori Loan - Master FLOW' successfully

2019-11-21 10:31:42 - [TEST_CASE][PASSED] - Test Cases/Data Entry/Simulasi Kredit/Kategori Loan/MASTER FLOW/TC_Kategori Loan - Master FLOW: Test Cases/Data Entry/Simulasi Kredit/Kategori Loan/MASTER FLOW/TC_Kategori Loan - Master FLOW

2019-11-21 10:31:43 - [TEST_STEP][PASSED] - switch (varOpsiNPWP.toString()): null

2019-11-21 10:31:43 - [TEST_STEP][PASSED] - case "Approval":: null

2019-11-21 10:31:43 - [TEST_STEP][PASSED] - tap(findTestObject("Simulasi Kredit/Simulasi Kredit - Kategori Loan/KategoriLoan_Opsi NPWP Approval"), 0): Tapped on element 'Object Repository/Simulasi Kredit/Simulasi Kredit - Kategori Loan/KategoriLoan_Opsi NPWP Approval'

2019-11-21 10:31:43 - [MESSAGE][WARNING] - Timeout '0' is invalid. Using default page load timeout: '30'

2019-11-21 10:31:45 - [MESSAGE][PASSED] - Tapped on element 'Object Repository/Simulasi Kredit/Simulasi Kredit - Kategori Loan/KategoriLoan_Opsi NPWP Approval'

2019-11-21 10:31:45 - [TEST_STEP][PASSED] - break: null

2019-11-21 10:31:45 - [TEST_STEP][PASSED] - delay(2, STOP_ON_FAILURE): Delayed 2 second(s)

2019-11-21 10:31:47 - [MESSAGE][PASSED] - Delayed 2 second(s)

2019-11-21 10:31:47 - [TEST_STEP][PASSED] - tap(findTestObject("Simulasi Kredit/Simulasi Kredit - Kategori Loan/KategoriLoan_Berikutnya"), 0): Tapped on element 'Object Repository/Simulasi Kredit/Simulasi Kredit - Kategori Loan/KategoriLoan_Berikutnya'

2019-11-21 10:31:47 - [MESSAGE][WARNING] - Timeout '0' is invalid. Using default page load timeout: '30'

2019-11-21 10:31:49 - [MESSAGE][PASSED] - Tapped on element 'Object Repository/Simulasi Kredit/Simulasi Kredit - Kategori Loan/KategoriLoan_Berikutnya'

2019-11-21 10:31:49 - [MESSAGE][PASSED] - Call Test Case 'Test Cases/Data Entry/Simulasi Kredit/Kategori Loan/MASTER FLOW/TC_Kategori Loan - Master FLOW' successfully

2019-11-21 10:31:49 - [TEST_STEP][PASSED] - callTestCase(findTestCase("Data Entry/Simulasi Kredit/Loan Detail/MASTER FLOW/TC_Loan Detail - MASTER FLOW"), [:], STOP_ON_FAILURE): Call Test Case 'Test Cases/Data Entry/Simulasi Kredit/Loan Detail/MASTER FLOW/TC_Loan Detail - MASTER FLOW' successfully

2019-11-21 10:31:49 - [TEST_CASE][PASSED] - Test Cases/Data Entry/Simulasi Kredit/Loan Detail/MASTER FLOW/TC_Loan Detail - MASTER FLOW: Test Cases/Data Entry/Simulasi Kredit/Loan Detail/MASTER FLOW/TC_Loan Detail - MASTER FLOW

2019-11-21 10:31:49 - [TEST_STEP][PASSED] - mobile.mobileSwipe.RightLeft(0.9, 0.5, 600): mobile.mobileSwipe.RightLeft is PASSED

2019-11-21 10:31:51 - [MESSAGE][PASSED] - Current device physical width is 1080

2019-11-21 10:31:52 - [MESSAGE][PASSED] - Current device physical height is 2131

2019-11-21 10:31:52 - [MESSAGE][INFO] - Device Height : 2131

2019-11-21 10:31:52 - [MESSAGE][INFO] - Device Width : 1080

2019-11-21 10:31:52 - [MESSAGE][INFO] - Swipe start at Width : 971

2019-11-21 10:31:52 - [MESSAGE][INFO] - Swipe end at Witdh : 540

2019-11-21 10:31:52 - [MESSAGE][INFO] - Y Position : 600

2019-11-21 10:31:54 - [MESSAGE][PASSED] - Swiped from 971,600 to 540,600

2019-11-21 10:31:54 - [MESSAGE][PASSED] - mobile.mobileSwipe.RightLeft is PASSED

2019-11-21 10:31:54 - [TEST_STEP][PASSED] - delay(3, STOP_ON_FAILURE): Delayed 3 second(s)

2019-11-21 10:31:57 - [MESSAGE][PASSED] - Delayed 3 second(s)

2019-11-21 10:31:57 - [TEST_STEP][PASSED] - mobile.mobileSwipe.UpDown(0.8, 0.4, 1000): mobile.mobileSwipe.UpDown is PASSED

2019-11-21 10:31:58 - [MESSAGE][PASSED] - Current device physical height is 2131

2019-11-21 10:31:58 - [MESSAGE][INFO] - Device Height : 2131

2019-11-21 10:31:59 - [MESSAGE][PASSED] - Current device physical width is 1080

2019-11-21 10:31:59 - [MESSAGE][INFO] - Device Width : 1080

2019-11-21 10:31:59 - [MESSAGE][INFO] - Swipe start at Height : 1704

2019-11-21 10:31:59 - [MESSAGE][INFO] - Swipe end at Height : 852

2019-11-21 10:31:59 - [MESSAGE][INFO] - X Position : 1000

2019-11-21 10:32:01 - [MESSAGE][PASSED] - Swiped from 1,000,1,704 to 1,000,852

2019-11-21 10:32:01 - [MESSAGE][PASSED] - mobile.mobileSwipe.UpDown is PASSED

2019-11-21 10:32:01 - [TEST_STEP][PASSED] - delay(7, STOP_ON_FAILURE): Delayed 7 second(s)

2019-11-21 10:32:08 - [MESSAGE][PASSED] - Delayed 7 second(s)

2019-11-21 10:32:08 - [TEST_STEP][PASSED] - tap(findTestObject("Simulasi Kredit/Simulasi Kredit - Loan Detail/LoanDetail_Hitung"), 0): Tapped on element 'Object Repository/Simulasi Kredit/Simulasi Kredit - Loan Detail/LoanDetail_Hitung'

2019-11-21 10:32:08 - [MESSAGE][WARNING] - Timeout '0' is invalid. Using default page load timeout: '30'

2019-11-21 10:32:11 - [MESSAGE][PASSED] - Tapped on element 'Object Repository/Simulasi Kredit/Simulasi Kredit - Loan Detail/LoanDetail_Hitung'

2019-11-21 10:32:11 - [TEST_STEP][PASSED] - delay(30, STOP_ON_FAILURE): Delayed 30 second(s)

2019-11-21 10:32:41 - [MESSAGE][PASSED] - Delayed 30 second(s)

2019-11-21 10:32:41 - [TEST_STEP][PASSED] - tap(findTestObject("Simulasi Kredit/Simulasi Kredit - Loan Detail/LoanDetail_Berikutnya"), 0): Tapped on element 'Object Repository/Simulasi Kredit/Simulasi Kredit - Loan Detail/LoanDetail_Berikutnya'

2019-11-21 10:32:41 - [MESSAGE][WARNING] - Timeout '0' is invalid. Using default page load timeout: '30'

2019-11-21 10:32:43 - [MESSAGE][PASSED] - Tapped on element 'Object Repository/Simulasi Kredit/Simulasi Kredit - Loan Detail/LoanDetail_Berikutnya'

2019-11-21 10:32:43 - [TEST_STEP][PASSED] - delay(30, STOP_ON_FAILURE): Delayed 30 second(s)

2019-11-21 10:33:13 - [MESSAGE][PASSED] - Delayed 30 second(s)

2019-11-21 10:33:13 - [TEST_STEP][PASSED] - tap(findTestObject("Simulasi Kredit/Simulasi Kredit - Loan Detail/LoanDetail_Berikutnya"), 0): Tapped on element 'Object Repository/Simulasi Kredit/Simulasi Kredit - Loan Detail/LoanDetail_Berikutnya'

2019-11-21 10:33:14 - [MESSAGE][WARNING] - Timeout '0' is invalid. Using default page load timeout: '30'

2019-11-21 10:33:15 - [MESSAGE][PASSED] - Tapped on element 'Object Repository/Simulasi Kredit/Simulasi Kredit - Loan Detail/LoanDetail_Berikutnya'

2019-11-21 10:33:15 - [TEST_STEP][PASSED] - delay(30, STOP_ON_FAILURE): Delayed 30 second(s)

2019-11-21 10:33:45 - [MESSAGE][PASSED] - Delayed 30 second(s)

2019-11-21 10:33:45 - [MESSAGE][PASSED] - Call Test Case 'Test Cases/Data Entry/Simulasi Kredit/Loan Detail/MASTER FLOW/TC_Loan Detail - MASTER FLOW' successfully

2019-11-21 10:33:45 - [TEST_STEP][PASSED] - callTestCase(findTestCase("Data Entry/Upload Document/Borrower/MASTER FLOW/TC_Upload Document - borrower - MASTER FLOW"), ["Borrower_varKTP":Borrower_varKTP], STOP_ON_FAILURE): Call Test Case 'Test Cases/Data Entry/Upload Document/Borrower/MASTER FLOW/TC_Upload Document - borrower - MASTER FLOW' successfully

2019-11-21 10:33:45 - [TEST_CASE][PASSED] - Test Cases/Data Entry/Upload Document/Borrower/MASTER FLOW/TC_Upload Document - borrower - MASTER FLOW: Test Cases/Data Entry/Upload Document/Borrower/MASTER FLOW/TC_Upload Document - borrower - MASTER FLOW

2019-11-21 10:33:46 - [TEST_STEP][PASSED] - tap(findTestObject("Upload Document/Upload Document - Item Upload/UnggahDokumen_BtnKTP"), 0): Tapped on element 'Object Repository/Upload Document/Upload Document - Item Upload/UnggahDokumen_BtnKTP'

2019-11-21 10:33:46 - [MESSAGE][WARNING] - Timeout '0' is invalid. Using default page load timeout: '30'

2019-11-21 10:33:48 - [MESSAGE][PASSED] - Tapped on element 'Object Repository/Upload Document/Upload Document - Item Upload/UnggahDokumen_BtnKTP'

2019-11-21 10:33:48 - [TEST_STEP][PASSED] - if (verifyElementVisible(findTestObject("Upload Document/Upload Document - Item Upload/UnggahDokumen_BtnGallery"), 3, OPTIONAL)): Element 'Object Repository/Upload Document/Upload Document - Item Upload/UnggahDokumen_BtnGallery' not found

2019-11-21 10:33:54 - [MESSAGE][WARNING] - Element 'Object Repository/Upload Document/Upload Document - Item Upload/UnggahDokumen_BtnGallery' not found
[[ATTACHMENT|C:\\Users\\15420\\git\\ACCME-Dupcheck\\Reports\\20191121_102635\\data entry dupcek\\20191121_102635\\1574307232102.png]]

2019-11-21 10:33:54 - [TEST_STEP][PASSED] - else: Tapped on element 'Object Repository/Upload Document/android.view.View168 -  Gallery'

2019-11-21 10:33:54 - [TEST_STEP][PASSED] - tap(findTestObject("Upload Document/android.view.View168 -  Gallery"), 0): Tapped on element 'Object Repository/Upload Document/android.view.View168 -  Gallery'

2019-11-21 10:33:54 - [MESSAGE][WARNING] - Timeout '0' is invalid. Using default page load timeout: '30'

2019-11-21 10:33:57 - [MESSAGE][PASSED] - Tapped on element 'Object Repository/Upload Document/android.view.View168 -  Gallery'

2019-11-21 10:33:57 - [TEST_STEP][PASSED] - scrollToText(Borrower_varKTP, STOP_ON_FAILURE): Scrolling to text 'abc.jpg' successfully

2019-11-21 10:33:59 - [MESSAGE][PASSED] - Scrolling to text 'abc.jpg' successfully

2019-11-21 10:33:59 - [TEST_STEP][PASSED] - tap(findTestObject("dynamic object/pickListItem_TextView", ["text":Borrower_varKTP]), 0): Tapped on element 'Object Repository/dynamic object/pickListItem_TextView'

2019-11-21 10:34:00 - [MESSAGE][WARNING] - Timeout '0' is invalid. Using default page load timeout: '30'

2019-11-21 10:34:01 - [MESSAGE][PASSED] - Tapped on element 'Object Repository/dynamic object/pickListItem_TextView'

2019-11-21 10:34:01 - [TEST_STEP][PASSED] - delay(10, STOP_ON_FAILURE): Delayed 10 second(s)

2019-11-21 10:34:11 - [MESSAGE][PASSED] - Delayed 10 second(s)

2019-11-21 10:34:11 - [MESSAGE][PASSED] - Call Test Case 'Test Cases/Data Entry/Upload Document/Borrower/MASTER FLOW/TC_Upload Document - borrower - MASTER FLOW' successfully

2019-11-21 10:34:11 - [TEST_STEP][PASSED] - tap(findTestObject("dynamic object/BtnBerikutnya"), 0): Tapped on element 'Object Repository/dynamic object/BtnBerikutnya'

2019-11-21 10:34:12 - [MESSAGE][WARNING] - Timeout '0' is invalid. Using default page load timeout: '30'

2019-11-21 10:34:13 - [MESSAGE][PASSED] - Tapped on element 'Object Repository/dynamic object/BtnBerikutnya'

2019-11-21 10:34:13 - [TEST_STEP][PASSED] - delay(30, STOP_ON_FAILURE): Delayed 30 second(s)

2019-11-21 10:34:43 - [MESSAGE][PASSED] - Delayed 30 second(s)

2019-11-21 10:34:43 - [TEST_STEP][FAILED] - callTestCase(findTestCase("Data Entry/Borrower/Flow Borrower"), ["BIvarNoKTP":BIvarNoKTP, "BIvarAgama":BIvarAgama, "BIvarStatusPerkawinan":BIvarStatusPerkawinan, "BEvarRT":BEvarRT, "BEvarRW":BEvarRW, ... ], STOP_ON_FAILURE): Unable to call Test Case 'Test Cases/Data Entry/Borrower/Flow Borrower' (Root cause: com.kms.katalon.core.exception.StepFailedException: Call Test Case 'Test Cases/Data Entry/Borrower/Flow Borrower' failed
	at com.kms.katalon.core.keyword.builtin.CallTestCaseKeyword$_callTestCase_closure1.doCall(CallTestCaseKeyword.groovy:63)
	at com.kms.katalon.core.keyword.builtin.CallTestCaseKeyword$_callTestCase_closure1.call(CallTestCaseKeyword.groovy)
	at com.kms.katalon.core.keyword.internal.KeywordMain.runKeyword(KeywordMain.groovy:68)
	at com.kms.katalon.core.keyword.builtin.CallTestCaseKeyword.callTestCase(CallTestCaseKeyword.groovy:81)
	at com.kms.katalon.core.keyword.builtin.CallTestCaseKeyword.execute(CallTestCaseKeyword.groovy:44)
	at com.kms.katalon.core.keyword.internal.KeywordExecutor.executeKeywordForPlatform(KeywordExecutor.groovy:60)
	at com.kms.katalon.core.keyword.BuiltinKeywords.callTestCase(BuiltinKeywords.groovy:334)
	at TC_Data Entry.run(TC_Data Entry:42)
	at com.kms.katalon.core.main.ScriptEngine.run(ScriptEngine.java:194)
	at com.kms.katalon.core.main.ScriptEngine.runScriptAsRawText(ScriptEngine.java:119)
	at com.kms.katalon.core.main.TestCaseExecutor.runScript(TestCaseExecutor.java:337)
	at com.kms.katalon.core.main.TestCaseExecutor.doExecute(TestCaseExecutor.java:328)
	at com.kms.katalon.core.main.TestCaseExecutor.processExecutionPhase(TestCaseExecutor.java:307)
	at com.kms.katalon.core.main.TestCaseExecutor.accessMainPhase(TestCaseExecutor.java:299)
	at com.kms.katalon.core.main.TestCaseExecutor.execute(TestCaseExecutor.java:233)
	at com.kms.katalon.core.main.TestSuiteExecutor.accessTestCaseMainPhase(TestSuiteExecutor.java:169)
	at com.kms.katalon.core.main.TestSuiteExecutor.accessTestSuiteMainPhase(TestSuiteExecutor.java:142)
	at com.kms.katalon.core.main.TestSuiteExecutor.execute(TestSuiteExecutor.java:91)
	at com.kms.katalon.core.main.TestCaseMain.startTestSuite(TestCaseMain.java:157)
	at com.kms.katalon.core.main.TestCaseMain$startTestSuite$0.call(Unknown Source)
	at TempTestSuite1574306795654.run(TempTestSuite1574306795654.groovy:36)
Caused by: com.kms.katalon.core.exception.StepFailedException: Call Test Case 'Test Cases/Data Entry/Borrower/Borrower - Pekerjaan/MASTER FLOW/TC_Borrower - Pekerjaan - MASTER FLOW' failed
	at com.kms.katalon.core.keyword.builtin.CallTestCaseKeyword$_callTestCase_closure1.doCall(CallTestCaseKeyword.groovy:63)
	at com.kms.katalon.core.keyword.builtin.CallTestCaseKeyword$_callTestCase_closure1.call(CallTestCaseKeyword.groovy)
	at com.kms.katalon.core.keyword.internal.KeywordMain.runKeyword(KeywordMain.groovy:68)
	at com.kms.katalon.core.keyword.builtin.CallTestCaseKeyword.callTestCase(CallTestCaseKeyword.groovy:81)
	at com.kms.katalon.core.keyword.builtin.CallTestCaseKeyword.execute(CallTestCaseKeyword.groovy:44)
	at com.kms.katalon.core.keyword.internal.KeywordExecutor.executeKeywordForPlatform(KeywordExecutor.groovy:60)
	at com.kms.katalon.core.keyword.BuiltinKeywords.callTestCase(BuiltinKeywords.groovy:334)
	at Flow Borrower.run(Flow Borrower:42)
	at com.kms.katalon.core.main.ScriptEngine.run(ScriptEngine.java:194)
	at com.kms.katalon.core.main.ScriptEngine.runScriptAsRawText(ScriptEngine.java:119)
	at com.kms.katalon.core.main.TestCaseExecutor.runScript(TestCaseExecutor.java:337)
	at com.kms.katalon.core.main.TestCaseExecutor.doExecute(TestCaseExecutor.java:328)
	at com.kms.katalon.core.main.TestCaseExecutor.processExecutionPhase(TestCaseExecutor.java:307)
	at com.kms.katalon.core.main.TestCaseExecutor.accessMainPhase(TestCaseExecutor.java:299)
	at com.kms.katalon.core.main.TestCaseExecutor.execute(TestCaseExecutor.java:233)
	at com.kms.katalon.core.main.TestCaseMain.runTestCase(TestCaseMain.java:114)
	at com.kms.katalon.core.keyword.builtin.CallTestCaseKeyword$_callTestCase_closure1.doCall(CallTestCaseKeyword.groovy:59)
	... 20 more
Caused by: com.kms.katalon.core.exception.StepFailedException: Object Object Repository/Borrower/Borrower - Pekerjaan/Borrower_Pekerjaan_InpPekerjaan not found
	at com.kms.katalon.core.keyword.internal.KeywordMain.stepFailed(KeywordMain.groovy:50)
	at com.kms.katalon.core.mobile.keyword.internal.MobileKeywordMain.stepFailed(MobileKeywordMain.groovy:40)
	at com.kms.katalon.core.mobile.keyword.builtin.GetTextKeyword$_getText_closure1.doCall(GetTextKeyword.groovy:74)
	at com.kms.katalon.core.mobile.keyword.builtin.GetTextKeyword$_getText_closure1.call(GetTextKeyword.groovy)
	at com.kms.katalon.core.mobile.keyword.internal.MobileKeywordMain.runKeyword(MobileKeywordMain.groovy:21)
	at com.kms.katalon.core.mobile.keyword.builtin.GetTextKeyword.getText(GetTextKeyword.groovy:80)
	at com.kms.katalon.core.mobile.keyword.builtin.GetTextKeyword.execute(GetTextKeyword.groovy:64)
	at com.kms.katalon.core.keyword.internal.KeywordExecutor.executeKeywordForPlatform(KeywordExecutor.groovy:60)
	at com.kms.katalon.core.mobile.keyword.MobileBuiltInKeywords.getText(MobileBuiltInKeywords.groovy:458)
	at com.kms.katalon.core.mobile.keyword.MobileBuiltInKeywords$getText$13.call(Unknown Source)
	at TC_Borrower - Pekerjaan - MASTER FLOW.run(TC_Borrower - Pekerjaan - MASTER FLOW:16)
	at com.kms.katalon.core.main.ScriptEngine.run(ScriptEngine.java:194)
	at com.kms.katalon.core.main.ScriptEngine.runScriptAsRawText(ScriptEngine.java:119)
	at com.kms.katalon.core.main.TestCaseExecutor.runScript(TestCaseExecutor.java:337)
	at com.kms.katalon.core.main.TestCaseExecutor.doExecute(TestCaseExecutor.java:328)
	at com.kms.katalon.core.main.TestCaseExecutor.processExecutionPhase(TestCaseExecutor.java:307)
	at com.kms.katalon.core.main.TestCaseExecutor.accessMainPhase(TestCaseExecutor.java:299)
	at com.kms.katalon.core.main.TestCaseExecutor.execute(TestCaseExecutor.java:233)
	at com.kms.katalon.core.main.TestCaseMain.runTestCase(TestCaseMain.java:114)
	at com.kms.katalon.core.keyword.builtin.CallTestCaseKeyword$_callTestCase_closure1.doCall(CallTestCaseKeyword.groovy:59)
	... 36 more
)

2019-11-21 10:34:44 - [TEST_CASE][FAILED] - Test Cases/Data Entry/Borrower/Flow Borrower: Test Cases/Data Entry/Borrower/Flow Borrower FAILED.
Reason:
com.kms.katalon.core.exception.StepFailedException: Call Test Case 'Test Cases/Data Entry/Borrower/Borrower - Pekerjaan/MASTER FLOW/TC_Borrower - Pekerjaan - MASTER FLOW' failed
	at com.kms.katalon.core.keyword.builtin.CallTestCaseKeyword$_callTestCase_closure1.doCall(CallTestCaseKeyword.groovy:63)
	at com.kms.katalon.core.keyword.builtin.CallTestCaseKeyword$_callTestCase_closure1.call(CallTestCaseKeyword.groovy)
	at com.kms.katalon.core.keyword.internal.KeywordMain.runKeyword(KeywordMain.groovy:68)
	at com.kms.katalon.core.keyword.builtin.CallTestCaseKeyword.callTestCase(CallTestCaseKeyword.groovy:81)
	at com.kms.katalon.core.keyword.builtin.CallTestCaseKeyword.execute(CallTestCaseKeyword.groovy:44)
	at com.kms.katalon.core.keyword.internal.KeywordExecutor.executeKeywordForPlatform(KeywordExecutor.groovy:60)
	at com.kms.katalon.core.keyword.BuiltinKeywords.callTestCase(BuiltinKeywords.groovy:334)
	at Flow Borrower.run(Flow Borrower:42)
	at com.kms.katalon.core.main.ScriptEngine.run(ScriptEngine.java:194)
	at com.kms.katalon.core.main.ScriptEngine.runScriptAsRawText(ScriptEngine.java:119)
	at com.kms.katalon.core.main.TestCaseExecutor.runScript(TestCaseExecutor.java:337)
	at com.kms.katalon.core.main.TestCaseExecutor.doExecute(TestCaseExecutor.java:328)
	at com.kms.katalon.core.main.TestCaseExecutor.processExecutionPhase(TestCaseExecutor.java:307)
	at com.kms.katalon.core.main.TestCaseExecutor.accessMainPhase(TestCaseExecutor.java:299)
	at com.kms.katalon.core.main.TestCaseExecutor.execute(TestCaseExecutor.java:233)
	at com.kms.katalon.core.main.TestCaseMain.runTestCase(TestCaseMain.java:114)
	at com.kms.katalon.core.keyword.builtin.CallTestCaseKeyword$_callTestCase_closure1.doCall(CallTestCaseKeyword.groovy:59)
	at com.kms.katalon.core.keyword.builtin.CallTestCaseKeyword$_callTestCase_closure1.call(CallTestCaseKeyword.groovy)
	at com.kms.katalon.core.keyword.internal.KeywordMain.runKeyword(KeywordMain.groovy:68)
	at com.kms.katalon.core.keyword.builtin.CallTestCaseKeyword.callTestCase(CallTestCaseKeyword.groovy:81)
	at com.kms.katalon.core.keyword.builtin.CallTestCaseKeyword.execute(CallTestCaseKeyword.groovy:44)
	at com.kms.katalon.core.keyword.internal.KeywordExecutor.executeKeywordForPlatform(KeywordExecutor.groovy:60)
	at com.kms.katalon.core.keyword.BuiltinKeywords.callTestCase(BuiltinKeywords.groovy:334)
	at TC_Data Entry.run(TC_Data Entry:42)
	at com.kms.katalon.core.main.ScriptEngine.run(ScriptEngine.java:194)
	at com.kms.katalon.core.main.ScriptEngine.runScriptAsRawText(ScriptEngine.java:119)
	at com.kms.katalon.core.main.TestCaseExecutor.runScript(TestCaseExecutor.java:337)
	at com.kms.katalon.core.main.TestCaseExecutor.doExecute(TestCaseExecutor.java:328)
	at com.kms.katalon.core.main.TestCaseExecutor.processExecutionPhase(TestCaseExecutor.java:307)
	at com.kms.katalon.core.main.TestCaseExecutor.accessMainPhase(TestCaseExecutor.java:299)
	at com.kms.katalon.core.main.TestCaseExecutor.execute(TestCaseExecutor.java:233)
	at com.kms.katalon.core.main.TestSuiteExecutor.accessTestCaseMainPhase(TestSuiteExecutor.java:169)
	at com.kms.katalon.core.main.TestSuiteExecutor.accessTestSuiteMainPhase(TestSuiteExecutor.java:142)
	at com.kms.katalon.core.main.TestSuiteExecutor.execute(TestSuiteExecutor.java:91)
	at com.kms.katalon.core.main.TestCaseMain.startTestSuite(TestCaseMain.java:157)
	at com.kms.katalon.core.main.TestCaseMain$startTestSuite$0.call(Unknown Source)
	at TempTestSuite1574306795654.run(TempTestSuite1574306795654.groovy:36)
Caused by: com.kms.katalon.core.exception.StepFailedException: Object Object Repository/Borrower/Borrower - Pekerjaan/Borrower_Pekerjaan_InpPekerjaan not found
	at com.kms.katalon.core.keyword.internal.KeywordMain.stepFailed(KeywordMain.groovy:50)
	at com.kms.katalon.core.mobile.keyword.internal.MobileKeywordMain.stepFailed(MobileKeywordMain.groovy:40)
	at com.kms.katalon.core.mobile.keyword.builtin.GetTextKeyword$_getText_closure1.doCall(GetTextKeyword.groovy:74)
	at com.kms.katalon.core.mobile.keyword.builtin.GetTextKeyword$_getText_closure1.call(GetTextKeyword.groovy)
	at com.kms.katalon.core.mobile.keyword.internal.MobileKeywordMain.runKeyword(MobileKeywordMain.groovy:21)
	at com.kms.katalon.core.mobile.keyword.builtin.GetTextKeyword.getText(GetTextKeyword.groovy:80)
	at com.kms.katalon.core.mobile.keyword.builtin.GetTextKeyword.execute(GetTextKeyword.groovy:64)
	at com.kms.katalon.core.keyword.internal.KeywordExecutor.executeKeywordForPlatform(KeywordExecutor.groovy:60)
	at com.kms.katalon.core.mobile.keyword.MobileBuiltInKeywords.getText(MobileBuiltInKeywords.groovy:458)
	at com.kms.katalon.core.mobile.keyword.MobileBuiltInKeywords$getText$13.call(Unknown Source)
	at TC_Borrower - Pekerjaan - MASTER FLOW.run(TC_Borrower - Pekerjaan - MASTER FLOW:16)
	at com.kms.katalon.core.main.ScriptEngine.run(ScriptEngine.java:194)
	at com.kms.katalon.core.main.ScriptEngine.runScriptAsRawText(ScriptEngine.java:119)
	at com.kms.katalon.core.main.TestCaseExecutor.runScript(TestCaseExecutor.java:337)
	at com.kms.katalon.core.main.TestCaseExecutor.doExecute(TestCaseExecutor.java:328)
	at com.kms.katalon.core.main.TestCaseExecutor.processExecutionPhase(TestCaseExecutor.java:307)
	at com.kms.katalon.core.main.TestCaseExecutor.accessMainPhase(TestCaseExecutor.java:299)
	at com.kms.katalon.core.main.TestCaseExecutor.execute(TestCaseExecutor.java:233)
	at com.kms.katalon.core.main.TestCaseMain.runTestCase(TestCaseMain.java:114)
	at com.kms.katalon.core.keyword.builtin.CallTestCaseKeyword$_callTestCase_closure1.doCall(CallTestCaseKeyword.groovy:59)
	... 36 more


2019-11-21 10:34:47 - [TEST_STEP][PASSED] - callTestCase(findTestCase("Data Entry/Borrower/Borrower - Identitas/MASTER FLOW/TC_Borrower - Identitas - MASTER FLOW"), ["BIvarNoKTP":BIvarNoKTP, "BIvarAgama":BIvarAgama, "BIvarStatusPerkawinan":BIvarStatusPerkawinan, "BIvarTempatLahir":BIvarTempatLahir, ... ], STOP_ON_FAILURE): Call Test Case 'Test Cases/Data Entry/Borrower/Borrower - Identitas/MASTER FLOW/TC_Borrower - Identitas - MASTER FLOW' successfully

2019-11-21 10:34:47 - [TEST_CASE][PASSED] - Test Cases/Data Entry/Borrower/Borrower - Identitas/MASTER FLOW/TC_Borrower - Identitas - MASTER FLOW: Test Cases/Data Entry/Borrower/Borrower - Identitas/MASTER FLOW/TC_Borrower - Identitas - MASTER FLOW

2019-11-21 10:34:48 - [TEST_STEP][PASSED] - setText(findTestObject("Borrower/Borrower - Identitas/Borrower_InpNoKTP"), BIvarNoKTP, 0): Text '3674051802650002' has been set to element 'Object Repository/Borrower/Borrower - Identitas/Borrower_InpNoKTP'

2019-11-21 10:34:48 - [MESSAGE][WARNING] - Timeout '0' is invalid. Using default page load timeout: '30'

2019-11-21 10:34:49 - [MESSAGE][PASSED] - Text '3674051802650002' has been set to element 'Object Repository/Borrower/Borrower - Identitas/Borrower_InpNoKTP'

2019-11-21 10:34:49 - [TEST_STEP][PASSED] - tap(findTestObject("Borrower/Borrower - Identitas/Borrower_BtnMasaBerlaku-SeumurHidup"), 0): Tapped on element 'Object Repository/Borrower/Borrower - Identitas/Borrower_BtnMasaBerlaku-SeumurHidup'

2019-11-21 10:34:50 - [MESSAGE][WARNING] - Timeout '0' is invalid. Using default page load timeout: '30'

2019-11-21 10:34:53 - [MESSAGE][PASSED] - Tapped on element 'Object Repository/Borrower/Borrower - Identitas/Borrower_BtnMasaBerlaku-SeumurHidup'

2019-11-21 10:34:53 - [TEST_STEP][PASSED] - setText(findTestObject("Borrower/Borrower - Identitas/Borrower_InpNamaSesuaiIdentitas"), BIvarNama, 0): Text 'YUSRIZAL SE' has been set to element 'Object Repository/Borrower/Borrower - Identitas/Borrower_InpNamaSesuaiIdentitas'

2019-11-21 10:34:54 - [MESSAGE][WARNING] - Timeout '0' is invalid. Using default page load timeout: '30'

2019-11-21 10:34:56 - [MESSAGE][PASSED] - Text 'YUSRIZAL SE' has been set to element 'Object Repository/Borrower/Borrower - Identitas/Borrower_InpNamaSesuaiIdentitas'

2019-11-21 10:34:56 - [TEST_STEP][PASSED] - if (BIvarJenkel == "LK"): Tapped on element 'Object Repository/Borrower/Borrower - Identitas/Borrower_BtnJenisKelamin-LakiLaki'

2019-11-21 10:34:56 - [TEST_STEP][PASSED] - tap(findTestObject("Borrower/Borrower - Identitas/Borrower_BtnJenisKelamin-LakiLaki"), 0): Tapped on element 'Object Repository/Borrower/Borrower - Identitas/Borrower_BtnJenisKelamin-LakiLaki'

2019-11-21 10:34:56 - [MESSAGE][WARNING] - Timeout '0' is invalid. Using default page load timeout: '30'

2019-11-21 10:35:00 - [MESSAGE][PASSED] - Tapped on element 'Object Repository/Borrower/Borrower - Identitas/Borrower_BtnJenisKelamin-LakiLaki'

2019-11-21 10:35:00 - [TEST_STEP][PASSED] - setText(findTestObject("Borrower/Borrower - Identitas/Borrower_InpTempatLahir"), BIvarTempatLahir, 0): Text 'AGAM' has been set to element 'Object Repository/Borrower/Borrower - Identitas/Borrower_InpTempatLahir'

2019-11-21 10:35:00 - [MESSAGE][WARNING] - Timeout '0' is invalid. Using default page load timeout: '30'

2019-11-21 10:35:03 - [MESSAGE][PASSED] - Text 'AGAM' has been set to element 'Object Repository/Borrower/Borrower - Identitas/Borrower_InpTempatLahir'

2019-11-21 10:35:03 - [TEST_STEP][PASSED] - tap(findTestObject("Borrower/Borrower - Identitas/Borrower_InpTempatLahir"), 0, STOP_ON_FAILURE): Tapped on element 'Object Repository/Borrower/Borrower - Identitas/Borrower_InpTempatLahir'

2019-11-21 10:35:03 - [MESSAGE][WARNING] - Timeout '0' is invalid. Using default page load timeout: '30'

2019-11-21 10:35:06 - [MESSAGE][PASSED] - Tapped on element 'Object Repository/Borrower/Borrower - Identitas/Borrower_InpTempatLahir'

2019-11-21 10:35:06 - [TEST_STEP][PASSED] - mobile.picklist.List(findTestObject("Borrower/Borrower - Identitas/Borrower_TxtTempatLahir"), STOP_ON_FAILURE): mobile.picklist.List is PASSED

2019-11-21 10:35:07 - [MESSAGE][WARNING] - Timeout '0' is invalid. Using default page load timeout: '30'

2019-11-21 10:35:08 - [MESSAGE][PASSED] - Object 'Object Repository/Borrower/Borrower - Identitas/Borrower_TxtTempatLahir' has top position '1,805'

2019-11-21 10:35:08 - [MESSAGE][WARNING] - Timeout '0' is invalid. Using default page load timeout: '30'

2019-11-21 10:35:09 - [MESSAGE][PASSED] - Object 'Object Repository/Borrower/Borrower - Identitas/Borrower_TxtTempatLahir' has left position '76'

2019-11-21 10:35:10 - [MESSAGE][PASSED] - Tapped at [76, 1,920]

2019-11-21 10:35:10 - [MESSAGE][PASSED] - mobile.picklist.List is PASSED

2019-11-21 10:35:10 - [TEST_STEP][PASSED] - mobile.mobileSwipe.UpDown(0.8, 0.2, 1000): mobile.mobileSwipe.UpDown is PASSED

2019-11-21 10:35:11 - [MESSAGE][PASSED] - Current device physical height is 2131

2019-11-21 10:35:11 - [MESSAGE][INFO] - Device Height : 2131

2019-11-21 10:35:12 - [MESSAGE][PASSED] - Current device physical width is 1080

2019-11-21 10:35:12 - [MESSAGE][INFO] - Device Width : 1080

2019-11-21 10:35:12 - [MESSAGE][INFO] - Swipe start at Height : 1704

2019-11-21 10:35:12 - [MESSAGE][INFO] - Swipe end at Height : 426

2019-11-21 10:35:12 - [MESSAGE][INFO] - X Position : 1000

2019-11-21 10:35:14 - [MESSAGE][PASSED] - Swiped from 1,000,1,704 to 1,000,426

2019-11-21 10:35:14 - [MESSAGE][PASSED] - mobile.mobileSwipe.UpDown is PASSED

2019-11-21 10:35:14 - [TEST_STEP][PASSED] - delay(2, STOP_ON_FAILURE): Delayed 2 second(s)

2019-11-21 10:35:16 - [MESSAGE][PASSED] - Delayed 2 second(s)

2019-11-21 10:35:16 - [TEST_STEP][PASSED] - tap(findTestObject("Borrower/Borrower - Identitas/Borrower_TxtTanggalLahir"), 0): Tapped on element 'Object Repository/Borrower/Borrower - Identitas/Borrower_TxtTanggalLahir'

2019-11-21 10:35:16 - [MESSAGE][WARNING] - Timeout '0' is invalid. Using default page load timeout: '30'

2019-11-21 10:35:18 - [MESSAGE][PASSED] - Tapped on element 'Object Repository/Borrower/Borrower - Identitas/Borrower_TxtTanggalLahir'

2019-11-21 10:35:18 - [TEST_STEP][PASSED] - delay(2, STOP_ON_FAILURE): Delayed 2 second(s)

2019-11-21 10:35:20 - [MESSAGE][PASSED] - Delayed 2 second(s)

2019-11-21 10:35:20 - [TEST_STEP][PASSED] - callTestCase(findTestCase("dynamic test case/calendar"), ["varTahun":BIvarTahun], STOP_ON_FAILURE): Call Test Case 'Test Cases/dynamic test case/calendar' successfully

2019-11-21 10:35:20 - [TEST_CASE][PASSED] - Test Cases/dynamic test case/calendar: Test Cases/dynamic test case/calendar

2019-11-21 10:35:21 - [TEST_STEP][PASSED] - tap(findTestObject("dynamic object/Calendar_TxtTahun"), 0): Tapped on element 'Object Repository/dynamic object/Calendar_TxtTahun'

2019-11-21 10:35:21 - [MESSAGE][WARNING] - Timeout '0' is invalid. Using default page load timeout: '30'

2019-11-21 10:35:23 - [MESSAGE][PASSED] - Tapped on element 'Object Repository/dynamic object/Calendar_TxtTahun'

2019-11-21 10:35:23 - [TEST_STEP][PASSED] - driver = getDriver(): null

2019-11-21 10:35:23 - [TEST_STEP][PASSED] - xpath = "": null

2019-11-21 10:35:23 - [TEST_STEP][PASSED] - xpath = XPathBuilder.createXPath("TextView"): null

2019-11-21 10:35:23 - [TEST_STEP][PASSED] - listElements = driver.findElementsByXPath(xpath): null

2019-11-21 10:35:23 - [TEST_STEP][PASSED] - if (size() - 1].getText() < varTahun): null

2019-11-21 10:35:23 - [TEST_STEP][PASSED] - else: null

2019-11-21 10:35:23 - [TEST_STEP][PASSED] - varScrollUpDown = "UpToDown": null

2019-11-21 10:35:23 - [TEST_STEP][PASSED] - switch (varScrollUpDown.toString()): null

2019-11-21 10:35:23 - [TEST_STEP][PASSED] - case "UpToDown":: null

2019-11-21 10:35:23 - [TEST_STEP][PASSED] - mobile.swiping.scrollListToElementWithTextUpToDown(varTahun): mobile.swiping.scrollListToElementWithTextUpToDown is PASSED

2019-11-21 10:36:10 - [MESSAGE][PASSED] - mobile.swiping.scrollListToElementWithTextUpToDown is PASSED

2019-11-21 10:36:10 - [TEST_STEP][PASSED] - break: null

2019-11-21 10:36:10 - [TEST_STEP][PASSED] - tap(findTestObject("dynamic object/pickListItem_TextView", ["text":varTahun]), 0): Tapped on element 'Object Repository/dynamic object/pickListItem_TextView'

2019-11-21 10:36:10 - [MESSAGE][WARNING] - Timeout '0' is invalid. Using default page load timeout: '30'

2019-11-21 10:36:11 - [MESSAGE][PASSED] - Tapped on element 'Object Repository/dynamic object/pickListItem_TextView'

2019-11-21 10:36:11 - [TEST_STEP][PASSED] - tap(findTestObject("Borrower/Borrower - Identitas/Click_Tanggal"), 0): Tapped on element 'Object Repository/Borrower/Borrower - Identitas/Click_Tanggal'

2019-11-21 10:36:11 - [MESSAGE][WARNING] - Timeout '0' is invalid. Using default page load timeout: '30'

2019-11-21 10:36:13 - [MESSAGE][PASSED] - Tapped on element 'Object Repository/Borrower/Borrower - Identitas/Click_Tanggal'

2019-11-21 10:36:13 - [TEST_STEP][PASSED] - tap(findTestObject("dynamic object/Calendar_TxtSetel"), 0): Tapped on element 'Object Repository/dynamic object/Calendar_TxtSetel'

2019-11-21 10:36:13 - [MESSAGE][WARNING] - Timeout '0' is invalid. Using default page load timeout: '30'

2019-11-21 10:36:15 - [MESSAGE][PASSED] - Tapped on element 'Object Repository/dynamic object/Calendar_TxtSetel'

2019-11-21 10:36:15 - [MESSAGE][PASSED] - Call Test Case 'Test Cases/dynamic test case/calendar' successfully

2019-11-21 10:36:15 - [TEST_STEP][NOT_RUN] - delay(10, STOP_ON_FAILURE): NOT_RUN: delay(10, STOP_ON_FAILURE)

2019-11-21 10:36:15 - [MESSAGE][NOT_RUN] - NOT_RUN: delay(10, STOP_ON_FAILURE)

2019-11-21 10:36:15 - [TEST_STEP][PASSED] - tap(findTestObject("Borrower/Borrower - Identitas/Borrower_BtnCekDataPelanggan"), 0): Tapped on element 'Object Repository/Borrower/Borrower - Identitas/Borrower_BtnCekDataPelanggan'

2019-11-21 10:36:15 - [MESSAGE][WARNING] - Timeout '0' is invalid. Using default page load timeout: '30'

2019-11-21 10:36:17 - [MESSAGE][PASSED] - Tapped on element 'Object Repository/Borrower/Borrower - Identitas/Borrower_BtnCekDataPelanggan'

2019-11-21 10:36:17 - [TEST_STEP][PASSED] - waitForElementPresent(findTestObject("Borrower/Borrower - Identitas/Borrower_BtnConfirm"), 120): Element 'Object Repository/Borrower/Borrower - Identitas/Borrower_BtnConfirm' is present

2019-11-21 10:36:26 - [MESSAGE][PASSED] - Element 'Object Repository/Borrower/Borrower - Identitas/Borrower_BtnConfirm' is present

2019-11-21 10:36:26 - [TEST_STEP][PASSED] - tap(findTestObject("Borrower/Borrower - Identitas/Borrower_BtnCheckBox"), 60): Tapped on element 'Object Repository/Borrower/Borrower - Identitas/Borrower_BtnCheckBox'

2019-11-21 10:36:28 - [MESSAGE][PASSED] - Tapped on element 'Object Repository/Borrower/Borrower - Identitas/Borrower_BtnCheckBox'

2019-11-21 10:36:28 - [TEST_STEP][PASSED] - tap(findTestObject("Borrower/Borrower - Identitas/Borrower_BtnConfirm"), 0): Tapped on element 'Object Repository/Borrower/Borrower - Identitas/Borrower_BtnConfirm'

2019-11-21 10:36:28 - [MESSAGE][WARNING] - Timeout '0' is invalid. Using default page load timeout: '30'

2019-11-21 10:36:30 - [MESSAGE][PASSED] - Tapped on element 'Object Repository/Borrower/Borrower - Identitas/Borrower_BtnConfirm'

2019-11-21 10:36:30 - [TEST_STEP][PASSED] - delay(20, STOP_ON_FAILURE): Delayed 20 second(s)

2019-11-21 10:36:50 - [MESSAGE][PASSED] - Delayed 20 second(s)

2019-11-21 10:36:50 - [TEST_STEP][PASSED] - mobile.mobileSwipe.UpDown(0.8, 0.2, 1000): mobile.mobileSwipe.UpDown is PASSED

2019-11-21 10:36:51 - [MESSAGE][PASSED] - Current device physical height is 2131

2019-11-21 10:36:51 - [MESSAGE][INFO] - Device Height : 2131

2019-11-21 10:36:52 - [MESSAGE][PASSED] - Current device physical width is 1080

2019-11-21 10:36:52 - [MESSAGE][INFO] - Device Width : 1080

2019-11-21 10:36:52 - [MESSAGE][INFO] - Swipe start at Height : 1704

2019-11-21 10:36:52 - [MESSAGE][INFO] - Swipe end at Height : 426

2019-11-21 10:36:52 - [MESSAGE][INFO] - X Position : 1000

2019-11-21 10:36:54 - [MESSAGE][PASSED] - Swiped from 1,000,1,704 to 1,000,426

2019-11-21 10:36:54 - [MESSAGE][PASSED] - mobile.mobileSwipe.UpDown is PASSED

2019-11-21 10:36:54 - [TEST_STEP][NOT_RUN] - tap(findTestObject("Borrower/Borrower - Identitas/Borrower_TxtStatusPerkawinan"), 0, STOP_ON_FAILURE): NOT_RUN: tap(findTestObject("Borrower/Borrower - Identitas/Borrower_TxtStatusPerkawinan"), 0, STOP_ON_FAILURE)

2019-11-21 10:36:54 - [MESSAGE][NOT_RUN] - NOT_RUN: tap(findTestObject("Borrower/Borrower - Identitas/Borrower_TxtStatusPerkawinan"), 0, STOP_ON_FAILURE)

2019-11-21 10:36:54 - [TEST_STEP][NOT_RUN] - tap(findTestObject("dynamic object/pickListItem_checkedTextView", ["text":BIvarStatusPerkawinan]), 0, STOP_ON_FAILURE): NOT_RUN: tap(findTestObject("dynamic object/pickListItem_checkedTextView", ["text":BIvarStatusPerkawinan]), 0, STOP_ON_FAILURE)

2019-11-21 10:36:54 - [MESSAGE][NOT_RUN] - NOT_RUN: tap(findTestObject("dynamic object/pickListItem_checkedTextView", ["text":BIvarStatusPerkawinan]), 0, STOP_ON_FAILURE)

2019-11-21 10:36:54 - [MESSAGE][PASSED] - Call Test Case 'Test Cases/Data Entry/Borrower/Borrower - Identitas/MASTER FLOW/TC_Borrower - Identitas - MASTER FLOW' successfully

2019-11-21 10:36:54 - [TEST_STEP][PASSED] - mobile.mobileSwipe.RightLeft(0.9, 0.5, 1000): mobile.mobileSwipe.RightLeft is PASSED

2019-11-21 10:36:55 - [MESSAGE][PASSED] - Current device physical width is 1080

2019-11-21 10:36:56 - [MESSAGE][PASSED] - Current device physical height is 2131

2019-11-21 10:36:56 - [MESSAGE][INFO] - Device Height : 2131

2019-11-21 10:36:56 - [MESSAGE][INFO] - Device Width : 1080

2019-11-21 10:36:56 - [MESSAGE][INFO] - Swipe start at Width : 971

2019-11-21 10:36:56 - [MESSAGE][INFO] - Swipe end at Witdh : 540

2019-11-21 10:36:56 - [MESSAGE][INFO] - Y Position : 1000

2019-11-21 10:36:58 - [MESSAGE][PASSED] - Swiped from 971,1,000 to 540,1,000

2019-11-21 10:36:58 - [MESSAGE][PASSED] - mobile.mobileSwipe.RightLeft is PASSED

2019-11-21 10:36:58 - [TEST_STEP][NOT_RUN] - callTestCase(findTestCase("Data Entry/Borrower/Borrower - Info Umum/MASTER FLOW/TC_Borrower - Info Umum - MASTER FLOW"), ["BIUvarNamaLengkapTanpaSingkatan":BIUvarNamaLengkapTanpaSingkatan, "BIUvarNamaPanggilan":BIUvarNamaPanggilan, "BIUvarNoNPWP":BIUvarNoNPWP, ... ], STOP_ON_FAILURE): NOT_RUN: callTestCase(findTestCase("Data Entry/Borrower/Borrower - Info Umum/MASTER FLOW/TC_Borrower - Info Umum - MASTER FLOW"), ["BIUvarNamaLengkapTanpaSingkatan":BIUvarNamaLengkapTanpaSingkatan, "BIUvarNamaPanggilan":BIUvarNamaPanggilan, "BIUvarNoNPWP":BIUvarNoNPWP, ... ], STOP_ON_FAILURE)

2019-11-21 10:36:58 - [MESSAGE][NOT_RUN] - NOT_RUN: callTestCase(findTestCase("Data Entry/Borrower/Borrower - Info Umum/MASTER FLOW/TC_Borrower - Info Umum - MASTER FLOW"), ["BIUvarNamaLengkapTanpaSingkatan":BIUvarNamaLengkapTanpaSingkatan, "BIUvarNamaPanggilan":BIUvarNamaPanggilan, "BIUvarNoNPWP":BIUvarNoNPWP, ... ], STOP_ON_FAILURE)

2019-11-21 10:36:58 - [TEST_STEP][PASSED] - mobile.mobileSwipe.RightLeft(0.9, 0.5, 1000): mobile.mobileSwipe.RightLeft is PASSED

2019-11-21 10:37:00 - [MESSAGE][PASSED] - Current device physical width is 1080

2019-11-21 10:37:01 - [MESSAGE][PASSED] - Current device physical height is 2131

2019-11-21 10:37:01 - [MESSAGE][INFO] - Device Height : 2131

2019-11-21 10:37:01 - [MESSAGE][INFO] - Device Width : 1080

2019-11-21 10:37:01 - [MESSAGE][INFO] - Swipe start at Width : 971

2019-11-21 10:37:01 - [MESSAGE][INFO] - Swipe end at Witdh : 540

2019-11-21 10:37:01 - [MESSAGE][INFO] - Y Position : 1000

2019-11-21 10:37:03 - [MESSAGE][PASSED] - Swiped from 971,1,000 to 540,1,000

2019-11-21 10:37:03 - [MESSAGE][PASSED] - mobile.mobileSwipe.RightLeft is PASSED

2019-11-21 10:37:03 - [TEST_STEP][NOT_RUN] - callTestCase(findTestCase("Data Entry/Borrower/Borrower - Domisili/MASTER FLOW/TC_Borrower - Domisili - MASTER FLOW"), ["BDvarAlamatLengkap":BDvarAlamatLengkap, "BDvarRT":BDvarRT, "BDvarRW":BDvarRW, "BDvarKodePos":BDvarKodePos, "BDvarNegaraDomisili":BDvarNegaraDomisili, ... ], STOP_ON_FAILURE): NOT_RUN: callTestCase(findTestCase("Data Entry/Borrower/Borrower - Domisili/MASTER FLOW/TC_Borrower - Domisili - MASTER FLOW"), ["BDvarAlamatLengkap":BDvarAlamatLengkap, "BDvarRT":BDvarRT, "BDvarRW":BDvarRW, "BDvarKodePos":BDvarKodePos, "BDvarNegaraDomisili":BDvarNegaraDomisili, ... ], STOP_ON_FAILURE)

2019-11-21 10:37:03 - [MESSAGE][NOT_RUN] - NOT_RUN: callTestCase(findTestCase("Data Entry/Borrower/Borrower - Domisili/MASTER FLOW/TC_Borrower - Domisili - MASTER FLOW"), ["BDvarAlamatLengkap":BDvarAlamatLengkap, "BDvarRT":BDvarRT, "BDvarRW":BDvarRW, "BDvarKodePos":BDvarKodePos, "BDvarNegaraDomisili":BDvarNegaraDomisili, ... ], STOP_ON_FAILURE)

2019-11-21 10:37:03 - [TEST_STEP][PASSED] - mobile.mobileSwipe.RightLeft(0.9, 0.5, 1000): mobile.mobileSwipe.RightLeft is PASSED

2019-11-21 10:37:04 - [MESSAGE][PASSED] - Current device physical width is 1080

2019-11-21 10:37:05 - [MESSAGE][PASSED] - Current device physical height is 2131

2019-11-21 10:37:05 - [MESSAGE][INFO] - Device Height : 2131

2019-11-21 10:37:05 - [MESSAGE][INFO] - Device Width : 1080

2019-11-21 10:37:05 - [MESSAGE][INFO] - Swipe start at Width : 971

2019-11-21 10:37:05 - [MESSAGE][INFO] - Swipe end at Witdh : 540

2019-11-21 10:37:05 - [MESSAGE][INFO] - Y Position : 1000

2019-11-21 10:37:07 - [MESSAGE][PASSED] - Swiped from 971,1,000 to 540,1,000

2019-11-21 10:37:07 - [MESSAGE][PASSED] - mobile.mobileSwipe.RightLeft is PASSED

2019-11-21 10:37:07 - [TEST_STEP][NOT_RUN] - tap(findTestObject("Borrower/Borrower - Pekerjaan/Borrower - Pekerjaan - tab Detail Pekerjaan"), 0, OPTIONAL): NOT_RUN: tap(findTestObject("Borrower/Borrower - Pekerjaan/Borrower - Pekerjaan - tab Detail Pekerjaan"), 0, OPTIONAL)

2019-11-21 10:37:07 - [MESSAGE][NOT_RUN] - NOT_RUN: tap(findTestObject("Borrower/Borrower - Pekerjaan/Borrower - Pekerjaan - tab Detail Pekerjaan"), 0, OPTIONAL)

2019-11-21 10:37:07 - [TEST_STEP][FAILED] - callTestCase(findTestCase("Data Entry/Borrower/Borrower - Pekerjaan/MASTER FLOW/TC_Borrower - Pekerjaan - MASTER FLOW"), [:], STOP_ON_FAILURE): Unable to call Test Case 'Test Cases/Data Entry/Borrower/Borrower - Pekerjaan/MASTER FLOW/TC_Borrower - Pekerjaan - MASTER FLOW' (Root cause: com.kms.katalon.core.exception.StepFailedException: Call Test Case 'Test Cases/Data Entry/Borrower/Borrower - Pekerjaan/MASTER FLOW/TC_Borrower - Pekerjaan - MASTER FLOW' failed
	at com.kms.katalon.core.keyword.builtin.CallTestCaseKeyword$_callTestCase_closure1.doCall(CallTestCaseKeyword.groovy:63)
	at com.kms.katalon.core.keyword.builtin.CallTestCaseKeyword$_callTestCase_closure1.call(CallTestCaseKeyword.groovy)
	at com.kms.katalon.core.keyword.internal.KeywordMain.runKeyword(KeywordMain.groovy:68)
	at com.kms.katalon.core.keyword.builtin.CallTestCaseKeyword.callTestCase(CallTestCaseKeyword.groovy:81)
	at com.kms.katalon.core.keyword.builtin.CallTestCaseKeyword.execute(CallTestCaseKeyword.groovy:44)
	at com.kms.katalon.core.keyword.internal.KeywordExecutor.executeKeywordForPlatform(KeywordExecutor.groovy:60)
	at com.kms.katalon.core.keyword.BuiltinKeywords.callTestCase(BuiltinKeywords.groovy:334)
	at Flow Borrower.run(Flow Borrower:42)
	at com.kms.katalon.core.main.ScriptEngine.run(ScriptEngine.java:194)
	at com.kms.katalon.core.main.ScriptEngine.runScriptAsRawText(ScriptEngine.java:119)
	at com.kms.katalon.core.main.TestCaseExecutor.runScript(TestCaseExecutor.java:337)
	at com.kms.katalon.core.main.TestCaseExecutor.doExecute(TestCaseExecutor.java:328)
	at com.kms.katalon.core.main.TestCaseExecutor.processExecutionPhase(TestCaseExecutor.java:307)
	at com.kms.katalon.core.main.TestCaseExecutor.accessMainPhase(TestCaseExecutor.java:299)
	at com.kms.katalon.core.main.TestCaseExecutor.execute(TestCaseExecutor.java:233)
	at com.kms.katalon.core.main.TestCaseMain.runTestCase(TestCaseMain.java:114)
	at com.kms.katalon.core.keyword.builtin.CallTestCaseKeyword$_callTestCase_closure1.doCall(CallTestCaseKeyword.groovy:59)
	at com.kms.katalon.core.keyword.builtin.CallTestCaseKeyword$_callTestCase_closure1.call(CallTestCaseKeyword.groovy)
	at com.kms.katalon.core.keyword.internal.KeywordMain.runKeyword(KeywordMain.groovy:68)
	at com.kms.katalon.core.keyword.builtin.CallTestCaseKeyword.callTestCase(CallTestCaseKeyword.groovy:81)
	at com.kms.katalon.core.keyword.builtin.CallTestCaseKeyword.execute(CallTestCaseKeyword.groovy:44)
	at com.kms.katalon.core.keyword.internal.KeywordExecutor.executeKeywordForPlatform(KeywordExecutor.groovy:60)
	at com.kms.katalon.core.keyword.BuiltinKeywords.callTestCase(BuiltinKeywords.groovy:334)
	at TC_Data Entry.run(TC_Data Entry:42)
	at com.kms.katalon.core.main.ScriptEngine.run(ScriptEngine.java:194)
	at com.kms.katalon.core.main.ScriptEngine.runScriptAsRawText(ScriptEngine.java:119)
	at com.kms.katalon.core.main.TestCaseExecutor.runScript(TestCaseExecutor.java:337)
	at com.kms.katalon.core.main.TestCaseExecutor.doExecute(TestCaseExecutor.java:328)
	at com.kms.katalon.core.main.TestCaseExecutor.processExecutionPhase(TestCaseExecutor.java:307)
	at com.kms.katalon.core.main.TestCaseExecutor.accessMainPhase(TestCaseExecutor.java:299)
	at com.kms.katalon.core.main.TestCaseExecutor.execute(TestCaseExecutor.java:233)
	at com.kms.katalon.core.main.TestSuiteExecutor.accessTestCaseMainPhase(TestSuiteExecutor.java:169)
	at com.kms.katalon.core.main.TestSuiteExecutor.accessTestSuiteMainPhase(TestSuiteExecutor.java:142)
	at com.kms.katalon.core.main.TestSuiteExecutor.execute(TestSuiteExecutor.java:91)
	at com.kms.katalon.core.main.TestCaseMain.startTestSuite(TestCaseMain.java:157)
	at com.kms.katalon.core.main.TestCaseMain$startTestSuite$0.call(Unknown Source)
	at TempTestSuite1574306795654.run(TempTestSuite1574306795654.groovy:36)
Caused by: com.kms.katalon.core.exception.StepFailedException: Object Object Repository/Borrower/Borrower - Pekerjaan/Borrower_Pekerjaan_InpPekerjaan not found
	at com.kms.katalon.core.keyword.internal.KeywordMain.stepFailed(KeywordMain.groovy:50)
	at com.kms.katalon.core.mobile.keyword.internal.MobileKeywordMain.stepFailed(MobileKeywordMain.groovy:40)
	at com.kms.katalon.core.mobile.keyword.builtin.GetTextKeyword$_getText_closure1.doCall(GetTextKeyword.groovy:74)
	at com.kms.katalon.core.mobile.keyword.builtin.GetTextKeyword$_getText_closure1.call(GetTextKeyword.groovy)
	at com.kms.katalon.core.mobile.keyword.internal.MobileKeywordMain.runKeyword(MobileKeywordMain.groovy:21)
	at com.kms.katalon.core.mobile.keyword.builtin.GetTextKeyword.getText(GetTextKeyword.groovy:80)
	at com.kms.katalon.core.mobile.keyword.builtin.GetTextKeyword.execute(GetTextKeyword.groovy:64)
	at com.kms.katalon.core.keyword.internal.KeywordExecutor.executeKeywordForPlatform(KeywordExecutor.groovy:60)
	at com.kms.katalon.core.mobile.keyword.MobileBuiltInKeywords.getText(MobileBuiltInKeywords.groovy:458)
	at com.kms.katalon.core.mobile.keyword.MobileBuiltInKeywords$getText$13.call(Unknown Source)
	at TC_Borrower - Pekerjaan - MASTER FLOW.run(TC_Borrower - Pekerjaan - MASTER FLOW:16)
	at com.kms.katalon.core.main.ScriptEngine.run(ScriptEngine.java:194)
	at com.kms.katalon.core.main.ScriptEngine.runScriptAsRawText(ScriptEngine.java:119)
	at com.kms.katalon.core.main.TestCaseExecutor.runScript(TestCaseExecutor.java:337)
	at com.kms.katalon.core.main.TestCaseExecutor.doExecute(TestCaseExecutor.java:328)
	at com.kms.katalon.core.main.TestCaseExecutor.processExecutionPhase(TestCaseExecutor.java:307)
	at com.kms.katalon.core.main.TestCaseExecutor.accessMainPhase(TestCaseExecutor.java:299)
	at com.kms.katalon.core.main.TestCaseExecutor.execute(TestCaseExecutor.java:233)
	at com.kms.katalon.core.main.TestCaseMain.runTestCase(TestCaseMain.java:114)
	at com.kms.katalon.core.keyword.builtin.CallTestCaseKeyword$_callTestCase_closure1.doCall(CallTestCaseKeyword.groovy:59)
	... 36 more
)

2019-11-21 10:37:08 - [TEST_CASE][FAILED] - Test Cases/Data Entry/Borrower/Borrower - Pekerjaan/MASTER FLOW/TC_Borrower - Pekerjaan - MASTER FLOW: Test Cases/Data Entry/Borrower/Borrower - Pekerjaan/MASTER FLOW/TC_Borrower - Pekerjaan - MASTER FLOW FAILED.
Reason:
com.kms.katalon.core.exception.StepFailedException: Object Object Repository/Borrower/Borrower - Pekerjaan/Borrower_Pekerjaan_InpPekerjaan not found
	at com.kms.katalon.core.keyword.internal.KeywordMain.stepFailed(KeywordMain.groovy:50)
	at com.kms.katalon.core.mobile.keyword.internal.MobileKeywordMain.stepFailed(MobileKeywordMain.groovy:40)
	at com.kms.katalon.core.mobile.keyword.builtin.GetTextKeyword$_getText_closure1.doCall(GetTextKeyword.groovy:74)
	at com.kms.katalon.core.mobile.keyword.builtin.GetTextKeyword$_getText_closure1.call(GetTextKeyword.groovy)
	at com.kms.katalon.core.mobile.keyword.internal.MobileKeywordMain.runKeyword(MobileKeywordMain.groovy:21)
	at com.kms.katalon.core.mobile.keyword.builtin.GetTextKeyword.getText(GetTextKeyword.groovy:80)
	at com.kms.katalon.core.mobile.keyword.builtin.GetTextKeyword.execute(GetTextKeyword.groovy:64)
	at com.kms.katalon.core.keyword.internal.KeywordExecutor.executeKeywordForPlatform(KeywordExecutor.groovy:60)
	at com.kms.katalon.core.mobile.keyword.MobileBuiltInKeywords.getText(MobileBuiltInKeywords.groovy:458)
	at com.kms.katalon.core.mobile.keyword.MobileBuiltInKeywords$getText$13.call(Unknown Source)
	at TC_Borrower - Pekerjaan - MASTER FLOW.run(TC_Borrower - Pekerjaan - MASTER FLOW:16)
	at com.kms.katalon.core.main.ScriptEngine.run(ScriptEngine.java:194)
	at com.kms.katalon.core.main.ScriptEngine.runScriptAsRawText(ScriptEngine.java:119)
	at com.kms.katalon.core.main.TestCaseExecutor.runScript(TestCaseExecutor.java:337)
	at com.kms.katalon.core.main.TestCaseExecutor.doExecute(TestCaseExecutor.java:328)
	at com.kms.katalon.core.main.TestCaseExecutor.processExecutionPhase(TestCaseExecutor.java:307)
	at com.kms.katalon.core.main.TestCaseExecutor.accessMainPhase(TestCaseExecutor.java:299)
	at com.kms.katalon.core.main.TestCaseExecutor.execute(TestCaseExecutor.java:233)
	at com.kms.katalon.core.main.TestCaseMain.runTestCase(TestCaseMain.java:114)
	at com.kms.katalon.core.keyword.builtin.CallTestCaseKeyword$_callTestCase_closure1.doCall(CallTestCaseKeyword.groovy:59)
	at com.kms.katalon.core.keyword.builtin.CallTestCaseKeyword$_callTestCase_closure1.call(CallTestCaseKeyword.groovy)
	at com.kms.katalon.core.keyword.internal.KeywordMain.runKeyword(KeywordMain.groovy:68)
	at com.kms.katalon.core.keyword.builtin.CallTestCaseKeyword.callTestCase(CallTestCaseKeyword.groovy:81)
	at com.kms.katalon.core.keyword.builtin.CallTestCaseKeyword.execute(CallTestCaseKeyword.groovy:44)
	at com.kms.katalon.core.keyword.internal.KeywordExecutor.executeKeywordForPlatform(KeywordExecutor.groovy:60)
	at com.kms.katalon.core.keyword.BuiltinKeywords.callTestCase(BuiltinKeywords.groovy:334)
	at Flow Borrower.run(Flow Borrower:42)
	at com.kms.katalon.core.main.ScriptEngine.run(ScriptEngine.java:194)
	at com.kms.katalon.core.main.ScriptEngine.runScriptAsRawText(ScriptEngine.java:119)
	at com.kms.katalon.core.main.TestCaseExecutor.runScript(TestCaseExecutor.java:337)
	at com.kms.katalon.core.main.TestCaseExecutor.doExecute(TestCaseExecutor.java:328)
	at com.kms.katalon.core.main.TestCaseExecutor.processExecutionPhase(TestCaseExecutor.java:307)
	at com.kms.katalon.core.main.TestCaseExecutor.accessMainPhase(TestCaseExecutor.java:299)
	at com.kms.katalon.core.main.TestCaseExecutor.execute(TestCaseExecutor.java:233)
	at com.kms.katalon.core.main.TestCaseMain.runTestCase(TestCaseMain.java:114)
	at com.kms.katalon.core.keyword.builtin.CallTestCaseKeyword$_callTestCase_closure1.doCall(CallTestCaseKeyword.groovy:59)
	at com.kms.katalon.core.keyword.builtin.CallTestCaseKeyword$_callTestCase_closure1.call(CallTestCaseKeyword.groovy)
	at com.kms.katalon.core.keyword.internal.KeywordMain.runKeyword(KeywordMain.groovy:68)
	at com.kms.katalon.core.keyword.builtin.CallTestCaseKeyword.callTestCase(CallTestCaseKeyword.groovy:81)
	at com.kms.katalon.core.keyword.builtin.CallTestCaseKeyword.execute(CallTestCaseKeyword.groovy:44)
	at com.kms.katalon.core.keyword.internal.KeywordExecutor.executeKeywordForPlatform(KeywordExecutor.groovy:60)
	at com.kms.katalon.core.keyword.BuiltinKeywords.callTestCase(BuiltinKeywords.groovy:334)
	at TC_Data Entry.run(TC_Data Entry:42)
	at com.kms.katalon.core.main.ScriptEngine.run(ScriptEngine.java:194)
	at com.kms.katalon.core.main.ScriptEngine.runScriptAsRawText(ScriptEngine.java:119)
	at com.kms.katalon.core.main.TestCaseExecutor.runScript(TestCaseExecutor.java:337)
	at com.kms.katalon.core.main.TestCaseExecutor.doExecute(TestCaseExecutor.java:328)
	at com.kms.katalon.core.main.TestCaseExecutor.processExecutionPhase(TestCaseExecutor.java:307)
	at com.kms.katalon.core.main.TestCaseExecutor.accessMainPhase(TestCaseExecutor.java:299)
	at com.kms.katalon.core.main.TestCaseExecutor.execute(TestCaseExecutor.java:233)
	at com.kms.katalon.core.main.TestSuiteExecutor.accessTestCaseMainPhase(TestSuiteExecutor.java:169)
	at com.kms.katalon.core.main.TestSuiteExecutor.accessTestSuiteMainPhase(TestSuiteExecutor.java:142)
	at com.kms.katalon.core.main.TestSuiteExecutor.execute(TestSuiteExecutor.java:91)
	at com.kms.katalon.core.main.TestCaseMain.startTestSuite(TestCaseMain.java:157)
	at com.kms.katalon.core.main.TestCaseMain$startTestSuite$0.call(Unknown Source)
	at TempTestSuite1574306795654.run(TempTestSuite1574306795654.groovy:36)


2019-11-21 10:37:08 - [TEST_STEP][FAILED] - inpPekerjaan = getText(findTestObject("Borrower/Borrower - Pekerjaan/Borrower_Pekerjaan_InpPekerjaan"), 0): Failed to get text from element (Root cause: com.kms.katalon.core.exception.StepFailedException: Object Object Repository/Borrower/Borrower - Pekerjaan/Borrower_Pekerjaan_InpPekerjaan not found
	at com.kms.katalon.core.keyword.internal.KeywordMain.stepFailed(KeywordMain.groovy:50)
	at com.kms.katalon.core.mobile.keyword.internal.MobileKeywordMain.stepFailed(MobileKeywordMain.groovy:40)
	at com.kms.katalon.core.mobile.keyword.builtin.GetTextKeyword$_getText_closure1.doCall(GetTextKeyword.groovy:74)
	at com.kms.katalon.core.mobile.keyword.builtin.GetTextKeyword$_getText_closure1.call(GetTextKeyword.groovy)
	at com.kms.katalon.core.mobile.keyword.internal.MobileKeywordMain.runKeyword(MobileKeywordMain.groovy:21)
	at com.kms.katalon.core.mobile.keyword.builtin.GetTextKeyword.getText(GetTextKeyword.groovy:80)
	at com.kms.katalon.core.mobile.keyword.builtin.GetTextKeyword.execute(GetTextKeyword.groovy:64)
	at com.kms.katalon.core.keyword.internal.KeywordExecutor.executeKeywordForPlatform(KeywordExecutor.groovy:60)
	at com.kms.katalon.core.mobile.keyword.MobileBuiltInKeywords.getText(MobileBuiltInKeywords.groovy:458)
	at com.kms.katalon.core.mobile.keyword.MobileBuiltInKeywords$getText$13.call(Unknown Source)
	at TC_Borrower - Pekerjaan - MASTER FLOW.run(TC_Borrower - Pekerjaan - MASTER FLOW:16)
	at com.kms.katalon.core.main.ScriptEngine.run(ScriptEngine.java:194)
	at com.kms.katalon.core.main.ScriptEngine.runScriptAsRawText(ScriptEngine.java:119)
	at com.kms.katalon.core.main.TestCaseExecutor.runScript(TestCaseExecutor.java:337)
	at com.kms.katalon.core.main.TestCaseExecutor.doExecute(TestCaseExecutor.java:328)
	at com.kms.katalon.core.main.TestCaseExecutor.processExecutionPhase(TestCaseExecutor.java:307)
	at com.kms.katalon.core.main.TestCaseExecutor.accessMainPhase(TestCaseExecutor.java:299)
	at com.kms.katalon.core.main.TestCaseExecutor.execute(TestCaseExecutor.java:233)
	at com.kms.katalon.core.main.TestCaseMain.runTestCase(TestCaseMain.java:114)
	at com.kms.katalon.core.keyword.builtin.CallTestCaseKeyword$_callTestCase_closure1.doCall(CallTestCaseKeyword.groovy:59)
	at com.kms.katalon.core.keyword.builtin.CallTestCaseKeyword$_callTestCase_closure1.call(CallTestCaseKeyword.groovy)
	at com.kms.katalon.core.keyword.internal.KeywordMain.runKeyword(KeywordMain.groovy:68)
	at com.kms.katalon.core.keyword.builtin.CallTestCaseKeyword.callTestCase(CallTestCaseKeyword.groovy:81)
	at com.kms.katalon.core.keyword.builtin.CallTestCaseKeyword.execute(CallTestCaseKeyword.groovy:44)
	at com.kms.katalon.core.keyword.internal.KeywordExecutor.executeKeywordForPlatform(KeywordExecutor.groovy:60)
	at com.kms.katalon.core.keyword.BuiltinKeywords.callTestCase(BuiltinKeywords.groovy:334)
	at Flow Borrower.run(Flow Borrower:42)
	at com.kms.katalon.core.main.ScriptEngine.run(ScriptEngine.java:194)
	at com.kms.katalon.core.main.ScriptEngine.runScriptAsRawText(ScriptEngine.java:119)
	at com.kms.katalon.core.main.TestCaseExecutor.runScript(TestCaseExecutor.java:337)
	at com.kms.katalon.core.main.TestCaseExecutor.doExecute(TestCaseExecutor.java:328)
	at com.kms.katalon.core.main.TestCaseExecutor.processExecutionPhase(TestCaseExecutor.java:307)
	at com.kms.katalon.core.main.TestCaseExecutor.accessMainPhase(TestCaseExecutor.java:299)
	at com.kms.katalon.core.main.TestCaseExecutor.execute(TestCaseExecutor.java:233)
	at com.kms.katalon.core.main.TestCaseMain.runTestCase(TestCaseMain.java:114)
	at com.kms.katalon.core.keyword.builtin.CallTestCaseKeyword$_callTestCase_closure1.doCall(CallTestCaseKeyword.groovy:59)
	at com.kms.katalon.core.keyword.builtin.CallTestCaseKeyword$_callTestCase_closure1.call(CallTestCaseKeyword.groovy)
	at com.kms.katalon.core.keyword.internal.KeywordMain.runKeyword(KeywordMain.groovy:68)
	at com.kms.katalon.core.keyword.builtin.CallTestCaseKeyword.callTestCase(CallTestCaseKeyword.groovy:81)
	at com.kms.katalon.core.keyword.builtin.CallTestCaseKeyword.execute(CallTestCaseKeyword.groovy:44)
	at com.kms.katalon.core.keyword.internal.KeywordExecutor.executeKeywordForPlatform(KeywordExecutor.groovy:60)
	at com.kms.katalon.core.keyword.BuiltinKeywords.callTestCase(BuiltinKeywords.groovy:334)
	at TC_Data Entry.run(TC_Data Entry:42)
	at com.kms.katalon.core.main.ScriptEngine.run(ScriptEngine.java:194)
	at com.kms.katalon.core.main.ScriptEngine.runScriptAsRawText(ScriptEngine.java:119)
	at com.kms.katalon.core.main.TestCaseExecutor.runScript(TestCaseExecutor.java:337)
	at com.kms.katalon.core.main.TestCaseExecutor.doExecute(TestCaseExecutor.java:328)
	at com.kms.katalon.core.main.TestCaseExecutor.processExecutionPhase(TestCaseExecutor.java:307)
	at com.kms.katalon.core.main.TestCaseExecutor.accessMainPhase(TestCaseExecutor.java:299)
	at com.kms.katalon.core.main.TestCaseExecutor.execute(TestCaseExecutor.java:233)
	at com.kms.katalon.core.main.TestSuiteExecutor.accessTestCaseMainPhase(TestSuiteExecutor.java:169)
	at com.kms.katalon.core.main.TestSuiteExecutor.accessTestSuiteMainPhase(TestSuiteExecutor.java:142)
	at com.kms.katalon.core.main.TestSuiteExecutor.execute(TestSuiteExecutor.java:91)
	at com.kms.katalon.core.main.TestCaseMain.startTestSuite(TestCaseMain.java:157)
	at com.kms.katalon.core.main.TestCaseMain$startTestSuite$0.call(Unknown Source)
	at TempTestSuite1574306795654.run(TempTestSuite1574306795654.groovy:36)
)

2019-11-21 10:37:08 - [MESSAGE][WARNING] - Timeout '0' is invalid. Using default page load timeout: '30'

2019-11-21 10:37:40 - [MESSAGE][FAILED] - Object Object Repository/Borrower/Borrower - Pekerjaan/Borrower_Pekerjaan_InpPekerjaan not found
[[ATTACHMENT|C:\\Users\\15420\\git\\ACCME-Dupcheck\\Reports\\20191121_102635\\data entry dupcek\\20191121_102635\\1574307458987.png]]

2019-11-21 10:37:42 - [MESSAGE][FAILED] - Failed to get text from element (Root cause: com.kms.katalon.core.exception.StepFailedException: Object Object Repository/Borrower/Borrower - Pekerjaan/Borrower_Pekerjaan_InpPekerjaan not found
	at com.kms.katalon.core.keyword.internal.KeywordMain.stepFailed(KeywordMain.groovy:50)
	at com.kms.katalon.core.mobile.keyword.internal.MobileKeywordMain.stepFailed(MobileKeywordMain.groovy:40)
	at com.kms.katalon.core.mobile.keyword.builtin.GetTextKeyword$_getText_closure1.doCall(GetTextKeyword.groovy:74)
	at com.kms.katalon.core.mobile.keyword.builtin.GetTextKeyword$_getText_closure1.call(GetTextKeyword.groovy)
	at com.kms.katalon.core.mobile.keyword.internal.MobileKeywordMain.runKeyword(MobileKeywordMain.groovy:21)
	at com.kms.katalon.core.mobile.keyword.builtin.GetTextKeyword.getText(GetTextKeyword.groovy:80)
	at com.kms.katalon.core.mobile.keyword.builtin.GetTextKeyword.execute(GetTextKeyword.groovy:64)
	at com.kms.katalon.core.keyword.internal.KeywordExecutor.executeKeywordForPlatform(KeywordExecutor.groovy:60)
	at com.kms.katalon.core.mobile.keyword.MobileBuiltInKeywords.getText(MobileBuiltInKeywords.groovy:458)
	at com.kms.katalon.core.mobile.keyword.MobileBuiltInKeywords$getText$13.call(Unknown Source)
	at TC_Borrower - Pekerjaan - MASTER FLOW.run(TC_Borrower - Pekerjaan - MASTER FLOW:16)
	at com.kms.katalon.core.main.ScriptEngine.run(ScriptEngine.java:194)
	at com.kms.katalon.core.main.ScriptEngine.runScriptAsRawText(ScriptEngine.java:119)
	at com.kms.katalon.core.main.TestCaseExecutor.runScript(TestCaseExecutor.java:337)
	at com.kms.katalon.core.main.TestCaseExecutor.doExecute(TestCaseExecutor.java:328)
	at com.kms.katalon.core.main.TestCaseExecutor.processExecutionPhase(TestCaseExecutor.java:307)
	at com.kms.katalon.core.main.TestCaseExecutor.accessMainPhase(TestCaseExecutor.java:299)
	at com.kms.katalon.core.main.TestCaseExecutor.execute(TestCaseExecutor.java:233)
	at com.kms.katalon.core.main.TestCaseMain.runTestCase(TestCaseMain.java:114)
	at com.kms.katalon.core.keyword.builtin.CallTestCaseKeyword$_callTestCase_closure1.doCall(CallTestCaseKeyword.groovy:59)
	at com.kms.katalon.core.keyword.builtin.CallTestCaseKeyword$_callTestCase_closure1.call(CallTestCaseKeyword.groovy)
	at com.kms.katalon.core.keyword.internal.KeywordMain.runKeyword(KeywordMain.groovy:68)
	at com.kms.katalon.core.keyword.builtin.CallTestCaseKeyword.callTestCase(CallTestCaseKeyword.groovy:81)
	at com.kms.katalon.core.keyword.builtin.CallTestCaseKeyword.execute(CallTestCaseKeyword.groovy:44)
	at com.kms.katalon.core.keyword.internal.KeywordExecutor.executeKeywordForPlatform(KeywordExecutor.groovy:60)
	at com.kms.katalon.core.keyword.BuiltinKeywords.callTestCase(BuiltinKeywords.groovy:334)
	at Flow Borrower.run(Flow Borrower:42)
	at com.kms.katalon.core.main.ScriptEngine.run(ScriptEngine.java:194)
	at com.kms.katalon.core.main.ScriptEngine.runScriptAsRawText(ScriptEngine.java:119)
	at com.kms.katalon.core.main.TestCaseExecutor.runScript(TestCaseExecutor.java:337)
	at com.kms.katalon.core.main.TestCaseExecutor.doExecute(TestCaseExecutor.java:328)
	at com.kms.katalon.core.main.TestCaseExecutor.processExecutionPhase(TestCaseExecutor.java:307)
	at com.kms.katalon.core.main.TestCaseExecutor.accessMainPhase(TestCaseExecutor.java:299)
	at com.kms.katalon.core.main.TestCaseExecutor.execute(TestCaseExecutor.java:233)
	at com.kms.katalon.core.main.TestCaseMain.runTestCase(TestCaseMain.java:114)
	at com.kms.katalon.core.keyword.builtin.CallTestCaseKeyword$_callTestCase_closure1.doCall(CallTestCaseKeyword.groovy:59)
	at com.kms.katalon.core.keyword.builtin.CallTestCaseKeyword$_callTestCase_closure1.call(CallTestCaseKeyword.groovy)
	at com.kms.katalon.core.keyword.internal.KeywordMain.runKeyword(KeywordMain.groovy:68)
	at com.kms.katalon.core.keyword.builtin.CallTestCaseKeyword.callTestCase(CallTestCaseKeyword.groovy:81)
	at com.kms.katalon.core.keyword.builtin.CallTestCaseKeyword.execute(CallTestCaseKeyword.groovy:44)
	at com.kms.katalon.core.keyword.internal.KeywordExecutor.executeKeywordForPlatform(KeywordExecutor.groovy:60)
	at com.kms.katalon.core.keyword.BuiltinKeywords.callTestCase(BuiltinKeywords.groovy:334)
	at TC_Data Entry.run(TC_Data Entry:42)
	at com.kms.katalon.core.main.ScriptEngine.run(ScriptEngine.java:194)
	at com.kms.katalon.core.main.ScriptEngine.runScriptAsRawText(ScriptEngine.java:119)
	at com.kms.katalon.core.main.TestCaseExecutor.runScript(TestCaseExecutor.java:337)
	at com.kms.katalon.core.main.TestCaseExecutor.doExecute(TestCaseExecutor.java:328)
	at com.kms.katalon.core.main.TestCaseExecutor.processExecutionPhase(TestCaseExecutor.java:307)
	at com.kms.katalon.core.main.TestCaseExecutor.accessMainPhase(TestCaseExecutor.java:299)
	at com.kms.katalon.core.main.TestCaseExecutor.execute(TestCaseExecutor.java:233)
	at com.kms.katalon.core.main.TestSuiteExecutor.accessTestCaseMainPhase(TestSuiteExecutor.java:169)
	at com.kms.katalon.core.main.TestSuiteExecutor.accessTestSuiteMainPhase(TestSuiteExecutor.java:142)
	at com.kms.katalon.core.main.TestSuiteExecutor.execute(TestSuiteExecutor.java:91)
	at com.kms.katalon.core.main.TestCaseMain.startTestSuite(TestCaseMain.java:157)
	at com.kms.katalon.core.main.TestCaseMain$startTestSuite$0.call(Unknown Source)
	at TempTestSuite1574306795654.run(TempTestSuite1574306795654.groovy:36)
)
[[ATTACHMENT|C:\\Users\\15420\\git\\ACCME-Dupcheck\\Reports\\20191121_102635\\data entry dupcek\\20191121_102635\\1574307460893.png]]

2019-11-21 10:37:42 - [MESSAGE][FAILED] - Unable to call Test Case 'Test Cases/Data Entry/Borrower/Borrower - Pekerjaan/MASTER FLOW/TC_Borrower - Pekerjaan - MASTER FLOW' (Root cause: com.kms.katalon.core.exception.StepFailedException: Call Test Case 'Test Cases/Data Entry/Borrower/Borrower - Pekerjaan/MASTER FLOW/TC_Borrower - Pekerjaan - MASTER FLOW' failed
	at com.kms.katalon.core.keyword.builtin.CallTestCaseKeyword$_callTestCase_closure1.doCall(CallTestCaseKeyword.groovy:63)
	at com.kms.katalon.core.keyword.builtin.CallTestCaseKeyword$_callTestCase_closure1.call(CallTestCaseKeyword.groovy)
	at com.kms.katalon.core.keyword.internal.KeywordMain.runKeyword(KeywordMain.groovy:68)
	at com.kms.katalon.core.keyword.builtin.CallTestCaseKeyword.callTestCase(CallTestCaseKeyword.groovy:81)
	at com.kms.katalon.core.keyword.builtin.CallTestCaseKeyword.execute(CallTestCaseKeyword.groovy:44)
	at com.kms.katalon.core.keyword.internal.KeywordExecutor.executeKeywordForPlatform(KeywordExecutor.groovy:60)
	at com.kms.katalon.core.keyword.BuiltinKeywords.callTestCase(BuiltinKeywords.groovy:334)
	at Flow Borrower.run(Flow Borrower:42)
	at com.kms.katalon.core.main.ScriptEngine.run(ScriptEngine.java:194)
	at com.kms.katalon.core.main.ScriptEngine.runScriptAsRawText(ScriptEngine.java:119)
	at com.kms.katalon.core.main.TestCaseExecutor.runScript(TestCaseExecutor.java:337)
	at com.kms.katalon.core.main.TestCaseExecutor.doExecute(TestCaseExecutor.java:328)
	at com.kms.katalon.core.main.TestCaseExecutor.processExecutionPhase(TestCaseExecutor.java:307)
	at com.kms.katalon.core.main.TestCaseExecutor.accessMainPhase(TestCaseExecutor.java:299)
	at com.kms.katalon.core.main.TestCaseExecutor.execute(TestCaseExecutor.java:233)
	at com.kms.katalon.core.main.TestCaseMain.runTestCase(TestCaseMain.java:114)
	at com.kms.katalon.core.keyword.builtin.CallTestCaseKeyword$_callTestCase_closure1.doCall(CallTestCaseKeyword.groovy:59)
	at com.kms.katalon.core.keyword.builtin.CallTestCaseKeyword$_callTestCase_closure1.call(CallTestCaseKeyword.groovy)
	at com.kms.katalon.core.keyword.internal.KeywordMain.runKeyword(KeywordMain.groovy:68)
	at com.kms.katalon.core.keyword.builtin.CallTestCaseKeyword.callTestCase(CallTestCaseKeyword.groovy:81)
	at com.kms.katalon.core.keyword.builtin.CallTestCaseKeyword.execute(CallTestCaseKeyword.groovy:44)
	at com.kms.katalon.core.keyword.internal.KeywordExecutor.executeKeywordForPlatform(KeywordExecutor.groovy:60)
	at com.kms.katalon.core.keyword.BuiltinKeywords.callTestCase(BuiltinKeywords.groovy:334)
	at TC_Data Entry.run(TC_Data Entry:42)
	at com.kms.katalon.core.main.ScriptEngine.run(ScriptEngine.java:194)
	at com.kms.katalon.core.main.ScriptEngine.runScriptAsRawText(ScriptEngine.java:119)
	at com.kms.katalon.core.main.TestCaseExecutor.runScript(TestCaseExecutor.java:337)
	at com.kms.katalon.core.main.TestCaseExecutor.doExecute(TestCaseExecutor.java:328)
	at com.kms.katalon.core.main.TestCaseExecutor.processExecutionPhase(TestCaseExecutor.java:307)
	at com.kms.katalon.core.main.TestCaseExecutor.accessMainPhase(TestCaseExecutor.java:299)
	at com.kms.katalon.core.main.TestCaseExecutor.execute(TestCaseExecutor.java:233)
	at com.kms.katalon.core.main.TestSuiteExecutor.accessTestCaseMainPhase(TestSuiteExecutor.java:169)
	at com.kms.katalon.core.main.TestSuiteExecutor.accessTestSuiteMainPhase(TestSuiteExecutor.java:142)
	at com.kms.katalon.core.main.TestSuiteExecutor.execute(TestSuiteExecutor.java:91)
	at com.kms.katalon.core.main.TestCaseMain.startTestSuite(TestCaseMain.java:157)
	at com.kms.katalon.core.main.TestCaseMain$startTestSuite$0.call(Unknown Source)
	at TempTestSuite1574306795654.run(TempTestSuite1574306795654.groovy:36)
Caused by: com.kms.katalon.core.exception.StepFailedException: Object Object Repository/Borrower/Borrower - Pekerjaan/Borrower_Pekerjaan_InpPekerjaan not found
	at com.kms.katalon.core.keyword.internal.KeywordMain.stepFailed(KeywordMain.groovy:50)
	at com.kms.katalon.core.mobile.keyword.internal.MobileKeywordMain.stepFailed(MobileKeywordMain.groovy:40)
	at com.kms.katalon.core.mobile.keyword.builtin.GetTextKeyword$_getText_closure1.doCall(GetTextKeyword.groovy:74)
	at com.kms.katalon.core.mobile.keyword.builtin.GetTextKeyword$_getText_closure1.call(GetTextKeyword.groovy)
	at com.kms.katalon.core.mobile.keyword.internal.MobileKeywordMain.runKeyword(MobileKeywordMain.groovy:21)
	at com.kms.katalon.core.mobile.keyword.builtin.GetTextKeyword.getText(GetTextKeyword.groovy:80)
	at com.kms.katalon.core.mobile.keyword.builtin.GetTextKeyword.execute(GetTextKeyword.groovy:64)
	at com.kms.katalon.core.keyword.internal.KeywordExecutor.executeKeywordForPlatform(KeywordExecutor.groovy:60)
	at com.kms.katalon.core.mobile.keyword.MobileBuiltInKeywords.getText(MobileBuiltInKeywords.groovy:458)
	at com.kms.katalon.core.mobile.keyword.MobileBuiltInKeywords$getText$13.call(Unknown Source)
	at TC_Borrower - Pekerjaan - MASTER FLOW.run(TC_Borrower - Pekerjaan - MASTER FLOW:16)
	at com.kms.katalon.core.main.ScriptEngine.run(ScriptEngine.java:194)
	at com.kms.katalon.core.main.ScriptEngine.runScriptAsRawText(ScriptEngine.java:119)
	at com.kms.katalon.core.main.TestCaseExecutor.runScript(TestCaseExecutor.java:337)
	at com.kms.katalon.core.main.TestCaseExecutor.doExecute(TestCaseExecutor.java:328)
	at com.kms.katalon.core.main.TestCaseExecutor.processExecutionPhase(TestCaseExecutor.java:307)
	at com.kms.katalon.core.main.TestCaseExecutor.accessMainPhase(TestCaseExecutor.java:299)
	at com.kms.katalon.core.main.TestCaseExecutor.execute(TestCaseExecutor.java:233)
	at com.kms.katalon.core.main.TestCaseMain.runTestCase(TestCaseMain.java:114)
	at com.kms.katalon.core.keyword.builtin.CallTestCaseKeyword$_callTestCase_closure1.doCall(CallTestCaseKeyword.groovy:59)
	... 36 more
)

2019-11-21 10:37:42 - [MESSAGE][FAILED] - Unable to call Test Case 'Test Cases/Data Entry/Borrower/Flow Borrower' (Root cause: com.kms.katalon.core.exception.StepFailedException: Call Test Case 'Test Cases/Data Entry/Borrower/Flow Borrower' failed
	at com.kms.katalon.core.keyword.builtin.CallTestCaseKeyword$_callTestCase_closure1.doCall(CallTestCaseKeyword.groovy:63)
	at com.kms.katalon.core.keyword.builtin.CallTestCaseKeyword$_callTestCase_closure1.call(CallTestCaseKeyword.groovy)
	at com.kms.katalon.core.keyword.internal.KeywordMain.runKeyword(KeywordMain.groovy:68)
	at com.kms.katalon.core.keyword.builtin.CallTestCaseKeyword.callTestCase(CallTestCaseKeyword.groovy:81)
	at com.kms.katalon.core.keyword.builtin.CallTestCaseKeyword.execute(CallTestCaseKeyword.groovy:44)
	at com.kms.katalon.core.keyword.internal.KeywordExecutor.executeKeywordForPlatform(KeywordExecutor.groovy:60)
	at com.kms.katalon.core.keyword.BuiltinKeywords.callTestCase(BuiltinKeywords.groovy:334)
	at TC_Data Entry.run(TC_Data Entry:42)
	at com.kms.katalon.core.main.ScriptEngine.run(ScriptEngine.java:194)
	at com.kms.katalon.core.main.ScriptEngine.runScriptAsRawText(ScriptEngine.java:119)
	at com.kms.katalon.core.main.TestCaseExecutor.runScript(TestCaseExecutor.java:337)
	at com.kms.katalon.core.main.TestCaseExecutor.doExecute(TestCaseExecutor.java:328)
	at com.kms.katalon.core.main.TestCaseExecutor.processExecutionPhase(TestCaseExecutor.java:307)
	at com.kms.katalon.core.main.TestCaseExecutor.accessMainPhase(TestCaseExecutor.java:299)
	at com.kms.katalon.core.main.TestCaseExecutor.execute(TestCaseExecutor.java:233)
	at com.kms.katalon.core.main.TestSuiteExecutor.accessTestCaseMainPhase(TestSuiteExecutor.java:169)
	at com.kms.katalon.core.main.TestSuiteExecutor.accessTestSuiteMainPhase(TestSuiteExecutor.java:142)
	at com.kms.katalon.core.main.TestSuiteExecutor.execute(TestSuiteExecutor.java:91)
	at com.kms.katalon.core.main.TestCaseMain.startTestSuite(TestCaseMain.java:157)
	at com.kms.katalon.core.main.TestCaseMain$startTestSuite$0.call(Unknown Source)
	at TempTestSuite1574306795654.run(TempTestSuite1574306795654.groovy:36)
Caused by: com.kms.katalon.core.exception.StepFailedException: Call Test Case 'Test Cases/Data Entry/Borrower/Borrower - Pekerjaan/MASTER FLOW/TC_Borrower - Pekerjaan - MASTER FLOW' failed
	at com.kms.katalon.core.keyword.builtin.CallTestCaseKeyword$_callTestCase_closure1.doCall(CallTestCaseKeyword.groovy:63)
	at com.kms.katalon.core.keyword.builtin.CallTestCaseKeyword$_callTestCase_closure1.call(CallTestCaseKeyword.groovy)
	at com.kms.katalon.core.keyword.internal.KeywordMain.runKeyword(KeywordMain.groovy:68)
	at com.kms.katalon.core.keyword.builtin.CallTestCaseKeyword.callTestCase(CallTestCaseKeyword.groovy:81)
	at com.kms.katalon.core.keyword.builtin.CallTestCaseKeyword.execute(CallTestCaseKeyword.groovy:44)
	at com.kms.katalon.core.keyword.internal.KeywordExecutor.executeKeywordForPlatform(KeywordExecutor.groovy:60)
	at com.kms.katalon.core.keyword.BuiltinKeywords.callTestCase(BuiltinKeywords.groovy:334)
	at Flow Borrower.run(Flow Borrower:42)
	at com.kms.katalon.core.main.ScriptEngine.run(ScriptEngine.java:194)
	at com.kms.katalon.core.main.ScriptEngine.runScriptAsRawText(ScriptEngine.java:119)
	at com.kms.katalon.core.main.TestCaseExecutor.runScript(TestCaseExecutor.java:337)
	at com.kms.katalon.core.main.TestCaseExecutor.doExecute(TestCaseExecutor.java:328)
	at com.kms.katalon.core.main.TestCaseExecutor.processExecutionPhase(TestCaseExecutor.java:307)
	at com.kms.katalon.core.main.TestCaseExecutor.accessMainPhase(TestCaseExecutor.java:299)
	at com.kms.katalon.core.main.TestCaseExecutor.execute(TestCaseExecutor.java:233)
	at com.kms.katalon.core.main.TestCaseMain.runTestCase(TestCaseMain.java:114)
	at com.kms.katalon.core.keyword.builtin.CallTestCaseKeyword$_callTestCase_closure1.doCall(CallTestCaseKeyword.groovy:59)
	... 20 more
Caused by: com.kms.katalon.core.exception.StepFailedException: Object Object Repository/Borrower/Borrower - Pekerjaan/Borrower_Pekerjaan_InpPekerjaan not found
	at com.kms.katalon.core.keyword.internal.KeywordMain.stepFailed(KeywordMain.groovy:50)
	at com.kms.katalon.core.mobile.keyword.internal.MobileKeywordMain.stepFailed(MobileKeywordMain.groovy:40)
	at com.kms.katalon.core.mobile.keyword.builtin.GetTextKeyword$_getText_closure1.doCall(GetTextKeyword.groovy:74)
	at com.kms.katalon.core.mobile.keyword.builtin.GetTextKeyword$_getText_closure1.call(GetTextKeyword.groovy)
	at com.kms.katalon.core.mobile.keyword.internal.MobileKeywordMain.runKeyword(MobileKeywordMain.groovy:21)
	at com.kms.katalon.core.mobile.keyword.builtin.GetTextKeyword.getText(GetTextKeyword.groovy:80)
	at com.kms.katalon.core.mobile.keyword.builtin.GetTextKeyword.execute(GetTextKeyword.groovy:64)
	at com.kms.katalon.core.keyword.internal.KeywordExecutor.executeKeywordForPlatform(KeywordExecutor.groovy:60)
	at com.kms.katalon.core.mobile.keyword.MobileBuiltInKeywords.getText(MobileBuiltInKeywords.groovy:458)
	at com.kms.katalon.core.mobile.keyword.MobileBuiltInKeywords$getText$13.call(Unknown Source)
	at TC_Borrower - Pekerjaan - MASTER FLOW.run(TC_Borrower - Pekerjaan - MASTER FLOW:16)
	at com.kms.katalon.core.main.ScriptEngine.run(ScriptEngine.java:194)
	at com.kms.katalon.core.main.ScriptEngine.runScriptAsRawText(ScriptEngine.java:119)
	at com.kms.katalon.core.main.TestCaseExecutor.runScript(TestCaseExecutor.java:337)
	at com.kms.katalon.core.main.TestCaseExecutor.doExecute(TestCaseExecutor.java:328)
	at com.kms.katalon.core.main.TestCaseExecutor.processExecutionPhase(TestCaseExecutor.java:307)
	at com.kms.katalon.core.main.TestCaseExecutor.accessMainPhase(TestCaseExecutor.java:299)
	at com.kms.katalon.core.main.TestCaseExecutor.execute(TestCaseExecutor.java:233)
	at com.kms.katalon.core.main.TestCaseMain.runTestCase(TestCaseMain.java:114)
	at com.kms.katalon.core.keyword.builtin.CallTestCaseKeyword$_callTestCase_closure1.doCall(CallTestCaseKeyword.groovy:59)
	... 36 more
)]]></system-out>
         <system-err><![CDATA[2019-11-21 10:26:43 - [TEST_CASE][FAILED] - Test Cases/Data Entry/TC_Data Entry: Test Cases/Data Entry/TC_Data Entry FAILED.
Reason:
com.kms.katalon.core.exception.StepFailedException: Call Test Case 'Test Cases/Data Entry/Borrower/Flow Borrower' failed
	at com.kms.katalon.core.keyword.builtin.CallTestCaseKeyword$_callTestCase_closure1.doCall(CallTestCaseKeyword.groovy:63)
	at com.kms.katalon.core.keyword.builtin.CallTestCaseKeyword$_callTestCase_closure1.call(CallTestCaseKeyword.groovy)
	at com.kms.katalon.core.keyword.internal.KeywordMain.runKeyword(KeywordMain.groovy:68)
	at com.kms.katalon.core.keyword.builtin.CallTestCaseKeyword.callTestCase(CallTestCaseKeyword.groovy:81)
	at com.kms.katalon.core.keyword.builtin.CallTestCaseKeyword.execute(CallTestCaseKeyword.groovy:44)
	at com.kms.katalon.core.keyword.internal.KeywordExecutor.executeKeywordForPlatform(KeywordExecutor.groovy:60)
	at com.kms.katalon.core.keyword.BuiltinKeywords.callTestCase(BuiltinKeywords.groovy:334)
	at TC_Data Entry.run(TC_Data Entry:42)
	at com.kms.katalon.core.main.ScriptEngine.run(ScriptEngine.java:194)
	at com.kms.katalon.core.main.ScriptEngine.runScriptAsRawText(ScriptEngine.java:119)
	at com.kms.katalon.core.main.TestCaseExecutor.runScript(TestCaseExecutor.java:337)
	at com.kms.katalon.core.main.TestCaseExecutor.doExecute(TestCaseExecutor.java:328)
	at com.kms.katalon.core.main.TestCaseExecutor.processExecutionPhase(TestCaseExecutor.java:307)
	at com.kms.katalon.core.main.TestCaseExecutor.accessMainPhase(TestCaseExecutor.java:299)
	at com.kms.katalon.core.main.TestCaseExecutor.execute(TestCaseExecutor.java:233)
	at com.kms.katalon.core.main.TestSuiteExecutor.accessTestCaseMainPhase(TestSuiteExecutor.java:169)
	at com.kms.katalon.core.main.TestSuiteExecutor.accessTestSuiteMainPhase(TestSuiteExecutor.java:142)
	at com.kms.katalon.core.main.TestSuiteExecutor.execute(TestSuiteExecutor.java:91)
	at com.kms.katalon.core.main.TestCaseMain.startTestSuite(TestCaseMain.java:157)
	at com.kms.katalon.core.main.TestCaseMain$startTestSuite$0.call(Unknown Source)
	at TempTestSuite1574306795654.run(TempTestSuite1574306795654.groovy:36)
Caused by: com.kms.katalon.core.exception.StepFailedException: Call Test Case 'Test Cases/Data Entry/Borrower/Borrower - Pekerjaan/MASTER FLOW/TC_Borrower - Pekerjaan - MASTER FLOW' failed
	at com.kms.katalon.core.keyword.builtin.CallTestCaseKeyword$_callTestCase_closure1.doCall(CallTestCaseKeyword.groovy:63)
	at com.kms.katalon.core.keyword.builtin.CallTestCaseKeyword$_callTestCase_closure1.call(CallTestCaseKeyword.groovy)
	at com.kms.katalon.core.keyword.internal.KeywordMain.runKeyword(KeywordMain.groovy:68)
	at com.kms.katalon.core.keyword.builtin.CallTestCaseKeyword.callTestCase(CallTestCaseKeyword.groovy:81)
	at com.kms.katalon.core.keyword.builtin.CallTestCaseKeyword.execute(CallTestCaseKeyword.groovy:44)
	at com.kms.katalon.core.keyword.internal.KeywordExecutor.executeKeywordForPlatform(KeywordExecutor.groovy:60)
	at com.kms.katalon.core.keyword.BuiltinKeywords.callTestCase(BuiltinKeywords.groovy:334)
	at Flow Borrower.run(Flow Borrower:42)
	at com.kms.katalon.core.main.ScriptEngine.run(ScriptEngine.java:194)
	at com.kms.katalon.core.main.ScriptEngine.runScriptAsRawText(ScriptEngine.java:119)
	at com.kms.katalon.core.main.TestCaseExecutor.runScript(TestCaseExecutor.java:337)
	at com.kms.katalon.core.main.TestCaseExecutor.doExecute(TestCaseExecutor.java:328)
	at com.kms.katalon.core.main.TestCaseExecutor.processExecutionPhase(TestCaseExecutor.java:307)
	at com.kms.katalon.core.main.TestCaseExecutor.accessMainPhase(TestCaseExecutor.java:299)
	at com.kms.katalon.core.main.TestCaseExecutor.execute(TestCaseExecutor.java:233)
	at com.kms.katalon.core.main.TestCaseMain.runTestCase(TestCaseMain.java:114)
	at com.kms.katalon.core.keyword.builtin.CallTestCaseKeyword$_callTestCase_closure1.doCall(CallTestCaseKeyword.groovy:59)
	... 20 more
Caused by: com.kms.katalon.core.exception.StepFailedException: Object Object Repository/Borrower/Borrower - Pekerjaan/Borrower_Pekerjaan_InpPekerjaan not found
	at com.kms.katalon.core.keyword.internal.KeywordMain.stepFailed(KeywordMain.groovy:50)
	at com.kms.katalon.core.mobile.keyword.internal.MobileKeywordMain.stepFailed(MobileKeywordMain.groovy:40)
	at com.kms.katalon.core.mobile.keyword.builtin.GetTextKeyword$_getText_closure1.doCall(GetTextKeyword.groovy:74)
	at com.kms.katalon.core.mobile.keyword.builtin.GetTextKeyword$_getText_closure1.call(GetTextKeyword.groovy)
	at com.kms.katalon.core.mobile.keyword.internal.MobileKeywordMain.runKeyword(MobileKeywordMain.groovy:21)
	at com.kms.katalon.core.mobile.keyword.builtin.GetTextKeyword.getText(GetTextKeyword.groovy:80)
	at com.kms.katalon.core.mobile.keyword.builtin.GetTextKeyword.execute(GetTextKeyword.groovy:64)
	at com.kms.katalon.core.keyword.internal.KeywordExecutor.executeKeywordForPlatform(KeywordExecutor.groovy:60)
	at com.kms.katalon.core.mobile.keyword.MobileBuiltInKeywords.getText(MobileBuiltInKeywords.groovy:458)
	at com.kms.katalon.core.mobile.keyword.MobileBuiltInKeywords$getText$13.call(Unknown Source)
	at TC_Borrower - Pekerjaan - MASTER FLOW.run(TC_Borrower - Pekerjaan - MASTER FLOW:16)
	at com.kms.katalon.core.main.ScriptEngine.run(ScriptEngine.java:194)
	at com.kms.katalon.core.main.ScriptEngine.runScriptAsRawText(ScriptEngine.java:119)
	at com.kms.katalon.core.main.TestCaseExecutor.runScript(TestCaseExecutor.java:337)
	at com.kms.katalon.core.main.TestCaseExecutor.doExecute(TestCaseExecutor.java:328)
	at com.kms.katalon.core.main.TestCaseExecutor.processExecutionPhase(TestCaseExecutor.java:307)
	at com.kms.katalon.core.main.TestCaseExecutor.accessMainPhase(TestCaseExecutor.java:299)
	at com.kms.katalon.core.main.TestCaseExecutor.execute(TestCaseExecutor.java:233)
	at com.kms.katalon.core.main.TestCaseMain.runTestCase(TestCaseMain.java:114)
	at com.kms.katalon.core.keyword.builtin.CallTestCaseKeyword$_callTestCase_closure1.doCall(CallTestCaseKeyword.groovy:59)
	... 36 more]]></system-err>
      </testcase>
      <testcase name="Test Cases/Data Entry/TC_Data Entry" time="605.161" classname="Test Cases/Data Entry/TC_Data Entry" status="FAILED">
         <failure type="FAILED" message="Test Cases/Data Entry/TC_Data Entry FAILED.
Reason:
com.kms.katalon.core.exception.StepFailedException: Call Test Case 'Test Cases/Data Entry/Borrower/Flow Borrower' failed
	at com.kms.katalon.core.keyword.builtin.CallTestCaseKeyword$_callTestCase_closure1.doCall(CallTestCaseKeyword.groovy:63)
	at com.kms.katalon.core.keyword.builtin.CallTestCaseKeyword$_callTestCase_closure1.call(CallTestCaseKeyword.groovy)
	at com.kms.katalon.core.keyword.internal.KeywordMain.runKeyword(KeywordMain.groovy:68)
	at com.kms.katalon.core.keyword.builtin.CallTestCaseKeyword.callTestCase(CallTestCaseKeyword.groovy:81)
	at com.kms.katalon.core.keyword.builtin.CallTestCaseKeyword.execute(CallTestCaseKeyword.groovy:44)
	at com.kms.katalon.core.keyword.internal.KeywordExecutor.executeKeywordForPlatform(KeywordExecutor.groovy:60)
	at com.kms.katalon.core.keyword.BuiltinKeywords.callTestCase(BuiltinKeywords.groovy:334)
	at TC_Data Entry.run(TC_Data Entry:42)
	at com.kms.katalon.core.main.ScriptEngine.run(ScriptEngine.java:194)
	at com.kms.katalon.core.main.ScriptEngine.runScriptAsRawText(ScriptEngine.java:119)
	at com.kms.katalon.core.main.TestCaseExecutor.runScript(TestCaseExecutor.java:337)
	at com.kms.katalon.core.main.TestCaseExecutor.doExecute(TestCaseExecutor.java:328)
	at com.kms.katalon.core.main.TestCaseExecutor.processExecutionPhase(TestCaseExecutor.java:307)
	at com.kms.katalon.core.main.TestCaseExecutor.accessMainPhase(TestCaseExecutor.java:299)
	at com.kms.katalon.core.main.TestCaseExecutor.execute(TestCaseExecutor.java:233)
	at com.kms.katalon.core.main.TestSuiteExecutor.accessTestCaseMainPhase(TestSuiteExecutor.java:169)
	at com.kms.katalon.core.main.TestSuiteExecutor.accessTestSuiteMainPhase(TestSuiteExecutor.java:142)
	at com.kms.katalon.core.main.TestSuiteExecutor.execute(TestSuiteExecutor.java:91)
	at com.kms.katalon.core.main.TestCaseMain.startTestSuite(TestCaseMain.java:157)
	at com.kms.katalon.core.main.TestCaseMain$startTestSuite$0.call(Unknown Source)
	at TempTestSuite1574306795654.run(TempTestSuite1574306795654.groovy:36)
Caused by: com.kms.katalon.core.exception.StepFailedException: Call Test Case 'Test Cases/Data Entry/Borrower/Borrower - Pekerjaan/MASTER FLOW/TC_Borrower - Pekerjaan - MASTER FLOW' failed
	at com.kms.katalon.core.keyword.builtin.CallTestCaseKeyword$_callTestCase_closure1.doCall(CallTestCaseKeyword.groovy:63)
	at com.kms.katalon.core.keyword.builtin.CallTestCaseKeyword$_callTestCase_closure1.call(CallTestCaseKeyword.groovy)
	at com.kms.katalon.core.keyword.internal.KeywordMain.runKeyword(KeywordMain.groovy:68)
	at com.kms.katalon.core.keyword.builtin.CallTestCaseKeyword.callTestCase(CallTestCaseKeyword.groovy:81)
	at com.kms.katalon.core.keyword.builtin.CallTestCaseKeyword.execute(CallTestCaseKeyword.groovy:44)
	at com.kms.katalon.core.keyword.internal.KeywordExecutor.executeKeywordForPlatform(KeywordExecutor.groovy:60)
	at com.kms.katalon.core.keyword.BuiltinKeywords.callTestCase(BuiltinKeywords.groovy:334)
	at Flow Borrower.run(Flow Borrower:42)
	at com.kms.katalon.core.main.ScriptEngine.run(ScriptEngine.java:194)
	at com.kms.katalon.core.main.ScriptEngine.runScriptAsRawText(ScriptEngine.java:119)
	at com.kms.katalon.core.main.TestCaseExecutor.runScript(TestCaseExecutor.java:337)
	at com.kms.katalon.core.main.TestCaseExecutor.doExecute(TestCaseExecutor.java:328)
	at com.kms.katalon.core.main.TestCaseExecutor.processExecutionPhase(TestCaseExecutor.java:307)
	at com.kms.katalon.core.main.TestCaseExecutor.accessMainPhase(TestCaseExecutor.java:299)
	at com.kms.katalon.core.main.TestCaseExecutor.execute(TestCaseExecutor.java:233)
	at com.kms.katalon.core.main.TestCaseMain.runTestCase(TestCaseMain.java:114)
	at com.kms.katalon.core.keyword.builtin.CallTestCaseKeyword$_callTestCase_closure1.doCall(CallTestCaseKeyword.groovy:59)
	... 20 more
Caused by: com.kms.katalon.core.exception.StepFailedException: Object Object Repository/Borrower/Borrower - Pekerjaan/Borrower_Pekerjaan_InpPekerjaan not found
	at com.kms.katalon.core.keyword.internal.KeywordMain.stepFailed(KeywordMain.groovy:50)
	at com.kms.katalon.core.mobile.keyword.internal.MobileKeywordMain.stepFailed(MobileKeywordMain.groovy:40)
	at com.kms.katalon.core.mobile.keyword.builtin.GetTextKeyword$_getText_closure1.doCall(GetTextKeyword.groovy:74)
	at com.kms.katalon.core.mobile.keyword.builtin.GetTextKeyword$_getText_closure1.call(GetTextKeyword.groovy)
	at com.kms.katalon.core.mobile.keyword.internal.MobileKeywordMain.runKeyword(MobileKeywordMain.groovy:21)
	at com.kms.katalon.core.mobile.keyword.builtin.GetTextKeyword.getText(GetTextKeyword.groovy:80)
	at com.kms.katalon.core.mobile.keyword.builtin.GetTextKeyword.execute(GetTextKeyword.groovy:64)
	at com.kms.katalon.core.keyword.internal.KeywordExecutor.executeKeywordForPlatform(KeywordExecutor.groovy:60)
	at com.kms.katalon.core.mobile.keyword.MobileBuiltInKeywords.getText(MobileBuiltInKeywords.groovy:458)
	at com.kms.katalon.core.mobile.keyword.MobileBuiltInKeywords$getText$13.call(Unknown Source)
	at TC_Borrower - Pekerjaan - MASTER FLOW.run(TC_Borrower - Pekerjaan - MASTER FLOW:16)
	at com.kms.katalon.core.main.ScriptEngine.run(ScriptEngine.java:194)
	at com.kms.katalon.core.main.ScriptEngine.runScriptAsRawText(ScriptEngine.java:119)
	at com.kms.katalon.core.main.TestCaseExecutor.runScript(TestCaseExecutor.java:337)
	at com.kms.katalon.core.main.TestCaseExecutor.doExecute(TestCaseExecutor.java:328)
	at com.kms.katalon.core.main.TestCaseExecutor.processExecutionPhase(TestCaseExecutor.java:307)
	at com.kms.katalon.core.main.TestCaseExecutor.accessMainPhase(TestCaseExecutor.java:299)
	at com.kms.katalon.core.main.TestCaseExecutor.execute(TestCaseExecutor.java:233)
	at com.kms.katalon.core.main.TestCaseMain.runTestCase(TestCaseMain.java:114)
	at com.kms.katalon.core.keyword.builtin.CallTestCaseKeyword$_callTestCase_closure1.doCall(CallTestCaseKeyword.groovy:59)
	... 36 more
"/>
         <system-out><![CDATA[2019-11-21 10:37:43 - [TEST_CASE][FAILED] - Test Cases/Data Entry/TC_Data Entry: Test Cases/Data Entry/TC_Data Entry FAILED.
Reason:
com.kms.katalon.core.exception.StepFailedException: Call Test Case 'Test Cases/Data Entry/Borrower/Flow Borrower' failed
	at com.kms.katalon.core.keyword.builtin.CallTestCaseKeyword$_callTestCase_closure1.doCall(CallTestCaseKeyword.groovy:63)
	at com.kms.katalon.core.keyword.builtin.CallTestCaseKeyword$_callTestCase_closure1.call(CallTestCaseKeyword.groovy)
	at com.kms.katalon.core.keyword.internal.KeywordMain.runKeyword(KeywordMain.groovy:68)
	at com.kms.katalon.core.keyword.builtin.CallTestCaseKeyword.callTestCase(CallTestCaseKeyword.groovy:81)
	at com.kms.katalon.core.keyword.builtin.CallTestCaseKeyword.execute(CallTestCaseKeyword.groovy:44)
	at com.kms.katalon.core.keyword.internal.KeywordExecutor.executeKeywordForPlatform(KeywordExecutor.groovy:60)
	at com.kms.katalon.core.keyword.BuiltinKeywords.callTestCase(BuiltinKeywords.groovy:334)
	at TC_Data Entry.run(TC_Data Entry:42)
	at com.kms.katalon.core.main.ScriptEngine.run(ScriptEngine.java:194)
	at com.kms.katalon.core.main.ScriptEngine.runScriptAsRawText(ScriptEngine.java:119)
	at com.kms.katalon.core.main.TestCaseExecutor.runScript(TestCaseExecutor.java:337)
	at com.kms.katalon.core.main.TestCaseExecutor.doExecute(TestCaseExecutor.java:328)
	at com.kms.katalon.core.main.TestCaseExecutor.processExecutionPhase(TestCaseExecutor.java:307)
	at com.kms.katalon.core.main.TestCaseExecutor.accessMainPhase(TestCaseExecutor.java:299)
	at com.kms.katalon.core.main.TestCaseExecutor.execute(TestCaseExecutor.java:233)
	at com.kms.katalon.core.main.TestSuiteExecutor.accessTestCaseMainPhase(TestSuiteExecutor.java:169)
	at com.kms.katalon.core.main.TestSuiteExecutor.accessTestSuiteMainPhase(TestSuiteExecutor.java:142)
	at com.kms.katalon.core.main.TestSuiteExecutor.execute(TestSuiteExecutor.java:91)
	at com.kms.katalon.core.main.TestCaseMain.startTestSuite(TestCaseMain.java:157)
	at com.kms.katalon.core.main.TestCaseMain$startTestSuite$0.call(Unknown Source)
	at TempTestSuite1574306795654.run(TempTestSuite1574306795654.groovy:36)
Caused by: com.kms.katalon.core.exception.StepFailedException: Call Test Case 'Test Cases/Data Entry/Borrower/Borrower - Pekerjaan/MASTER FLOW/TC_Borrower - Pekerjaan - MASTER FLOW' failed
	at com.kms.katalon.core.keyword.builtin.CallTestCaseKeyword$_callTestCase_closure1.doCall(CallTestCaseKeyword.groovy:63)
	at com.kms.katalon.core.keyword.builtin.CallTestCaseKeyword$_callTestCase_closure1.call(CallTestCaseKeyword.groovy)
	at com.kms.katalon.core.keyword.internal.KeywordMain.runKeyword(KeywordMain.groovy:68)
	at com.kms.katalon.core.keyword.builtin.CallTestCaseKeyword.callTestCase(CallTestCaseKeyword.groovy:81)
	at com.kms.katalon.core.keyword.builtin.CallTestCaseKeyword.execute(CallTestCaseKeyword.groovy:44)
	at com.kms.katalon.core.keyword.internal.KeywordExecutor.executeKeywordForPlatform(KeywordExecutor.groovy:60)
	at com.kms.katalon.core.keyword.BuiltinKeywords.callTestCase(BuiltinKeywords.groovy:334)
	at Flow Borrower.run(Flow Borrower:42)
	at com.kms.katalon.core.main.ScriptEngine.run(ScriptEngine.java:194)
	at com.kms.katalon.core.main.ScriptEngine.runScriptAsRawText(ScriptEngine.java:119)
	at com.kms.katalon.core.main.TestCaseExecutor.runScript(TestCaseExecutor.java:337)
	at com.kms.katalon.core.main.TestCaseExecutor.doExecute(TestCaseExecutor.java:328)
	at com.kms.katalon.core.main.TestCaseExecutor.processExecutionPhase(TestCaseExecutor.java:307)
	at com.kms.katalon.core.main.TestCaseExecutor.accessMainPhase(TestCaseExecutor.java:299)
	at com.kms.katalon.core.main.TestCaseExecutor.execute(TestCaseExecutor.java:233)
	at com.kms.katalon.core.main.TestCaseMain.runTestCase(TestCaseMain.java:114)
	at com.kms.katalon.core.keyword.builtin.CallTestCaseKeyword$_callTestCase_closure1.doCall(CallTestCaseKeyword.groovy:59)
	... 20 more
Caused by: com.kms.katalon.core.exception.StepFailedException: Object Object Repository/Borrower/Borrower - Pekerjaan/Borrower_Pekerjaan_InpPekerjaan not found
	at com.kms.katalon.core.keyword.internal.KeywordMain.stepFailed(KeywordMain.groovy:50)
	at com.kms.katalon.core.mobile.keyword.internal.MobileKeywordMain.stepFailed(MobileKeywordMain.groovy:40)
	at com.kms.katalon.core.mobile.keyword.builtin.GetTextKeyword$_getText_closure1.doCall(GetTextKeyword.groovy:74)
	at com.kms.katalon.core.mobile.keyword.builtin.GetTextKeyword$_getText_closure1.call(GetTextKeyword.groovy)
	at com.kms.katalon.core.mobile.keyword.internal.MobileKeywordMain.runKeyword(MobileKeywordMain.groovy:21)
	at com.kms.katalon.core.mobile.keyword.builtin.GetTextKeyword.getText(GetTextKeyword.groovy:80)
	at com.kms.katalon.core.mobile.keyword.builtin.GetTextKeyword.execute(GetTextKeyword.groovy:64)
	at com.kms.katalon.core.keyword.internal.KeywordExecutor.executeKeywordForPlatform(KeywordExecutor.groovy:60)
	at com.kms.katalon.core.mobile.keyword.MobileBuiltInKeywords.getText(MobileBuiltInKeywords.groovy:458)
	at com.kms.katalon.core.mobile.keyword.MobileBuiltInKeywords$getText$13.call(Unknown Source)
	at TC_Borrower - Pekerjaan - MASTER FLOW.run(TC_Borrower - Pekerjaan - MASTER FLOW:16)
	at com.kms.katalon.core.main.ScriptEngine.run(ScriptEngine.java:194)
	at com.kms.katalon.core.main.ScriptEngine.runScriptAsRawText(ScriptEngine.java:119)
	at com.kms.katalon.core.main.TestCaseExecutor.runScript(TestCaseExecutor.java:337)
	at com.kms.katalon.core.main.TestCaseExecutor.doExecute(TestCaseExecutor.java:328)
	at com.kms.katalon.core.main.TestCaseExecutor.processExecutionPhase(TestCaseExecutor.java:307)
	at com.kms.katalon.core.main.TestCaseExecutor.accessMainPhase(TestCaseExecutor.java:299)
	at com.kms.katalon.core.main.TestCaseExecutor.execute(TestCaseExecutor.java:233)
	at com.kms.katalon.core.main.TestCaseMain.runTestCase(TestCaseMain.java:114)
	at com.kms.katalon.core.keyword.builtin.CallTestCaseKeyword$_callTestCase_closure1.doCall(CallTestCaseKeyword.groovy:59)
	... 36 more


2019-11-21 10:37:43 - [TEST_STEP][PASSED] - callTestCase(findTestCase("dynamic test case/open application"), [:], STOP_ON_FAILURE): Call Test Case 'Test Cases/dynamic test case/open application' successfully

2019-11-21 10:37:43 - [TEST_CASE][PASSED] - Test Cases/dynamic test case/open application: Test Cases/dynamic test case/open application

2019-11-21 10:37:43 - [TEST_STEP][PASSED] - appPath = relativeToAbsolutePath(apkname, getProjectDir()): null

2019-11-21 10:37:43 - [TEST_STEP][PASSED] - startApplication(appPath, false): Started app at: 'C:\Users\15420\git\ACCME-Dupcheck\AccMe.apk'

2019-11-21 10:37:43 - [MESSAGE][INFO] - User set preference: ['unicodeKeyboard', 'true']

2019-11-21 10:37:43 - [MESSAGE][INFO] - User set preference: ['resetKeyboard', 'true']

2019-11-21 10:37:43 - [MESSAGE][INFO] - User set preference: ['deviceId', '']

2019-11-21 10:38:22 - [MESSAGE][PASSED] - Started app at: 'C:\Users\15420\git\ACCME-Dupcheck\AccMe.apk'

2019-11-21 10:38:22 - [MESSAGE][PASSED] - Call Test Case 'Test Cases/dynamic test case/open application' successfully

2019-11-21 10:38:22 - [TEST_STEP][PASSED] - callTestCase(findTestCase("Data Entry/Simulasi Kredit/Simulasi Kredit/MASTER FLOW/TC_Simulasi Kredit - MASTER FLOW"), ["varBrand":varBrand, "varType":varType, "varModel":varModel, "varTahun":varTahun, "varTenor":varTenor, "varOTR":varOTR, "varRP":varRP, ... ], OPTIONAL): Call Test Case 'Test Cases/Data Entry/Simulasi Kredit/Simulasi Kredit/MASTER FLOW/TC_Simulasi Kredit - MASTER FLOW' successfully

2019-11-21 10:38:22 - [TEST_CASE][PASSED] - Test Cases/Data Entry/Simulasi Kredit/Simulasi Kredit/MASTER FLOW/TC_Simulasi Kredit - MASTER FLOW: Test Cases/Data Entry/Simulasi Kredit/Simulasi Kredit/MASTER FLOW/TC_Simulasi Kredit - MASTER FLOW

2019-11-21 10:38:22 - [TEST_STEP][PASSED] - waitForElementPresent(findTestObject("Simulasi Kredit/Simulasi Kredit - Simulasi Kredit/SimulasiKredit_Btn Simulasi Kredit"), 0): Element 'Object Repository/Simulasi Kredit/Simulasi Kredit - Simulasi Kredit/SimulasiKredit_Btn Simulasi Kredit' is present

2019-11-21 10:38:22 - [MESSAGE][WARNING] - Timeout '0' is invalid. Using default page load timeout: '30'

2019-11-21 10:38:30 - [MESSAGE][PASSED] - Element 'Object Repository/Simulasi Kredit/Simulasi Kredit - Simulasi Kredit/SimulasiKredit_Btn Simulasi Kredit' is present

2019-11-21 10:38:30 - [TEST_STEP][PASSED] - tap(findTestObject("Simulasi Kredit/Simulasi Kredit - Simulasi Kredit/SimulasiKredit_Btn Simulasi Kredit"), 0): Tapped on element 'Object Repository/Simulasi Kredit/Simulasi Kredit - Simulasi Kredit/SimulasiKredit_Btn Simulasi Kredit'

2019-11-21 10:38:30 - [MESSAGE][WARNING] - Timeout '0' is invalid. Using default page load timeout: '30'

2019-11-21 10:38:32 - [MESSAGE][PASSED] - Tapped on element 'Object Repository/Simulasi Kredit/Simulasi Kredit - Simulasi Kredit/SimulasiKredit_Btn Simulasi Kredit'

2019-11-21 10:38:32 - [TEST_STEP][PASSED] - if (varPembiayaan == "NewCar"): Tapped on element 'Object Repository/Simulasi Kredit/Simulasi Kredit - Simulasi Kredit/SimulasiKredit_new car'

2019-11-21 10:38:32 - [TEST_STEP][PASSED] - tap(findTestObject("Simulasi Kredit/Simulasi Kredit - Simulasi Kredit/SimulasiKredit_new car"), 0): Tapped on element 'Object Repository/Simulasi Kredit/Simulasi Kredit - Simulasi Kredit/SimulasiKredit_new car'

2019-11-21 10:38:32 - [MESSAGE][WARNING] - Timeout '0' is invalid. Using default page load timeout: '30'

2019-11-21 10:38:37 - [MESSAGE][PASSED] - Tapped on element 'Object Repository/Simulasi Kredit/Simulasi Kredit - Simulasi Kredit/SimulasiKredit_new car'

2019-11-21 10:38:37 - [TEST_STEP][PASSED] - if (varPembiayaan == "UsedCar"): null

2019-11-21 10:38:37 - [TEST_STEP][PASSED] - if (varTipepembiayaan == "syariah"): null

2019-11-21 10:38:37 - [TEST_STEP][PASSED] - if (varTipepembiayaan == "konvensional"): null

2019-11-21 10:38:37 - [TEST_STEP][PASSED] - if (varkodepaket == "ya"): null

2019-11-21 10:38:37 - [TEST_STEP][PASSED] - setText(findTestObject("Simulasi Kredit/Simulasi Kredit - Simulasi Kredit/SimulasiKredit_Inp Brand"), varBrand, 0): Text 'TOYOTA' has been set to element 'Object Repository/Simulasi Kredit/Simulasi Kredit - Simulasi Kredit/SimulasiKredit_Inp Brand'

2019-11-21 10:38:37 - [MESSAGE][WARNING] - Timeout '0' is invalid. Using default page load timeout: '30'

2019-11-21 10:38:38 - [MESSAGE][PASSED] - Text 'TOYOTA' has been set to element 'Object Repository/Simulasi Kredit/Simulasi Kredit - Simulasi Kredit/SimulasiKredit_Inp Brand'

2019-11-21 10:38:38 - [TEST_STEP][PASSED] - tap(findTestObject("Simulasi Kredit/Simulasi Kredit - Simulasi Kredit/SimulasiKredit_Inp Brand"), 0): Tapped on element 'Object Repository/Simulasi Kredit/Simulasi Kredit - Simulasi Kredit/SimulasiKredit_Inp Brand'

2019-11-21 10:38:38 - [MESSAGE][WARNING] - Timeout '0' is invalid. Using default page load timeout: '30'

2019-11-21 10:38:42 - [MESSAGE][PASSED] - Tapped on element 'Object Repository/Simulasi Kredit/Simulasi Kredit - Simulasi Kredit/SimulasiKredit_Inp Brand'

2019-11-21 10:38:42 - [TEST_STEP][PASSED] - tap(findTestObject("dynamic object/pickListItem_viewView", ["text":varBrand]), 0): Tapped on element 'Object Repository/dynamic object/pickListItem_viewView'

2019-11-21 10:38:42 - [MESSAGE][WARNING] - Timeout '0' is invalid. Using default page load timeout: '30'

2019-11-21 10:38:46 - [MESSAGE][PASSED] - Tapped on element 'Object Repository/dynamic object/pickListItem_viewView'

2019-11-21 10:38:46 - [TEST_STEP][PASSED] - tap(findTestObject("Simulasi Kredit/Simulasi Kredit - Simulasi Kredit/SimulasiKredit_Inp Type"), 0): Tapped on element 'Object Repository/Simulasi Kredit/Simulasi Kredit - Simulasi Kredit/SimulasiKredit_Inp Type'

2019-11-21 10:38:46 - [MESSAGE][WARNING] - Timeout '0' is invalid. Using default page load timeout: '30'

2019-11-21 10:38:49 - [MESSAGE][PASSED] - Tapped on element 'Object Repository/Simulasi Kredit/Simulasi Kredit - Simulasi Kredit/SimulasiKredit_Inp Type'

2019-11-21 10:38:49 - [TEST_STEP][PASSED] - setText(findTestObject("Simulasi Kredit/Simulasi Kredit - Simulasi Kredit/SimulasiKredit_Inp Type"), varType, 0): Text 'K09' has been set to element 'Object Repository/Simulasi Kredit/Simulasi Kredit - Simulasi Kredit/SimulasiKredit_Inp Type'

2019-11-21 10:38:49 - [MESSAGE][WARNING] - Timeout '0' is invalid. Using default page load timeout: '30'

2019-11-21 10:38:52 - [MESSAGE][PASSED] - Text 'K09' has been set to element 'Object Repository/Simulasi Kredit/Simulasi Kredit - Simulasi Kredit/SimulasiKredit_Inp Type'

2019-11-21 10:38:52 - [TEST_STEP][PASSED] - delay(3): Delayed 3 second(s)

2019-11-21 10:38:55 - [MESSAGE][PASSED] - Delayed 3 second(s)

2019-11-21 10:38:55 - [TEST_STEP][PASSED] - tap(findTestObject("Simulasi Kredit/Simulasi Kredit - Simulasi Kredit/SimulasiKredit_Inp Type"), 0): Tapped on element 'Object Repository/Simulasi Kredit/Simulasi Kredit - Simulasi Kredit/SimulasiKredit_Inp Type'

2019-11-21 10:38:55 - [MESSAGE][WARNING] - Timeout '0' is invalid. Using default page load timeout: '30'

2019-11-21 10:38:57 - [MESSAGE][PASSED] - Tapped on element 'Object Repository/Simulasi Kredit/Simulasi Kredit - Simulasi Kredit/SimulasiKredit_Inp Type'

2019-11-21 10:38:57 - [TEST_STEP][PASSED] - tap(findTestObject("Simulasi Kredit/Simulasi Kredit - Simulasi Kredit/SimulasiKredit_Inp Type LOV"), 0): Tapped on element 'Object Repository/Simulasi Kredit/Simulasi Kredit - Simulasi Kredit/SimulasiKredit_Inp Type LOV'

2019-11-21 10:38:57 - [MESSAGE][WARNING] - Timeout '0' is invalid. Using default page load timeout: '30'

2019-11-21 10:39:00 - [MESSAGE][PASSED] - Tapped on element 'Object Repository/Simulasi Kredit/Simulasi Kredit - Simulasi Kredit/SimulasiKredit_Inp Type LOV'

2019-11-21 10:39:00 - [TEST_STEP][PASSED] - mobile.mobileSwipe.UpDown(0.8, 0.5, 1000): mobile.mobileSwipe.UpDown is PASSED

2019-11-21 10:39:01 - [MESSAGE][PASSED] - Current device physical height is 2131

2019-11-21 10:39:01 - [MESSAGE][INFO] - Device Height : 2131

2019-11-21 10:39:02 - [MESSAGE][PASSED] - Current device physical width is 1080

2019-11-21 10:39:02 - [MESSAGE][INFO] - Device Width : 1080

2019-11-21 10:39:02 - [MESSAGE][INFO] - Swipe start at Height : 1704

2019-11-21 10:39:02 - [MESSAGE][INFO] - Swipe end at Height : 1065

2019-11-21 10:39:02 - [MESSAGE][INFO] - X Position : 1000

2019-11-21 10:39:05 - [MESSAGE][PASSED] - Swiped from 1,000,1,704 to 1,000,1,065

2019-11-21 10:39:05 - [MESSAGE][PASSED] - mobile.mobileSwipe.UpDown is PASSED

2019-11-21 10:39:05 - [TEST_STEP][PASSED] - tap(findTestObject("Simulasi Kredit/Simulasi Kredit - Simulasi Kredit/SimulasiKredit_Inp Model"), 0): Tapped on element 'Object Repository/Simulasi Kredit/Simulasi Kredit - Simulasi Kredit/SimulasiKredit_Inp Model'

2019-11-21 10:39:05 - [MESSAGE][WARNING] - Timeout '0' is invalid. Using default page load timeout: '30'

2019-11-21 10:39:07 - [MESSAGE][PASSED] - Tapped on element 'Object Repository/Simulasi Kredit/Simulasi Kredit - Simulasi Kredit/SimulasiKredit_Inp Model'

2019-11-21 10:39:07 - [TEST_STEP][PASSED] - scrollToText(varModel, STOP_ON_FAILURE): Scrolling to text 'V AT BENSIN' successfully

2019-11-21 10:39:09 - [MESSAGE][PASSED] - Scrolling to text 'V AT BENSIN' successfully

2019-11-21 10:39:09 - [TEST_STEP][PASSED] - tap(findTestObject("dynamic object/pickListItem_checkedTextView", ["text":varModel]), 0): Tapped on element 'Object Repository/dynamic object/pickListItem_checkedTextView'

2019-11-21 10:39:09 - [MESSAGE][WARNING] - Timeout '0' is invalid. Using default page load timeout: '30'

2019-11-21 10:39:11 - [MESSAGE][PASSED] - Tapped on element 'Object Repository/dynamic object/pickListItem_checkedTextView'

2019-11-21 10:39:11 - [TEST_STEP][PASSED] - tap(findTestObject("Simulasi Kredit/Simulasi Kredit - Simulasi Kredit/SimulasiKredit_Tahun"), 0): Tapped on element 'Object Repository/Simulasi Kredit/Simulasi Kredit - Simulasi Kredit/SimulasiKredit_Tahun'

2019-11-21 10:39:11 - [MESSAGE][WARNING] - Timeout '0' is invalid. Using default page load timeout: '30'

2019-11-21 10:39:13 - [MESSAGE][PASSED] - Tapped on element 'Object Repository/Simulasi Kredit/Simulasi Kredit - Simulasi Kredit/SimulasiKredit_Tahun'

2019-11-21 10:39:13 - [TEST_STEP][PASSED] - scrollToText(varTahun, STOP_ON_FAILURE): Scrolling to text '2018' successfully

2019-11-21 10:39:15 - [MESSAGE][PASSED] - Scrolling to text '2018' successfully

2019-11-21 10:39:15 - [TEST_STEP][PASSED] - tap(findTestObject("dynamic object/pickListItem_checkedTextView", ["text":varTahun]), 0): Tapped on element 'Object Repository/dynamic object/pickListItem_checkedTextView'

2019-11-21 10:39:15 - [MESSAGE][WARNING] - Timeout '0' is invalid. Using default page load timeout: '30'

2019-11-21 10:39:16 - [MESSAGE][PASSED] - Tapped on element 'Object Repository/dynamic object/pickListItem_checkedTextView'

2019-11-21 10:39:16 - [TEST_STEP][PASSED] - tap(findTestObject("Simulasi Kredit/Simulasi Kredit - Simulasi Kredit/SimulasiKredit_Tenor"), 0): Tapped on element 'Object Repository/Simulasi Kredit/Simulasi Kredit - Simulasi Kredit/SimulasiKredit_Tenor'

2019-11-21 10:39:16 - [MESSAGE][WARNING] - Timeout '0' is invalid. Using default page load timeout: '30'

2019-11-21 10:39:19 - [MESSAGE][PASSED] - Tapped on element 'Object Repository/Simulasi Kredit/Simulasi Kredit - Simulasi Kredit/SimulasiKredit_Tenor'

2019-11-21 10:39:19 - [TEST_STEP][PASSED] - tap(findTestObject("dynamic object/pickListItem_checkedTextView", ["text":varTenor]), 0): Tapped on element 'Object Repository/dynamic object/pickListItem_checkedTextView'

2019-11-21 10:39:19 - [MESSAGE][WARNING] - Timeout '0' is invalid. Using default page load timeout: '30'

2019-11-21 10:39:20 - [MESSAGE][PASSED] - Tapped on element 'Object Repository/dynamic object/pickListItem_checkedTextView'

2019-11-21 10:39:20 - [TEST_STEP][PASSED] - setText(findTestObject("Simulasi Kredit/Simulasi Kredit - Simulasi Kredit/SimulasiKredit_Inp OTR"), varOTR, 0): Text '286150000' has been set to element 'Object Repository/Simulasi Kredit/Simulasi Kredit - Simulasi Kredit/SimulasiKredit_Inp OTR'

2019-11-21 10:39:20 - [MESSAGE][WARNING] - Timeout '0' is invalid. Using default page load timeout: '30'

2019-11-21 10:39:23 - [MESSAGE][PASSED] - Text '286150000' has been set to element 'Object Repository/Simulasi Kredit/Simulasi Kredit - Simulasi Kredit/SimulasiKredit_Inp OTR'

2019-11-21 10:39:23 - [TEST_STEP][PASSED] - setText(findTestObject("Simulasi Kredit/Simulasi Kredit - Simulasi Kredit/SimulasiKredit_Inp RP"), varRP, 0): Text '181086000' has been set to element 'Object Repository/Simulasi Kredit/Simulasi Kredit - Simulasi Kredit/SimulasiKredit_Inp RP'

2019-11-21 10:39:23 - [MESSAGE][WARNING] - Timeout '0' is invalid. Using default page load timeout: '30'

2019-11-21 10:39:26 - [MESSAGE][PASSED] - Text '181086000' has been set to element 'Object Repository/Simulasi Kredit/Simulasi Kredit - Simulasi Kredit/SimulasiKredit_Inp RP'

2019-11-21 10:39:26 - [TEST_STEP][PASSED] - mobile.mobileSwipe.UpDown(0.5, 0.2, 1000): mobile.mobileSwipe.UpDown is PASSED

2019-11-21 10:39:27 - [MESSAGE][PASSED] - Current device physical height is 2131

2019-11-21 10:39:27 - [MESSAGE][INFO] - Device Height : 2131

2019-11-21 10:39:28 - [MESSAGE][PASSED] - Current device physical width is 1080

2019-11-21 10:39:28 - [MESSAGE][INFO] - Device Width : 1080

2019-11-21 10:39:28 - [MESSAGE][INFO] - Swipe start at Height : 1065

2019-11-21 10:39:28 - [MESSAGE][INFO] - Swipe end at Height : 426

2019-11-21 10:39:28 - [MESSAGE][INFO] - X Position : 1000

2019-11-21 10:39:30 - [MESSAGE][PASSED] - Swiped from 1,000,1,065 to 1,000,426

2019-11-21 10:39:30 - [MESSAGE][PASSED] - mobile.mobileSwipe.UpDown is PASSED

2019-11-21 10:39:30 - [TEST_STEP][PASSED] - setText(findTestObject("Simulasi Kredit/Simulasi Kredit - Simulasi Kredit/SimulasiKredit_Inp Dealer"), varDealer, 0): Text 'ABDUL QODIR J. H' has been set to element 'Object Repository/Simulasi Kredit/Simulasi Kredit - Simulasi Kredit/SimulasiKredit_Inp Dealer'

2019-11-21 10:39:30 - [MESSAGE][WARNING] - Timeout '0' is invalid. Using default page load timeout: '30'

2019-11-21 10:39:33 - [MESSAGE][PASSED] - Text 'ABDUL QODIR J. H' has been set to element 'Object Repository/Simulasi Kredit/Simulasi Kredit - Simulasi Kredit/SimulasiKredit_Inp Dealer'

2019-11-21 10:39:33 - [TEST_STEP][PASSED] - tap(findTestObject("Simulasi Kredit/Simulasi Kredit - Simulasi Kredit/SimulasiKredit_Inp Dealer"), 0): Tapped on element 'Object Repository/Simulasi Kredit/Simulasi Kredit - Simulasi Kredit/SimulasiKredit_Inp Dealer'

2019-11-21 10:39:33 - [MESSAGE][WARNING] - Timeout '0' is invalid. Using default page load timeout: '30'

2019-11-21 10:39:37 - [MESSAGE][PASSED] - Tapped on element 'Object Repository/Simulasi Kredit/Simulasi Kredit - Simulasi Kredit/SimulasiKredit_Inp Dealer'

2019-11-21 10:39:37 - [TEST_STEP][PASSED] - clearText(findTestObject("Simulasi Kredit/Simulasi Kredit - Simulasi Kredit/SimulasiKredit_Inp Dealer"), 0): Element 'Object Repository/Simulasi Kredit/Simulasi Kredit - Simulasi Kredit/SimulasiKredit_Inp Dealer' text is cleared

2019-11-21 10:39:37 - [MESSAGE][WARNING] - Timeout '0' is invalid. Using default page load timeout: '30'

2019-11-21 10:39:38 - [MESSAGE][PASSED] - Element 'Object Repository/Simulasi Kredit/Simulasi Kredit - Simulasi Kredit/SimulasiKredit_Inp Dealer' text is cleared

2019-11-21 10:39:38 - [TEST_STEP][PASSED] - setText(findTestObject("Simulasi Kredit/Simulasi Kredit - Simulasi Kredit/SimulasiKredit_Inp Dealer"), varDealer, 0): Text 'ABDUL QODIR J. H' has been set to element 'Object Repository/Simulasi Kredit/Simulasi Kredit - Simulasi Kredit/SimulasiKredit_Inp Dealer'

2019-11-21 10:39:38 - [MESSAGE][WARNING] - Timeout '0' is invalid. Using default page load timeout: '30'

2019-11-21 10:39:39 - [MESSAGE][PASSED] - Text 'ABDUL QODIR J. H' has been set to element 'Object Repository/Simulasi Kredit/Simulasi Kredit - Simulasi Kredit/SimulasiKredit_Inp Dealer'

2019-11-21 10:39:39 - [TEST_STEP][PASSED] - delay(4, STOP_ON_FAILURE): Delayed 4 second(s)

2019-11-21 10:39:43 - [MESSAGE][PASSED] - Delayed 4 second(s)

2019-11-21 10:39:43 - [TEST_STEP][PASSED] - tap(findTestObject("Simulasi Kredit/Simulasi Kredit - Simulasi Kredit/SimulasiKredit_LOV Dealer"), 0): Tapped on element 'Object Repository/Simulasi Kredit/Simulasi Kredit - Simulasi Kredit/SimulasiKredit_LOV Dealer'

2019-11-21 10:39:43 - [MESSAGE][WARNING] - Timeout '0' is invalid. Using default page load timeout: '30'

2019-11-21 10:39:46 - [MESSAGE][PASSED] - Tapped on element 'Object Repository/Simulasi Kredit/Simulasi Kredit - Simulasi Kredit/SimulasiKredit_LOV Dealer'

2019-11-21 10:39:46 - [TEST_STEP][PASSED] - setText(findTestObject("Simulasi Kredit/Simulasi Kredit - Simulasi Kredit/SimulasiKredit_Inp Sales Dealer"), varSales, 0): Text 'ABDUL QODIR J. H' has been set to element 'Object Repository/Simulasi Kredit/Simulasi Kredit - Simulasi Kredit/SimulasiKredit_Inp Sales Dealer'

2019-11-21 10:39:46 - [MESSAGE][WARNING] - Timeout '0' is invalid. Using default page load timeout: '30'

2019-11-21 10:39:49 - [MESSAGE][PASSED] - Text 'ABDUL QODIR J. H' has been set to element 'Object Repository/Simulasi Kredit/Simulasi Kredit - Simulasi Kredit/SimulasiKredit_Inp Sales Dealer'

2019-11-21 10:39:49 - [TEST_STEP][PASSED] - tap(findTestObject("Simulasi Kredit/Simulasi Kredit - Simulasi Kredit/SimulasiKredit_Inp Sales Dealer"), 0): Tapped on element 'Object Repository/Simulasi Kredit/Simulasi Kredit - Simulasi Kredit/SimulasiKredit_Inp Sales Dealer'

2019-11-21 10:39:49 - [MESSAGE][WARNING] - Timeout '0' is invalid. Using default page load timeout: '30'

2019-11-21 10:39:52 - [MESSAGE][PASSED] - Tapped on element 'Object Repository/Simulasi Kredit/Simulasi Kredit - Simulasi Kredit/SimulasiKredit_Inp Sales Dealer'

2019-11-21 10:39:52 - [TEST_STEP][PASSED] - tap(findTestObject("Simulasi Kredit/Simulasi Kredit - Simulasi Kredit/SimulasiKredit_LOV Sales Dealer"), 0): Tapped on element 'Object Repository/Simulasi Kredit/Simulasi Kredit - Simulasi Kredit/SimulasiKredit_LOV Sales Dealer'

2019-11-21 10:39:52 - [MESSAGE][WARNING] - Timeout '0' is invalid. Using default page load timeout: '30'

2019-11-21 10:40:08 - [MESSAGE][PASSED] - Tapped on element 'Object Repository/Simulasi Kredit/Simulasi Kredit - Simulasi Kredit/SimulasiKredit_LOV Sales Dealer'

2019-11-21 10:40:08 - [TEST_STEP][PASSED] - tap(findTestObject("Simulasi Kredit/Simulasi Kredit - Simulasi Kredit/SimulasiKredit_Btn Hitung"), 0): Tapped on element 'Object Repository/Simulasi Kredit/Simulasi Kredit - Simulasi Kredit/SimulasiKredit_Btn Hitung'

2019-11-21 10:40:08 - [MESSAGE][WARNING] - Timeout '0' is invalid. Using default page load timeout: '30'

2019-11-21 10:40:12 - [MESSAGE][PASSED] - Tapped on element 'Object Repository/Simulasi Kredit/Simulasi Kredit - Simulasi Kredit/SimulasiKredit_Btn Hitung'

2019-11-21 10:40:12 - [TEST_STEP][PASSED] - delay(60, STOP_ON_FAILURE): Delayed 60 second(s)

2019-11-21 10:41:12 - [MESSAGE][PASSED] - Delayed 60 second(s)

2019-11-21 10:41:12 - [TEST_STEP][PASSED] - tap(findTestObject("Simulasi Kredit/Simulasi Kredit - Simulasi Kredit/SimulasiKredit_Btn Berikutnya"), 0): Tapped on element 'Object Repository/Simulasi Kredit/Simulasi Kredit - Simulasi Kredit/SimulasiKredit_Btn Berikutnya'

2019-11-21 10:41:12 - [MESSAGE][WARNING] - Timeout '0' is invalid. Using default page load timeout: '30'

2019-11-21 10:41:13 - [MESSAGE][PASSED] - Tapped on element 'Object Repository/Simulasi Kredit/Simulasi Kredit - Simulasi Kredit/SimulasiKredit_Btn Berikutnya'

2019-11-21 10:41:13 - [TEST_STEP][PASSED] - delay(1, STOP_ON_FAILURE): Delayed 1 second(s)

2019-11-21 10:41:14 - [MESSAGE][PASSED] - Delayed 1 second(s)

2019-11-21 10:41:14 - [TEST_STEP][PASSED] - waitForElementPresent(findTestObject("Simulasi Kredit/Simulasi Kredit - Asuransi/Asuransi_Nama Asuransi"), 0): Element 'Object Repository/Simulasi Kredit/Simulasi Kredit - Asuransi/Asuransi_Nama Asuransi' is present

2019-11-21 10:41:15 - [MESSAGE][WARNING] - Timeout '0' is invalid. Using default page load timeout: '30'

2019-11-21 10:41:16 - [MESSAGE][PASSED] - Element 'Object Repository/Simulasi Kredit/Simulasi Kredit - Asuransi/Asuransi_Nama Asuransi' is present

2019-11-21 10:41:16 - [MESSAGE][PASSED] - Call Test Case 'Test Cases/Data Entry/Simulasi Kredit/Simulasi Kredit/MASTER FLOW/TC_Simulasi Kredit - MASTER FLOW' successfully

2019-11-21 10:41:16 - [TEST_STEP][PASSED] - callTestCase(findTestCase("Data Entry/Simulasi Kredit/Simulasi Kredit - Asuransi/MASTER FLOW/TC_Asuransi - MASTER FLOW"), ["varAsuransi":varAsuransi, "varKodeWilayah":varKodeWilayah], STOP_ON_FAILURE): Call Test Case 'Test Cases/Data Entry/Simulasi Kredit/Simulasi Kredit - Asuransi/MASTER FLOW/TC_Asuransi - MASTER FLOW' successfully

2019-11-21 10:41:16 - [TEST_CASE][PASSED] - Test Cases/Data Entry/Simulasi Kredit/Simulasi Kredit - Asuransi/MASTER FLOW/TC_Asuransi - MASTER FLOW: Test Cases/Data Entry/Simulasi Kredit/Simulasi Kredit - Asuransi/MASTER FLOW/TC_Asuransi - MASTER FLOW

2019-11-21 10:41:16 - [TEST_STEP][PASSED] - delay(2, STOP_ON_FAILURE): Delayed 2 second(s)

2019-11-21 10:41:18 - [MESSAGE][PASSED] - Delayed 2 second(s)

2019-11-21 10:41:18 - [TEST_STEP][PASSED] - tap(findTestObject("Simulasi Kredit/Simulasi Kredit - Asuransi/Asuransi_Nama Asuransi"), 0): Tapped on element 'Object Repository/Simulasi Kredit/Simulasi Kredit - Asuransi/Asuransi_Nama Asuransi'

2019-11-21 10:41:19 - [MESSAGE][WARNING] - Timeout '0' is invalid. Using default page load timeout: '30'

2019-11-21 10:41:21 - [MESSAGE][PASSED] - Tapped on element 'Object Repository/Simulasi Kredit/Simulasi Kredit - Asuransi/Asuransi_Nama Asuransi'

2019-11-21 10:41:21 - [TEST_STEP][PASSED] - setText(findTestObject("Simulasi Kredit/Simulasi Kredit - Asuransi/Asuransi_Nama Asuransi"), varAsuransi, 0): Text 'PT AAB REGULER OJK 2017(305001)' has been set to element 'Object Repository/Simulasi Kredit/Simulasi Kredit - Asuransi/Asuransi_Nama Asuransi'

2019-11-21 10:41:21 - [MESSAGE][WARNING] - Timeout '0' is invalid. Using default page load timeout: '30'

2019-11-21 10:41:24 - [MESSAGE][PASSED] - Text 'PT AAB REGULER OJK 2017(305001)' has been set to element 'Object Repository/Simulasi Kredit/Simulasi Kredit - Asuransi/Asuransi_Nama Asuransi'

2019-11-21 10:41:24 - [TEST_STEP][PASSED] - tap(findTestObject("Simulasi Kredit/Simulasi Kredit - Asuransi/Asuransi_LOV Nama Asuransi"), 0): Tapped on element 'Object Repository/Simulasi Kredit/Simulasi Kredit - Asuransi/Asuransi_LOV Nama Asuransi'

2019-11-21 10:41:24 - [MESSAGE][WARNING] - Timeout '0' is invalid. Using default page load timeout: '30'

2019-11-21 10:41:28 - [MESSAGE][PASSED] - Tapped on element 'Object Repository/Simulasi Kredit/Simulasi Kredit - Asuransi/Asuransi_LOV Nama Asuransi'

2019-11-21 10:41:28 - [TEST_STEP][PASSED] - delay(1, STOP_ON_FAILURE): Delayed 1 second(s)

2019-11-21 10:41:29 - [MESSAGE][PASSED] - Delayed 1 second(s)

2019-11-21 10:41:29 - [TEST_STEP][PASSED] - tap(findTestObject("Simulasi Kredit/Simulasi Kredit - Asuransi/Asuransi_KDWilayah"), 0): Tapped on element 'Object Repository/Simulasi Kredit/Simulasi Kredit - Asuransi/Asuransi_KDWilayah'

2019-11-21 10:41:29 - [MESSAGE][WARNING] - Timeout '0' is invalid. Using default page load timeout: '30'

2019-11-21 10:41:31 - [MESSAGE][PASSED] - Tapped on element 'Object Repository/Simulasi Kredit/Simulasi Kredit - Asuransi/Asuransi_KDWilayah'

2019-11-21 10:41:31 - [TEST_STEP][PASSED] - tap(findTestObject("dynamic object/pickListItem_checkedTextView", ["text":varKodeWilayah]), 0): Tapped on element 'Object Repository/dynamic object/pickListItem_checkedTextView'

2019-11-21 10:41:31 - [MESSAGE][WARNING] - Timeout '0' is invalid. Using default page load timeout: '30'

2019-11-21 10:41:32 - [MESSAGE][PASSED] - Tapped on element 'Object Repository/dynamic object/pickListItem_checkedTextView'

2019-11-21 10:41:32 - [TEST_STEP][PASSED] - tap(findTestObject("Simulasi Kredit/Simulasi Kredit - Asuransi/asuransi_BtnARPlus"), 0): Tapped on element 'Object Repository/Simulasi Kredit/Simulasi Kredit - Asuransi/asuransi_BtnARPlus'

2019-11-21 10:41:33 - [MESSAGE][WARNING] - Timeout '0' is invalid. Using default page load timeout: '30'

2019-11-21 10:41:34 - [MESSAGE][PASSED] - Tapped on element 'Object Repository/Simulasi Kredit/Simulasi Kredit - Asuransi/asuransi_BtnARPlus'

2019-11-21 10:41:34 - [TEST_STEP][PASSED] - tap(findTestObject("Simulasi Kredit/Simulasi Kredit - Asuransi/asuransi_BtnCashPlus"), 0): Tapped on element 'Object Repository/Simulasi Kredit/Simulasi Kredit - Asuransi/asuransi_BtnCashPlus'

2019-11-21 10:41:35 - [MESSAGE][WARNING] - Timeout '0' is invalid. Using default page load timeout: '30'

2019-11-21 10:41:36 - [MESSAGE][PASSED] - Tapped on element 'Object Repository/Simulasi Kredit/Simulasi Kredit - Asuransi/asuransi_BtnCashPlus'

2019-11-21 10:41:36 - [TEST_STEP][PASSED] - delay(2, STOP_ON_FAILURE): Delayed 2 second(s)

2019-11-21 10:41:38 - [MESSAGE][PASSED] - Delayed 2 second(s)

2019-11-21 10:41:38 - [TEST_STEP][PASSED] - tap(findTestObject("Simulasi Kredit/Simulasi Kredit - Asuransi/Asuransi_Hitung"), 0): Tapped on element 'Object Repository/Simulasi Kredit/Simulasi Kredit - Asuransi/Asuransi_Hitung'

2019-11-21 10:41:38 - [MESSAGE][WARNING] - Timeout '0' is invalid. Using default page load timeout: '30'

2019-11-21 10:41:41 - [MESSAGE][PASSED] - Tapped on element 'Object Repository/Simulasi Kredit/Simulasi Kredit - Asuransi/Asuransi_Hitung'

2019-11-21 10:41:41 - [TEST_STEP][PASSED] - delay(30, STOP_ON_FAILURE): Delayed 30 second(s)

2019-11-21 10:42:11 - [MESSAGE][PASSED] - Delayed 30 second(s)

2019-11-21 10:42:11 - [TEST_STEP][PASSED] - tap(findTestObject("Simulasi Kredit/Simulasi Kredit - Asuransi/Asuransi_Berikutnya"), 0): Tapped on element 'Object Repository/Simulasi Kredit/Simulasi Kredit - Asuransi/Asuransi_Berikutnya'

2019-11-21 10:42:11 - [MESSAGE][WARNING] - Timeout '0' is invalid. Using default page load timeout: '30'

2019-11-21 10:42:13 - [MESSAGE][PASSED] - Tapped on element 'Object Repository/Simulasi Kredit/Simulasi Kredit - Asuransi/Asuransi_Berikutnya'

2019-11-21 10:42:13 - [MESSAGE][PASSED] - Call Test Case 'Test Cases/Data Entry/Simulasi Kredit/Simulasi Kredit - Asuransi/MASTER FLOW/TC_Asuransi - MASTER FLOW' successfully

2019-11-21 10:42:13 - [TEST_STEP][PASSED] - callTestCase(findTestCase("Data Entry/Simulasi Kredit/Kategori Loan/MASTER FLOW/TC_Kategori Loan - Master FLOW"), ["varOpsiNPWP":varOpsiNPWP], STOP_ON_FAILURE): Call Test Case 'Test Cases/Data Entry/Simulasi Kredit/Kategori Loan/MASTER FLOW/TC_Kategori Loan - Master FLOW' successfully

2019-11-21 10:42:13 - [TEST_CASE][PASSED] - Test Cases/Data Entry/Simulasi Kredit/Kategori Loan/MASTER FLOW/TC_Kategori Loan - Master FLOW: Test Cases/Data Entry/Simulasi Kredit/Kategori Loan/MASTER FLOW/TC_Kategori Loan - Master FLOW

2019-11-21 10:42:13 - [TEST_STEP][PASSED] - switch (varOpsiNPWP.toString()): null

2019-11-21 10:42:13 - [TEST_STEP][PASSED] - case "Approval":: null

2019-11-21 10:42:13 - [TEST_STEP][PASSED] - tap(findTestObject("Simulasi Kredit/Simulasi Kredit - Kategori Loan/KategoriLoan_Opsi NPWP Approval"), 0): Tapped on element 'Object Repository/Simulasi Kredit/Simulasi Kredit - Kategori Loan/KategoriLoan_Opsi NPWP Approval'

2019-11-21 10:42:13 - [MESSAGE][WARNING] - Timeout '0' is invalid. Using default page load timeout: '30'

2019-11-21 10:42:16 - [MESSAGE][PASSED] - Tapped on element 'Object Repository/Simulasi Kredit/Simulasi Kredit - Kategori Loan/KategoriLoan_Opsi NPWP Approval'

2019-11-21 10:42:16 - [TEST_STEP][PASSED] - break: null

2019-11-21 10:42:16 - [TEST_STEP][PASSED] - delay(2, STOP_ON_FAILURE): Delayed 2 second(s)

2019-11-21 10:42:19 - [MESSAGE][PASSED] - Delayed 2 second(s)

2019-11-21 10:42:19 - [TEST_STEP][PASSED] - tap(findTestObject("Simulasi Kredit/Simulasi Kredit - Kategori Loan/KategoriLoan_Berikutnya"), 0): Tapped on element 'Object Repository/Simulasi Kredit/Simulasi Kredit - Kategori Loan/KategoriLoan_Berikutnya'

2019-11-21 10:42:19 - [MESSAGE][WARNING] - Timeout '0' is invalid. Using default page load timeout: '30'

2019-11-21 10:42:21 - [MESSAGE][PASSED] - Tapped on element 'Object Repository/Simulasi Kredit/Simulasi Kredit - Kategori Loan/KategoriLoan_Berikutnya'

2019-11-21 10:42:21 - [MESSAGE][PASSED] - Call Test Case 'Test Cases/Data Entry/Simulasi Kredit/Kategori Loan/MASTER FLOW/TC_Kategori Loan - Master FLOW' successfully

2019-11-21 10:42:21 - [TEST_STEP][PASSED] - callTestCase(findTestCase("Data Entry/Simulasi Kredit/Loan Detail/MASTER FLOW/TC_Loan Detail - MASTER FLOW"), [:], STOP_ON_FAILURE): Call Test Case 'Test Cases/Data Entry/Simulasi Kredit/Loan Detail/MASTER FLOW/TC_Loan Detail - MASTER FLOW' successfully

2019-11-21 10:42:21 - [TEST_CASE][PASSED] - Test Cases/Data Entry/Simulasi Kredit/Loan Detail/MASTER FLOW/TC_Loan Detail - MASTER FLOW: Test Cases/Data Entry/Simulasi Kredit/Loan Detail/MASTER FLOW/TC_Loan Detail - MASTER FLOW

2019-11-21 10:42:21 - [TEST_STEP][PASSED] - mobile.mobileSwipe.RightLeft(0.9, 0.5, 600): mobile.mobileSwipe.RightLeft is PASSED

2019-11-21 10:42:22 - [MESSAGE][PASSED] - Current device physical width is 1080

2019-11-21 10:42:23 - [MESSAGE][PASSED] - Current device physical height is 2131

2019-11-21 10:42:23 - [MESSAGE][INFO] - Device Height : 2131

2019-11-21 10:42:23 - [MESSAGE][INFO] - Device Width : 1080

2019-11-21 10:42:23 - [MESSAGE][INFO] - Swipe start at Width : 971

2019-11-21 10:42:23 - [MESSAGE][INFO] - Swipe end at Witdh : 540

2019-11-21 10:42:23 - [MESSAGE][INFO] - Y Position : 600

2019-11-21 10:42:26 - [MESSAGE][PASSED] - Swiped from 971,600 to 540,600

2019-11-21 10:42:26 - [MESSAGE][PASSED] - mobile.mobileSwipe.RightLeft is PASSED

2019-11-21 10:42:26 - [TEST_STEP][PASSED] - delay(3, STOP_ON_FAILURE): Delayed 3 second(s)

2019-11-21 10:42:29 - [MESSAGE][PASSED] - Delayed 3 second(s)

2019-11-21 10:42:29 - [TEST_STEP][PASSED] - mobile.mobileSwipe.UpDown(0.8, 0.4, 1000): mobile.mobileSwipe.UpDown is PASSED

2019-11-21 10:42:30 - [MESSAGE][PASSED] - Current device physical height is 2131

2019-11-21 10:42:30 - [MESSAGE][INFO] - Device Height : 2131

2019-11-21 10:42:31 - [MESSAGE][PASSED] - Current device physical width is 1080

2019-11-21 10:42:31 - [MESSAGE][INFO] - Device Width : 1080

2019-11-21 10:42:31 - [MESSAGE][INFO] - Swipe start at Height : 1704

2019-11-21 10:42:31 - [MESSAGE][INFO] - Swipe end at Height : 852

2019-11-21 10:42:31 - [MESSAGE][INFO] - X Position : 1000

2019-11-21 10:42:33 - [MESSAGE][PASSED] - Swiped from 1,000,1,704 to 1,000,852

2019-11-21 10:42:33 - [MESSAGE][PASSED] - mobile.mobileSwipe.UpDown is PASSED

2019-11-21 10:42:33 - [TEST_STEP][PASSED] - delay(7, STOP_ON_FAILURE): Delayed 7 second(s)

2019-11-21 10:42:40 - [MESSAGE][PASSED] - Delayed 7 second(s)

2019-11-21 10:42:40 - [TEST_STEP][PASSED] - tap(findTestObject("Simulasi Kredit/Simulasi Kredit - Loan Detail/LoanDetail_Hitung"), 0): Tapped on element 'Object Repository/Simulasi Kredit/Simulasi Kredit - Loan Detail/LoanDetail_Hitung'

2019-11-21 10:42:40 - [MESSAGE][WARNING] - Timeout '0' is invalid. Using default page load timeout: '30'

2019-11-21 10:42:42 - [MESSAGE][PASSED] - Tapped on element 'Object Repository/Simulasi Kredit/Simulasi Kredit - Loan Detail/LoanDetail_Hitung'

2019-11-21 10:42:42 - [TEST_STEP][PASSED] - delay(30, STOP_ON_FAILURE): Delayed 30 second(s)

2019-11-21 10:43:12 - [MESSAGE][PASSED] - Delayed 30 second(s)

2019-11-21 10:43:12 - [TEST_STEP][PASSED] - tap(findTestObject("Simulasi Kredit/Simulasi Kredit - Loan Detail/LoanDetail_Berikutnya"), 0): Tapped on element 'Object Repository/Simulasi Kredit/Simulasi Kredit - Loan Detail/LoanDetail_Berikutnya'

2019-11-21 10:43:13 - [MESSAGE][WARNING] - Timeout '0' is invalid. Using default page load timeout: '30'

2019-11-21 10:43:15 - [MESSAGE][PASSED] - Tapped on element 'Object Repository/Simulasi Kredit/Simulasi Kredit - Loan Detail/LoanDetail_Berikutnya'

2019-11-21 10:43:15 - [TEST_STEP][PASSED] - delay(30, STOP_ON_FAILURE): Delayed 30 second(s)

2019-11-21 10:43:45 - [MESSAGE][PASSED] - Delayed 30 second(s)

2019-11-21 10:43:45 - [TEST_STEP][PASSED] - tap(findTestObject("Simulasi Kredit/Simulasi Kredit - Loan Detail/LoanDetail_Berikutnya"), 0): Tapped on element 'Object Repository/Simulasi Kredit/Simulasi Kredit - Loan Detail/LoanDetail_Berikutnya'

2019-11-21 10:43:45 - [MESSAGE][WARNING] - Timeout '0' is invalid. Using default page load timeout: '30'

2019-11-21 10:43:47 - [MESSAGE][PASSED] - Tapped on element 'Object Repository/Simulasi Kredit/Simulasi Kredit - Loan Detail/LoanDetail_Berikutnya'

2019-11-21 10:43:47 - [TEST_STEP][PASSED] - delay(30, STOP_ON_FAILURE): Delayed 30 second(s)

2019-11-21 10:44:17 - [MESSAGE][PASSED] - Delayed 30 second(s)

2019-11-21 10:44:17 - [MESSAGE][PASSED] - Call Test Case 'Test Cases/Data Entry/Simulasi Kredit/Loan Detail/MASTER FLOW/TC_Loan Detail - MASTER FLOW' successfully

2019-11-21 10:44:17 - [TEST_STEP][PASSED] - callTestCase(findTestCase("Data Entry/Upload Document/Borrower/MASTER FLOW/TC_Upload Document - borrower - MASTER FLOW"), ["Borrower_varKTP":Borrower_varKTP], STOP_ON_FAILURE): Call Test Case 'Test Cases/Data Entry/Upload Document/Borrower/MASTER FLOW/TC_Upload Document - borrower - MASTER FLOW' successfully

2019-11-21 10:44:17 - [TEST_CASE][PASSED] - Test Cases/Data Entry/Upload Document/Borrower/MASTER FLOW/TC_Upload Document - borrower - MASTER FLOW: Test Cases/Data Entry/Upload Document/Borrower/MASTER FLOW/TC_Upload Document - borrower - MASTER FLOW

2019-11-21 10:44:17 - [TEST_STEP][PASSED] - tap(findTestObject("Upload Document/Upload Document - Item Upload/UnggahDokumen_BtnKTP"), 0): Tapped on element 'Object Repository/Upload Document/Upload Document - Item Upload/UnggahDokumen_BtnKTP'

2019-11-21 10:44:17 - [MESSAGE][WARNING] - Timeout '0' is invalid. Using default page load timeout: '30'

2019-11-21 10:44:19 - [MESSAGE][PASSED] - Tapped on element 'Object Repository/Upload Document/Upload Document - Item Upload/UnggahDokumen_BtnKTP'

2019-11-21 10:44:19 - [TEST_STEP][PASSED] - if (verifyElementVisible(findTestObject("Upload Document/Upload Document - Item Upload/UnggahDokumen_BtnGallery"), 3, OPTIONAL)): Element 'Object Repository/Upload Document/Upload Document - Item Upload/UnggahDokumen_BtnGallery' not found

2019-11-21 10:44:24 - [MESSAGE][WARNING] - Element 'Object Repository/Upload Document/Upload Document - Item Upload/UnggahDokumen_BtnGallery' not found
[[ATTACHMENT|C:\\Users\\15420\\git\\ACCME-Dupcheck\\Reports\\20191121_102635\\data entry dupcek\\20191121_102635\\1574307862856.png]]

2019-11-21 10:44:24 - [TEST_STEP][PASSED] - else: Tapped on element 'Object Repository/Upload Document/android.view.View168 -  Gallery'

2019-11-21 10:44:24 - [TEST_STEP][PASSED] - tap(findTestObject("Upload Document/android.view.View168 -  Gallery"), 0): Tapped on element 'Object Repository/Upload Document/android.view.View168 -  Gallery'

2019-11-21 10:44:24 - [MESSAGE][WARNING] - Timeout '0' is invalid. Using default page load timeout: '30'

2019-11-21 10:44:27 - [MESSAGE][PASSED] - Tapped on element 'Object Repository/Upload Document/android.view.View168 -  Gallery'

2019-11-21 10:44:27 - [TEST_STEP][PASSED] - scrollToText(Borrower_varKTP, STOP_ON_FAILURE): Scrolling to text 'abc.jpg' successfully

2019-11-21 10:44:28 - [MESSAGE][PASSED] - Scrolling to text 'abc.jpg' successfully

2019-11-21 10:44:28 - [TEST_STEP][PASSED] - tap(findTestObject("dynamic object/pickListItem_TextView", ["text":Borrower_varKTP]), 0): Tapped on element 'Object Repository/dynamic object/pickListItem_TextView'

2019-11-21 10:44:28 - [MESSAGE][WARNING] - Timeout '0' is invalid. Using default page load timeout: '30'

2019-11-21 10:44:30 - [MESSAGE][PASSED] - Tapped on element 'Object Repository/dynamic object/pickListItem_TextView'

2019-11-21 10:44:30 - [TEST_STEP][PASSED] - delay(10, STOP_ON_FAILURE): Delayed 10 second(s)

2019-11-21 10:44:40 - [MESSAGE][PASSED] - Delayed 10 second(s)

2019-11-21 10:44:40 - [MESSAGE][PASSED] - Call Test Case 'Test Cases/Data Entry/Upload Document/Borrower/MASTER FLOW/TC_Upload Document - borrower - MASTER FLOW' successfully

2019-11-21 10:44:40 - [TEST_STEP][PASSED] - tap(findTestObject("dynamic object/BtnBerikutnya"), 0): Tapped on element 'Object Repository/dynamic object/BtnBerikutnya'

2019-11-21 10:44:40 - [MESSAGE][WARNING] - Timeout '0' is invalid. Using default page load timeout: '30'

2019-11-21 10:44:43 - [MESSAGE][PASSED] - Tapped on element 'Object Repository/dynamic object/BtnBerikutnya'

2019-11-21 10:44:43 - [TEST_STEP][PASSED] - delay(30, STOP_ON_FAILURE): Delayed 30 second(s)

2019-11-21 10:45:13 - [MESSAGE][PASSED] - Delayed 30 second(s)

2019-11-21 10:45:13 - [TEST_STEP][FAILED] - callTestCase(findTestCase("Data Entry/Borrower/Flow Borrower"), ["BIvarNoKTP":BIvarNoKTP, "BIvarAgama":BIvarAgama, "BIvarStatusPerkawinan":BIvarStatusPerkawinan, "BEvarRT":BEvarRT, "BEvarRW":BEvarRW, ... ], STOP_ON_FAILURE): Unable to call Test Case 'Test Cases/Data Entry/Borrower/Flow Borrower' (Root cause: com.kms.katalon.core.exception.StepFailedException: Call Test Case 'Test Cases/Data Entry/Borrower/Flow Borrower' failed
	at com.kms.katalon.core.keyword.builtin.CallTestCaseKeyword$_callTestCase_closure1.doCall(CallTestCaseKeyword.groovy:63)
	at com.kms.katalon.core.keyword.builtin.CallTestCaseKeyword$_callTestCase_closure1.call(CallTestCaseKeyword.groovy)
	at com.kms.katalon.core.keyword.internal.KeywordMain.runKeyword(KeywordMain.groovy:68)
	at com.kms.katalon.core.keyword.builtin.CallTestCaseKeyword.callTestCase(CallTestCaseKeyword.groovy:81)
	at com.kms.katalon.core.keyword.builtin.CallTestCaseKeyword.execute(CallTestCaseKeyword.groovy:44)
	at com.kms.katalon.core.keyword.internal.KeywordExecutor.executeKeywordForPlatform(KeywordExecutor.groovy:60)
	at com.kms.katalon.core.keyword.BuiltinKeywords.callTestCase(BuiltinKeywords.groovy:334)
	at TC_Data Entry.run(TC_Data Entry:42)
	at com.kms.katalon.core.main.ScriptEngine.run(ScriptEngine.java:194)
	at com.kms.katalon.core.main.ScriptEngine.runScriptAsRawText(ScriptEngine.java:119)
	at com.kms.katalon.core.main.TestCaseExecutor.runScript(TestCaseExecutor.java:337)
	at com.kms.katalon.core.main.TestCaseExecutor.doExecute(TestCaseExecutor.java:328)
	at com.kms.katalon.core.main.TestCaseExecutor.processExecutionPhase(TestCaseExecutor.java:307)
	at com.kms.katalon.core.main.TestCaseExecutor.accessMainPhase(TestCaseExecutor.java:299)
	at com.kms.katalon.core.main.TestCaseExecutor.execute(TestCaseExecutor.java:233)
	at com.kms.katalon.core.main.TestSuiteExecutor.accessTestCaseMainPhase(TestSuiteExecutor.java:169)
	at com.kms.katalon.core.main.TestSuiteExecutor.accessTestSuiteMainPhase(TestSuiteExecutor.java:142)
	at com.kms.katalon.core.main.TestSuiteExecutor.execute(TestSuiteExecutor.java:91)
	at com.kms.katalon.core.main.TestCaseMain.startTestSuite(TestCaseMain.java:157)
	at com.kms.katalon.core.main.TestCaseMain$startTestSuite$0.call(Unknown Source)
	at TempTestSuite1574306795654.run(TempTestSuite1574306795654.groovy:36)
Caused by: com.kms.katalon.core.exception.StepFailedException: Call Test Case 'Test Cases/Data Entry/Borrower/Borrower - Pekerjaan/MASTER FLOW/TC_Borrower - Pekerjaan - MASTER FLOW' failed
	at com.kms.katalon.core.keyword.builtin.CallTestCaseKeyword$_callTestCase_closure1.doCall(CallTestCaseKeyword.groovy:63)
	at com.kms.katalon.core.keyword.builtin.CallTestCaseKeyword$_callTestCase_closure1.call(CallTestCaseKeyword.groovy)
	at com.kms.katalon.core.keyword.internal.KeywordMain.runKeyword(KeywordMain.groovy:68)
	at com.kms.katalon.core.keyword.builtin.CallTestCaseKeyword.callTestCase(CallTestCaseKeyword.groovy:81)
	at com.kms.katalon.core.keyword.builtin.CallTestCaseKeyword.execute(CallTestCaseKeyword.groovy:44)
	at com.kms.katalon.core.keyword.internal.KeywordExecutor.executeKeywordForPlatform(KeywordExecutor.groovy:60)
	at com.kms.katalon.core.keyword.BuiltinKeywords.callTestCase(BuiltinKeywords.groovy:334)
	at Flow Borrower.run(Flow Borrower:42)
	at com.kms.katalon.core.main.ScriptEngine.run(ScriptEngine.java:194)
	at com.kms.katalon.core.main.ScriptEngine.runScriptAsRawText(ScriptEngine.java:119)
	at com.kms.katalon.core.main.TestCaseExecutor.runScript(TestCaseExecutor.java:337)
	at com.kms.katalon.core.main.TestCaseExecutor.doExecute(TestCaseExecutor.java:328)
	at com.kms.katalon.core.main.TestCaseExecutor.processExecutionPhase(TestCaseExecutor.java:307)
	at com.kms.katalon.core.main.TestCaseExecutor.accessMainPhase(TestCaseExecutor.java:299)
	at com.kms.katalon.core.main.TestCaseExecutor.execute(TestCaseExecutor.java:233)
	at com.kms.katalon.core.main.TestCaseMain.runTestCase(TestCaseMain.java:114)
	at com.kms.katalon.core.keyword.builtin.CallTestCaseKeyword$_callTestCase_closure1.doCall(CallTestCaseKeyword.groovy:59)
	... 20 more
Caused by: com.kms.katalon.core.exception.StepFailedException: Object Object Repository/Borrower/Borrower - Pekerjaan/Borrower_Pekerjaan_InpPekerjaan not found
	at com.kms.katalon.core.keyword.internal.KeywordMain.stepFailed(KeywordMain.groovy:50)
	at com.kms.katalon.core.mobile.keyword.internal.MobileKeywordMain.stepFailed(MobileKeywordMain.groovy:40)
	at com.kms.katalon.core.mobile.keyword.builtin.GetTextKeyword$_getText_closure1.doCall(GetTextKeyword.groovy:74)
	at com.kms.katalon.core.mobile.keyword.builtin.GetTextKeyword$_getText_closure1.call(GetTextKeyword.groovy)
	at com.kms.katalon.core.mobile.keyword.internal.MobileKeywordMain.runKeyword(MobileKeywordMain.groovy:21)
	at com.kms.katalon.core.mobile.keyword.builtin.GetTextKeyword.getText(GetTextKeyword.groovy:80)
	at com.kms.katalon.core.mobile.keyword.builtin.GetTextKeyword.execute(GetTextKeyword.groovy:64)
	at com.kms.katalon.core.keyword.internal.KeywordExecutor.executeKeywordForPlatform(KeywordExecutor.groovy:60)
	at com.kms.katalon.core.mobile.keyword.MobileBuiltInKeywords.getText(MobileBuiltInKeywords.groovy:458)
	at com.kms.katalon.core.mobile.keyword.MobileBuiltInKeywords$getText$13.call(Unknown Source)
	at TC_Borrower - Pekerjaan - MASTER FLOW.run(TC_Borrower - Pekerjaan - MASTER FLOW:16)
	at com.kms.katalon.core.main.ScriptEngine.run(ScriptEngine.java:194)
	at com.kms.katalon.core.main.ScriptEngine.runScriptAsRawText(ScriptEngine.java:119)
	at com.kms.katalon.core.main.TestCaseExecutor.runScript(TestCaseExecutor.java:337)
	at com.kms.katalon.core.main.TestCaseExecutor.doExecute(TestCaseExecutor.java:328)
	at com.kms.katalon.core.main.TestCaseExecutor.processExecutionPhase(TestCaseExecutor.java:307)
	at com.kms.katalon.core.main.TestCaseExecutor.accessMainPhase(TestCaseExecutor.java:299)
	at com.kms.katalon.core.main.TestCaseExecutor.execute(TestCaseExecutor.java:233)
	at com.kms.katalon.core.main.TestCaseMain.runTestCase(TestCaseMain.java:114)
	at com.kms.katalon.core.keyword.builtin.CallTestCaseKeyword$_callTestCase_closure1.doCall(CallTestCaseKeyword.groovy:59)
	... 36 more
)

2019-11-21 10:45:13 - [TEST_CASE][FAILED] - Test Cases/Data Entry/Borrower/Flow Borrower: Test Cases/Data Entry/Borrower/Flow Borrower FAILED.
Reason:
com.kms.katalon.core.exception.StepFailedException: Call Test Case 'Test Cases/Data Entry/Borrower/Borrower - Pekerjaan/MASTER FLOW/TC_Borrower - Pekerjaan - MASTER FLOW' failed
	at com.kms.katalon.core.keyword.builtin.CallTestCaseKeyword$_callTestCase_closure1.doCall(CallTestCaseKeyword.groovy:63)
	at com.kms.katalon.core.keyword.builtin.CallTestCaseKeyword$_callTestCase_closure1.call(CallTestCaseKeyword.groovy)
	at com.kms.katalon.core.keyword.internal.KeywordMain.runKeyword(KeywordMain.groovy:68)
	at com.kms.katalon.core.keyword.builtin.CallTestCaseKeyword.callTestCase(CallTestCaseKeyword.groovy:81)
	at com.kms.katalon.core.keyword.builtin.CallTestCaseKeyword.execute(CallTestCaseKeyword.groovy:44)
	at com.kms.katalon.core.keyword.internal.KeywordExecutor.executeKeywordForPlatform(KeywordExecutor.groovy:60)
	at com.kms.katalon.core.keyword.BuiltinKeywords.callTestCase(BuiltinKeywords.groovy:334)
	at Flow Borrower.run(Flow Borrower:42)
	at com.kms.katalon.core.main.ScriptEngine.run(ScriptEngine.java:194)
	at com.kms.katalon.core.main.ScriptEngine.runScriptAsRawText(ScriptEngine.java:119)
	at com.kms.katalon.core.main.TestCaseExecutor.runScript(TestCaseExecutor.java:337)
	at com.kms.katalon.core.main.TestCaseExecutor.doExecute(TestCaseExecutor.java:328)
	at com.kms.katalon.core.main.TestCaseExecutor.processExecutionPhase(TestCaseExecutor.java:307)
	at com.kms.katalon.core.main.TestCaseExecutor.accessMainPhase(TestCaseExecutor.java:299)
	at com.kms.katalon.core.main.TestCaseExecutor.execute(TestCaseExecutor.java:233)
	at com.kms.katalon.core.main.TestCaseMain.runTestCase(TestCaseMain.java:114)
	at com.kms.katalon.core.keyword.builtin.CallTestCaseKeyword$_callTestCase_closure1.doCall(CallTestCaseKeyword.groovy:59)
	at com.kms.katalon.core.keyword.builtin.CallTestCaseKeyword$_callTestCase_closure1.call(CallTestCaseKeyword.groovy)
	at com.kms.katalon.core.keyword.internal.KeywordMain.runKeyword(KeywordMain.groovy:68)
	at com.kms.katalon.core.keyword.builtin.CallTestCaseKeyword.callTestCase(CallTestCaseKeyword.groovy:81)
	at com.kms.katalon.core.keyword.builtin.CallTestCaseKeyword.execute(CallTestCaseKeyword.groovy:44)
	at com.kms.katalon.core.keyword.internal.KeywordExecutor.executeKeywordForPlatform(KeywordExecutor.groovy:60)
	at com.kms.katalon.core.keyword.BuiltinKeywords.callTestCase(BuiltinKeywords.groovy:334)
	at TC_Data Entry.run(TC_Data Entry:42)
	at com.kms.katalon.core.main.ScriptEngine.run(ScriptEngine.java:194)
	at com.kms.katalon.core.main.ScriptEngine.runScriptAsRawText(ScriptEngine.java:119)
	at com.kms.katalon.core.main.TestCaseExecutor.runScript(TestCaseExecutor.java:337)
	at com.kms.katalon.core.main.TestCaseExecutor.doExecute(TestCaseExecutor.java:328)
	at com.kms.katalon.core.main.TestCaseExecutor.processExecutionPhase(TestCaseExecutor.java:307)
	at com.kms.katalon.core.main.TestCaseExecutor.accessMainPhase(TestCaseExecutor.java:299)
	at com.kms.katalon.core.main.TestCaseExecutor.execute(TestCaseExecutor.java:233)
	at com.kms.katalon.core.main.TestSuiteExecutor.accessTestCaseMainPhase(TestSuiteExecutor.java:169)
	at com.kms.katalon.core.main.TestSuiteExecutor.accessTestSuiteMainPhase(TestSuiteExecutor.java:142)
	at com.kms.katalon.core.main.TestSuiteExecutor.execute(TestSuiteExecutor.java:91)
	at com.kms.katalon.core.main.TestCaseMain.startTestSuite(TestCaseMain.java:157)
	at com.kms.katalon.core.main.TestCaseMain$startTestSuite$0.call(Unknown Source)
	at TempTestSuite1574306795654.run(TempTestSuite1574306795654.groovy:36)
Caused by: com.kms.katalon.core.exception.StepFailedException: Object Object Repository/Borrower/Borrower - Pekerjaan/Borrower_Pekerjaan_InpPekerjaan not found
	at com.kms.katalon.core.keyword.internal.KeywordMain.stepFailed(KeywordMain.groovy:50)
	at com.kms.katalon.core.mobile.keyword.internal.MobileKeywordMain.stepFailed(MobileKeywordMain.groovy:40)
	at com.kms.katalon.core.mobile.keyword.builtin.GetTextKeyword$_getText_closure1.doCall(GetTextKeyword.groovy:74)
	at com.kms.katalon.core.mobile.keyword.builtin.GetTextKeyword$_getText_closure1.call(GetTextKeyword.groovy)
	at com.kms.katalon.core.mobile.keyword.internal.MobileKeywordMain.runKeyword(MobileKeywordMain.groovy:21)
	at com.kms.katalon.core.mobile.keyword.builtin.GetTextKeyword.getText(GetTextKeyword.groovy:80)
	at com.kms.katalon.core.mobile.keyword.builtin.GetTextKeyword.execute(GetTextKeyword.groovy:64)
	at com.kms.katalon.core.keyword.internal.KeywordExecutor.executeKeywordForPlatform(KeywordExecutor.groovy:60)
	at com.kms.katalon.core.mobile.keyword.MobileBuiltInKeywords.getText(MobileBuiltInKeywords.groovy:458)
	at com.kms.katalon.core.mobile.keyword.MobileBuiltInKeywords$getText$13.call(Unknown Source)
	at TC_Borrower - Pekerjaan - MASTER FLOW.run(TC_Borrower - Pekerjaan - MASTER FLOW:16)
	at com.kms.katalon.core.main.ScriptEngine.run(ScriptEngine.java:194)
	at com.kms.katalon.core.main.ScriptEngine.runScriptAsRawText(ScriptEngine.java:119)
	at com.kms.katalon.core.main.TestCaseExecutor.runScript(TestCaseExecutor.java:337)
	at com.kms.katalon.core.main.TestCaseExecutor.doExecute(TestCaseExecutor.java:328)
	at com.kms.katalon.core.main.TestCaseExecutor.processExecutionPhase(TestCaseExecutor.java:307)
	at com.kms.katalon.core.main.TestCaseExecutor.accessMainPhase(TestCaseExecutor.java:299)
	at com.kms.katalon.core.main.TestCaseExecutor.execute(TestCaseExecutor.java:233)
	at com.kms.katalon.core.main.TestCaseMain.runTestCase(TestCaseMain.java:114)
	at com.kms.katalon.core.keyword.builtin.CallTestCaseKeyword$_callTestCase_closure1.doCall(CallTestCaseKeyword.groovy:59)
	... 36 more


2019-11-21 10:45:13 - [TEST_STEP][PASSED] - callTestCase(findTestCase("Data Entry/Borrower/Borrower - Identitas/MASTER FLOW/TC_Borrower - Identitas - MASTER FLOW"), ["BIvarNoKTP":BIvarNoKTP, "BIvarAgama":BIvarAgama, "BIvarStatusPerkawinan":BIvarStatusPerkawinan, "BIvarTempatLahir":BIvarTempatLahir, ... ], STOP_ON_FAILURE): Call Test Case 'Test Cases/Data Entry/Borrower/Borrower - Identitas/MASTER FLOW/TC_Borrower - Identitas - MASTER FLOW' successfully

2019-11-21 10:45:13 - [TEST_CASE][PASSED] - Test Cases/Data Entry/Borrower/Borrower - Identitas/MASTER FLOW/TC_Borrower - Identitas - MASTER FLOW: Test Cases/Data Entry/Borrower/Borrower - Identitas/MASTER FLOW/TC_Borrower - Identitas - MASTER FLOW

2019-11-21 10:45:13 - [TEST_STEP][PASSED] - setText(findTestObject("Borrower/Borrower - Identitas/Borrower_InpNoKTP"), BIvarNoKTP, 0): Text '3175041505830010' has been set to element 'Object Repository/Borrower/Borrower - Identitas/Borrower_InpNoKTP'

2019-11-21 10:45:13 - [MESSAGE][WARNING] - Timeout '0' is invalid. Using default page load timeout: '30'

2019-11-21 10:45:16 - [MESSAGE][PASSED] - Text '3175041505830010' has been set to element 'Object Repository/Borrower/Borrower - Identitas/Borrower_InpNoKTP'

2019-11-21 10:45:16 - [TEST_STEP][PASSED] - tap(findTestObject("Borrower/Borrower - Identitas/Borrower_BtnMasaBerlaku-SeumurHidup"), 0): Tapped on element 'Object Repository/Borrower/Borrower - Identitas/Borrower_BtnMasaBerlaku-SeumurHidup'

2019-11-21 10:45:16 - [MESSAGE][WARNING] - Timeout '0' is invalid. Using default page load timeout: '30'

2019-11-21 10:45:20 - [MESSAGE][PASSED] - Tapped on element 'Object Repository/Borrower/Borrower - Identitas/Borrower_BtnMasaBerlaku-SeumurHidup'

2019-11-21 10:45:20 - [TEST_STEP][PASSED] - setText(findTestObject("Borrower/Borrower - Identitas/Borrower_InpNamaSesuaiIdentitas"), BIvarNama, 0): Text 'LAREZA FIRMANDITYA' has been set to element 'Object Repository/Borrower/Borrower - Identitas/Borrower_InpNamaSesuaiIdentitas'

2019-11-21 10:45:20 - [MESSAGE][WARNING] - Timeout '0' is invalid. Using default page load timeout: '30'

2019-11-21 10:45:22 - [MESSAGE][PASSED] - Text 'LAREZA FIRMANDITYA' has been set to element 'Object Repository/Borrower/Borrower - Identitas/Borrower_InpNamaSesuaiIdentitas'

2019-11-21 10:45:22 - [TEST_STEP][PASSED] - if (BIvarJenkel == "LK"): Tapped on element 'Object Repository/Borrower/Borrower - Identitas/Borrower_BtnJenisKelamin-LakiLaki'

2019-11-21 10:45:22 - [TEST_STEP][PASSED] - tap(findTestObject("Borrower/Borrower - Identitas/Borrower_BtnJenisKelamin-LakiLaki"), 0): Tapped on element 'Object Repository/Borrower/Borrower - Identitas/Borrower_BtnJenisKelamin-LakiLaki'

2019-11-21 10:45:22 - [MESSAGE][WARNING] - Timeout '0' is invalid. Using default page load timeout: '30'

2019-11-21 10:45:25 - [MESSAGE][PASSED] - Tapped on element 'Object Repository/Borrower/Borrower - Identitas/Borrower_BtnJenisKelamin-LakiLaki'

2019-11-21 10:45:25 - [TEST_STEP][PASSED] - setText(findTestObject("Borrower/Borrower - Identitas/Borrower_InpTempatLahir"), BIvarTempatLahir, 0): Text 'YOGYAKARTA' has been set to element 'Object Repository/Borrower/Borrower - Identitas/Borrower_InpTempatLahir'

2019-11-21 10:45:25 - [MESSAGE][WARNING] - Timeout '0' is invalid. Using default page load timeout: '30'

2019-11-21 10:45:28 - [MESSAGE][PASSED] - Text 'YOGYAKARTA' has been set to element 'Object Repository/Borrower/Borrower - Identitas/Borrower_InpTempatLahir'

2019-11-21 10:45:28 - [TEST_STEP][PASSED] - tap(findTestObject("Borrower/Borrower - Identitas/Borrower_InpTempatLahir"), 0, STOP_ON_FAILURE): Tapped on element 'Object Repository/Borrower/Borrower - Identitas/Borrower_InpTempatLahir'

2019-11-21 10:45:28 - [MESSAGE][WARNING] - Timeout '0' is invalid. Using default page load timeout: '30'

2019-11-21 10:45:32 - [MESSAGE][PASSED] - Tapped on element 'Object Repository/Borrower/Borrower - Identitas/Borrower_InpTempatLahir'

2019-11-21 10:45:32 - [TEST_STEP][PASSED] - mobile.picklist.List(findTestObject("Borrower/Borrower - Identitas/Borrower_TxtTempatLahir"), STOP_ON_FAILURE): mobile.picklist.List is PASSED

2019-11-21 10:45:32 - [MESSAGE][WARNING] - Timeout '0' is invalid. Using default page load timeout: '30'

2019-11-21 10:45:33 - [MESSAGE][PASSED] - Object 'Object Repository/Borrower/Borrower - Identitas/Borrower_TxtTempatLahir' has top position '1,805'

2019-11-21 10:45:33 - [MESSAGE][WARNING] - Timeout '0' is invalid. Using default page load timeout: '30'

2019-11-21 10:45:35 - [MESSAGE][PASSED] - Object 'Object Repository/Borrower/Borrower - Identitas/Borrower_TxtTempatLahir' has left position '76'

2019-11-21 10:45:35 - [MESSAGE][PASSED] - Tapped at [76, 1,920]

2019-11-21 10:45:35 - [MESSAGE][PASSED] - mobile.picklist.List is PASSED

2019-11-21 10:45:35 - [TEST_STEP][PASSED] - mobile.mobileSwipe.UpDown(0.8, 0.2, 1000): mobile.mobileSwipe.UpDown is PASSED

2019-11-21 10:45:36 - [MESSAGE][PASSED] - Current device physical height is 2131

2019-11-21 10:45:36 - [MESSAGE][INFO] - Device Height : 2131

2019-11-21 10:45:37 - [MESSAGE][PASSED] - Current device physical width is 1080

2019-11-21 10:45:37 - [MESSAGE][INFO] - Device Width : 1080

2019-11-21 10:45:37 - [MESSAGE][INFO] - Swipe start at Height : 1704

2019-11-21 10:45:37 - [MESSAGE][INFO] - Swipe end at Height : 426

2019-11-21 10:45:37 - [MESSAGE][INFO] - X Position : 1000

2019-11-21 10:45:39 - [MESSAGE][PASSED] - Swiped from 1,000,1,704 to 1,000,426

2019-11-21 10:45:39 - [MESSAGE][PASSED] - mobile.mobileSwipe.UpDown is PASSED

2019-11-21 10:45:39 - [TEST_STEP][PASSED] - delay(2, STOP_ON_FAILURE): Delayed 2 second(s)

2019-11-21 10:45:41 - [MESSAGE][PASSED] - Delayed 2 second(s)

2019-11-21 10:45:41 - [TEST_STEP][PASSED] - tap(findTestObject("Borrower/Borrower - Identitas/Borrower_TxtTanggalLahir"), 0): Tapped on element 'Object Repository/Borrower/Borrower - Identitas/Borrower_TxtTanggalLahir'

2019-11-21 10:45:41 - [MESSAGE][WARNING] - Timeout '0' is invalid. Using default page load timeout: '30'

2019-11-21 10:45:43 - [MESSAGE][PASSED] - Tapped on element 'Object Repository/Borrower/Borrower - Identitas/Borrower_TxtTanggalLahir'

2019-11-21 10:45:43 - [TEST_STEP][PASSED] - delay(2, STOP_ON_FAILURE): Delayed 2 second(s)

2019-11-21 10:45:45 - [MESSAGE][PASSED] - Delayed 2 second(s)

2019-11-21 10:45:45 - [TEST_STEP][PASSED] - callTestCase(findTestCase("dynamic test case/calendar"), ["varTahun":BIvarTahun], STOP_ON_FAILURE): Call Test Case 'Test Cases/dynamic test case/calendar' successfully

2019-11-21 10:45:45 - [TEST_CASE][PASSED] - Test Cases/dynamic test case/calendar: Test Cases/dynamic test case/calendar

2019-11-21 10:45:45 - [TEST_STEP][PASSED] - tap(findTestObject("dynamic object/Calendar_TxtTahun"), 0): Tapped on element 'Object Repository/dynamic object/Calendar_TxtTahun'

2019-11-21 10:45:46 - [MESSAGE][WARNING] - Timeout '0' is invalid. Using default page load timeout: '30'

2019-11-21 10:45:47 - [MESSAGE][PASSED] - Tapped on element 'Object Repository/dynamic object/Calendar_TxtTahun'

2019-11-21 10:45:47 - [TEST_STEP][PASSED] - driver = getDriver(): null

2019-11-21 10:45:47 - [TEST_STEP][PASSED] - xpath = "": null

2019-11-21 10:45:47 - [TEST_STEP][PASSED] - xpath = XPathBuilder.createXPath("TextView"): null

2019-11-21 10:45:47 - [TEST_STEP][PASSED] - listElements = driver.findElementsByXPath(xpath): null

2019-11-21 10:45:48 - [TEST_STEP][PASSED] - if (size() - 1].getText() < varTahun): null

2019-11-21 10:45:48 - [TEST_STEP][PASSED] - else: null

2019-11-21 10:45:48 - [TEST_STEP][PASSED] - varScrollUpDown = "UpToDown": null

2019-11-21 10:45:48 - [TEST_STEP][PASSED] - switch (varScrollUpDown.toString()): null

2019-11-21 10:45:48 - [TEST_STEP][PASSED] - case "UpToDown":: null

2019-11-21 10:45:48 - [TEST_STEP][PASSED] - mobile.swiping.scrollListToElementWithTextUpToDown(varTahun): mobile.swiping.scrollListToElementWithTextUpToDown is PASSED

2019-11-21 10:46:21 - [MESSAGE][PASSED] - mobile.swiping.scrollListToElementWithTextUpToDown is PASSED

2019-11-21 10:46:21 - [TEST_STEP][PASSED] - break: null

2019-11-21 10:46:21 - [TEST_STEP][PASSED] - tap(findTestObject("dynamic object/pickListItem_TextView", ["text":varTahun]), 0): Tapped on element 'Object Repository/dynamic object/pickListItem_TextView'

2019-11-21 10:46:21 - [MESSAGE][WARNING] - Timeout '0' is invalid. Using default page load timeout: '30'

2019-11-21 10:46:22 - [MESSAGE][PASSED] - Tapped on element 'Object Repository/dynamic object/pickListItem_TextView'

2019-11-21 10:46:22 - [TEST_STEP][PASSED] - tap(findTestObject("Borrower/Borrower - Identitas/Click_Tanggal"), 0): Tapped on element 'Object Repository/Borrower/Borrower - Identitas/Click_Tanggal'

2019-11-21 10:46:22 - [MESSAGE][WARNING] - Timeout '0' is invalid. Using default page load timeout: '30'

2019-11-21 10:46:24 - [MESSAGE][PASSED] - Tapped on element 'Object Repository/Borrower/Borrower - Identitas/Click_Tanggal'

2019-11-21 10:46:24 - [TEST_STEP][PASSED] - tap(findTestObject("dynamic object/Calendar_TxtSetel"), 0): Tapped on element 'Object Repository/dynamic object/Calendar_TxtSetel'

2019-11-21 10:46:24 - [MESSAGE][WARNING] - Timeout '0' is invalid. Using default page load timeout: '30'

2019-11-21 10:46:25 - [MESSAGE][PASSED] - Tapped on element 'Object Repository/dynamic object/Calendar_TxtSetel'

2019-11-21 10:46:25 - [MESSAGE][PASSED] - Call Test Case 'Test Cases/dynamic test case/calendar' successfully

2019-11-21 10:46:25 - [TEST_STEP][NOT_RUN] - delay(10, STOP_ON_FAILURE): NOT_RUN: delay(10, STOP_ON_FAILURE)

2019-11-21 10:46:25 - [MESSAGE][NOT_RUN] - NOT_RUN: delay(10, STOP_ON_FAILURE)

2019-11-21 10:46:25 - [TEST_STEP][PASSED] - tap(findTestObject("Borrower/Borrower - Identitas/Borrower_BtnCekDataPelanggan"), 0): Tapped on element 'Object Repository/Borrower/Borrower - Identitas/Borrower_BtnCekDataPelanggan'

2019-11-21 10:46:26 - [MESSAGE][WARNING] - Timeout '0' is invalid. Using default page load timeout: '30'

2019-11-21 10:46:28 - [MESSAGE][PASSED] - Tapped on element 'Object Repository/Borrower/Borrower - Identitas/Borrower_BtnCekDataPelanggan'

2019-11-21 10:46:28 - [TEST_STEP][PASSED] - waitForElementPresent(findTestObject("Borrower/Borrower - Identitas/Borrower_BtnConfirm"), 120): Element 'Object Repository/Borrower/Borrower - Identitas/Borrower_BtnConfirm' is present

2019-11-21 10:46:35 - [MESSAGE][PASSED] - Element 'Object Repository/Borrower/Borrower - Identitas/Borrower_BtnConfirm' is present

2019-11-21 10:46:35 - [TEST_STEP][PASSED] - tap(findTestObject("Borrower/Borrower - Identitas/Borrower_BtnCheckBox"), 60): Tapped on element 'Object Repository/Borrower/Borrower - Identitas/Borrower_BtnCheckBox'

2019-11-21 10:46:37 - [MESSAGE][PASSED] - Tapped on element 'Object Repository/Borrower/Borrower - Identitas/Borrower_BtnCheckBox'

2019-11-21 10:46:37 - [TEST_STEP][PASSED] - tap(findTestObject("Borrower/Borrower - Identitas/Borrower_BtnConfirm"), 0): Tapped on element 'Object Repository/Borrower/Borrower - Identitas/Borrower_BtnConfirm'

2019-11-21 10:46:37 - [MESSAGE][WARNING] - Timeout '0' is invalid. Using default page load timeout: '30'

2019-11-21 10:46:39 - [MESSAGE][PASSED] - Tapped on element 'Object Repository/Borrower/Borrower - Identitas/Borrower_BtnConfirm'

2019-11-21 10:46:39 - [TEST_STEP][PASSED] - delay(20, STOP_ON_FAILURE): Delayed 20 second(s)

2019-11-21 10:46:59 - [MESSAGE][PASSED] - Delayed 20 second(s)

2019-11-21 10:46:59 - [TEST_STEP][PASSED] - mobile.mobileSwipe.UpDown(0.8, 0.2, 1000): mobile.mobileSwipe.UpDown is PASSED

2019-11-21 10:47:00 - [MESSAGE][PASSED] - Current device physical height is 2131

2019-11-21 10:47:00 - [MESSAGE][INFO] - Device Height : 2131

2019-11-21 10:47:01 - [MESSAGE][PASSED] - Current device physical width is 1080

2019-11-21 10:47:01 - [MESSAGE][INFO] - Device Width : 1080

2019-11-21 10:47:01 - [MESSAGE][INFO] - Swipe start at Height : 1704

2019-11-21 10:47:01 - [MESSAGE][INFO] - Swipe end at Height : 426

2019-11-21 10:47:01 - [MESSAGE][INFO] - X Position : 1000

2019-11-21 10:47:03 - [MESSAGE][PASSED] - Swiped from 1,000,1,704 to 1,000,426

2019-11-21 10:47:03 - [MESSAGE][PASSED] - mobile.mobileSwipe.UpDown is PASSED

2019-11-21 10:47:03 - [TEST_STEP][NOT_RUN] - tap(findTestObject("Borrower/Borrower - Identitas/Borrower_TxtStatusPerkawinan"), 0, STOP_ON_FAILURE): NOT_RUN: tap(findTestObject("Borrower/Borrower - Identitas/Borrower_TxtStatusPerkawinan"), 0, STOP_ON_FAILURE)

2019-11-21 10:47:03 - [MESSAGE][NOT_RUN] - NOT_RUN: tap(findTestObject("Borrower/Borrower - Identitas/Borrower_TxtStatusPerkawinan"), 0, STOP_ON_FAILURE)

2019-11-21 10:47:03 - [TEST_STEP][NOT_RUN] - tap(findTestObject("dynamic object/pickListItem_checkedTextView", ["text":BIvarStatusPerkawinan]), 0, STOP_ON_FAILURE): NOT_RUN: tap(findTestObject("dynamic object/pickListItem_checkedTextView", ["text":BIvarStatusPerkawinan]), 0, STOP_ON_FAILURE)

2019-11-21 10:47:03 - [MESSAGE][NOT_RUN] - NOT_RUN: tap(findTestObject("dynamic object/pickListItem_checkedTextView", ["text":BIvarStatusPerkawinan]), 0, STOP_ON_FAILURE)

2019-11-21 10:47:03 - [MESSAGE][PASSED] - Call Test Case 'Test Cases/Data Entry/Borrower/Borrower - Identitas/MASTER FLOW/TC_Borrower - Identitas - MASTER FLOW' successfully

2019-11-21 10:47:03 - [TEST_STEP][PASSED] - mobile.mobileSwipe.RightLeft(0.9, 0.5, 1000): mobile.mobileSwipe.RightLeft is PASSED

2019-11-21 10:47:04 - [MESSAGE][PASSED] - Current device physical width is 1080

2019-11-21 10:47:05 - [MESSAGE][PASSED] - Current device physical height is 2131

2019-11-21 10:47:05 - [MESSAGE][INFO] - Device Height : 2131

2019-11-21 10:47:05 - [MESSAGE][INFO] - Device Width : 1080

2019-11-21 10:47:05 - [MESSAGE][INFO] - Swipe start at Width : 971

2019-11-21 10:47:05 - [MESSAGE][INFO] - Swipe end at Witdh : 540

2019-11-21 10:47:05 - [MESSAGE][INFO] - Y Position : 1000

2019-11-21 10:47:07 - [MESSAGE][PASSED] - Swiped from 971,1,000 to 540,1,000

2019-11-21 10:47:07 - [MESSAGE][PASSED] - mobile.mobileSwipe.RightLeft is PASSED

2019-11-21 10:47:07 - [TEST_STEP][NOT_RUN] - callTestCase(findTestCase("Data Entry/Borrower/Borrower - Info Umum/MASTER FLOW/TC_Borrower - Info Umum - MASTER FLOW"), ["BIUvarNamaLengkapTanpaSingkatan":BIUvarNamaLengkapTanpaSingkatan, "BIUvarNamaPanggilan":BIUvarNamaPanggilan, "BIUvarNoNPWP":BIUvarNoNPWP, ... ], STOP_ON_FAILURE): NOT_RUN: callTestCase(findTestCase("Data Entry/Borrower/Borrower - Info Umum/MASTER FLOW/TC_Borrower - Info Umum - MASTER FLOW"), ["BIUvarNamaLengkapTanpaSingkatan":BIUvarNamaLengkapTanpaSingkatan, "BIUvarNamaPanggilan":BIUvarNamaPanggilan, "BIUvarNoNPWP":BIUvarNoNPWP, ... ], STOP_ON_FAILURE)

2019-11-21 10:47:07 - [MESSAGE][NOT_RUN] - NOT_RUN: callTestCase(findTestCase("Data Entry/Borrower/Borrower - Info Umum/MASTER FLOW/TC_Borrower - Info Umum - MASTER FLOW"), ["BIUvarNamaLengkapTanpaSingkatan":BIUvarNamaLengkapTanpaSingkatan, "BIUvarNamaPanggilan":BIUvarNamaPanggilan, "BIUvarNoNPWP":BIUvarNoNPWP, ... ], STOP_ON_FAILURE)

2019-11-21 10:47:07 - [TEST_STEP][PASSED] - mobile.mobileSwipe.RightLeft(0.9, 0.5, 1000): mobile.mobileSwipe.RightLeft is PASSED

2019-11-21 10:47:08 - [MESSAGE][PASSED] - Current device physical width is 1080

2019-11-21 10:47:09 - [MESSAGE][PASSED] - Current device physical height is 2131

2019-11-21 10:47:09 - [MESSAGE][INFO] - Device Height : 2131

2019-11-21 10:47:09 - [MESSAGE][INFO] - Device Width : 1080

2019-11-21 10:47:09 - [MESSAGE][INFO] - Swipe start at Width : 971

2019-11-21 10:47:09 - [MESSAGE][INFO] - Swipe end at Witdh : 540

2019-11-21 10:47:09 - [MESSAGE][INFO] - Y Position : 1000

2019-11-21 10:47:11 - [MESSAGE][PASSED] - Swiped from 971,1,000 to 540,1,000

2019-11-21 10:47:11 - [MESSAGE][PASSED] - mobile.mobileSwipe.RightLeft is PASSED

2019-11-21 10:47:11 - [TEST_STEP][NOT_RUN] - callTestCase(findTestCase("Data Entry/Borrower/Borrower - Domisili/MASTER FLOW/TC_Borrower - Domisili - MASTER FLOW"), ["BDvarAlamatLengkap":BDvarAlamatLengkap, "BDvarRT":BDvarRT, "BDvarRW":BDvarRW, "BDvarKodePos":BDvarKodePos, "BDvarNegaraDomisili":BDvarNegaraDomisili, ... ], STOP_ON_FAILURE): NOT_RUN: callTestCase(findTestCase("Data Entry/Borrower/Borrower - Domisili/MASTER FLOW/TC_Borrower - Domisili - MASTER FLOW"), ["BDvarAlamatLengkap":BDvarAlamatLengkap, "BDvarRT":BDvarRT, "BDvarRW":BDvarRW, "BDvarKodePos":BDvarKodePos, "BDvarNegaraDomisili":BDvarNegaraDomisili, ... ], STOP_ON_FAILURE)

2019-11-21 10:47:11 - [MESSAGE][NOT_RUN] - NOT_RUN: callTestCase(findTestCase("Data Entry/Borrower/Borrower - Domisili/MASTER FLOW/TC_Borrower - Domisili - MASTER FLOW"), ["BDvarAlamatLengkap":BDvarAlamatLengkap, "BDvarRT":BDvarRT, "BDvarRW":BDvarRW, "BDvarKodePos":BDvarKodePos, "BDvarNegaraDomisili":BDvarNegaraDomisili, ... ], STOP_ON_FAILURE)

2019-11-21 10:47:11 - [TEST_STEP][PASSED] - mobile.mobileSwipe.RightLeft(0.9, 0.5, 1000): mobile.mobileSwipe.RightLeft is PASSED

2019-11-21 10:47:12 - [MESSAGE][PASSED] - Current device physical width is 1080

2019-11-21 10:47:13 - [MESSAGE][PASSED] - Current device physical height is 2131

2019-11-21 10:47:13 - [MESSAGE][INFO] - Device Height : 2131

2019-11-21 10:47:13 - [MESSAGE][INFO] - Device Width : 1080

2019-11-21 10:47:13 - [MESSAGE][INFO] - Swipe start at Width : 971

2019-11-21 10:47:13 - [MESSAGE][INFO] - Swipe end at Witdh : 540

2019-11-21 10:47:13 - [MESSAGE][INFO] - Y Position : 1000

2019-11-21 10:47:15 - [MESSAGE][PASSED] - Swiped from 971,1,000 to 540,1,000

2019-11-21 10:47:15 - [MESSAGE][PASSED] - mobile.mobileSwipe.RightLeft is PASSED

2019-11-21 10:47:15 - [TEST_STEP][NOT_RUN] - tap(findTestObject("Borrower/Borrower - Pekerjaan/Borrower - Pekerjaan - tab Detail Pekerjaan"), 0, OPTIONAL): NOT_RUN: tap(findTestObject("Borrower/Borrower - Pekerjaan/Borrower - Pekerjaan - tab Detail Pekerjaan"), 0, OPTIONAL)

2019-11-21 10:47:15 - [MESSAGE][NOT_RUN] - NOT_RUN: tap(findTestObject("Borrower/Borrower - Pekerjaan/Borrower - Pekerjaan - tab Detail Pekerjaan"), 0, OPTIONAL)

2019-11-21 10:47:15 - [TEST_STEP][FAILED] - callTestCase(findTestCase("Data Entry/Borrower/Borrower - Pekerjaan/MASTER FLOW/TC_Borrower - Pekerjaan - MASTER FLOW"), [:], STOP_ON_FAILURE): Unable to call Test Case 'Test Cases/Data Entry/Borrower/Borrower - Pekerjaan/MASTER FLOW/TC_Borrower - Pekerjaan - MASTER FLOW' (Root cause: com.kms.katalon.core.exception.StepFailedException: Call Test Case 'Test Cases/Data Entry/Borrower/Borrower - Pekerjaan/MASTER FLOW/TC_Borrower - Pekerjaan - MASTER FLOW' failed
	at com.kms.katalon.core.keyword.builtin.CallTestCaseKeyword$_callTestCase_closure1.doCall(CallTestCaseKeyword.groovy:63)
	at com.kms.katalon.core.keyword.builtin.CallTestCaseKeyword$_callTestCase_closure1.call(CallTestCaseKeyword.groovy)
	at com.kms.katalon.core.keyword.internal.KeywordMain.runKeyword(KeywordMain.groovy:68)
	at com.kms.katalon.core.keyword.builtin.CallTestCaseKeyword.callTestCase(CallTestCaseKeyword.groovy:81)
	at com.kms.katalon.core.keyword.builtin.CallTestCaseKeyword.execute(CallTestCaseKeyword.groovy:44)
	at com.kms.katalon.core.keyword.internal.KeywordExecutor.executeKeywordForPlatform(KeywordExecutor.groovy:60)
	at com.kms.katalon.core.keyword.BuiltinKeywords.callTestCase(BuiltinKeywords.groovy:334)
	at Flow Borrower.run(Flow Borrower:42)
	at com.kms.katalon.core.main.ScriptEngine.run(ScriptEngine.java:194)
	at com.kms.katalon.core.main.ScriptEngine.runScriptAsRawText(ScriptEngine.java:119)
	at com.kms.katalon.core.main.TestCaseExecutor.runScript(TestCaseExecutor.java:337)
	at com.kms.katalon.core.main.TestCaseExecutor.doExecute(TestCaseExecutor.java:328)
	at com.kms.katalon.core.main.TestCaseExecutor.processExecutionPhase(TestCaseExecutor.java:307)
	at com.kms.katalon.core.main.TestCaseExecutor.accessMainPhase(TestCaseExecutor.java:299)
	at com.kms.katalon.core.main.TestCaseExecutor.execute(TestCaseExecutor.java:233)
	at com.kms.katalon.core.main.TestCaseMain.runTestCase(TestCaseMain.java:114)
	at com.kms.katalon.core.keyword.builtin.CallTestCaseKeyword$_callTestCase_closure1.doCall(CallTestCaseKeyword.groovy:59)
	at com.kms.katalon.core.keyword.builtin.CallTestCaseKeyword$_callTestCase_closure1.call(CallTestCaseKeyword.groovy)
	at com.kms.katalon.core.keyword.internal.KeywordMain.runKeyword(KeywordMain.groovy:68)
	at com.kms.katalon.core.keyword.builtin.CallTestCaseKeyword.callTestCase(CallTestCaseKeyword.groovy:81)
	at com.kms.katalon.core.keyword.builtin.CallTestCaseKeyword.execute(CallTestCaseKeyword.groovy:44)
	at com.kms.katalon.core.keyword.internal.KeywordExecutor.executeKeywordForPlatform(KeywordExecutor.groovy:60)
	at com.kms.katalon.core.keyword.BuiltinKeywords.callTestCase(BuiltinKeywords.groovy:334)
	at TC_Data Entry.run(TC_Data Entry:42)
	at com.kms.katalon.core.main.ScriptEngine.run(ScriptEngine.java:194)
	at com.kms.katalon.core.main.ScriptEngine.runScriptAsRawText(ScriptEngine.java:119)
	at com.kms.katalon.core.main.TestCaseExecutor.runScript(TestCaseExecutor.java:337)
	at com.kms.katalon.core.main.TestCaseExecutor.doExecute(TestCaseExecutor.java:328)
	at com.kms.katalon.core.main.TestCaseExecutor.processExecutionPhase(TestCaseExecutor.java:307)
	at com.kms.katalon.core.main.TestCaseExecutor.accessMainPhase(TestCaseExecutor.java:299)
	at com.kms.katalon.core.main.TestCaseExecutor.execute(TestCaseExecutor.java:233)
	at com.kms.katalon.core.main.TestSuiteExecutor.accessTestCaseMainPhase(TestSuiteExecutor.java:169)
	at com.kms.katalon.core.main.TestSuiteExecutor.accessTestSuiteMainPhase(TestSuiteExecutor.java:142)
	at com.kms.katalon.core.main.TestSuiteExecutor.execute(TestSuiteExecutor.java:91)
	at com.kms.katalon.core.main.TestCaseMain.startTestSuite(TestCaseMain.java:157)
	at com.kms.katalon.core.main.TestCaseMain$startTestSuite$0.call(Unknown Source)
	at TempTestSuite1574306795654.run(TempTestSuite1574306795654.groovy:36)
Caused by: com.kms.katalon.core.exception.StepFailedException: Object Object Repository/Borrower/Borrower - Pekerjaan/Borrower_Pekerjaan_InpPekerjaan not found
	at com.kms.katalon.core.keyword.internal.KeywordMain.stepFailed(KeywordMain.groovy:50)
	at com.kms.katalon.core.mobile.keyword.internal.MobileKeywordMain.stepFailed(MobileKeywordMain.groovy:40)
	at com.kms.katalon.core.mobile.keyword.builtin.GetTextKeyword$_getText_closure1.doCall(GetTextKeyword.groovy:74)
	at com.kms.katalon.core.mobile.keyword.builtin.GetTextKeyword$_getText_closure1.call(GetTextKeyword.groovy)
	at com.kms.katalon.core.mobile.keyword.internal.MobileKeywordMain.runKeyword(MobileKeywordMain.groovy:21)
	at com.kms.katalon.core.mobile.keyword.builtin.GetTextKeyword.getText(GetTextKeyword.groovy:80)
	at com.kms.katalon.core.mobile.keyword.builtin.GetTextKeyword.execute(GetTextKeyword.groovy:64)
	at com.kms.katalon.core.keyword.internal.KeywordExecutor.executeKeywordForPlatform(KeywordExecutor.groovy:60)
	at com.kms.katalon.core.mobile.keyword.MobileBuiltInKeywords.getText(MobileBuiltInKeywords.groovy:458)
	at com.kms.katalon.core.mobile.keyword.MobileBuiltInKeywords$getText$13.call(Unknown Source)
	at TC_Borrower - Pekerjaan - MASTER FLOW.run(TC_Borrower - Pekerjaan - MASTER FLOW:16)
	at com.kms.katalon.core.main.ScriptEngine.run(ScriptEngine.java:194)
	at com.kms.katalon.core.main.ScriptEngine.runScriptAsRawText(ScriptEngine.java:119)
	at com.kms.katalon.core.main.TestCaseExecutor.runScript(TestCaseExecutor.java:337)
	at com.kms.katalon.core.main.TestCaseExecutor.doExecute(TestCaseExecutor.java:328)
	at com.kms.katalon.core.main.TestCaseExecutor.processExecutionPhase(TestCaseExecutor.java:307)
	at com.kms.katalon.core.main.TestCaseExecutor.accessMainPhase(TestCaseExecutor.java:299)
	at com.kms.katalon.core.main.TestCaseExecutor.execute(TestCaseExecutor.java:233)
	at com.kms.katalon.core.main.TestCaseMain.runTestCase(TestCaseMain.java:114)
	at com.kms.katalon.core.keyword.builtin.CallTestCaseKeyword$_callTestCase_closure1.doCall(CallTestCaseKeyword.groovy:59)
	... 36 more
)

2019-11-21 10:47:15 - [TEST_CASE][FAILED] - Test Cases/Data Entry/Borrower/Borrower - Pekerjaan/MASTER FLOW/TC_Borrower - Pekerjaan - MASTER FLOW: Test Cases/Data Entry/Borrower/Borrower - Pekerjaan/MASTER FLOW/TC_Borrower - Pekerjaan - MASTER FLOW FAILED.
Reason:
com.kms.katalon.core.exception.StepFailedException: Object Object Repository/Borrower/Borrower - Pekerjaan/Borrower_Pekerjaan_InpPekerjaan not found
	at com.kms.katalon.core.keyword.internal.KeywordMain.stepFailed(KeywordMain.groovy:50)
	at com.kms.katalon.core.mobile.keyword.internal.MobileKeywordMain.stepFailed(MobileKeywordMain.groovy:40)
	at com.kms.katalon.core.mobile.keyword.builtin.GetTextKeyword$_getText_closure1.doCall(GetTextKeyword.groovy:74)
	at com.kms.katalon.core.mobile.keyword.builtin.GetTextKeyword$_getText_closure1.call(GetTextKeyword.groovy)
	at com.kms.katalon.core.mobile.keyword.internal.MobileKeywordMain.runKeyword(MobileKeywordMain.groovy:21)
	at com.kms.katalon.core.mobile.keyword.builtin.GetTextKeyword.getText(GetTextKeyword.groovy:80)
	at com.kms.katalon.core.mobile.keyword.builtin.GetTextKeyword.execute(GetTextKeyword.groovy:64)
	at com.kms.katalon.core.keyword.internal.KeywordExecutor.executeKeywordForPlatform(KeywordExecutor.groovy:60)
	at com.kms.katalon.core.mobile.keyword.MobileBuiltInKeywords.getText(MobileBuiltInKeywords.groovy:458)
	at com.kms.katalon.core.mobile.keyword.MobileBuiltInKeywords$getText$13.call(Unknown Source)
	at TC_Borrower - Pekerjaan - MASTER FLOW.run(TC_Borrower - Pekerjaan - MASTER FLOW:16)
	at com.kms.katalon.core.main.ScriptEngine.run(ScriptEngine.java:194)
	at com.kms.katalon.core.main.ScriptEngine.runScriptAsRawText(ScriptEngine.java:119)
	at com.kms.katalon.core.main.TestCaseExecutor.runScript(TestCaseExecutor.java:337)
	at com.kms.katalon.core.main.TestCaseExecutor.doExecute(TestCaseExecutor.java:328)
	at com.kms.katalon.core.main.TestCaseExecutor.processExecutionPhase(TestCaseExecutor.java:307)
	at com.kms.katalon.core.main.TestCaseExecutor.accessMainPhase(TestCaseExecutor.java:299)
	at com.kms.katalon.core.main.TestCaseExecutor.execute(TestCaseExecutor.java:233)
	at com.kms.katalon.core.main.TestCaseMain.runTestCase(TestCaseMain.java:114)
	at com.kms.katalon.core.keyword.builtin.CallTestCaseKeyword$_callTestCase_closure1.doCall(CallTestCaseKeyword.groovy:59)
	at com.kms.katalon.core.keyword.builtin.CallTestCaseKeyword$_callTestCase_closure1.call(CallTestCaseKeyword.groovy)
	at com.kms.katalon.core.keyword.internal.KeywordMain.runKeyword(KeywordMain.groovy:68)
	at com.kms.katalon.core.keyword.builtin.CallTestCaseKeyword.callTestCase(CallTestCaseKeyword.groovy:81)
	at com.kms.katalon.core.keyword.builtin.CallTestCaseKeyword.execute(CallTestCaseKeyword.groovy:44)
	at com.kms.katalon.core.keyword.internal.KeywordExecutor.executeKeywordForPlatform(KeywordExecutor.groovy:60)
	at com.kms.katalon.core.keyword.BuiltinKeywords.callTestCase(BuiltinKeywords.groovy:334)
	at Flow Borrower.run(Flow Borrower:42)
	at com.kms.katalon.core.main.ScriptEngine.run(ScriptEngine.java:194)
	at com.kms.katalon.core.main.ScriptEngine.runScriptAsRawText(ScriptEngine.java:119)
	at com.kms.katalon.core.main.TestCaseExecutor.runScript(TestCaseExecutor.java:337)
	at com.kms.katalon.core.main.TestCaseExecutor.doExecute(TestCaseExecutor.java:328)
	at com.kms.katalon.core.main.TestCaseExecutor.processExecutionPhase(TestCaseExecutor.java:307)
	at com.kms.katalon.core.main.TestCaseExecutor.accessMainPhase(TestCaseExecutor.java:299)
	at com.kms.katalon.core.main.TestCaseExecutor.execute(TestCaseExecutor.java:233)
	at com.kms.katalon.core.main.TestCaseMain.runTestCase(TestCaseMain.java:114)
	at com.kms.katalon.core.keyword.builtin.CallTestCaseKeyword$_callTestCase_closure1.doCall(CallTestCaseKeyword.groovy:59)
	at com.kms.katalon.core.keyword.builtin.CallTestCaseKeyword$_callTestCase_closure1.call(CallTestCaseKeyword.groovy)
	at com.kms.katalon.core.keyword.internal.KeywordMain.runKeyword(KeywordMain.groovy:68)
	at com.kms.katalon.core.keyword.builtin.CallTestCaseKeyword.callTestCase(CallTestCaseKeyword.groovy:81)
	at com.kms.katalon.core.keyword.builtin.CallTestCaseKeyword.execute(CallTestCaseKeyword.groovy:44)
	at com.kms.katalon.core.keyword.internal.KeywordExecutor.executeKeywordForPlatform(KeywordExecutor.groovy:60)
	at com.kms.katalon.core.keyword.BuiltinKeywords.callTestCase(BuiltinKeywords.groovy:334)
	at TC_Data Entry.run(TC_Data Entry:42)
	at com.kms.katalon.core.main.ScriptEngine.run(ScriptEngine.java:194)
	at com.kms.katalon.core.main.ScriptEngine.runScriptAsRawText(ScriptEngine.java:119)
	at com.kms.katalon.core.main.TestCaseExecutor.runScript(TestCaseExecutor.java:337)
	at com.kms.katalon.core.main.TestCaseExecutor.doExecute(TestCaseExecutor.java:328)
	at com.kms.katalon.core.main.TestCaseExecutor.processExecutionPhase(TestCaseExecutor.java:307)
	at com.kms.katalon.core.main.TestCaseExecutor.accessMainPhase(TestCaseExecutor.java:299)
	at com.kms.katalon.core.main.TestCaseExecutor.execute(TestCaseExecutor.java:233)
	at com.kms.katalon.core.main.TestSuiteExecutor.accessTestCaseMainPhase(TestSuiteExecutor.java:169)
	at com.kms.katalon.core.main.TestSuiteExecutor.accessTestSuiteMainPhase(TestSuiteExecutor.java:142)
	at com.kms.katalon.core.main.TestSuiteExecutor.execute(TestSuiteExecutor.java:91)
	at com.kms.katalon.core.main.TestCaseMain.startTestSuite(TestCaseMain.java:157)
	at com.kms.katalon.core.main.TestCaseMain$startTestSuite$0.call(Unknown Source)
	at TempTestSuite1574306795654.run(TempTestSuite1574306795654.groovy:36)


2019-11-21 10:47:15 - [TEST_STEP][FAILED] - inpPekerjaan = getText(findTestObject("Borrower/Borrower - Pekerjaan/Borrower_Pekerjaan_InpPekerjaan"), 0): Failed to get text from element (Root cause: com.kms.katalon.core.exception.StepFailedException: Object Object Repository/Borrower/Borrower - Pekerjaan/Borrower_Pekerjaan_InpPekerjaan not found
	at com.kms.katalon.core.keyword.internal.KeywordMain.stepFailed(KeywordMain.groovy:50)
	at com.kms.katalon.core.mobile.keyword.internal.MobileKeywordMain.stepFailed(MobileKeywordMain.groovy:40)
	at com.kms.katalon.core.mobile.keyword.builtin.GetTextKeyword$_getText_closure1.doCall(GetTextKeyword.groovy:74)
	at com.kms.katalon.core.mobile.keyword.builtin.GetTextKeyword$_getText_closure1.call(GetTextKeyword.groovy)
	at com.kms.katalon.core.mobile.keyword.internal.MobileKeywordMain.runKeyword(MobileKeywordMain.groovy:21)
	at com.kms.katalon.core.mobile.keyword.builtin.GetTextKeyword.getText(GetTextKeyword.groovy:80)
	at com.kms.katalon.core.mobile.keyword.builtin.GetTextKeyword.execute(GetTextKeyword.groovy:64)
	at com.kms.katalon.core.keyword.internal.KeywordExecutor.executeKeywordForPlatform(KeywordExecutor.groovy:60)
	at com.kms.katalon.core.mobile.keyword.MobileBuiltInKeywords.getText(MobileBuiltInKeywords.groovy:458)
	at com.kms.katalon.core.mobile.keyword.MobileBuiltInKeywords$getText$13.call(Unknown Source)
	at TC_Borrower - Pekerjaan - MASTER FLOW.run(TC_Borrower - Pekerjaan - MASTER FLOW:16)
	at com.kms.katalon.core.main.ScriptEngine.run(ScriptEngine.java:194)
	at com.kms.katalon.core.main.ScriptEngine.runScriptAsRawText(ScriptEngine.java:119)
	at com.kms.katalon.core.main.TestCaseExecutor.runScript(TestCaseExecutor.java:337)
	at com.kms.katalon.core.main.TestCaseExecutor.doExecute(TestCaseExecutor.java:328)
	at com.kms.katalon.core.main.TestCaseExecutor.processExecutionPhase(TestCaseExecutor.java:307)
	at com.kms.katalon.core.main.TestCaseExecutor.accessMainPhase(TestCaseExecutor.java:299)
	at com.kms.katalon.core.main.TestCaseExecutor.execute(TestCaseExecutor.java:233)
	at com.kms.katalon.core.main.TestCaseMain.runTestCase(TestCaseMain.java:114)
	at com.kms.katalon.core.keyword.builtin.CallTestCaseKeyword$_callTestCase_closure1.doCall(CallTestCaseKeyword.groovy:59)
	at com.kms.katalon.core.keyword.builtin.CallTestCaseKeyword$_callTestCase_closure1.call(CallTestCaseKeyword.groovy)
	at com.kms.katalon.core.keyword.internal.KeywordMain.runKeyword(KeywordMain.groovy:68)
	at com.kms.katalon.core.keyword.builtin.CallTestCaseKeyword.callTestCase(CallTestCaseKeyword.groovy:81)
	at com.kms.katalon.core.keyword.builtin.CallTestCaseKeyword.execute(CallTestCaseKeyword.groovy:44)
	at com.kms.katalon.core.keyword.internal.KeywordExecutor.executeKeywordForPlatform(KeywordExecutor.groovy:60)
	at com.kms.katalon.core.keyword.BuiltinKeywords.callTestCase(BuiltinKeywords.groovy:334)
	at Flow Borrower.run(Flow Borrower:42)
	at com.kms.katalon.core.main.ScriptEngine.run(ScriptEngine.java:194)
	at com.kms.katalon.core.main.ScriptEngine.runScriptAsRawText(ScriptEngine.java:119)
	at com.kms.katalon.core.main.TestCaseExecutor.runScript(TestCaseExecutor.java:337)
	at com.kms.katalon.core.main.TestCaseExecutor.doExecute(TestCaseExecutor.java:328)
	at com.kms.katalon.core.main.TestCaseExecutor.processExecutionPhase(TestCaseExecutor.java:307)
	at com.kms.katalon.core.main.TestCaseExecutor.accessMainPhase(TestCaseExecutor.java:299)
	at com.kms.katalon.core.main.TestCaseExecutor.execute(TestCaseExecutor.java:233)
	at com.kms.katalon.core.main.TestCaseMain.runTestCase(TestCaseMain.java:114)
	at com.kms.katalon.core.keyword.builtin.CallTestCaseKeyword$_callTestCase_closure1.doCall(CallTestCaseKeyword.groovy:59)
	at com.kms.katalon.core.keyword.builtin.CallTestCaseKeyword$_callTestCase_closure1.call(CallTestCaseKeyword.groovy)
	at com.kms.katalon.core.keyword.internal.KeywordMain.runKeyword(KeywordMain.groovy:68)
	at com.kms.katalon.core.keyword.builtin.CallTestCaseKeyword.callTestCase(CallTestCaseKeyword.groovy:81)
	at com.kms.katalon.core.keyword.builtin.CallTestCaseKeyword.execute(CallTestCaseKeyword.groovy:44)
	at com.kms.katalon.core.keyword.internal.KeywordExecutor.executeKeywordForPlatform(KeywordExecutor.groovy:60)
	at com.kms.katalon.core.keyword.BuiltinKeywords.callTestCase(BuiltinKeywords.groovy:334)
	at TC_Data Entry.run(TC_Data Entry:42)
	at com.kms.katalon.core.main.ScriptEngine.run(ScriptEngine.java:194)
	at com.kms.katalon.core.main.ScriptEngine.runScriptAsRawText(ScriptEngine.java:119)
	at com.kms.katalon.core.main.TestCaseExecutor.runScript(TestCaseExecutor.java:337)
	at com.kms.katalon.core.main.TestCaseExecutor.doExecute(TestCaseExecutor.java:328)
	at com.kms.katalon.core.main.TestCaseExecutor.processExecutionPhase(TestCaseExecutor.java:307)
	at com.kms.katalon.core.main.TestCaseExecutor.accessMainPhase(TestCaseExecutor.java:299)
	at com.kms.katalon.core.main.TestCaseExecutor.execute(TestCaseExecutor.java:233)
	at com.kms.katalon.core.main.TestSuiteExecutor.accessTestCaseMainPhase(TestSuiteExecutor.java:169)
	at com.kms.katalon.core.main.TestSuiteExecutor.accessTestSuiteMainPhase(TestSuiteExecutor.java:142)
	at com.kms.katalon.core.main.TestSuiteExecutor.execute(TestSuiteExecutor.java:91)
	at com.kms.katalon.core.main.TestCaseMain.startTestSuite(TestCaseMain.java:157)
	at com.kms.katalon.core.main.TestCaseMain$startTestSuite$0.call(Unknown Source)
	at TempTestSuite1574306795654.run(TempTestSuite1574306795654.groovy:36)
)

2019-11-21 10:47:15 - [MESSAGE][WARNING] - Timeout '0' is invalid. Using default page load timeout: '30'

2019-11-21 10:47:47 - [MESSAGE][FAILED] - Object Object Repository/Borrower/Borrower - Pekerjaan/Borrower_Pekerjaan_InpPekerjaan not found
[[ATTACHMENT|C:\\Users\\15420\\git\\ACCME-Dupcheck\\Reports\\20191121_102635\\data entry dupcek\\20191121_102635\\1574308065507.png]]

2019-11-21 10:47:48 - [MESSAGE][FAILED] - Failed to get text from element (Root cause: com.kms.katalon.core.exception.StepFailedException: Object Object Repository/Borrower/Borrower - Pekerjaan/Borrower_Pekerjaan_InpPekerjaan not found
	at com.kms.katalon.core.keyword.internal.KeywordMain.stepFailed(KeywordMain.groovy:50)
	at com.kms.katalon.core.mobile.keyword.internal.MobileKeywordMain.stepFailed(MobileKeywordMain.groovy:40)
	at com.kms.katalon.core.mobile.keyword.builtin.GetTextKeyword$_getText_closure1.doCall(GetTextKeyword.groovy:74)
	at com.kms.katalon.core.mobile.keyword.builtin.GetTextKeyword$_getText_closure1.call(GetTextKeyword.groovy)
	at com.kms.katalon.core.mobile.keyword.internal.MobileKeywordMain.runKeyword(MobileKeywordMain.groovy:21)
	at com.kms.katalon.core.mobile.keyword.builtin.GetTextKeyword.getText(GetTextKeyword.groovy:80)
	at com.kms.katalon.core.mobile.keyword.builtin.GetTextKeyword.execute(GetTextKeyword.groovy:64)
	at com.kms.katalon.core.keyword.internal.KeywordExecutor.executeKeywordForPlatform(KeywordExecutor.groovy:60)
	at com.kms.katalon.core.mobile.keyword.MobileBuiltInKeywords.getText(MobileBuiltInKeywords.groovy:458)
	at com.kms.katalon.core.mobile.keyword.MobileBuiltInKeywords$getText$13.call(Unknown Source)
	at TC_Borrower - Pekerjaan - MASTER FLOW.run(TC_Borrower - Pekerjaan - MASTER FLOW:16)
	at com.kms.katalon.core.main.ScriptEngine.run(ScriptEngine.java:194)
	at com.kms.katalon.core.main.ScriptEngine.runScriptAsRawText(ScriptEngine.java:119)
	at com.kms.katalon.core.main.TestCaseExecutor.runScript(TestCaseExecutor.java:337)
	at com.kms.katalon.core.main.TestCaseExecutor.doExecute(TestCaseExecutor.java:328)
	at com.kms.katalon.core.main.TestCaseExecutor.processExecutionPhase(TestCaseExecutor.java:307)
	at com.kms.katalon.core.main.TestCaseExecutor.accessMainPhase(TestCaseExecutor.java:299)
	at com.kms.katalon.core.main.TestCaseExecutor.execute(TestCaseExecutor.java:233)
	at com.kms.katalon.core.main.TestCaseMain.runTestCase(TestCaseMain.java:114)
	at com.kms.katalon.core.keyword.builtin.CallTestCaseKeyword$_callTestCase_closure1.doCall(CallTestCaseKeyword.groovy:59)
	at com.kms.katalon.core.keyword.builtin.CallTestCaseKeyword$_callTestCase_closure1.call(CallTestCaseKeyword.groovy)
	at com.kms.katalon.core.keyword.internal.KeywordMain.runKeyword(KeywordMain.groovy:68)
	at com.kms.katalon.core.keyword.builtin.CallTestCaseKeyword.callTestCase(CallTestCaseKeyword.groovy:81)
	at com.kms.katalon.core.keyword.builtin.CallTestCaseKeyword.execute(CallTestCaseKeyword.groovy:44)
	at com.kms.katalon.core.keyword.internal.KeywordExecutor.executeKeywordForPlatform(KeywordExecutor.groovy:60)
	at com.kms.katalon.core.keyword.BuiltinKeywords.callTestCase(BuiltinKeywords.groovy:334)
	at Flow Borrower.run(Flow Borrower:42)
	at com.kms.katalon.core.main.ScriptEngine.run(ScriptEngine.java:194)
	at com.kms.katalon.core.main.ScriptEngine.runScriptAsRawText(ScriptEngine.java:119)
	at com.kms.katalon.core.main.TestCaseExecutor.runScript(TestCaseExecutor.java:337)
	at com.kms.katalon.core.main.TestCaseExecutor.doExecute(TestCaseExecutor.java:328)
	at com.kms.katalon.core.main.TestCaseExecutor.processExecutionPhase(TestCaseExecutor.java:307)
	at com.kms.katalon.core.main.TestCaseExecutor.accessMainPhase(TestCaseExecutor.java:299)
	at com.kms.katalon.core.main.TestCaseExecutor.execute(TestCaseExecutor.java:233)
	at com.kms.katalon.core.main.TestCaseMain.runTestCase(TestCaseMain.java:114)
	at com.kms.katalon.core.keyword.builtin.CallTestCaseKeyword$_callTestCase_closure1.doCall(CallTestCaseKeyword.groovy:59)
	at com.kms.katalon.core.keyword.builtin.CallTestCaseKeyword$_callTestCase_closure1.call(CallTestCaseKeyword.groovy)
	at com.kms.katalon.core.keyword.internal.KeywordMain.runKeyword(KeywordMain.groovy:68)
	at com.kms.katalon.core.keyword.builtin.CallTestCaseKeyword.callTestCase(CallTestCaseKeyword.groovy:81)
	at com.kms.katalon.core.keyword.builtin.CallTestCaseKeyword.execute(CallTestCaseKeyword.groovy:44)
	at com.kms.katalon.core.keyword.internal.KeywordExecutor.executeKeywordForPlatform(KeywordExecutor.groovy:60)
	at com.kms.katalon.core.keyword.BuiltinKeywords.callTestCase(BuiltinKeywords.groovy:334)
	at TC_Data Entry.run(TC_Data Entry:42)
	at com.kms.katalon.core.main.ScriptEngine.run(ScriptEngine.java:194)
	at com.kms.katalon.core.main.ScriptEngine.runScriptAsRawText(ScriptEngine.java:119)
	at com.kms.katalon.core.main.TestCaseExecutor.runScript(TestCaseExecutor.java:337)
	at com.kms.katalon.core.main.TestCaseExecutor.doExecute(TestCaseExecutor.java:328)
	at com.kms.katalon.core.main.TestCaseExecutor.processExecutionPhase(TestCaseExecutor.java:307)
	at com.kms.katalon.core.main.TestCaseExecutor.accessMainPhase(TestCaseExecutor.java:299)
	at com.kms.katalon.core.main.TestCaseExecutor.execute(TestCaseExecutor.java:233)
	at com.kms.katalon.core.main.TestSuiteExecutor.accessTestCaseMainPhase(TestSuiteExecutor.java:169)
	at com.kms.katalon.core.main.TestSuiteExecutor.accessTestSuiteMainPhase(TestSuiteExecutor.java:142)
	at com.kms.katalon.core.main.TestSuiteExecutor.execute(TestSuiteExecutor.java:91)
	at com.kms.katalon.core.main.TestCaseMain.startTestSuite(TestCaseMain.java:157)
	at com.kms.katalon.core.main.TestCaseMain$startTestSuite$0.call(Unknown Source)
	at TempTestSuite1574306795654.run(TempTestSuite1574306795654.groovy:36)
)
[[ATTACHMENT|C:\\Users\\15420\\git\\ACCME-Dupcheck\\Reports\\20191121_102635\\data entry dupcek\\20191121_102635\\1574308067085.png]]

2019-11-21 10:47:48 - [MESSAGE][FAILED] - Unable to call Test Case 'Test Cases/Data Entry/Borrower/Borrower - Pekerjaan/MASTER FLOW/TC_Borrower - Pekerjaan - MASTER FLOW' (Root cause: com.kms.katalon.core.exception.StepFailedException: Call Test Case 'Test Cases/Data Entry/Borrower/Borrower - Pekerjaan/MASTER FLOW/TC_Borrower - Pekerjaan - MASTER FLOW' failed
	at com.kms.katalon.core.keyword.builtin.CallTestCaseKeyword$_callTestCase_closure1.doCall(CallTestCaseKeyword.groovy:63)
	at com.kms.katalon.core.keyword.builtin.CallTestCaseKeyword$_callTestCase_closure1.call(CallTestCaseKeyword.groovy)
	at com.kms.katalon.core.keyword.internal.KeywordMain.runKeyword(KeywordMain.groovy:68)
	at com.kms.katalon.core.keyword.builtin.CallTestCaseKeyword.callTestCase(CallTestCaseKeyword.groovy:81)
	at com.kms.katalon.core.keyword.builtin.CallTestCaseKeyword.execute(CallTestCaseKeyword.groovy:44)
	at com.kms.katalon.core.keyword.internal.KeywordExecutor.executeKeywordForPlatform(KeywordExecutor.groovy:60)
	at com.kms.katalon.core.keyword.BuiltinKeywords.callTestCase(BuiltinKeywords.groovy:334)
	at Flow Borrower.run(Flow Borrower:42)
	at com.kms.katalon.core.main.ScriptEngine.run(ScriptEngine.java:194)
	at com.kms.katalon.core.main.ScriptEngine.runScriptAsRawText(ScriptEngine.java:119)
	at com.kms.katalon.core.main.TestCaseExecutor.runScript(TestCaseExecutor.java:337)
	at com.kms.katalon.core.main.TestCaseExecutor.doExecute(TestCaseExecutor.java:328)
	at com.kms.katalon.core.main.TestCaseExecutor.processExecutionPhase(TestCaseExecutor.java:307)
	at com.kms.katalon.core.main.TestCaseExecutor.accessMainPhase(TestCaseExecutor.java:299)
	at com.kms.katalon.core.main.TestCaseExecutor.execute(TestCaseExecutor.java:233)
	at com.kms.katalon.core.main.TestCaseMain.runTestCase(TestCaseMain.java:114)
	at com.kms.katalon.core.keyword.builtin.CallTestCaseKeyword$_callTestCase_closure1.doCall(CallTestCaseKeyword.groovy:59)
	at com.kms.katalon.core.keyword.builtin.CallTestCaseKeyword$_callTestCase_closure1.call(CallTestCaseKeyword.groovy)
	at com.kms.katalon.core.keyword.internal.KeywordMain.runKeyword(KeywordMain.groovy:68)
	at com.kms.katalon.core.keyword.builtin.CallTestCaseKeyword.callTestCase(CallTestCaseKeyword.groovy:81)
	at com.kms.katalon.core.keyword.builtin.CallTestCaseKeyword.execute(CallTestCaseKeyword.groovy:44)
	at com.kms.katalon.core.keyword.internal.KeywordExecutor.executeKeywordForPlatform(KeywordExecutor.groovy:60)
	at com.kms.katalon.core.keyword.BuiltinKeywords.callTestCase(BuiltinKeywords.groovy:334)
	at TC_Data Entry.run(TC_Data Entry:42)
	at com.kms.katalon.core.main.ScriptEngine.run(ScriptEngine.java:194)
	at com.kms.katalon.core.main.ScriptEngine.runScriptAsRawText(ScriptEngine.java:119)
	at com.kms.katalon.core.main.TestCaseExecutor.runScript(TestCaseExecutor.java:337)
	at com.kms.katalon.core.main.TestCaseExecutor.doExecute(TestCaseExecutor.java:328)
	at com.kms.katalon.core.main.TestCaseExecutor.processExecutionPhase(TestCaseExecutor.java:307)
	at com.kms.katalon.core.main.TestCaseExecutor.accessMainPhase(TestCaseExecutor.java:299)
	at com.kms.katalon.core.main.TestCaseExecutor.execute(TestCaseExecutor.java:233)
	at com.kms.katalon.core.main.TestSuiteExecutor.accessTestCaseMainPhase(TestSuiteExecutor.java:169)
	at com.kms.katalon.core.main.TestSuiteExecutor.accessTestSuiteMainPhase(TestSuiteExecutor.java:142)
	at com.kms.katalon.core.main.TestSuiteExecutor.execute(TestSuiteExecutor.java:91)
	at com.kms.katalon.core.main.TestCaseMain.startTestSuite(TestCaseMain.java:157)
	at com.kms.katalon.core.main.TestCaseMain$startTestSuite$0.call(Unknown Source)
	at TempTestSuite1574306795654.run(TempTestSuite1574306795654.groovy:36)
Caused by: com.kms.katalon.core.exception.StepFailedException: Object Object Repository/Borrower/Borrower - Pekerjaan/Borrower_Pekerjaan_InpPekerjaan not found
	at com.kms.katalon.core.keyword.internal.KeywordMain.stepFailed(KeywordMain.groovy:50)
	at com.kms.katalon.core.mobile.keyword.internal.MobileKeywordMain.stepFailed(MobileKeywordMain.groovy:40)
	at com.kms.katalon.core.mobile.keyword.builtin.GetTextKeyword$_getText_closure1.doCall(GetTextKeyword.groovy:74)
	at com.kms.katalon.core.mobile.keyword.builtin.GetTextKeyword$_getText_closure1.call(GetTextKeyword.groovy)
	at com.kms.katalon.core.mobile.keyword.internal.MobileKeywordMain.runKeyword(MobileKeywordMain.groovy:21)
	at com.kms.katalon.core.mobile.keyword.builtin.GetTextKeyword.getText(GetTextKeyword.groovy:80)
	at com.kms.katalon.core.mobile.keyword.builtin.GetTextKeyword.execute(GetTextKeyword.groovy:64)
	at com.kms.katalon.core.keyword.internal.KeywordExecutor.executeKeywordForPlatform(KeywordExecutor.groovy:60)
	at com.kms.katalon.core.mobile.keyword.MobileBuiltInKeywords.getText(MobileBuiltInKeywords.groovy:458)
	at com.kms.katalon.core.mobile.keyword.MobileBuiltInKeywords$getText$13.call(Unknown Source)
	at TC_Borrower - Pekerjaan - MASTER FLOW.run(TC_Borrower - Pekerjaan - MASTER FLOW:16)
	at com.kms.katalon.core.main.ScriptEngine.run(ScriptEngine.java:194)
	at com.kms.katalon.core.main.ScriptEngine.runScriptAsRawText(ScriptEngine.java:119)
	at com.kms.katalon.core.main.TestCaseExecutor.runScript(TestCaseExecutor.java:337)
	at com.kms.katalon.core.main.TestCaseExecutor.doExecute(TestCaseExecutor.java:328)
	at com.kms.katalon.core.main.TestCaseExecutor.processExecutionPhase(TestCaseExecutor.java:307)
	at com.kms.katalon.core.main.TestCaseExecutor.accessMainPhase(TestCaseExecutor.java:299)
	at com.kms.katalon.core.main.TestCaseExecutor.execute(TestCaseExecutor.java:233)
	at com.kms.katalon.core.main.TestCaseMain.runTestCase(TestCaseMain.java:114)
	at com.kms.katalon.core.keyword.builtin.CallTestCaseKeyword$_callTestCase_closure1.doCall(CallTestCaseKeyword.groovy:59)
	... 36 more
)

2019-11-21 10:47:48 - [MESSAGE][FAILED] - Unable to call Test Case 'Test Cases/Data Entry/Borrower/Flow Borrower' (Root cause: com.kms.katalon.core.exception.StepFailedException: Call Test Case 'Test Cases/Data Entry/Borrower/Flow Borrower' failed
	at com.kms.katalon.core.keyword.builtin.CallTestCaseKeyword$_callTestCase_closure1.doCall(CallTestCaseKeyword.groovy:63)
	at com.kms.katalon.core.keyword.builtin.CallTestCaseKeyword$_callTestCase_closure1.call(CallTestCaseKeyword.groovy)
	at com.kms.katalon.core.keyword.internal.KeywordMain.runKeyword(KeywordMain.groovy:68)
	at com.kms.katalon.core.keyword.builtin.CallTestCaseKeyword.callTestCase(CallTestCaseKeyword.groovy:81)
	at com.kms.katalon.core.keyword.builtin.CallTestCaseKeyword.execute(CallTestCaseKeyword.groovy:44)
	at com.kms.katalon.core.keyword.internal.KeywordExecutor.executeKeywordForPlatform(KeywordExecutor.groovy:60)
	at com.kms.katalon.core.keyword.BuiltinKeywords.callTestCase(BuiltinKeywords.groovy:334)
	at TC_Data Entry.run(TC_Data Entry:42)
	at com.kms.katalon.core.main.ScriptEngine.run(ScriptEngine.java:194)
	at com.kms.katalon.core.main.ScriptEngine.runScriptAsRawText(ScriptEngine.java:119)
	at com.kms.katalon.core.main.TestCaseExecutor.runScript(TestCaseExecutor.java:337)
	at com.kms.katalon.core.main.TestCaseExecutor.doExecute(TestCaseExecutor.java:328)
	at com.kms.katalon.core.main.TestCaseExecutor.processExecutionPhase(TestCaseExecutor.java:307)
	at com.kms.katalon.core.main.TestCaseExecutor.accessMainPhase(TestCaseExecutor.java:299)
	at com.kms.katalon.core.main.TestCaseExecutor.execute(TestCaseExecutor.java:233)
	at com.kms.katalon.core.main.TestSuiteExecutor.accessTestCaseMainPhase(TestSuiteExecutor.java:169)
	at com.kms.katalon.core.main.TestSuiteExecutor.accessTestSuiteMainPhase(TestSuiteExecutor.java:142)
	at com.kms.katalon.core.main.TestSuiteExecutor.execute(TestSuiteExecutor.java:91)
	at com.kms.katalon.core.main.TestCaseMain.startTestSuite(TestCaseMain.java:157)
	at com.kms.katalon.core.main.TestCaseMain$startTestSuite$0.call(Unknown Source)
	at TempTestSuite1574306795654.run(TempTestSuite1574306795654.groovy:36)
Caused by: com.kms.katalon.core.exception.StepFailedException: Call Test Case 'Test Cases/Data Entry/Borrower/Borrower - Pekerjaan/MASTER FLOW/TC_Borrower - Pekerjaan - MASTER FLOW' failed
	at com.kms.katalon.core.keyword.builtin.CallTestCaseKeyword$_callTestCase_closure1.doCall(CallTestCaseKeyword.groovy:63)
	at com.kms.katalon.core.keyword.builtin.CallTestCaseKeyword$_callTestCase_closure1.call(CallTestCaseKeyword.groovy)
	at com.kms.katalon.core.keyword.internal.KeywordMain.runKeyword(KeywordMain.groovy:68)
	at com.kms.katalon.core.keyword.builtin.CallTestCaseKeyword.callTestCase(CallTestCaseKeyword.groovy:81)
	at com.kms.katalon.core.keyword.builtin.CallTestCaseKeyword.execute(CallTestCaseKeyword.groovy:44)
	at com.kms.katalon.core.keyword.internal.KeywordExecutor.executeKeywordForPlatform(KeywordExecutor.groovy:60)
	at com.kms.katalon.core.keyword.BuiltinKeywords.callTestCase(BuiltinKeywords.groovy:334)
	at Flow Borrower.run(Flow Borrower:42)
	at com.kms.katalon.core.main.ScriptEngine.run(ScriptEngine.java:194)
	at com.kms.katalon.core.main.ScriptEngine.runScriptAsRawText(ScriptEngine.java:119)
	at com.kms.katalon.core.main.TestCaseExecutor.runScript(TestCaseExecutor.java:337)
	at com.kms.katalon.core.main.TestCaseExecutor.doExecute(TestCaseExecutor.java:328)
	at com.kms.katalon.core.main.TestCaseExecutor.processExecutionPhase(TestCaseExecutor.java:307)
	at com.kms.katalon.core.main.TestCaseExecutor.accessMainPhase(TestCaseExecutor.java:299)
	at com.kms.katalon.core.main.TestCaseExecutor.execute(TestCaseExecutor.java:233)
	at com.kms.katalon.core.main.TestCaseMain.runTestCase(TestCaseMain.java:114)
	at com.kms.katalon.core.keyword.builtin.CallTestCaseKeyword$_callTestCase_closure1.doCall(CallTestCaseKeyword.groovy:59)
	... 20 more
Caused by: com.kms.katalon.core.exception.StepFailedException: Object Object Repository/Borrower/Borrower - Pekerjaan/Borrower_Pekerjaan_InpPekerjaan not found
	at com.kms.katalon.core.keyword.internal.KeywordMain.stepFailed(KeywordMain.groovy:50)
	at com.kms.katalon.core.mobile.keyword.internal.MobileKeywordMain.stepFailed(MobileKeywordMain.groovy:40)
	at com.kms.katalon.core.mobile.keyword.builtin.GetTextKeyword$_getText_closure1.doCall(GetTextKeyword.groovy:74)
	at com.kms.katalon.core.mobile.keyword.builtin.GetTextKeyword$_getText_closure1.call(GetTextKeyword.groovy)
	at com.kms.katalon.core.mobile.keyword.internal.MobileKeywordMain.runKeyword(MobileKeywordMain.groovy:21)
	at com.kms.katalon.core.mobile.keyword.builtin.GetTextKeyword.getText(GetTextKeyword.groovy:80)
	at com.kms.katalon.core.mobile.keyword.builtin.GetTextKeyword.execute(GetTextKeyword.groovy:64)
	at com.kms.katalon.core.keyword.internal.KeywordExecutor.executeKeywordForPlatform(KeywordExecutor.groovy:60)
	at com.kms.katalon.core.mobile.keyword.MobileBuiltInKeywords.getText(MobileBuiltInKeywords.groovy:458)
	at com.kms.katalon.core.mobile.keyword.MobileBuiltInKeywords$getText$13.call(Unknown Source)
	at TC_Borrower - Pekerjaan - MASTER FLOW.run(TC_Borrower - Pekerjaan - MASTER FLOW:16)
	at com.kms.katalon.core.main.ScriptEngine.run(ScriptEngine.java:194)
	at com.kms.katalon.core.main.ScriptEngine.runScriptAsRawText(ScriptEngine.java:119)
	at com.kms.katalon.core.main.TestCaseExecutor.runScript(TestCaseExecutor.java:337)
	at com.kms.katalon.core.main.TestCaseExecutor.doExecute(TestCaseExecutor.java:328)
	at com.kms.katalon.core.main.TestCaseExecutor.processExecutionPhase(TestCaseExecutor.java:307)
	at com.kms.katalon.core.main.TestCaseExecutor.accessMainPhase(TestCaseExecutor.java:299)
	at com.kms.katalon.core.main.TestCaseExecutor.execute(TestCaseExecutor.java:233)
	at com.kms.katalon.core.main.TestCaseMain.runTestCase(TestCaseMain.java:114)
	at com.kms.katalon.core.keyword.builtin.CallTestCaseKeyword$_callTestCase_closure1.doCall(CallTestCaseKeyword.groovy:59)
	... 36 more
)]]></system-out>
         <system-err><![CDATA[2019-11-21 10:37:43 - [TEST_CASE][FAILED] - Test Cases/Data Entry/TC_Data Entry: Test Cases/Data Entry/TC_Data Entry FAILED.
Reason:
com.kms.katalon.core.exception.StepFailedException: Call Test Case 'Test Cases/Data Entry/Borrower/Flow Borrower' failed
	at com.kms.katalon.core.keyword.builtin.CallTestCaseKeyword$_callTestCase_closure1.doCall(CallTestCaseKeyword.groovy:63)
	at com.kms.katalon.core.keyword.builtin.CallTestCaseKeyword$_callTestCase_closure1.call(CallTestCaseKeyword.groovy)
	at com.kms.katalon.core.keyword.internal.KeywordMain.runKeyword(KeywordMain.groovy:68)
	at com.kms.katalon.core.keyword.builtin.CallTestCaseKeyword.callTestCase(CallTestCaseKeyword.groovy:81)
	at com.kms.katalon.core.keyword.builtin.CallTestCaseKeyword.execute(CallTestCaseKeyword.groovy:44)
	at com.kms.katalon.core.keyword.internal.KeywordExecutor.executeKeywordForPlatform(KeywordExecutor.groovy:60)
	at com.kms.katalon.core.keyword.BuiltinKeywords.callTestCase(BuiltinKeywords.groovy:334)
	at TC_Data Entry.run(TC_Data Entry:42)
	at com.kms.katalon.core.main.ScriptEngine.run(ScriptEngine.java:194)
	at com.kms.katalon.core.main.ScriptEngine.runScriptAsRawText(ScriptEngine.java:119)
	at com.kms.katalon.core.main.TestCaseExecutor.runScript(TestCaseExecutor.java:337)
	at com.kms.katalon.core.main.TestCaseExecutor.doExecute(TestCaseExecutor.java:328)
	at com.kms.katalon.core.main.TestCaseExecutor.processExecutionPhase(TestCaseExecutor.java:307)
	at com.kms.katalon.core.main.TestCaseExecutor.accessMainPhase(TestCaseExecutor.java:299)
	at com.kms.katalon.core.main.TestCaseExecutor.execute(TestCaseExecutor.java:233)
	at com.kms.katalon.core.main.TestSuiteExecutor.accessTestCaseMainPhase(TestSuiteExecutor.java:169)
	at com.kms.katalon.core.main.TestSuiteExecutor.accessTestSuiteMainPhase(TestSuiteExecutor.java:142)
	at com.kms.katalon.core.main.TestSuiteExecutor.execute(TestSuiteExecutor.java:91)
	at com.kms.katalon.core.main.TestCaseMain.startTestSuite(TestCaseMain.java:157)
	at com.kms.katalon.core.main.TestCaseMain$startTestSuite$0.call(Unknown Source)
	at TempTestSuite1574306795654.run(TempTestSuite1574306795654.groovy:36)
Caused by: com.kms.katalon.core.exception.StepFailedException: Call Test Case 'Test Cases/Data Entry/Borrower/Borrower - Pekerjaan/MASTER FLOW/TC_Borrower - Pekerjaan - MASTER FLOW' failed
	at com.kms.katalon.core.keyword.builtin.CallTestCaseKeyword$_callTestCase_closure1.doCall(CallTestCaseKeyword.groovy:63)
	at com.kms.katalon.core.keyword.builtin.CallTestCaseKeyword$_callTestCase_closure1.call(CallTestCaseKeyword.groovy)
	at com.kms.katalon.core.keyword.internal.KeywordMain.runKeyword(KeywordMain.groovy:68)
	at com.kms.katalon.core.keyword.builtin.CallTestCaseKeyword.callTestCase(CallTestCaseKeyword.groovy:81)
	at com.kms.katalon.core.keyword.builtin.CallTestCaseKeyword.execute(CallTestCaseKeyword.groovy:44)
	at com.kms.katalon.core.keyword.internal.KeywordExecutor.executeKeywordForPlatform(KeywordExecutor.groovy:60)
	at com.kms.katalon.core.keyword.BuiltinKeywords.callTestCase(BuiltinKeywords.groovy:334)
	at Flow Borrower.run(Flow Borrower:42)
	at com.kms.katalon.core.main.ScriptEngine.run(ScriptEngine.java:194)
	at com.kms.katalon.core.main.ScriptEngine.runScriptAsRawText(ScriptEngine.java:119)
	at com.kms.katalon.core.main.TestCaseExecutor.runScript(TestCaseExecutor.java:337)
	at com.kms.katalon.core.main.TestCaseExecutor.doExecute(TestCaseExecutor.java:328)
	at com.kms.katalon.core.main.TestCaseExecutor.processExecutionPhase(TestCaseExecutor.java:307)
	at com.kms.katalon.core.main.TestCaseExecutor.accessMainPhase(TestCaseExecutor.java:299)
	at com.kms.katalon.core.main.TestCaseExecutor.execute(TestCaseExecutor.java:233)
	at com.kms.katalon.core.main.TestCaseMain.runTestCase(TestCaseMain.java:114)
	at com.kms.katalon.core.keyword.builtin.CallTestCaseKeyword$_callTestCase_closure1.doCall(CallTestCaseKeyword.groovy:59)
	... 20 more
Caused by: com.kms.katalon.core.exception.StepFailedException: Object Object Repository/Borrower/Borrower - Pekerjaan/Borrower_Pekerjaan_InpPekerjaan not found
	at com.kms.katalon.core.keyword.internal.KeywordMain.stepFailed(KeywordMain.groovy:50)
	at com.kms.katalon.core.mobile.keyword.internal.MobileKeywordMain.stepFailed(MobileKeywordMain.groovy:40)
	at com.kms.katalon.core.mobile.keyword.builtin.GetTextKeyword$_getText_closure1.doCall(GetTextKeyword.groovy:74)
	at com.kms.katalon.core.mobile.keyword.builtin.GetTextKeyword$_getText_closure1.call(GetTextKeyword.groovy)
	at com.kms.katalon.core.mobile.keyword.internal.MobileKeywordMain.runKeyword(MobileKeywordMain.groovy:21)
	at com.kms.katalon.core.mobile.keyword.builtin.GetTextKeyword.getText(GetTextKeyword.groovy:80)
	at com.kms.katalon.core.mobile.keyword.builtin.GetTextKeyword.execute(GetTextKeyword.groovy:64)
	at com.kms.katalon.core.keyword.internal.KeywordExecutor.executeKeywordForPlatform(KeywordExecutor.groovy:60)
	at com.kms.katalon.core.mobile.keyword.MobileBuiltInKeywords.getText(MobileBuiltInKeywords.groovy:458)
	at com.kms.katalon.core.mobile.keyword.MobileBuiltInKeywords$getText$13.call(Unknown Source)
	at TC_Borrower - Pekerjaan - MASTER FLOW.run(TC_Borrower - Pekerjaan - MASTER FLOW:16)
	at com.kms.katalon.core.main.ScriptEngine.run(ScriptEngine.java:194)
	at com.kms.katalon.core.main.ScriptEngine.runScriptAsRawText(ScriptEngine.java:119)
	at com.kms.katalon.core.main.TestCaseExecutor.runScript(TestCaseExecutor.java:337)
	at com.kms.katalon.core.main.TestCaseExecutor.doExecute(TestCaseExecutor.java:328)
	at com.kms.katalon.core.main.TestCaseExecutor.processExecutionPhase(TestCaseExecutor.java:307)
	at com.kms.katalon.core.main.TestCaseExecutor.accessMainPhase(TestCaseExecutor.java:299)
	at com.kms.katalon.core.main.TestCaseExecutor.execute(TestCaseExecutor.java:233)
	at com.kms.katalon.core.main.TestCaseMain.runTestCase(TestCaseMain.java:114)
	at com.kms.katalon.core.keyword.builtin.CallTestCaseKeyword$_callTestCase_closure1.doCall(CallTestCaseKeyword.groovy:59)
	... 36 more]]></system-err>
      </testcase>
      <system-out><![CDATA[2019-11-21 10:26:42 - [TEST_SUITE][FAILED] - data entry dupcek: Test Cases/Data Entry/TC_Data Entry FAILED.
Reason:
com.kms.katalon.core.exception.StepFailedException: Call Test Case 'Test Cases/Data Entry/Borrower/Flow Borrower' failed
	at com.kms.katalon.core.keyword.builtin.CallTestCaseKeyword$_callTestCase_closure1.doCall(CallTestCaseKeyword.groovy:63)
	at com.kms.katalon.core.keyword.builtin.CallTestCaseKeyword$_callTestCase_closure1.call(CallTestCaseKeyword.groovy)
	at com.kms.katalon.core.keyword.internal.KeywordMain.runKeyword(KeywordMain.groovy:68)
	at com.kms.katalon.core.keyword.builtin.CallTestCaseKeyword.callTestCase(CallTestCaseKeyword.groovy:81)
	at com.kms.katalon.core.keyword.builtin.CallTestCaseKeyword.execute(CallTestCaseKeyword.groovy:44)
	at com.kms.katalon.core.keyword.internal.KeywordExecutor.executeKeywordForPlatform(KeywordExecutor.groovy:60)
	at com.kms.katalon.core.keyword.BuiltinKeywords.callTestCase(BuiltinKeywords.groovy:334)
	at TC_Data Entry.run(TC_Data Entry:42)
	at com.kms.katalon.core.main.ScriptEngine.run(ScriptEngine.java:194)
	at com.kms.katalon.core.main.ScriptEngine.runScriptAsRawText(ScriptEngine.java:119)
	at com.kms.katalon.core.main.TestCaseExecutor.runScript(TestCaseExecutor.java:337)
	at com.kms.katalon.core.main.TestCaseExecutor.doExecute(TestCaseExecutor.java:328)
	at com.kms.katalon.core.main.TestCaseExecutor.processExecutionPhase(TestCaseExecutor.java:307)
	at com.kms.katalon.core.main.TestCaseExecutor.accessMainPhase(TestCaseExecutor.java:299)
	at com.kms.katalon.core.main.TestCaseExecutor.execute(TestCaseExecutor.java:233)
	at com.kms.katalon.core.main.TestSuiteExecutor.accessTestCaseMainPhase(TestSuiteExecutor.java:169)
	at com.kms.katalon.core.main.TestSuiteExecutor.accessTestSuiteMainPhase(TestSuiteExecutor.java:142)
	at com.kms.katalon.core.main.TestSuiteExecutor.execute(TestSuiteExecutor.java:91)
	at com.kms.katalon.core.main.TestCaseMain.startTestSuite(TestCaseMain.java:157)
	at com.kms.katalon.core.main.TestCaseMain$startTestSuite$0.call(Unknown Source)
	at TempTestSuite1574306795654.run(TempTestSuite1574306795654.groovy:36)
Caused by: com.kms.katalon.core.exception.StepFailedException: Call Test Case 'Test Cases/Data Entry/Borrower/Borrower - Pekerjaan/MASTER FLOW/TC_Borrower - Pekerjaan - MASTER FLOW' failed
	at com.kms.katalon.core.keyword.builtin.CallTestCaseKeyword$_callTestCase_closure1.doCall(CallTestCaseKeyword.groovy:63)
	at com.kms.katalon.core.keyword.builtin.CallTestCaseKeyword$_callTestCase_closure1.call(CallTestCaseKeyword.groovy)
	at com.kms.katalon.core.keyword.internal.KeywordMain.runKeyword(KeywordMain.groovy:68)
	at com.kms.katalon.core.keyword.builtin.CallTestCaseKeyword.callTestCase(CallTestCaseKeyword.groovy:81)
	at com.kms.katalon.core.keyword.builtin.CallTestCaseKeyword.execute(CallTestCaseKeyword.groovy:44)
	at com.kms.katalon.core.keyword.internal.KeywordExecutor.executeKeywordForPlatform(KeywordExecutor.groovy:60)
	at com.kms.katalon.core.keyword.BuiltinKeywords.callTestCase(BuiltinKeywords.groovy:334)
	at Flow Borrower.run(Flow Borrower:42)
	at com.kms.katalon.core.main.ScriptEngine.run(ScriptEngine.java:194)
	at com.kms.katalon.core.main.ScriptEngine.runScriptAsRawText(ScriptEngine.java:119)
	at com.kms.katalon.core.main.TestCaseExecutor.runScript(TestCaseExecutor.java:337)
	at com.kms.katalon.core.main.TestCaseExecutor.doExecute(TestCaseExecutor.java:328)
	at com.kms.katalon.core.main.TestCaseExecutor.processExecutionPhase(TestCaseExecutor.java:307)
	at com.kms.katalon.core.main.TestCaseExecutor.accessMainPhase(TestCaseExecutor.java:299)
	at com.kms.katalon.core.main.TestCaseExecutor.execute(TestCaseExecutor.java:233)
	at com.kms.katalon.core.main.TestCaseMain.runTestCase(TestCaseMain.java:114)
	at com.kms.katalon.core.keyword.builtin.CallTestCaseKeyword$_callTestCase_closure1.doCall(CallTestCaseKeyword.groovy:59)
	... 20 more
Caused by: com.kms.katalon.core.exception.StepFailedException: Object Object Repository/Borrower/Borrower - Pekerjaan/Borrower_Pekerjaan_InpPekerjaan not found
	at com.kms.katalon.core.keyword.internal.KeywordMain.stepFailed(KeywordMain.groovy:50)
	at com.kms.katalon.core.mobile.keyword.internal.MobileKeywordMain.stepFailed(MobileKeywordMain.groovy:40)
	at com.kms.katalon.core.mobile.keyword.builtin.GetTextKeyword$_getText_closure1.doCall(GetTextKeyword.groovy:74)
	at com.kms.katalon.core.mobile.keyword.builtin.GetTextKeyword$_getText_closure1.call(GetTextKeyword.groovy)
	at com.kms.katalon.core.mobile.keyword.internal.MobileKeywordMain.runKeyword(MobileKeywordMain.groovy:21)
	at com.kms.katalon.core.mobile.keyword.builtin.GetTextKeyword.getText(GetTextKeyword.groovy:80)
	at com.kms.katalon.core.mobile.keyword.builtin.GetTextKeyword.execute(GetTextKeyword.groovy:64)
	at com.kms.katalon.core.keyword.internal.KeywordExecutor.executeKeywordForPlatform(KeywordExecutor.groovy:60)
	at com.kms.katalon.core.mobile.keyword.MobileBuiltInKeywords.getText(MobileBuiltInKeywords.groovy:458)
	at com.kms.katalon.core.mobile.keyword.MobileBuiltInKeywords$getText$13.call(Unknown Source)
	at TC_Borrower - Pekerjaan - MASTER FLOW.run(TC_Borrower - Pekerjaan - MASTER FLOW:16)
	at com.kms.katalon.core.main.ScriptEngine.run(ScriptEngine.java:194)
	at com.kms.katalon.core.main.ScriptEngine.runScriptAsRawText(ScriptEngine.java:119)
	at com.kms.katalon.core.main.TestCaseExecutor.runScript(TestCaseExecutor.java:337)
	at com.kms.katalon.core.main.TestCaseExecutor.doExecute(TestCaseExecutor.java:328)
	at com.kms.katalon.core.main.TestCaseExecutor.processExecutionPhase(TestCaseExecutor.java:307)
	at com.kms.katalon.core.main.TestCaseExecutor.accessMainPhase(TestCaseExecutor.java:299)
	at com.kms.katalon.core.main.TestCaseExecutor.execute(TestCaseExecutor.java:233)
	at com.kms.katalon.core.main.TestCaseMain.runTestCase(TestCaseMain.java:114)
	at com.kms.katalon.core.keyword.builtin.CallTestCaseKeyword$_callTestCase_closure1.doCall(CallTestCaseKeyword.groovy:59)
	... 36 more]]></system-out>
      <system-err><![CDATA[2019-11-21 10:26:42 - [TEST_SUITE][FAILED] - data entry dupcek: Test Cases/Data Entry/TC_Data Entry FAILED.
Reason:
com.kms.katalon.core.exception.StepFailedException: Call Test Case 'Test Cases/Data Entry/Borrower/Flow Borrower' failed
	at com.kms.katalon.core.keyword.builtin.CallTestCaseKeyword$_callTestCase_closure1.doCall(CallTestCaseKeyword.groovy:63)
	at com.kms.katalon.core.keyword.builtin.CallTestCaseKeyword$_callTestCase_closure1.call(CallTestCaseKeyword.groovy)
	at com.kms.katalon.core.keyword.internal.KeywordMain.runKeyword(KeywordMain.groovy:68)
	at com.kms.katalon.core.keyword.builtin.CallTestCaseKeyword.callTestCase(CallTestCaseKeyword.groovy:81)
	at com.kms.katalon.core.keyword.builtin.CallTestCaseKeyword.execute(CallTestCaseKeyword.groovy:44)
	at com.kms.katalon.core.keyword.internal.KeywordExecutor.executeKeywordForPlatform(KeywordExecutor.groovy:60)
	at com.kms.katalon.core.keyword.BuiltinKeywords.callTestCase(BuiltinKeywords.groovy:334)
	at TC_Data Entry.run(TC_Data Entry:42)
	at com.kms.katalon.core.main.ScriptEngine.run(ScriptEngine.java:194)
	at com.kms.katalon.core.main.ScriptEngine.runScriptAsRawText(ScriptEngine.java:119)
	at com.kms.katalon.core.main.TestCaseExecutor.runScript(TestCaseExecutor.java:337)
	at com.kms.katalon.core.main.TestCaseExecutor.doExecute(TestCaseExecutor.java:328)
	at com.kms.katalon.core.main.TestCaseExecutor.processExecutionPhase(TestCaseExecutor.java:307)
	at com.kms.katalon.core.main.TestCaseExecutor.accessMainPhase(TestCaseExecutor.java:299)
	at com.kms.katalon.core.main.TestCaseExecutor.execute(TestCaseExecutor.java:233)
	at com.kms.katalon.core.main.TestSuiteExecutor.accessTestCaseMainPhase(TestSuiteExecutor.java:169)
	at com.kms.katalon.core.main.TestSuiteExecutor.accessTestSuiteMainPhase(TestSuiteExecutor.java:142)
	at com.kms.katalon.core.main.TestSuiteExecutor.execute(TestSuiteExecutor.java:91)
	at com.kms.katalon.core.main.TestCaseMain.startTestSuite(TestCaseMain.java:157)
	at com.kms.katalon.core.main.TestCaseMain$startTestSuite$0.call(Unknown Source)
	at TempTestSuite1574306795654.run(TempTestSuite1574306795654.groovy:36)
Caused by: com.kms.katalon.core.exception.StepFailedException: Call Test Case 'Test Cases/Data Entry/Borrower/Borrower - Pekerjaan/MASTER FLOW/TC_Borrower - Pekerjaan - MASTER FLOW' failed
	at com.kms.katalon.core.keyword.builtin.CallTestCaseKeyword$_callTestCase_closure1.doCall(CallTestCaseKeyword.groovy:63)
	at com.kms.katalon.core.keyword.builtin.CallTestCaseKeyword$_callTestCase_closure1.call(CallTestCaseKeyword.groovy)
	at com.kms.katalon.core.keyword.internal.KeywordMain.runKeyword(KeywordMain.groovy:68)
	at com.kms.katalon.core.keyword.builtin.CallTestCaseKeyword.callTestCase(CallTestCaseKeyword.groovy:81)
	at com.kms.katalon.core.keyword.builtin.CallTestCaseKeyword.execute(CallTestCaseKeyword.groovy:44)
	at com.kms.katalon.core.keyword.internal.KeywordExecutor.executeKeywordForPlatform(KeywordExecutor.groovy:60)
	at com.kms.katalon.core.keyword.BuiltinKeywords.callTestCase(BuiltinKeywords.groovy:334)
	at Flow Borrower.run(Flow Borrower:42)
	at com.kms.katalon.core.main.ScriptEngine.run(ScriptEngine.java:194)
	at com.kms.katalon.core.main.ScriptEngine.runScriptAsRawText(ScriptEngine.java:119)
	at com.kms.katalon.core.main.TestCaseExecutor.runScript(TestCaseExecutor.java:337)
	at com.kms.katalon.core.main.TestCaseExecutor.doExecute(TestCaseExecutor.java:328)
	at com.kms.katalon.core.main.TestCaseExecutor.processExecutionPhase(TestCaseExecutor.java:307)
	at com.kms.katalon.core.main.TestCaseExecutor.accessMainPhase(TestCaseExecutor.java:299)
	at com.kms.katalon.core.main.TestCaseExecutor.execute(TestCaseExecutor.java:233)
	at com.kms.katalon.core.main.TestCaseMain.runTestCase(TestCaseMain.java:114)
	at com.kms.katalon.core.keyword.builtin.CallTestCaseKeyword$_callTestCase_closure1.doCall(CallTestCaseKeyword.groovy:59)
	... 20 more
Caused by: com.kms.katalon.core.exception.StepFailedException: Object Object Repository/Borrower/Borrower - Pekerjaan/Borrower_Pekerjaan_InpPekerjaan not found
	at com.kms.katalon.core.keyword.internal.KeywordMain.stepFailed(KeywordMain.groovy:50)
	at com.kms.katalon.core.mobile.keyword.internal.MobileKeywordMain.stepFailed(MobileKeywordMain.groovy:40)
	at com.kms.katalon.core.mobile.keyword.builtin.GetTextKeyword$_getText_closure1.doCall(GetTextKeyword.groovy:74)
	at com.kms.katalon.core.mobile.keyword.builtin.GetTextKeyword$_getText_closure1.call(GetTextKeyword.groovy)
	at com.kms.katalon.core.mobile.keyword.internal.MobileKeywordMain.runKeyword(MobileKeywordMain.groovy:21)
	at com.kms.katalon.core.mobile.keyword.builtin.GetTextKeyword.getText(GetTextKeyword.groovy:80)
	at com.kms.katalon.core.mobile.keyword.builtin.GetTextKeyword.execute(GetTextKeyword.groovy:64)
	at com.kms.katalon.core.keyword.internal.KeywordExecutor.executeKeywordForPlatform(KeywordExecutor.groovy:60)
	at com.kms.katalon.core.mobile.keyword.MobileBuiltInKeywords.getText(MobileBuiltInKeywords.groovy:458)
	at com.kms.katalon.core.mobile.keyword.MobileBuiltInKeywords$getText$13.call(Unknown Source)
	at TC_Borrower - Pekerjaan - MASTER FLOW.run(TC_Borrower - Pekerjaan - MASTER FLOW:16)
	at com.kms.katalon.core.main.ScriptEngine.run(ScriptEngine.java:194)
	at com.kms.katalon.core.main.ScriptEngine.runScriptAsRawText(ScriptEngine.java:119)
	at com.kms.katalon.core.main.TestCaseExecutor.runScript(TestCaseExecutor.java:337)
	at com.kms.katalon.core.main.TestCaseExecutor.doExecute(TestCaseExecutor.java:328)
	at com.kms.katalon.core.main.TestCaseExecutor.processExecutionPhase(TestCaseExecutor.java:307)
	at com.kms.katalon.core.main.TestCaseExecutor.accessMainPhase(TestCaseExecutor.java:299)
	at com.kms.katalon.core.main.TestCaseExecutor.execute(TestCaseExecutor.java:233)
	at com.kms.katalon.core.main.TestCaseMain.runTestCase(TestCaseMain.java:114)
	at com.kms.katalon.core.keyword.builtin.CallTestCaseKeyword$_callTestCase_closure1.doCall(CallTestCaseKeyword.groovy:59)
	... 36 more]]></system-err>
   </testsuite>
</testsuites>
