<?xml version="1.0" encoding="UTF-8"?>
<testsuites name="data entry dupcek" time="3432.36" tests="10" failures="10" errors="0">
   <testsuite name="data entry dupcek" tests="10" failures="10" errors="0" time="3432.36" timestamp="2019-11-27 05:38:19" hostname="15420 - FATITQC15420L.local" id="Test Suites/data entry dupcek">
      <properties>
         <property name="deviceName" value="samsung SM-A505F (Android 9)"/>
         <property name="devicePlatform" value=""/>
         <property name="logFolder" value="C:\\Users\\15420\\git\\ACCME-Dupcheck\\Reports\\20191127_053813\\data entry dupcek\\20191127_053813"/>
         <property name="logFiles" value="C:\\Users\\15420\\git\\ACCME-Dupcheck\\Reports\\20191127_053813\\data entry dupcek\\20191127_053813\\appium.log, C:\\Users\\15420\\git\\ACCME-Dupcheck\\Reports\\20191127_053813\\data entry dupcek\\20191127_053813\\execution0.log"/>
         <property name="attachments" value="C:\\Users\\15420\\git\\ACCME-Dupcheck\\Reports\\20191127_053813\\data entry dupcek\\20191127_053813\\1574808226299.png, C:\\Users\\15420\\git\\ACCME-Dupcheck\\Reports\\20191127_053813\\data entry dupcek\\20191127_053813\\1574808541621.png, C:\\Users\\15420\\git\\ACCME-Dupcheck\\Reports\\20191127_053813\\data entry dupcek\\20191127_053813\\1574808543269.png, C:\\Users\\15420\\git\\ACCME-Dupcheck\\Reports\\20191127_053813\\data entry dupcek\\20191127_053813\\1574808835899.png, C:\\Users\\15420\\git\\ACCME-Dupcheck\\Reports\\20191127_053813\\data entry dupcek\\20191127_053813\\1574809152135.png, C:\\Users\\15420\\git\\ACCME-Dupcheck\\Reports\\20191127_053813\\data entry dupcek\\20191127_053813\\1574809153867.png, C:\\Users\\15420\\git\\ACCME-Dupcheck\\Reports\\20191127_053813\\data entry dupcek\\20191127_053813\\1574809465947.png, C:\\Users\\15420\\git\\ACCME-Dupcheck\\Reports\\20191127_053813\\data entry dupcek\\20191127_053813\\1574809547224.png, C:\\Users\\15420\\git\\ACCME-Dupcheck\\Reports\\20191127_053813\\data entry dupcek\\20191127_053813\\1574809548641.png, C:\\Users\\15420\\git\\ACCME-Dupcheck\\Reports\\20191127_053813\\data entry dupcek\\20191127_053813\\1574809969482.png, C:\\Users\\15420\\git\\ACCME-Dupcheck\\Reports\\20191127_053813\\data entry dupcek\\20191127_053813\\1574810281323.png, C:\\Users\\15420\\git\\ACCME-Dupcheck\\Reports\\20191127_053813\\data entry dupcek\\20191127_053813\\1574810282998.png, C:\\Users\\15420\\git\\ACCME-Dupcheck\\Reports\\20191127_053813\\data entry dupcek\\20191127_053813\\1574810668841.png, C:\\Users\\15420\\git\\ACCME-Dupcheck\\Reports\\20191127_053813\\data entry dupcek\\20191127_053813\\1574810670247.png, C:\\Users\\15420\\git\\ACCME-Dupcheck\\Reports\\20191127_053813\\data entry dupcek\\20191127_053813\\1574811171053.png, C:\\Users\\15420\\git\\ACCME-Dupcheck\\Reports\\20191127_053813\\data entry dupcek\\20191127_053813\\1574811172720.png, C:\\Users\\15420\\git\\ACCME-Dupcheck\\Reports\\20191127_053813\\data entry dupcek\\20191127_053813\\1574811291602.png, C:\\Users\\15420\\git\\ACCME-Dupcheck\\Reports\\20191127_053813\\data entry dupcek\\20191127_053813\\1574811325411.png, C:\\Users\\15420\\git\\ACCME-Dupcheck\\Reports\\20191127_053813\\data entry dupcek\\20191127_053813\\1574811326972.png"/>
         <property name="hostName" value="15420 - FATITQC15420L.local"/>
         <property name="os" value="Windows 10 64bit"/>
         <property name="appiumServerStatus" value="{\&quot;status\&quot;:0,\&quot;value\&quot;:{\&quot;build\&quot;:{\&quot;version\&quot;:\&quot;1.12.1\&quot;}},\&quot;sessionId\&quot;:null}"/>
         <property name="katalonVersion" value="7.0.7.1"/>
         <property name="deviceOS" value="Android"/>
         <property name="appiumVersion" value="1.12.1"/>
         <property name="deviceModel" value="SM-A505F"/>
         <property name="hostAddress" value="192.168.1.11"/>
         <property name="deviceManufacturer" value="samsung"/>
         <property name="deviceId" value="RR8M30NJT6T"/>
         <property name="deviceName" value="samsung SM-A505F (Android 9)"/>
         <property name="deviceOSVersion" value="9"/>
      </properties>
      <testcase name="Test Cases/Data Entry/TC_Data Entry" time="644.392" classname="Test Cases/Data Entry/TC_Data Entry" status="FAILED">
         <failure type="FAILED" message="Test Cases/Data Entry/TC_Data Entry FAILED.
Reason:
com.kms.katalon.core.exception.StepFailedException: Call Test Case 'Test Cases/Data Entry/Borrower/Flow Borrower' failed
	at com.kms.katalon.core.keyword.builtin.CallTestCaseKeyword$_callTestCase_closure1.doCall(CallTestCaseKeyword.groovy:63)
	at com.kms.katalon.core.keyword.builtin.CallTestCaseKeyword$_callTestCase_closure1.call(CallTestCaseKeyword.groovy)
	at com.kms.katalon.core.keyword.internal.KeywordMain.runKeyword(KeywordMain.groovy:68)
	at com.kms.katalon.core.keyword.builtin.CallTestCaseKeyword.callTestCase(CallTestCaseKeyword.groovy:81)
	at com.kms.katalon.core.keyword.builtin.CallTestCaseKeyword.execute(CallTestCaseKeyword.groovy:44)
	at com.kms.katalon.core.keyword.internal.KeywordExecutor.executeKeywordForPlatform(KeywordExecutor.groovy:60)
	at com.kms.katalon.core.keyword.BuiltinKeywords.callTestCase(BuiltinKeywords.groovy:334)
	at TC_Data Entry.run(TC_Data Entry:42)
	at com.kms.katalon.core.main.ScriptEngine.run(ScriptEngine.java:194)
	at com.kms.katalon.core.main.ScriptEngine.runScriptAsRawText(ScriptEngine.java:119)
	at com.kms.katalon.core.main.TestCaseExecutor.runScript(TestCaseExecutor.java:337)
	at com.kms.katalon.core.main.TestCaseExecutor.doExecute(TestCaseExecutor.java:328)
	at com.kms.katalon.core.main.TestCaseExecutor.processExecutionPhase(TestCaseExecutor.java:307)
	at com.kms.katalon.core.main.TestCaseExecutor.accessMainPhase(TestCaseExecutor.java:299)
	at com.kms.katalon.core.main.TestCaseExecutor.execute(TestCaseExecutor.java:233)
	at com.kms.katalon.core.main.TestSuiteExecutor.accessTestCaseMainPhase(TestSuiteExecutor.java:169)
	at com.kms.katalon.core.main.TestSuiteExecutor.accessTestSuiteMainPhase(TestSuiteExecutor.java:142)
	at com.kms.katalon.core.main.TestSuiteExecutor.execute(TestSuiteExecutor.java:91)
	at com.kms.katalon.core.main.TestCaseMain.startTestSuite(TestCaseMain.java:157)
	at com.kms.katalon.core.main.TestCaseMain$startTestSuite$0.call(Unknown Source)
	at TempTestSuite1574807893706.run(TempTestSuite1574807893706.groovy:36)
Caused by: com.kms.katalon.core.exception.StepFailedException: Call Test Case 'Test Cases/Data Entry/Borrower/Borrower - Identitas/MASTER FLOW/TC_Borrower - Identitas - MASTER FLOW' failed
	at com.kms.katalon.core.keyword.builtin.CallTestCaseKeyword$_callTestCase_closure1.doCall(CallTestCaseKeyword.groovy:63)
	at com.kms.katalon.core.keyword.builtin.CallTestCaseKeyword$_callTestCase_closure1.call(CallTestCaseKeyword.groovy)
	at com.kms.katalon.core.keyword.internal.KeywordMain.runKeyword(KeywordMain.groovy:68)
	at com.kms.katalon.core.keyword.builtin.CallTestCaseKeyword.callTestCase(CallTestCaseKeyword.groovy:81)
	at com.kms.katalon.core.keyword.builtin.CallTestCaseKeyword.execute(CallTestCaseKeyword.groovy:44)
	at com.kms.katalon.core.keyword.internal.KeywordExecutor.executeKeywordForPlatform(KeywordExecutor.groovy:60)
	at com.kms.katalon.core.keyword.BuiltinKeywords.callTestCase(BuiltinKeywords.groovy:334)
	at Flow Borrower.run(Flow Borrower:16)
	at com.kms.katalon.core.main.ScriptEngine.run(ScriptEngine.java:194)
	at com.kms.katalon.core.main.ScriptEngine.runScriptAsRawText(ScriptEngine.java:119)
	at com.kms.katalon.core.main.TestCaseExecutor.runScript(TestCaseExecutor.java:337)
	at com.kms.katalon.core.main.TestCaseExecutor.doExecute(TestCaseExecutor.java:328)
	at com.kms.katalon.core.main.TestCaseExecutor.processExecutionPhase(TestCaseExecutor.java:307)
	at com.kms.katalon.core.main.TestCaseExecutor.accessMainPhase(TestCaseExecutor.java:299)
	at com.kms.katalon.core.main.TestCaseExecutor.execute(TestCaseExecutor.java:233)
	at com.kms.katalon.core.main.TestCaseMain.runTestCase(TestCaseMain.java:114)
	at com.kms.katalon.core.keyword.builtin.CallTestCaseKeyword$_callTestCase_closure1.doCall(CallTestCaseKeyword.groovy:59)
	... 20 more
Caused by: com.kms.katalon.core.exception.StepFailedException: Object Object Repository/Borrower/Borrower - Identitas/Borrower_BtnCheckBox not found
	at com.kms.katalon.core.keyword.internal.KeywordMain.stepFailed(KeywordMain.groovy:50)
	at com.kms.katalon.core.mobile.keyword.internal.MobileKeywordMain.stepFailed(MobileKeywordMain.groovy:40)
	at com.kms.katalon.core.mobile.keyword.builtin.TapKeyword$_tap_closure1.doCall(TapKeyword.groovy:79)
	at com.kms.katalon.core.mobile.keyword.builtin.TapKeyword$_tap_closure1.call(TapKeyword.groovy)
	at com.kms.katalon.core.mobile.keyword.internal.MobileKeywordMain.runKeyword(MobileKeywordMain.groovy:21)
	at com.kms.katalon.core.mobile.keyword.builtin.TapKeyword.tap(TapKeyword.groovy:86)
	at com.kms.katalon.core.mobile.keyword.builtin.TapKeyword.execute(TapKeyword.groovy:68)
	at com.kms.katalon.core.keyword.internal.KeywordExecutor.executeKeywordForPlatform(KeywordExecutor.groovy:60)
	at com.kms.katalon.core.mobile.keyword.MobileBuiltInKeywords.tap(MobileBuiltInKeywords.groovy:520)
	at com.kms.katalon.core.mobile.keyword.MobileBuiltInKeywords$tap$1.call(Unknown Source)
	at TC_Borrower - Identitas - MASTER FLOW.run(TC_Borrower - Identitas - MASTER FLOW:52)
	at com.kms.katalon.core.main.ScriptEngine.run(ScriptEngine.java:194)
	at com.kms.katalon.core.main.ScriptEngine.runScriptAsRawText(ScriptEngine.java:119)
	at com.kms.katalon.core.main.TestCaseExecutor.runScript(TestCaseExecutor.java:337)
	at com.kms.katalon.core.main.TestCaseExecutor.doExecute(TestCaseExecutor.java:328)
	at com.kms.katalon.core.main.TestCaseExecutor.processExecutionPhase(TestCaseExecutor.java:307)
	at com.kms.katalon.core.main.TestCaseExecutor.accessMainPhase(TestCaseExecutor.java:299)
	at com.kms.katalon.core.main.TestCaseExecutor.execute(TestCaseExecutor.java:233)
	at com.kms.katalon.core.main.TestCaseMain.runTestCase(TestCaseMain.java:114)
	at com.kms.katalon.core.keyword.builtin.CallTestCaseKeyword$_callTestCase_closure1.doCall(CallTestCaseKeyword.groovy:59)
	... 36 more
"/>
         <system-out><![CDATA[2019-11-27 05:38:20 - [TEST_CASE][FAILED] - Test Cases/Data Entry/TC_Data Entry: Test Cases/Data Entry/TC_Data Entry FAILED.
Reason:
com.kms.katalon.core.exception.StepFailedException: Call Test Case 'Test Cases/Data Entry/Borrower/Flow Borrower' failed
	at com.kms.katalon.core.keyword.builtin.CallTestCaseKeyword$_callTestCase_closure1.doCall(CallTestCaseKeyword.groovy:63)
	at com.kms.katalon.core.keyword.builtin.CallTestCaseKeyword$_callTestCase_closure1.call(CallTestCaseKeyword.groovy)
	at com.kms.katalon.core.keyword.internal.KeywordMain.runKeyword(KeywordMain.groovy:68)
	at com.kms.katalon.core.keyword.builtin.CallTestCaseKeyword.callTestCase(CallTestCaseKeyword.groovy:81)
	at com.kms.katalon.core.keyword.builtin.CallTestCaseKeyword.execute(CallTestCaseKeyword.groovy:44)
	at com.kms.katalon.core.keyword.internal.KeywordExecutor.executeKeywordForPlatform(KeywordExecutor.groovy:60)
	at com.kms.katalon.core.keyword.BuiltinKeywords.callTestCase(BuiltinKeywords.groovy:334)
	at TC_Data Entry.run(TC_Data Entry:42)
	at com.kms.katalon.core.main.ScriptEngine.run(ScriptEngine.java:194)
	at com.kms.katalon.core.main.ScriptEngine.runScriptAsRawText(ScriptEngine.java:119)
	at com.kms.katalon.core.main.TestCaseExecutor.runScript(TestCaseExecutor.java:337)
	at com.kms.katalon.core.main.TestCaseExecutor.doExecute(TestCaseExecutor.java:328)
	at com.kms.katalon.core.main.TestCaseExecutor.processExecutionPhase(TestCaseExecutor.java:307)
	at com.kms.katalon.core.main.TestCaseExecutor.accessMainPhase(TestCaseExecutor.java:299)
	at com.kms.katalon.core.main.TestCaseExecutor.execute(TestCaseExecutor.java:233)
	at com.kms.katalon.core.main.TestSuiteExecutor.accessTestCaseMainPhase(TestSuiteExecutor.java:169)
	at com.kms.katalon.core.main.TestSuiteExecutor.accessTestSuiteMainPhase(TestSuiteExecutor.java:142)
	at com.kms.katalon.core.main.TestSuiteExecutor.execute(TestSuiteExecutor.java:91)
	at com.kms.katalon.core.main.TestCaseMain.startTestSuite(TestCaseMain.java:157)
	at com.kms.katalon.core.main.TestCaseMain$startTestSuite$0.call(Unknown Source)
	at TempTestSuite1574807893706.run(TempTestSuite1574807893706.groovy:36)
Caused by: com.kms.katalon.core.exception.StepFailedException: Call Test Case 'Test Cases/Data Entry/Borrower/Borrower - Identitas/MASTER FLOW/TC_Borrower - Identitas - MASTER FLOW' failed
	at com.kms.katalon.core.keyword.builtin.CallTestCaseKeyword$_callTestCase_closure1.doCall(CallTestCaseKeyword.groovy:63)
	at com.kms.katalon.core.keyword.builtin.CallTestCaseKeyword$_callTestCase_closure1.call(CallTestCaseKeyword.groovy)
	at com.kms.katalon.core.keyword.internal.KeywordMain.runKeyword(KeywordMain.groovy:68)
	at com.kms.katalon.core.keyword.builtin.CallTestCaseKeyword.callTestCase(CallTestCaseKeyword.groovy:81)
	at com.kms.katalon.core.keyword.builtin.CallTestCaseKeyword.execute(CallTestCaseKeyword.groovy:44)
	at com.kms.katalon.core.keyword.internal.KeywordExecutor.executeKeywordForPlatform(KeywordExecutor.groovy:60)
	at com.kms.katalon.core.keyword.BuiltinKeywords.callTestCase(BuiltinKeywords.groovy:334)
	at Flow Borrower.run(Flow Borrower:16)
	at com.kms.katalon.core.main.ScriptEngine.run(ScriptEngine.java:194)
	at com.kms.katalon.core.main.ScriptEngine.runScriptAsRawText(ScriptEngine.java:119)
	at com.kms.katalon.core.main.TestCaseExecutor.runScript(TestCaseExecutor.java:337)
	at com.kms.katalon.core.main.TestCaseExecutor.doExecute(TestCaseExecutor.java:328)
	at com.kms.katalon.core.main.TestCaseExecutor.processExecutionPhase(TestCaseExecutor.java:307)
	at com.kms.katalon.core.main.TestCaseExecutor.accessMainPhase(TestCaseExecutor.java:299)
	at com.kms.katalon.core.main.TestCaseExecutor.execute(TestCaseExecutor.java:233)
	at com.kms.katalon.core.main.TestCaseMain.runTestCase(TestCaseMain.java:114)
	at com.kms.katalon.core.keyword.builtin.CallTestCaseKeyword$_callTestCase_closure1.doCall(CallTestCaseKeyword.groovy:59)
	... 20 more
Caused by: com.kms.katalon.core.exception.StepFailedException: Object Object Repository/Borrower/Borrower - Identitas/Borrower_BtnCheckBox not found
	at com.kms.katalon.core.keyword.internal.KeywordMain.stepFailed(KeywordMain.groovy:50)
	at com.kms.katalon.core.mobile.keyword.internal.MobileKeywordMain.stepFailed(MobileKeywordMain.groovy:40)
	at com.kms.katalon.core.mobile.keyword.builtin.TapKeyword$_tap_closure1.doCall(TapKeyword.groovy:79)
	at com.kms.katalon.core.mobile.keyword.builtin.TapKeyword$_tap_closure1.call(TapKeyword.groovy)
	at com.kms.katalon.core.mobile.keyword.internal.MobileKeywordMain.runKeyword(MobileKeywordMain.groovy:21)
	at com.kms.katalon.core.mobile.keyword.builtin.TapKeyword.tap(TapKeyword.groovy:86)
	at com.kms.katalon.core.mobile.keyword.builtin.TapKeyword.execute(TapKeyword.groovy:68)
	at com.kms.katalon.core.keyword.internal.KeywordExecutor.executeKeywordForPlatform(KeywordExecutor.groovy:60)
	at com.kms.katalon.core.mobile.keyword.MobileBuiltInKeywords.tap(MobileBuiltInKeywords.groovy:520)
	at com.kms.katalon.core.mobile.keyword.MobileBuiltInKeywords$tap$1.call(Unknown Source)
	at TC_Borrower - Identitas - MASTER FLOW.run(TC_Borrower - Identitas - MASTER FLOW:52)
	at com.kms.katalon.core.main.ScriptEngine.run(ScriptEngine.java:194)
	at com.kms.katalon.core.main.ScriptEngine.runScriptAsRawText(ScriptEngine.java:119)
	at com.kms.katalon.core.main.TestCaseExecutor.runScript(TestCaseExecutor.java:337)
	at com.kms.katalon.core.main.TestCaseExecutor.doExecute(TestCaseExecutor.java:328)
	at com.kms.katalon.core.main.TestCaseExecutor.processExecutionPhase(TestCaseExecutor.java:307)
	at com.kms.katalon.core.main.TestCaseExecutor.accessMainPhase(TestCaseExecutor.java:299)
	at com.kms.katalon.core.main.TestCaseExecutor.execute(TestCaseExecutor.java:233)
	at com.kms.katalon.core.main.TestCaseMain.runTestCase(TestCaseMain.java:114)
	at com.kms.katalon.core.keyword.builtin.CallTestCaseKeyword$_callTestCase_closure1.doCall(CallTestCaseKeyword.groovy:59)
	... 36 more


2019-11-27 05:38:22 - [TEST_STEP][PASSED] - callTestCase(findTestCase("dynamic test case/open application"), [:], STOP_ON_FAILURE): Call Test Case 'Test Cases/dynamic test case/open application' successfully

2019-11-27 05:38:23 - [TEST_CASE][PASSED] - Test Cases/dynamic test case/open application: Test Cases/dynamic test case/open application

2019-11-27 05:38:23 - [TEST_STEP][PASSED] - appPath = relativeToAbsolutePath(apkname, getProjectDir()): null

2019-11-27 05:38:23 - [TEST_STEP][PASSED] - startApplication(appPath, false): Started app at: 'C:\Users\15420\git\ACCME-Dupcheck\AccMe.apk'

2019-11-27 05:38:24 - [MESSAGE][INFO] - User set preference: ['unicodeKeyboard', 'true']

2019-11-27 05:38:24 - [MESSAGE][INFO] - User set preference: ['resetKeyboard', 'true']

2019-11-27 05:38:24 - [MESSAGE][INFO] - User set preference: ['deviceId', '']

2019-11-27 05:38:32 - [MESSAGE][INFO] - Appium server started on port 51,139

2019-11-27 05:39:06 - [MESSAGE][PASSED] - Started app at: 'C:\Users\15420\git\ACCME-Dupcheck\AccMe.apk'

2019-11-27 05:39:06 - [MESSAGE][PASSED] - Call Test Case 'Test Cases/dynamic test case/open application' successfully

2019-11-27 05:39:06 - [TEST_STEP][PASSED] - callTestCase(findTestCase("Data Entry/Simulasi Kredit/Simulasi Kredit/MASTER FLOW/TC_Simulasi Kredit - MASTER FLOW"), ["varBrand":varBrand, "varType":varType, "varModel":varModel, "varTahun":varTahun, "varTenor":varTenor, "varOTR":varOTR, "varRP":varRP, ... ], OPTIONAL): Call Test Case 'Test Cases/Data Entry/Simulasi Kredit/Simulasi Kredit/MASTER FLOW/TC_Simulasi Kredit - MASTER FLOW' successfully

2019-11-27 05:39:06 - [TEST_CASE][PASSED] - Test Cases/Data Entry/Simulasi Kredit/Simulasi Kredit/MASTER FLOW/TC_Simulasi Kredit - MASTER FLOW: Test Cases/Data Entry/Simulasi Kredit/Simulasi Kredit/MASTER FLOW/TC_Simulasi Kredit - MASTER FLOW

2019-11-27 05:39:08 - [TEST_STEP][PASSED] - waitForElementPresent(findTestObject("Simulasi Kredit/Simulasi Kredit - Simulasi Kredit/SimulasiKredit_Btn Simulasi Kredit"), 0): Element 'Object Repository/Simulasi Kredit/Simulasi Kredit - Simulasi Kredit/SimulasiKredit_Btn Simulasi Kredit' is present

2019-11-27 05:39:08 - [MESSAGE][WARNING] - Timeout '0' is invalid. Using default page load timeout: '30'

2019-11-27 05:39:16 - [MESSAGE][PASSED] - Element 'Object Repository/Simulasi Kredit/Simulasi Kredit - Simulasi Kredit/SimulasiKredit_Btn Simulasi Kredit' is present

2019-11-27 05:39:16 - [TEST_STEP][PASSED] - tap(findTestObject("Simulasi Kredit/Simulasi Kredit - Simulasi Kredit/SimulasiKredit_Btn Simulasi Kredit"), 0): Tapped on element 'Object Repository/Simulasi Kredit/Simulasi Kredit - Simulasi Kredit/SimulasiKredit_Btn Simulasi Kredit'

2019-11-27 05:39:16 - [MESSAGE][WARNING] - Timeout '0' is invalid. Using default page load timeout: '30'

2019-11-27 05:39:18 - [MESSAGE][PASSED] - Tapped on element 'Object Repository/Simulasi Kredit/Simulasi Kredit - Simulasi Kredit/SimulasiKredit_Btn Simulasi Kredit'

2019-11-27 05:39:18 - [TEST_STEP][PASSED] - if (varPembiayaan == "NewCar"): Tapped on element 'Object Repository/Simulasi Kredit/Simulasi Kredit - Simulasi Kredit/SimulasiKredit_new car'

2019-11-27 05:39:18 - [TEST_STEP][PASSED] - tap(findTestObject("Simulasi Kredit/Simulasi Kredit - Simulasi Kredit/SimulasiKredit_new car"), 0): Tapped on element 'Object Repository/Simulasi Kredit/Simulasi Kredit - Simulasi Kredit/SimulasiKredit_new car'

2019-11-27 05:39:18 - [MESSAGE][WARNING] - Timeout '0' is invalid. Using default page load timeout: '30'

2019-11-27 05:39:22 - [MESSAGE][PASSED] - Tapped on element 'Object Repository/Simulasi Kredit/Simulasi Kredit - Simulasi Kredit/SimulasiKredit_new car'

2019-11-27 05:39:22 - [TEST_STEP][PASSED] - if (varPembiayaan == "UsedCar"): null

2019-11-27 05:39:22 - [TEST_STEP][PASSED] - if (varTipepembiayaan == "syariah"): null

2019-11-27 05:39:22 - [TEST_STEP][PASSED] - if (varTipepembiayaan == "konvensional"): null

2019-11-27 05:39:22 - [TEST_STEP][PASSED] - if (varkodepaket == "ya"): null

2019-11-27 05:39:22 - [TEST_STEP][PASSED] - setText(findTestObject("Simulasi Kredit/Simulasi Kredit - Simulasi Kredit/SimulasiKredit_Inp Brand"), varBrand, 0): Text 'TOYOTA' has been set to element 'Object Repository/Simulasi Kredit/Simulasi Kredit - Simulasi Kredit/SimulasiKredit_Inp Brand'

2019-11-27 05:39:22 - [MESSAGE][WARNING] - Timeout '0' is invalid. Using default page load timeout: '30'

2019-11-27 05:39:23 - [MESSAGE][PASSED] - Text 'TOYOTA' has been set to element 'Object Repository/Simulasi Kredit/Simulasi Kredit - Simulasi Kredit/SimulasiKredit_Inp Brand'

2019-11-27 05:39:23 - [TEST_STEP][PASSED] - tap(findTestObject("Simulasi Kredit/Simulasi Kredit - Simulasi Kredit/SimulasiKredit_Inp Brand"), 0): Tapped on element 'Object Repository/Simulasi Kredit/Simulasi Kredit - Simulasi Kredit/SimulasiKredit_Inp Brand'

2019-11-27 05:39:23 - [MESSAGE][WARNING] - Timeout '0' is invalid. Using default page load timeout: '30'

2019-11-27 05:39:28 - [MESSAGE][PASSED] - Tapped on element 'Object Repository/Simulasi Kredit/Simulasi Kredit - Simulasi Kredit/SimulasiKredit_Inp Brand'

2019-11-27 05:39:28 - [TEST_STEP][PASSED] - tap(findTestObject("dynamic object/pickListItem_viewView", ["text":varBrand]), 0): Tapped on element 'Object Repository/dynamic object/pickListItem_viewView'

2019-11-27 05:39:28 - [MESSAGE][WARNING] - Timeout '0' is invalid. Using default page load timeout: '30'

2019-11-27 05:39:31 - [MESSAGE][PASSED] - Tapped on element 'Object Repository/dynamic object/pickListItem_viewView'

2019-11-27 05:39:31 - [TEST_STEP][PASSED] - tap(findTestObject("Simulasi Kredit/Simulasi Kredit - Simulasi Kredit/SimulasiKredit_Inp Type"), 0): Tapped on element 'Object Repository/Simulasi Kredit/Simulasi Kredit - Simulasi Kredit/SimulasiKredit_Inp Type'

2019-11-27 05:39:31 - [MESSAGE][WARNING] - Timeout '0' is invalid. Using default page load timeout: '30'

2019-11-27 05:39:34 - [MESSAGE][PASSED] - Tapped on element 'Object Repository/Simulasi Kredit/Simulasi Kredit - Simulasi Kredit/SimulasiKredit_Inp Type'

2019-11-27 05:39:34 - [TEST_STEP][PASSED] - setText(findTestObject("Simulasi Kredit/Simulasi Kredit - Simulasi Kredit/SimulasiKredit_Inp Type"), varType, 0): Text 'ALL NEW AVANZA' has been set to element 'Object Repository/Simulasi Kredit/Simulasi Kredit - Simulasi Kredit/SimulasiKredit_Inp Type'

2019-11-27 05:39:34 - [MESSAGE][WARNING] - Timeout '0' is invalid. Using default page load timeout: '30'

2019-11-27 05:39:37 - [MESSAGE][PASSED] - Text 'ALL NEW AVANZA' has been set to element 'Object Repository/Simulasi Kredit/Simulasi Kredit - Simulasi Kredit/SimulasiKredit_Inp Type'

2019-11-27 05:39:37 - [TEST_STEP][PASSED] - delay(3): Delayed 3 second(s)

2019-11-27 05:39:40 - [MESSAGE][PASSED] - Delayed 3 second(s)

2019-11-27 05:39:40 - [TEST_STEP][PASSED] - tap(findTestObject("Simulasi Kredit/Simulasi Kredit - Simulasi Kredit/SimulasiKredit_Inp Type"), 0): Tapped on element 'Object Repository/Simulasi Kredit/Simulasi Kredit - Simulasi Kredit/SimulasiKredit_Inp Type'

2019-11-27 05:39:40 - [MESSAGE][WARNING] - Timeout '0' is invalid. Using default page load timeout: '30'

2019-11-27 05:39:43 - [MESSAGE][PASSED] - Tapped on element 'Object Repository/Simulasi Kredit/Simulasi Kredit - Simulasi Kredit/SimulasiKredit_Inp Type'

2019-11-27 05:39:43 - [TEST_STEP][PASSED] - tap(findTestObject("Simulasi Kredit/Simulasi Kredit - Simulasi Kredit/SimulasiKredit_Inp Type LOV"), 0): Tapped on element 'Object Repository/Simulasi Kredit/Simulasi Kredit - Simulasi Kredit/SimulasiKredit_Inp Type LOV'

2019-11-27 05:39:43 - [MESSAGE][WARNING] - Timeout '0' is invalid. Using default page load timeout: '30'

2019-11-27 05:39:45 - [MESSAGE][PASSED] - Tapped on element 'Object Repository/Simulasi Kredit/Simulasi Kredit - Simulasi Kredit/SimulasiKredit_Inp Type LOV'

2019-11-27 05:39:45 - [TEST_STEP][PASSED] - mobile.mobileSwipe.UpDown(0.8, 0.5, 1000): mobile.mobileSwipe.UpDown is PASSED

2019-11-27 05:39:46 - [MESSAGE][PASSED] - Current device physical height is 2131

2019-11-27 05:39:46 - [MESSAGE][INFO] - Device Height : 2131

2019-11-27 05:39:47 - [MESSAGE][PASSED] - Current device physical width is 1080

2019-11-27 05:39:47 - [MESSAGE][INFO] - Device Width : 1080

2019-11-27 05:39:47 - [MESSAGE][INFO] - Swipe start at Height : 1704

2019-11-27 05:39:47 - [MESSAGE][INFO] - Swipe end at Height : 1065

2019-11-27 05:39:47 - [MESSAGE][INFO] - X Position : 1000

2019-11-27 05:39:49 - [MESSAGE][PASSED] - Swiped from 1,000,1,704 to 1,000,1,065

2019-11-27 05:39:49 - [MESSAGE][PASSED] - mobile.mobileSwipe.UpDown is PASSED

2019-11-27 05:39:49 - [TEST_STEP][PASSED] - tap(findTestObject("Simulasi Kredit/Simulasi Kredit - Simulasi Kredit/SimulasiKredit_Inp Model"), 0): Tapped on element 'Object Repository/Simulasi Kredit/Simulasi Kredit - Simulasi Kredit/SimulasiKredit_Inp Model'

2019-11-27 05:39:50 - [MESSAGE][WARNING] - Timeout '0' is invalid. Using default page load timeout: '30'

2019-11-27 05:39:52 - [MESSAGE][PASSED] - Tapped on element 'Object Repository/Simulasi Kredit/Simulasi Kredit - Simulasi Kredit/SimulasiKredit_Inp Model'

2019-11-27 05:39:52 - [TEST_STEP][PASSED] - scrollToText(varModel, STOP_ON_FAILURE): Scrolling to text '1300G M/TAIRBAG' successfully

2019-11-27 05:39:58 - [MESSAGE][PASSED] - Scrolling to text '1300G M/TAIRBAG' successfully

2019-11-27 05:39:58 - [TEST_STEP][PASSED] - tap(findTestObject("dynamic object/pickListItem_checkedTextView", ["text":varModel]), 0): Tapped on element 'Object Repository/dynamic object/pickListItem_checkedTextView'

2019-11-27 05:39:58 - [MESSAGE][WARNING] - Timeout '0' is invalid. Using default page load timeout: '30'

2019-11-27 05:40:00 - [MESSAGE][PASSED] - Tapped on element 'Object Repository/dynamic object/pickListItem_checkedTextView'

2019-11-27 05:40:00 - [TEST_STEP][PASSED] - tap(findTestObject("Simulasi Kredit/Simulasi Kredit - Simulasi Kredit/SimulasiKredit_Tahun"), 0): Tapped on element 'Object Repository/Simulasi Kredit/Simulasi Kredit - Simulasi Kredit/SimulasiKredit_Tahun'

2019-11-27 05:40:00 - [MESSAGE][WARNING] - Timeout '0' is invalid. Using default page load timeout: '30'

2019-11-27 05:40:02 - [MESSAGE][PASSED] - Tapped on element 'Object Repository/Simulasi Kredit/Simulasi Kredit - Simulasi Kredit/SimulasiKredit_Tahun'

2019-11-27 05:40:02 - [TEST_STEP][PASSED] - scrollToText(varTahun, STOP_ON_FAILURE): Scrolling to text '2018' successfully

2019-11-27 05:40:04 - [MESSAGE][PASSED] - Scrolling to text '2018' successfully

2019-11-27 05:40:04 - [TEST_STEP][PASSED] - tap(findTestObject("dynamic object/pickListItem_checkedTextView", ["text":varTahun]), 0): Tapped on element 'Object Repository/dynamic object/pickListItem_checkedTextView'

2019-11-27 05:40:04 - [MESSAGE][WARNING] - Timeout '0' is invalid. Using default page load timeout: '30'

2019-11-27 05:40:06 - [MESSAGE][PASSED] - Tapped on element 'Object Repository/dynamic object/pickListItem_checkedTextView'

2019-11-27 05:40:06 - [TEST_STEP][PASSED] - tap(findTestObject("Simulasi Kredit/Simulasi Kredit - Simulasi Kredit/SimulasiKredit_Tenor"), 0): Tapped on element 'Object Repository/Simulasi Kredit/Simulasi Kredit - Simulasi Kredit/SimulasiKredit_Tenor'

2019-11-27 05:40:06 - [MESSAGE][WARNING] - Timeout '0' is invalid. Using default page load timeout: '30'

2019-11-27 05:40:08 - [MESSAGE][PASSED] - Tapped on element 'Object Repository/Simulasi Kredit/Simulasi Kredit - Simulasi Kredit/SimulasiKredit_Tenor'

2019-11-27 05:40:08 - [TEST_STEP][PASSED] - tap(findTestObject("dynamic object/pickListItem_checkedTextView", ["text":varTenor]), 0): Tapped on element 'Object Repository/dynamic object/pickListItem_checkedTextView'

2019-11-27 05:40:08 - [MESSAGE][WARNING] - Timeout '0' is invalid. Using default page load timeout: '30'

2019-11-27 05:40:10 - [MESSAGE][PASSED] - Tapped on element 'Object Repository/dynamic object/pickListItem_checkedTextView'

2019-11-27 05:40:10 - [TEST_STEP][PASSED] - setText(findTestObject("Simulasi Kredit/Simulasi Kredit - Simulasi Kredit/SimulasiKredit_Inp OTR"), varOTR, 0): Text '180100000' has been set to element 'Object Repository/Simulasi Kredit/Simulasi Kredit - Simulasi Kredit/SimulasiKredit_Inp OTR'

2019-11-27 05:40:10 - [MESSAGE][WARNING] - Timeout '0' is invalid. Using default page load timeout: '30'

2019-11-27 05:40:11 - [MESSAGE][PASSED] - Text '180100000' has been set to element 'Object Repository/Simulasi Kredit/Simulasi Kredit - Simulasi Kredit/SimulasiKredit_Inp OTR'

2019-11-27 05:40:11 - [TEST_STEP][PASSED] - setText(findTestObject("Simulasi Kredit/Simulasi Kredit - Simulasi Kredit/SimulasiKredit_Inp RP"), varRP, 0): Text '50700000' has been set to element 'Object Repository/Simulasi Kredit/Simulasi Kredit - Simulasi Kredit/SimulasiKredit_Inp RP'

2019-11-27 05:40:11 - [MESSAGE][WARNING] - Timeout '0' is invalid. Using default page load timeout: '30'

2019-11-27 05:40:15 - [MESSAGE][PASSED] - Text '50700000' has been set to element 'Object Repository/Simulasi Kredit/Simulasi Kredit - Simulasi Kredit/SimulasiKredit_Inp RP'

2019-11-27 05:40:15 - [TEST_STEP][PASSED] - mobile.mobileSwipe.UpDown(0.5, 0.2, 1000): mobile.mobileSwipe.UpDown is PASSED

2019-11-27 05:40:15 - [MESSAGE][PASSED] - Current device physical height is 2131

2019-11-27 05:40:15 - [MESSAGE][INFO] - Device Height : 2131

2019-11-27 05:40:16 - [MESSAGE][PASSED] - Current device physical width is 1080

2019-11-27 05:40:16 - [MESSAGE][INFO] - Device Width : 1080

2019-11-27 05:40:16 - [MESSAGE][INFO] - Swipe start at Height : 1065

2019-11-27 05:40:16 - [MESSAGE][INFO] - Swipe end at Height : 426

2019-11-27 05:40:16 - [MESSAGE][INFO] - X Position : 1000

2019-11-27 05:40:18 - [MESSAGE][PASSED] - Swiped from 1,000,1,065 to 1,000,426

2019-11-27 05:40:18 - [MESSAGE][PASSED] - mobile.mobileSwipe.UpDown is PASSED

2019-11-27 05:40:18 - [TEST_STEP][PASSED] - setText(findTestObject("Simulasi Kredit/Simulasi Kredit - Simulasi Kredit/SimulasiKredit_Inp Dealer"), varDealer, 0): Text 'ABDUL QODIR J. H' has been set to element 'Object Repository/Simulasi Kredit/Simulasi Kredit - Simulasi Kredit/SimulasiKredit_Inp Dealer'

2019-11-27 05:40:19 - [MESSAGE][WARNING] - Timeout '0' is invalid. Using default page load timeout: '30'

2019-11-27 05:40:20 - [MESSAGE][PASSED] - Text 'ABDUL QODIR J. H' has been set to element 'Object Repository/Simulasi Kredit/Simulasi Kredit - Simulasi Kredit/SimulasiKredit_Inp Dealer'

2019-11-27 05:40:20 - [TEST_STEP][PASSED] - tap(findTestObject("Simulasi Kredit/Simulasi Kredit - Simulasi Kredit/SimulasiKredit_Inp Dealer"), 0): Tapped on element 'Object Repository/Simulasi Kredit/Simulasi Kredit - Simulasi Kredit/SimulasiKredit_Inp Dealer'

2019-11-27 05:40:20 - [MESSAGE][WARNING] - Timeout '0' is invalid. Using default page load timeout: '30'

2019-11-27 05:40:24 - [MESSAGE][PASSED] - Tapped on element 'Object Repository/Simulasi Kredit/Simulasi Kredit - Simulasi Kredit/SimulasiKredit_Inp Dealer'

2019-11-27 05:40:24 - [TEST_STEP][PASSED] - clearText(findTestObject("Simulasi Kredit/Simulasi Kredit - Simulasi Kredit/SimulasiKredit_Inp Dealer"), 0): Element 'Object Repository/Simulasi Kredit/Simulasi Kredit - Simulasi Kredit/SimulasiKredit_Inp Dealer' text is cleared

2019-11-27 05:40:24 - [MESSAGE][WARNING] - Timeout '0' is invalid. Using default page load timeout: '30'

2019-11-27 05:40:25 - [MESSAGE][PASSED] - Element 'Object Repository/Simulasi Kredit/Simulasi Kredit - Simulasi Kredit/SimulasiKredit_Inp Dealer' text is cleared

2019-11-27 05:40:25 - [TEST_STEP][PASSED] - setText(findTestObject("Simulasi Kredit/Simulasi Kredit - Simulasi Kredit/SimulasiKredit_Inp Dealer"), varDealer, 0): Text 'ABDUL QODIR J. H' has been set to element 'Object Repository/Simulasi Kredit/Simulasi Kredit - Simulasi Kredit/SimulasiKredit_Inp Dealer'

2019-11-27 05:40:25 - [MESSAGE][WARNING] - Timeout '0' is invalid. Using default page load timeout: '30'

2019-11-27 05:40:27 - [MESSAGE][PASSED] - Text 'ABDUL QODIR J. H' has been set to element 'Object Repository/Simulasi Kredit/Simulasi Kredit - Simulasi Kredit/SimulasiKredit_Inp Dealer'

2019-11-27 05:40:27 - [TEST_STEP][PASSED] - delay(4, STOP_ON_FAILURE): Delayed 4 second(s)

2019-11-27 05:40:31 - [MESSAGE][PASSED] - Delayed 4 second(s)

2019-11-27 05:40:31 - [TEST_STEP][PASSED] - tap(findTestObject("Simulasi Kredit/Simulasi Kredit - Simulasi Kredit/SimulasiKredit_LOV Dealer"), 0): Tapped on element 'Object Repository/Simulasi Kredit/Simulasi Kredit - Simulasi Kredit/SimulasiKredit_LOV Dealer'

2019-11-27 05:40:31 - [MESSAGE][WARNING] - Timeout '0' is invalid. Using default page load timeout: '30'

2019-11-27 05:40:34 - [MESSAGE][PASSED] - Tapped on element 'Object Repository/Simulasi Kredit/Simulasi Kredit - Simulasi Kredit/SimulasiKredit_LOV Dealer'

2019-11-27 05:40:34 - [TEST_STEP][PASSED] - setText(findTestObject("Simulasi Kredit/Simulasi Kredit - Simulasi Kredit/SimulasiKredit_Inp Sales Dealer"), varSales, 0): Text 'ABDUL QODIR' has been set to element 'Object Repository/Simulasi Kredit/Simulasi Kredit - Simulasi Kredit/SimulasiKredit_Inp Sales Dealer'

2019-11-27 05:40:34 - [MESSAGE][WARNING] - Timeout '0' is invalid. Using default page load timeout: '30'

2019-11-27 05:40:36 - [MESSAGE][PASSED] - Text 'ABDUL QODIR' has been set to element 'Object Repository/Simulasi Kredit/Simulasi Kredit - Simulasi Kredit/SimulasiKredit_Inp Sales Dealer'

2019-11-27 05:40:36 - [TEST_STEP][PASSED] - tap(findTestObject("Simulasi Kredit/Simulasi Kredit - Simulasi Kredit/SimulasiKredit_Inp Sales Dealer"), 0): Tapped on element 'Object Repository/Simulasi Kredit/Simulasi Kredit - Simulasi Kredit/SimulasiKredit_Inp Sales Dealer'

2019-11-27 05:40:36 - [MESSAGE][WARNING] - Timeout '0' is invalid. Using default page load timeout: '30'

2019-11-27 05:40:39 - [MESSAGE][PASSED] - Tapped on element 'Object Repository/Simulasi Kredit/Simulasi Kredit - Simulasi Kredit/SimulasiKredit_Inp Sales Dealer'

2019-11-27 05:40:39 - [TEST_STEP][PASSED] - tap(findTestObject("Simulasi Kredit/Simulasi Kredit - Simulasi Kredit/SimulasiKredit_LOV Sales Dealer"), 0): Tapped on element 'Object Repository/Simulasi Kredit/Simulasi Kredit - Simulasi Kredit/SimulasiKredit_LOV Sales Dealer'

2019-11-27 05:40:39 - [MESSAGE][WARNING] - Timeout '0' is invalid. Using default page load timeout: '30'

2019-11-27 05:40:42 - [MESSAGE][PASSED] - Tapped on element 'Object Repository/Simulasi Kredit/Simulasi Kredit - Simulasi Kredit/SimulasiKredit_LOV Sales Dealer'

2019-11-27 05:40:42 - [TEST_STEP][PASSED] - tap(findTestObject("Simulasi Kredit/Simulasi Kredit - Simulasi Kredit/SimulasiKredit_Btn Hitung"), 0): Tapped on element 'Object Repository/Simulasi Kredit/Simulasi Kredit - Simulasi Kredit/SimulasiKredit_Btn Hitung'

2019-11-27 05:40:42 - [MESSAGE][WARNING] - Timeout '0' is invalid. Using default page load timeout: '30'

2019-11-27 05:40:46 - [MESSAGE][PASSED] - Tapped on element 'Object Repository/Simulasi Kredit/Simulasi Kredit - Simulasi Kredit/SimulasiKredit_Btn Hitung'

2019-11-27 05:40:46 - [TEST_STEP][PASSED] - delay(20, STOP_ON_FAILURE): Delayed 20 second(s)

2019-11-27 05:41:06 - [MESSAGE][PASSED] - Delayed 20 second(s)

2019-11-27 05:41:06 - [TEST_STEP][PASSED] - tap(findTestObject("Simulasi Kredit/Simulasi Kredit - Simulasi Kredit/SimulasiKredit_Btn Berikutnya"), 0): Tapped on element 'Object Repository/Simulasi Kredit/Simulasi Kredit - Simulasi Kredit/SimulasiKredit_Btn Berikutnya'

2019-11-27 05:41:06 - [MESSAGE][WARNING] - Timeout '0' is invalid. Using default page load timeout: '30'

2019-11-27 05:41:09 - [MESSAGE][PASSED] - Tapped on element 'Object Repository/Simulasi Kredit/Simulasi Kredit - Simulasi Kredit/SimulasiKredit_Btn Berikutnya'

2019-11-27 05:41:09 - [TEST_STEP][PASSED] - delay(1, STOP_ON_FAILURE): Delayed 1 second(s)

2019-11-27 05:41:10 - [MESSAGE][PASSED] - Delayed 1 second(s)

2019-11-27 05:41:10 - [TEST_STEP][PASSED] - waitForElementPresent(findTestObject("Simulasi Kredit/Simulasi Kredit - Asuransi/Asuransi_Nama Asuransi"), 0): Element 'Object Repository/Simulasi Kredit/Simulasi Kredit - Asuransi/Asuransi_Nama Asuransi' is present

2019-11-27 05:41:10 - [MESSAGE][WARNING] - Timeout '0' is invalid. Using default page load timeout: '30'

2019-11-27 05:41:11 - [MESSAGE][PASSED] - Element 'Object Repository/Simulasi Kredit/Simulasi Kredit - Asuransi/Asuransi_Nama Asuransi' is present

2019-11-27 05:41:11 - [MESSAGE][PASSED] - Call Test Case 'Test Cases/Data Entry/Simulasi Kredit/Simulasi Kredit/MASTER FLOW/TC_Simulasi Kredit - MASTER FLOW' successfully

2019-11-27 05:41:11 - [TEST_STEP][PASSED] - callTestCase(findTestCase("Data Entry/Simulasi Kredit/Simulasi Kredit - Asuransi/MASTER FLOW/TC_Asuransi - MASTER FLOW"), ["varAsuransi":varAsuransi, "varKodeWilayah":varKodeWilayah], STOP_ON_FAILURE): Call Test Case 'Test Cases/Data Entry/Simulasi Kredit/Simulasi Kredit - Asuransi/MASTER FLOW/TC_Asuransi - MASTER FLOW' successfully

2019-11-27 05:41:11 - [TEST_CASE][PASSED] - Test Cases/Data Entry/Simulasi Kredit/Simulasi Kredit - Asuransi/MASTER FLOW/TC_Asuransi - MASTER FLOW: Test Cases/Data Entry/Simulasi Kredit/Simulasi Kredit - Asuransi/MASTER FLOW/TC_Asuransi - MASTER FLOW

2019-11-27 05:41:11 - [TEST_STEP][PASSED] - delay(2, STOP_ON_FAILURE): Delayed 2 second(s)

2019-11-27 05:41:13 - [MESSAGE][PASSED] - Delayed 2 second(s)

2019-11-27 05:41:13 - [TEST_STEP][PASSED] - tap(findTestObject("Simulasi Kredit/Simulasi Kredit - Asuransi/Asuransi_Nama Asuransi"), 0): Tapped on element 'Object Repository/Simulasi Kredit/Simulasi Kredit - Asuransi/Asuransi_Nama Asuransi'

2019-11-27 05:41:14 - [MESSAGE][WARNING] - Timeout '0' is invalid. Using default page load timeout: '30'

2019-11-27 05:41:16 - [MESSAGE][PASSED] - Tapped on element 'Object Repository/Simulasi Kredit/Simulasi Kredit - Asuransi/Asuransi_Nama Asuransi'

2019-11-27 05:41:16 - [TEST_STEP][PASSED] - setText(findTestObject("Simulasi Kredit/Simulasi Kredit - Asuransi/Asuransi_Nama Asuransi"), varAsuransi, 0): Text 'PT AAB REGULER OJK 2017(305001)' has been set to element 'Object Repository/Simulasi Kredit/Simulasi Kredit - Asuransi/Asuransi_Nama Asuransi'

2019-11-27 05:41:16 - [MESSAGE][WARNING] - Timeout '0' is invalid. Using default page load timeout: '30'

2019-11-27 05:41:19 - [MESSAGE][PASSED] - Text 'PT AAB REGULER OJK 2017(305001)' has been set to element 'Object Repository/Simulasi Kredit/Simulasi Kredit - Asuransi/Asuransi_Nama Asuransi'

2019-11-27 05:41:19 - [TEST_STEP][PASSED] - tap(findTestObject("Simulasi Kredit/Simulasi Kredit - Asuransi/Asuransi_LOV Nama Asuransi"), 0): Tapped on element 'Object Repository/Simulasi Kredit/Simulasi Kredit - Asuransi/Asuransi_LOV Nama Asuransi'

2019-11-27 05:41:19 - [MESSAGE][WARNING] - Timeout '0' is invalid. Using default page load timeout: '30'

2019-11-27 05:41:23 - [MESSAGE][PASSED] - Tapped on element 'Object Repository/Simulasi Kredit/Simulasi Kredit - Asuransi/Asuransi_LOV Nama Asuransi'

2019-11-27 05:41:23 - [TEST_STEP][PASSED] - delay(1, STOP_ON_FAILURE): Delayed 1 second(s)

2019-11-27 05:41:24 - [MESSAGE][PASSED] - Delayed 1 second(s)

2019-11-27 05:41:24 - [TEST_STEP][PASSED] - tap(findTestObject("Simulasi Kredit/Simulasi Kredit - Asuransi/Asuransi_KDWilayah"), 0): Tapped on element 'Object Repository/Simulasi Kredit/Simulasi Kredit - Asuransi/Asuransi_KDWilayah'

2019-11-27 05:41:24 - [MESSAGE][WARNING] - Timeout '0' is invalid. Using default page load timeout: '30'

2019-11-27 05:41:27 - [MESSAGE][PASSED] - Tapped on element 'Object Repository/Simulasi Kredit/Simulasi Kredit - Asuransi/Asuransi_KDWilayah'

2019-11-27 05:41:27 - [TEST_STEP][PASSED] - tap(findTestObject("dynamic object/pickListItem_checkedTextView", ["text":varKodeWilayah]), 0): Tapped on element 'Object Repository/dynamic object/pickListItem_checkedTextView'

2019-11-27 05:41:27 - [MESSAGE][WARNING] - Timeout '0' is invalid. Using default page load timeout: '30'

2019-11-27 05:41:28 - [MESSAGE][PASSED] - Tapped on element 'Object Repository/dynamic object/pickListItem_checkedTextView'

2019-11-27 05:41:28 - [TEST_STEP][PASSED] - tap(findTestObject("Simulasi Kredit/Simulasi Kredit - Asuransi/asuransi_BtnARPlus"), 0): Tapped on element 'Object Repository/Simulasi Kredit/Simulasi Kredit - Asuransi/asuransi_BtnARPlus'

2019-11-27 05:41:28 - [MESSAGE][WARNING] - Timeout '0' is invalid. Using default page load timeout: '30'

2019-11-27 05:41:30 - [MESSAGE][PASSED] - Tapped on element 'Object Repository/Simulasi Kredit/Simulasi Kredit - Asuransi/asuransi_BtnARPlus'

2019-11-27 05:41:30 - [TEST_STEP][PASSED] - tap(findTestObject("Simulasi Kredit/Simulasi Kredit - Asuransi/asuransi_BtnCashPlus"), 0): Tapped on element 'Object Repository/Simulasi Kredit/Simulasi Kredit - Asuransi/asuransi_BtnCashPlus'

2019-11-27 05:41:30 - [MESSAGE][WARNING] - Timeout '0' is invalid. Using default page load timeout: '30'

2019-11-27 05:41:33 - [MESSAGE][PASSED] - Tapped on element 'Object Repository/Simulasi Kredit/Simulasi Kredit - Asuransi/asuransi_BtnCashPlus'

2019-11-27 05:41:33 - [TEST_STEP][PASSED] - delay(2, STOP_ON_FAILURE): Delayed 2 second(s)

2019-11-27 05:41:35 - [MESSAGE][PASSED] - Delayed 2 second(s)

2019-11-27 05:41:35 - [TEST_STEP][PASSED] - tap(findTestObject("Simulasi Kredit/Simulasi Kredit - Asuransi/Asuransi_Hitung"), 0): Tapped on element 'Object Repository/Simulasi Kredit/Simulasi Kredit - Asuransi/Asuransi_Hitung'

2019-11-27 05:41:35 - [MESSAGE][WARNING] - Timeout '0' is invalid. Using default page load timeout: '30'

2019-11-27 05:41:37 - [MESSAGE][PASSED] - Tapped on element 'Object Repository/Simulasi Kredit/Simulasi Kredit - Asuransi/Asuransi_Hitung'

2019-11-27 05:41:37 - [TEST_STEP][PASSED] - delay(40, STOP_ON_FAILURE): Delayed 40 second(s)

2019-11-27 05:42:17 - [MESSAGE][PASSED] - Delayed 40 second(s)

2019-11-27 05:42:17 - [TEST_STEP][PASSED] - tap(findTestObject("Simulasi Kredit/Simulasi Kredit - Asuransi/Asuransi_Berikutnya"), 0): Tapped on element 'Object Repository/Simulasi Kredit/Simulasi Kredit - Asuransi/Asuransi_Berikutnya'

2019-11-27 05:42:17 - [MESSAGE][WARNING] - Timeout '0' is invalid. Using default page load timeout: '30'

2019-11-27 05:42:19 - [MESSAGE][PASSED] - Tapped on element 'Object Repository/Simulasi Kredit/Simulasi Kredit - Asuransi/Asuransi_Berikutnya'

2019-11-27 05:42:19 - [MESSAGE][PASSED] - Call Test Case 'Test Cases/Data Entry/Simulasi Kredit/Simulasi Kredit - Asuransi/MASTER FLOW/TC_Asuransi - MASTER FLOW' successfully

2019-11-27 05:42:19 - [TEST_STEP][PASSED] - callTestCase(findTestCase("Data Entry/Simulasi Kredit/Kategori Loan/MASTER FLOW/TC_Kategori Loan - Master FLOW"), ["varOpsiNPWP":varOpsiNPWP], STOP_ON_FAILURE): Call Test Case 'Test Cases/Data Entry/Simulasi Kredit/Kategori Loan/MASTER FLOW/TC_Kategori Loan - Master FLOW' successfully

2019-11-27 05:42:19 - [TEST_CASE][PASSED] - Test Cases/Data Entry/Simulasi Kredit/Kategori Loan/MASTER FLOW/TC_Kategori Loan - Master FLOW: Test Cases/Data Entry/Simulasi Kredit/Kategori Loan/MASTER FLOW/TC_Kategori Loan - Master FLOW

2019-11-27 05:42:20 - [TEST_STEP][PASSED] - switch (varOpsiNPWP.toString()): null

2019-11-27 05:42:20 - [TEST_STEP][PASSED] - case "Approval":: null

2019-11-27 05:42:20 - [TEST_STEP][PASSED] - tap(findTestObject("Simulasi Kredit/Simulasi Kredit - Kategori Loan/KategoriLoan_Opsi NPWP Approval"), 0): Tapped on element 'Object Repository/Simulasi Kredit/Simulasi Kredit - Kategori Loan/KategoriLoan_Opsi NPWP Approval'

2019-11-27 05:42:20 - [MESSAGE][WARNING] - Timeout '0' is invalid. Using default page load timeout: '30'

2019-11-27 05:42:23 - [MESSAGE][PASSED] - Tapped on element 'Object Repository/Simulasi Kredit/Simulasi Kredit - Kategori Loan/KategoriLoan_Opsi NPWP Approval'

2019-11-27 05:42:23 - [TEST_STEP][PASSED] - break: null

2019-11-27 05:42:23 - [TEST_STEP][PASSED] - delay(2, STOP_ON_FAILURE): Delayed 2 second(s)

2019-11-27 05:42:25 - [MESSAGE][PASSED] - Delayed 2 second(s)

2019-11-27 05:42:25 - [TEST_STEP][PASSED] - tap(findTestObject("Simulasi Kredit/Simulasi Kredit - Kategori Loan/KategoriLoan_Berikutnya"), 0): Tapped on element 'Object Repository/Simulasi Kredit/Simulasi Kredit - Kategori Loan/KategoriLoan_Berikutnya'

2019-11-27 05:42:25 - [MESSAGE][WARNING] - Timeout '0' is invalid. Using default page load timeout: '30'

2019-11-27 05:42:27 - [MESSAGE][PASSED] - Tapped on element 'Object Repository/Simulasi Kredit/Simulasi Kredit - Kategori Loan/KategoriLoan_Berikutnya'

2019-11-27 05:42:27 - [MESSAGE][PASSED] - Call Test Case 'Test Cases/Data Entry/Simulasi Kredit/Kategori Loan/MASTER FLOW/TC_Kategori Loan - Master FLOW' successfully

2019-11-27 05:42:27 - [TEST_STEP][PASSED] - callTestCase(findTestCase("Data Entry/Simulasi Kredit/Loan Detail/MASTER FLOW/TC_Loan Detail - MASTER FLOW"), [:], STOP_ON_FAILURE): Call Test Case 'Test Cases/Data Entry/Simulasi Kredit/Loan Detail/MASTER FLOW/TC_Loan Detail - MASTER FLOW' successfully

2019-11-27 05:42:27 - [TEST_CASE][PASSED] - Test Cases/Data Entry/Simulasi Kredit/Loan Detail/MASTER FLOW/TC_Loan Detail - MASTER FLOW: Test Cases/Data Entry/Simulasi Kredit/Loan Detail/MASTER FLOW/TC_Loan Detail - MASTER FLOW

2019-11-27 05:42:27 - [TEST_STEP][PASSED] - mobile.mobileSwipe.RightLeft(0.9, 0.5, 600): mobile.mobileSwipe.RightLeft is PASSED

2019-11-27 05:42:28 - [MESSAGE][PASSED] - Current device physical width is 1080

2019-11-27 05:42:29 - [MESSAGE][PASSED] - Current device physical height is 2131

2019-11-27 05:42:29 - [MESSAGE][INFO] - Device Height : 2131

2019-11-27 05:42:29 - [MESSAGE][INFO] - Device Width : 1080

2019-11-27 05:42:29 - [MESSAGE][INFO] - Swipe start at Width : 971

2019-11-27 05:42:29 - [MESSAGE][INFO] - Swipe end at Witdh : 540

2019-11-27 05:42:29 - [MESSAGE][INFO] - Y Position : 600

2019-11-27 05:42:31 - [MESSAGE][PASSED] - Swiped from 971,600 to 540,600

2019-11-27 05:42:31 - [MESSAGE][PASSED] - mobile.mobileSwipe.RightLeft is PASSED

2019-11-27 05:42:31 - [TEST_STEP][PASSED] - delay(3, STOP_ON_FAILURE): Delayed 3 second(s)

2019-11-27 05:42:34 - [MESSAGE][PASSED] - Delayed 3 second(s)

2019-11-27 05:42:34 - [TEST_STEP][PASSED] - mobile.mobileSwipe.UpDown(0.8, 0.4, 1000): mobile.mobileSwipe.UpDown is PASSED

2019-11-27 05:42:35 - [MESSAGE][PASSED] - Current device physical height is 2131

2019-11-27 05:42:35 - [MESSAGE][INFO] - Device Height : 2131

2019-11-27 05:42:36 - [MESSAGE][PASSED] - Current device physical width is 1080

2019-11-27 05:42:36 - [MESSAGE][INFO] - Device Width : 1080

2019-11-27 05:42:36 - [MESSAGE][INFO] - Swipe start at Height : 1704

2019-11-27 05:42:36 - [MESSAGE][INFO] - Swipe end at Height : 852

2019-11-27 05:42:36 - [MESSAGE][INFO] - X Position : 1000

2019-11-27 05:42:38 - [MESSAGE][PASSED] - Swiped from 1,000,1,704 to 1,000,852

2019-11-27 05:42:38 - [MESSAGE][PASSED] - mobile.mobileSwipe.UpDown is PASSED

2019-11-27 05:42:38 - [TEST_STEP][PASSED] - delay(7, STOP_ON_FAILURE): Delayed 7 second(s)

2019-11-27 05:42:45 - [MESSAGE][PASSED] - Delayed 7 second(s)

2019-11-27 05:42:45 - [TEST_STEP][PASSED] - tap(findTestObject("Simulasi Kredit/Simulasi Kredit - Loan Detail/LoanDetail_Hitung"), 0): Tapped on element 'Object Repository/Simulasi Kredit/Simulasi Kredit - Loan Detail/LoanDetail_Hitung'

2019-11-27 05:42:45 - [MESSAGE][WARNING] - Timeout '0' is invalid. Using default page load timeout: '30'

2019-11-27 05:42:49 - [MESSAGE][PASSED] - Tapped on element 'Object Repository/Simulasi Kredit/Simulasi Kredit - Loan Detail/LoanDetail_Hitung'

2019-11-27 05:42:49 - [TEST_STEP][PASSED] - delay(10, STOP_ON_FAILURE): Delayed 10 second(s)

2019-11-27 05:42:59 - [MESSAGE][PASSED] - Delayed 10 second(s)

2019-11-27 05:42:59 - [TEST_STEP][PASSED] - tap(findTestObject("Simulasi Kredit/Simulasi Kredit - Loan Detail/LoanDetail_Berikutnya"), 0): Tapped on element 'Object Repository/Simulasi Kredit/Simulasi Kredit - Loan Detail/LoanDetail_Berikutnya'

2019-11-27 05:42:59 - [MESSAGE][WARNING] - Timeout '0' is invalid. Using default page load timeout: '30'

2019-11-27 05:43:01 - [MESSAGE][PASSED] - Tapped on element 'Object Repository/Simulasi Kredit/Simulasi Kredit - Loan Detail/LoanDetail_Berikutnya'

2019-11-27 05:43:01 - [TEST_STEP][PASSED] - delay(10, STOP_ON_FAILURE): Delayed 10 second(s)

2019-11-27 05:43:11 - [MESSAGE][PASSED] - Delayed 10 second(s)

2019-11-27 05:43:11 - [TEST_STEP][PASSED] - tap(findTestObject("Simulasi Kredit/Simulasi Kredit - Loan Detail/LoanDetail_Berikutnya"), 0): Tapped on element 'Object Repository/Simulasi Kredit/Simulasi Kredit - Loan Detail/LoanDetail_Berikutnya'

2019-11-27 05:43:11 - [MESSAGE][WARNING] - Timeout '0' is invalid. Using default page load timeout: '30'

2019-11-27 05:43:15 - [MESSAGE][PASSED] - Tapped on element 'Object Repository/Simulasi Kredit/Simulasi Kredit - Loan Detail/LoanDetail_Berikutnya'

2019-11-27 05:43:15 - [TEST_STEP][PASSED] - delay(10, STOP_ON_FAILURE): Delayed 10 second(s)

2019-11-27 05:43:25 - [MESSAGE][PASSED] - Delayed 10 second(s)

2019-11-27 05:43:25 - [MESSAGE][PASSED] - Call Test Case 'Test Cases/Data Entry/Simulasi Kredit/Loan Detail/MASTER FLOW/TC_Loan Detail - MASTER FLOW' successfully

2019-11-27 05:43:25 - [TEST_STEP][PASSED] - callTestCase(findTestCase("Data Entry/Upload Document/Borrower/MASTER FLOW/TC_Upload Document - borrower - MASTER FLOW"), ["Borrower_varKTP":Borrower_varKTP], STOP_ON_FAILURE): Call Test Case 'Test Cases/Data Entry/Upload Document/Borrower/MASTER FLOW/TC_Upload Document - borrower - MASTER FLOW' successfully

2019-11-27 05:43:25 - [TEST_CASE][PASSED] - Test Cases/Data Entry/Upload Document/Borrower/MASTER FLOW/TC_Upload Document - borrower - MASTER FLOW: Test Cases/Data Entry/Upload Document/Borrower/MASTER FLOW/TC_Upload Document - borrower - MASTER FLOW

2019-11-27 05:43:26 - [TEST_STEP][PASSED] - tap(findTestObject("Upload Document/Upload Document - Item Upload/UnggahDokumen_BtnKTP"), 0): Tapped on element 'Object Repository/Upload Document/Upload Document - Item Upload/UnggahDokumen_BtnKTP'

2019-11-27 05:43:26 - [MESSAGE][WARNING] - Timeout '0' is invalid. Using default page load timeout: '30'

2019-11-27 05:43:42 - [MESSAGE][PASSED] - Tapped on element 'Object Repository/Upload Document/Upload Document - Item Upload/UnggahDokumen_BtnKTP'

2019-11-27 05:43:42 - [TEST_STEP][PASSED] - if (verifyElementVisible(findTestObject("Upload Document/Upload Document - Item Upload/UnggahDokumen_BtnGallery"), 3, OPTIONAL)): Element 'Object Repository/Upload Document/Upload Document - Item Upload/UnggahDokumen_BtnGallery' not found

2019-11-27 05:43:48 - [MESSAGE][WARNING] - Element 'Object Repository/Upload Document/Upload Document - Item Upload/UnggahDokumen_BtnGallery' not found
[[ATTACHMENT|C:\\Users\\15420\\git\\ACCME-Dupcheck\\Reports\\20191127_053813\\data entry dupcek\\20191127_053813\\1574808226299.png]]

2019-11-27 05:43:48 - [TEST_STEP][PASSED] - else: Tapped on element 'Object Repository/Upload Document/android.view.View168 -  Gallery'

2019-11-27 05:43:48 - [TEST_STEP][PASSED] - tap(findTestObject("Upload Document/android.view.View168 -  Gallery"), 0): Tapped on element 'Object Repository/Upload Document/android.view.View168 -  Gallery'

2019-11-27 05:43:48 - [MESSAGE][WARNING] - Timeout '0' is invalid. Using default page load timeout: '30'

2019-11-27 05:43:51 - [MESSAGE][PASSED] - Tapped on element 'Object Repository/Upload Document/android.view.View168 -  Gallery'

2019-11-27 05:43:51 - [TEST_STEP][PASSED] - scrollToText(Borrower_varKTP, STOP_ON_FAILURE): Scrolling to text 'abc.jpg' successfully

2019-11-27 05:43:52 - [MESSAGE][PASSED] - Scrolling to text 'abc.jpg' successfully

2019-11-27 05:43:52 - [TEST_STEP][PASSED] - tap(findTestObject("dynamic object/pickListItem_TextView", ["text":Borrower_varKTP]), 0): Tapped on element 'Object Repository/dynamic object/pickListItem_TextView'

2019-11-27 05:43:52 - [MESSAGE][WARNING] - Timeout '0' is invalid. Using default page load timeout: '30'

2019-11-27 05:43:54 - [MESSAGE][PASSED] - Tapped on element 'Object Repository/dynamic object/pickListItem_TextView'

2019-11-27 05:43:54 - [TEST_STEP][PASSED] - delay(10, STOP_ON_FAILURE): Delayed 10 second(s)

2019-11-27 05:44:04 - [MESSAGE][PASSED] - Delayed 10 second(s)

2019-11-27 05:44:04 - [MESSAGE][PASSED] - Call Test Case 'Test Cases/Data Entry/Upload Document/Borrower/MASTER FLOW/TC_Upload Document - borrower - MASTER FLOW' successfully

2019-11-27 05:44:04 - [TEST_STEP][PASSED] - tap(findTestObject("dynamic object/BtnBerikutnya"), 0): Tapped on element 'Object Repository/dynamic object/BtnBerikutnya'

2019-11-27 05:44:04 - [MESSAGE][WARNING] - Timeout '0' is invalid. Using default page load timeout: '30'

2019-11-27 05:44:07 - [MESSAGE][PASSED] - Tapped on element 'Object Repository/dynamic object/BtnBerikutnya'

2019-11-27 05:44:07 - [TEST_STEP][PASSED] - delay(30, STOP_ON_FAILURE): Delayed 30 second(s)

2019-11-27 05:44:37 - [MESSAGE][PASSED] - Delayed 30 second(s)

2019-11-27 05:44:37 - [TEST_STEP][FAILED] - callTestCase(findTestCase("Data Entry/Borrower/Flow Borrower"), ["BIvarNoKTP":BIvarNoKTP, "BIvarAgama":BIvarAgama, "BIvarStatusPerkawinan":BIvarStatusPerkawinan, "BEvarRT":BEvarRT, "BEvarRW":BEvarRW, ... ], STOP_ON_FAILURE): Unable to call Test Case 'Test Cases/Data Entry/Borrower/Flow Borrower' (Root cause: com.kms.katalon.core.exception.StepFailedException: Call Test Case 'Test Cases/Data Entry/Borrower/Flow Borrower' failed
	at com.kms.katalon.core.keyword.builtin.CallTestCaseKeyword$_callTestCase_closure1.doCall(CallTestCaseKeyword.groovy:63)
	at com.kms.katalon.core.keyword.builtin.CallTestCaseKeyword$_callTestCase_closure1.call(CallTestCaseKeyword.groovy)
	at com.kms.katalon.core.keyword.internal.KeywordMain.runKeyword(KeywordMain.groovy:68)
	at com.kms.katalon.core.keyword.builtin.CallTestCaseKeyword.callTestCase(CallTestCaseKeyword.groovy:81)
	at com.kms.katalon.core.keyword.builtin.CallTestCaseKeyword.execute(CallTestCaseKeyword.groovy:44)
	at com.kms.katalon.core.keyword.internal.KeywordExecutor.executeKeywordForPlatform(KeywordExecutor.groovy:60)
	at com.kms.katalon.core.keyword.BuiltinKeywords.callTestCase(BuiltinKeywords.groovy:334)
	at TC_Data Entry.run(TC_Data Entry:42)
	at com.kms.katalon.core.main.ScriptEngine.run(ScriptEngine.java:194)
	at com.kms.katalon.core.main.ScriptEngine.runScriptAsRawText(ScriptEngine.java:119)
	at com.kms.katalon.core.main.TestCaseExecutor.runScript(TestCaseExecutor.java:337)
	at com.kms.katalon.core.main.TestCaseExecutor.doExecute(TestCaseExecutor.java:328)
	at com.kms.katalon.core.main.TestCaseExecutor.processExecutionPhase(TestCaseExecutor.java:307)
	at com.kms.katalon.core.main.TestCaseExecutor.accessMainPhase(TestCaseExecutor.java:299)
	at com.kms.katalon.core.main.TestCaseExecutor.execute(TestCaseExecutor.java:233)
	at com.kms.katalon.core.main.TestSuiteExecutor.accessTestCaseMainPhase(TestSuiteExecutor.java:169)
	at com.kms.katalon.core.main.TestSuiteExecutor.accessTestSuiteMainPhase(TestSuiteExecutor.java:142)
	at com.kms.katalon.core.main.TestSuiteExecutor.execute(TestSuiteExecutor.java:91)
	at com.kms.katalon.core.main.TestCaseMain.startTestSuite(TestCaseMain.java:157)
	at com.kms.katalon.core.main.TestCaseMain$startTestSuite$0.call(Unknown Source)
	at TempTestSuite1574807893706.run(TempTestSuite1574807893706.groovy:36)
Caused by: com.kms.katalon.core.exception.StepFailedException: Call Test Case 'Test Cases/Data Entry/Borrower/Borrower - Identitas/MASTER FLOW/TC_Borrower - Identitas - MASTER FLOW' failed
	at com.kms.katalon.core.keyword.builtin.CallTestCaseKeyword$_callTestCase_closure1.doCall(CallTestCaseKeyword.groovy:63)
	at com.kms.katalon.core.keyword.builtin.CallTestCaseKeyword$_callTestCase_closure1.call(CallTestCaseKeyword.groovy)
	at com.kms.katalon.core.keyword.internal.KeywordMain.runKeyword(KeywordMain.groovy:68)
	at com.kms.katalon.core.keyword.builtin.CallTestCaseKeyword.callTestCase(CallTestCaseKeyword.groovy:81)
	at com.kms.katalon.core.keyword.builtin.CallTestCaseKeyword.execute(CallTestCaseKeyword.groovy:44)
	at com.kms.katalon.core.keyword.internal.KeywordExecutor.executeKeywordForPlatform(KeywordExecutor.groovy:60)
	at com.kms.katalon.core.keyword.BuiltinKeywords.callTestCase(BuiltinKeywords.groovy:334)
	at Flow Borrower.run(Flow Borrower:16)
	at com.kms.katalon.core.main.ScriptEngine.run(ScriptEngine.java:194)
	at com.kms.katalon.core.main.ScriptEngine.runScriptAsRawText(ScriptEngine.java:119)
	at com.kms.katalon.core.main.TestCaseExecutor.runScript(TestCaseExecutor.java:337)
	at com.kms.katalon.core.main.TestCaseExecutor.doExecute(TestCaseExecutor.java:328)
	at com.kms.katalon.core.main.TestCaseExecutor.processExecutionPhase(TestCaseExecutor.java:307)
	at com.kms.katalon.core.main.TestCaseExecutor.accessMainPhase(TestCaseExecutor.java:299)
	at com.kms.katalon.core.main.TestCaseExecutor.execute(TestCaseExecutor.java:233)
	at com.kms.katalon.core.main.TestCaseMain.runTestCase(TestCaseMain.java:114)
	at com.kms.katalon.core.keyword.builtin.CallTestCaseKeyword$_callTestCase_closure1.doCall(CallTestCaseKeyword.groovy:59)
	... 20 more
Caused by: com.kms.katalon.core.exception.StepFailedException: Object Object Repository/Borrower/Borrower - Identitas/Borrower_BtnCheckBox not found
	at com.kms.katalon.core.keyword.internal.KeywordMain.stepFailed(KeywordMain.groovy:50)
	at com.kms.katalon.core.mobile.keyword.internal.MobileKeywordMain.stepFailed(MobileKeywordMain.groovy:40)
	at com.kms.katalon.core.mobile.keyword.builtin.TapKeyword$_tap_closure1.doCall(TapKeyword.groovy:79)
	at com.kms.katalon.core.mobile.keyword.builtin.TapKeyword$_tap_closure1.call(TapKeyword.groovy)
	at com.kms.katalon.core.mobile.keyword.internal.MobileKeywordMain.runKeyword(MobileKeywordMain.groovy:21)
	at com.kms.katalon.core.mobile.keyword.builtin.TapKeyword.tap(TapKeyword.groovy:86)
	at com.kms.katalon.core.mobile.keyword.builtin.TapKeyword.execute(TapKeyword.groovy:68)
	at com.kms.katalon.core.keyword.internal.KeywordExecutor.executeKeywordForPlatform(KeywordExecutor.groovy:60)
	at com.kms.katalon.core.mobile.keyword.MobileBuiltInKeywords.tap(MobileBuiltInKeywords.groovy:520)
	at com.kms.katalon.core.mobile.keyword.MobileBuiltInKeywords$tap$1.call(Unknown Source)
	at TC_Borrower - Identitas - MASTER FLOW.run(TC_Borrower - Identitas - MASTER FLOW:52)
	at com.kms.katalon.core.main.ScriptEngine.run(ScriptEngine.java:194)
	at com.kms.katalon.core.main.ScriptEngine.runScriptAsRawText(ScriptEngine.java:119)
	at com.kms.katalon.core.main.TestCaseExecutor.runScript(TestCaseExecutor.java:337)
	at com.kms.katalon.core.main.TestCaseExecutor.doExecute(TestCaseExecutor.java:328)
	at com.kms.katalon.core.main.TestCaseExecutor.processExecutionPhase(TestCaseExecutor.java:307)
	at com.kms.katalon.core.main.TestCaseExecutor.accessMainPhase(TestCaseExecutor.java:299)
	at com.kms.katalon.core.main.TestCaseExecutor.execute(TestCaseExecutor.java:233)
	at com.kms.katalon.core.main.TestCaseMain.runTestCase(TestCaseMain.java:114)
	at com.kms.katalon.core.keyword.builtin.CallTestCaseKeyword$_callTestCase_closure1.doCall(CallTestCaseKeyword.groovy:59)
	... 36 more
)

2019-11-27 05:44:37 - [TEST_CASE][FAILED] - Test Cases/Data Entry/Borrower/Flow Borrower: Test Cases/Data Entry/Borrower/Flow Borrower FAILED.
Reason:
com.kms.katalon.core.exception.StepFailedException: Call Test Case 'Test Cases/Data Entry/Borrower/Borrower - Identitas/MASTER FLOW/TC_Borrower - Identitas - MASTER FLOW' failed
	at com.kms.katalon.core.keyword.builtin.CallTestCaseKeyword$_callTestCase_closure1.doCall(CallTestCaseKeyword.groovy:63)
	at com.kms.katalon.core.keyword.builtin.CallTestCaseKeyword$_callTestCase_closure1.call(CallTestCaseKeyword.groovy)
	at com.kms.katalon.core.keyword.internal.KeywordMain.runKeyword(KeywordMain.groovy:68)
	at com.kms.katalon.core.keyword.builtin.CallTestCaseKeyword.callTestCase(CallTestCaseKeyword.groovy:81)
	at com.kms.katalon.core.keyword.builtin.CallTestCaseKeyword.execute(CallTestCaseKeyword.groovy:44)
	at com.kms.katalon.core.keyword.internal.KeywordExecutor.executeKeywordForPlatform(KeywordExecutor.groovy:60)
	at com.kms.katalon.core.keyword.BuiltinKeywords.callTestCase(BuiltinKeywords.groovy:334)
	at Flow Borrower.run(Flow Borrower:16)
	at com.kms.katalon.core.main.ScriptEngine.run(ScriptEngine.java:194)
	at com.kms.katalon.core.main.ScriptEngine.runScriptAsRawText(ScriptEngine.java:119)
	at com.kms.katalon.core.main.TestCaseExecutor.runScript(TestCaseExecutor.java:337)
	at com.kms.katalon.core.main.TestCaseExecutor.doExecute(TestCaseExecutor.java:328)
	at com.kms.katalon.core.main.TestCaseExecutor.processExecutionPhase(TestCaseExecutor.java:307)
	at com.kms.katalon.core.main.TestCaseExecutor.accessMainPhase(TestCaseExecutor.java:299)
	at com.kms.katalon.core.main.TestCaseExecutor.execute(TestCaseExecutor.java:233)
	at com.kms.katalon.core.main.TestCaseMain.runTestCase(TestCaseMain.java:114)
	at com.kms.katalon.core.keyword.builtin.CallTestCaseKeyword$_callTestCase_closure1.doCall(CallTestCaseKeyword.groovy:59)
	at com.kms.katalon.core.keyword.builtin.CallTestCaseKeyword$_callTestCase_closure1.call(CallTestCaseKeyword.groovy)
	at com.kms.katalon.core.keyword.internal.KeywordMain.runKeyword(KeywordMain.groovy:68)
	at com.kms.katalon.core.keyword.builtin.CallTestCaseKeyword.callTestCase(CallTestCaseKeyword.groovy:81)
	at com.kms.katalon.core.keyword.builtin.CallTestCaseKeyword.execute(CallTestCaseKeyword.groovy:44)
	at com.kms.katalon.core.keyword.internal.KeywordExecutor.executeKeywordForPlatform(KeywordExecutor.groovy:60)
	at com.kms.katalon.core.keyword.BuiltinKeywords.callTestCase(BuiltinKeywords.groovy:334)
	at TC_Data Entry.run(TC_Data Entry:42)
	at com.kms.katalon.core.main.ScriptEngine.run(ScriptEngine.java:194)
	at com.kms.katalon.core.main.ScriptEngine.runScriptAsRawText(ScriptEngine.java:119)
	at com.kms.katalon.core.main.TestCaseExecutor.runScript(TestCaseExecutor.java:337)
	at com.kms.katalon.core.main.TestCaseExecutor.doExecute(TestCaseExecutor.java:328)
	at com.kms.katalon.core.main.TestCaseExecutor.processExecutionPhase(TestCaseExecutor.java:307)
	at com.kms.katalon.core.main.TestCaseExecutor.accessMainPhase(TestCaseExecutor.java:299)
	at com.kms.katalon.core.main.TestCaseExecutor.execute(TestCaseExecutor.java:233)
	at com.kms.katalon.core.main.TestSuiteExecutor.accessTestCaseMainPhase(TestSuiteExecutor.java:169)
	at com.kms.katalon.core.main.TestSuiteExecutor.accessTestSuiteMainPhase(TestSuiteExecutor.java:142)
	at com.kms.katalon.core.main.TestSuiteExecutor.execute(TestSuiteExecutor.java:91)
	at com.kms.katalon.core.main.TestCaseMain.startTestSuite(TestCaseMain.java:157)
	at com.kms.katalon.core.main.TestCaseMain$startTestSuite$0.call(Unknown Source)
	at TempTestSuite1574807893706.run(TempTestSuite1574807893706.groovy:36)
Caused by: com.kms.katalon.core.exception.StepFailedException: Object Object Repository/Borrower/Borrower - Identitas/Borrower_BtnCheckBox not found
	at com.kms.katalon.core.keyword.internal.KeywordMain.stepFailed(KeywordMain.groovy:50)
	at com.kms.katalon.core.mobile.keyword.internal.MobileKeywordMain.stepFailed(MobileKeywordMain.groovy:40)
	at com.kms.katalon.core.mobile.keyword.builtin.TapKeyword$_tap_closure1.doCall(TapKeyword.groovy:79)
	at com.kms.katalon.core.mobile.keyword.builtin.TapKeyword$_tap_closure1.call(TapKeyword.groovy)
	at com.kms.katalon.core.mobile.keyword.internal.MobileKeywordMain.runKeyword(MobileKeywordMain.groovy:21)
	at com.kms.katalon.core.mobile.keyword.builtin.TapKeyword.tap(TapKeyword.groovy:86)
	at com.kms.katalon.core.mobile.keyword.builtin.TapKeyword.execute(TapKeyword.groovy:68)
	at com.kms.katalon.core.keyword.internal.KeywordExecutor.executeKeywordForPlatform(KeywordExecutor.groovy:60)
	at com.kms.katalon.core.mobile.keyword.MobileBuiltInKeywords.tap(MobileBuiltInKeywords.groovy:520)
	at com.kms.katalon.core.mobile.keyword.MobileBuiltInKeywords$tap$1.call(Unknown Source)
	at TC_Borrower - Identitas - MASTER FLOW.run(TC_Borrower - Identitas - MASTER FLOW:52)
	at com.kms.katalon.core.main.ScriptEngine.run(ScriptEngine.java:194)
	at com.kms.katalon.core.main.ScriptEngine.runScriptAsRawText(ScriptEngine.java:119)
	at com.kms.katalon.core.main.TestCaseExecutor.runScript(TestCaseExecutor.java:337)
	at com.kms.katalon.core.main.TestCaseExecutor.doExecute(TestCaseExecutor.java:328)
	at com.kms.katalon.core.main.TestCaseExecutor.processExecutionPhase(TestCaseExecutor.java:307)
	at com.kms.katalon.core.main.TestCaseExecutor.accessMainPhase(TestCaseExecutor.java:299)
	at com.kms.katalon.core.main.TestCaseExecutor.execute(TestCaseExecutor.java:233)
	at com.kms.katalon.core.main.TestCaseMain.runTestCase(TestCaseMain.java:114)
	at com.kms.katalon.core.keyword.builtin.CallTestCaseKeyword$_callTestCase_closure1.doCall(CallTestCaseKeyword.groovy:59)
	... 36 more


2019-11-27 05:44:39 - [TEST_STEP][FAILED] - callTestCase(findTestCase("Data Entry/Borrower/Borrower - Identitas/MASTER FLOW/TC_Borrower - Identitas - MASTER FLOW"), ["BIvarNoKTP":BIvarNoKTP, "BIvarAgama":BIvarAgama, "BIvarStatusPerkawinan":BIvarStatusPerkawinan, "BIvarTempatLahir":BIvarTempatLahir, ... ], STOP_ON_FAILURE): Unable to call Test Case 'Test Cases/Data Entry/Borrower/Borrower - Identitas/MASTER FLOW/TC_Borrower - Identitas - MASTER FLOW' (Root cause: com.kms.katalon.core.exception.StepFailedException: Call Test Case 'Test Cases/Data Entry/Borrower/Borrower - Identitas/MASTER FLOW/TC_Borrower - Identitas - MASTER FLOW' failed
	at com.kms.katalon.core.keyword.builtin.CallTestCaseKeyword$_callTestCase_closure1.doCall(CallTestCaseKeyword.groovy:63)
	at com.kms.katalon.core.keyword.builtin.CallTestCaseKeyword$_callTestCase_closure1.call(CallTestCaseKeyword.groovy)
	at com.kms.katalon.core.keyword.internal.KeywordMain.runKeyword(KeywordMain.groovy:68)
	at com.kms.katalon.core.keyword.builtin.CallTestCaseKeyword.callTestCase(CallTestCaseKeyword.groovy:81)
	at com.kms.katalon.core.keyword.builtin.CallTestCaseKeyword.execute(CallTestCaseKeyword.groovy:44)
	at com.kms.katalon.core.keyword.internal.KeywordExecutor.executeKeywordForPlatform(KeywordExecutor.groovy:60)
	at com.kms.katalon.core.keyword.BuiltinKeywords.callTestCase(BuiltinKeywords.groovy:334)
	at Flow Borrower.run(Flow Borrower:16)
	at com.kms.katalon.core.main.ScriptEngine.run(ScriptEngine.java:194)
	at com.kms.katalon.core.main.ScriptEngine.runScriptAsRawText(ScriptEngine.java:119)
	at com.kms.katalon.core.main.TestCaseExecutor.runScript(TestCaseExecutor.java:337)
	at com.kms.katalon.core.main.TestCaseExecutor.doExecute(TestCaseExecutor.java:328)
	at com.kms.katalon.core.main.TestCaseExecutor.processExecutionPhase(TestCaseExecutor.java:307)
	at com.kms.katalon.core.main.TestCaseExecutor.accessMainPhase(TestCaseExecutor.java:299)
	at com.kms.katalon.core.main.TestCaseExecutor.execute(TestCaseExecutor.java:233)
	at com.kms.katalon.core.main.TestCaseMain.runTestCase(TestCaseMain.java:114)
	at com.kms.katalon.core.keyword.builtin.CallTestCaseKeyword$_callTestCase_closure1.doCall(CallTestCaseKeyword.groovy:59)
	at com.kms.katalon.core.keyword.builtin.CallTestCaseKeyword$_callTestCase_closure1.call(CallTestCaseKeyword.groovy)
	at com.kms.katalon.core.keyword.internal.KeywordMain.runKeyword(KeywordMain.groovy:68)
	at com.kms.katalon.core.keyword.builtin.CallTestCaseKeyword.callTestCase(CallTestCaseKeyword.groovy:81)
	at com.kms.katalon.core.keyword.builtin.CallTestCaseKeyword.execute(CallTestCaseKeyword.groovy:44)
	at com.kms.katalon.core.keyword.internal.KeywordExecutor.executeKeywordForPlatform(KeywordExecutor.groovy:60)
	at com.kms.katalon.core.keyword.BuiltinKeywords.callTestCase(BuiltinKeywords.groovy:334)
	at TC_Data Entry.run(TC_Data Entry:42)
	at com.kms.katalon.core.main.ScriptEngine.run(ScriptEngine.java:194)
	at com.kms.katalon.core.main.ScriptEngine.runScriptAsRawText(ScriptEngine.java:119)
	at com.kms.katalon.core.main.TestCaseExecutor.runScript(TestCaseExecutor.java:337)
	at com.kms.katalon.core.main.TestCaseExecutor.doExecute(TestCaseExecutor.java:328)
	at com.kms.katalon.core.main.TestCaseExecutor.processExecutionPhase(TestCaseExecutor.java:307)
	at com.kms.katalon.core.main.TestCaseExecutor.accessMainPhase(TestCaseExecutor.java:299)
	at com.kms.katalon.core.main.TestCaseExecutor.execute(TestCaseExecutor.java:233)
	at com.kms.katalon.core.main.TestSuiteExecutor.accessTestCaseMainPhase(TestSuiteExecutor.java:169)
	at com.kms.katalon.core.main.TestSuiteExecutor.accessTestSuiteMainPhase(TestSuiteExecutor.java:142)
	at com.kms.katalon.core.main.TestSuiteExecutor.execute(TestSuiteExecutor.java:91)
	at com.kms.katalon.core.main.TestCaseMain.startTestSuite(TestCaseMain.java:157)
	at com.kms.katalon.core.main.TestCaseMain$startTestSuite$0.call(Unknown Source)
	at TempTestSuite1574807893706.run(TempTestSuite1574807893706.groovy:36)
Caused by: com.kms.katalon.core.exception.StepFailedException: Object Object Repository/Borrower/Borrower - Identitas/Borrower_BtnCheckBox not found
	at com.kms.katalon.core.keyword.internal.KeywordMain.stepFailed(KeywordMain.groovy:50)
	at com.kms.katalon.core.mobile.keyword.internal.MobileKeywordMain.stepFailed(MobileKeywordMain.groovy:40)
	at com.kms.katalon.core.mobile.keyword.builtin.TapKeyword$_tap_closure1.doCall(TapKeyword.groovy:79)
	at com.kms.katalon.core.mobile.keyword.builtin.TapKeyword$_tap_closure1.call(TapKeyword.groovy)
	at com.kms.katalon.core.mobile.keyword.internal.MobileKeywordMain.runKeyword(MobileKeywordMain.groovy:21)
	at com.kms.katalon.core.mobile.keyword.builtin.TapKeyword.tap(TapKeyword.groovy:86)
	at com.kms.katalon.core.mobile.keyword.builtin.TapKeyword.execute(TapKeyword.groovy:68)
	at com.kms.katalon.core.keyword.internal.KeywordExecutor.executeKeywordForPlatform(KeywordExecutor.groovy:60)
	at com.kms.katalon.core.mobile.keyword.MobileBuiltInKeywords.tap(MobileBuiltInKeywords.groovy:520)
	at com.kms.katalon.core.mobile.keyword.MobileBuiltInKeywords$tap$1.call(Unknown Source)
	at TC_Borrower - Identitas - MASTER FLOW.run(TC_Borrower - Identitas - MASTER FLOW:52)
	at com.kms.katalon.core.main.ScriptEngine.run(ScriptEngine.java:194)
	at com.kms.katalon.core.main.ScriptEngine.runScriptAsRawText(ScriptEngine.java:119)
	at com.kms.katalon.core.main.TestCaseExecutor.runScript(TestCaseExecutor.java:337)
	at com.kms.katalon.core.main.TestCaseExecutor.doExecute(TestCaseExecutor.java:328)
	at com.kms.katalon.core.main.TestCaseExecutor.processExecutionPhase(TestCaseExecutor.java:307)
	at com.kms.katalon.core.main.TestCaseExecutor.accessMainPhase(TestCaseExecutor.java:299)
	at com.kms.katalon.core.main.TestCaseExecutor.execute(TestCaseExecutor.java:233)
	at com.kms.katalon.core.main.TestCaseMain.runTestCase(TestCaseMain.java:114)
	at com.kms.katalon.core.keyword.builtin.CallTestCaseKeyword$_callTestCase_closure1.doCall(CallTestCaseKeyword.groovy:59)
	... 36 more
)

2019-11-27 05:44:39 - [TEST_CASE][FAILED] - Test Cases/Data Entry/Borrower/Borrower - Identitas/MASTER FLOW/TC_Borrower - Identitas - MASTER FLOW: Test Cases/Data Entry/Borrower/Borrower - Identitas/MASTER FLOW/TC_Borrower - Identitas - MASTER FLOW FAILED.
Reason:
com.kms.katalon.core.exception.StepFailedException: Object Object Repository/Borrower/Borrower - Identitas/Borrower_BtnCheckBox not found
	at com.kms.katalon.core.keyword.internal.KeywordMain.stepFailed(KeywordMain.groovy:50)
	at com.kms.katalon.core.mobile.keyword.internal.MobileKeywordMain.stepFailed(MobileKeywordMain.groovy:40)
	at com.kms.katalon.core.mobile.keyword.builtin.TapKeyword$_tap_closure1.doCall(TapKeyword.groovy:79)
	at com.kms.katalon.core.mobile.keyword.builtin.TapKeyword$_tap_closure1.call(TapKeyword.groovy)
	at com.kms.katalon.core.mobile.keyword.internal.MobileKeywordMain.runKeyword(MobileKeywordMain.groovy:21)
	at com.kms.katalon.core.mobile.keyword.builtin.TapKeyword.tap(TapKeyword.groovy:86)
	at com.kms.katalon.core.mobile.keyword.builtin.TapKeyword.execute(TapKeyword.groovy:68)
	at com.kms.katalon.core.keyword.internal.KeywordExecutor.executeKeywordForPlatform(KeywordExecutor.groovy:60)
	at com.kms.katalon.core.mobile.keyword.MobileBuiltInKeywords.tap(MobileBuiltInKeywords.groovy:520)
	at com.kms.katalon.core.mobile.keyword.MobileBuiltInKeywords$tap$1.call(Unknown Source)
	at TC_Borrower - Identitas - MASTER FLOW.run(TC_Borrower - Identitas - MASTER FLOW:52)
	at com.kms.katalon.core.main.ScriptEngine.run(ScriptEngine.java:194)
	at com.kms.katalon.core.main.ScriptEngine.runScriptAsRawText(ScriptEngine.java:119)
	at com.kms.katalon.core.main.TestCaseExecutor.runScript(TestCaseExecutor.java:337)
	at com.kms.katalon.core.main.TestCaseExecutor.doExecute(TestCaseExecutor.java:328)
	at com.kms.katalon.core.main.TestCaseExecutor.processExecutionPhase(TestCaseExecutor.java:307)
	at com.kms.katalon.core.main.TestCaseExecutor.accessMainPhase(TestCaseExecutor.java:299)
	at com.kms.katalon.core.main.TestCaseExecutor.execute(TestCaseExecutor.java:233)
	at com.kms.katalon.core.main.TestCaseMain.runTestCase(TestCaseMain.java:114)
	at com.kms.katalon.core.keyword.builtin.CallTestCaseKeyword$_callTestCase_closure1.doCall(CallTestCaseKeyword.groovy:59)
	at com.kms.katalon.core.keyword.builtin.CallTestCaseKeyword$_callTestCase_closure1.call(CallTestCaseKeyword.groovy)
	at com.kms.katalon.core.keyword.internal.KeywordMain.runKeyword(KeywordMain.groovy:68)
	at com.kms.katalon.core.keyword.builtin.CallTestCaseKeyword.callTestCase(CallTestCaseKeyword.groovy:81)
	at com.kms.katalon.core.keyword.builtin.CallTestCaseKeyword.execute(CallTestCaseKeyword.groovy:44)
	at com.kms.katalon.core.keyword.internal.KeywordExecutor.executeKeywordForPlatform(KeywordExecutor.groovy:60)
	at com.kms.katalon.core.keyword.BuiltinKeywords.callTestCase(BuiltinKeywords.groovy:334)
	at Flow Borrower.run(Flow Borrower:16)
	at com.kms.katalon.core.main.ScriptEngine.run(ScriptEngine.java:194)
	at com.kms.katalon.core.main.ScriptEngine.runScriptAsRawText(ScriptEngine.java:119)
	at com.kms.katalon.core.main.TestCaseExecutor.runScript(TestCaseExecutor.java:337)
	at com.kms.katalon.core.main.TestCaseExecutor.doExecute(TestCaseExecutor.java:328)
	at com.kms.katalon.core.main.TestCaseExecutor.processExecutionPhase(TestCaseExecutor.java:307)
	at com.kms.katalon.core.main.TestCaseExecutor.accessMainPhase(TestCaseExecutor.java:299)
	at com.kms.katalon.core.main.TestCaseExecutor.execute(TestCaseExecutor.java:233)
	at com.kms.katalon.core.main.TestCaseMain.runTestCase(TestCaseMain.java:114)
	at com.kms.katalon.core.keyword.builtin.CallTestCaseKeyword$_callTestCase_closure1.doCall(CallTestCaseKeyword.groovy:59)
	at com.kms.katalon.core.keyword.builtin.CallTestCaseKeyword$_callTestCase_closure1.call(CallTestCaseKeyword.groovy)
	at com.kms.katalon.core.keyword.internal.KeywordMain.runKeyword(KeywordMain.groovy:68)
	at com.kms.katalon.core.keyword.builtin.CallTestCaseKeyword.callTestCase(CallTestCaseKeyword.groovy:81)
	at com.kms.katalon.core.keyword.builtin.CallTestCaseKeyword.execute(CallTestCaseKeyword.groovy:44)
	at com.kms.katalon.core.keyword.internal.KeywordExecutor.executeKeywordForPlatform(KeywordExecutor.groovy:60)
	at com.kms.katalon.core.keyword.BuiltinKeywords.callTestCase(BuiltinKeywords.groovy:334)
	at TC_Data Entry.run(TC_Data Entry:42)
	at com.kms.katalon.core.main.ScriptEngine.run(ScriptEngine.java:194)
	at com.kms.katalon.core.main.ScriptEngine.runScriptAsRawText(ScriptEngine.java:119)
	at com.kms.katalon.core.main.TestCaseExecutor.runScript(TestCaseExecutor.java:337)
	at com.kms.katalon.core.main.TestCaseExecutor.doExecute(TestCaseExecutor.java:328)
	at com.kms.katalon.core.main.TestCaseExecutor.processExecutionPhase(TestCaseExecutor.java:307)
	at com.kms.katalon.core.main.TestCaseExecutor.accessMainPhase(TestCaseExecutor.java:299)
	at com.kms.katalon.core.main.TestCaseExecutor.execute(TestCaseExecutor.java:233)
	at com.kms.katalon.core.main.TestSuiteExecutor.accessTestCaseMainPhase(TestSuiteExecutor.java:169)
	at com.kms.katalon.core.main.TestSuiteExecutor.accessTestSuiteMainPhase(TestSuiteExecutor.java:142)
	at com.kms.katalon.core.main.TestSuiteExecutor.execute(TestSuiteExecutor.java:91)
	at com.kms.katalon.core.main.TestCaseMain.startTestSuite(TestCaseMain.java:157)
	at com.kms.katalon.core.main.TestCaseMain$startTestSuite$0.call(Unknown Source)
	at TempTestSuite1574807893706.run(TempTestSuite1574807893706.groovy:36)


2019-11-27 05:44:39 - [TEST_STEP][PASSED] - setText(findTestObject("Borrower/Borrower - Identitas/Borrower_InpNoKTP"), BIvarNoKTP, 0): Text '3175042001790001' has been set to element 'Object Repository/Borrower/Borrower - Identitas/Borrower_InpNoKTP'

2019-11-27 05:44:40 - [MESSAGE][WARNING] - Timeout '0' is invalid. Using default page load timeout: '30'

2019-11-27 05:44:41 - [MESSAGE][PASSED] - Text '3175042001790001' has been set to element 'Object Repository/Borrower/Borrower - Identitas/Borrower_InpNoKTP'

2019-11-27 05:44:41 - [TEST_STEP][PASSED] - tap(findTestObject("Borrower/Borrower - Identitas/Borrower_BtnMasaBerlaku-SeumurHidup"), 0): Tapped on element 'Object Repository/Borrower/Borrower - Identitas/Borrower_BtnMasaBerlaku-SeumurHidup'

2019-11-27 05:44:41 - [MESSAGE][WARNING] - Timeout '0' is invalid. Using default page load timeout: '30'

2019-11-27 05:44:45 - [MESSAGE][PASSED] - Tapped on element 'Object Repository/Borrower/Borrower - Identitas/Borrower_BtnMasaBerlaku-SeumurHidup'

2019-11-27 05:44:45 - [TEST_STEP][PASSED] - setText(findTestObject("Borrower/Borrower - Identitas/Borrower_InpNamaSesuaiIdentitas"), BIvarNama, 0): Text 'YUSUF ALAN MAKARIM' has been set to element 'Object Repository/Borrower/Borrower - Identitas/Borrower_InpNamaSesuaiIdentitas'

2019-11-27 05:44:45 - [MESSAGE][WARNING] - Timeout '0' is invalid. Using default page load timeout: '30'

2019-11-27 05:44:48 - [MESSAGE][PASSED] - Text 'YUSUF ALAN MAKARIM' has been set to element 'Object Repository/Borrower/Borrower - Identitas/Borrower_InpNamaSesuaiIdentitas'

2019-11-27 05:44:48 - [TEST_STEP][PASSED] - if (BIvarJenkel == "LK"): Tapped on element 'Object Repository/Borrower/Borrower - Identitas/Borrower_BtnJenisKelamin-LakiLaki'

2019-11-27 05:44:48 - [TEST_STEP][PASSED] - tap(findTestObject("Borrower/Borrower - Identitas/Borrower_BtnJenisKelamin-LakiLaki"), 0): Tapped on element 'Object Repository/Borrower/Borrower - Identitas/Borrower_BtnJenisKelamin-LakiLaki'

2019-11-27 05:44:48 - [MESSAGE][WARNING] - Timeout '0' is invalid. Using default page load timeout: '30'

2019-11-27 05:44:51 - [MESSAGE][PASSED] - Tapped on element 'Object Repository/Borrower/Borrower - Identitas/Borrower_BtnJenisKelamin-LakiLaki'

2019-11-27 05:44:51 - [TEST_STEP][PASSED] - setText(findTestObject("Borrower/Borrower - Identitas/Borrower_InpTempatLahir"), BIvarTempatLahir, 0): Text 'BANDUNG' has been set to element 'Object Repository/Borrower/Borrower - Identitas/Borrower_InpTempatLahir'

2019-11-27 05:44:51 - [MESSAGE][WARNING] - Timeout '0' is invalid. Using default page load timeout: '30'

2019-11-27 05:44:55 - [MESSAGE][PASSED] - Text 'BANDUNG' has been set to element 'Object Repository/Borrower/Borrower - Identitas/Borrower_InpTempatLahir'

2019-11-27 05:44:55 - [TEST_STEP][PASSED] - tap(findTestObject("Borrower/Borrower - Identitas/Borrower_InpTempatLahir"), 0, STOP_ON_FAILURE): Tapped on element 'Object Repository/Borrower/Borrower - Identitas/Borrower_InpTempatLahir'

2019-11-27 05:44:55 - [MESSAGE][WARNING] - Timeout '0' is invalid. Using default page load timeout: '30'

2019-11-27 05:44:59 - [MESSAGE][PASSED] - Tapped on element 'Object Repository/Borrower/Borrower - Identitas/Borrower_InpTempatLahir'

2019-11-27 05:44:59 - [TEST_STEP][PASSED] - mobile.picklist.List(findTestObject("Borrower/Borrower - Identitas/Borrower_TxtTempatLahir"), STOP_ON_FAILURE): mobile.picklist.List is PASSED

2019-11-27 05:44:59 - [MESSAGE][WARNING] - Timeout '0' is invalid. Using default page load timeout: '30'

2019-11-27 05:45:01 - [MESSAGE][PASSED] - Object 'Object Repository/Borrower/Borrower - Identitas/Borrower_TxtTempatLahir' has top position '1,805'

2019-11-27 05:45:01 - [MESSAGE][WARNING] - Timeout '0' is invalid. Using default page load timeout: '30'

2019-11-27 05:45:02 - [MESSAGE][PASSED] - Object 'Object Repository/Borrower/Borrower - Identitas/Borrower_TxtTempatLahir' has left position '76'

2019-11-27 05:45:02 - [MESSAGE][PASSED] - Tapped at [76, 1,920]

2019-11-27 05:45:02 - [MESSAGE][PASSED] - mobile.picklist.List is PASSED

2019-11-27 05:45:02 - [TEST_STEP][PASSED] - mobile.mobileSwipe.UpDown(0.8, 0.2, 1000): mobile.mobileSwipe.UpDown is PASSED

2019-11-27 05:45:03 - [MESSAGE][PASSED] - Current device physical height is 2131

2019-11-27 05:45:03 - [MESSAGE][INFO] - Device Height : 2131

2019-11-27 05:45:05 - [MESSAGE][PASSED] - Current device physical width is 1080

2019-11-27 05:45:05 - [MESSAGE][INFO] - Device Width : 1080

2019-11-27 05:45:05 - [MESSAGE][INFO] - Swipe start at Height : 1704

2019-11-27 05:45:05 - [MESSAGE][INFO] - Swipe end at Height : 426

2019-11-27 05:45:05 - [MESSAGE][INFO] - X Position : 1000

2019-11-27 05:45:07 - [MESSAGE][PASSED] - Swiped from 1,000,1,704 to 1,000,426

2019-11-27 05:45:07 - [MESSAGE][PASSED] - mobile.mobileSwipe.UpDown is PASSED

2019-11-27 05:45:07 - [TEST_STEP][PASSED] - delay(2, STOP_ON_FAILURE): Delayed 2 second(s)

2019-11-27 05:45:09 - [MESSAGE][PASSED] - Delayed 2 second(s)

2019-11-27 05:45:09 - [TEST_STEP][PASSED] - tap(findTestObject("Borrower/Borrower - Identitas/Borrower_TxtTanggalLahir"), 0): Tapped on element 'Object Repository/Borrower/Borrower - Identitas/Borrower_TxtTanggalLahir'

2019-11-27 05:45:09 - [MESSAGE][WARNING] - Timeout '0' is invalid. Using default page load timeout: '30'

2019-11-27 05:45:11 - [MESSAGE][PASSED] - Tapped on element 'Object Repository/Borrower/Borrower - Identitas/Borrower_TxtTanggalLahir'

2019-11-27 05:45:11 - [TEST_STEP][PASSED] - delay(2, STOP_ON_FAILURE): Delayed 2 second(s)

2019-11-27 05:45:13 - [MESSAGE][PASSED] - Delayed 2 second(s)

2019-11-27 05:45:13 - [TEST_STEP][PASSED] - callTestCase(findTestCase("dynamic test case/calendar"), ["varTahun":BIvarTahun], STOP_ON_FAILURE): Call Test Case 'Test Cases/dynamic test case/calendar' successfully

2019-11-27 05:45:14 - [TEST_CASE][PASSED] - Test Cases/dynamic test case/calendar: Test Cases/dynamic test case/calendar

2019-11-27 05:45:14 - [TEST_STEP][PASSED] - tap(findTestObject("dynamic object/Calendar_TxtTahun"), 0): Tapped on element 'Object Repository/dynamic object/Calendar_TxtTahun'

2019-11-27 05:45:14 - [MESSAGE][WARNING] - Timeout '0' is invalid. Using default page load timeout: '30'

2019-11-27 05:45:16 - [MESSAGE][PASSED] - Tapped on element 'Object Repository/dynamic object/Calendar_TxtTahun'

2019-11-27 05:45:16 - [TEST_STEP][PASSED] - driver = getDriver(): null

2019-11-27 05:45:16 - [TEST_STEP][PASSED] - xpath = "": null

2019-11-27 05:45:16 - [TEST_STEP][PASSED] - xpath = XPathBuilder.createXPath("TextView"): null

2019-11-27 05:45:16 - [TEST_STEP][PASSED] - listElements = driver.findElementsByXPath(xpath): null

2019-11-27 05:45:17 - [TEST_STEP][PASSED] - if (size() - 1].getText() < varTahun): null

2019-11-27 05:45:17 - [TEST_STEP][PASSED] - else: null

2019-11-27 05:45:17 - [TEST_STEP][PASSED] - varScrollUpDown = "UpToDown": null

2019-11-27 05:45:17 - [TEST_STEP][PASSED] - switch (varScrollUpDown.toString()): null

2019-11-27 05:45:17 - [TEST_STEP][PASSED] - case "UpToDown":: null

2019-11-27 05:45:17 - [TEST_STEP][PASSED] - mobile.swiping.scrollListToElementWithTextUpToDown(varTahun): mobile.swiping.scrollListToElementWithTextUpToDown is PASSED

2019-11-27 05:45:51 - [MESSAGE][PASSED] - mobile.swiping.scrollListToElementWithTextUpToDown is PASSED

2019-11-27 05:45:51 - [TEST_STEP][PASSED] - break: null

2019-11-27 05:45:51 - [TEST_STEP][PASSED] - tap(findTestObject("dynamic object/pickListItem_TextView", ["text":varTahun]), 0): Tapped on element 'Object Repository/dynamic object/pickListItem_TextView'

2019-11-27 05:45:51 - [MESSAGE][WARNING] - Timeout '0' is invalid. Using default page load timeout: '30'

2019-11-27 05:45:53 - [MESSAGE][PASSED] - Tapped on element 'Object Repository/dynamic object/pickListItem_TextView'

2019-11-27 05:45:53 - [TEST_STEP][PASSED] - tap(findTestObject("Borrower/Borrower - Identitas/Click_Tanggal"), 0): Tapped on element 'Object Repository/Borrower/Borrower - Identitas/Click_Tanggal'

2019-11-27 05:45:53 - [MESSAGE][WARNING] - Timeout '0' is invalid. Using default page load timeout: '30'

2019-11-27 05:45:55 - [MESSAGE][PASSED] - Tapped on element 'Object Repository/Borrower/Borrower - Identitas/Click_Tanggal'

2019-11-27 05:45:55 - [TEST_STEP][PASSED] - tap(findTestObject("dynamic object/Calendar_TxtSetel"), 0): Tapped on element 'Object Repository/dynamic object/Calendar_TxtSetel'

2019-11-27 05:45:55 - [MESSAGE][WARNING] - Timeout '0' is invalid. Using default page load timeout: '30'

2019-11-27 05:45:57 - [MESSAGE][PASSED] - Tapped on element 'Object Repository/dynamic object/Calendar_TxtSetel'

2019-11-27 05:45:57 - [MESSAGE][PASSED] - Call Test Case 'Test Cases/dynamic test case/calendar' successfully

2019-11-27 05:45:57 - [TEST_STEP][NOT_RUN] - delay(10, STOP_ON_FAILURE): NOT_RUN: delay(10, STOP_ON_FAILURE)

2019-11-27 05:45:57 - [MESSAGE][NOT_RUN] - NOT_RUN: delay(10, STOP_ON_FAILURE)

2019-11-27 05:45:57 - [TEST_STEP][PASSED] - tap(findTestObject("Borrower/Borrower - Identitas/Borrower_BtnCekDataPelanggan"), 0): Tapped on element 'Object Repository/Borrower/Borrower - Identitas/Borrower_BtnCekDataPelanggan'

2019-11-27 05:45:57 - [MESSAGE][WARNING] - Timeout '0' is invalid. Using default page load timeout: '30'

2019-11-27 05:46:00 - [MESSAGE][PASSED] - Tapped on element 'Object Repository/Borrower/Borrower - Identitas/Borrower_BtnCekDataPelanggan'

2019-11-27 05:46:00 - [TEST_STEP][PASSED] - waitForElementPresent(findTestObject("Borrower/Borrower - Identitas/Borrower_BtnConfirm"), 120): Object Object Repository/Borrower/Borrower - Identitas/Borrower_BtnConfirm not found

2019-11-27 05:48:00 - [MESSAGE][WARNING] - Object Object Repository/Borrower/Borrower - Identitas/Borrower_BtnConfirm not found

2019-11-27 05:48:00 - [TEST_STEP][FAILED] - tap(findTestObject("Borrower/Borrower - Identitas/Borrower_BtnCheckBox"), 60): Failed to tap on element 'Object Repository/Borrower/Borrower - Identitas/Borrower_BtnCheckBox' (Root cause: com.kms.katalon.core.exception.StepFailedException: Object Object Repository/Borrower/Borrower - Identitas/Borrower_BtnCheckBox not found
	at com.kms.katalon.core.keyword.internal.KeywordMain.stepFailed(KeywordMain.groovy:50)
	at com.kms.katalon.core.mobile.keyword.internal.MobileKeywordMain.stepFailed(MobileKeywordMain.groovy:40)
	at com.kms.katalon.core.mobile.keyword.builtin.TapKeyword$_tap_closure1.doCall(TapKeyword.groovy:79)
	at com.kms.katalon.core.mobile.keyword.builtin.TapKeyword$_tap_closure1.call(TapKeyword.groovy)
	at com.kms.katalon.core.mobile.keyword.internal.MobileKeywordMain.runKeyword(MobileKeywordMain.groovy:21)
	at com.kms.katalon.core.mobile.keyword.builtin.TapKeyword.tap(TapKeyword.groovy:86)
	at com.kms.katalon.core.mobile.keyword.builtin.TapKeyword.execute(TapKeyword.groovy:68)
	at com.kms.katalon.core.keyword.internal.KeywordExecutor.executeKeywordForPlatform(KeywordExecutor.groovy:60)
	at com.kms.katalon.core.mobile.keyword.MobileBuiltInKeywords.tap(MobileBuiltInKeywords.groovy:520)
	at com.kms.katalon.core.mobile.keyword.MobileBuiltInKeywords$tap$1.call(Unknown Source)
	at TC_Borrower - Identitas - MASTER FLOW.run(TC_Borrower - Identitas - MASTER FLOW:52)
	at com.kms.katalon.core.main.ScriptEngine.run(ScriptEngine.java:194)
	at com.kms.katalon.core.main.ScriptEngine.runScriptAsRawText(ScriptEngine.java:119)
	at com.kms.katalon.core.main.TestCaseExecutor.runScript(TestCaseExecutor.java:337)
	at com.kms.katalon.core.main.TestCaseExecutor.doExecute(TestCaseExecutor.java:328)
	at com.kms.katalon.core.main.TestCaseExecutor.processExecutionPhase(TestCaseExecutor.java:307)
	at com.kms.katalon.core.main.TestCaseExecutor.accessMainPhase(TestCaseExecutor.java:299)
	at com.kms.katalon.core.main.TestCaseExecutor.execute(TestCaseExecutor.java:233)
	at com.kms.katalon.core.main.TestCaseMain.runTestCase(TestCaseMain.java:114)
	at com.kms.katalon.core.keyword.builtin.CallTestCaseKeyword$_callTestCase_closure1.doCall(CallTestCaseKeyword.groovy:59)
	at com.kms.katalon.core.keyword.builtin.CallTestCaseKeyword$_callTestCase_closure1.call(CallTestCaseKeyword.groovy)
	at com.kms.katalon.core.keyword.internal.KeywordMain.runKeyword(KeywordMain.groovy:68)
	at com.kms.katalon.core.keyword.builtin.CallTestCaseKeyword.callTestCase(CallTestCaseKeyword.groovy:81)
	at com.kms.katalon.core.keyword.builtin.CallTestCaseKeyword.execute(CallTestCaseKeyword.groovy:44)
	at com.kms.katalon.core.keyword.internal.KeywordExecutor.executeKeywordForPlatform(KeywordExecutor.groovy:60)
	at com.kms.katalon.core.keyword.BuiltinKeywords.callTestCase(BuiltinKeywords.groovy:334)
	at Flow Borrower.run(Flow Borrower:16)
	at com.kms.katalon.core.main.ScriptEngine.run(ScriptEngine.java:194)
	at com.kms.katalon.core.main.ScriptEngine.runScriptAsRawText(ScriptEngine.java:119)
	at com.kms.katalon.core.main.TestCaseExecutor.runScript(TestCaseExecutor.java:337)
	at com.kms.katalon.core.main.TestCaseExecutor.doExecute(TestCaseExecutor.java:328)
	at com.kms.katalon.core.main.TestCaseExecutor.processExecutionPhase(TestCaseExecutor.java:307)
	at com.kms.katalon.core.main.TestCaseExecutor.accessMainPhase(TestCaseExecutor.java:299)
	at com.kms.katalon.core.main.TestCaseExecutor.execute(TestCaseExecutor.java:233)
	at com.kms.katalon.core.main.TestCaseMain.runTestCase(TestCaseMain.java:114)
	at com.kms.katalon.core.keyword.builtin.CallTestCaseKeyword$_callTestCase_closure1.doCall(CallTestCaseKeyword.groovy:59)
	at com.kms.katalon.core.keyword.builtin.CallTestCaseKeyword$_callTestCase_closure1.call(CallTestCaseKeyword.groovy)
	at com.kms.katalon.core.keyword.internal.KeywordMain.runKeyword(KeywordMain.groovy:68)
	at com.kms.katalon.core.keyword.builtin.CallTestCaseKeyword.callTestCase(CallTestCaseKeyword.groovy:81)
	at com.kms.katalon.core.keyword.builtin.CallTestCaseKeyword.execute(CallTestCaseKeyword.groovy:44)
	at com.kms.katalon.core.keyword.internal.KeywordExecutor.executeKeywordForPlatform(KeywordExecutor.groovy:60)
	at com.kms.katalon.core.keyword.BuiltinKeywords.callTestCase(BuiltinKeywords.groovy:334)
	at TC_Data Entry.run(TC_Data Entry:42)
	at com.kms.katalon.core.main.ScriptEngine.run(ScriptEngine.java:194)
	at com.kms.katalon.core.main.ScriptEngine.runScriptAsRawText(ScriptEngine.java:119)
	at com.kms.katalon.core.main.TestCaseExecutor.runScript(TestCaseExecutor.java:337)
	at com.kms.katalon.core.main.TestCaseExecutor.doExecute(TestCaseExecutor.java:328)
	at com.kms.katalon.core.main.TestCaseExecutor.processExecutionPhase(TestCaseExecutor.java:307)
	at com.kms.katalon.core.main.TestCaseExecutor.accessMainPhase(TestCaseExecutor.java:299)
	at com.kms.katalon.core.main.TestCaseExecutor.execute(TestCaseExecutor.java:233)
	at com.kms.katalon.core.main.TestSuiteExecutor.accessTestCaseMainPhase(TestSuiteExecutor.java:169)
	at com.kms.katalon.core.main.TestSuiteExecutor.accessTestSuiteMainPhase(TestSuiteExecutor.java:142)
	at com.kms.katalon.core.main.TestSuiteExecutor.execute(TestSuiteExecutor.java:91)
	at com.kms.katalon.core.main.TestCaseMain.startTestSuite(TestCaseMain.java:157)
	at com.kms.katalon.core.main.TestCaseMain$startTestSuite$0.call(Unknown Source)
	at TempTestSuite1574807893706.run(TempTestSuite1574807893706.groovy:36)
)

2019-11-27 05:49:03 - [MESSAGE][FAILED] - Object Object Repository/Borrower/Borrower - Identitas/Borrower_BtnCheckBox not found
[[ATTACHMENT|C:\\Users\\15420\\git\\ACCME-Dupcheck\\Reports\\20191127_053813\\data entry dupcek\\20191127_053813\\1574808541621.png]]

2019-11-27 05:49:04 - [MESSAGE][FAILED] - Failed to tap on element 'Object Repository/Borrower/Borrower - Identitas/Borrower_BtnCheckBox' (Root cause: com.kms.katalon.core.exception.StepFailedException: Object Object Repository/Borrower/Borrower - Identitas/Borrower_BtnCheckBox not found
	at com.kms.katalon.core.keyword.internal.KeywordMain.stepFailed(KeywordMain.groovy:50)
	at com.kms.katalon.core.mobile.keyword.internal.MobileKeywordMain.stepFailed(MobileKeywordMain.groovy:40)
	at com.kms.katalon.core.mobile.keyword.builtin.TapKeyword$_tap_closure1.doCall(TapKeyword.groovy:79)
	at com.kms.katalon.core.mobile.keyword.builtin.TapKeyword$_tap_closure1.call(TapKeyword.groovy)
	at com.kms.katalon.core.mobile.keyword.internal.MobileKeywordMain.runKeyword(MobileKeywordMain.groovy:21)
	at com.kms.katalon.core.mobile.keyword.builtin.TapKeyword.tap(TapKeyword.groovy:86)
	at com.kms.katalon.core.mobile.keyword.builtin.TapKeyword.execute(TapKeyword.groovy:68)
	at com.kms.katalon.core.keyword.internal.KeywordExecutor.executeKeywordForPlatform(KeywordExecutor.groovy:60)
	at com.kms.katalon.core.mobile.keyword.MobileBuiltInKeywords.tap(MobileBuiltInKeywords.groovy:520)
	at com.kms.katalon.core.mobile.keyword.MobileBuiltInKeywords$tap$1.call(Unknown Source)
	at TC_Borrower - Identitas - MASTER FLOW.run(TC_Borrower - Identitas - MASTER FLOW:52)
	at com.kms.katalon.core.main.ScriptEngine.run(ScriptEngine.java:194)
	at com.kms.katalon.core.main.ScriptEngine.runScriptAsRawText(ScriptEngine.java:119)
	at com.kms.katalon.core.main.TestCaseExecutor.runScript(TestCaseExecutor.java:337)
	at com.kms.katalon.core.main.TestCaseExecutor.doExecute(TestCaseExecutor.java:328)
	at com.kms.katalon.core.main.TestCaseExecutor.processExecutionPhase(TestCaseExecutor.java:307)
	at com.kms.katalon.core.main.TestCaseExecutor.accessMainPhase(TestCaseExecutor.java:299)
	at com.kms.katalon.core.main.TestCaseExecutor.execute(TestCaseExecutor.java:233)
	at com.kms.katalon.core.main.TestCaseMain.runTestCase(TestCaseMain.java:114)
	at com.kms.katalon.core.keyword.builtin.CallTestCaseKeyword$_callTestCase_closure1.doCall(CallTestCaseKeyword.groovy:59)
	at com.kms.katalon.core.keyword.builtin.CallTestCaseKeyword$_callTestCase_closure1.call(CallTestCaseKeyword.groovy)
	at com.kms.katalon.core.keyword.internal.KeywordMain.runKeyword(KeywordMain.groovy:68)
	at com.kms.katalon.core.keyword.builtin.CallTestCaseKeyword.callTestCase(CallTestCaseKeyword.groovy:81)
	at com.kms.katalon.core.keyword.builtin.CallTestCaseKeyword.execute(CallTestCaseKeyword.groovy:44)
	at com.kms.katalon.core.keyword.internal.KeywordExecutor.executeKeywordForPlatform(KeywordExecutor.groovy:60)
	at com.kms.katalon.core.keyword.BuiltinKeywords.callTestCase(BuiltinKeywords.groovy:334)
	at Flow Borrower.run(Flow Borrower:16)
	at com.kms.katalon.core.main.ScriptEngine.run(ScriptEngine.java:194)
	at com.kms.katalon.core.main.ScriptEngine.runScriptAsRawText(ScriptEngine.java:119)
	at com.kms.katalon.core.main.TestCaseExecutor.runScript(TestCaseExecutor.java:337)
	at com.kms.katalon.core.main.TestCaseExecutor.doExecute(TestCaseExecutor.java:328)
	at com.kms.katalon.core.main.TestCaseExecutor.processExecutionPhase(TestCaseExecutor.java:307)
	at com.kms.katalon.core.main.TestCaseExecutor.accessMainPhase(TestCaseExecutor.java:299)
	at com.kms.katalon.core.main.TestCaseExecutor.execute(TestCaseExecutor.java:233)
	at com.kms.katalon.core.main.TestCaseMain.runTestCase(TestCaseMain.java:114)
	at com.kms.katalon.core.keyword.builtin.CallTestCaseKeyword$_callTestCase_closure1.doCall(CallTestCaseKeyword.groovy:59)
	at com.kms.katalon.core.keyword.builtin.CallTestCaseKeyword$_callTestCase_closure1.call(CallTestCaseKeyword.groovy)
	at com.kms.katalon.core.keyword.internal.KeywordMain.runKeyword(KeywordMain.groovy:68)
	at com.kms.katalon.core.keyword.builtin.CallTestCaseKeyword.callTestCase(CallTestCaseKeyword.groovy:81)
	at com.kms.katalon.core.keyword.builtin.CallTestCaseKeyword.execute(CallTestCaseKeyword.groovy:44)
	at com.kms.katalon.core.keyword.internal.KeywordExecutor.executeKeywordForPlatform(KeywordExecutor.groovy:60)
	at com.kms.katalon.core.keyword.BuiltinKeywords.callTestCase(BuiltinKeywords.groovy:334)
	at TC_Data Entry.run(TC_Data Entry:42)
	at com.kms.katalon.core.main.ScriptEngine.run(ScriptEngine.java:194)
	at com.kms.katalon.core.main.ScriptEngine.runScriptAsRawText(ScriptEngine.java:119)
	at com.kms.katalon.core.main.TestCaseExecutor.runScript(TestCaseExecutor.java:337)
	at com.kms.katalon.core.main.TestCaseExecutor.doExecute(TestCaseExecutor.java:328)
	at com.kms.katalon.core.main.TestCaseExecutor.processExecutionPhase(TestCaseExecutor.java:307)
	at com.kms.katalon.core.main.TestCaseExecutor.accessMainPhase(TestCaseExecutor.java:299)
	at com.kms.katalon.core.main.TestCaseExecutor.execute(TestCaseExecutor.java:233)
	at com.kms.katalon.core.main.TestSuiteExecutor.accessTestCaseMainPhase(TestSuiteExecutor.java:169)
	at com.kms.katalon.core.main.TestSuiteExecutor.accessTestSuiteMainPhase(TestSuiteExecutor.java:142)
	at com.kms.katalon.core.main.TestSuiteExecutor.execute(TestSuiteExecutor.java:91)
	at com.kms.katalon.core.main.TestCaseMain.startTestSuite(TestCaseMain.java:157)
	at com.kms.katalon.core.main.TestCaseMain$startTestSuite$0.call(Unknown Source)
	at TempTestSuite1574807893706.run(TempTestSuite1574807893706.groovy:36)
)
[[ATTACHMENT|C:\\Users\\15420\\git\\ACCME-Dupcheck\\Reports\\20191127_053813\\data entry dupcek\\20191127_053813\\1574808543269.png]]

2019-11-27 05:49:04 - [MESSAGE][FAILED] - Unable to call Test Case 'Test Cases/Data Entry/Borrower/Borrower - Identitas/MASTER FLOW/TC_Borrower - Identitas - MASTER FLOW' (Root cause: com.kms.katalon.core.exception.StepFailedException: Call Test Case 'Test Cases/Data Entry/Borrower/Borrower - Identitas/MASTER FLOW/TC_Borrower - Identitas - MASTER FLOW' failed
	at com.kms.katalon.core.keyword.builtin.CallTestCaseKeyword$_callTestCase_closure1.doCall(CallTestCaseKeyword.groovy:63)
	at com.kms.katalon.core.keyword.builtin.CallTestCaseKeyword$_callTestCase_closure1.call(CallTestCaseKeyword.groovy)
	at com.kms.katalon.core.keyword.internal.KeywordMain.runKeyword(KeywordMain.groovy:68)
	at com.kms.katalon.core.keyword.builtin.CallTestCaseKeyword.callTestCase(CallTestCaseKeyword.groovy:81)
	at com.kms.katalon.core.keyword.builtin.CallTestCaseKeyword.execute(CallTestCaseKeyword.groovy:44)
	at com.kms.katalon.core.keyword.internal.KeywordExecutor.executeKeywordForPlatform(KeywordExecutor.groovy:60)
	at com.kms.katalon.core.keyword.BuiltinKeywords.callTestCase(BuiltinKeywords.groovy:334)
	at Flow Borrower.run(Flow Borrower:16)
	at com.kms.katalon.core.main.ScriptEngine.run(ScriptEngine.java:194)
	at com.kms.katalon.core.main.ScriptEngine.runScriptAsRawText(ScriptEngine.java:119)
	at com.kms.katalon.core.main.TestCaseExecutor.runScript(TestCaseExecutor.java:337)
	at com.kms.katalon.core.main.TestCaseExecutor.doExecute(TestCaseExecutor.java:328)
	at com.kms.katalon.core.main.TestCaseExecutor.processExecutionPhase(TestCaseExecutor.java:307)
	at com.kms.katalon.core.main.TestCaseExecutor.accessMainPhase(TestCaseExecutor.java:299)
	at com.kms.katalon.core.main.TestCaseExecutor.execute(TestCaseExecutor.java:233)
	at com.kms.katalon.core.main.TestCaseMain.runTestCase(TestCaseMain.java:114)
	at com.kms.katalon.core.keyword.builtin.CallTestCaseKeyword$_callTestCase_closure1.doCall(CallTestCaseKeyword.groovy:59)
	at com.kms.katalon.core.keyword.builtin.CallTestCaseKeyword$_callTestCase_closure1.call(CallTestCaseKeyword.groovy)
	at com.kms.katalon.core.keyword.internal.KeywordMain.runKeyword(KeywordMain.groovy:68)
	at com.kms.katalon.core.keyword.builtin.CallTestCaseKeyword.callTestCase(CallTestCaseKeyword.groovy:81)
	at com.kms.katalon.core.keyword.builtin.CallTestCaseKeyword.execute(CallTestCaseKeyword.groovy:44)
	at com.kms.katalon.core.keyword.internal.KeywordExecutor.executeKeywordForPlatform(KeywordExecutor.groovy:60)
	at com.kms.katalon.core.keyword.BuiltinKeywords.callTestCase(BuiltinKeywords.groovy:334)
	at TC_Data Entry.run(TC_Data Entry:42)
	at com.kms.katalon.core.main.ScriptEngine.run(ScriptEngine.java:194)
	at com.kms.katalon.core.main.ScriptEngine.runScriptAsRawText(ScriptEngine.java:119)
	at com.kms.katalon.core.main.TestCaseExecutor.runScript(TestCaseExecutor.java:337)
	at com.kms.katalon.core.main.TestCaseExecutor.doExecute(TestCaseExecutor.java:328)
	at com.kms.katalon.core.main.TestCaseExecutor.processExecutionPhase(TestCaseExecutor.java:307)
	at com.kms.katalon.core.main.TestCaseExecutor.accessMainPhase(TestCaseExecutor.java:299)
	at com.kms.katalon.core.main.TestCaseExecutor.execute(TestCaseExecutor.java:233)
	at com.kms.katalon.core.main.TestSuiteExecutor.accessTestCaseMainPhase(TestSuiteExecutor.java:169)
	at com.kms.katalon.core.main.TestSuiteExecutor.accessTestSuiteMainPhase(TestSuiteExecutor.java:142)
	at com.kms.katalon.core.main.TestSuiteExecutor.execute(TestSuiteExecutor.java:91)
	at com.kms.katalon.core.main.TestCaseMain.startTestSuite(TestCaseMain.java:157)
	at com.kms.katalon.core.main.TestCaseMain$startTestSuite$0.call(Unknown Source)
	at TempTestSuite1574807893706.run(TempTestSuite1574807893706.groovy:36)
Caused by: com.kms.katalon.core.exception.StepFailedException: Object Object Repository/Borrower/Borrower - Identitas/Borrower_BtnCheckBox not found
	at com.kms.katalon.core.keyword.internal.KeywordMain.stepFailed(KeywordMain.groovy:50)
	at com.kms.katalon.core.mobile.keyword.internal.MobileKeywordMain.stepFailed(MobileKeywordMain.groovy:40)
	at com.kms.katalon.core.mobile.keyword.builtin.TapKeyword$_tap_closure1.doCall(TapKeyword.groovy:79)
	at com.kms.katalon.core.mobile.keyword.builtin.TapKeyword$_tap_closure1.call(TapKeyword.groovy)
	at com.kms.katalon.core.mobile.keyword.internal.MobileKeywordMain.runKeyword(MobileKeywordMain.groovy:21)
	at com.kms.katalon.core.mobile.keyword.builtin.TapKeyword.tap(TapKeyword.groovy:86)
	at com.kms.katalon.core.mobile.keyword.builtin.TapKeyword.execute(TapKeyword.groovy:68)
	at com.kms.katalon.core.keyword.internal.KeywordExecutor.executeKeywordForPlatform(KeywordExecutor.groovy:60)
	at com.kms.katalon.core.mobile.keyword.MobileBuiltInKeywords.tap(MobileBuiltInKeywords.groovy:520)
	at com.kms.katalon.core.mobile.keyword.MobileBuiltInKeywords$tap$1.call(Unknown Source)
	at TC_Borrower - Identitas - MASTER FLOW.run(TC_Borrower - Identitas - MASTER FLOW:52)
	at com.kms.katalon.core.main.ScriptEngine.run(ScriptEngine.java:194)
	at com.kms.katalon.core.main.ScriptEngine.runScriptAsRawText(ScriptEngine.java:119)
	at com.kms.katalon.core.main.TestCaseExecutor.runScript(TestCaseExecutor.java:337)
	at com.kms.katalon.core.main.TestCaseExecutor.doExecute(TestCaseExecutor.java:328)
	at com.kms.katalon.core.main.TestCaseExecutor.processExecutionPhase(TestCaseExecutor.java:307)
	at com.kms.katalon.core.main.TestCaseExecutor.accessMainPhase(TestCaseExecutor.java:299)
	at com.kms.katalon.core.main.TestCaseExecutor.execute(TestCaseExecutor.java:233)
	at com.kms.katalon.core.main.TestCaseMain.runTestCase(TestCaseMain.java:114)
	at com.kms.katalon.core.keyword.builtin.CallTestCaseKeyword$_callTestCase_closure1.doCall(CallTestCaseKeyword.groovy:59)
	... 36 more
)

2019-11-27 05:49:05 - [MESSAGE][FAILED] - Unable to call Test Case 'Test Cases/Data Entry/Borrower/Flow Borrower' (Root cause: com.kms.katalon.core.exception.StepFailedException: Call Test Case 'Test Cases/Data Entry/Borrower/Flow Borrower' failed
	at com.kms.katalon.core.keyword.builtin.CallTestCaseKeyword$_callTestCase_closure1.doCall(CallTestCaseKeyword.groovy:63)
	at com.kms.katalon.core.keyword.builtin.CallTestCaseKeyword$_callTestCase_closure1.call(CallTestCaseKeyword.groovy)
	at com.kms.katalon.core.keyword.internal.KeywordMain.runKeyword(KeywordMain.groovy:68)
	at com.kms.katalon.core.keyword.builtin.CallTestCaseKeyword.callTestCase(CallTestCaseKeyword.groovy:81)
	at com.kms.katalon.core.keyword.builtin.CallTestCaseKeyword.execute(CallTestCaseKeyword.groovy:44)
	at com.kms.katalon.core.keyword.internal.KeywordExecutor.executeKeywordForPlatform(KeywordExecutor.groovy:60)
	at com.kms.katalon.core.keyword.BuiltinKeywords.callTestCase(BuiltinKeywords.groovy:334)
	at TC_Data Entry.run(TC_Data Entry:42)
	at com.kms.katalon.core.main.ScriptEngine.run(ScriptEngine.java:194)
	at com.kms.katalon.core.main.ScriptEngine.runScriptAsRawText(ScriptEngine.java:119)
	at com.kms.katalon.core.main.TestCaseExecutor.runScript(TestCaseExecutor.java:337)
	at com.kms.katalon.core.main.TestCaseExecutor.doExecute(TestCaseExecutor.java:328)
	at com.kms.katalon.core.main.TestCaseExecutor.processExecutionPhase(TestCaseExecutor.java:307)
	at com.kms.katalon.core.main.TestCaseExecutor.accessMainPhase(TestCaseExecutor.java:299)
	at com.kms.katalon.core.main.TestCaseExecutor.execute(TestCaseExecutor.java:233)
	at com.kms.katalon.core.main.TestSuiteExecutor.accessTestCaseMainPhase(TestSuiteExecutor.java:169)
	at com.kms.katalon.core.main.TestSuiteExecutor.accessTestSuiteMainPhase(TestSuiteExecutor.java:142)
	at com.kms.katalon.core.main.TestSuiteExecutor.execute(TestSuiteExecutor.java:91)
	at com.kms.katalon.core.main.TestCaseMain.startTestSuite(TestCaseMain.java:157)
	at com.kms.katalon.core.main.TestCaseMain$startTestSuite$0.call(Unknown Source)
	at TempTestSuite1574807893706.run(TempTestSuite1574807893706.groovy:36)
Caused by: com.kms.katalon.core.exception.StepFailedException: Call Test Case 'Test Cases/Data Entry/Borrower/Borrower - Identitas/MASTER FLOW/TC_Borrower - Identitas - MASTER FLOW' failed
	at com.kms.katalon.core.keyword.builtin.CallTestCaseKeyword$_callTestCase_closure1.doCall(CallTestCaseKeyword.groovy:63)
	at com.kms.katalon.core.keyword.builtin.CallTestCaseKeyword$_callTestCase_closure1.call(CallTestCaseKeyword.groovy)
	at com.kms.katalon.core.keyword.internal.KeywordMain.runKeyword(KeywordMain.groovy:68)
	at com.kms.katalon.core.keyword.builtin.CallTestCaseKeyword.callTestCase(CallTestCaseKeyword.groovy:81)
	at com.kms.katalon.core.keyword.builtin.CallTestCaseKeyword.execute(CallTestCaseKeyword.groovy:44)
	at com.kms.katalon.core.keyword.internal.KeywordExecutor.executeKeywordForPlatform(KeywordExecutor.groovy:60)
	at com.kms.katalon.core.keyword.BuiltinKeywords.callTestCase(BuiltinKeywords.groovy:334)
	at Flow Borrower.run(Flow Borrower:16)
	at com.kms.katalon.core.main.ScriptEngine.run(ScriptEngine.java:194)
	at com.kms.katalon.core.main.ScriptEngine.runScriptAsRawText(ScriptEngine.java:119)
	at com.kms.katalon.core.main.TestCaseExecutor.runScript(TestCaseExecutor.java:337)
	at com.kms.katalon.core.main.TestCaseExecutor.doExecute(TestCaseExecutor.java:328)
	at com.kms.katalon.core.main.TestCaseExecutor.processExecutionPhase(TestCaseExecutor.java:307)
	at com.kms.katalon.core.main.TestCaseExecutor.accessMainPhase(TestCaseExecutor.java:299)
	at com.kms.katalon.core.main.TestCaseExecutor.execute(TestCaseExecutor.java:233)
	at com.kms.katalon.core.main.TestCaseMain.runTestCase(TestCaseMain.java:114)
	at com.kms.katalon.core.keyword.builtin.CallTestCaseKeyword$_callTestCase_closure1.doCall(CallTestCaseKeyword.groovy:59)
	... 20 more
Caused by: com.kms.katalon.core.exception.StepFailedException: Object Object Repository/Borrower/Borrower - Identitas/Borrower_BtnCheckBox not found
	at com.kms.katalon.core.keyword.internal.KeywordMain.stepFailed(KeywordMain.groovy:50)
	at com.kms.katalon.core.mobile.keyword.internal.MobileKeywordMain.stepFailed(MobileKeywordMain.groovy:40)
	at com.kms.katalon.core.mobile.keyword.builtin.TapKeyword$_tap_closure1.doCall(TapKeyword.groovy:79)
	at com.kms.katalon.core.mobile.keyword.builtin.TapKeyword$_tap_closure1.call(TapKeyword.groovy)
	at com.kms.katalon.core.mobile.keyword.internal.MobileKeywordMain.runKeyword(MobileKeywordMain.groovy:21)
	at com.kms.katalon.core.mobile.keyword.builtin.TapKeyword.tap(TapKeyword.groovy:86)
	at com.kms.katalon.core.mobile.keyword.builtin.TapKeyword.execute(TapKeyword.groovy:68)
	at com.kms.katalon.core.keyword.internal.KeywordExecutor.executeKeywordForPlatform(KeywordExecutor.groovy:60)
	at com.kms.katalon.core.mobile.keyword.MobileBuiltInKeywords.tap(MobileBuiltInKeywords.groovy:520)
	at com.kms.katalon.core.mobile.keyword.MobileBuiltInKeywords$tap$1.call(Unknown Source)
	at TC_Borrower - Identitas - MASTER FLOW.run(TC_Borrower - Identitas - MASTER FLOW:52)
	at com.kms.katalon.core.main.ScriptEngine.run(ScriptEngine.java:194)
	at com.kms.katalon.core.main.ScriptEngine.runScriptAsRawText(ScriptEngine.java:119)
	at com.kms.katalon.core.main.TestCaseExecutor.runScript(TestCaseExecutor.java:337)
	at com.kms.katalon.core.main.TestCaseExecutor.doExecute(TestCaseExecutor.java:328)
	at com.kms.katalon.core.main.TestCaseExecutor.processExecutionPhase(TestCaseExecutor.java:307)
	at com.kms.katalon.core.main.TestCaseExecutor.accessMainPhase(TestCaseExecutor.java:299)
	at com.kms.katalon.core.main.TestCaseExecutor.execute(TestCaseExecutor.java:233)
	at com.kms.katalon.core.main.TestCaseMain.runTestCase(TestCaseMain.java:114)
	at com.kms.katalon.core.keyword.builtin.CallTestCaseKeyword$_callTestCase_closure1.doCall(CallTestCaseKeyword.groovy:59)
	... 36 more
)]]></system-out>
         <system-err><![CDATA[2019-11-27 05:38:20 - [TEST_CASE][FAILED] - Test Cases/Data Entry/TC_Data Entry: Test Cases/Data Entry/TC_Data Entry FAILED.
Reason:
com.kms.katalon.core.exception.StepFailedException: Call Test Case 'Test Cases/Data Entry/Borrower/Flow Borrower' failed
	at com.kms.katalon.core.keyword.builtin.CallTestCaseKeyword$_callTestCase_closure1.doCall(CallTestCaseKeyword.groovy:63)
	at com.kms.katalon.core.keyword.builtin.CallTestCaseKeyword$_callTestCase_closure1.call(CallTestCaseKeyword.groovy)
	at com.kms.katalon.core.keyword.internal.KeywordMain.runKeyword(KeywordMain.groovy:68)
	at com.kms.katalon.core.keyword.builtin.CallTestCaseKeyword.callTestCase(CallTestCaseKeyword.groovy:81)
	at com.kms.katalon.core.keyword.builtin.CallTestCaseKeyword.execute(CallTestCaseKeyword.groovy:44)
	at com.kms.katalon.core.keyword.internal.KeywordExecutor.executeKeywordForPlatform(KeywordExecutor.groovy:60)
	at com.kms.katalon.core.keyword.BuiltinKeywords.callTestCase(BuiltinKeywords.groovy:334)
	at TC_Data Entry.run(TC_Data Entry:42)
	at com.kms.katalon.core.main.ScriptEngine.run(ScriptEngine.java:194)
	at com.kms.katalon.core.main.ScriptEngine.runScriptAsRawText(ScriptEngine.java:119)
	at com.kms.katalon.core.main.TestCaseExecutor.runScript(TestCaseExecutor.java:337)
	at com.kms.katalon.core.main.TestCaseExecutor.doExecute(TestCaseExecutor.java:328)
	at com.kms.katalon.core.main.TestCaseExecutor.processExecutionPhase(TestCaseExecutor.java:307)
	at com.kms.katalon.core.main.TestCaseExecutor.accessMainPhase(TestCaseExecutor.java:299)
	at com.kms.katalon.core.main.TestCaseExecutor.execute(TestCaseExecutor.java:233)
	at com.kms.katalon.core.main.TestSuiteExecutor.accessTestCaseMainPhase(TestSuiteExecutor.java:169)
	at com.kms.katalon.core.main.TestSuiteExecutor.accessTestSuiteMainPhase(TestSuiteExecutor.java:142)
	at com.kms.katalon.core.main.TestSuiteExecutor.execute(TestSuiteExecutor.java:91)
	at com.kms.katalon.core.main.TestCaseMain.startTestSuite(TestCaseMain.java:157)
	at com.kms.katalon.core.main.TestCaseMain$startTestSuite$0.call(Unknown Source)
	at TempTestSuite1574807893706.run(TempTestSuite1574807893706.groovy:36)
Caused by: com.kms.katalon.core.exception.StepFailedException: Call Test Case 'Test Cases/Data Entry/Borrower/Borrower - Identitas/MASTER FLOW/TC_Borrower - Identitas - MASTER FLOW' failed
	at com.kms.katalon.core.keyword.builtin.CallTestCaseKeyword$_callTestCase_closure1.doCall(CallTestCaseKeyword.groovy:63)
	at com.kms.katalon.core.keyword.builtin.CallTestCaseKeyword$_callTestCase_closure1.call(CallTestCaseKeyword.groovy)
	at com.kms.katalon.core.keyword.internal.KeywordMain.runKeyword(KeywordMain.groovy:68)
	at com.kms.katalon.core.keyword.builtin.CallTestCaseKeyword.callTestCase(CallTestCaseKeyword.groovy:81)
	at com.kms.katalon.core.keyword.builtin.CallTestCaseKeyword.execute(CallTestCaseKeyword.groovy:44)
	at com.kms.katalon.core.keyword.internal.KeywordExecutor.executeKeywordForPlatform(KeywordExecutor.groovy:60)
	at com.kms.katalon.core.keyword.BuiltinKeywords.callTestCase(BuiltinKeywords.groovy:334)
	at Flow Borrower.run(Flow Borrower:16)
	at com.kms.katalon.core.main.ScriptEngine.run(ScriptEngine.java:194)
	at com.kms.katalon.core.main.ScriptEngine.runScriptAsRawText(ScriptEngine.java:119)
	at com.kms.katalon.core.main.TestCaseExecutor.runScript(TestCaseExecutor.java:337)
	at com.kms.katalon.core.main.TestCaseExecutor.doExecute(TestCaseExecutor.java:328)
	at com.kms.katalon.core.main.TestCaseExecutor.processExecutionPhase(TestCaseExecutor.java:307)
	at com.kms.katalon.core.main.TestCaseExecutor.accessMainPhase(TestCaseExecutor.java:299)
	at com.kms.katalon.core.main.TestCaseExecutor.execute(TestCaseExecutor.java:233)
	at com.kms.katalon.core.main.TestCaseMain.runTestCase(TestCaseMain.java:114)
	at com.kms.katalon.core.keyword.builtin.CallTestCaseKeyword$_callTestCase_closure1.doCall(CallTestCaseKeyword.groovy:59)
	... 20 more
Caused by: com.kms.katalon.core.exception.StepFailedException: Object Object Repository/Borrower/Borrower - Identitas/Borrower_BtnCheckBox not found
	at com.kms.katalon.core.keyword.internal.KeywordMain.stepFailed(KeywordMain.groovy:50)
	at com.kms.katalon.core.mobile.keyword.internal.MobileKeywordMain.stepFailed(MobileKeywordMain.groovy:40)
	at com.kms.katalon.core.mobile.keyword.builtin.TapKeyword$_tap_closure1.doCall(TapKeyword.groovy:79)
	at com.kms.katalon.core.mobile.keyword.builtin.TapKeyword$_tap_closure1.call(TapKeyword.groovy)
	at com.kms.katalon.core.mobile.keyword.internal.MobileKeywordMain.runKeyword(MobileKeywordMain.groovy:21)
	at com.kms.katalon.core.mobile.keyword.builtin.TapKeyword.tap(TapKeyword.groovy:86)
	at com.kms.katalon.core.mobile.keyword.builtin.TapKeyword.execute(TapKeyword.groovy:68)
	at com.kms.katalon.core.keyword.internal.KeywordExecutor.executeKeywordForPlatform(KeywordExecutor.groovy:60)
	at com.kms.katalon.core.mobile.keyword.MobileBuiltInKeywords.tap(MobileBuiltInKeywords.groovy:520)
	at com.kms.katalon.core.mobile.keyword.MobileBuiltInKeywords$tap$1.call(Unknown Source)
	at TC_Borrower - Identitas - MASTER FLOW.run(TC_Borrower - Identitas - MASTER FLOW:52)
	at com.kms.katalon.core.main.ScriptEngine.run(ScriptEngine.java:194)
	at com.kms.katalon.core.main.ScriptEngine.runScriptAsRawText(ScriptEngine.java:119)
	at com.kms.katalon.core.main.TestCaseExecutor.runScript(TestCaseExecutor.java:337)
	at com.kms.katalon.core.main.TestCaseExecutor.doExecute(TestCaseExecutor.java:328)
	at com.kms.katalon.core.main.TestCaseExecutor.processExecutionPhase(TestCaseExecutor.java:307)
	at com.kms.katalon.core.main.TestCaseExecutor.accessMainPhase(TestCaseExecutor.java:299)
	at com.kms.katalon.core.main.TestCaseExecutor.execute(TestCaseExecutor.java:233)
	at com.kms.katalon.core.main.TestCaseMain.runTestCase(TestCaseMain.java:114)
	at com.kms.katalon.core.keyword.builtin.CallTestCaseKeyword$_callTestCase_closure1.doCall(CallTestCaseKeyword.groovy:59)
	... 36 more]]></system-err>
      </testcase>
      <testcase name="Test Cases/Data Entry/TC_Data Entry" time="609.937" classname="Test Cases/Data Entry/TC_Data Entry" status="FAILED">
         <failure type="FAILED" message="Test Cases/Data Entry/TC_Data Entry FAILED.
Reason:
com.kms.katalon.core.exception.StepFailedException: Call Test Case 'Test Cases/Data Entry/Borrower/Flow Borrower' failed
	at com.kms.katalon.core.keyword.builtin.CallTestCaseKeyword$_callTestCase_closure1.doCall(CallTestCaseKeyword.groovy:63)
	at com.kms.katalon.core.keyword.builtin.CallTestCaseKeyword$_callTestCase_closure1.call(CallTestCaseKeyword.groovy)
	at com.kms.katalon.core.keyword.internal.KeywordMain.runKeyword(KeywordMain.groovy:68)
	at com.kms.katalon.core.keyword.builtin.CallTestCaseKeyword.callTestCase(CallTestCaseKeyword.groovy:81)
	at com.kms.katalon.core.keyword.builtin.CallTestCaseKeyword.execute(CallTestCaseKeyword.groovy:44)
	at com.kms.katalon.core.keyword.internal.KeywordExecutor.executeKeywordForPlatform(KeywordExecutor.groovy:60)
	at com.kms.katalon.core.keyword.BuiltinKeywords.callTestCase(BuiltinKeywords.groovy:334)
	at TC_Data Entry.run(TC_Data Entry:42)
	at com.kms.katalon.core.main.ScriptEngine.run(ScriptEngine.java:194)
	at com.kms.katalon.core.main.ScriptEngine.runScriptAsRawText(ScriptEngine.java:119)
	at com.kms.katalon.core.main.TestCaseExecutor.runScript(TestCaseExecutor.java:337)
	at com.kms.katalon.core.main.TestCaseExecutor.doExecute(TestCaseExecutor.java:328)
	at com.kms.katalon.core.main.TestCaseExecutor.processExecutionPhase(TestCaseExecutor.java:307)
	at com.kms.katalon.core.main.TestCaseExecutor.accessMainPhase(TestCaseExecutor.java:299)
	at com.kms.katalon.core.main.TestCaseExecutor.execute(TestCaseExecutor.java:233)
	at com.kms.katalon.core.main.TestSuiteExecutor.accessTestCaseMainPhase(TestSuiteExecutor.java:169)
	at com.kms.katalon.core.main.TestSuiteExecutor.accessTestSuiteMainPhase(TestSuiteExecutor.java:142)
	at com.kms.katalon.core.main.TestSuiteExecutor.execute(TestSuiteExecutor.java:91)
	at com.kms.katalon.core.main.TestCaseMain.startTestSuite(TestCaseMain.java:157)
	at com.kms.katalon.core.main.TestCaseMain$startTestSuite$0.call(Unknown Source)
	at TempTestSuite1574807893706.run(TempTestSuite1574807893706.groovy:36)
Caused by: com.kms.katalon.core.exception.StepFailedException: Call Test Case 'Test Cases/Data Entry/Borrower/Borrower - Identitas/MASTER FLOW/TC_Borrower - Identitas - MASTER FLOW' failed
	at com.kms.katalon.core.keyword.builtin.CallTestCaseKeyword$_callTestCase_closure1.doCall(CallTestCaseKeyword.groovy:63)
	at com.kms.katalon.core.keyword.builtin.CallTestCaseKeyword$_callTestCase_closure1.call(CallTestCaseKeyword.groovy)
	at com.kms.katalon.core.keyword.internal.KeywordMain.runKeyword(KeywordMain.groovy:68)
	at com.kms.katalon.core.keyword.builtin.CallTestCaseKeyword.callTestCase(CallTestCaseKeyword.groovy:81)
	at com.kms.katalon.core.keyword.builtin.CallTestCaseKeyword.execute(CallTestCaseKeyword.groovy:44)
	at com.kms.katalon.core.keyword.internal.KeywordExecutor.executeKeywordForPlatform(KeywordExecutor.groovy:60)
	at com.kms.katalon.core.keyword.BuiltinKeywords.callTestCase(BuiltinKeywords.groovy:334)
	at Flow Borrower.run(Flow Borrower:16)
	at com.kms.katalon.core.main.ScriptEngine.run(ScriptEngine.java:194)
	at com.kms.katalon.core.main.ScriptEngine.runScriptAsRawText(ScriptEngine.java:119)
	at com.kms.katalon.core.main.TestCaseExecutor.runScript(TestCaseExecutor.java:337)
	at com.kms.katalon.core.main.TestCaseExecutor.doExecute(TestCaseExecutor.java:328)
	at com.kms.katalon.core.main.TestCaseExecutor.processExecutionPhase(TestCaseExecutor.java:307)
	at com.kms.katalon.core.main.TestCaseExecutor.accessMainPhase(TestCaseExecutor.java:299)
	at com.kms.katalon.core.main.TestCaseExecutor.execute(TestCaseExecutor.java:233)
	at com.kms.katalon.core.main.TestCaseMain.runTestCase(TestCaseMain.java:114)
	at com.kms.katalon.core.keyword.builtin.CallTestCaseKeyword$_callTestCase_closure1.doCall(CallTestCaseKeyword.groovy:59)
	... 20 more
Caused by: com.kms.katalon.core.exception.StepFailedException: Object Object Repository/Borrower/Borrower - Identitas/Borrower_BtnCheckBox not found
	at com.kms.katalon.core.keyword.internal.KeywordMain.stepFailed(KeywordMain.groovy:50)
	at com.kms.katalon.core.mobile.keyword.internal.MobileKeywordMain.stepFailed(MobileKeywordMain.groovy:40)
	at com.kms.katalon.core.mobile.keyword.builtin.TapKeyword$_tap_closure1.doCall(TapKeyword.groovy:79)
	at com.kms.katalon.core.mobile.keyword.builtin.TapKeyword$_tap_closure1.call(TapKeyword.groovy)
	at com.kms.katalon.core.mobile.keyword.internal.MobileKeywordMain.runKeyword(MobileKeywordMain.groovy:21)
	at com.kms.katalon.core.mobile.keyword.builtin.TapKeyword.tap(TapKeyword.groovy:86)
	at com.kms.katalon.core.mobile.keyword.builtin.TapKeyword.execute(TapKeyword.groovy:68)
	at com.kms.katalon.core.keyword.internal.KeywordExecutor.executeKeywordForPlatform(KeywordExecutor.groovy:60)
	at com.kms.katalon.core.mobile.keyword.MobileBuiltInKeywords.tap(MobileBuiltInKeywords.groovy:520)
	at com.kms.katalon.core.mobile.keyword.MobileBuiltInKeywords$tap$1.call(Unknown Source)
	at TC_Borrower - Identitas - MASTER FLOW.run(TC_Borrower - Identitas - MASTER FLOW:52)
	at com.kms.katalon.core.main.ScriptEngine.run(ScriptEngine.java:194)
	at com.kms.katalon.core.main.ScriptEngine.runScriptAsRawText(ScriptEngine.java:119)
	at com.kms.katalon.core.main.TestCaseExecutor.runScript(TestCaseExecutor.java:337)
	at com.kms.katalon.core.main.TestCaseExecutor.doExecute(TestCaseExecutor.java:328)
	at com.kms.katalon.core.main.TestCaseExecutor.processExecutionPhase(TestCaseExecutor.java:307)
	at com.kms.katalon.core.main.TestCaseExecutor.accessMainPhase(TestCaseExecutor.java:299)
	at com.kms.katalon.core.main.TestCaseExecutor.execute(TestCaseExecutor.java:233)
	at com.kms.katalon.core.main.TestCaseMain.runTestCase(TestCaseMain.java:114)
	at com.kms.katalon.core.keyword.builtin.CallTestCaseKeyword$_callTestCase_closure1.doCall(CallTestCaseKeyword.groovy:59)
	... 36 more
"/>
         <system-out><![CDATA[2019-11-27 05:49:05 - [TEST_CASE][FAILED] - Test Cases/Data Entry/TC_Data Entry: Test Cases/Data Entry/TC_Data Entry FAILED.
Reason:
com.kms.katalon.core.exception.StepFailedException: Call Test Case 'Test Cases/Data Entry/Borrower/Flow Borrower' failed
	at com.kms.katalon.core.keyword.builtin.CallTestCaseKeyword$_callTestCase_closure1.doCall(CallTestCaseKeyword.groovy:63)
	at com.kms.katalon.core.keyword.builtin.CallTestCaseKeyword$_callTestCase_closure1.call(CallTestCaseKeyword.groovy)
	at com.kms.katalon.core.keyword.internal.KeywordMain.runKeyword(KeywordMain.groovy:68)
	at com.kms.katalon.core.keyword.builtin.CallTestCaseKeyword.callTestCase(CallTestCaseKeyword.groovy:81)
	at com.kms.katalon.core.keyword.builtin.CallTestCaseKeyword.execute(CallTestCaseKeyword.groovy:44)
	at com.kms.katalon.core.keyword.internal.KeywordExecutor.executeKeywordForPlatform(KeywordExecutor.groovy:60)
	at com.kms.katalon.core.keyword.BuiltinKeywords.callTestCase(BuiltinKeywords.groovy:334)
	at TC_Data Entry.run(TC_Data Entry:42)
	at com.kms.katalon.core.main.ScriptEngine.run(ScriptEngine.java:194)
	at com.kms.katalon.core.main.ScriptEngine.runScriptAsRawText(ScriptEngine.java:119)
	at com.kms.katalon.core.main.TestCaseExecutor.runScript(TestCaseExecutor.java:337)
	at com.kms.katalon.core.main.TestCaseExecutor.doExecute(TestCaseExecutor.java:328)
	at com.kms.katalon.core.main.TestCaseExecutor.processExecutionPhase(TestCaseExecutor.java:307)
	at com.kms.katalon.core.main.TestCaseExecutor.accessMainPhase(TestCaseExecutor.java:299)
	at com.kms.katalon.core.main.TestCaseExecutor.execute(TestCaseExecutor.java:233)
	at com.kms.katalon.core.main.TestSuiteExecutor.accessTestCaseMainPhase(TestSuiteExecutor.java:169)
	at com.kms.katalon.core.main.TestSuiteExecutor.accessTestSuiteMainPhase(TestSuiteExecutor.java:142)
	at com.kms.katalon.core.main.TestSuiteExecutor.execute(TestSuiteExecutor.java:91)
	at com.kms.katalon.core.main.TestCaseMain.startTestSuite(TestCaseMain.java:157)
	at com.kms.katalon.core.main.TestCaseMain$startTestSuite$0.call(Unknown Source)
	at TempTestSuite1574807893706.run(TempTestSuite1574807893706.groovy:36)
Caused by: com.kms.katalon.core.exception.StepFailedException: Call Test Case 'Test Cases/Data Entry/Borrower/Borrower - Identitas/MASTER FLOW/TC_Borrower - Identitas - MASTER FLOW' failed
	at com.kms.katalon.core.keyword.builtin.CallTestCaseKeyword$_callTestCase_closure1.doCall(CallTestCaseKeyword.groovy:63)
	at com.kms.katalon.core.keyword.builtin.CallTestCaseKeyword$_callTestCase_closure1.call(CallTestCaseKeyword.groovy)
	at com.kms.katalon.core.keyword.internal.KeywordMain.runKeyword(KeywordMain.groovy:68)
	at com.kms.katalon.core.keyword.builtin.CallTestCaseKeyword.callTestCase(CallTestCaseKeyword.groovy:81)
	at com.kms.katalon.core.keyword.builtin.CallTestCaseKeyword.execute(CallTestCaseKeyword.groovy:44)
	at com.kms.katalon.core.keyword.internal.KeywordExecutor.executeKeywordForPlatform(KeywordExecutor.groovy:60)
	at com.kms.katalon.core.keyword.BuiltinKeywords.callTestCase(BuiltinKeywords.groovy:334)
	at Flow Borrower.run(Flow Borrower:16)
	at com.kms.katalon.core.main.ScriptEngine.run(ScriptEngine.java:194)
	at com.kms.katalon.core.main.ScriptEngine.runScriptAsRawText(ScriptEngine.java:119)
	at com.kms.katalon.core.main.TestCaseExecutor.runScript(TestCaseExecutor.java:337)
	at com.kms.katalon.core.main.TestCaseExecutor.doExecute(TestCaseExecutor.java:328)
	at com.kms.katalon.core.main.TestCaseExecutor.processExecutionPhase(TestCaseExecutor.java:307)
	at com.kms.katalon.core.main.TestCaseExecutor.accessMainPhase(TestCaseExecutor.java:299)
	at com.kms.katalon.core.main.TestCaseExecutor.execute(TestCaseExecutor.java:233)
	at com.kms.katalon.core.main.TestCaseMain.runTestCase(TestCaseMain.java:114)
	at com.kms.katalon.core.keyword.builtin.CallTestCaseKeyword$_callTestCase_closure1.doCall(CallTestCaseKeyword.groovy:59)
	... 20 more
Caused by: com.kms.katalon.core.exception.StepFailedException: Object Object Repository/Borrower/Borrower - Identitas/Borrower_BtnCheckBox not found
	at com.kms.katalon.core.keyword.internal.KeywordMain.stepFailed(KeywordMain.groovy:50)
	at com.kms.katalon.core.mobile.keyword.internal.MobileKeywordMain.stepFailed(MobileKeywordMain.groovy:40)
	at com.kms.katalon.core.mobile.keyword.builtin.TapKeyword$_tap_closure1.doCall(TapKeyword.groovy:79)
	at com.kms.katalon.core.mobile.keyword.builtin.TapKeyword$_tap_closure1.call(TapKeyword.groovy)
	at com.kms.katalon.core.mobile.keyword.internal.MobileKeywordMain.runKeyword(MobileKeywordMain.groovy:21)
	at com.kms.katalon.core.mobile.keyword.builtin.TapKeyword.tap(TapKeyword.groovy:86)
	at com.kms.katalon.core.mobile.keyword.builtin.TapKeyword.execute(TapKeyword.groovy:68)
	at com.kms.katalon.core.keyword.internal.KeywordExecutor.executeKeywordForPlatform(KeywordExecutor.groovy:60)
	at com.kms.katalon.core.mobile.keyword.MobileBuiltInKeywords.tap(MobileBuiltInKeywords.groovy:520)
	at com.kms.katalon.core.mobile.keyword.MobileBuiltInKeywords$tap$1.call(Unknown Source)
	at TC_Borrower - Identitas - MASTER FLOW.run(TC_Borrower - Identitas - MASTER FLOW:52)
	at com.kms.katalon.core.main.ScriptEngine.run(ScriptEngine.java:194)
	at com.kms.katalon.core.main.ScriptEngine.runScriptAsRawText(ScriptEngine.java:119)
	at com.kms.katalon.core.main.TestCaseExecutor.runScript(TestCaseExecutor.java:337)
	at com.kms.katalon.core.main.TestCaseExecutor.doExecute(TestCaseExecutor.java:328)
	at com.kms.katalon.core.main.TestCaseExecutor.processExecutionPhase(TestCaseExecutor.java:307)
	at com.kms.katalon.core.main.TestCaseExecutor.accessMainPhase(TestCaseExecutor.java:299)
	at com.kms.katalon.core.main.TestCaseExecutor.execute(TestCaseExecutor.java:233)
	at com.kms.katalon.core.main.TestCaseMain.runTestCase(TestCaseMain.java:114)
	at com.kms.katalon.core.keyword.builtin.CallTestCaseKeyword$_callTestCase_closure1.doCall(CallTestCaseKeyword.groovy:59)
	... 36 more


2019-11-27 05:49:05 - [TEST_STEP][PASSED] - callTestCase(findTestCase("dynamic test case/open application"), [:], STOP_ON_FAILURE): Call Test Case 'Test Cases/dynamic test case/open application' successfully

2019-11-27 05:49:05 - [TEST_CASE][PASSED] - Test Cases/dynamic test case/open application: Test Cases/dynamic test case/open application

2019-11-27 05:49:05 - [TEST_STEP][PASSED] - appPath = relativeToAbsolutePath(apkname, getProjectDir()): null

2019-11-27 05:49:05 - [TEST_STEP][PASSED] - startApplication(appPath, false): Started app at: 'C:\Users\15420\git\ACCME-Dupcheck\AccMe.apk'

2019-11-27 05:49:05 - [MESSAGE][INFO] - User set preference: ['unicodeKeyboard', 'true']

2019-11-27 05:49:05 - [MESSAGE][INFO] - User set preference: ['resetKeyboard', 'true']

2019-11-27 05:49:05 - [MESSAGE][INFO] - User set preference: ['deviceId', '']

2019-11-27 05:49:36 - [MESSAGE][PASSED] - Started app at: 'C:\Users\15420\git\ACCME-Dupcheck\AccMe.apk'

2019-11-27 05:49:36 - [MESSAGE][PASSED] - Call Test Case 'Test Cases/dynamic test case/open application' successfully

2019-11-27 05:49:36 - [TEST_STEP][PASSED] - callTestCase(findTestCase("Data Entry/Simulasi Kredit/Simulasi Kredit/MASTER FLOW/TC_Simulasi Kredit - MASTER FLOW"), ["varBrand":varBrand, "varType":varType, "varModel":varModel, "varTahun":varTahun, "varTenor":varTenor, "varOTR":varOTR, "varRP":varRP, ... ], OPTIONAL): Call Test Case 'Test Cases/Data Entry/Simulasi Kredit/Simulasi Kredit/MASTER FLOW/TC_Simulasi Kredit - MASTER FLOW' successfully

2019-11-27 05:49:36 - [TEST_CASE][PASSED] - Test Cases/Data Entry/Simulasi Kredit/Simulasi Kredit/MASTER FLOW/TC_Simulasi Kredit - MASTER FLOW: Test Cases/Data Entry/Simulasi Kredit/Simulasi Kredit/MASTER FLOW/TC_Simulasi Kredit - MASTER FLOW

2019-11-27 05:49:36 - [TEST_STEP][PASSED] - waitForElementPresent(findTestObject("Simulasi Kredit/Simulasi Kredit - Simulasi Kredit/SimulasiKredit_Btn Simulasi Kredit"), 0): Element 'Object Repository/Simulasi Kredit/Simulasi Kredit - Simulasi Kredit/SimulasiKredit_Btn Simulasi Kredit' is present

2019-11-27 05:49:36 - [MESSAGE][WARNING] - Timeout '0' is invalid. Using default page load timeout: '30'

2019-11-27 05:49:44 - [MESSAGE][PASSED] - Element 'Object Repository/Simulasi Kredit/Simulasi Kredit - Simulasi Kredit/SimulasiKredit_Btn Simulasi Kredit' is present

2019-11-27 05:49:44 - [TEST_STEP][PASSED] - tap(findTestObject("Simulasi Kredit/Simulasi Kredit - Simulasi Kredit/SimulasiKredit_Btn Simulasi Kredit"), 0): Tapped on element 'Object Repository/Simulasi Kredit/Simulasi Kredit - Simulasi Kredit/SimulasiKredit_Btn Simulasi Kredit'

2019-11-27 05:49:44 - [MESSAGE][WARNING] - Timeout '0' is invalid. Using default page load timeout: '30'

2019-11-27 05:49:46 - [MESSAGE][PASSED] - Tapped on element 'Object Repository/Simulasi Kredit/Simulasi Kredit - Simulasi Kredit/SimulasiKredit_Btn Simulasi Kredit'

2019-11-27 05:49:46 - [TEST_STEP][PASSED] - if (varPembiayaan == "NewCar"): Tapped on element 'Object Repository/Simulasi Kredit/Simulasi Kredit - Simulasi Kredit/SimulasiKredit_new car'

2019-11-27 05:49:46 - [TEST_STEP][PASSED] - tap(findTestObject("Simulasi Kredit/Simulasi Kredit - Simulasi Kredit/SimulasiKredit_new car"), 0): Tapped on element 'Object Repository/Simulasi Kredit/Simulasi Kredit - Simulasi Kredit/SimulasiKredit_new car'

2019-11-27 05:49:46 - [MESSAGE][WARNING] - Timeout '0' is invalid. Using default page load timeout: '30'

2019-11-27 05:49:51 - [MESSAGE][PASSED] - Tapped on element 'Object Repository/Simulasi Kredit/Simulasi Kredit - Simulasi Kredit/SimulasiKredit_new car'

2019-11-27 05:49:51 - [TEST_STEP][PASSED] - if (varPembiayaan == "UsedCar"): null

2019-11-27 05:49:51 - [TEST_STEP][PASSED] - if (varTipepembiayaan == "syariah"): null

2019-11-27 05:49:51 - [TEST_STEP][PASSED] - if (varTipepembiayaan == "konvensional"): null

2019-11-27 05:49:51 - [TEST_STEP][PASSED] - if (varkodepaket == "ya"): null

2019-11-27 05:49:51 - [TEST_STEP][PASSED] - setText(findTestObject("Simulasi Kredit/Simulasi Kredit - Simulasi Kredit/SimulasiKredit_Inp Brand"), varBrand, 0): Text 'TOYOTA' has been set to element 'Object Repository/Simulasi Kredit/Simulasi Kredit - Simulasi Kredit/SimulasiKredit_Inp Brand'

2019-11-27 05:49:51 - [MESSAGE][WARNING] - Timeout '0' is invalid. Using default page load timeout: '30'

2019-11-27 05:49:52 - [MESSAGE][PASSED] - Text 'TOYOTA' has been set to element 'Object Repository/Simulasi Kredit/Simulasi Kredit - Simulasi Kredit/SimulasiKredit_Inp Brand'

2019-11-27 05:49:52 - [TEST_STEP][PASSED] - tap(findTestObject("Simulasi Kredit/Simulasi Kredit - Simulasi Kredit/SimulasiKredit_Inp Brand"), 0): Tapped on element 'Object Repository/Simulasi Kredit/Simulasi Kredit - Simulasi Kredit/SimulasiKredit_Inp Brand'

2019-11-27 05:49:52 - [MESSAGE][WARNING] - Timeout '0' is invalid. Using default page load timeout: '30'

2019-11-27 05:49:56 - [MESSAGE][PASSED] - Tapped on element 'Object Repository/Simulasi Kredit/Simulasi Kredit - Simulasi Kredit/SimulasiKredit_Inp Brand'

2019-11-27 05:49:56 - [TEST_STEP][PASSED] - tap(findTestObject("dynamic object/pickListItem_viewView", ["text":varBrand]), 0): Tapped on element 'Object Repository/dynamic object/pickListItem_viewView'

2019-11-27 05:49:56 - [MESSAGE][WARNING] - Timeout '0' is invalid. Using default page load timeout: '30'

2019-11-27 05:49:59 - [MESSAGE][PASSED] - Tapped on element 'Object Repository/dynamic object/pickListItem_viewView'

2019-11-27 05:49:59 - [TEST_STEP][PASSED] - tap(findTestObject("Simulasi Kredit/Simulasi Kredit - Simulasi Kredit/SimulasiKredit_Inp Type"), 0): Tapped on element 'Object Repository/Simulasi Kredit/Simulasi Kredit - Simulasi Kredit/SimulasiKredit_Inp Type'

2019-11-27 05:49:59 - [MESSAGE][WARNING] - Timeout '0' is invalid. Using default page load timeout: '30'

2019-11-27 05:50:02 - [MESSAGE][PASSED] - Tapped on element 'Object Repository/Simulasi Kredit/Simulasi Kredit - Simulasi Kredit/SimulasiKredit_Inp Type'

2019-11-27 05:50:02 - [TEST_STEP][PASSED] - setText(findTestObject("Simulasi Kredit/Simulasi Kredit - Simulasi Kredit/SimulasiKredit_Inp Type"), varType, 0): Text 'ALL NEW AVANZA' has been set to element 'Object Repository/Simulasi Kredit/Simulasi Kredit - Simulasi Kredit/SimulasiKredit_Inp Type'

2019-11-27 05:50:02 - [MESSAGE][WARNING] - Timeout '0' is invalid. Using default page load timeout: '30'

2019-11-27 05:50:05 - [MESSAGE][PASSED] - Text 'ALL NEW AVANZA' has been set to element 'Object Repository/Simulasi Kredit/Simulasi Kredit - Simulasi Kredit/SimulasiKredit_Inp Type'

2019-11-27 05:50:05 - [TEST_STEP][PASSED] - delay(3): Delayed 3 second(s)

2019-11-27 05:50:08 - [MESSAGE][PASSED] - Delayed 3 second(s)

2019-11-27 05:50:08 - [TEST_STEP][PASSED] - tap(findTestObject("Simulasi Kredit/Simulasi Kredit - Simulasi Kredit/SimulasiKredit_Inp Type"), 0): Tapped on element 'Object Repository/Simulasi Kredit/Simulasi Kredit - Simulasi Kredit/SimulasiKredit_Inp Type'

2019-11-27 05:50:08 - [MESSAGE][WARNING] - Timeout '0' is invalid. Using default page load timeout: '30'

2019-11-27 05:50:10 - [MESSAGE][PASSED] - Tapped on element 'Object Repository/Simulasi Kredit/Simulasi Kredit - Simulasi Kredit/SimulasiKredit_Inp Type'

2019-11-27 05:50:10 - [TEST_STEP][PASSED] - tap(findTestObject("Simulasi Kredit/Simulasi Kredit - Simulasi Kredit/SimulasiKredit_Inp Type LOV"), 0): Tapped on element 'Object Repository/Simulasi Kredit/Simulasi Kredit - Simulasi Kredit/SimulasiKredit_Inp Type LOV'

2019-11-27 05:50:10 - [MESSAGE][WARNING] - Timeout '0' is invalid. Using default page load timeout: '30'

2019-11-27 05:50:13 - [MESSAGE][PASSED] - Tapped on element 'Object Repository/Simulasi Kredit/Simulasi Kredit - Simulasi Kredit/SimulasiKredit_Inp Type LOV'

2019-11-27 05:50:13 - [TEST_STEP][PASSED] - mobile.mobileSwipe.UpDown(0.8, 0.5, 1000): mobile.mobileSwipe.UpDown is PASSED

2019-11-27 05:50:14 - [MESSAGE][PASSED] - Current device physical height is 2131

2019-11-27 05:50:14 - [MESSAGE][INFO] - Device Height : 2131

2019-11-27 05:50:15 - [MESSAGE][PASSED] - Current device physical width is 1080

2019-11-27 05:50:15 - [MESSAGE][INFO] - Device Width : 1080

2019-11-27 05:50:15 - [MESSAGE][INFO] - Swipe start at Height : 1704

2019-11-27 05:50:15 - [MESSAGE][INFO] - Swipe end at Height : 1065

2019-11-27 05:50:15 - [MESSAGE][INFO] - X Position : 1000

2019-11-27 05:50:17 - [MESSAGE][PASSED] - Swiped from 1,000,1,704 to 1,000,1,065

2019-11-27 05:50:17 - [MESSAGE][PASSED] - mobile.mobileSwipe.UpDown is PASSED

2019-11-27 05:50:17 - [TEST_STEP][PASSED] - tap(findTestObject("Simulasi Kredit/Simulasi Kredit - Simulasi Kredit/SimulasiKredit_Inp Model"), 0): Tapped on element 'Object Repository/Simulasi Kredit/Simulasi Kredit - Simulasi Kredit/SimulasiKredit_Inp Model'

2019-11-27 05:50:17 - [MESSAGE][WARNING] - Timeout '0' is invalid. Using default page load timeout: '30'

2019-11-27 05:50:20 - [MESSAGE][PASSED] - Tapped on element 'Object Repository/Simulasi Kredit/Simulasi Kredit - Simulasi Kredit/SimulasiKredit_Inp Model'

2019-11-27 05:50:20 - [TEST_STEP][PASSED] - scrollToText(varModel, STOP_ON_FAILURE): Scrolling to text '1300E M/TAIRBAG' successfully

2019-11-27 05:50:25 - [MESSAGE][PASSED] - Scrolling to text '1300E M/TAIRBAG' successfully

2019-11-27 05:50:25 - [TEST_STEP][PASSED] - tap(findTestObject("dynamic object/pickListItem_checkedTextView", ["text":varModel]), 0): Tapped on element 'Object Repository/dynamic object/pickListItem_checkedTextView'

2019-11-27 05:50:25 - [MESSAGE][WARNING] - Timeout '0' is invalid. Using default page load timeout: '30'

2019-11-27 05:50:26 - [MESSAGE][PASSED] - Tapped on element 'Object Repository/dynamic object/pickListItem_checkedTextView'

2019-11-27 05:50:26 - [TEST_STEP][PASSED] - tap(findTestObject("Simulasi Kredit/Simulasi Kredit - Simulasi Kredit/SimulasiKredit_Tahun"), 0): Tapped on element 'Object Repository/Simulasi Kredit/Simulasi Kredit - Simulasi Kredit/SimulasiKredit_Tahun'

2019-11-27 05:50:27 - [MESSAGE][WARNING] - Timeout '0' is invalid. Using default page load timeout: '30'

2019-11-27 05:50:29 - [MESSAGE][PASSED] - Tapped on element 'Object Repository/Simulasi Kredit/Simulasi Kredit - Simulasi Kredit/SimulasiKredit_Tahun'

2019-11-27 05:50:29 - [TEST_STEP][PASSED] - scrollToText(varTahun, STOP_ON_FAILURE): Scrolling to text '2018' successfully

2019-11-27 05:50:30 - [MESSAGE][PASSED] - Scrolling to text '2018' successfully

2019-11-27 05:50:30 - [TEST_STEP][PASSED] - tap(findTestObject("dynamic object/pickListItem_checkedTextView", ["text":varTahun]), 0): Tapped on element 'Object Repository/dynamic object/pickListItem_checkedTextView'

2019-11-27 05:50:30 - [MESSAGE][WARNING] - Timeout '0' is invalid. Using default page load timeout: '30'

2019-11-27 05:50:32 - [MESSAGE][PASSED] - Tapped on element 'Object Repository/dynamic object/pickListItem_checkedTextView'

2019-11-27 05:50:32 - [TEST_STEP][PASSED] - tap(findTestObject("Simulasi Kredit/Simulasi Kredit - Simulasi Kredit/SimulasiKredit_Tenor"), 0): Tapped on element 'Object Repository/Simulasi Kredit/Simulasi Kredit - Simulasi Kredit/SimulasiKredit_Tenor'

2019-11-27 05:50:32 - [MESSAGE][WARNING] - Timeout '0' is invalid. Using default page load timeout: '30'

2019-11-27 05:50:34 - [MESSAGE][PASSED] - Tapped on element 'Object Repository/Simulasi Kredit/Simulasi Kredit - Simulasi Kredit/SimulasiKredit_Tenor'

2019-11-27 05:50:34 - [TEST_STEP][PASSED] - tap(findTestObject("dynamic object/pickListItem_checkedTextView", ["text":varTenor]), 0): Tapped on element 'Object Repository/dynamic object/pickListItem_checkedTextView'

2019-11-27 05:50:34 - [MESSAGE][WARNING] - Timeout '0' is invalid. Using default page load timeout: '30'

2019-11-27 05:50:36 - [MESSAGE][PASSED] - Tapped on element 'Object Repository/dynamic object/pickListItem_checkedTextView'

2019-11-27 05:50:36 - [TEST_STEP][PASSED] - setText(findTestObject("Simulasi Kredit/Simulasi Kredit - Simulasi Kredit/SimulasiKredit_Inp OTR"), varOTR, 0): Text '164150000' has been set to element 'Object Repository/Simulasi Kredit/Simulasi Kredit - Simulasi Kredit/SimulasiKredit_Inp OTR'

2019-11-27 05:50:36 - [MESSAGE][WARNING] - Timeout '0' is invalid. Using default page load timeout: '30'

2019-11-27 05:50:38 - [MESSAGE][PASSED] - Text '164150000' has been set to element 'Object Repository/Simulasi Kredit/Simulasi Kredit - Simulasi Kredit/SimulasiKredit_Inp OTR'

2019-11-27 05:50:38 - [TEST_STEP][PASSED] - setText(findTestObject("Simulasi Kredit/Simulasi Kredit - Simulasi Kredit/SimulasiKredit_Inp RP"), varRP, 0): Text '41037500' has been set to element 'Object Repository/Simulasi Kredit/Simulasi Kredit - Simulasi Kredit/SimulasiKredit_Inp RP'

2019-11-27 05:50:39 - [MESSAGE][WARNING] - Timeout '0' is invalid. Using default page load timeout: '30'

2019-11-27 05:50:42 - [MESSAGE][PASSED] - Text '41037500' has been set to element 'Object Repository/Simulasi Kredit/Simulasi Kredit - Simulasi Kredit/SimulasiKredit_Inp RP'

2019-11-27 05:50:42 - [TEST_STEP][PASSED] - mobile.mobileSwipe.UpDown(0.5, 0.2, 1000): mobile.mobileSwipe.UpDown is PASSED

2019-11-27 05:50:43 - [MESSAGE][PASSED] - Current device physical height is 2131

2019-11-27 05:50:43 - [MESSAGE][INFO] - Device Height : 2131

2019-11-27 05:50:44 - [MESSAGE][PASSED] - Current device physical width is 1080

2019-11-27 05:50:44 - [MESSAGE][INFO] - Device Width : 1080

2019-11-27 05:50:44 - [MESSAGE][INFO] - Swipe start at Height : 1065

2019-11-27 05:50:44 - [MESSAGE][INFO] - Swipe end at Height : 426

2019-11-27 05:50:44 - [MESSAGE][INFO] - X Position : 1000

2019-11-27 05:50:46 - [MESSAGE][PASSED] - Swiped from 1,000,1,065 to 1,000,426

2019-11-27 05:50:46 - [MESSAGE][PASSED] - mobile.mobileSwipe.UpDown is PASSED

2019-11-27 05:50:46 - [TEST_STEP][PASSED] - setText(findTestObject("Simulasi Kredit/Simulasi Kredit - Simulasi Kredit/SimulasiKredit_Inp Dealer"), varDealer, 0): Text 'ABDUL QODIR J. H' has been set to element 'Object Repository/Simulasi Kredit/Simulasi Kredit - Simulasi Kredit/SimulasiKredit_Inp Dealer'

2019-11-27 05:50:46 - [MESSAGE][WARNING] - Timeout '0' is invalid. Using default page load timeout: '30'

2019-11-27 05:50:48 - [MESSAGE][PASSED] - Text 'ABDUL QODIR J. H' has been set to element 'Object Repository/Simulasi Kredit/Simulasi Kredit - Simulasi Kredit/SimulasiKredit_Inp Dealer'

2019-11-27 05:50:48 - [TEST_STEP][PASSED] - tap(findTestObject("Simulasi Kredit/Simulasi Kredit - Simulasi Kredit/SimulasiKredit_Inp Dealer"), 0): Tapped on element 'Object Repository/Simulasi Kredit/Simulasi Kredit - Simulasi Kredit/SimulasiKredit_Inp Dealer'

2019-11-27 05:50:48 - [MESSAGE][WARNING] - Timeout '0' is invalid. Using default page load timeout: '30'

2019-11-27 05:50:52 - [MESSAGE][PASSED] - Tapped on element 'Object Repository/Simulasi Kredit/Simulasi Kredit - Simulasi Kredit/SimulasiKredit_Inp Dealer'

2019-11-27 05:50:52 - [TEST_STEP][PASSED] - clearText(findTestObject("Simulasi Kredit/Simulasi Kredit - Simulasi Kredit/SimulasiKredit_Inp Dealer"), 0): Element 'Object Repository/Simulasi Kredit/Simulasi Kredit - Simulasi Kredit/SimulasiKredit_Inp Dealer' text is cleared

2019-11-27 05:50:52 - [MESSAGE][WARNING] - Timeout '0' is invalid. Using default page load timeout: '30'

2019-11-27 05:50:53 - [MESSAGE][PASSED] - Element 'Object Repository/Simulasi Kredit/Simulasi Kredit - Simulasi Kredit/SimulasiKredit_Inp Dealer' text is cleared

2019-11-27 05:50:53 - [TEST_STEP][PASSED] - setText(findTestObject("Simulasi Kredit/Simulasi Kredit - Simulasi Kredit/SimulasiKredit_Inp Dealer"), varDealer, 0): Text 'ABDUL QODIR J. H' has been set to element 'Object Repository/Simulasi Kredit/Simulasi Kredit - Simulasi Kredit/SimulasiKredit_Inp Dealer'

2019-11-27 05:50:53 - [MESSAGE][WARNING] - Timeout '0' is invalid. Using default page load timeout: '30'

2019-11-27 05:50:54 - [MESSAGE][PASSED] - Text 'ABDUL QODIR J. H' has been set to element 'Object Repository/Simulasi Kredit/Simulasi Kredit - Simulasi Kredit/SimulasiKredit_Inp Dealer'

2019-11-27 05:50:54 - [TEST_STEP][PASSED] - delay(4, STOP_ON_FAILURE): Delayed 4 second(s)

2019-11-27 05:50:58 - [MESSAGE][PASSED] - Delayed 4 second(s)

2019-11-27 05:50:58 - [TEST_STEP][PASSED] - tap(findTestObject("Simulasi Kredit/Simulasi Kredit - Simulasi Kredit/SimulasiKredit_LOV Dealer"), 0): Tapped on element 'Object Repository/Simulasi Kredit/Simulasi Kredit - Simulasi Kredit/SimulasiKredit_LOV Dealer'

2019-11-27 05:50:59 - [MESSAGE][WARNING] - Timeout '0' is invalid. Using default page load timeout: '30'

2019-11-27 05:51:01 - [MESSAGE][PASSED] - Tapped on element 'Object Repository/Simulasi Kredit/Simulasi Kredit - Simulasi Kredit/SimulasiKredit_LOV Dealer'

2019-11-27 05:51:01 - [TEST_STEP][PASSED] - setText(findTestObject("Simulasi Kredit/Simulasi Kredit - Simulasi Kredit/SimulasiKredit_Inp Sales Dealer"), varSales, 0): Text 'ABDUL QODIR' has been set to element 'Object Repository/Simulasi Kredit/Simulasi Kredit - Simulasi Kredit/SimulasiKredit_Inp Sales Dealer'

2019-11-27 05:51:01 - [MESSAGE][WARNING] - Timeout '0' is invalid. Using default page load timeout: '30'

2019-11-27 05:51:04 - [MESSAGE][PASSED] - Text 'ABDUL QODIR' has been set to element 'Object Repository/Simulasi Kredit/Simulasi Kredit - Simulasi Kredit/SimulasiKredit_Inp Sales Dealer'

2019-11-27 05:51:04 - [TEST_STEP][PASSED] - tap(findTestObject("Simulasi Kredit/Simulasi Kredit - Simulasi Kredit/SimulasiKredit_Inp Sales Dealer"), 0): Tapped on element 'Object Repository/Simulasi Kredit/Simulasi Kredit - Simulasi Kredit/SimulasiKredit_Inp Sales Dealer'

2019-11-27 05:51:04 - [MESSAGE][WARNING] - Timeout '0' is invalid. Using default page load timeout: '30'

2019-11-27 05:51:07 - [MESSAGE][PASSED] - Tapped on element 'Object Repository/Simulasi Kredit/Simulasi Kredit - Simulasi Kredit/SimulasiKredit_Inp Sales Dealer'

2019-11-27 05:51:07 - [TEST_STEP][PASSED] - tap(findTestObject("Simulasi Kredit/Simulasi Kredit - Simulasi Kredit/SimulasiKredit_LOV Sales Dealer"), 0): Tapped on element 'Object Repository/Simulasi Kredit/Simulasi Kredit - Simulasi Kredit/SimulasiKredit_LOV Sales Dealer'

2019-11-27 05:51:07 - [MESSAGE][WARNING] - Timeout '0' is invalid. Using default page load timeout: '30'

2019-11-27 05:51:09 - [MESSAGE][PASSED] - Tapped on element 'Object Repository/Simulasi Kredit/Simulasi Kredit - Simulasi Kredit/SimulasiKredit_LOV Sales Dealer'

2019-11-27 05:51:09 - [TEST_STEP][PASSED] - tap(findTestObject("Simulasi Kredit/Simulasi Kredit - Simulasi Kredit/SimulasiKredit_Btn Hitung"), 0): Tapped on element 'Object Repository/Simulasi Kredit/Simulasi Kredit - Simulasi Kredit/SimulasiKredit_Btn Hitung'

2019-11-27 05:51:09 - [MESSAGE][WARNING] - Timeout '0' is invalid. Using default page load timeout: '30'

2019-11-27 05:51:13 - [MESSAGE][PASSED] - Tapped on element 'Object Repository/Simulasi Kredit/Simulasi Kredit - Simulasi Kredit/SimulasiKredit_Btn Hitung'

2019-11-27 05:51:13 - [TEST_STEP][PASSED] - delay(20, STOP_ON_FAILURE): Delayed 20 second(s)

2019-11-27 05:51:33 - [MESSAGE][PASSED] - Delayed 20 second(s)

2019-11-27 05:51:33 - [TEST_STEP][PASSED] - tap(findTestObject("Simulasi Kredit/Simulasi Kredit - Simulasi Kredit/SimulasiKredit_Btn Berikutnya"), 0): Tapped on element 'Object Repository/Simulasi Kredit/Simulasi Kredit - Simulasi Kredit/SimulasiKredit_Btn Berikutnya'

2019-11-27 05:51:33 - [MESSAGE][WARNING] - Timeout '0' is invalid. Using default page load timeout: '30'

2019-11-27 05:51:36 - [MESSAGE][PASSED] - Tapped on element 'Object Repository/Simulasi Kredit/Simulasi Kredit - Simulasi Kredit/SimulasiKredit_Btn Berikutnya'

2019-11-27 05:51:36 - [TEST_STEP][PASSED] - delay(1, STOP_ON_FAILURE): Delayed 1 second(s)

2019-11-27 05:51:37 - [MESSAGE][PASSED] - Delayed 1 second(s)

2019-11-27 05:51:37 - [TEST_STEP][PASSED] - waitForElementPresent(findTestObject("Simulasi Kredit/Simulasi Kredit - Asuransi/Asuransi_Nama Asuransi"), 0): Element 'Object Repository/Simulasi Kredit/Simulasi Kredit - Asuransi/Asuransi_Nama Asuransi' is present

2019-11-27 05:51:37 - [MESSAGE][WARNING] - Timeout '0' is invalid. Using default page load timeout: '30'

2019-11-27 05:51:38 - [MESSAGE][PASSED] - Element 'Object Repository/Simulasi Kredit/Simulasi Kredit - Asuransi/Asuransi_Nama Asuransi' is present

2019-11-27 05:51:38 - [MESSAGE][PASSED] - Call Test Case 'Test Cases/Data Entry/Simulasi Kredit/Simulasi Kredit/MASTER FLOW/TC_Simulasi Kredit - MASTER FLOW' successfully

2019-11-27 05:51:38 - [TEST_STEP][PASSED] - callTestCase(findTestCase("Data Entry/Simulasi Kredit/Simulasi Kredit - Asuransi/MASTER FLOW/TC_Asuransi - MASTER FLOW"), ["varAsuransi":varAsuransi, "varKodeWilayah":varKodeWilayah], STOP_ON_FAILURE): Call Test Case 'Test Cases/Data Entry/Simulasi Kredit/Simulasi Kredit - Asuransi/MASTER FLOW/TC_Asuransi - MASTER FLOW' successfully

2019-11-27 05:51:38 - [TEST_CASE][PASSED] - Test Cases/Data Entry/Simulasi Kredit/Simulasi Kredit - Asuransi/MASTER FLOW/TC_Asuransi - MASTER FLOW: Test Cases/Data Entry/Simulasi Kredit/Simulasi Kredit - Asuransi/MASTER FLOW/TC_Asuransi - MASTER FLOW

2019-11-27 05:51:38 - [TEST_STEP][PASSED] - delay(2, STOP_ON_FAILURE): Delayed 2 second(s)

2019-11-27 05:51:40 - [MESSAGE][PASSED] - Delayed 2 second(s)

2019-11-27 05:51:40 - [TEST_STEP][PASSED] - tap(findTestObject("Simulasi Kredit/Simulasi Kredit - Asuransi/Asuransi_Nama Asuransi"), 0): Tapped on element 'Object Repository/Simulasi Kredit/Simulasi Kredit - Asuransi/Asuransi_Nama Asuransi'

2019-11-27 05:51:41 - [MESSAGE][WARNING] - Timeout '0' is invalid. Using default page load timeout: '30'

2019-11-27 05:51:43 - [MESSAGE][PASSED] - Tapped on element 'Object Repository/Simulasi Kredit/Simulasi Kredit - Asuransi/Asuransi_Nama Asuransi'

2019-11-27 05:51:43 - [TEST_STEP][PASSED] - setText(findTestObject("Simulasi Kredit/Simulasi Kredit - Asuransi/Asuransi_Nama Asuransi"), varAsuransi, 0): Text 'PT AAB REGULER OJK 2017(305001)' has been set to element 'Object Repository/Simulasi Kredit/Simulasi Kredit - Asuransi/Asuransi_Nama Asuransi'

2019-11-27 05:51:43 - [MESSAGE][WARNING] - Timeout '0' is invalid. Using default page load timeout: '30'

2019-11-27 05:51:47 - [MESSAGE][PASSED] - Text 'PT AAB REGULER OJK 2017(305001)' has been set to element 'Object Repository/Simulasi Kredit/Simulasi Kredit - Asuransi/Asuransi_Nama Asuransi'

2019-11-27 05:51:47 - [TEST_STEP][PASSED] - tap(findTestObject("Simulasi Kredit/Simulasi Kredit - Asuransi/Asuransi_LOV Nama Asuransi"), 0): Tapped on element 'Object Repository/Simulasi Kredit/Simulasi Kredit - Asuransi/Asuransi_LOV Nama Asuransi'

2019-11-27 05:51:47 - [MESSAGE][WARNING] - Timeout '0' is invalid. Using default page load timeout: '30'

2019-11-27 05:51:51 - [MESSAGE][PASSED] - Tapped on element 'Object Repository/Simulasi Kredit/Simulasi Kredit - Asuransi/Asuransi_LOV Nama Asuransi'

2019-11-27 05:51:51 - [TEST_STEP][PASSED] - delay(1, STOP_ON_FAILURE): Delayed 1 second(s)

2019-11-27 05:51:52 - [MESSAGE][PASSED] - Delayed 1 second(s)

2019-11-27 05:51:52 - [TEST_STEP][PASSED] - tap(findTestObject("Simulasi Kredit/Simulasi Kredit - Asuransi/Asuransi_KDWilayah"), 0): Tapped on element 'Object Repository/Simulasi Kredit/Simulasi Kredit - Asuransi/Asuransi_KDWilayah'

2019-11-27 05:51:52 - [MESSAGE][WARNING] - Timeout '0' is invalid. Using default page load timeout: '30'

2019-11-27 05:51:54 - [MESSAGE][PASSED] - Tapped on element 'Object Repository/Simulasi Kredit/Simulasi Kredit - Asuransi/Asuransi_KDWilayah'

2019-11-27 05:51:54 - [TEST_STEP][PASSED] - tap(findTestObject("dynamic object/pickListItem_checkedTextView", ["text":varKodeWilayah]), 0): Tapped on element 'Object Repository/dynamic object/pickListItem_checkedTextView'

2019-11-27 05:51:54 - [MESSAGE][WARNING] - Timeout '0' is invalid. Using default page load timeout: '30'

2019-11-27 05:51:56 - [MESSAGE][PASSED] - Tapped on element 'Object Repository/dynamic object/pickListItem_checkedTextView'

2019-11-27 05:51:56 - [TEST_STEP][PASSED] - tap(findTestObject("Simulasi Kredit/Simulasi Kredit - Asuransi/asuransi_BtnARPlus"), 0): Tapped on element 'Object Repository/Simulasi Kredit/Simulasi Kredit - Asuransi/asuransi_BtnARPlus'

2019-11-27 05:51:56 - [MESSAGE][WARNING] - Timeout '0' is invalid. Using default page load timeout: '30'

2019-11-27 05:51:58 - [MESSAGE][PASSED] - Tapped on element 'Object Repository/Simulasi Kredit/Simulasi Kredit - Asuransi/asuransi_BtnARPlus'

2019-11-27 05:51:58 - [TEST_STEP][PASSED] - tap(findTestObject("Simulasi Kredit/Simulasi Kredit - Asuransi/asuransi_BtnCashPlus"), 0): Tapped on element 'Object Repository/Simulasi Kredit/Simulasi Kredit - Asuransi/asuransi_BtnCashPlus'

2019-11-27 05:51:58 - [MESSAGE][WARNING] - Timeout '0' is invalid. Using default page load timeout: '30'

2019-11-27 05:52:00 - [MESSAGE][PASSED] - Tapped on element 'Object Repository/Simulasi Kredit/Simulasi Kredit - Asuransi/asuransi_BtnCashPlus'

2019-11-27 05:52:00 - [TEST_STEP][PASSED] - delay(2, STOP_ON_FAILURE): Delayed 2 second(s)

2019-11-27 05:52:02 - [MESSAGE][PASSED] - Delayed 2 second(s)

2019-11-27 05:52:02 - [TEST_STEP][PASSED] - tap(findTestObject("Simulasi Kredit/Simulasi Kredit - Asuransi/Asuransi_Hitung"), 0): Tapped on element 'Object Repository/Simulasi Kredit/Simulasi Kredit - Asuransi/Asuransi_Hitung'

2019-11-27 05:52:02 - [MESSAGE][WARNING] - Timeout '0' is invalid. Using default page load timeout: '30'

2019-11-27 05:52:04 - [MESSAGE][PASSED] - Tapped on element 'Object Repository/Simulasi Kredit/Simulasi Kredit - Asuransi/Asuransi_Hitung'

2019-11-27 05:52:04 - [TEST_STEP][PASSED] - delay(40, STOP_ON_FAILURE): Delayed 40 second(s)

2019-11-27 05:52:44 - [MESSAGE][PASSED] - Delayed 40 second(s)

2019-11-27 05:52:44 - [TEST_STEP][PASSED] - tap(findTestObject("Simulasi Kredit/Simulasi Kredit - Asuransi/Asuransi_Berikutnya"), 0): Tapped on element 'Object Repository/Simulasi Kredit/Simulasi Kredit - Asuransi/Asuransi_Berikutnya'

2019-11-27 05:52:44 - [MESSAGE][WARNING] - Timeout '0' is invalid. Using default page load timeout: '30'

2019-11-27 05:52:47 - [MESSAGE][PASSED] - Tapped on element 'Object Repository/Simulasi Kredit/Simulasi Kredit - Asuransi/Asuransi_Berikutnya'

2019-11-27 05:52:47 - [MESSAGE][PASSED] - Call Test Case 'Test Cases/Data Entry/Simulasi Kredit/Simulasi Kredit - Asuransi/MASTER FLOW/TC_Asuransi - MASTER FLOW' successfully

2019-11-27 05:52:47 - [TEST_STEP][PASSED] - callTestCase(findTestCase("Data Entry/Simulasi Kredit/Kategori Loan/MASTER FLOW/TC_Kategori Loan - Master FLOW"), ["varOpsiNPWP":varOpsiNPWP], STOP_ON_FAILURE): Call Test Case 'Test Cases/Data Entry/Simulasi Kredit/Kategori Loan/MASTER FLOW/TC_Kategori Loan - Master FLOW' successfully

2019-11-27 05:52:47 - [TEST_CASE][PASSED] - Test Cases/Data Entry/Simulasi Kredit/Kategori Loan/MASTER FLOW/TC_Kategori Loan - Master FLOW: Test Cases/Data Entry/Simulasi Kredit/Kategori Loan/MASTER FLOW/TC_Kategori Loan - Master FLOW

2019-11-27 05:52:47 - [TEST_STEP][PASSED] - switch (varOpsiNPWP.toString()): null

2019-11-27 05:52:47 - [TEST_STEP][PASSED] - case "Approval":: null

2019-11-27 05:52:47 - [TEST_STEP][PASSED] - tap(findTestObject("Simulasi Kredit/Simulasi Kredit - Kategori Loan/KategoriLoan_Opsi NPWP Approval"), 0): Tapped on element 'Object Repository/Simulasi Kredit/Simulasi Kredit - Kategori Loan/KategoriLoan_Opsi NPWP Approval'

2019-11-27 05:52:47 - [MESSAGE][WARNING] - Timeout '0' is invalid. Using default page load timeout: '30'

2019-11-27 05:52:50 - [MESSAGE][PASSED] - Tapped on element 'Object Repository/Simulasi Kredit/Simulasi Kredit - Kategori Loan/KategoriLoan_Opsi NPWP Approval'

2019-11-27 05:52:50 - [TEST_STEP][PASSED] - break: null

2019-11-27 05:52:50 - [TEST_STEP][PASSED] - delay(2, STOP_ON_FAILURE): Delayed 2 second(s)

2019-11-27 05:52:52 - [MESSAGE][PASSED] - Delayed 2 second(s)

2019-11-27 05:52:52 - [TEST_STEP][PASSED] - tap(findTestObject("Simulasi Kredit/Simulasi Kredit - Kategori Loan/KategoriLoan_Berikutnya"), 0): Tapped on element 'Object Repository/Simulasi Kredit/Simulasi Kredit - Kategori Loan/KategoriLoan_Berikutnya'

2019-11-27 05:52:52 - [MESSAGE][WARNING] - Timeout '0' is invalid. Using default page load timeout: '30'

2019-11-27 05:52:54 - [MESSAGE][PASSED] - Tapped on element 'Object Repository/Simulasi Kredit/Simulasi Kredit - Kategori Loan/KategoriLoan_Berikutnya'

2019-11-27 05:52:54 - [MESSAGE][PASSED] - Call Test Case 'Test Cases/Data Entry/Simulasi Kredit/Kategori Loan/MASTER FLOW/TC_Kategori Loan - Master FLOW' successfully

2019-11-27 05:52:54 - [TEST_STEP][PASSED] - callTestCase(findTestCase("Data Entry/Simulasi Kredit/Loan Detail/MASTER FLOW/TC_Loan Detail - MASTER FLOW"), [:], STOP_ON_FAILURE): Call Test Case 'Test Cases/Data Entry/Simulasi Kredit/Loan Detail/MASTER FLOW/TC_Loan Detail - MASTER FLOW' successfully

2019-11-27 05:52:54 - [TEST_CASE][PASSED] - Test Cases/Data Entry/Simulasi Kredit/Loan Detail/MASTER FLOW/TC_Loan Detail - MASTER FLOW: Test Cases/Data Entry/Simulasi Kredit/Loan Detail/MASTER FLOW/TC_Loan Detail - MASTER FLOW

2019-11-27 05:52:54 - [TEST_STEP][PASSED] - mobile.mobileSwipe.RightLeft(0.9, 0.5, 600): mobile.mobileSwipe.RightLeft is PASSED

2019-11-27 05:52:55 - [MESSAGE][PASSED] - Current device physical width is 1080

2019-11-27 05:52:56 - [MESSAGE][PASSED] - Current device physical height is 2131

2019-11-27 05:52:56 - [MESSAGE][INFO] - Device Height : 2131

2019-11-27 05:52:56 - [MESSAGE][INFO] - Device Width : 1080

2019-11-27 05:52:56 - [MESSAGE][INFO] - Swipe start at Width : 971

2019-11-27 05:52:56 - [MESSAGE][INFO] - Swipe end at Witdh : 540

2019-11-27 05:52:56 - [MESSAGE][INFO] - Y Position : 600

2019-11-27 05:52:58 - [MESSAGE][PASSED] - Swiped from 971,600 to 540,600

2019-11-27 05:52:58 - [MESSAGE][PASSED] - mobile.mobileSwipe.RightLeft is PASSED

2019-11-27 05:52:58 - [TEST_STEP][PASSED] - delay(3, STOP_ON_FAILURE): Delayed 3 second(s)

2019-11-27 05:53:01 - [MESSAGE][PASSED] - Delayed 3 second(s)

2019-11-27 05:53:01 - [TEST_STEP][PASSED] - mobile.mobileSwipe.UpDown(0.8, 0.4, 1000): mobile.mobileSwipe.UpDown is PASSED

2019-11-27 05:53:02 - [MESSAGE][PASSED] - Current device physical height is 2131

2019-11-27 05:53:02 - [MESSAGE][INFO] - Device Height : 2131

2019-11-27 05:53:03 - [MESSAGE][PASSED] - Current device physical width is 1080

2019-11-27 05:53:03 - [MESSAGE][INFO] - Device Width : 1080

2019-11-27 05:53:03 - [MESSAGE][INFO] - Swipe start at Height : 1704

2019-11-27 05:53:03 - [MESSAGE][INFO] - Swipe end at Height : 852

2019-11-27 05:53:03 - [MESSAGE][INFO] - X Position : 1000

2019-11-27 05:53:05 - [MESSAGE][PASSED] - Swiped from 1,000,1,704 to 1,000,852

2019-11-27 05:53:05 - [MESSAGE][PASSED] - mobile.mobileSwipe.UpDown is PASSED

2019-11-27 05:53:05 - [TEST_STEP][PASSED] - delay(7, STOP_ON_FAILURE): Delayed 7 second(s)

2019-11-27 05:53:12 - [MESSAGE][PASSED] - Delayed 7 second(s)

2019-11-27 05:53:12 - [TEST_STEP][PASSED] - tap(findTestObject("Simulasi Kredit/Simulasi Kredit - Loan Detail/LoanDetail_Hitung"), 0): Tapped on element 'Object Repository/Simulasi Kredit/Simulasi Kredit - Loan Detail/LoanDetail_Hitung'

2019-11-27 05:53:12 - [MESSAGE][WARNING] - Timeout '0' is invalid. Using default page load timeout: '30'

2019-11-27 05:53:15 - [MESSAGE][PASSED] - Tapped on element 'Object Repository/Simulasi Kredit/Simulasi Kredit - Loan Detail/LoanDetail_Hitung'

2019-11-27 05:53:15 - [TEST_STEP][PASSED] - delay(10, STOP_ON_FAILURE): Delayed 10 second(s)

2019-11-27 05:53:25 - [MESSAGE][PASSED] - Delayed 10 second(s)

2019-11-27 05:53:25 - [TEST_STEP][PASSED] - tap(findTestObject("Simulasi Kredit/Simulasi Kredit - Loan Detail/LoanDetail_Berikutnya"), 0): Tapped on element 'Object Repository/Simulasi Kredit/Simulasi Kredit - Loan Detail/LoanDetail_Berikutnya'

2019-11-27 05:53:25 - [MESSAGE][WARNING] - Timeout '0' is invalid. Using default page load timeout: '30'

2019-11-27 05:53:28 - [MESSAGE][PASSED] - Tapped on element 'Object Repository/Simulasi Kredit/Simulasi Kredit - Loan Detail/LoanDetail_Berikutnya'

2019-11-27 05:53:28 - [TEST_STEP][PASSED] - delay(10, STOP_ON_FAILURE): Delayed 10 second(s)

2019-11-27 05:53:38 - [MESSAGE][PASSED] - Delayed 10 second(s)

2019-11-27 05:53:38 - [TEST_STEP][PASSED] - tap(findTestObject("Simulasi Kredit/Simulasi Kredit - Loan Detail/LoanDetail_Berikutnya"), 0): Tapped on element 'Object Repository/Simulasi Kredit/Simulasi Kredit - Loan Detail/LoanDetail_Berikutnya'

2019-11-27 05:53:38 - [MESSAGE][WARNING] - Timeout '0' is invalid. Using default page load timeout: '30'

2019-11-27 05:53:39 - [MESSAGE][PASSED] - Tapped on element 'Object Repository/Simulasi Kredit/Simulasi Kredit - Loan Detail/LoanDetail_Berikutnya'

2019-11-27 05:53:39 - [TEST_STEP][PASSED] - delay(10, STOP_ON_FAILURE): Delayed 10 second(s)

2019-11-27 05:53:49 - [MESSAGE][PASSED] - Delayed 10 second(s)

2019-11-27 05:53:49 - [MESSAGE][PASSED] - Call Test Case 'Test Cases/Data Entry/Simulasi Kredit/Loan Detail/MASTER FLOW/TC_Loan Detail - MASTER FLOW' successfully

2019-11-27 05:53:49 - [TEST_STEP][PASSED] - callTestCase(findTestCase("Data Entry/Upload Document/Borrower/MASTER FLOW/TC_Upload Document - borrower - MASTER FLOW"), ["Borrower_varKTP":Borrower_varKTP], STOP_ON_FAILURE): Call Test Case 'Test Cases/Data Entry/Upload Document/Borrower/MASTER FLOW/TC_Upload Document - borrower - MASTER FLOW' successfully

2019-11-27 05:53:49 - [TEST_CASE][PASSED] - Test Cases/Data Entry/Upload Document/Borrower/MASTER FLOW/TC_Upload Document - borrower - MASTER FLOW: Test Cases/Data Entry/Upload Document/Borrower/MASTER FLOW/TC_Upload Document - borrower - MASTER FLOW

2019-11-27 05:53:49 - [TEST_STEP][PASSED] - tap(findTestObject("Upload Document/Upload Document - Item Upload/UnggahDokumen_BtnKTP"), 0): Tapped on element 'Object Repository/Upload Document/Upload Document - Item Upload/UnggahDokumen_BtnKTP'

2019-11-27 05:53:50 - [MESSAGE][WARNING] - Timeout '0' is invalid. Using default page load timeout: '30'

2019-11-27 05:53:52 - [MESSAGE][PASSED] - Tapped on element 'Object Repository/Upload Document/Upload Document - Item Upload/UnggahDokumen_BtnKTP'

2019-11-27 05:53:52 - [TEST_STEP][PASSED] - if (verifyElementVisible(findTestObject("Upload Document/Upload Document - Item Upload/UnggahDokumen_BtnGallery"), 3, OPTIONAL)): Element 'Object Repository/Upload Document/Upload Document - Item Upload/UnggahDokumen_BtnGallery' not found

2019-11-27 05:53:57 - [MESSAGE][WARNING] - Element 'Object Repository/Upload Document/Upload Document - Item Upload/UnggahDokumen_BtnGallery' not found
[[ATTACHMENT|C:\\Users\\15420\\git\\ACCME-Dupcheck\\Reports\\20191127_053813\\data entry dupcek\\20191127_053813\\1574808835899.png]]

2019-11-27 05:53:57 - [TEST_STEP][PASSED] - else: Tapped on element 'Object Repository/Upload Document/android.view.View168 -  Gallery'

2019-11-27 05:53:57 - [TEST_STEP][PASSED] - tap(findTestObject("Upload Document/android.view.View168 -  Gallery"), 0): Tapped on element 'Object Repository/Upload Document/android.view.View168 -  Gallery'

2019-11-27 05:53:57 - [MESSAGE][WARNING] - Timeout '0' is invalid. Using default page load timeout: '30'

2019-11-27 05:54:00 - [MESSAGE][PASSED] - Tapped on element 'Object Repository/Upload Document/android.view.View168 -  Gallery'

2019-11-27 05:54:00 - [TEST_STEP][PASSED] - scrollToText(Borrower_varKTP, STOP_ON_FAILURE): Scrolling to text 'abc.jpg' successfully

2019-11-27 05:54:01 - [MESSAGE][PASSED] - Scrolling to text 'abc.jpg' successfully

2019-11-27 05:54:01 - [TEST_STEP][PASSED] - tap(findTestObject("dynamic object/pickListItem_TextView", ["text":Borrower_varKTP]), 0): Tapped on element 'Object Repository/dynamic object/pickListItem_TextView'

2019-11-27 05:54:02 - [MESSAGE][WARNING] - Timeout '0' is invalid. Using default page load timeout: '30'

2019-11-27 05:54:03 - [MESSAGE][PASSED] - Tapped on element 'Object Repository/dynamic object/pickListItem_TextView'

2019-11-27 05:54:03 - [TEST_STEP][PASSED] - delay(10, STOP_ON_FAILURE): Delayed 10 second(s)

2019-11-27 05:54:13 - [MESSAGE][PASSED] - Delayed 10 second(s)

2019-11-27 05:54:13 - [MESSAGE][PASSED] - Call Test Case 'Test Cases/Data Entry/Upload Document/Borrower/MASTER FLOW/TC_Upload Document - borrower - MASTER FLOW' successfully

2019-11-27 05:54:13 - [TEST_STEP][PASSED] - tap(findTestObject("dynamic object/BtnBerikutnya"), 0): Tapped on element 'Object Repository/dynamic object/BtnBerikutnya'

2019-11-27 05:54:13 - [MESSAGE][WARNING] - Timeout '0' is invalid. Using default page load timeout: '30'

2019-11-27 05:54:16 - [MESSAGE][PASSED] - Tapped on element 'Object Repository/dynamic object/BtnBerikutnya'

2019-11-27 05:54:16 - [TEST_STEP][PASSED] - delay(30, STOP_ON_FAILURE): Delayed 30 second(s)

2019-11-27 05:54:46 - [MESSAGE][PASSED] - Delayed 30 second(s)

2019-11-27 05:54:46 - [TEST_STEP][FAILED] - callTestCase(findTestCase("Data Entry/Borrower/Flow Borrower"), ["BIvarNoKTP":BIvarNoKTP, "BIvarAgama":BIvarAgama, "BIvarStatusPerkawinan":BIvarStatusPerkawinan, "BEvarRT":BEvarRT, "BEvarRW":BEvarRW, ... ], STOP_ON_FAILURE): Unable to call Test Case 'Test Cases/Data Entry/Borrower/Flow Borrower' (Root cause: com.kms.katalon.core.exception.StepFailedException: Call Test Case 'Test Cases/Data Entry/Borrower/Flow Borrower' failed
	at com.kms.katalon.core.keyword.builtin.CallTestCaseKeyword$_callTestCase_closure1.doCall(CallTestCaseKeyword.groovy:63)
	at com.kms.katalon.core.keyword.builtin.CallTestCaseKeyword$_callTestCase_closure1.call(CallTestCaseKeyword.groovy)
	at com.kms.katalon.core.keyword.internal.KeywordMain.runKeyword(KeywordMain.groovy:68)
	at com.kms.katalon.core.keyword.builtin.CallTestCaseKeyword.callTestCase(CallTestCaseKeyword.groovy:81)
	at com.kms.katalon.core.keyword.builtin.CallTestCaseKeyword.execute(CallTestCaseKeyword.groovy:44)
	at com.kms.katalon.core.keyword.internal.KeywordExecutor.executeKeywordForPlatform(KeywordExecutor.groovy:60)
	at com.kms.katalon.core.keyword.BuiltinKeywords.callTestCase(BuiltinKeywords.groovy:334)
	at TC_Data Entry.run(TC_Data Entry:42)
	at com.kms.katalon.core.main.ScriptEngine.run(ScriptEngine.java:194)
	at com.kms.katalon.core.main.ScriptEngine.runScriptAsRawText(ScriptEngine.java:119)
	at com.kms.katalon.core.main.TestCaseExecutor.runScript(TestCaseExecutor.java:337)
	at com.kms.katalon.core.main.TestCaseExecutor.doExecute(TestCaseExecutor.java:328)
	at com.kms.katalon.core.main.TestCaseExecutor.processExecutionPhase(TestCaseExecutor.java:307)
	at com.kms.katalon.core.main.TestCaseExecutor.accessMainPhase(TestCaseExecutor.java:299)
	at com.kms.katalon.core.main.TestCaseExecutor.execute(TestCaseExecutor.java:233)
	at com.kms.katalon.core.main.TestSuiteExecutor.accessTestCaseMainPhase(TestSuiteExecutor.java:169)
	at com.kms.katalon.core.main.TestSuiteExecutor.accessTestSuiteMainPhase(TestSuiteExecutor.java:142)
	at com.kms.katalon.core.main.TestSuiteExecutor.execute(TestSuiteExecutor.java:91)
	at com.kms.katalon.core.main.TestCaseMain.startTestSuite(TestCaseMain.java:157)
	at com.kms.katalon.core.main.TestCaseMain$startTestSuite$0.call(Unknown Source)
	at TempTestSuite1574807893706.run(TempTestSuite1574807893706.groovy:36)
Caused by: com.kms.katalon.core.exception.StepFailedException: Call Test Case 'Test Cases/Data Entry/Borrower/Borrower - Identitas/MASTER FLOW/TC_Borrower - Identitas - MASTER FLOW' failed
	at com.kms.katalon.core.keyword.builtin.CallTestCaseKeyword$_callTestCase_closure1.doCall(CallTestCaseKeyword.groovy:63)
	at com.kms.katalon.core.keyword.builtin.CallTestCaseKeyword$_callTestCase_closure1.call(CallTestCaseKeyword.groovy)
	at com.kms.katalon.core.keyword.internal.KeywordMain.runKeyword(KeywordMain.groovy:68)
	at com.kms.katalon.core.keyword.builtin.CallTestCaseKeyword.callTestCase(CallTestCaseKeyword.groovy:81)
	at com.kms.katalon.core.keyword.builtin.CallTestCaseKeyword.execute(CallTestCaseKeyword.groovy:44)
	at com.kms.katalon.core.keyword.internal.KeywordExecutor.executeKeywordForPlatform(KeywordExecutor.groovy:60)
	at com.kms.katalon.core.keyword.BuiltinKeywords.callTestCase(BuiltinKeywords.groovy:334)
	at Flow Borrower.run(Flow Borrower:16)
	at com.kms.katalon.core.main.ScriptEngine.run(ScriptEngine.java:194)
	at com.kms.katalon.core.main.ScriptEngine.runScriptAsRawText(ScriptEngine.java:119)
	at com.kms.katalon.core.main.TestCaseExecutor.runScript(TestCaseExecutor.java:337)
	at com.kms.katalon.core.main.TestCaseExecutor.doExecute(TestCaseExecutor.java:328)
	at com.kms.katalon.core.main.TestCaseExecutor.processExecutionPhase(TestCaseExecutor.java:307)
	at com.kms.katalon.core.main.TestCaseExecutor.accessMainPhase(TestCaseExecutor.java:299)
	at com.kms.katalon.core.main.TestCaseExecutor.execute(TestCaseExecutor.java:233)
	at com.kms.katalon.core.main.TestCaseMain.runTestCase(TestCaseMain.java:114)
	at com.kms.katalon.core.keyword.builtin.CallTestCaseKeyword$_callTestCase_closure1.doCall(CallTestCaseKeyword.groovy:59)
	... 20 more
Caused by: com.kms.katalon.core.exception.StepFailedException: Object Object Repository/Borrower/Borrower - Identitas/Borrower_BtnCheckBox not found
	at com.kms.katalon.core.keyword.internal.KeywordMain.stepFailed(KeywordMain.groovy:50)
	at com.kms.katalon.core.mobile.keyword.internal.MobileKeywordMain.stepFailed(MobileKeywordMain.groovy:40)
	at com.kms.katalon.core.mobile.keyword.builtin.TapKeyword$_tap_closure1.doCall(TapKeyword.groovy:79)
	at com.kms.katalon.core.mobile.keyword.builtin.TapKeyword$_tap_closure1.call(TapKeyword.groovy)
	at com.kms.katalon.core.mobile.keyword.internal.MobileKeywordMain.runKeyword(MobileKeywordMain.groovy:21)
	at com.kms.katalon.core.mobile.keyword.builtin.TapKeyword.tap(TapKeyword.groovy:86)
	at com.kms.katalon.core.mobile.keyword.builtin.TapKeyword.execute(TapKeyword.groovy:68)
	at com.kms.katalon.core.keyword.internal.KeywordExecutor.executeKeywordForPlatform(KeywordExecutor.groovy:60)
	at com.kms.katalon.core.mobile.keyword.MobileBuiltInKeywords.tap(MobileBuiltInKeywords.groovy:520)
	at com.kms.katalon.core.mobile.keyword.MobileBuiltInKeywords$tap$1.call(Unknown Source)
	at TC_Borrower - Identitas - MASTER FLOW.run(TC_Borrower - Identitas - MASTER FLOW:52)
	at com.kms.katalon.core.main.ScriptEngine.run(ScriptEngine.java:194)
	at com.kms.katalon.core.main.ScriptEngine.runScriptAsRawText(ScriptEngine.java:119)
	at com.kms.katalon.core.main.TestCaseExecutor.runScript(TestCaseExecutor.java:337)
	at com.kms.katalon.core.main.TestCaseExecutor.doExecute(TestCaseExecutor.java:328)
	at com.kms.katalon.core.main.TestCaseExecutor.processExecutionPhase(TestCaseExecutor.java:307)
	at com.kms.katalon.core.main.TestCaseExecutor.accessMainPhase(TestCaseExecutor.java:299)
	at com.kms.katalon.core.main.TestCaseExecutor.execute(TestCaseExecutor.java:233)
	at com.kms.katalon.core.main.TestCaseMain.runTestCase(TestCaseMain.java:114)
	at com.kms.katalon.core.keyword.builtin.CallTestCaseKeyword$_callTestCase_closure1.doCall(CallTestCaseKeyword.groovy:59)
	... 36 more
)

2019-11-27 05:54:46 - [TEST_CASE][FAILED] - Test Cases/Data Entry/Borrower/Flow Borrower: Test Cases/Data Entry/Borrower/Flow Borrower FAILED.
Reason:
com.kms.katalon.core.exception.StepFailedException: Call Test Case 'Test Cases/Data Entry/Borrower/Borrower - Identitas/MASTER FLOW/TC_Borrower - Identitas - MASTER FLOW' failed
	at com.kms.katalon.core.keyword.builtin.CallTestCaseKeyword$_callTestCase_closure1.doCall(CallTestCaseKeyword.groovy:63)
	at com.kms.katalon.core.keyword.builtin.CallTestCaseKeyword$_callTestCase_closure1.call(CallTestCaseKeyword.groovy)
	at com.kms.katalon.core.keyword.internal.KeywordMain.runKeyword(KeywordMain.groovy:68)
	at com.kms.katalon.core.keyword.builtin.CallTestCaseKeyword.callTestCase(CallTestCaseKeyword.groovy:81)
	at com.kms.katalon.core.keyword.builtin.CallTestCaseKeyword.execute(CallTestCaseKeyword.groovy:44)
	at com.kms.katalon.core.keyword.internal.KeywordExecutor.executeKeywordForPlatform(KeywordExecutor.groovy:60)
	at com.kms.katalon.core.keyword.BuiltinKeywords.callTestCase(BuiltinKeywords.groovy:334)
	at Flow Borrower.run(Flow Borrower:16)
	at com.kms.katalon.core.main.ScriptEngine.run(ScriptEngine.java:194)
	at com.kms.katalon.core.main.ScriptEngine.runScriptAsRawText(ScriptEngine.java:119)
	at com.kms.katalon.core.main.TestCaseExecutor.runScript(TestCaseExecutor.java:337)
	at com.kms.katalon.core.main.TestCaseExecutor.doExecute(TestCaseExecutor.java:328)
	at com.kms.katalon.core.main.TestCaseExecutor.processExecutionPhase(TestCaseExecutor.java:307)
	at com.kms.katalon.core.main.TestCaseExecutor.accessMainPhase(TestCaseExecutor.java:299)
	at com.kms.katalon.core.main.TestCaseExecutor.execute(TestCaseExecutor.java:233)
	at com.kms.katalon.core.main.TestCaseMain.runTestCase(TestCaseMain.java:114)
	at com.kms.katalon.core.keyword.builtin.CallTestCaseKeyword$_callTestCase_closure1.doCall(CallTestCaseKeyword.groovy:59)
	at com.kms.katalon.core.keyword.builtin.CallTestCaseKeyword$_callTestCase_closure1.call(CallTestCaseKeyword.groovy)
	at com.kms.katalon.core.keyword.internal.KeywordMain.runKeyword(KeywordMain.groovy:68)
	at com.kms.katalon.core.keyword.builtin.CallTestCaseKeyword.callTestCase(CallTestCaseKeyword.groovy:81)
	at com.kms.katalon.core.keyword.builtin.CallTestCaseKeyword.execute(CallTestCaseKeyword.groovy:44)
	at com.kms.katalon.core.keyword.internal.KeywordExecutor.executeKeywordForPlatform(KeywordExecutor.groovy:60)
	at com.kms.katalon.core.keyword.BuiltinKeywords.callTestCase(BuiltinKeywords.groovy:334)
	at TC_Data Entry.run(TC_Data Entry:42)
	at com.kms.katalon.core.main.ScriptEngine.run(ScriptEngine.java:194)
	at com.kms.katalon.core.main.ScriptEngine.runScriptAsRawText(ScriptEngine.java:119)
	at com.kms.katalon.core.main.TestCaseExecutor.runScript(TestCaseExecutor.java:337)
	at com.kms.katalon.core.main.TestCaseExecutor.doExecute(TestCaseExecutor.java:328)
	at com.kms.katalon.core.main.TestCaseExecutor.processExecutionPhase(TestCaseExecutor.java:307)
	at com.kms.katalon.core.main.TestCaseExecutor.accessMainPhase(TestCaseExecutor.java:299)
	at com.kms.katalon.core.main.TestCaseExecutor.execute(TestCaseExecutor.java:233)
	at com.kms.katalon.core.main.TestSuiteExecutor.accessTestCaseMainPhase(TestSuiteExecutor.java:169)
	at com.kms.katalon.core.main.TestSuiteExecutor.accessTestSuiteMainPhase(TestSuiteExecutor.java:142)
	at com.kms.katalon.core.main.TestSuiteExecutor.execute(TestSuiteExecutor.java:91)
	at com.kms.katalon.core.main.TestCaseMain.startTestSuite(TestCaseMain.java:157)
	at com.kms.katalon.core.main.TestCaseMain$startTestSuite$0.call(Unknown Source)
	at TempTestSuite1574807893706.run(TempTestSuite1574807893706.groovy:36)
Caused by: com.kms.katalon.core.exception.StepFailedException: Object Object Repository/Borrower/Borrower - Identitas/Borrower_BtnCheckBox not found
	at com.kms.katalon.core.keyword.internal.KeywordMain.stepFailed(KeywordMain.groovy:50)
	at com.kms.katalon.core.mobile.keyword.internal.MobileKeywordMain.stepFailed(MobileKeywordMain.groovy:40)
	at com.kms.katalon.core.mobile.keyword.builtin.TapKeyword$_tap_closure1.doCall(TapKeyword.groovy:79)
	at com.kms.katalon.core.mobile.keyword.builtin.TapKeyword$_tap_closure1.call(TapKeyword.groovy)
	at com.kms.katalon.core.mobile.keyword.internal.MobileKeywordMain.runKeyword(MobileKeywordMain.groovy:21)
	at com.kms.katalon.core.mobile.keyword.builtin.TapKeyword.tap(TapKeyword.groovy:86)
	at com.kms.katalon.core.mobile.keyword.builtin.TapKeyword.execute(TapKeyword.groovy:68)
	at com.kms.katalon.core.keyword.internal.KeywordExecutor.executeKeywordForPlatform(KeywordExecutor.groovy:60)
	at com.kms.katalon.core.mobile.keyword.MobileBuiltInKeywords.tap(MobileBuiltInKeywords.groovy:520)
	at com.kms.katalon.core.mobile.keyword.MobileBuiltInKeywords$tap$1.call(Unknown Source)
	at TC_Borrower - Identitas - MASTER FLOW.run(TC_Borrower - Identitas - MASTER FLOW:52)
	at com.kms.katalon.core.main.ScriptEngine.run(ScriptEngine.java:194)
	at com.kms.katalon.core.main.ScriptEngine.runScriptAsRawText(ScriptEngine.java:119)
	at com.kms.katalon.core.main.TestCaseExecutor.runScript(TestCaseExecutor.java:337)
	at com.kms.katalon.core.main.TestCaseExecutor.doExecute(TestCaseExecutor.java:328)
	at com.kms.katalon.core.main.TestCaseExecutor.processExecutionPhase(TestCaseExecutor.java:307)
	at com.kms.katalon.core.main.TestCaseExecutor.accessMainPhase(TestCaseExecutor.java:299)
	at com.kms.katalon.core.main.TestCaseExecutor.execute(TestCaseExecutor.java:233)
	at com.kms.katalon.core.main.TestCaseMain.runTestCase(TestCaseMain.java:114)
	at com.kms.katalon.core.keyword.builtin.CallTestCaseKeyword$_callTestCase_closure1.doCall(CallTestCaseKeyword.groovy:59)
	... 36 more


2019-11-27 05:54:46 - [TEST_STEP][FAILED] - callTestCase(findTestCase("Data Entry/Borrower/Borrower - Identitas/MASTER FLOW/TC_Borrower - Identitas - MASTER FLOW"), ["BIvarNoKTP":BIvarNoKTP, "BIvarAgama":BIvarAgama, "BIvarStatusPerkawinan":BIvarStatusPerkawinan, "BIvarTempatLahir":BIvarTempatLahir, ... ], STOP_ON_FAILURE): Unable to call Test Case 'Test Cases/Data Entry/Borrower/Borrower - Identitas/MASTER FLOW/TC_Borrower - Identitas - MASTER FLOW' (Root cause: com.kms.katalon.core.exception.StepFailedException: Call Test Case 'Test Cases/Data Entry/Borrower/Borrower - Identitas/MASTER FLOW/TC_Borrower - Identitas - MASTER FLOW' failed
	at com.kms.katalon.core.keyword.builtin.CallTestCaseKeyword$_callTestCase_closure1.doCall(CallTestCaseKeyword.groovy:63)
	at com.kms.katalon.core.keyword.builtin.CallTestCaseKeyword$_callTestCase_closure1.call(CallTestCaseKeyword.groovy)
	at com.kms.katalon.core.keyword.internal.KeywordMain.runKeyword(KeywordMain.groovy:68)
	at com.kms.katalon.core.keyword.builtin.CallTestCaseKeyword.callTestCase(CallTestCaseKeyword.groovy:81)
	at com.kms.katalon.core.keyword.builtin.CallTestCaseKeyword.execute(CallTestCaseKeyword.groovy:44)
	at com.kms.katalon.core.keyword.internal.KeywordExecutor.executeKeywordForPlatform(KeywordExecutor.groovy:60)
	at com.kms.katalon.core.keyword.BuiltinKeywords.callTestCase(BuiltinKeywords.groovy:334)
	at Flow Borrower.run(Flow Borrower:16)
	at com.kms.katalon.core.main.ScriptEngine.run(ScriptEngine.java:194)
	at com.kms.katalon.core.main.ScriptEngine.runScriptAsRawText(ScriptEngine.java:119)
	at com.kms.katalon.core.main.TestCaseExecutor.runScript(TestCaseExecutor.java:337)
	at com.kms.katalon.core.main.TestCaseExecutor.doExecute(TestCaseExecutor.java:328)
	at com.kms.katalon.core.main.TestCaseExecutor.processExecutionPhase(TestCaseExecutor.java:307)
	at com.kms.katalon.core.main.TestCaseExecutor.accessMainPhase(TestCaseExecutor.java:299)
	at com.kms.katalon.core.main.TestCaseExecutor.execute(TestCaseExecutor.java:233)
	at com.kms.katalon.core.main.TestCaseMain.runTestCase(TestCaseMain.java:114)
	at com.kms.katalon.core.keyword.builtin.CallTestCaseKeyword$_callTestCase_closure1.doCall(CallTestCaseKeyword.groovy:59)
	at com.kms.katalon.core.keyword.builtin.CallTestCaseKeyword$_callTestCase_closure1.call(CallTestCaseKeyword.groovy)
	at com.kms.katalon.core.keyword.internal.KeywordMain.runKeyword(KeywordMain.groovy:68)
	at com.kms.katalon.core.keyword.builtin.CallTestCaseKeyword.callTestCase(CallTestCaseKeyword.groovy:81)
	at com.kms.katalon.core.keyword.builtin.CallTestCaseKeyword.execute(CallTestCaseKeyword.groovy:44)
	at com.kms.katalon.core.keyword.internal.KeywordExecutor.executeKeywordForPlatform(KeywordExecutor.groovy:60)
	at com.kms.katalon.core.keyword.BuiltinKeywords.callTestCase(BuiltinKeywords.groovy:334)
	at TC_Data Entry.run(TC_Data Entry:42)
	at com.kms.katalon.core.main.ScriptEngine.run(ScriptEngine.java:194)
	at com.kms.katalon.core.main.ScriptEngine.runScriptAsRawText(ScriptEngine.java:119)
	at com.kms.katalon.core.main.TestCaseExecutor.runScript(TestCaseExecutor.java:337)
	at com.kms.katalon.core.main.TestCaseExecutor.doExecute(TestCaseExecutor.java:328)
	at com.kms.katalon.core.main.TestCaseExecutor.processExecutionPhase(TestCaseExecutor.java:307)
	at com.kms.katalon.core.main.TestCaseExecutor.accessMainPhase(TestCaseExecutor.java:299)
	at com.kms.katalon.core.main.TestCaseExecutor.execute(TestCaseExecutor.java:233)
	at com.kms.katalon.core.main.TestSuiteExecutor.accessTestCaseMainPhase(TestSuiteExecutor.java:169)
	at com.kms.katalon.core.main.TestSuiteExecutor.accessTestSuiteMainPhase(TestSuiteExecutor.java:142)
	at com.kms.katalon.core.main.TestSuiteExecutor.execute(TestSuiteExecutor.java:91)
	at com.kms.katalon.core.main.TestCaseMain.startTestSuite(TestCaseMain.java:157)
	at com.kms.katalon.core.main.TestCaseMain$startTestSuite$0.call(Unknown Source)
	at TempTestSuite1574807893706.run(TempTestSuite1574807893706.groovy:36)
Caused by: com.kms.katalon.core.exception.StepFailedException: Object Object Repository/Borrower/Borrower - Identitas/Borrower_BtnCheckBox not found
	at com.kms.katalon.core.keyword.internal.KeywordMain.stepFailed(KeywordMain.groovy:50)
	at com.kms.katalon.core.mobile.keyword.internal.MobileKeywordMain.stepFailed(MobileKeywordMain.groovy:40)
	at com.kms.katalon.core.mobile.keyword.builtin.TapKeyword$_tap_closure1.doCall(TapKeyword.groovy:79)
	at com.kms.katalon.core.mobile.keyword.builtin.TapKeyword$_tap_closure1.call(TapKeyword.groovy)
	at com.kms.katalon.core.mobile.keyword.internal.MobileKeywordMain.runKeyword(MobileKeywordMain.groovy:21)
	at com.kms.katalon.core.mobile.keyword.builtin.TapKeyword.tap(TapKeyword.groovy:86)
	at com.kms.katalon.core.mobile.keyword.builtin.TapKeyword.execute(TapKeyword.groovy:68)
	at com.kms.katalon.core.keyword.internal.KeywordExecutor.executeKeywordForPlatform(KeywordExecutor.groovy:60)
	at com.kms.katalon.core.mobile.keyword.MobileBuiltInKeywords.tap(MobileBuiltInKeywords.groovy:520)
	at com.kms.katalon.core.mobile.keyword.MobileBuiltInKeywords$tap$1.call(Unknown Source)
	at TC_Borrower - Identitas - MASTER FLOW.run(TC_Borrower - Identitas - MASTER FLOW:52)
	at com.kms.katalon.core.main.ScriptEngine.run(ScriptEngine.java:194)
	at com.kms.katalon.core.main.ScriptEngine.runScriptAsRawText(ScriptEngine.java:119)
	at com.kms.katalon.core.main.TestCaseExecutor.runScript(TestCaseExecutor.java:337)
	at com.kms.katalon.core.main.TestCaseExecutor.doExecute(TestCaseExecutor.java:328)
	at com.kms.katalon.core.main.TestCaseExecutor.processExecutionPhase(TestCaseExecutor.java:307)
	at com.kms.katalon.core.main.TestCaseExecutor.accessMainPhase(TestCaseExecutor.java:299)
	at com.kms.katalon.core.main.TestCaseExecutor.execute(TestCaseExecutor.java:233)
	at com.kms.katalon.core.main.TestCaseMain.runTestCase(TestCaseMain.java:114)
	at com.kms.katalon.core.keyword.builtin.CallTestCaseKeyword$_callTestCase_closure1.doCall(CallTestCaseKeyword.groovy:59)
	... 36 more
)

2019-11-27 05:54:46 - [TEST_CASE][FAILED] - Test Cases/Data Entry/Borrower/Borrower - Identitas/MASTER FLOW/TC_Borrower - Identitas - MASTER FLOW: Test Cases/Data Entry/Borrower/Borrower - Identitas/MASTER FLOW/TC_Borrower - Identitas - MASTER FLOW FAILED.
Reason:
com.kms.katalon.core.exception.StepFailedException: Object Object Repository/Borrower/Borrower - Identitas/Borrower_BtnCheckBox not found
	at com.kms.katalon.core.keyword.internal.KeywordMain.stepFailed(KeywordMain.groovy:50)
	at com.kms.katalon.core.mobile.keyword.internal.MobileKeywordMain.stepFailed(MobileKeywordMain.groovy:40)
	at com.kms.katalon.core.mobile.keyword.builtin.TapKeyword$_tap_closure1.doCall(TapKeyword.groovy:79)
	at com.kms.katalon.core.mobile.keyword.builtin.TapKeyword$_tap_closure1.call(TapKeyword.groovy)
	at com.kms.katalon.core.mobile.keyword.internal.MobileKeywordMain.runKeyword(MobileKeywordMain.groovy:21)
	at com.kms.katalon.core.mobile.keyword.builtin.TapKeyword.tap(TapKeyword.groovy:86)
	at com.kms.katalon.core.mobile.keyword.builtin.TapKeyword.execute(TapKeyword.groovy:68)
	at com.kms.katalon.core.keyword.internal.KeywordExecutor.executeKeywordForPlatform(KeywordExecutor.groovy:60)
	at com.kms.katalon.core.mobile.keyword.MobileBuiltInKeywords.tap(MobileBuiltInKeywords.groovy:520)
	at com.kms.katalon.core.mobile.keyword.MobileBuiltInKeywords$tap$1.call(Unknown Source)
	at TC_Borrower - Identitas - MASTER FLOW.run(TC_Borrower - Identitas - MASTER FLOW:52)
	at com.kms.katalon.core.main.ScriptEngine.run(ScriptEngine.java:194)
	at com.kms.katalon.core.main.ScriptEngine.runScriptAsRawText(ScriptEngine.java:119)
	at com.kms.katalon.core.main.TestCaseExecutor.runScript(TestCaseExecutor.java:337)
	at com.kms.katalon.core.main.TestCaseExecutor.doExecute(TestCaseExecutor.java:328)
	at com.kms.katalon.core.main.TestCaseExecutor.processExecutionPhase(TestCaseExecutor.java:307)
	at com.kms.katalon.core.main.TestCaseExecutor.accessMainPhase(TestCaseExecutor.java:299)
	at com.kms.katalon.core.main.TestCaseExecutor.execute(TestCaseExecutor.java:233)
	at com.kms.katalon.core.main.TestCaseMain.runTestCase(TestCaseMain.java:114)
	at com.kms.katalon.core.keyword.builtin.CallTestCaseKeyword$_callTestCase_closure1.doCall(CallTestCaseKeyword.groovy:59)
	at com.kms.katalon.core.keyword.builtin.CallTestCaseKeyword$_callTestCase_closure1.call(CallTestCaseKeyword.groovy)
	at com.kms.katalon.core.keyword.internal.KeywordMain.runKeyword(KeywordMain.groovy:68)
	at com.kms.katalon.core.keyword.builtin.CallTestCaseKeyword.callTestCase(CallTestCaseKeyword.groovy:81)
	at com.kms.katalon.core.keyword.builtin.CallTestCaseKeyword.execute(CallTestCaseKeyword.groovy:44)
	at com.kms.katalon.core.keyword.internal.KeywordExecutor.executeKeywordForPlatform(KeywordExecutor.groovy:60)
	at com.kms.katalon.core.keyword.BuiltinKeywords.callTestCase(BuiltinKeywords.groovy:334)
	at Flow Borrower.run(Flow Borrower:16)
	at com.kms.katalon.core.main.ScriptEngine.run(ScriptEngine.java:194)
	at com.kms.katalon.core.main.ScriptEngine.runScriptAsRawText(ScriptEngine.java:119)
	at com.kms.katalon.core.main.TestCaseExecutor.runScript(TestCaseExecutor.java:337)
	at com.kms.katalon.core.main.TestCaseExecutor.doExecute(TestCaseExecutor.java:328)
	at com.kms.katalon.core.main.TestCaseExecutor.processExecutionPhase(TestCaseExecutor.java:307)
	at com.kms.katalon.core.main.TestCaseExecutor.accessMainPhase(TestCaseExecutor.java:299)
	at com.kms.katalon.core.main.TestCaseExecutor.execute(TestCaseExecutor.java:233)
	at com.kms.katalon.core.main.TestCaseMain.runTestCase(TestCaseMain.java:114)
	at com.kms.katalon.core.keyword.builtin.CallTestCaseKeyword$_callTestCase_closure1.doCall(CallTestCaseKeyword.groovy:59)
	at com.kms.katalon.core.keyword.builtin.CallTestCaseKeyword$_callTestCase_closure1.call(CallTestCaseKeyword.groovy)
	at com.kms.katalon.core.keyword.internal.KeywordMain.runKeyword(KeywordMain.groovy:68)
	at com.kms.katalon.core.keyword.builtin.CallTestCaseKeyword.callTestCase(CallTestCaseKeyword.groovy:81)
	at com.kms.katalon.core.keyword.builtin.CallTestCaseKeyword.execute(CallTestCaseKeyword.groovy:44)
	at com.kms.katalon.core.keyword.internal.KeywordExecutor.executeKeywordForPlatform(KeywordExecutor.groovy:60)
	at com.kms.katalon.core.keyword.BuiltinKeywords.callTestCase(BuiltinKeywords.groovy:334)
	at TC_Data Entry.run(TC_Data Entry:42)
	at com.kms.katalon.core.main.ScriptEngine.run(ScriptEngine.java:194)
	at com.kms.katalon.core.main.ScriptEngine.runScriptAsRawText(ScriptEngine.java:119)
	at com.kms.katalon.core.main.TestCaseExecutor.runScript(TestCaseExecutor.java:337)
	at com.kms.katalon.core.main.TestCaseExecutor.doExecute(TestCaseExecutor.java:328)
	at com.kms.katalon.core.main.TestCaseExecutor.processExecutionPhase(TestCaseExecutor.java:307)
	at com.kms.katalon.core.main.TestCaseExecutor.accessMainPhase(TestCaseExecutor.java:299)
	at com.kms.katalon.core.main.TestCaseExecutor.execute(TestCaseExecutor.java:233)
	at com.kms.katalon.core.main.TestSuiteExecutor.accessTestCaseMainPhase(TestSuiteExecutor.java:169)
	at com.kms.katalon.core.main.TestSuiteExecutor.accessTestSuiteMainPhase(TestSuiteExecutor.java:142)
	at com.kms.katalon.core.main.TestSuiteExecutor.execute(TestSuiteExecutor.java:91)
	at com.kms.katalon.core.main.TestCaseMain.startTestSuite(TestCaseMain.java:157)
	at com.kms.katalon.core.main.TestCaseMain$startTestSuite$0.call(Unknown Source)
	at TempTestSuite1574807893706.run(TempTestSuite1574807893706.groovy:36)


2019-11-27 05:54:46 - [TEST_STEP][PASSED] - setText(findTestObject("Borrower/Borrower - Identitas/Borrower_InpNoKTP"), BIvarNoKTP, 0): Text '3175012907890004' has been set to element 'Object Repository/Borrower/Borrower - Identitas/Borrower_InpNoKTP'

2019-11-27 05:54:46 - [MESSAGE][WARNING] - Timeout '0' is invalid. Using default page load timeout: '30'

2019-11-27 05:55:03 - [MESSAGE][PASSED] - Text '3175012907890004' has been set to element 'Object Repository/Borrower/Borrower - Identitas/Borrower_InpNoKTP'

2019-11-27 05:55:03 - [TEST_STEP][PASSED] - tap(findTestObject("Borrower/Borrower - Identitas/Borrower_BtnMasaBerlaku-SeumurHidup"), 0): Tapped on element 'Object Repository/Borrower/Borrower - Identitas/Borrower_BtnMasaBerlaku-SeumurHidup'

2019-11-27 05:55:03 - [MESSAGE][WARNING] - Timeout '0' is invalid. Using default page load timeout: '30'

2019-11-27 05:55:07 - [MESSAGE][PASSED] - Tapped on element 'Object Repository/Borrower/Borrower - Identitas/Borrower_BtnMasaBerlaku-SeumurHidup'

2019-11-27 05:55:07 - [TEST_STEP][PASSED] - setText(findTestObject("Borrower/Borrower - Identitas/Borrower_InpNamaSesuaiIdentitas"), BIvarNama, 0): Text 'BENI WIJAYA' has been set to element 'Object Repository/Borrower/Borrower - Identitas/Borrower_InpNamaSesuaiIdentitas'

2019-11-27 05:55:07 - [MESSAGE][WARNING] - Timeout '0' is invalid. Using default page load timeout: '30'

2019-11-27 05:55:10 - [MESSAGE][PASSED] - Text 'BENI WIJAYA' has been set to element 'Object Repository/Borrower/Borrower - Identitas/Borrower_InpNamaSesuaiIdentitas'

2019-11-27 05:55:10 - [TEST_STEP][PASSED] - if (BIvarJenkel == "LK"): Tapped on element 'Object Repository/Borrower/Borrower - Identitas/Borrower_BtnJenisKelamin-LakiLaki'

2019-11-27 05:55:10 - [TEST_STEP][PASSED] - tap(findTestObject("Borrower/Borrower - Identitas/Borrower_BtnJenisKelamin-LakiLaki"), 0): Tapped on element 'Object Repository/Borrower/Borrower - Identitas/Borrower_BtnJenisKelamin-LakiLaki'

2019-11-27 05:55:10 - [MESSAGE][WARNING] - Timeout '0' is invalid. Using default page load timeout: '30'

2019-11-27 05:55:13 - [MESSAGE][PASSED] - Tapped on element 'Object Repository/Borrower/Borrower - Identitas/Borrower_BtnJenisKelamin-LakiLaki'

2019-11-27 05:55:13 - [TEST_STEP][PASSED] - setText(findTestObject("Borrower/Borrower - Identitas/Borrower_InpTempatLahir"), BIvarTempatLahir, 0): Text 'BANDUNG' has been set to element 'Object Repository/Borrower/Borrower - Identitas/Borrower_InpTempatLahir'

2019-11-27 05:55:13 - [MESSAGE][WARNING] - Timeout '0' is invalid. Using default page load timeout: '30'

2019-11-27 05:55:17 - [MESSAGE][PASSED] - Text 'BANDUNG' has been set to element 'Object Repository/Borrower/Borrower - Identitas/Borrower_InpTempatLahir'

2019-11-27 05:55:17 - [TEST_STEP][PASSED] - tap(findTestObject("Borrower/Borrower - Identitas/Borrower_InpTempatLahir"), 0, STOP_ON_FAILURE): Tapped on element 'Object Repository/Borrower/Borrower - Identitas/Borrower_InpTempatLahir'

2019-11-27 05:55:17 - [MESSAGE][WARNING] - Timeout '0' is invalid. Using default page load timeout: '30'

2019-11-27 05:55:21 - [MESSAGE][PASSED] - Tapped on element 'Object Repository/Borrower/Borrower - Identitas/Borrower_InpTempatLahir'

2019-11-27 05:55:21 - [TEST_STEP][PASSED] - mobile.picklist.List(findTestObject("Borrower/Borrower - Identitas/Borrower_TxtTempatLahir"), STOP_ON_FAILURE): mobile.picklist.List is PASSED

2019-11-27 05:55:21 - [MESSAGE][WARNING] - Timeout '0' is invalid. Using default page load timeout: '30'

2019-11-27 05:55:22 - [MESSAGE][PASSED] - Object 'Object Repository/Borrower/Borrower - Identitas/Borrower_TxtTempatLahir' has top position '1,805'

2019-11-27 05:55:22 - [MESSAGE][WARNING] - Timeout '0' is invalid. Using default page load timeout: '30'

2019-11-27 05:55:23 - [MESSAGE][PASSED] - Object 'Object Repository/Borrower/Borrower - Identitas/Borrower_TxtTempatLahir' has left position '76'

2019-11-27 05:55:24 - [MESSAGE][PASSED] - Tapped at [76, 1,920]

2019-11-27 05:55:24 - [MESSAGE][PASSED] - mobile.picklist.List is PASSED

2019-11-27 05:55:24 - [TEST_STEP][PASSED] - mobile.mobileSwipe.UpDown(0.8, 0.2, 1000): mobile.mobileSwipe.UpDown is PASSED

2019-11-27 05:55:24 - [MESSAGE][PASSED] - Current device physical height is 2131

2019-11-27 05:55:24 - [MESSAGE][INFO] - Device Height : 2131

2019-11-27 05:55:25 - [MESSAGE][PASSED] - Current device physical width is 1080

2019-11-27 05:55:25 - [MESSAGE][INFO] - Device Width : 1080

2019-11-27 05:55:25 - [MESSAGE][INFO] - Swipe start at Height : 1704

2019-11-27 05:55:25 - [MESSAGE][INFO] - Swipe end at Height : 426

2019-11-27 05:55:25 - [MESSAGE][INFO] - X Position : 1000

2019-11-27 05:55:27 - [MESSAGE][PASSED] - Swiped from 1,000,1,704 to 1,000,426

2019-11-27 05:55:27 - [MESSAGE][PASSED] - mobile.mobileSwipe.UpDown is PASSED

2019-11-27 05:55:27 - [TEST_STEP][PASSED] - delay(2, STOP_ON_FAILURE): Delayed 2 second(s)

2019-11-27 05:55:29 - [MESSAGE][PASSED] - Delayed 2 second(s)

2019-11-27 05:55:29 - [TEST_STEP][PASSED] - tap(findTestObject("Borrower/Borrower - Identitas/Borrower_TxtTanggalLahir"), 0): Tapped on element 'Object Repository/Borrower/Borrower - Identitas/Borrower_TxtTanggalLahir'

2019-11-27 05:55:29 - [MESSAGE][WARNING] - Timeout '0' is invalid. Using default page load timeout: '30'

2019-11-27 05:55:32 - [MESSAGE][PASSED] - Tapped on element 'Object Repository/Borrower/Borrower - Identitas/Borrower_TxtTanggalLahir'

2019-11-27 05:55:32 - [TEST_STEP][PASSED] - delay(2, STOP_ON_FAILURE): Delayed 2 second(s)

2019-11-27 05:55:34 - [MESSAGE][PASSED] - Delayed 2 second(s)

2019-11-27 05:55:34 - [TEST_STEP][PASSED] - callTestCase(findTestCase("dynamic test case/calendar"), ["varTahun":BIvarTahun], STOP_ON_FAILURE): Call Test Case 'Test Cases/dynamic test case/calendar' successfully

2019-11-27 05:55:34 - [TEST_CASE][PASSED] - Test Cases/dynamic test case/calendar: Test Cases/dynamic test case/calendar

2019-11-27 05:55:34 - [TEST_STEP][PASSED] - tap(findTestObject("dynamic object/Calendar_TxtTahun"), 0): Tapped on element 'Object Repository/dynamic object/Calendar_TxtTahun'

2019-11-27 05:55:34 - [MESSAGE][WARNING] - Timeout '0' is invalid. Using default page load timeout: '30'

2019-11-27 05:55:36 - [MESSAGE][PASSED] - Tapped on element 'Object Repository/dynamic object/Calendar_TxtTahun'

2019-11-27 05:55:36 - [TEST_STEP][PASSED] - driver = getDriver(): null

2019-11-27 05:55:36 - [TEST_STEP][PASSED] - xpath = "": null

2019-11-27 05:55:36 - [TEST_STEP][PASSED] - xpath = XPathBuilder.createXPath("TextView"): null

2019-11-27 05:55:36 - [TEST_STEP][PASSED] - listElements = driver.findElementsByXPath(xpath): null

2019-11-27 05:55:37 - [TEST_STEP][PASSED] - if (size() - 1].getText() < varTahun): null

2019-11-27 05:55:37 - [TEST_STEP][PASSED] - else: null

2019-11-27 05:55:37 - [TEST_STEP][PASSED] - varScrollUpDown = "UpToDown": null

2019-11-27 05:55:37 - [TEST_STEP][PASSED] - switch (varScrollUpDown.toString()): null

2019-11-27 05:55:37 - [TEST_STEP][PASSED] - case "UpToDown":: null

2019-11-27 05:55:37 - [TEST_STEP][PASSED] - mobile.swiping.scrollListToElementWithTextUpToDown(varTahun): mobile.swiping.scrollListToElementWithTextUpToDown is PASSED

2019-11-27 05:56:02 - [MESSAGE][PASSED] - mobile.swiping.scrollListToElementWithTextUpToDown is PASSED

2019-11-27 05:56:02 - [TEST_STEP][PASSED] - break: null

2019-11-27 05:56:02 - [TEST_STEP][PASSED] - tap(findTestObject("dynamic object/pickListItem_TextView", ["text":varTahun]), 0): Tapped on element 'Object Repository/dynamic object/pickListItem_TextView'

2019-11-27 05:56:02 - [MESSAGE][WARNING] - Timeout '0' is invalid. Using default page load timeout: '30'

2019-11-27 05:56:03 - [MESSAGE][PASSED] - Tapped on element 'Object Repository/dynamic object/pickListItem_TextView'

2019-11-27 05:56:03 - [TEST_STEP][PASSED] - tap(findTestObject("Borrower/Borrower - Identitas/Click_Tanggal"), 0): Tapped on element 'Object Repository/Borrower/Borrower - Identitas/Click_Tanggal'

2019-11-27 05:56:03 - [MESSAGE][WARNING] - Timeout '0' is invalid. Using default page load timeout: '30'

2019-11-27 05:56:05 - [MESSAGE][PASSED] - Tapped on element 'Object Repository/Borrower/Borrower - Identitas/Click_Tanggal'

2019-11-27 05:56:05 - [TEST_STEP][PASSED] - tap(findTestObject("dynamic object/Calendar_TxtSetel"), 0): Tapped on element 'Object Repository/dynamic object/Calendar_TxtSetel'

2019-11-27 05:56:05 - [MESSAGE][WARNING] - Timeout '0' is invalid. Using default page load timeout: '30'

2019-11-27 05:56:07 - [MESSAGE][PASSED] - Tapped on element 'Object Repository/dynamic object/Calendar_TxtSetel'

2019-11-27 05:56:07 - [MESSAGE][PASSED] - Call Test Case 'Test Cases/dynamic test case/calendar' successfully

2019-11-27 05:56:07 - [TEST_STEP][NOT_RUN] - delay(10, STOP_ON_FAILURE): NOT_RUN: delay(10, STOP_ON_FAILURE)

2019-11-27 05:56:07 - [MESSAGE][NOT_RUN] - NOT_RUN: delay(10, STOP_ON_FAILURE)

2019-11-27 05:56:07 - [TEST_STEP][PASSED] - tap(findTestObject("Borrower/Borrower - Identitas/Borrower_BtnCekDataPelanggan"), 0): Tapped on element 'Object Repository/Borrower/Borrower - Identitas/Borrower_BtnCekDataPelanggan'

2019-11-27 05:56:07 - [MESSAGE][WARNING] - Timeout '0' is invalid. Using default page load timeout: '30'

2019-11-27 05:56:10 - [MESSAGE][PASSED] - Tapped on element 'Object Repository/Borrower/Borrower - Identitas/Borrower_BtnCekDataPelanggan'

2019-11-27 05:56:10 - [TEST_STEP][PASSED] - waitForElementPresent(findTestObject("Borrower/Borrower - Identitas/Borrower_BtnConfirm"), 120): Object Object Repository/Borrower/Borrower - Identitas/Borrower_BtnConfirm not found

2019-11-27 05:58:11 - [MESSAGE][WARNING] - Object Object Repository/Borrower/Borrower - Identitas/Borrower_BtnConfirm not found

2019-11-27 05:58:11 - [TEST_STEP][FAILED] - tap(findTestObject("Borrower/Borrower - Identitas/Borrower_BtnCheckBox"), 60): Failed to tap on element 'Object Repository/Borrower/Borrower - Identitas/Borrower_BtnCheckBox' (Root cause: com.kms.katalon.core.exception.StepFailedException: Object Object Repository/Borrower/Borrower - Identitas/Borrower_BtnCheckBox not found
	at com.kms.katalon.core.keyword.internal.KeywordMain.stepFailed(KeywordMain.groovy:50)
	at com.kms.katalon.core.mobile.keyword.internal.MobileKeywordMain.stepFailed(MobileKeywordMain.groovy:40)
	at com.kms.katalon.core.mobile.keyword.builtin.TapKeyword$_tap_closure1.doCall(TapKeyword.groovy:79)
	at com.kms.katalon.core.mobile.keyword.builtin.TapKeyword$_tap_closure1.call(TapKeyword.groovy)
	at com.kms.katalon.core.mobile.keyword.internal.MobileKeywordMain.runKeyword(MobileKeywordMain.groovy:21)
	at com.kms.katalon.core.mobile.keyword.builtin.TapKeyword.tap(TapKeyword.groovy:86)
	at com.kms.katalon.core.mobile.keyword.builtin.TapKeyword.execute(TapKeyword.groovy:68)
	at com.kms.katalon.core.keyword.internal.KeywordExecutor.executeKeywordForPlatform(KeywordExecutor.groovy:60)
	at com.kms.katalon.core.mobile.keyword.MobileBuiltInKeywords.tap(MobileBuiltInKeywords.groovy:520)
	at com.kms.katalon.core.mobile.keyword.MobileBuiltInKeywords$tap$1.call(Unknown Source)
	at TC_Borrower - Identitas - MASTER FLOW.run(TC_Borrower - Identitas - MASTER FLOW:52)
	at com.kms.katalon.core.main.ScriptEngine.run(ScriptEngine.java:194)
	at com.kms.katalon.core.main.ScriptEngine.runScriptAsRawText(ScriptEngine.java:119)
	at com.kms.katalon.core.main.TestCaseExecutor.runScript(TestCaseExecutor.java:337)
	at com.kms.katalon.core.main.TestCaseExecutor.doExecute(TestCaseExecutor.java:328)
	at com.kms.katalon.core.main.TestCaseExecutor.processExecutionPhase(TestCaseExecutor.java:307)
	at com.kms.katalon.core.main.TestCaseExecutor.accessMainPhase(TestCaseExecutor.java:299)
	at com.kms.katalon.core.main.TestCaseExecutor.execute(TestCaseExecutor.java:233)
	at com.kms.katalon.core.main.TestCaseMain.runTestCase(TestCaseMain.java:114)
	at com.kms.katalon.core.keyword.builtin.CallTestCaseKeyword$_callTestCase_closure1.doCall(CallTestCaseKeyword.groovy:59)
	at com.kms.katalon.core.keyword.builtin.CallTestCaseKeyword$_callTestCase_closure1.call(CallTestCaseKeyword.groovy)
	at com.kms.katalon.core.keyword.internal.KeywordMain.runKeyword(KeywordMain.groovy:68)
	at com.kms.katalon.core.keyword.builtin.CallTestCaseKeyword.callTestCase(CallTestCaseKeyword.groovy:81)
	at com.kms.katalon.core.keyword.builtin.CallTestCaseKeyword.execute(CallTestCaseKeyword.groovy:44)
	at com.kms.katalon.core.keyword.internal.KeywordExecutor.executeKeywordForPlatform(KeywordExecutor.groovy:60)
	at com.kms.katalon.core.keyword.BuiltinKeywords.callTestCase(BuiltinKeywords.groovy:334)
	at Flow Borrower.run(Flow Borrower:16)
	at com.kms.katalon.core.main.ScriptEngine.run(ScriptEngine.java:194)
	at com.kms.katalon.core.main.ScriptEngine.runScriptAsRawText(ScriptEngine.java:119)
	at com.kms.katalon.core.main.TestCaseExecutor.runScript(TestCaseExecutor.java:337)
	at com.kms.katalon.core.main.TestCaseExecutor.doExecute(TestCaseExecutor.java:328)
	at com.kms.katalon.core.main.TestCaseExecutor.processExecutionPhase(TestCaseExecutor.java:307)
	at com.kms.katalon.core.main.TestCaseExecutor.accessMainPhase(TestCaseExecutor.java:299)
	at com.kms.katalon.core.main.TestCaseExecutor.execute(TestCaseExecutor.java:233)
	at com.kms.katalon.core.main.TestCaseMain.runTestCase(TestCaseMain.java:114)
	at com.kms.katalon.core.keyword.builtin.CallTestCaseKeyword$_callTestCase_closure1.doCall(CallTestCaseKeyword.groovy:59)
	at com.kms.katalon.core.keyword.builtin.CallTestCaseKeyword$_callTestCase_closure1.call(CallTestCaseKeyword.groovy)
	at com.kms.katalon.core.keyword.internal.KeywordMain.runKeyword(KeywordMain.groovy:68)
	at com.kms.katalon.core.keyword.builtin.CallTestCaseKeyword.callTestCase(CallTestCaseKeyword.groovy:81)
	at com.kms.katalon.core.keyword.builtin.CallTestCaseKeyword.execute(CallTestCaseKeyword.groovy:44)
	at com.kms.katalon.core.keyword.internal.KeywordExecutor.executeKeywordForPlatform(KeywordExecutor.groovy:60)
	at com.kms.katalon.core.keyword.BuiltinKeywords.callTestCase(BuiltinKeywords.groovy:334)
	at TC_Data Entry.run(TC_Data Entry:42)
	at com.kms.katalon.core.main.ScriptEngine.run(ScriptEngine.java:194)
	at com.kms.katalon.core.main.ScriptEngine.runScriptAsRawText(ScriptEngine.java:119)
	at com.kms.katalon.core.main.TestCaseExecutor.runScript(TestCaseExecutor.java:337)
	at com.kms.katalon.core.main.TestCaseExecutor.doExecute(TestCaseExecutor.java:328)
	at com.kms.katalon.core.main.TestCaseExecutor.processExecutionPhase(TestCaseExecutor.java:307)
	at com.kms.katalon.core.main.TestCaseExecutor.accessMainPhase(TestCaseExecutor.java:299)
	at com.kms.katalon.core.main.TestCaseExecutor.execute(TestCaseExecutor.java:233)
	at com.kms.katalon.core.main.TestSuiteExecutor.accessTestCaseMainPhase(TestSuiteExecutor.java:169)
	at com.kms.katalon.core.main.TestSuiteExecutor.accessTestSuiteMainPhase(TestSuiteExecutor.java:142)
	at com.kms.katalon.core.main.TestSuiteExecutor.execute(TestSuiteExecutor.java:91)
	at com.kms.katalon.core.main.TestCaseMain.startTestSuite(TestCaseMain.java:157)
	at com.kms.katalon.core.main.TestCaseMain$startTestSuite$0.call(Unknown Source)
	at TempTestSuite1574807893706.run(TempTestSuite1574807893706.groovy:36)
)

2019-11-27 05:59:13 - [MESSAGE][FAILED] - Object Object Repository/Borrower/Borrower - Identitas/Borrower_BtnCheckBox not found
[[ATTACHMENT|C:\\Users\\15420\\git\\ACCME-Dupcheck\\Reports\\20191127_053813\\data entry dupcek\\20191127_053813\\1574809152135.png]]

2019-11-27 05:59:15 - [MESSAGE][FAILED] - Failed to tap on element 'Object Repository/Borrower/Borrower - Identitas/Borrower_BtnCheckBox' (Root cause: com.kms.katalon.core.exception.StepFailedException: Object Object Repository/Borrower/Borrower - Identitas/Borrower_BtnCheckBox not found
	at com.kms.katalon.core.keyword.internal.KeywordMain.stepFailed(KeywordMain.groovy:50)
	at com.kms.katalon.core.mobile.keyword.internal.MobileKeywordMain.stepFailed(MobileKeywordMain.groovy:40)
	at com.kms.katalon.core.mobile.keyword.builtin.TapKeyword$_tap_closure1.doCall(TapKeyword.groovy:79)
	at com.kms.katalon.core.mobile.keyword.builtin.TapKeyword$_tap_closure1.call(TapKeyword.groovy)
	at com.kms.katalon.core.mobile.keyword.internal.MobileKeywordMain.runKeyword(MobileKeywordMain.groovy:21)
	at com.kms.katalon.core.mobile.keyword.builtin.TapKeyword.tap(TapKeyword.groovy:86)
	at com.kms.katalon.core.mobile.keyword.builtin.TapKeyword.execute(TapKeyword.groovy:68)
	at com.kms.katalon.core.keyword.internal.KeywordExecutor.executeKeywordForPlatform(KeywordExecutor.groovy:60)
	at com.kms.katalon.core.mobile.keyword.MobileBuiltInKeywords.tap(MobileBuiltInKeywords.groovy:520)
	at com.kms.katalon.core.mobile.keyword.MobileBuiltInKeywords$tap$1.call(Unknown Source)
	at TC_Borrower - Identitas - MASTER FLOW.run(TC_Borrower - Identitas - MASTER FLOW:52)
	at com.kms.katalon.core.main.ScriptEngine.run(ScriptEngine.java:194)
	at com.kms.katalon.core.main.ScriptEngine.runScriptAsRawText(ScriptEngine.java:119)
	at com.kms.katalon.core.main.TestCaseExecutor.runScript(TestCaseExecutor.java:337)
	at com.kms.katalon.core.main.TestCaseExecutor.doExecute(TestCaseExecutor.java:328)
	at com.kms.katalon.core.main.TestCaseExecutor.processExecutionPhase(TestCaseExecutor.java:307)
	at com.kms.katalon.core.main.TestCaseExecutor.accessMainPhase(TestCaseExecutor.java:299)
	at com.kms.katalon.core.main.TestCaseExecutor.execute(TestCaseExecutor.java:233)
	at com.kms.katalon.core.main.TestCaseMain.runTestCase(TestCaseMain.java:114)
	at com.kms.katalon.core.keyword.builtin.CallTestCaseKeyword$_callTestCase_closure1.doCall(CallTestCaseKeyword.groovy:59)
	at com.kms.katalon.core.keyword.builtin.CallTestCaseKeyword$_callTestCase_closure1.call(CallTestCaseKeyword.groovy)
	at com.kms.katalon.core.keyword.internal.KeywordMain.runKeyword(KeywordMain.groovy:68)
	at com.kms.katalon.core.keyword.builtin.CallTestCaseKeyword.callTestCase(CallTestCaseKeyword.groovy:81)
	at com.kms.katalon.core.keyword.builtin.CallTestCaseKeyword.execute(CallTestCaseKeyword.groovy:44)
	at com.kms.katalon.core.keyword.internal.KeywordExecutor.executeKeywordForPlatform(KeywordExecutor.groovy:60)
	at com.kms.katalon.core.keyword.BuiltinKeywords.callTestCase(BuiltinKeywords.groovy:334)
	at Flow Borrower.run(Flow Borrower:16)
	at com.kms.katalon.core.main.ScriptEngine.run(ScriptEngine.java:194)
	at com.kms.katalon.core.main.ScriptEngine.runScriptAsRawText(ScriptEngine.java:119)
	at com.kms.katalon.core.main.TestCaseExecutor.runScript(TestCaseExecutor.java:337)
	at com.kms.katalon.core.main.TestCaseExecutor.doExecute(TestCaseExecutor.java:328)
	at com.kms.katalon.core.main.TestCaseExecutor.processExecutionPhase(TestCaseExecutor.java:307)
	at com.kms.katalon.core.main.TestCaseExecutor.accessMainPhase(TestCaseExecutor.java:299)
	at com.kms.katalon.core.main.TestCaseExecutor.execute(TestCaseExecutor.java:233)
	at com.kms.katalon.core.main.TestCaseMain.runTestCase(TestCaseMain.java:114)
	at com.kms.katalon.core.keyword.builtin.CallTestCaseKeyword$_callTestCase_closure1.doCall(CallTestCaseKeyword.groovy:59)
	at com.kms.katalon.core.keyword.builtin.CallTestCaseKeyword$_callTestCase_closure1.call(CallTestCaseKeyword.groovy)
	at com.kms.katalon.core.keyword.internal.KeywordMain.runKeyword(KeywordMain.groovy:68)
	at com.kms.katalon.core.keyword.builtin.CallTestCaseKeyword.callTestCase(CallTestCaseKeyword.groovy:81)
	at com.kms.katalon.core.keyword.builtin.CallTestCaseKeyword.execute(CallTestCaseKeyword.groovy:44)
	at com.kms.katalon.core.keyword.internal.KeywordExecutor.executeKeywordForPlatform(KeywordExecutor.groovy:60)
	at com.kms.katalon.core.keyword.BuiltinKeywords.callTestCase(BuiltinKeywords.groovy:334)
	at TC_Data Entry.run(TC_Data Entry:42)
	at com.kms.katalon.core.main.ScriptEngine.run(ScriptEngine.java:194)
	at com.kms.katalon.core.main.ScriptEngine.runScriptAsRawText(ScriptEngine.java:119)
	at com.kms.katalon.core.main.TestCaseExecutor.runScript(TestCaseExecutor.java:337)
	at com.kms.katalon.core.main.TestCaseExecutor.doExecute(TestCaseExecutor.java:328)
	at com.kms.katalon.core.main.TestCaseExecutor.processExecutionPhase(TestCaseExecutor.java:307)
	at com.kms.katalon.core.main.TestCaseExecutor.accessMainPhase(TestCaseExecutor.java:299)
	at com.kms.katalon.core.main.TestCaseExecutor.execute(TestCaseExecutor.java:233)
	at com.kms.katalon.core.main.TestSuiteExecutor.accessTestCaseMainPhase(TestSuiteExecutor.java:169)
	at com.kms.katalon.core.main.TestSuiteExecutor.accessTestSuiteMainPhase(TestSuiteExecutor.java:142)
	at com.kms.katalon.core.main.TestSuiteExecutor.execute(TestSuiteExecutor.java:91)
	at com.kms.katalon.core.main.TestCaseMain.startTestSuite(TestCaseMain.java:157)
	at com.kms.katalon.core.main.TestCaseMain$startTestSuite$0.call(Unknown Source)
	at TempTestSuite1574807893706.run(TempTestSuite1574807893706.groovy:36)
)
[[ATTACHMENT|C:\\Users\\15420\\git\\ACCME-Dupcheck\\Reports\\20191127_053813\\data entry dupcek\\20191127_053813\\1574809153867.png]]

2019-11-27 05:59:15 - [MESSAGE][FAILED] - Unable to call Test Case 'Test Cases/Data Entry/Borrower/Borrower - Identitas/MASTER FLOW/TC_Borrower - Identitas - MASTER FLOW' (Root cause: com.kms.katalon.core.exception.StepFailedException: Call Test Case 'Test Cases/Data Entry/Borrower/Borrower - Identitas/MASTER FLOW/TC_Borrower - Identitas - MASTER FLOW' failed
	at com.kms.katalon.core.keyword.builtin.CallTestCaseKeyword$_callTestCase_closure1.doCall(CallTestCaseKeyword.groovy:63)
	at com.kms.katalon.core.keyword.builtin.CallTestCaseKeyword$_callTestCase_closure1.call(CallTestCaseKeyword.groovy)
	at com.kms.katalon.core.keyword.internal.KeywordMain.runKeyword(KeywordMain.groovy:68)
	at com.kms.katalon.core.keyword.builtin.CallTestCaseKeyword.callTestCase(CallTestCaseKeyword.groovy:81)
	at com.kms.katalon.core.keyword.builtin.CallTestCaseKeyword.execute(CallTestCaseKeyword.groovy:44)
	at com.kms.katalon.core.keyword.internal.KeywordExecutor.executeKeywordForPlatform(KeywordExecutor.groovy:60)
	at com.kms.katalon.core.keyword.BuiltinKeywords.callTestCase(BuiltinKeywords.groovy:334)
	at Flow Borrower.run(Flow Borrower:16)
	at com.kms.katalon.core.main.ScriptEngine.run(ScriptEngine.java:194)
	at com.kms.katalon.core.main.ScriptEngine.runScriptAsRawText(ScriptEngine.java:119)
	at com.kms.katalon.core.main.TestCaseExecutor.runScript(TestCaseExecutor.java:337)
	at com.kms.katalon.core.main.TestCaseExecutor.doExecute(TestCaseExecutor.java:328)
	at com.kms.katalon.core.main.TestCaseExecutor.processExecutionPhase(TestCaseExecutor.java:307)
	at com.kms.katalon.core.main.TestCaseExecutor.accessMainPhase(TestCaseExecutor.java:299)
	at com.kms.katalon.core.main.TestCaseExecutor.execute(TestCaseExecutor.java:233)
	at com.kms.katalon.core.main.TestCaseMain.runTestCase(TestCaseMain.java:114)
	at com.kms.katalon.core.keyword.builtin.CallTestCaseKeyword$_callTestCase_closure1.doCall(CallTestCaseKeyword.groovy:59)
	at com.kms.katalon.core.keyword.builtin.CallTestCaseKeyword$_callTestCase_closure1.call(CallTestCaseKeyword.groovy)
	at com.kms.katalon.core.keyword.internal.KeywordMain.runKeyword(KeywordMain.groovy:68)
	at com.kms.katalon.core.keyword.builtin.CallTestCaseKeyword.callTestCase(CallTestCaseKeyword.groovy:81)
	at com.kms.katalon.core.keyword.builtin.CallTestCaseKeyword.execute(CallTestCaseKeyword.groovy:44)
	at com.kms.katalon.core.keyword.internal.KeywordExecutor.executeKeywordForPlatform(KeywordExecutor.groovy:60)
	at com.kms.katalon.core.keyword.BuiltinKeywords.callTestCase(BuiltinKeywords.groovy:334)
	at TC_Data Entry.run(TC_Data Entry:42)
	at com.kms.katalon.core.main.ScriptEngine.run(ScriptEngine.java:194)
	at com.kms.katalon.core.main.ScriptEngine.runScriptAsRawText(ScriptEngine.java:119)
	at com.kms.katalon.core.main.TestCaseExecutor.runScript(TestCaseExecutor.java:337)
	at com.kms.katalon.core.main.TestCaseExecutor.doExecute(TestCaseExecutor.java:328)
	at com.kms.katalon.core.main.TestCaseExecutor.processExecutionPhase(TestCaseExecutor.java:307)
	at com.kms.katalon.core.main.TestCaseExecutor.accessMainPhase(TestCaseExecutor.java:299)
	at com.kms.katalon.core.main.TestCaseExecutor.execute(TestCaseExecutor.java:233)
	at com.kms.katalon.core.main.TestSuiteExecutor.accessTestCaseMainPhase(TestSuiteExecutor.java:169)
	at com.kms.katalon.core.main.TestSuiteExecutor.accessTestSuiteMainPhase(TestSuiteExecutor.java:142)
	at com.kms.katalon.core.main.TestSuiteExecutor.execute(TestSuiteExecutor.java:91)
	at com.kms.katalon.core.main.TestCaseMain.startTestSuite(TestCaseMain.java:157)
	at com.kms.katalon.core.main.TestCaseMain$startTestSuite$0.call(Unknown Source)
	at TempTestSuite1574807893706.run(TempTestSuite1574807893706.groovy:36)
Caused by: com.kms.katalon.core.exception.StepFailedException: Object Object Repository/Borrower/Borrower - Identitas/Borrower_BtnCheckBox not found
	at com.kms.katalon.core.keyword.internal.KeywordMain.stepFailed(KeywordMain.groovy:50)
	at com.kms.katalon.core.mobile.keyword.internal.MobileKeywordMain.stepFailed(MobileKeywordMain.groovy:40)
	at com.kms.katalon.core.mobile.keyword.builtin.TapKeyword$_tap_closure1.doCall(TapKeyword.groovy:79)
	at com.kms.katalon.core.mobile.keyword.builtin.TapKeyword$_tap_closure1.call(TapKeyword.groovy)
	at com.kms.katalon.core.mobile.keyword.internal.MobileKeywordMain.runKeyword(MobileKeywordMain.groovy:21)
	at com.kms.katalon.core.mobile.keyword.builtin.TapKeyword.tap(TapKeyword.groovy:86)
	at com.kms.katalon.core.mobile.keyword.builtin.TapKeyword.execute(TapKeyword.groovy:68)
	at com.kms.katalon.core.keyword.internal.KeywordExecutor.executeKeywordForPlatform(KeywordExecutor.groovy:60)
	at com.kms.katalon.core.mobile.keyword.MobileBuiltInKeywords.tap(MobileBuiltInKeywords.groovy:520)
	at com.kms.katalon.core.mobile.keyword.MobileBuiltInKeywords$tap$1.call(Unknown Source)
	at TC_Borrower - Identitas - MASTER FLOW.run(TC_Borrower - Identitas - MASTER FLOW:52)
	at com.kms.katalon.core.main.ScriptEngine.run(ScriptEngine.java:194)
	at com.kms.katalon.core.main.ScriptEngine.runScriptAsRawText(ScriptEngine.java:119)
	at com.kms.katalon.core.main.TestCaseExecutor.runScript(TestCaseExecutor.java:337)
	at com.kms.katalon.core.main.TestCaseExecutor.doExecute(TestCaseExecutor.java:328)
	at com.kms.katalon.core.main.TestCaseExecutor.processExecutionPhase(TestCaseExecutor.java:307)
	at com.kms.katalon.core.main.TestCaseExecutor.accessMainPhase(TestCaseExecutor.java:299)
	at com.kms.katalon.core.main.TestCaseExecutor.execute(TestCaseExecutor.java:233)
	at com.kms.katalon.core.main.TestCaseMain.runTestCase(TestCaseMain.java:114)
	at com.kms.katalon.core.keyword.builtin.CallTestCaseKeyword$_callTestCase_closure1.doCall(CallTestCaseKeyword.groovy:59)
	... 36 more
)

2019-11-27 05:59:15 - [MESSAGE][FAILED] - Unable to call Test Case 'Test Cases/Data Entry/Borrower/Flow Borrower' (Root cause: com.kms.katalon.core.exception.StepFailedException: Call Test Case 'Test Cases/Data Entry/Borrower/Flow Borrower' failed
	at com.kms.katalon.core.keyword.builtin.CallTestCaseKeyword$_callTestCase_closure1.doCall(CallTestCaseKeyword.groovy:63)
	at com.kms.katalon.core.keyword.builtin.CallTestCaseKeyword$_callTestCase_closure1.call(CallTestCaseKeyword.groovy)
	at com.kms.katalon.core.keyword.internal.KeywordMain.runKeyword(KeywordMain.groovy:68)
	at com.kms.katalon.core.keyword.builtin.CallTestCaseKeyword.callTestCase(CallTestCaseKeyword.groovy:81)
	at com.kms.katalon.core.keyword.builtin.CallTestCaseKeyword.execute(CallTestCaseKeyword.groovy:44)
	at com.kms.katalon.core.keyword.internal.KeywordExecutor.executeKeywordForPlatform(KeywordExecutor.groovy:60)
	at com.kms.katalon.core.keyword.BuiltinKeywords.callTestCase(BuiltinKeywords.groovy:334)
	at TC_Data Entry.run(TC_Data Entry:42)
	at com.kms.katalon.core.main.ScriptEngine.run(ScriptEngine.java:194)
	at com.kms.katalon.core.main.ScriptEngine.runScriptAsRawText(ScriptEngine.java:119)
	at com.kms.katalon.core.main.TestCaseExecutor.runScript(TestCaseExecutor.java:337)
	at com.kms.katalon.core.main.TestCaseExecutor.doExecute(TestCaseExecutor.java:328)
	at com.kms.katalon.core.main.TestCaseExecutor.processExecutionPhase(TestCaseExecutor.java:307)
	at com.kms.katalon.core.main.TestCaseExecutor.accessMainPhase(TestCaseExecutor.java:299)
	at com.kms.katalon.core.main.TestCaseExecutor.execute(TestCaseExecutor.java:233)
	at com.kms.katalon.core.main.TestSuiteExecutor.accessTestCaseMainPhase(TestSuiteExecutor.java:169)
	at com.kms.katalon.core.main.TestSuiteExecutor.accessTestSuiteMainPhase(TestSuiteExecutor.java:142)
	at com.kms.katalon.core.main.TestSuiteExecutor.execute(TestSuiteExecutor.java:91)
	at com.kms.katalon.core.main.TestCaseMain.startTestSuite(TestCaseMain.java:157)
	at com.kms.katalon.core.main.TestCaseMain$startTestSuite$0.call(Unknown Source)
	at TempTestSuite1574807893706.run(TempTestSuite1574807893706.groovy:36)
Caused by: com.kms.katalon.core.exception.StepFailedException: Call Test Case 'Test Cases/Data Entry/Borrower/Borrower - Identitas/MASTER FLOW/TC_Borrower - Identitas - MASTER FLOW' failed
	at com.kms.katalon.core.keyword.builtin.CallTestCaseKeyword$_callTestCase_closure1.doCall(CallTestCaseKeyword.groovy:63)
	at com.kms.katalon.core.keyword.builtin.CallTestCaseKeyword$_callTestCase_closure1.call(CallTestCaseKeyword.groovy)
	at com.kms.katalon.core.keyword.internal.KeywordMain.runKeyword(KeywordMain.groovy:68)
	at com.kms.katalon.core.keyword.builtin.CallTestCaseKeyword.callTestCase(CallTestCaseKeyword.groovy:81)
	at com.kms.katalon.core.keyword.builtin.CallTestCaseKeyword.execute(CallTestCaseKeyword.groovy:44)
	at com.kms.katalon.core.keyword.internal.KeywordExecutor.executeKeywordForPlatform(KeywordExecutor.groovy:60)
	at com.kms.katalon.core.keyword.BuiltinKeywords.callTestCase(BuiltinKeywords.groovy:334)
	at Flow Borrower.run(Flow Borrower:16)
	at com.kms.katalon.core.main.ScriptEngine.run(ScriptEngine.java:194)
	at com.kms.katalon.core.main.ScriptEngine.runScriptAsRawText(ScriptEngine.java:119)
	at com.kms.katalon.core.main.TestCaseExecutor.runScript(TestCaseExecutor.java:337)
	at com.kms.katalon.core.main.TestCaseExecutor.doExecute(TestCaseExecutor.java:328)
	at com.kms.katalon.core.main.TestCaseExecutor.processExecutionPhase(TestCaseExecutor.java:307)
	at com.kms.katalon.core.main.TestCaseExecutor.accessMainPhase(TestCaseExecutor.java:299)
	at com.kms.katalon.core.main.TestCaseExecutor.execute(TestCaseExecutor.java:233)
	at com.kms.katalon.core.main.TestCaseMain.runTestCase(TestCaseMain.java:114)
	at com.kms.katalon.core.keyword.builtin.CallTestCaseKeyword$_callTestCase_closure1.doCall(CallTestCaseKeyword.groovy:59)
	... 20 more
Caused by: com.kms.katalon.core.exception.StepFailedException: Object Object Repository/Borrower/Borrower - Identitas/Borrower_BtnCheckBox not found
	at com.kms.katalon.core.keyword.internal.KeywordMain.stepFailed(KeywordMain.groovy:50)
	at com.kms.katalon.core.mobile.keyword.internal.MobileKeywordMain.stepFailed(MobileKeywordMain.groovy:40)
	at com.kms.katalon.core.mobile.keyword.builtin.TapKeyword$_tap_closure1.doCall(TapKeyword.groovy:79)
	at com.kms.katalon.core.mobile.keyword.builtin.TapKeyword$_tap_closure1.call(TapKeyword.groovy)
	at com.kms.katalon.core.mobile.keyword.internal.MobileKeywordMain.runKeyword(MobileKeywordMain.groovy:21)
	at com.kms.katalon.core.mobile.keyword.builtin.TapKeyword.tap(TapKeyword.groovy:86)
	at com.kms.katalon.core.mobile.keyword.builtin.TapKeyword.execute(TapKeyword.groovy:68)
	at com.kms.katalon.core.keyword.internal.KeywordExecutor.executeKeywordForPlatform(KeywordExecutor.groovy:60)
	at com.kms.katalon.core.mobile.keyword.MobileBuiltInKeywords.tap(MobileBuiltInKeywords.groovy:520)
	at com.kms.katalon.core.mobile.keyword.MobileBuiltInKeywords$tap$1.call(Unknown Source)
	at TC_Borrower - Identitas - MASTER FLOW.run(TC_Borrower - Identitas - MASTER FLOW:52)
	at com.kms.katalon.core.main.ScriptEngine.run(ScriptEngine.java:194)
	at com.kms.katalon.core.main.ScriptEngine.runScriptAsRawText(ScriptEngine.java:119)
	at com.kms.katalon.core.main.TestCaseExecutor.runScript(TestCaseExecutor.java:337)
	at com.kms.katalon.core.main.TestCaseExecutor.doExecute(TestCaseExecutor.java:328)
	at com.kms.katalon.core.main.TestCaseExecutor.processExecutionPhase(TestCaseExecutor.java:307)
	at com.kms.katalon.core.main.TestCaseExecutor.accessMainPhase(TestCaseExecutor.java:299)
	at com.kms.katalon.core.main.TestCaseExecutor.execute(TestCaseExecutor.java:233)
	at com.kms.katalon.core.main.TestCaseMain.runTestCase(TestCaseMain.java:114)
	at com.kms.katalon.core.keyword.builtin.CallTestCaseKeyword$_callTestCase_closure1.doCall(CallTestCaseKeyword.groovy:59)
	... 36 more
)]]></system-out>
         <system-err><![CDATA[2019-11-27 05:49:05 - [TEST_CASE][FAILED] - Test Cases/Data Entry/TC_Data Entry: Test Cases/Data Entry/TC_Data Entry FAILED.
Reason:
com.kms.katalon.core.exception.StepFailedException: Call Test Case 'Test Cases/Data Entry/Borrower/Flow Borrower' failed
	at com.kms.katalon.core.keyword.builtin.CallTestCaseKeyword$_callTestCase_closure1.doCall(CallTestCaseKeyword.groovy:63)
	at com.kms.katalon.core.keyword.builtin.CallTestCaseKeyword$_callTestCase_closure1.call(CallTestCaseKeyword.groovy)
	at com.kms.katalon.core.keyword.internal.KeywordMain.runKeyword(KeywordMain.groovy:68)
	at com.kms.katalon.core.keyword.builtin.CallTestCaseKeyword.callTestCase(CallTestCaseKeyword.groovy:81)
	at com.kms.katalon.core.keyword.builtin.CallTestCaseKeyword.execute(CallTestCaseKeyword.groovy:44)
	at com.kms.katalon.core.keyword.internal.KeywordExecutor.executeKeywordForPlatform(KeywordExecutor.groovy:60)
	at com.kms.katalon.core.keyword.BuiltinKeywords.callTestCase(BuiltinKeywords.groovy:334)
	at TC_Data Entry.run(TC_Data Entry:42)
	at com.kms.katalon.core.main.ScriptEngine.run(ScriptEngine.java:194)
	at com.kms.katalon.core.main.ScriptEngine.runScriptAsRawText(ScriptEngine.java:119)
	at com.kms.katalon.core.main.TestCaseExecutor.runScript(TestCaseExecutor.java:337)
	at com.kms.katalon.core.main.TestCaseExecutor.doExecute(TestCaseExecutor.java:328)
	at com.kms.katalon.core.main.TestCaseExecutor.processExecutionPhase(TestCaseExecutor.java:307)
	at com.kms.katalon.core.main.TestCaseExecutor.accessMainPhase(TestCaseExecutor.java:299)
	at com.kms.katalon.core.main.TestCaseExecutor.execute(TestCaseExecutor.java:233)
	at com.kms.katalon.core.main.TestSuiteExecutor.accessTestCaseMainPhase(TestSuiteExecutor.java:169)
	at com.kms.katalon.core.main.TestSuiteExecutor.accessTestSuiteMainPhase(TestSuiteExecutor.java:142)
	at com.kms.katalon.core.main.TestSuiteExecutor.execute(TestSuiteExecutor.java:91)
	at com.kms.katalon.core.main.TestCaseMain.startTestSuite(TestCaseMain.java:157)
	at com.kms.katalon.core.main.TestCaseMain$startTestSuite$0.call(Unknown Source)
	at TempTestSuite1574807893706.run(TempTestSuite1574807893706.groovy:36)
Caused by: com.kms.katalon.core.exception.StepFailedException: Call Test Case 'Test Cases/Data Entry/Borrower/Borrower - Identitas/MASTER FLOW/TC_Borrower - Identitas - MASTER FLOW' failed
	at com.kms.katalon.core.keyword.builtin.CallTestCaseKeyword$_callTestCase_closure1.doCall(CallTestCaseKeyword.groovy:63)
	at com.kms.katalon.core.keyword.builtin.CallTestCaseKeyword$_callTestCase_closure1.call(CallTestCaseKeyword.groovy)
	at com.kms.katalon.core.keyword.internal.KeywordMain.runKeyword(KeywordMain.groovy:68)
	at com.kms.katalon.core.keyword.builtin.CallTestCaseKeyword.callTestCase(CallTestCaseKeyword.groovy:81)
	at com.kms.katalon.core.keyword.builtin.CallTestCaseKeyword.execute(CallTestCaseKeyword.groovy:44)
	at com.kms.katalon.core.keyword.internal.KeywordExecutor.executeKeywordForPlatform(KeywordExecutor.groovy:60)
	at com.kms.katalon.core.keyword.BuiltinKeywords.callTestCase(BuiltinKeywords.groovy:334)
	at Flow Borrower.run(Flow Borrower:16)
	at com.kms.katalon.core.main.ScriptEngine.run(ScriptEngine.java:194)
	at com.kms.katalon.core.main.ScriptEngine.runScriptAsRawText(ScriptEngine.java:119)
	at com.kms.katalon.core.main.TestCaseExecutor.runScript(TestCaseExecutor.java:337)
	at com.kms.katalon.core.main.TestCaseExecutor.doExecute(TestCaseExecutor.java:328)
	at com.kms.katalon.core.main.TestCaseExecutor.processExecutionPhase(TestCaseExecutor.java:307)
	at com.kms.katalon.core.main.TestCaseExecutor.accessMainPhase(TestCaseExecutor.java:299)
	at com.kms.katalon.core.main.TestCaseExecutor.execute(TestCaseExecutor.java:233)
	at com.kms.katalon.core.main.TestCaseMain.runTestCase(TestCaseMain.java:114)
	at com.kms.katalon.core.keyword.builtin.CallTestCaseKeyword$_callTestCase_closure1.doCall(CallTestCaseKeyword.groovy:59)
	... 20 more
Caused by: com.kms.katalon.core.exception.StepFailedException: Object Object Repository/Borrower/Borrower - Identitas/Borrower_BtnCheckBox not found
	at com.kms.katalon.core.keyword.internal.KeywordMain.stepFailed(KeywordMain.groovy:50)
	at com.kms.katalon.core.mobile.keyword.internal.MobileKeywordMain.stepFailed(MobileKeywordMain.groovy:40)
	at com.kms.katalon.core.mobile.keyword.builtin.TapKeyword$_tap_closure1.doCall(TapKeyword.groovy:79)
	at com.kms.katalon.core.mobile.keyword.builtin.TapKeyword$_tap_closure1.call(TapKeyword.groovy)
	at com.kms.katalon.core.mobile.keyword.internal.MobileKeywordMain.runKeyword(MobileKeywordMain.groovy:21)
	at com.kms.katalon.core.mobile.keyword.builtin.TapKeyword.tap(TapKeyword.groovy:86)
	at com.kms.katalon.core.mobile.keyword.builtin.TapKeyword.execute(TapKeyword.groovy:68)
	at com.kms.katalon.core.keyword.internal.KeywordExecutor.executeKeywordForPlatform(KeywordExecutor.groovy:60)
	at com.kms.katalon.core.mobile.keyword.MobileBuiltInKeywords.tap(MobileBuiltInKeywords.groovy:520)
	at com.kms.katalon.core.mobile.keyword.MobileBuiltInKeywords$tap$1.call(Unknown Source)
	at TC_Borrower - Identitas - MASTER FLOW.run(TC_Borrower - Identitas - MASTER FLOW:52)
	at com.kms.katalon.core.main.ScriptEngine.run(ScriptEngine.java:194)
	at com.kms.katalon.core.main.ScriptEngine.runScriptAsRawText(ScriptEngine.java:119)
	at com.kms.katalon.core.main.TestCaseExecutor.runScript(TestCaseExecutor.java:337)
	at com.kms.katalon.core.main.TestCaseExecutor.doExecute(TestCaseExecutor.java:328)
	at com.kms.katalon.core.main.TestCaseExecutor.processExecutionPhase(TestCaseExecutor.java:307)
	at com.kms.katalon.core.main.TestCaseExecutor.accessMainPhase(TestCaseExecutor.java:299)
	at com.kms.katalon.core.main.TestCaseExecutor.execute(TestCaseExecutor.java:233)
	at com.kms.katalon.core.main.TestCaseMain.runTestCase(TestCaseMain.java:114)
	at com.kms.katalon.core.keyword.builtin.CallTestCaseKeyword$_callTestCase_closure1.doCall(CallTestCaseKeyword.groovy:59)
	... 36 more]]></system-err>
      </testcase>
      <testcase name="Test Cases/Data Entry/TC_Data Entry" time="394.404" classname="Test Cases/Data Entry/TC_Data Entry" status="FAILED">
         <failure type="FAILED" message="Test Cases/Data Entry/TC_Data Entry FAILED.
Reason:
com.kms.katalon.core.exception.StepFailedException: Call Test Case 'Test Cases/Data Entry/Borrower/Flow Borrower' failed
	at com.kms.katalon.core.keyword.builtin.CallTestCaseKeyword$_callTestCase_closure1.doCall(CallTestCaseKeyword.groovy:63)
	at com.kms.katalon.core.keyword.builtin.CallTestCaseKeyword$_callTestCase_closure1.call(CallTestCaseKeyword.groovy)
	at com.kms.katalon.core.keyword.internal.KeywordMain.runKeyword(KeywordMain.groovy:68)
	at com.kms.katalon.core.keyword.builtin.CallTestCaseKeyword.callTestCase(CallTestCaseKeyword.groovy:81)
	at com.kms.katalon.core.keyword.builtin.CallTestCaseKeyword.execute(CallTestCaseKeyword.groovy:44)
	at com.kms.katalon.core.keyword.internal.KeywordExecutor.executeKeywordForPlatform(KeywordExecutor.groovy:60)
	at com.kms.katalon.core.keyword.BuiltinKeywords.callTestCase(BuiltinKeywords.groovy:334)
	at TC_Data Entry.run(TC_Data Entry:42)
	at com.kms.katalon.core.main.ScriptEngine.run(ScriptEngine.java:194)
	at com.kms.katalon.core.main.ScriptEngine.runScriptAsRawText(ScriptEngine.java:119)
	at com.kms.katalon.core.main.TestCaseExecutor.runScript(TestCaseExecutor.java:337)
	at com.kms.katalon.core.main.TestCaseExecutor.doExecute(TestCaseExecutor.java:328)
	at com.kms.katalon.core.main.TestCaseExecutor.processExecutionPhase(TestCaseExecutor.java:307)
	at com.kms.katalon.core.main.TestCaseExecutor.accessMainPhase(TestCaseExecutor.java:299)
	at com.kms.katalon.core.main.TestCaseExecutor.execute(TestCaseExecutor.java:233)
	at com.kms.katalon.core.main.TestSuiteExecutor.accessTestCaseMainPhase(TestSuiteExecutor.java:169)
	at com.kms.katalon.core.main.TestSuiteExecutor.accessTestSuiteMainPhase(TestSuiteExecutor.java:142)
	at com.kms.katalon.core.main.TestSuiteExecutor.execute(TestSuiteExecutor.java:91)
	at com.kms.katalon.core.main.TestCaseMain.startTestSuite(TestCaseMain.java:157)
	at com.kms.katalon.core.main.TestCaseMain$startTestSuite$0.call(Unknown Source)
	at TempTestSuite1574807893706.run(TempTestSuite1574807893706.groovy:36)
Caused by: com.kms.katalon.core.exception.StepFailedException: Call Test Case 'Test Cases/Data Entry/Borrower/Borrower - Identitas/MASTER FLOW/TC_Borrower - Identitas - MASTER FLOW' failed
	at com.kms.katalon.core.keyword.builtin.CallTestCaseKeyword$_callTestCase_closure1.doCall(CallTestCaseKeyword.groovy:63)
	at com.kms.katalon.core.keyword.builtin.CallTestCaseKeyword$_callTestCase_closure1.call(CallTestCaseKeyword.groovy)
	at com.kms.katalon.core.keyword.internal.KeywordMain.runKeyword(KeywordMain.groovy:68)
	at com.kms.katalon.core.keyword.builtin.CallTestCaseKeyword.callTestCase(CallTestCaseKeyword.groovy:81)
	at com.kms.katalon.core.keyword.builtin.CallTestCaseKeyword.execute(CallTestCaseKeyword.groovy:44)
	at com.kms.katalon.core.keyword.internal.KeywordExecutor.executeKeywordForPlatform(KeywordExecutor.groovy:60)
	at com.kms.katalon.core.keyword.BuiltinKeywords.callTestCase(BuiltinKeywords.groovy:334)
	at Flow Borrower.run(Flow Borrower:16)
	at com.kms.katalon.core.main.ScriptEngine.run(ScriptEngine.java:194)
	at com.kms.katalon.core.main.ScriptEngine.runScriptAsRawText(ScriptEngine.java:119)
	at com.kms.katalon.core.main.TestCaseExecutor.runScript(TestCaseExecutor.java:337)
	at com.kms.katalon.core.main.TestCaseExecutor.doExecute(TestCaseExecutor.java:328)
	at com.kms.katalon.core.main.TestCaseExecutor.processExecutionPhase(TestCaseExecutor.java:307)
	at com.kms.katalon.core.main.TestCaseExecutor.accessMainPhase(TestCaseExecutor.java:299)
	at com.kms.katalon.core.main.TestCaseExecutor.execute(TestCaseExecutor.java:233)
	at com.kms.katalon.core.main.TestCaseMain.runTestCase(TestCaseMain.java:114)
	at com.kms.katalon.core.keyword.builtin.CallTestCaseKeyword$_callTestCase_closure1.doCall(CallTestCaseKeyword.groovy:59)
	... 20 more
Caused by: com.kms.katalon.core.exception.StepFailedException: Object Object Repository/Borrower/Borrower - Identitas/Borrower_InpNoKTP not found
	at com.kms.katalon.core.keyword.internal.KeywordMain.stepFailed(KeywordMain.groovy:50)
	at com.kms.katalon.core.mobile.keyword.internal.MobileKeywordMain.stepFailed(MobileKeywordMain.groovy:40)
	at com.kms.katalon.core.mobile.keyword.builtin.SetTextKeyword$_setText_closure1.doCall(SetTextKeyword.groovy:76)
	at com.kms.katalon.core.mobile.keyword.builtin.SetTextKeyword$_setText_closure1.call(SetTextKeyword.groovy)
	at com.kms.katalon.core.mobile.keyword.internal.MobileKeywordMain.runKeyword(MobileKeywordMain.groovy:21)
	at com.kms.katalon.core.mobile.keyword.builtin.SetTextKeyword.setText(SetTextKeyword.groovy:83)
	at com.kms.katalon.core.mobile.keyword.builtin.SetTextKeyword.execute(SetTextKeyword.groovy:66)
	at com.kms.katalon.core.keyword.internal.KeywordExecutor.executeKeywordForPlatform(KeywordExecutor.groovy:60)
	at com.kms.katalon.core.mobile.keyword.MobileBuiltInKeywords.setText(MobileBuiltInKeywords.groovy:491)
	at com.kms.katalon.core.mobile.keyword.MobileBuiltInKeywords$setText$2.call(Unknown Source)
	at TC_Borrower - Identitas - MASTER FLOW.run(TC_Borrower - Identitas - MASTER FLOW:18)
	at com.kms.katalon.core.main.ScriptEngine.run(ScriptEngine.java:194)
	at com.kms.katalon.core.main.ScriptEngine.runScriptAsRawText(ScriptEngine.java:119)
	at com.kms.katalon.core.main.TestCaseExecutor.runScript(TestCaseExecutor.java:337)
	at com.kms.katalon.core.main.TestCaseExecutor.doExecute(TestCaseExecutor.java:328)
	at com.kms.katalon.core.main.TestCaseExecutor.processExecutionPhase(TestCaseExecutor.java:307)
	at com.kms.katalon.core.main.TestCaseExecutor.accessMainPhase(TestCaseExecutor.java:299)
	at com.kms.katalon.core.main.TestCaseExecutor.execute(TestCaseExecutor.java:233)
	at com.kms.katalon.core.main.TestCaseMain.runTestCase(TestCaseMain.java:114)
	at com.kms.katalon.core.keyword.builtin.CallTestCaseKeyword$_callTestCase_closure1.doCall(CallTestCaseKeyword.groovy:59)
	... 36 more
"/>
         <system-out><![CDATA[2019-11-27 05:59:15 - [TEST_CASE][FAILED] - Test Cases/Data Entry/TC_Data Entry: Test Cases/Data Entry/TC_Data Entry FAILED.
Reason:
com.kms.katalon.core.exception.StepFailedException: Call Test Case 'Test Cases/Data Entry/Borrower/Flow Borrower' failed
	at com.kms.katalon.core.keyword.builtin.CallTestCaseKeyword$_callTestCase_closure1.doCall(CallTestCaseKeyword.groovy:63)
	at com.kms.katalon.core.keyword.builtin.CallTestCaseKeyword$_callTestCase_closure1.call(CallTestCaseKeyword.groovy)
	at com.kms.katalon.core.keyword.internal.KeywordMain.runKeyword(KeywordMain.groovy:68)
	at com.kms.katalon.core.keyword.builtin.CallTestCaseKeyword.callTestCase(CallTestCaseKeyword.groovy:81)
	at com.kms.katalon.core.keyword.builtin.CallTestCaseKeyword.execute(CallTestCaseKeyword.groovy:44)
	at com.kms.katalon.core.keyword.internal.KeywordExecutor.executeKeywordForPlatform(KeywordExecutor.groovy:60)
	at com.kms.katalon.core.keyword.BuiltinKeywords.callTestCase(BuiltinKeywords.groovy:334)
	at TC_Data Entry.run(TC_Data Entry:42)
	at com.kms.katalon.core.main.ScriptEngine.run(ScriptEngine.java:194)
	at com.kms.katalon.core.main.ScriptEngine.runScriptAsRawText(ScriptEngine.java:119)
	at com.kms.katalon.core.main.TestCaseExecutor.runScript(TestCaseExecutor.java:337)
	at com.kms.katalon.core.main.TestCaseExecutor.doExecute(TestCaseExecutor.java:328)
	at com.kms.katalon.core.main.TestCaseExecutor.processExecutionPhase(TestCaseExecutor.java:307)
	at com.kms.katalon.core.main.TestCaseExecutor.accessMainPhase(TestCaseExecutor.java:299)
	at com.kms.katalon.core.main.TestCaseExecutor.execute(TestCaseExecutor.java:233)
	at com.kms.katalon.core.main.TestSuiteExecutor.accessTestCaseMainPhase(TestSuiteExecutor.java:169)
	at com.kms.katalon.core.main.TestSuiteExecutor.accessTestSuiteMainPhase(TestSuiteExecutor.java:142)
	at com.kms.katalon.core.main.TestSuiteExecutor.execute(TestSuiteExecutor.java:91)
	at com.kms.katalon.core.main.TestCaseMain.startTestSuite(TestCaseMain.java:157)
	at com.kms.katalon.core.main.TestCaseMain$startTestSuite$0.call(Unknown Source)
	at TempTestSuite1574807893706.run(TempTestSuite1574807893706.groovy:36)
Caused by: com.kms.katalon.core.exception.StepFailedException: Call Test Case 'Test Cases/Data Entry/Borrower/Borrower - Identitas/MASTER FLOW/TC_Borrower - Identitas - MASTER FLOW' failed
	at com.kms.katalon.core.keyword.builtin.CallTestCaseKeyword$_callTestCase_closure1.doCall(CallTestCaseKeyword.groovy:63)
	at com.kms.katalon.core.keyword.builtin.CallTestCaseKeyword$_callTestCase_closure1.call(CallTestCaseKeyword.groovy)
	at com.kms.katalon.core.keyword.internal.KeywordMain.runKeyword(KeywordMain.groovy:68)
	at com.kms.katalon.core.keyword.builtin.CallTestCaseKeyword.callTestCase(CallTestCaseKeyword.groovy:81)
	at com.kms.katalon.core.keyword.builtin.CallTestCaseKeyword.execute(CallTestCaseKeyword.groovy:44)
	at com.kms.katalon.core.keyword.internal.KeywordExecutor.executeKeywordForPlatform(KeywordExecutor.groovy:60)
	at com.kms.katalon.core.keyword.BuiltinKeywords.callTestCase(BuiltinKeywords.groovy:334)
	at Flow Borrower.run(Flow Borrower:16)
	at com.kms.katalon.core.main.ScriptEngine.run(ScriptEngine.java:194)
	at com.kms.katalon.core.main.ScriptEngine.runScriptAsRawText(ScriptEngine.java:119)
	at com.kms.katalon.core.main.TestCaseExecutor.runScript(TestCaseExecutor.java:337)
	at com.kms.katalon.core.main.TestCaseExecutor.doExecute(TestCaseExecutor.java:328)
	at com.kms.katalon.core.main.TestCaseExecutor.processExecutionPhase(TestCaseExecutor.java:307)
	at com.kms.katalon.core.main.TestCaseExecutor.accessMainPhase(TestCaseExecutor.java:299)
	at com.kms.katalon.core.main.TestCaseExecutor.execute(TestCaseExecutor.java:233)
	at com.kms.katalon.core.main.TestCaseMain.runTestCase(TestCaseMain.java:114)
	at com.kms.katalon.core.keyword.builtin.CallTestCaseKeyword$_callTestCase_closure1.doCall(CallTestCaseKeyword.groovy:59)
	... 20 more
Caused by: com.kms.katalon.core.exception.StepFailedException: Object Object Repository/Borrower/Borrower - Identitas/Borrower_InpNoKTP not found
	at com.kms.katalon.core.keyword.internal.KeywordMain.stepFailed(KeywordMain.groovy:50)
	at com.kms.katalon.core.mobile.keyword.internal.MobileKeywordMain.stepFailed(MobileKeywordMain.groovy:40)
	at com.kms.katalon.core.mobile.keyword.builtin.SetTextKeyword$_setText_closure1.doCall(SetTextKeyword.groovy:76)
	at com.kms.katalon.core.mobile.keyword.builtin.SetTextKeyword$_setText_closure1.call(SetTextKeyword.groovy)
	at com.kms.katalon.core.mobile.keyword.internal.MobileKeywordMain.runKeyword(MobileKeywordMain.groovy:21)
	at com.kms.katalon.core.mobile.keyword.builtin.SetTextKeyword.setText(SetTextKeyword.groovy:83)
	at com.kms.katalon.core.mobile.keyword.builtin.SetTextKeyword.execute(SetTextKeyword.groovy:66)
	at com.kms.katalon.core.keyword.internal.KeywordExecutor.executeKeywordForPlatform(KeywordExecutor.groovy:60)
	at com.kms.katalon.core.mobile.keyword.MobileBuiltInKeywords.setText(MobileBuiltInKeywords.groovy:491)
	at com.kms.katalon.core.mobile.keyword.MobileBuiltInKeywords$setText$2.call(Unknown Source)
	at TC_Borrower - Identitas - MASTER FLOW.run(TC_Borrower - Identitas - MASTER FLOW:18)
	at com.kms.katalon.core.main.ScriptEngine.run(ScriptEngine.java:194)
	at com.kms.katalon.core.main.ScriptEngine.runScriptAsRawText(ScriptEngine.java:119)
	at com.kms.katalon.core.main.TestCaseExecutor.runScript(TestCaseExecutor.java:337)
	at com.kms.katalon.core.main.TestCaseExecutor.doExecute(TestCaseExecutor.java:328)
	at com.kms.katalon.core.main.TestCaseExecutor.processExecutionPhase(TestCaseExecutor.java:307)
	at com.kms.katalon.core.main.TestCaseExecutor.accessMainPhase(TestCaseExecutor.java:299)
	at com.kms.katalon.core.main.TestCaseExecutor.execute(TestCaseExecutor.java:233)
	at com.kms.katalon.core.main.TestCaseMain.runTestCase(TestCaseMain.java:114)
	at com.kms.katalon.core.keyword.builtin.CallTestCaseKeyword$_callTestCase_closure1.doCall(CallTestCaseKeyword.groovy:59)
	... 36 more


2019-11-27 05:59:15 - [TEST_STEP][PASSED] - callTestCase(findTestCase("dynamic test case/open application"), [:], STOP_ON_FAILURE): Call Test Case 'Test Cases/dynamic test case/open application' successfully

2019-11-27 05:59:16 - [TEST_CASE][PASSED] - Test Cases/dynamic test case/open application: Test Cases/dynamic test case/open application

2019-11-27 05:59:16 - [TEST_STEP][PASSED] - appPath = relativeToAbsolutePath(apkname, getProjectDir()): null

2019-11-27 05:59:16 - [TEST_STEP][PASSED] - startApplication(appPath, false): Started app at: 'C:\Users\15420\git\ACCME-Dupcheck\AccMe.apk'

2019-11-27 05:59:16 - [MESSAGE][INFO] - User set preference: ['unicodeKeyboard', 'true']

2019-11-27 05:59:16 - [MESSAGE][INFO] - User set preference: ['resetKeyboard', 'true']

2019-11-27 05:59:16 - [MESSAGE][INFO] - User set preference: ['deviceId', '']

2019-11-27 05:59:46 - [MESSAGE][PASSED] - Started app at: 'C:\Users\15420\git\ACCME-Dupcheck\AccMe.apk'

2019-11-27 05:59:46 - [MESSAGE][PASSED] - Call Test Case 'Test Cases/dynamic test case/open application' successfully

2019-11-27 05:59:46 - [TEST_STEP][PASSED] - callTestCase(findTestCase("Data Entry/Simulasi Kredit/Simulasi Kredit/MASTER FLOW/TC_Simulasi Kredit - MASTER FLOW"), ["varBrand":varBrand, "varType":varType, "varModel":varModel, "varTahun":varTahun, "varTenor":varTenor, "varOTR":varOTR, "varRP":varRP, ... ], OPTIONAL): Call Test Case 'Test Cases/Data Entry/Simulasi Kredit/Simulasi Kredit/MASTER FLOW/TC_Simulasi Kredit - MASTER FLOW' successfully

2019-11-27 05:59:46 - [TEST_CASE][PASSED] - Test Cases/Data Entry/Simulasi Kredit/Simulasi Kredit/MASTER FLOW/TC_Simulasi Kredit - MASTER FLOW: Test Cases/Data Entry/Simulasi Kredit/Simulasi Kredit/MASTER FLOW/TC_Simulasi Kredit - MASTER FLOW

2019-11-27 05:59:46 - [TEST_STEP][PASSED] - waitForElementPresent(findTestObject("Simulasi Kredit/Simulasi Kredit - Simulasi Kredit/SimulasiKredit_Btn Simulasi Kredit"), 0): Element 'Object Repository/Simulasi Kredit/Simulasi Kredit - Simulasi Kredit/SimulasiKredit_Btn Simulasi Kredit' is present

2019-11-27 05:59:46 - [MESSAGE][WARNING] - Timeout '0' is invalid. Using default page load timeout: '30'

2019-11-27 06:00:01 - [MESSAGE][PASSED] - Element 'Object Repository/Simulasi Kredit/Simulasi Kredit - Simulasi Kredit/SimulasiKredit_Btn Simulasi Kredit' is present

2019-11-27 06:00:01 - [TEST_STEP][PASSED] - tap(findTestObject("Simulasi Kredit/Simulasi Kredit - Simulasi Kredit/SimulasiKredit_Btn Simulasi Kredit"), 0): Tapped on element 'Object Repository/Simulasi Kredit/Simulasi Kredit - Simulasi Kredit/SimulasiKredit_Btn Simulasi Kredit'

2019-11-27 06:00:01 - [MESSAGE][WARNING] - Timeout '0' is invalid. Using default page load timeout: '30'

2019-11-27 06:00:03 - [MESSAGE][PASSED] - Tapped on element 'Object Repository/Simulasi Kredit/Simulasi Kredit - Simulasi Kredit/SimulasiKredit_Btn Simulasi Kredit'

2019-11-27 06:00:03 - [TEST_STEP][PASSED] - if (varPembiayaan == "NewCar"): Tapped on element 'Object Repository/Simulasi Kredit/Simulasi Kredit - Simulasi Kredit/SimulasiKredit_new car'

2019-11-27 06:00:03 - [TEST_STEP][PASSED] - tap(findTestObject("Simulasi Kredit/Simulasi Kredit - Simulasi Kredit/SimulasiKredit_new car"), 0): Tapped on element 'Object Repository/Simulasi Kredit/Simulasi Kredit - Simulasi Kredit/SimulasiKredit_new car'

2019-11-27 06:00:03 - [MESSAGE][WARNING] - Timeout '0' is invalid. Using default page load timeout: '30'

2019-11-27 06:00:07 - [MESSAGE][PASSED] - Tapped on element 'Object Repository/Simulasi Kredit/Simulasi Kredit - Simulasi Kredit/SimulasiKredit_new car'

2019-11-27 06:00:07 - [TEST_STEP][PASSED] - if (varPembiayaan == "UsedCar"): null

2019-11-27 06:00:07 - [TEST_STEP][PASSED] - if (varTipepembiayaan == "syariah"): null

2019-11-27 06:00:07 - [TEST_STEP][PASSED] - if (varTipepembiayaan == "konvensional"): null

2019-11-27 06:00:07 - [TEST_STEP][PASSED] - if (varkodepaket == "ya"): null

2019-11-27 06:00:07 - [TEST_STEP][PASSED] - setText(findTestObject("Simulasi Kredit/Simulasi Kredit - Simulasi Kredit/SimulasiKredit_Inp Brand"), varBrand, 0): Text 'TOYOTA' has been set to element 'Object Repository/Simulasi Kredit/Simulasi Kredit - Simulasi Kredit/SimulasiKredit_Inp Brand'

2019-11-27 06:00:07 - [MESSAGE][WARNING] - Timeout '0' is invalid. Using default page load timeout: '30'

2019-11-27 06:00:09 - [MESSAGE][PASSED] - Text 'TOYOTA' has been set to element 'Object Repository/Simulasi Kredit/Simulasi Kredit - Simulasi Kredit/SimulasiKredit_Inp Brand'

2019-11-27 06:00:09 - [TEST_STEP][PASSED] - tap(findTestObject("Simulasi Kredit/Simulasi Kredit - Simulasi Kredit/SimulasiKredit_Inp Brand"), 0): Tapped on element 'Object Repository/Simulasi Kredit/Simulasi Kredit - Simulasi Kredit/SimulasiKredit_Inp Brand'

2019-11-27 06:00:09 - [MESSAGE][WARNING] - Timeout '0' is invalid. Using default page load timeout: '30'

2019-11-27 06:00:14 - [MESSAGE][PASSED] - Tapped on element 'Object Repository/Simulasi Kredit/Simulasi Kredit - Simulasi Kredit/SimulasiKredit_Inp Brand'

2019-11-27 06:00:14 - [TEST_STEP][PASSED] - tap(findTestObject("dynamic object/pickListItem_viewView", ["text":varBrand]), 0): Tapped on element 'Object Repository/dynamic object/pickListItem_viewView'

2019-11-27 06:00:15 - [MESSAGE][WARNING] - Timeout '0' is invalid. Using default page load timeout: '30'

2019-11-27 06:00:19 - [MESSAGE][PASSED] - Tapped on element 'Object Repository/dynamic object/pickListItem_viewView'

2019-11-27 06:00:19 - [TEST_STEP][PASSED] - tap(findTestObject("Simulasi Kredit/Simulasi Kredit - Simulasi Kredit/SimulasiKredit_Inp Type"), 0): Tapped on element 'Object Repository/Simulasi Kredit/Simulasi Kredit - Simulasi Kredit/SimulasiKredit_Inp Type'

2019-11-27 06:00:19 - [MESSAGE][WARNING] - Timeout '0' is invalid. Using default page load timeout: '30'

2019-11-27 06:00:22 - [MESSAGE][PASSED] - Tapped on element 'Object Repository/Simulasi Kredit/Simulasi Kredit - Simulasi Kredit/SimulasiKredit_Inp Type'

2019-11-27 06:00:22 - [TEST_STEP][PASSED] - setText(findTestObject("Simulasi Kredit/Simulasi Kredit - Simulasi Kredit/SimulasiKredit_Inp Type"), varType, 0): Text 'R05' has been set to element 'Object Repository/Simulasi Kredit/Simulasi Kredit - Simulasi Kredit/SimulasiKredit_Inp Type'

2019-11-27 06:00:22 - [MESSAGE][WARNING] - Timeout '0' is invalid. Using default page load timeout: '30'

2019-11-27 06:00:25 - [MESSAGE][PASSED] - Text 'R05' has been set to element 'Object Repository/Simulasi Kredit/Simulasi Kredit - Simulasi Kredit/SimulasiKredit_Inp Type'

2019-11-27 06:00:25 - [TEST_STEP][PASSED] - delay(3): Delayed 3 second(s)

2019-11-27 06:00:28 - [MESSAGE][PASSED] - Delayed 3 second(s)

2019-11-27 06:00:28 - [TEST_STEP][PASSED] - tap(findTestObject("Simulasi Kredit/Simulasi Kredit - Simulasi Kredit/SimulasiKredit_Inp Type"), 0): Tapped on element 'Object Repository/Simulasi Kredit/Simulasi Kredit - Simulasi Kredit/SimulasiKredit_Inp Type'

2019-11-27 06:00:28 - [MESSAGE][WARNING] - Timeout '0' is invalid. Using default page load timeout: '30'

2019-11-27 06:00:30 - [MESSAGE][PASSED] - Tapped on element 'Object Repository/Simulasi Kredit/Simulasi Kredit - Simulasi Kredit/SimulasiKredit_Inp Type'

2019-11-27 06:00:30 - [TEST_STEP][PASSED] - tap(findTestObject("Simulasi Kredit/Simulasi Kredit - Simulasi Kredit/SimulasiKredit_Inp Type LOV"), 0): Tapped on element 'Object Repository/Simulasi Kredit/Simulasi Kredit - Simulasi Kredit/SimulasiKredit_Inp Type LOV'

2019-11-27 06:00:30 - [MESSAGE][WARNING] - Timeout '0' is invalid. Using default page load timeout: '30'

2019-11-27 06:00:33 - [MESSAGE][PASSED] - Tapped on element 'Object Repository/Simulasi Kredit/Simulasi Kredit - Simulasi Kredit/SimulasiKredit_Inp Type LOV'

2019-11-27 06:00:33 - [TEST_STEP][PASSED] - mobile.mobileSwipe.UpDown(0.8, 0.5, 1000): mobile.mobileSwipe.UpDown is PASSED

2019-11-27 06:00:34 - [MESSAGE][PASSED] - Current device physical height is 2131

2019-11-27 06:00:34 - [MESSAGE][INFO] - Device Height : 2131

2019-11-27 06:00:35 - [MESSAGE][PASSED] - Current device physical width is 1080

2019-11-27 06:00:35 - [MESSAGE][INFO] - Device Width : 1080

2019-11-27 06:00:35 - [MESSAGE][INFO] - Swipe start at Height : 1704

2019-11-27 06:00:35 - [MESSAGE][INFO] - Swipe end at Height : 1065

2019-11-27 06:00:35 - [MESSAGE][INFO] - X Position : 1000

2019-11-27 06:00:37 - [MESSAGE][PASSED] - Swiped from 1,000,1,704 to 1,000,1,065

2019-11-27 06:00:37 - [MESSAGE][PASSED] - mobile.mobileSwipe.UpDown is PASSED

2019-11-27 06:00:37 - [TEST_STEP][PASSED] - tap(findTestObject("Simulasi Kredit/Simulasi Kredit - Simulasi Kredit/SimulasiKredit_Inp Model"), 0): Tapped on element 'Object Repository/Simulasi Kredit/Simulasi Kredit - Simulasi Kredit/SimulasiKredit_Inp Model'

2019-11-27 06:00:38 - [MESSAGE][WARNING] - Timeout '0' is invalid. Using default page load timeout: '30'

2019-11-27 06:00:40 - [MESSAGE][PASSED] - Tapped on element 'Object Repository/Simulasi Kredit/Simulasi Kredit - Simulasi Kredit/SimulasiKredit_Inp Model'

2019-11-27 06:00:40 - [TEST_STEP][PASSED] - scrollToText(varModel, STOP_ON_FAILURE): Scrolling to text '1.5S TRD LTD AT' successfully

2019-11-27 06:00:54 - [MESSAGE][PASSED] - Scrolling to text '1.5S TRD LTD AT' successfully

2019-11-27 06:00:54 - [TEST_STEP][PASSED] - tap(findTestObject("dynamic object/pickListItem_checkedTextView", ["text":varModel]), 0): Tapped on element 'Object Repository/dynamic object/pickListItem_checkedTextView'

2019-11-27 06:00:54 - [MESSAGE][WARNING] - Timeout '0' is invalid. Using default page load timeout: '30'

2019-11-27 06:00:56 - [MESSAGE][PASSED] - Tapped on element 'Object Repository/dynamic object/pickListItem_checkedTextView'

2019-11-27 06:00:56 - [TEST_STEP][PASSED] - tap(findTestObject("Simulasi Kredit/Simulasi Kredit - Simulasi Kredit/SimulasiKredit_Tahun"), 0): Tapped on element 'Object Repository/Simulasi Kredit/Simulasi Kredit - Simulasi Kredit/SimulasiKredit_Tahun'

2019-11-27 06:00:56 - [MESSAGE][WARNING] - Timeout '0' is invalid. Using default page load timeout: '30'

2019-11-27 06:00:58 - [MESSAGE][PASSED] - Tapped on element 'Object Repository/Simulasi Kredit/Simulasi Kredit - Simulasi Kredit/SimulasiKredit_Tahun'

2019-11-27 06:00:58 - [TEST_STEP][PASSED] - scrollToText(varTahun, STOP_ON_FAILURE): Scrolling to text '2018' successfully

2019-11-27 06:01:00 - [MESSAGE][PASSED] - Scrolling to text '2018' successfully

2019-11-27 06:01:00 - [TEST_STEP][PASSED] - tap(findTestObject("dynamic object/pickListItem_checkedTextView", ["text":varTahun]), 0): Tapped on element 'Object Repository/dynamic object/pickListItem_checkedTextView'

2019-11-27 06:01:00 - [MESSAGE][WARNING] - Timeout '0' is invalid. Using default page load timeout: '30'

2019-11-27 06:01:01 - [MESSAGE][PASSED] - Tapped on element 'Object Repository/dynamic object/pickListItem_checkedTextView'

2019-11-27 06:01:01 - [TEST_STEP][PASSED] - tap(findTestObject("Simulasi Kredit/Simulasi Kredit - Simulasi Kredit/SimulasiKredit_Tenor"), 0): Tapped on element 'Object Repository/Simulasi Kredit/Simulasi Kredit - Simulasi Kredit/SimulasiKredit_Tenor'

2019-11-27 06:01:01 - [MESSAGE][WARNING] - Timeout '0' is invalid. Using default page load timeout: '30'

2019-11-27 06:01:04 - [MESSAGE][PASSED] - Tapped on element 'Object Repository/Simulasi Kredit/Simulasi Kredit - Simulasi Kredit/SimulasiKredit_Tenor'

2019-11-27 06:01:04 - [TEST_STEP][PASSED] - tap(findTestObject("dynamic object/pickListItem_checkedTextView", ["text":varTenor]), 0): Tapped on element 'Object Repository/dynamic object/pickListItem_checkedTextView'

2019-11-27 06:01:04 - [MESSAGE][WARNING] - Timeout '0' is invalid. Using default page load timeout: '30'

2019-11-27 06:01:06 - [MESSAGE][PASSED] - Tapped on element 'Object Repository/dynamic object/pickListItem_checkedTextView'

2019-11-27 06:01:06 - [TEST_STEP][PASSED] - setText(findTestObject("Simulasi Kredit/Simulasi Kredit - Simulasi Kredit/SimulasiKredit_Inp OTR"), varOTR, 0): Text '210950000' has been set to element 'Object Repository/Simulasi Kredit/Simulasi Kredit - Simulasi Kredit/SimulasiKredit_Inp OTR'

2019-11-27 06:01:06 - [MESSAGE][WARNING] - Timeout '0' is invalid. Using default page load timeout: '30'

2019-11-27 06:01:08 - [MESSAGE][PASSED] - Text '210950000' has been set to element 'Object Repository/Simulasi Kredit/Simulasi Kredit - Simulasi Kredit/SimulasiKredit_Inp OTR'

2019-11-27 06:01:08 - [TEST_STEP][PASSED] - setText(findTestObject("Simulasi Kredit/Simulasi Kredit - Simulasi Kredit/SimulasiKredit_Inp RP"), varRP, 0): Text '94115000' has been set to element 'Object Repository/Simulasi Kredit/Simulasi Kredit - Simulasi Kredit/SimulasiKredit_Inp RP'

2019-11-27 06:01:08 - [MESSAGE][WARNING] - Timeout '0' is invalid. Using default page load timeout: '30'

2019-11-27 06:01:12 - [MESSAGE][PASSED] - Text '94115000' has been set to element 'Object Repository/Simulasi Kredit/Simulasi Kredit - Simulasi Kredit/SimulasiKredit_Inp RP'

2019-11-27 06:01:12 - [TEST_STEP][PASSED] - mobile.mobileSwipe.UpDown(0.5, 0.2, 1000): mobile.mobileSwipe.UpDown is PASSED

2019-11-27 06:01:13 - [MESSAGE][PASSED] - Current device physical height is 2131

2019-11-27 06:01:13 - [MESSAGE][INFO] - Device Height : 2131

2019-11-27 06:01:14 - [MESSAGE][PASSED] - Current device physical width is 1080

2019-11-27 06:01:14 - [MESSAGE][INFO] - Device Width : 1080

2019-11-27 06:01:14 - [MESSAGE][INFO] - Swipe start at Height : 1065

2019-11-27 06:01:14 - [MESSAGE][INFO] - Swipe end at Height : 426

2019-11-27 06:01:14 - [MESSAGE][INFO] - X Position : 1000

2019-11-27 06:01:16 - [MESSAGE][PASSED] - Swiped from 1,000,1,065 to 1,000,426

2019-11-27 06:01:16 - [MESSAGE][PASSED] - mobile.mobileSwipe.UpDown is PASSED

2019-11-27 06:01:16 - [TEST_STEP][PASSED] - setText(findTestObject("Simulasi Kredit/Simulasi Kredit - Simulasi Kredit/SimulasiKredit_Inp Dealer"), varDealer, 0): Text 'SETIAJAYA MOBILINDO,PT-BKS CBR' has been set to element 'Object Repository/Simulasi Kredit/Simulasi Kredit - Simulasi Kredit/SimulasiKredit_Inp Dealer'

2019-11-27 06:01:16 - [MESSAGE][WARNING] - Timeout '0' is invalid. Using default page load timeout: '30'

2019-11-27 06:01:17 - [MESSAGE][PASSED] - Text 'SETIAJAYA MOBILINDO,PT-BKS CBR' has been set to element 'Object Repository/Simulasi Kredit/Simulasi Kredit - Simulasi Kredit/SimulasiKredit_Inp Dealer'

2019-11-27 06:01:17 - [TEST_STEP][PASSED] - tap(findTestObject("Simulasi Kredit/Simulasi Kredit - Simulasi Kredit/SimulasiKredit_Inp Dealer"), 0): Tapped on element 'Object Repository/Simulasi Kredit/Simulasi Kredit - Simulasi Kredit/SimulasiKredit_Inp Dealer'

2019-11-27 06:01:17 - [MESSAGE][WARNING] - Timeout '0' is invalid. Using default page load timeout: '30'

2019-11-27 06:01:20 - [MESSAGE][PASSED] - Tapped on element 'Object Repository/Simulasi Kredit/Simulasi Kredit - Simulasi Kredit/SimulasiKredit_Inp Dealer'

2019-11-27 06:01:20 - [TEST_STEP][PASSED] - clearText(findTestObject("Simulasi Kredit/Simulasi Kredit - Simulasi Kredit/SimulasiKredit_Inp Dealer"), 0): Element 'Object Repository/Simulasi Kredit/Simulasi Kredit - Simulasi Kredit/SimulasiKredit_Inp Dealer' text is cleared

2019-11-27 06:01:20 - [MESSAGE][WARNING] - Timeout '0' is invalid. Using default page load timeout: '30'

2019-11-27 06:01:21 - [MESSAGE][PASSED] - Element 'Object Repository/Simulasi Kredit/Simulasi Kredit - Simulasi Kredit/SimulasiKredit_Inp Dealer' text is cleared

2019-11-27 06:01:21 - [TEST_STEP][PASSED] - setText(findTestObject("Simulasi Kredit/Simulasi Kredit - Simulasi Kredit/SimulasiKredit_Inp Dealer"), varDealer, 0): Text 'SETIAJAYA MOBILINDO,PT-BKS CBR' has been set to element 'Object Repository/Simulasi Kredit/Simulasi Kredit - Simulasi Kredit/SimulasiKredit_Inp Dealer'

2019-11-27 06:01:21 - [MESSAGE][WARNING] - Timeout '0' is invalid. Using default page load timeout: '30'

2019-11-27 06:01:23 - [MESSAGE][PASSED] - Text 'SETIAJAYA MOBILINDO,PT-BKS CBR' has been set to element 'Object Repository/Simulasi Kredit/Simulasi Kredit - Simulasi Kredit/SimulasiKredit_Inp Dealer'

2019-11-27 06:01:23 - [TEST_STEP][PASSED] - delay(4, STOP_ON_FAILURE): Delayed 4 second(s)

2019-11-27 06:01:27 - [MESSAGE][PASSED] - Delayed 4 second(s)

2019-11-27 06:01:27 - [TEST_STEP][PASSED] - tap(findTestObject("Simulasi Kredit/Simulasi Kredit - Simulasi Kredit/SimulasiKredit_LOV Dealer"), 0): Tapped on element 'Object Repository/Simulasi Kredit/Simulasi Kredit - Simulasi Kredit/SimulasiKredit_LOV Dealer'

2019-11-27 06:01:27 - [MESSAGE][WARNING] - Timeout '0' is invalid. Using default page load timeout: '30'

2019-11-27 06:01:29 - [MESSAGE][PASSED] - Tapped on element 'Object Repository/Simulasi Kredit/Simulasi Kredit - Simulasi Kredit/SimulasiKredit_LOV Dealer'

2019-11-27 06:01:29 - [TEST_STEP][PASSED] - setText(findTestObject("Simulasi Kredit/Simulasi Kredit - Simulasi Kredit/SimulasiKredit_Inp Sales Dealer"), varSales, 0): Text 'ROHILI' has been set to element 'Object Repository/Simulasi Kredit/Simulasi Kredit - Simulasi Kredit/SimulasiKredit_Inp Sales Dealer'

2019-11-27 06:01:29 - [MESSAGE][WARNING] - Timeout '0' is invalid. Using default page load timeout: '30'

2019-11-27 06:01:31 - [MESSAGE][PASSED] - Text 'ROHILI' has been set to element 'Object Repository/Simulasi Kredit/Simulasi Kredit - Simulasi Kredit/SimulasiKredit_Inp Sales Dealer'

2019-11-27 06:01:31 - [TEST_STEP][PASSED] - tap(findTestObject("Simulasi Kredit/Simulasi Kredit - Simulasi Kredit/SimulasiKredit_Inp Sales Dealer"), 0): Tapped on element 'Object Repository/Simulasi Kredit/Simulasi Kredit - Simulasi Kredit/SimulasiKredit_Inp Sales Dealer'

2019-11-27 06:01:31 - [MESSAGE][WARNING] - Timeout '0' is invalid. Using default page load timeout: '30'

2019-11-27 06:01:35 - [MESSAGE][PASSED] - Tapped on element 'Object Repository/Simulasi Kredit/Simulasi Kredit - Simulasi Kredit/SimulasiKredit_Inp Sales Dealer'

2019-11-27 06:01:35 - [TEST_STEP][PASSED] - tap(findTestObject("Simulasi Kredit/Simulasi Kredit - Simulasi Kredit/SimulasiKredit_LOV Sales Dealer"), 0): Tapped on element 'Object Repository/Simulasi Kredit/Simulasi Kredit - Simulasi Kredit/SimulasiKredit_LOV Sales Dealer'

2019-11-27 06:01:35 - [MESSAGE][WARNING] - Timeout '0' is invalid. Using default page load timeout: '30'

2019-11-27 06:01:38 - [MESSAGE][PASSED] - Tapped on element 'Object Repository/Simulasi Kredit/Simulasi Kredit - Simulasi Kredit/SimulasiKredit_LOV Sales Dealer'

2019-11-27 06:01:38 - [TEST_STEP][PASSED] - tap(findTestObject("Simulasi Kredit/Simulasi Kredit - Simulasi Kredit/SimulasiKredit_Btn Hitung"), 0): Tapped on element 'Object Repository/Simulasi Kredit/Simulasi Kredit - Simulasi Kredit/SimulasiKredit_Btn Hitung'

2019-11-27 06:01:39 - [MESSAGE][WARNING] - Timeout '0' is invalid. Using default page load timeout: '30'

2019-11-27 06:01:42 - [MESSAGE][PASSED] - Tapped on element 'Object Repository/Simulasi Kredit/Simulasi Kredit - Simulasi Kredit/SimulasiKredit_Btn Hitung'

2019-11-27 06:01:42 - [TEST_STEP][PASSED] - delay(20, STOP_ON_FAILURE): Delayed 20 second(s)

2019-11-27 06:02:02 - [MESSAGE][PASSED] - Delayed 20 second(s)

2019-11-27 06:02:02 - [TEST_STEP][PASSED] - tap(findTestObject("Simulasi Kredit/Simulasi Kredit - Simulasi Kredit/SimulasiKredit_Btn Berikutnya"), 0): Tapped on element 'Object Repository/Simulasi Kredit/Simulasi Kredit - Simulasi Kredit/SimulasiKredit_Btn Berikutnya'

2019-11-27 06:02:02 - [MESSAGE][WARNING] - Timeout '0' is invalid. Using default page load timeout: '30'

2019-11-27 06:02:05 - [MESSAGE][PASSED] - Tapped on element 'Object Repository/Simulasi Kredit/Simulasi Kredit - Simulasi Kredit/SimulasiKredit_Btn Berikutnya'

2019-11-27 06:02:05 - [TEST_STEP][PASSED] - delay(1, STOP_ON_FAILURE): Delayed 1 second(s)

2019-11-27 06:02:06 - [MESSAGE][PASSED] - Delayed 1 second(s)

2019-11-27 06:02:06 - [TEST_STEP][PASSED] - waitForElementPresent(findTestObject("Simulasi Kredit/Simulasi Kredit - Asuransi/Asuransi_Nama Asuransi"), 0): Element 'Object Repository/Simulasi Kredit/Simulasi Kredit - Asuransi/Asuransi_Nama Asuransi' is present

2019-11-27 06:02:06 - [MESSAGE][WARNING] - Timeout '0' is invalid. Using default page load timeout: '30'

2019-11-27 06:02:07 - [MESSAGE][PASSED] - Element 'Object Repository/Simulasi Kredit/Simulasi Kredit - Asuransi/Asuransi_Nama Asuransi' is present

2019-11-27 06:02:07 - [MESSAGE][PASSED] - Call Test Case 'Test Cases/Data Entry/Simulasi Kredit/Simulasi Kredit/MASTER FLOW/TC_Simulasi Kredit - MASTER FLOW' successfully

2019-11-27 06:02:07 - [TEST_STEP][PASSED] - callTestCase(findTestCase("Data Entry/Simulasi Kredit/Simulasi Kredit - Asuransi/MASTER FLOW/TC_Asuransi - MASTER FLOW"), ["varAsuransi":varAsuransi, "varKodeWilayah":varKodeWilayah], STOP_ON_FAILURE): Call Test Case 'Test Cases/Data Entry/Simulasi Kredit/Simulasi Kredit - Asuransi/MASTER FLOW/TC_Asuransi - MASTER FLOW' successfully

2019-11-27 06:02:07 - [TEST_CASE][PASSED] - Test Cases/Data Entry/Simulasi Kredit/Simulasi Kredit - Asuransi/MASTER FLOW/TC_Asuransi - MASTER FLOW: Test Cases/Data Entry/Simulasi Kredit/Simulasi Kredit - Asuransi/MASTER FLOW/TC_Asuransi - MASTER FLOW

2019-11-27 06:02:07 - [TEST_STEP][PASSED] - delay(2, STOP_ON_FAILURE): Delayed 2 second(s)

2019-11-27 06:02:09 - [MESSAGE][PASSED] - Delayed 2 second(s)

2019-11-27 06:02:09 - [TEST_STEP][PASSED] - tap(findTestObject("Simulasi Kredit/Simulasi Kredit - Asuransi/Asuransi_Nama Asuransi"), 0): Tapped on element 'Object Repository/Simulasi Kredit/Simulasi Kredit - Asuransi/Asuransi_Nama Asuransi'

2019-11-27 06:02:09 - [MESSAGE][WARNING] - Timeout '0' is invalid. Using default page load timeout: '30'

2019-11-27 06:02:12 - [MESSAGE][PASSED] - Tapped on element 'Object Repository/Simulasi Kredit/Simulasi Kredit - Asuransi/Asuransi_Nama Asuransi'

2019-11-27 06:02:12 - [TEST_STEP][PASSED] - setText(findTestObject("Simulasi Kredit/Simulasi Kredit - Asuransi/Asuransi_Nama Asuransi"), varAsuransi, 0): Text 'PT AAB REGULER OJK 2017(305001)' has been set to element 'Object Repository/Simulasi Kredit/Simulasi Kredit - Asuransi/Asuransi_Nama Asuransi'

2019-11-27 06:02:12 - [MESSAGE][WARNING] - Timeout '0' is invalid. Using default page load timeout: '30'

2019-11-27 06:02:16 - [MESSAGE][PASSED] - Text 'PT AAB REGULER OJK 2017(305001)' has been set to element 'Object Repository/Simulasi Kredit/Simulasi Kredit - Asuransi/Asuransi_Nama Asuransi'

2019-11-27 06:02:16 - [TEST_STEP][PASSED] - tap(findTestObject("Simulasi Kredit/Simulasi Kredit - Asuransi/Asuransi_LOV Nama Asuransi"), 0): Tapped on element 'Object Repository/Simulasi Kredit/Simulasi Kredit - Asuransi/Asuransi_LOV Nama Asuransi'

2019-11-27 06:02:16 - [MESSAGE][WARNING] - Timeout '0' is invalid. Using default page load timeout: '30'

2019-11-27 06:02:20 - [MESSAGE][PASSED] - Tapped on element 'Object Repository/Simulasi Kredit/Simulasi Kredit - Asuransi/Asuransi_LOV Nama Asuransi'

2019-11-27 06:02:20 - [TEST_STEP][PASSED] - delay(1, STOP_ON_FAILURE): Delayed 1 second(s)

2019-11-27 06:02:21 - [MESSAGE][PASSED] - Delayed 1 second(s)

2019-11-27 06:02:21 - [TEST_STEP][PASSED] - tap(findTestObject("Simulasi Kredit/Simulasi Kredit - Asuransi/Asuransi_KDWilayah"), 0): Tapped on element 'Object Repository/Simulasi Kredit/Simulasi Kredit - Asuransi/Asuransi_KDWilayah'

2019-11-27 06:02:21 - [MESSAGE][WARNING] - Timeout '0' is invalid. Using default page load timeout: '30'

2019-11-27 06:02:24 - [MESSAGE][PASSED] - Tapped on element 'Object Repository/Simulasi Kredit/Simulasi Kredit - Asuransi/Asuransi_KDWilayah'

2019-11-27 06:02:24 - [TEST_STEP][PASSED] - tap(findTestObject("dynamic object/pickListItem_checkedTextView", ["text":varKodeWilayah]), 0): Tapped on element 'Object Repository/dynamic object/pickListItem_checkedTextView'

2019-11-27 06:02:24 - [MESSAGE][WARNING] - Timeout '0' is invalid. Using default page load timeout: '30'

2019-11-27 06:02:25 - [MESSAGE][PASSED] - Tapped on element 'Object Repository/dynamic object/pickListItem_checkedTextView'

2019-11-27 06:02:25 - [TEST_STEP][PASSED] - tap(findTestObject("Simulasi Kredit/Simulasi Kredit - Asuransi/asuransi_BtnARPlus"), 0): Tapped on element 'Object Repository/Simulasi Kredit/Simulasi Kredit - Asuransi/asuransi_BtnARPlus'

2019-11-27 06:02:25 - [MESSAGE][WARNING] - Timeout '0' is invalid. Using default page load timeout: '30'

2019-11-27 06:02:27 - [MESSAGE][PASSED] - Tapped on element 'Object Repository/Simulasi Kredit/Simulasi Kredit - Asuransi/asuransi_BtnARPlus'

2019-11-27 06:02:27 - [TEST_STEP][PASSED] - tap(findTestObject("Simulasi Kredit/Simulasi Kredit - Asuransi/asuransi_BtnCashPlus"), 0): Tapped on element 'Object Repository/Simulasi Kredit/Simulasi Kredit - Asuransi/asuransi_BtnCashPlus'

2019-11-27 06:02:27 - [MESSAGE][WARNING] - Timeout '0' is invalid. Using default page load timeout: '30'

2019-11-27 06:02:29 - [MESSAGE][PASSED] - Tapped on element 'Object Repository/Simulasi Kredit/Simulasi Kredit - Asuransi/asuransi_BtnCashPlus'

2019-11-27 06:02:29 - [TEST_STEP][PASSED] - delay(2, STOP_ON_FAILURE): Delayed 2 second(s)

2019-11-27 06:02:31 - [MESSAGE][PASSED] - Delayed 2 second(s)

2019-11-27 06:02:31 - [TEST_STEP][PASSED] - tap(findTestObject("Simulasi Kredit/Simulasi Kredit - Asuransi/Asuransi_Hitung"), 0): Tapped on element 'Object Repository/Simulasi Kredit/Simulasi Kredit - Asuransi/Asuransi_Hitung'

2019-11-27 06:02:32 - [MESSAGE][WARNING] - Timeout '0' is invalid. Using default page load timeout: '30'

2019-11-27 06:02:34 - [MESSAGE][PASSED] - Tapped on element 'Object Repository/Simulasi Kredit/Simulasi Kredit - Asuransi/Asuransi_Hitung'

2019-11-27 06:02:34 - [TEST_STEP][PASSED] - delay(40, STOP_ON_FAILURE): Delayed 40 second(s)

2019-11-27 06:03:14 - [MESSAGE][PASSED] - Delayed 40 second(s)

2019-11-27 06:03:14 - [TEST_STEP][PASSED] - tap(findTestObject("Simulasi Kredit/Simulasi Kredit - Asuransi/Asuransi_Berikutnya"), 0): Tapped on element 'Object Repository/Simulasi Kredit/Simulasi Kredit - Asuransi/Asuransi_Berikutnya'

2019-11-27 06:03:14 - [MESSAGE][WARNING] - Timeout '0' is invalid. Using default page load timeout: '30'

2019-11-27 06:03:17 - [MESSAGE][PASSED] - Tapped on element 'Object Repository/Simulasi Kredit/Simulasi Kredit - Asuransi/Asuransi_Berikutnya'

2019-11-27 06:03:17 - [MESSAGE][PASSED] - Call Test Case 'Test Cases/Data Entry/Simulasi Kredit/Simulasi Kredit - Asuransi/MASTER FLOW/TC_Asuransi - MASTER FLOW' successfully

2019-11-27 06:03:17 - [TEST_STEP][PASSED] - callTestCase(findTestCase("Data Entry/Simulasi Kredit/Kategori Loan/MASTER FLOW/TC_Kategori Loan - Master FLOW"), ["varOpsiNPWP":varOpsiNPWP], STOP_ON_FAILURE): Call Test Case 'Test Cases/Data Entry/Simulasi Kredit/Kategori Loan/MASTER FLOW/TC_Kategori Loan - Master FLOW' successfully

2019-11-27 06:03:17 - [TEST_CASE][PASSED] - Test Cases/Data Entry/Simulasi Kredit/Kategori Loan/MASTER FLOW/TC_Kategori Loan - Master FLOW: Test Cases/Data Entry/Simulasi Kredit/Kategori Loan/MASTER FLOW/TC_Kategori Loan - Master FLOW

2019-11-27 06:03:17 - [TEST_STEP][PASSED] - switch (varOpsiNPWP.toString()): null

2019-11-27 06:03:17 - [TEST_STEP][PASSED] - case "Approval":: null

2019-11-27 06:03:17 - [TEST_STEP][PASSED] - tap(findTestObject("Simulasi Kredit/Simulasi Kredit - Kategori Loan/KategoriLoan_Opsi NPWP Approval"), 0): Tapped on element 'Object Repository/Simulasi Kredit/Simulasi Kredit - Kategori Loan/KategoriLoan_Opsi NPWP Approval'

2019-11-27 06:03:17 - [MESSAGE][WARNING] - Timeout '0' is invalid. Using default page load timeout: '30'

2019-11-27 06:03:19 - [MESSAGE][PASSED] - Tapped on element 'Object Repository/Simulasi Kredit/Simulasi Kredit - Kategori Loan/KategoriLoan_Opsi NPWP Approval'

2019-11-27 06:03:19 - [TEST_STEP][PASSED] - break: null

2019-11-27 06:03:19 - [TEST_STEP][PASSED] - delay(2, STOP_ON_FAILURE): Delayed 2 second(s)

2019-11-27 06:03:21 - [MESSAGE][PASSED] - Delayed 2 second(s)

2019-11-27 06:03:21 - [TEST_STEP][PASSED] - tap(findTestObject("Simulasi Kredit/Simulasi Kredit - Kategori Loan/KategoriLoan_Berikutnya"), 0): Tapped on element 'Object Repository/Simulasi Kredit/Simulasi Kredit - Kategori Loan/KategoriLoan_Berikutnya'

2019-11-27 06:03:21 - [MESSAGE][WARNING] - Timeout '0' is invalid. Using default page load timeout: '30'

2019-11-27 06:03:23 - [MESSAGE][PASSED] - Tapped on element 'Object Repository/Simulasi Kredit/Simulasi Kredit - Kategori Loan/KategoriLoan_Berikutnya'

2019-11-27 06:03:23 - [MESSAGE][PASSED] - Call Test Case 'Test Cases/Data Entry/Simulasi Kredit/Kategori Loan/MASTER FLOW/TC_Kategori Loan - Master FLOW' successfully

2019-11-27 06:03:23 - [TEST_STEP][PASSED] - callTestCase(findTestCase("Data Entry/Simulasi Kredit/Loan Detail/MASTER FLOW/TC_Loan Detail - MASTER FLOW"), [:], STOP_ON_FAILURE): Call Test Case 'Test Cases/Data Entry/Simulasi Kredit/Loan Detail/MASTER FLOW/TC_Loan Detail - MASTER FLOW' successfully

2019-11-27 06:03:23 - [TEST_CASE][PASSED] - Test Cases/Data Entry/Simulasi Kredit/Loan Detail/MASTER FLOW/TC_Loan Detail - MASTER FLOW: Test Cases/Data Entry/Simulasi Kredit/Loan Detail/MASTER FLOW/TC_Loan Detail - MASTER FLOW

2019-11-27 06:03:23 - [TEST_STEP][PASSED] - mobile.mobileSwipe.RightLeft(0.9, 0.5, 600): mobile.mobileSwipe.RightLeft is PASSED

2019-11-27 06:03:24 - [MESSAGE][PASSED] - Current device physical width is 1080

2019-11-27 06:03:25 - [MESSAGE][PASSED] - Current device physical height is 2131

2019-11-27 06:03:25 - [MESSAGE][INFO] - Device Height : 2131

2019-11-27 06:03:25 - [MESSAGE][INFO] - Device Width : 1080

2019-11-27 06:03:25 - [MESSAGE][INFO] - Swipe start at Width : 971

2019-11-27 06:03:25 - [MESSAGE][INFO] - Swipe end at Witdh : 540

2019-11-27 06:03:25 - [MESSAGE][INFO] - Y Position : 600

2019-11-27 06:03:28 - [MESSAGE][PASSED] - Swiped from 971,600 to 540,600

2019-11-27 06:03:28 - [MESSAGE][PASSED] - mobile.mobileSwipe.RightLeft is PASSED

2019-11-27 06:03:28 - [TEST_STEP][PASSED] - delay(3, STOP_ON_FAILURE): Delayed 3 second(s)

2019-11-27 06:03:31 - [MESSAGE][PASSED] - Delayed 3 second(s)

2019-11-27 06:03:31 - [TEST_STEP][PASSED] - mobile.mobileSwipe.UpDown(0.8, 0.4, 1000): mobile.mobileSwipe.UpDown is PASSED

2019-11-27 06:03:31 - [MESSAGE][PASSED] - Current device physical height is 2131

2019-11-27 06:03:31 - [MESSAGE][INFO] - Device Height : 2131

2019-11-27 06:03:32 - [MESSAGE][PASSED] - Current device physical width is 1080

2019-11-27 06:03:32 - [MESSAGE][INFO] - Device Width : 1080

2019-11-27 06:03:32 - [MESSAGE][INFO] - Swipe start at Height : 1704

2019-11-27 06:03:32 - [MESSAGE][INFO] - Swipe end at Height : 852

2019-11-27 06:03:32 - [MESSAGE][INFO] - X Position : 1000

2019-11-27 06:03:35 - [MESSAGE][PASSED] - Swiped from 1,000,1,704 to 1,000,852

2019-11-27 06:03:35 - [MESSAGE][PASSED] - mobile.mobileSwipe.UpDown is PASSED

2019-11-27 06:03:35 - [TEST_STEP][PASSED] - delay(7, STOP_ON_FAILURE): Delayed 7 second(s)

2019-11-27 06:03:42 - [MESSAGE][PASSED] - Delayed 7 second(s)

2019-11-27 06:03:42 - [TEST_STEP][PASSED] - tap(findTestObject("Simulasi Kredit/Simulasi Kredit - Loan Detail/LoanDetail_Hitung"), 0): Tapped on element 'Object Repository/Simulasi Kredit/Simulasi Kredit - Loan Detail/LoanDetail_Hitung'

2019-11-27 06:03:42 - [MESSAGE][WARNING] - Timeout '0' is invalid. Using default page load timeout: '30'

2019-11-27 06:03:44 - [MESSAGE][PASSED] - Tapped on element 'Object Repository/Simulasi Kredit/Simulasi Kredit - Loan Detail/LoanDetail_Hitung'

2019-11-27 06:03:44 - [TEST_STEP][PASSED] - delay(10, STOP_ON_FAILURE): Delayed 10 second(s)

2019-11-27 06:03:54 - [MESSAGE][PASSED] - Delayed 10 second(s)

2019-11-27 06:03:54 - [TEST_STEP][PASSED] - tap(findTestObject("Simulasi Kredit/Simulasi Kredit - Loan Detail/LoanDetail_Berikutnya"), 0): Tapped on element 'Object Repository/Simulasi Kredit/Simulasi Kredit - Loan Detail/LoanDetail_Berikutnya'

2019-11-27 06:03:54 - [MESSAGE][WARNING] - Timeout '0' is invalid. Using default page load timeout: '30'

2019-11-27 06:03:57 - [MESSAGE][PASSED] - Tapped on element 'Object Repository/Simulasi Kredit/Simulasi Kredit - Loan Detail/LoanDetail_Berikutnya'

2019-11-27 06:03:57 - [TEST_STEP][PASSED] - delay(10, STOP_ON_FAILURE): Delayed 10 second(s)

2019-11-27 06:04:07 - [MESSAGE][PASSED] - Delayed 10 second(s)

2019-11-27 06:04:07 - [TEST_STEP][PASSED] - tap(findTestObject("Simulasi Kredit/Simulasi Kredit - Loan Detail/LoanDetail_Berikutnya"), 0): Tapped on element 'Object Repository/Simulasi Kredit/Simulasi Kredit - Loan Detail/LoanDetail_Berikutnya'

2019-11-27 06:04:07 - [MESSAGE][WARNING] - Timeout '0' is invalid. Using default page load timeout: '30'

2019-11-27 06:04:09 - [MESSAGE][PASSED] - Tapped on element 'Object Repository/Simulasi Kredit/Simulasi Kredit - Loan Detail/LoanDetail_Berikutnya'

2019-11-27 06:04:09 - [TEST_STEP][PASSED] - delay(10, STOP_ON_FAILURE): Delayed 10 second(s)

2019-11-27 06:04:19 - [MESSAGE][PASSED] - Delayed 10 second(s)

2019-11-27 06:04:19 - [MESSAGE][PASSED] - Call Test Case 'Test Cases/Data Entry/Simulasi Kredit/Loan Detail/MASTER FLOW/TC_Loan Detail - MASTER FLOW' successfully

2019-11-27 06:04:19 - [TEST_STEP][PASSED] - callTestCase(findTestCase("Data Entry/Upload Document/Borrower/MASTER FLOW/TC_Upload Document - borrower - MASTER FLOW"), ["Borrower_varKTP":Borrower_varKTP], STOP_ON_FAILURE): Call Test Case 'Test Cases/Data Entry/Upload Document/Borrower/MASTER FLOW/TC_Upload Document - borrower - MASTER FLOW' successfully

2019-11-27 06:04:19 - [TEST_CASE][PASSED] - Test Cases/Data Entry/Upload Document/Borrower/MASTER FLOW/TC_Upload Document - borrower - MASTER FLOW: Test Cases/Data Entry/Upload Document/Borrower/MASTER FLOW/TC_Upload Document - borrower - MASTER FLOW

2019-11-27 06:04:19 - [TEST_STEP][PASSED] - tap(findTestObject("Upload Document/Upload Document - Item Upload/UnggahDokumen_BtnKTP"), 0): Tapped on element 'Object Repository/Upload Document/Upload Document - Item Upload/UnggahDokumen_BtnKTP'

2019-11-27 06:04:19 - [MESSAGE][WARNING] - Timeout '0' is invalid. Using default page load timeout: '30'

2019-11-27 06:04:22 - [MESSAGE][PASSED] - Tapped on element 'Object Repository/Upload Document/Upload Document - Item Upload/UnggahDokumen_BtnKTP'

2019-11-27 06:04:22 - [TEST_STEP][PASSED] - if (verifyElementVisible(findTestObject("Upload Document/Upload Document - Item Upload/UnggahDokumen_BtnGallery"), 3, OPTIONAL)): Element 'Object Repository/Upload Document/Upload Document - Item Upload/UnggahDokumen_BtnGallery' not found

2019-11-27 06:04:27 - [MESSAGE][WARNING] - Element 'Object Repository/Upload Document/Upload Document - Item Upload/UnggahDokumen_BtnGallery' not found
[[ATTACHMENT|C:\\Users\\15420\\git\\ACCME-Dupcheck\\Reports\\20191127_053813\\data entry dupcek\\20191127_053813\\1574809465947.png]]

2019-11-27 06:04:27 - [TEST_STEP][PASSED] - else: Tapped on element 'Object Repository/Upload Document/android.view.View168 -  Gallery'

2019-11-27 06:04:27 - [TEST_STEP][PASSED] - tap(findTestObject("Upload Document/android.view.View168 -  Gallery"), 0): Tapped on element 'Object Repository/Upload Document/android.view.View168 -  Gallery'

2019-11-27 06:04:27 - [MESSAGE][WARNING] - Timeout '0' is invalid. Using default page load timeout: '30'

2019-11-27 06:04:30 - [MESSAGE][PASSED] - Tapped on element 'Object Repository/Upload Document/android.view.View168 -  Gallery'

2019-11-27 06:04:30 - [TEST_STEP][PASSED] - scrollToText(Borrower_varKTP, STOP_ON_FAILURE): Scrolling to text 'abc.jpg' successfully

2019-11-27 06:04:32 - [MESSAGE][PASSED] - Scrolling to text 'abc.jpg' successfully

2019-11-27 06:04:32 - [TEST_STEP][PASSED] - tap(findTestObject("dynamic object/pickListItem_TextView", ["text":Borrower_varKTP]), 0): Tapped on element 'Object Repository/dynamic object/pickListItem_TextView'

2019-11-27 06:04:32 - [MESSAGE][WARNING] - Timeout '0' is invalid. Using default page load timeout: '30'

2019-11-27 06:04:34 - [MESSAGE][PASSED] - Tapped on element 'Object Repository/dynamic object/pickListItem_TextView'

2019-11-27 06:04:34 - [TEST_STEP][PASSED] - delay(10, STOP_ON_FAILURE): Delayed 10 second(s)

2019-11-27 06:04:44 - [MESSAGE][PASSED] - Delayed 10 second(s)

2019-11-27 06:04:44 - [MESSAGE][PASSED] - Call Test Case 'Test Cases/Data Entry/Upload Document/Borrower/MASTER FLOW/TC_Upload Document - borrower - MASTER FLOW' successfully

2019-11-27 06:04:44 - [TEST_STEP][PASSED] - tap(findTestObject("dynamic object/BtnBerikutnya"), 0): Tapped on element 'Object Repository/dynamic object/BtnBerikutnya'

2019-11-27 06:04:44 - [MESSAGE][WARNING] - Timeout '0' is invalid. Using default page load timeout: '30'

2019-11-27 06:04:46 - [MESSAGE][PASSED] - Tapped on element 'Object Repository/dynamic object/BtnBerikutnya'

2019-11-27 06:04:46 - [TEST_STEP][PASSED] - delay(30, STOP_ON_FAILURE): Delayed 30 second(s)

2019-11-27 06:05:16 - [MESSAGE][PASSED] - Delayed 30 second(s)

2019-11-27 06:05:16 - [TEST_STEP][FAILED] - callTestCase(findTestCase("Data Entry/Borrower/Flow Borrower"), ["BIvarNoKTP":BIvarNoKTP, "BIvarAgama":BIvarAgama, "BIvarStatusPerkawinan":BIvarStatusPerkawinan, "BEvarRT":BEvarRT, "BEvarRW":BEvarRW, ... ], STOP_ON_FAILURE): Unable to call Test Case 'Test Cases/Data Entry/Borrower/Flow Borrower' (Root cause: com.kms.katalon.core.exception.StepFailedException: Call Test Case 'Test Cases/Data Entry/Borrower/Flow Borrower' failed
	at com.kms.katalon.core.keyword.builtin.CallTestCaseKeyword$_callTestCase_closure1.doCall(CallTestCaseKeyword.groovy:63)
	at com.kms.katalon.core.keyword.builtin.CallTestCaseKeyword$_callTestCase_closure1.call(CallTestCaseKeyword.groovy)
	at com.kms.katalon.core.keyword.internal.KeywordMain.runKeyword(KeywordMain.groovy:68)
	at com.kms.katalon.core.keyword.builtin.CallTestCaseKeyword.callTestCase(CallTestCaseKeyword.groovy:81)
	at com.kms.katalon.core.keyword.builtin.CallTestCaseKeyword.execute(CallTestCaseKeyword.groovy:44)
	at com.kms.katalon.core.keyword.internal.KeywordExecutor.executeKeywordForPlatform(KeywordExecutor.groovy:60)
	at com.kms.katalon.core.keyword.BuiltinKeywords.callTestCase(BuiltinKeywords.groovy:334)
	at TC_Data Entry.run(TC_Data Entry:42)
	at com.kms.katalon.core.main.ScriptEngine.run(ScriptEngine.java:194)
	at com.kms.katalon.core.main.ScriptEngine.runScriptAsRawText(ScriptEngine.java:119)
	at com.kms.katalon.core.main.TestCaseExecutor.runScript(TestCaseExecutor.java:337)
	at com.kms.katalon.core.main.TestCaseExecutor.doExecute(TestCaseExecutor.java:328)
	at com.kms.katalon.core.main.TestCaseExecutor.processExecutionPhase(TestCaseExecutor.java:307)
	at com.kms.katalon.core.main.TestCaseExecutor.accessMainPhase(TestCaseExecutor.java:299)
	at com.kms.katalon.core.main.TestCaseExecutor.execute(TestCaseExecutor.java:233)
	at com.kms.katalon.core.main.TestSuiteExecutor.accessTestCaseMainPhase(TestSuiteExecutor.java:169)
	at com.kms.katalon.core.main.TestSuiteExecutor.accessTestSuiteMainPhase(TestSuiteExecutor.java:142)
	at com.kms.katalon.core.main.TestSuiteExecutor.execute(TestSuiteExecutor.java:91)
	at com.kms.katalon.core.main.TestCaseMain.startTestSuite(TestCaseMain.java:157)
	at com.kms.katalon.core.main.TestCaseMain$startTestSuite$0.call(Unknown Source)
	at TempTestSuite1574807893706.run(TempTestSuite1574807893706.groovy:36)
Caused by: com.kms.katalon.core.exception.StepFailedException: Call Test Case 'Test Cases/Data Entry/Borrower/Borrower - Identitas/MASTER FLOW/TC_Borrower - Identitas - MASTER FLOW' failed
	at com.kms.katalon.core.keyword.builtin.CallTestCaseKeyword$_callTestCase_closure1.doCall(CallTestCaseKeyword.groovy:63)
	at com.kms.katalon.core.keyword.builtin.CallTestCaseKeyword$_callTestCase_closure1.call(CallTestCaseKeyword.groovy)
	at com.kms.katalon.core.keyword.internal.KeywordMain.runKeyword(KeywordMain.groovy:68)
	at com.kms.katalon.core.keyword.builtin.CallTestCaseKeyword.callTestCase(CallTestCaseKeyword.groovy:81)
	at com.kms.katalon.core.keyword.builtin.CallTestCaseKeyword.execute(CallTestCaseKeyword.groovy:44)
	at com.kms.katalon.core.keyword.internal.KeywordExecutor.executeKeywordForPlatform(KeywordExecutor.groovy:60)
	at com.kms.katalon.core.keyword.BuiltinKeywords.callTestCase(BuiltinKeywords.groovy:334)
	at Flow Borrower.run(Flow Borrower:16)
	at com.kms.katalon.core.main.ScriptEngine.run(ScriptEngine.java:194)
	at com.kms.katalon.core.main.ScriptEngine.runScriptAsRawText(ScriptEngine.java:119)
	at com.kms.katalon.core.main.TestCaseExecutor.runScript(TestCaseExecutor.java:337)
	at com.kms.katalon.core.main.TestCaseExecutor.doExecute(TestCaseExecutor.java:328)
	at com.kms.katalon.core.main.TestCaseExecutor.processExecutionPhase(TestCaseExecutor.java:307)
	at com.kms.katalon.core.main.TestCaseExecutor.accessMainPhase(TestCaseExecutor.java:299)
	at com.kms.katalon.core.main.TestCaseExecutor.execute(TestCaseExecutor.java:233)
	at com.kms.katalon.core.main.TestCaseMain.runTestCase(TestCaseMain.java:114)
	at com.kms.katalon.core.keyword.builtin.CallTestCaseKeyword$_callTestCase_closure1.doCall(CallTestCaseKeyword.groovy:59)
	... 20 more
Caused by: com.kms.katalon.core.exception.StepFailedException: Object Object Repository/Borrower/Borrower - Identitas/Borrower_InpNoKTP not found
	at com.kms.katalon.core.keyword.internal.KeywordMain.stepFailed(KeywordMain.groovy:50)
	at com.kms.katalon.core.mobile.keyword.internal.MobileKeywordMain.stepFailed(MobileKeywordMain.groovy:40)
	at com.kms.katalon.core.mobile.keyword.builtin.SetTextKeyword$_setText_closure1.doCall(SetTextKeyword.groovy:76)
	at com.kms.katalon.core.mobile.keyword.builtin.SetTextKeyword$_setText_closure1.call(SetTextKeyword.groovy)
	at com.kms.katalon.core.mobile.keyword.internal.MobileKeywordMain.runKeyword(MobileKeywordMain.groovy:21)
	at com.kms.katalon.core.mobile.keyword.builtin.SetTextKeyword.setText(SetTextKeyword.groovy:83)
	at com.kms.katalon.core.mobile.keyword.builtin.SetTextKeyword.execute(SetTextKeyword.groovy:66)
	at com.kms.katalon.core.keyword.internal.KeywordExecutor.executeKeywordForPlatform(KeywordExecutor.groovy:60)
	at com.kms.katalon.core.mobile.keyword.MobileBuiltInKeywords.setText(MobileBuiltInKeywords.groovy:491)
	at com.kms.katalon.core.mobile.keyword.MobileBuiltInKeywords$setText$2.call(Unknown Source)
	at TC_Borrower - Identitas - MASTER FLOW.run(TC_Borrower - Identitas - MASTER FLOW:18)
	at com.kms.katalon.core.main.ScriptEngine.run(ScriptEngine.java:194)
	at com.kms.katalon.core.main.ScriptEngine.runScriptAsRawText(ScriptEngine.java:119)
	at com.kms.katalon.core.main.TestCaseExecutor.runScript(TestCaseExecutor.java:337)
	at com.kms.katalon.core.main.TestCaseExecutor.doExecute(TestCaseExecutor.java:328)
	at com.kms.katalon.core.main.TestCaseExecutor.processExecutionPhase(TestCaseExecutor.java:307)
	at com.kms.katalon.core.main.TestCaseExecutor.accessMainPhase(TestCaseExecutor.java:299)
	at com.kms.katalon.core.main.TestCaseExecutor.execute(TestCaseExecutor.java:233)
	at com.kms.katalon.core.main.TestCaseMain.runTestCase(TestCaseMain.java:114)
	at com.kms.katalon.core.keyword.builtin.CallTestCaseKeyword$_callTestCase_closure1.doCall(CallTestCaseKeyword.groovy:59)
	... 36 more
)

2019-11-27 06:05:16 - [TEST_CASE][FAILED] - Test Cases/Data Entry/Borrower/Flow Borrower: Test Cases/Data Entry/Borrower/Flow Borrower FAILED.
Reason:
com.kms.katalon.core.exception.StepFailedException: Call Test Case 'Test Cases/Data Entry/Borrower/Borrower - Identitas/MASTER FLOW/TC_Borrower - Identitas - MASTER FLOW' failed
	at com.kms.katalon.core.keyword.builtin.CallTestCaseKeyword$_callTestCase_closure1.doCall(CallTestCaseKeyword.groovy:63)
	at com.kms.katalon.core.keyword.builtin.CallTestCaseKeyword$_callTestCase_closure1.call(CallTestCaseKeyword.groovy)
	at com.kms.katalon.core.keyword.internal.KeywordMain.runKeyword(KeywordMain.groovy:68)
	at com.kms.katalon.core.keyword.builtin.CallTestCaseKeyword.callTestCase(CallTestCaseKeyword.groovy:81)
	at com.kms.katalon.core.keyword.builtin.CallTestCaseKeyword.execute(CallTestCaseKeyword.groovy:44)
	at com.kms.katalon.core.keyword.internal.KeywordExecutor.executeKeywordForPlatform(KeywordExecutor.groovy:60)
	at com.kms.katalon.core.keyword.BuiltinKeywords.callTestCase(BuiltinKeywords.groovy:334)
	at Flow Borrower.run(Flow Borrower:16)
	at com.kms.katalon.core.main.ScriptEngine.run(ScriptEngine.java:194)
	at com.kms.katalon.core.main.ScriptEngine.runScriptAsRawText(ScriptEngine.java:119)
	at com.kms.katalon.core.main.TestCaseExecutor.runScript(TestCaseExecutor.java:337)
	at com.kms.katalon.core.main.TestCaseExecutor.doExecute(TestCaseExecutor.java:328)
	at com.kms.katalon.core.main.TestCaseExecutor.processExecutionPhase(TestCaseExecutor.java:307)
	at com.kms.katalon.core.main.TestCaseExecutor.accessMainPhase(TestCaseExecutor.java:299)
	at com.kms.katalon.core.main.TestCaseExecutor.execute(TestCaseExecutor.java:233)
	at com.kms.katalon.core.main.TestCaseMain.runTestCase(TestCaseMain.java:114)
	at com.kms.katalon.core.keyword.builtin.CallTestCaseKeyword$_callTestCase_closure1.doCall(CallTestCaseKeyword.groovy:59)
	at com.kms.katalon.core.keyword.builtin.CallTestCaseKeyword$_callTestCase_closure1.call(CallTestCaseKeyword.groovy)
	at com.kms.katalon.core.keyword.internal.KeywordMain.runKeyword(KeywordMain.groovy:68)
	at com.kms.katalon.core.keyword.builtin.CallTestCaseKeyword.callTestCase(CallTestCaseKeyword.groovy:81)
	at com.kms.katalon.core.keyword.builtin.CallTestCaseKeyword.execute(CallTestCaseKeyword.groovy:44)
	at com.kms.katalon.core.keyword.internal.KeywordExecutor.executeKeywordForPlatform(KeywordExecutor.groovy:60)
	at com.kms.katalon.core.keyword.BuiltinKeywords.callTestCase(BuiltinKeywords.groovy:334)
	at TC_Data Entry.run(TC_Data Entry:42)
	at com.kms.katalon.core.main.ScriptEngine.run(ScriptEngine.java:194)
	at com.kms.katalon.core.main.ScriptEngine.runScriptAsRawText(ScriptEngine.java:119)
	at com.kms.katalon.core.main.TestCaseExecutor.runScript(TestCaseExecutor.java:337)
	at com.kms.katalon.core.main.TestCaseExecutor.doExecute(TestCaseExecutor.java:328)
	at com.kms.katalon.core.main.TestCaseExecutor.processExecutionPhase(TestCaseExecutor.java:307)
	at com.kms.katalon.core.main.TestCaseExecutor.accessMainPhase(TestCaseExecutor.java:299)
	at com.kms.katalon.core.main.TestCaseExecutor.execute(TestCaseExecutor.java:233)
	at com.kms.katalon.core.main.TestSuiteExecutor.accessTestCaseMainPhase(TestSuiteExecutor.java:169)
	at com.kms.katalon.core.main.TestSuiteExecutor.accessTestSuiteMainPhase(TestSuiteExecutor.java:142)
	at com.kms.katalon.core.main.TestSuiteExecutor.execute(TestSuiteExecutor.java:91)
	at com.kms.katalon.core.main.TestCaseMain.startTestSuite(TestCaseMain.java:157)
	at com.kms.katalon.core.main.TestCaseMain$startTestSuite$0.call(Unknown Source)
	at TempTestSuite1574807893706.run(TempTestSuite1574807893706.groovy:36)
Caused by: com.kms.katalon.core.exception.StepFailedException: Object Object Repository/Borrower/Borrower - Identitas/Borrower_InpNoKTP not found
	at com.kms.katalon.core.keyword.internal.KeywordMain.stepFailed(KeywordMain.groovy:50)
	at com.kms.katalon.core.mobile.keyword.internal.MobileKeywordMain.stepFailed(MobileKeywordMain.groovy:40)
	at com.kms.katalon.core.mobile.keyword.builtin.SetTextKeyword$_setText_closure1.doCall(SetTextKeyword.groovy:76)
	at com.kms.katalon.core.mobile.keyword.builtin.SetTextKeyword$_setText_closure1.call(SetTextKeyword.groovy)
	at com.kms.katalon.core.mobile.keyword.internal.MobileKeywordMain.runKeyword(MobileKeywordMain.groovy:21)
	at com.kms.katalon.core.mobile.keyword.builtin.SetTextKeyword.setText(SetTextKeyword.groovy:83)
	at com.kms.katalon.core.mobile.keyword.builtin.SetTextKeyword.execute(SetTextKeyword.groovy:66)
	at com.kms.katalon.core.keyword.internal.KeywordExecutor.executeKeywordForPlatform(KeywordExecutor.groovy:60)
	at com.kms.katalon.core.mobile.keyword.MobileBuiltInKeywords.setText(MobileBuiltInKeywords.groovy:491)
	at com.kms.katalon.core.mobile.keyword.MobileBuiltInKeywords$setText$2.call(Unknown Source)
	at TC_Borrower - Identitas - MASTER FLOW.run(TC_Borrower - Identitas - MASTER FLOW:18)
	at com.kms.katalon.core.main.ScriptEngine.run(ScriptEngine.java:194)
	at com.kms.katalon.core.main.ScriptEngine.runScriptAsRawText(ScriptEngine.java:119)
	at com.kms.katalon.core.main.TestCaseExecutor.runScript(TestCaseExecutor.java:337)
	at com.kms.katalon.core.main.TestCaseExecutor.doExecute(TestCaseExecutor.java:328)
	at com.kms.katalon.core.main.TestCaseExecutor.processExecutionPhase(TestCaseExecutor.java:307)
	at com.kms.katalon.core.main.TestCaseExecutor.accessMainPhase(TestCaseExecutor.java:299)
	at com.kms.katalon.core.main.TestCaseExecutor.execute(TestCaseExecutor.java:233)
	at com.kms.katalon.core.main.TestCaseMain.runTestCase(TestCaseMain.java:114)
	at com.kms.katalon.core.keyword.builtin.CallTestCaseKeyword$_callTestCase_closure1.doCall(CallTestCaseKeyword.groovy:59)
	... 36 more


2019-11-27 06:05:16 - [TEST_STEP][FAILED] - callTestCase(findTestCase("Data Entry/Borrower/Borrower - Identitas/MASTER FLOW/TC_Borrower - Identitas - MASTER FLOW"), ["BIvarNoKTP":BIvarNoKTP, "BIvarAgama":BIvarAgama, "BIvarStatusPerkawinan":BIvarStatusPerkawinan, "BIvarTempatLahir":BIvarTempatLahir, ... ], STOP_ON_FAILURE): Unable to call Test Case 'Test Cases/Data Entry/Borrower/Borrower - Identitas/MASTER FLOW/TC_Borrower - Identitas - MASTER FLOW' (Root cause: com.kms.katalon.core.exception.StepFailedException: Call Test Case 'Test Cases/Data Entry/Borrower/Borrower - Identitas/MASTER FLOW/TC_Borrower - Identitas - MASTER FLOW' failed
	at com.kms.katalon.core.keyword.builtin.CallTestCaseKeyword$_callTestCase_closure1.doCall(CallTestCaseKeyword.groovy:63)
	at com.kms.katalon.core.keyword.builtin.CallTestCaseKeyword$_callTestCase_closure1.call(CallTestCaseKeyword.groovy)
	at com.kms.katalon.core.keyword.internal.KeywordMain.runKeyword(KeywordMain.groovy:68)
	at com.kms.katalon.core.keyword.builtin.CallTestCaseKeyword.callTestCase(CallTestCaseKeyword.groovy:81)
	at com.kms.katalon.core.keyword.builtin.CallTestCaseKeyword.execute(CallTestCaseKeyword.groovy:44)
	at com.kms.katalon.core.keyword.internal.KeywordExecutor.executeKeywordForPlatform(KeywordExecutor.groovy:60)
	at com.kms.katalon.core.keyword.BuiltinKeywords.callTestCase(BuiltinKeywords.groovy:334)
	at Flow Borrower.run(Flow Borrower:16)
	at com.kms.katalon.core.main.ScriptEngine.run(ScriptEngine.java:194)
	at com.kms.katalon.core.main.ScriptEngine.runScriptAsRawText(ScriptEngine.java:119)
	at com.kms.katalon.core.main.TestCaseExecutor.runScript(TestCaseExecutor.java:337)
	at com.kms.katalon.core.main.TestCaseExecutor.doExecute(TestCaseExecutor.java:328)
	at com.kms.katalon.core.main.TestCaseExecutor.processExecutionPhase(TestCaseExecutor.java:307)
	at com.kms.katalon.core.main.TestCaseExecutor.accessMainPhase(TestCaseExecutor.java:299)
	at com.kms.katalon.core.main.TestCaseExecutor.execute(TestCaseExecutor.java:233)
	at com.kms.katalon.core.main.TestCaseMain.runTestCase(TestCaseMain.java:114)
	at com.kms.katalon.core.keyword.builtin.CallTestCaseKeyword$_callTestCase_closure1.doCall(CallTestCaseKeyword.groovy:59)
	at com.kms.katalon.core.keyword.builtin.CallTestCaseKeyword$_callTestCase_closure1.call(CallTestCaseKeyword.groovy)
	at com.kms.katalon.core.keyword.internal.KeywordMain.runKeyword(KeywordMain.groovy:68)
	at com.kms.katalon.core.keyword.builtin.CallTestCaseKeyword.callTestCase(CallTestCaseKeyword.groovy:81)
	at com.kms.katalon.core.keyword.builtin.CallTestCaseKeyword.execute(CallTestCaseKeyword.groovy:44)
	at com.kms.katalon.core.keyword.internal.KeywordExecutor.executeKeywordForPlatform(KeywordExecutor.groovy:60)
	at com.kms.katalon.core.keyword.BuiltinKeywords.callTestCase(BuiltinKeywords.groovy:334)
	at TC_Data Entry.run(TC_Data Entry:42)
	at com.kms.katalon.core.main.ScriptEngine.run(ScriptEngine.java:194)
	at com.kms.katalon.core.main.ScriptEngine.runScriptAsRawText(ScriptEngine.java:119)
	at com.kms.katalon.core.main.TestCaseExecutor.runScript(TestCaseExecutor.java:337)
	at com.kms.katalon.core.main.TestCaseExecutor.doExecute(TestCaseExecutor.java:328)
	at com.kms.katalon.core.main.TestCaseExecutor.processExecutionPhase(TestCaseExecutor.java:307)
	at com.kms.katalon.core.main.TestCaseExecutor.accessMainPhase(TestCaseExecutor.java:299)
	at com.kms.katalon.core.main.TestCaseExecutor.execute(TestCaseExecutor.java:233)
	at com.kms.katalon.core.main.TestSuiteExecutor.accessTestCaseMainPhase(TestSuiteExecutor.java:169)
	at com.kms.katalon.core.main.TestSuiteExecutor.accessTestSuiteMainPhase(TestSuiteExecutor.java:142)
	at com.kms.katalon.core.main.TestSuiteExecutor.execute(TestSuiteExecutor.java:91)
	at com.kms.katalon.core.main.TestCaseMain.startTestSuite(TestCaseMain.java:157)
	at com.kms.katalon.core.main.TestCaseMain$startTestSuite$0.call(Unknown Source)
	at TempTestSuite1574807893706.run(TempTestSuite1574807893706.groovy:36)
Caused by: com.kms.katalon.core.exception.StepFailedException: Object Object Repository/Borrower/Borrower - Identitas/Borrower_InpNoKTP not found
	at com.kms.katalon.core.keyword.internal.KeywordMain.stepFailed(KeywordMain.groovy:50)
	at com.kms.katalon.core.mobile.keyword.internal.MobileKeywordMain.stepFailed(MobileKeywordMain.groovy:40)
	at com.kms.katalon.core.mobile.keyword.builtin.SetTextKeyword$_setText_closure1.doCall(SetTextKeyword.groovy:76)
	at com.kms.katalon.core.mobile.keyword.builtin.SetTextKeyword$_setText_closure1.call(SetTextKeyword.groovy)
	at com.kms.katalon.core.mobile.keyword.internal.MobileKeywordMain.runKeyword(MobileKeywordMain.groovy:21)
	at com.kms.katalon.core.mobile.keyword.builtin.SetTextKeyword.setText(SetTextKeyword.groovy:83)
	at com.kms.katalon.core.mobile.keyword.builtin.SetTextKeyword.execute(SetTextKeyword.groovy:66)
	at com.kms.katalon.core.keyword.internal.KeywordExecutor.executeKeywordForPlatform(KeywordExecutor.groovy:60)
	at com.kms.katalon.core.mobile.keyword.MobileBuiltInKeywords.setText(MobileBuiltInKeywords.groovy:491)
	at com.kms.katalon.core.mobile.keyword.MobileBuiltInKeywords$setText$2.call(Unknown Source)
	at TC_Borrower - Identitas - MASTER FLOW.run(TC_Borrower - Identitas - MASTER FLOW:18)
	at com.kms.katalon.core.main.ScriptEngine.run(ScriptEngine.java:194)
	at com.kms.katalon.core.main.ScriptEngine.runScriptAsRawText(ScriptEngine.java:119)
	at com.kms.katalon.core.main.TestCaseExecutor.runScript(TestCaseExecutor.java:337)
	at com.kms.katalon.core.main.TestCaseExecutor.doExecute(TestCaseExecutor.java:328)
	at com.kms.katalon.core.main.TestCaseExecutor.processExecutionPhase(TestCaseExecutor.java:307)
	at com.kms.katalon.core.main.TestCaseExecutor.accessMainPhase(TestCaseExecutor.java:299)
	at com.kms.katalon.core.main.TestCaseExecutor.execute(TestCaseExecutor.java:233)
	at com.kms.katalon.core.main.TestCaseMain.runTestCase(TestCaseMain.java:114)
	at com.kms.katalon.core.keyword.builtin.CallTestCaseKeyword$_callTestCase_closure1.doCall(CallTestCaseKeyword.groovy:59)
	... 36 more
)

2019-11-27 06:05:16 - [TEST_CASE][FAILED] - Test Cases/Data Entry/Borrower/Borrower - Identitas/MASTER FLOW/TC_Borrower - Identitas - MASTER FLOW: Test Cases/Data Entry/Borrower/Borrower - Identitas/MASTER FLOW/TC_Borrower - Identitas - MASTER FLOW FAILED.
Reason:
com.kms.katalon.core.exception.StepFailedException: Object Object Repository/Borrower/Borrower - Identitas/Borrower_InpNoKTP not found
	at com.kms.katalon.core.keyword.internal.KeywordMain.stepFailed(KeywordMain.groovy:50)
	at com.kms.katalon.core.mobile.keyword.internal.MobileKeywordMain.stepFailed(MobileKeywordMain.groovy:40)
	at com.kms.katalon.core.mobile.keyword.builtin.SetTextKeyword$_setText_closure1.doCall(SetTextKeyword.groovy:76)
	at com.kms.katalon.core.mobile.keyword.builtin.SetTextKeyword$_setText_closure1.call(SetTextKeyword.groovy)
	at com.kms.katalon.core.mobile.keyword.internal.MobileKeywordMain.runKeyword(MobileKeywordMain.groovy:21)
	at com.kms.katalon.core.mobile.keyword.builtin.SetTextKeyword.setText(SetTextKeyword.groovy:83)
	at com.kms.katalon.core.mobile.keyword.builtin.SetTextKeyword.execute(SetTextKeyword.groovy:66)
	at com.kms.katalon.core.keyword.internal.KeywordExecutor.executeKeywordForPlatform(KeywordExecutor.groovy:60)
	at com.kms.katalon.core.mobile.keyword.MobileBuiltInKeywords.setText(MobileBuiltInKeywords.groovy:491)
	at com.kms.katalon.core.mobile.keyword.MobileBuiltInKeywords$setText$2.call(Unknown Source)
	at TC_Borrower - Identitas - MASTER FLOW.run(TC_Borrower - Identitas - MASTER FLOW:18)
	at com.kms.katalon.core.main.ScriptEngine.run(ScriptEngine.java:194)
	at com.kms.katalon.core.main.ScriptEngine.runScriptAsRawText(ScriptEngine.java:119)
	at com.kms.katalon.core.main.TestCaseExecutor.runScript(TestCaseExecutor.java:337)
	at com.kms.katalon.core.main.TestCaseExecutor.doExecute(TestCaseExecutor.java:328)
	at com.kms.katalon.core.main.TestCaseExecutor.processExecutionPhase(TestCaseExecutor.java:307)
	at com.kms.katalon.core.main.TestCaseExecutor.accessMainPhase(TestCaseExecutor.java:299)
	at com.kms.katalon.core.main.TestCaseExecutor.execute(TestCaseExecutor.java:233)
	at com.kms.katalon.core.main.TestCaseMain.runTestCase(TestCaseMain.java:114)
	at com.kms.katalon.core.keyword.builtin.CallTestCaseKeyword$_callTestCase_closure1.doCall(CallTestCaseKeyword.groovy:59)
	at com.kms.katalon.core.keyword.builtin.CallTestCaseKeyword$_callTestCase_closure1.call(CallTestCaseKeyword.groovy)
	at com.kms.katalon.core.keyword.internal.KeywordMain.runKeyword(KeywordMain.groovy:68)
	at com.kms.katalon.core.keyword.builtin.CallTestCaseKeyword.callTestCase(CallTestCaseKeyword.groovy:81)
	at com.kms.katalon.core.keyword.builtin.CallTestCaseKeyword.execute(CallTestCaseKeyword.groovy:44)
	at com.kms.katalon.core.keyword.internal.KeywordExecutor.executeKeywordForPlatform(KeywordExecutor.groovy:60)
	at com.kms.katalon.core.keyword.BuiltinKeywords.callTestCase(BuiltinKeywords.groovy:334)
	at Flow Borrower.run(Flow Borrower:16)
	at com.kms.katalon.core.main.ScriptEngine.run(ScriptEngine.java:194)
	at com.kms.katalon.core.main.ScriptEngine.runScriptAsRawText(ScriptEngine.java:119)
	at com.kms.katalon.core.main.TestCaseExecutor.runScript(TestCaseExecutor.java:337)
	at com.kms.katalon.core.main.TestCaseExecutor.doExecute(TestCaseExecutor.java:328)
	at com.kms.katalon.core.main.TestCaseExecutor.processExecutionPhase(TestCaseExecutor.java:307)
	at com.kms.katalon.core.main.TestCaseExecutor.accessMainPhase(TestCaseExecutor.java:299)
	at com.kms.katalon.core.main.TestCaseExecutor.execute(TestCaseExecutor.java:233)
	at com.kms.katalon.core.main.TestCaseMain.runTestCase(TestCaseMain.java:114)
	at com.kms.katalon.core.keyword.builtin.CallTestCaseKeyword$_callTestCase_closure1.doCall(CallTestCaseKeyword.groovy:59)
	at com.kms.katalon.core.keyword.builtin.CallTestCaseKeyword$_callTestCase_closure1.call(CallTestCaseKeyword.groovy)
	at com.kms.katalon.core.keyword.internal.KeywordMain.runKeyword(KeywordMain.groovy:68)
	at com.kms.katalon.core.keyword.builtin.CallTestCaseKeyword.callTestCase(CallTestCaseKeyword.groovy:81)
	at com.kms.katalon.core.keyword.builtin.CallTestCaseKeyword.execute(CallTestCaseKeyword.groovy:44)
	at com.kms.katalon.core.keyword.internal.KeywordExecutor.executeKeywordForPlatform(KeywordExecutor.groovy:60)
	at com.kms.katalon.core.keyword.BuiltinKeywords.callTestCase(BuiltinKeywords.groovy:334)
	at TC_Data Entry.run(TC_Data Entry:42)
	at com.kms.katalon.core.main.ScriptEngine.run(ScriptEngine.java:194)
	at com.kms.katalon.core.main.ScriptEngine.runScriptAsRawText(ScriptEngine.java:119)
	at com.kms.katalon.core.main.TestCaseExecutor.runScript(TestCaseExecutor.java:337)
	at com.kms.katalon.core.main.TestCaseExecutor.doExecute(TestCaseExecutor.java:328)
	at com.kms.katalon.core.main.TestCaseExecutor.processExecutionPhase(TestCaseExecutor.java:307)
	at com.kms.katalon.core.main.TestCaseExecutor.accessMainPhase(TestCaseExecutor.java:299)
	at com.kms.katalon.core.main.TestCaseExecutor.execute(TestCaseExecutor.java:233)
	at com.kms.katalon.core.main.TestSuiteExecutor.accessTestCaseMainPhase(TestSuiteExecutor.java:169)
	at com.kms.katalon.core.main.TestSuiteExecutor.accessTestSuiteMainPhase(TestSuiteExecutor.java:142)
	at com.kms.katalon.core.main.TestSuiteExecutor.execute(TestSuiteExecutor.java:91)
	at com.kms.katalon.core.main.TestCaseMain.startTestSuite(TestCaseMain.java:157)
	at com.kms.katalon.core.main.TestCaseMain$startTestSuite$0.call(Unknown Source)
	at TempTestSuite1574807893706.run(TempTestSuite1574807893706.groovy:36)


2019-11-27 06:05:16 - [TEST_STEP][FAILED] - setText(findTestObject("Borrower/Borrower - Identitas/Borrower_InpNoKTP"), BIvarNoKTP, 0): Failed to set text into element (Root cause: com.kms.katalon.core.exception.StepFailedException: Object Object Repository/Borrower/Borrower - Identitas/Borrower_InpNoKTP not found
	at com.kms.katalon.core.keyword.internal.KeywordMain.stepFailed(KeywordMain.groovy:50)
	at com.kms.katalon.core.mobile.keyword.internal.MobileKeywordMain.stepFailed(MobileKeywordMain.groovy:40)
	at com.kms.katalon.core.mobile.keyword.builtin.SetTextKeyword$_setText_closure1.doCall(SetTextKeyword.groovy:76)
	at com.kms.katalon.core.mobile.keyword.builtin.SetTextKeyword$_setText_closure1.call(SetTextKeyword.groovy)
	at com.kms.katalon.core.mobile.keyword.internal.MobileKeywordMain.runKeyword(MobileKeywordMain.groovy:21)
	at com.kms.katalon.core.mobile.keyword.builtin.SetTextKeyword.setText(SetTextKeyword.groovy:83)
	at com.kms.katalon.core.mobile.keyword.builtin.SetTextKeyword.execute(SetTextKeyword.groovy:66)
	at com.kms.katalon.core.keyword.internal.KeywordExecutor.executeKeywordForPlatform(KeywordExecutor.groovy:60)
	at com.kms.katalon.core.mobile.keyword.MobileBuiltInKeywords.setText(MobileBuiltInKeywords.groovy:491)
	at com.kms.katalon.core.mobile.keyword.MobileBuiltInKeywords$setText$2.call(Unknown Source)
	at TC_Borrower - Identitas - MASTER FLOW.run(TC_Borrower - Identitas - MASTER FLOW:18)
	at com.kms.katalon.core.main.ScriptEngine.run(ScriptEngine.java:194)
	at com.kms.katalon.core.main.ScriptEngine.runScriptAsRawText(ScriptEngine.java:119)
	at com.kms.katalon.core.main.TestCaseExecutor.runScript(TestCaseExecutor.java:337)
	at com.kms.katalon.core.main.TestCaseExecutor.doExecute(TestCaseExecutor.java:328)
	at com.kms.katalon.core.main.TestCaseExecutor.processExecutionPhase(TestCaseExecutor.java:307)
	at com.kms.katalon.core.main.TestCaseExecutor.accessMainPhase(TestCaseExecutor.java:299)
	at com.kms.katalon.core.main.TestCaseExecutor.execute(TestCaseExecutor.java:233)
	at com.kms.katalon.core.main.TestCaseMain.runTestCase(TestCaseMain.java:114)
	at com.kms.katalon.core.keyword.builtin.CallTestCaseKeyword$_callTestCase_closure1.doCall(CallTestCaseKeyword.groovy:59)
	at com.kms.katalon.core.keyword.builtin.CallTestCaseKeyword$_callTestCase_closure1.call(CallTestCaseKeyword.groovy)
	at com.kms.katalon.core.keyword.internal.KeywordMain.runKeyword(KeywordMain.groovy:68)
	at com.kms.katalon.core.keyword.builtin.CallTestCaseKeyword.callTestCase(CallTestCaseKeyword.groovy:81)
	at com.kms.katalon.core.keyword.builtin.CallTestCaseKeyword.execute(CallTestCaseKeyword.groovy:44)
	at com.kms.katalon.core.keyword.internal.KeywordExecutor.executeKeywordForPlatform(KeywordExecutor.groovy:60)
	at com.kms.katalon.core.keyword.BuiltinKeywords.callTestCase(BuiltinKeywords.groovy:334)
	at Flow Borrower.run(Flow Borrower:16)
	at com.kms.katalon.core.main.ScriptEngine.run(ScriptEngine.java:194)
	at com.kms.katalon.core.main.ScriptEngine.runScriptAsRawText(ScriptEngine.java:119)
	at com.kms.katalon.core.main.TestCaseExecutor.runScript(TestCaseExecutor.java:337)
	at com.kms.katalon.core.main.TestCaseExecutor.doExecute(TestCaseExecutor.java:328)
	at com.kms.katalon.core.main.TestCaseExecutor.processExecutionPhase(TestCaseExecutor.java:307)
	at com.kms.katalon.core.main.TestCaseExecutor.accessMainPhase(TestCaseExecutor.java:299)
	at com.kms.katalon.core.main.TestCaseExecutor.execute(TestCaseExecutor.java:233)
	at com.kms.katalon.core.main.TestCaseMain.runTestCase(TestCaseMain.java:114)
	at com.kms.katalon.core.keyword.builtin.CallTestCaseKeyword$_callTestCase_closure1.doCall(CallTestCaseKeyword.groovy:59)
	at com.kms.katalon.core.keyword.builtin.CallTestCaseKeyword$_callTestCase_closure1.call(CallTestCaseKeyword.groovy)
	at com.kms.katalon.core.keyword.internal.KeywordMain.runKeyword(KeywordMain.groovy:68)
	at com.kms.katalon.core.keyword.builtin.CallTestCaseKeyword.callTestCase(CallTestCaseKeyword.groovy:81)
	at com.kms.katalon.core.keyword.builtin.CallTestCaseKeyword.execute(CallTestCaseKeyword.groovy:44)
	at com.kms.katalon.core.keyword.internal.KeywordExecutor.executeKeywordForPlatform(KeywordExecutor.groovy:60)
	at com.kms.katalon.core.keyword.BuiltinKeywords.callTestCase(BuiltinKeywords.groovy:334)
	at TC_Data Entry.run(TC_Data Entry:42)
	at com.kms.katalon.core.main.ScriptEngine.run(ScriptEngine.java:194)
	at com.kms.katalon.core.main.ScriptEngine.runScriptAsRawText(ScriptEngine.java:119)
	at com.kms.katalon.core.main.TestCaseExecutor.runScript(TestCaseExecutor.java:337)
	at com.kms.katalon.core.main.TestCaseExecutor.doExecute(TestCaseExecutor.java:328)
	at com.kms.katalon.core.main.TestCaseExecutor.processExecutionPhase(TestCaseExecutor.java:307)
	at com.kms.katalon.core.main.TestCaseExecutor.accessMainPhase(TestCaseExecutor.java:299)
	at com.kms.katalon.core.main.TestCaseExecutor.execute(TestCaseExecutor.java:233)
	at com.kms.katalon.core.main.TestSuiteExecutor.accessTestCaseMainPhase(TestSuiteExecutor.java:169)
	at com.kms.katalon.core.main.TestSuiteExecutor.accessTestSuiteMainPhase(TestSuiteExecutor.java:142)
	at com.kms.katalon.core.main.TestSuiteExecutor.execute(TestSuiteExecutor.java:91)
	at com.kms.katalon.core.main.TestCaseMain.startTestSuite(TestCaseMain.java:157)
	at com.kms.katalon.core.main.TestCaseMain$startTestSuite$0.call(Unknown Source)
	at TempTestSuite1574807893706.run(TempTestSuite1574807893706.groovy:36)
)

2019-11-27 06:05:16 - [MESSAGE][WARNING] - Timeout '0' is invalid. Using default page load timeout: '30'

2019-11-27 06:05:48 - [MESSAGE][FAILED] - Object Object Repository/Borrower/Borrower - Identitas/Borrower_InpNoKTP not found
[[ATTACHMENT|C:\\Users\\15420\\git\\ACCME-Dupcheck\\Reports\\20191127_053813\\data entry dupcek\\20191127_053813\\1574809547224.png]]

2019-11-27 06:05:50 - [MESSAGE][FAILED] - Failed to set text into element (Root cause: com.kms.katalon.core.exception.StepFailedException: Object Object Repository/Borrower/Borrower - Identitas/Borrower_InpNoKTP not found
	at com.kms.katalon.core.keyword.internal.KeywordMain.stepFailed(KeywordMain.groovy:50)
	at com.kms.katalon.core.mobile.keyword.internal.MobileKeywordMain.stepFailed(MobileKeywordMain.groovy:40)
	at com.kms.katalon.core.mobile.keyword.builtin.SetTextKeyword$_setText_closure1.doCall(SetTextKeyword.groovy:76)
	at com.kms.katalon.core.mobile.keyword.builtin.SetTextKeyword$_setText_closure1.call(SetTextKeyword.groovy)
	at com.kms.katalon.core.mobile.keyword.internal.MobileKeywordMain.runKeyword(MobileKeywordMain.groovy:21)
	at com.kms.katalon.core.mobile.keyword.builtin.SetTextKeyword.setText(SetTextKeyword.groovy:83)
	at com.kms.katalon.core.mobile.keyword.builtin.SetTextKeyword.execute(SetTextKeyword.groovy:66)
	at com.kms.katalon.core.keyword.internal.KeywordExecutor.executeKeywordForPlatform(KeywordExecutor.groovy:60)
	at com.kms.katalon.core.mobile.keyword.MobileBuiltInKeywords.setText(MobileBuiltInKeywords.groovy:491)
	at com.kms.katalon.core.mobile.keyword.MobileBuiltInKeywords$setText$2.call(Unknown Source)
	at TC_Borrower - Identitas - MASTER FLOW.run(TC_Borrower - Identitas - MASTER FLOW:18)
	at com.kms.katalon.core.main.ScriptEngine.run(ScriptEngine.java:194)
	at com.kms.katalon.core.main.ScriptEngine.runScriptAsRawText(ScriptEngine.java:119)
	at com.kms.katalon.core.main.TestCaseExecutor.runScript(TestCaseExecutor.java:337)
	at com.kms.katalon.core.main.TestCaseExecutor.doExecute(TestCaseExecutor.java:328)
	at com.kms.katalon.core.main.TestCaseExecutor.processExecutionPhase(TestCaseExecutor.java:307)
	at com.kms.katalon.core.main.TestCaseExecutor.accessMainPhase(TestCaseExecutor.java:299)
	at com.kms.katalon.core.main.TestCaseExecutor.execute(TestCaseExecutor.java:233)
	at com.kms.katalon.core.main.TestCaseMain.runTestCase(TestCaseMain.java:114)
	at com.kms.katalon.core.keyword.builtin.CallTestCaseKeyword$_callTestCase_closure1.doCall(CallTestCaseKeyword.groovy:59)
	at com.kms.katalon.core.keyword.builtin.CallTestCaseKeyword$_callTestCase_closure1.call(CallTestCaseKeyword.groovy)
	at com.kms.katalon.core.keyword.internal.KeywordMain.runKeyword(KeywordMain.groovy:68)
	at com.kms.katalon.core.keyword.builtin.CallTestCaseKeyword.callTestCase(CallTestCaseKeyword.groovy:81)
	at com.kms.katalon.core.keyword.builtin.CallTestCaseKeyword.execute(CallTestCaseKeyword.groovy:44)
	at com.kms.katalon.core.keyword.internal.KeywordExecutor.executeKeywordForPlatform(KeywordExecutor.groovy:60)
	at com.kms.katalon.core.keyword.BuiltinKeywords.callTestCase(BuiltinKeywords.groovy:334)
	at Flow Borrower.run(Flow Borrower:16)
	at com.kms.katalon.core.main.ScriptEngine.run(ScriptEngine.java:194)
	at com.kms.katalon.core.main.ScriptEngine.runScriptAsRawText(ScriptEngine.java:119)
	at com.kms.katalon.core.main.TestCaseExecutor.runScript(TestCaseExecutor.java:337)
	at com.kms.katalon.core.main.TestCaseExecutor.doExecute(TestCaseExecutor.java:328)
	at com.kms.katalon.core.main.TestCaseExecutor.processExecutionPhase(TestCaseExecutor.java:307)
	at com.kms.katalon.core.main.TestCaseExecutor.accessMainPhase(TestCaseExecutor.java:299)
	at com.kms.katalon.core.main.TestCaseExecutor.execute(TestCaseExecutor.java:233)
	at com.kms.katalon.core.main.TestCaseMain.runTestCase(TestCaseMain.java:114)
	at com.kms.katalon.core.keyword.builtin.CallTestCaseKeyword$_callTestCase_closure1.doCall(CallTestCaseKeyword.groovy:59)
	at com.kms.katalon.core.keyword.builtin.CallTestCaseKeyword$_callTestCase_closure1.call(CallTestCaseKeyword.groovy)
	at com.kms.katalon.core.keyword.internal.KeywordMain.runKeyword(KeywordMain.groovy:68)
	at com.kms.katalon.core.keyword.builtin.CallTestCaseKeyword.callTestCase(CallTestCaseKeyword.groovy:81)
	at com.kms.katalon.core.keyword.builtin.CallTestCaseKeyword.execute(CallTestCaseKeyword.groovy:44)
	at com.kms.katalon.core.keyword.internal.KeywordExecutor.executeKeywordForPlatform(KeywordExecutor.groovy:60)
	at com.kms.katalon.core.keyword.BuiltinKeywords.callTestCase(BuiltinKeywords.groovy:334)
	at TC_Data Entry.run(TC_Data Entry:42)
	at com.kms.katalon.core.main.ScriptEngine.run(ScriptEngine.java:194)
	at com.kms.katalon.core.main.ScriptEngine.runScriptAsRawText(ScriptEngine.java:119)
	at com.kms.katalon.core.main.TestCaseExecutor.runScript(TestCaseExecutor.java:337)
	at com.kms.katalon.core.main.TestCaseExecutor.doExecute(TestCaseExecutor.java:328)
	at com.kms.katalon.core.main.TestCaseExecutor.processExecutionPhase(TestCaseExecutor.java:307)
	at com.kms.katalon.core.main.TestCaseExecutor.accessMainPhase(TestCaseExecutor.java:299)
	at com.kms.katalon.core.main.TestCaseExecutor.execute(TestCaseExecutor.java:233)
	at com.kms.katalon.core.main.TestSuiteExecutor.accessTestCaseMainPhase(TestSuiteExecutor.java:169)
	at com.kms.katalon.core.main.TestSuiteExecutor.accessTestSuiteMainPhase(TestSuiteExecutor.java:142)
	at com.kms.katalon.core.main.TestSuiteExecutor.execute(TestSuiteExecutor.java:91)
	at com.kms.katalon.core.main.TestCaseMain.startTestSuite(TestCaseMain.java:157)
	at com.kms.katalon.core.main.TestCaseMain$startTestSuite$0.call(Unknown Source)
	at TempTestSuite1574807893706.run(TempTestSuite1574807893706.groovy:36)
)
[[ATTACHMENT|C:\\Users\\15420\\git\\ACCME-Dupcheck\\Reports\\20191127_053813\\data entry dupcek\\20191127_053813\\1574809548641.png]]

2019-11-27 06:05:50 - [MESSAGE][FAILED] - Unable to call Test Case 'Test Cases/Data Entry/Borrower/Borrower - Identitas/MASTER FLOW/TC_Borrower - Identitas - MASTER FLOW' (Root cause: com.kms.katalon.core.exception.StepFailedException: Call Test Case 'Test Cases/Data Entry/Borrower/Borrower - Identitas/MASTER FLOW/TC_Borrower - Identitas - MASTER FLOW' failed
	at com.kms.katalon.core.keyword.builtin.CallTestCaseKeyword$_callTestCase_closure1.doCall(CallTestCaseKeyword.groovy:63)
	at com.kms.katalon.core.keyword.builtin.CallTestCaseKeyword$_callTestCase_closure1.call(CallTestCaseKeyword.groovy)
	at com.kms.katalon.core.keyword.internal.KeywordMain.runKeyword(KeywordMain.groovy:68)
	at com.kms.katalon.core.keyword.builtin.CallTestCaseKeyword.callTestCase(CallTestCaseKeyword.groovy:81)
	at com.kms.katalon.core.keyword.builtin.CallTestCaseKeyword.execute(CallTestCaseKeyword.groovy:44)
	at com.kms.katalon.core.keyword.internal.KeywordExecutor.executeKeywordForPlatform(KeywordExecutor.groovy:60)
	at com.kms.katalon.core.keyword.BuiltinKeywords.callTestCase(BuiltinKeywords.groovy:334)
	at Flow Borrower.run(Flow Borrower:16)
	at com.kms.katalon.core.main.ScriptEngine.run(ScriptEngine.java:194)
	at com.kms.katalon.core.main.ScriptEngine.runScriptAsRawText(ScriptEngine.java:119)
	at com.kms.katalon.core.main.TestCaseExecutor.runScript(TestCaseExecutor.java:337)
	at com.kms.katalon.core.main.TestCaseExecutor.doExecute(TestCaseExecutor.java:328)
	at com.kms.katalon.core.main.TestCaseExecutor.processExecutionPhase(TestCaseExecutor.java:307)
	at com.kms.katalon.core.main.TestCaseExecutor.accessMainPhase(TestCaseExecutor.java:299)
	at com.kms.katalon.core.main.TestCaseExecutor.execute(TestCaseExecutor.java:233)
	at com.kms.katalon.core.main.TestCaseMain.runTestCase(TestCaseMain.java:114)
	at com.kms.katalon.core.keyword.builtin.CallTestCaseKeyword$_callTestCase_closure1.doCall(CallTestCaseKeyword.groovy:59)
	at com.kms.katalon.core.keyword.builtin.CallTestCaseKeyword$_callTestCase_closure1.call(CallTestCaseKeyword.groovy)
	at com.kms.katalon.core.keyword.internal.KeywordMain.runKeyword(KeywordMain.groovy:68)
	at com.kms.katalon.core.keyword.builtin.CallTestCaseKeyword.callTestCase(CallTestCaseKeyword.groovy:81)
	at com.kms.katalon.core.keyword.builtin.CallTestCaseKeyword.execute(CallTestCaseKeyword.groovy:44)
	at com.kms.katalon.core.keyword.internal.KeywordExecutor.executeKeywordForPlatform(KeywordExecutor.groovy:60)
	at com.kms.katalon.core.keyword.BuiltinKeywords.callTestCase(BuiltinKeywords.groovy:334)
	at TC_Data Entry.run(TC_Data Entry:42)
	at com.kms.katalon.core.main.ScriptEngine.run(ScriptEngine.java:194)
	at com.kms.katalon.core.main.ScriptEngine.runScriptAsRawText(ScriptEngine.java:119)
	at com.kms.katalon.core.main.TestCaseExecutor.runScript(TestCaseExecutor.java:337)
	at com.kms.katalon.core.main.TestCaseExecutor.doExecute(TestCaseExecutor.java:328)
	at com.kms.katalon.core.main.TestCaseExecutor.processExecutionPhase(TestCaseExecutor.java:307)
	at com.kms.katalon.core.main.TestCaseExecutor.accessMainPhase(TestCaseExecutor.java:299)
	at com.kms.katalon.core.main.TestCaseExecutor.execute(TestCaseExecutor.java:233)
	at com.kms.katalon.core.main.TestSuiteExecutor.accessTestCaseMainPhase(TestSuiteExecutor.java:169)
	at com.kms.katalon.core.main.TestSuiteExecutor.accessTestSuiteMainPhase(TestSuiteExecutor.java:142)
	at com.kms.katalon.core.main.TestSuiteExecutor.execute(TestSuiteExecutor.java:91)
	at com.kms.katalon.core.main.TestCaseMain.startTestSuite(TestCaseMain.java:157)
	at com.kms.katalon.core.main.TestCaseMain$startTestSuite$0.call(Unknown Source)
	at TempTestSuite1574807893706.run(TempTestSuite1574807893706.groovy:36)
Caused by: com.kms.katalon.core.exception.StepFailedException: Object Object Repository/Borrower/Borrower - Identitas/Borrower_InpNoKTP not found
	at com.kms.katalon.core.keyword.internal.KeywordMain.stepFailed(KeywordMain.groovy:50)
	at com.kms.katalon.core.mobile.keyword.internal.MobileKeywordMain.stepFailed(MobileKeywordMain.groovy:40)
	at com.kms.katalon.core.mobile.keyword.builtin.SetTextKeyword$_setText_closure1.doCall(SetTextKeyword.groovy:76)
	at com.kms.katalon.core.mobile.keyword.builtin.SetTextKeyword$_setText_closure1.call(SetTextKeyword.groovy)
	at com.kms.katalon.core.mobile.keyword.internal.MobileKeywordMain.runKeyword(MobileKeywordMain.groovy:21)
	at com.kms.katalon.core.mobile.keyword.builtin.SetTextKeyword.setText(SetTextKeyword.groovy:83)
	at com.kms.katalon.core.mobile.keyword.builtin.SetTextKeyword.execute(SetTextKeyword.groovy:66)
	at com.kms.katalon.core.keyword.internal.KeywordExecutor.executeKeywordForPlatform(KeywordExecutor.groovy:60)
	at com.kms.katalon.core.mobile.keyword.MobileBuiltInKeywords.setText(MobileBuiltInKeywords.groovy:491)
	at com.kms.katalon.core.mobile.keyword.MobileBuiltInKeywords$setText$2.call(Unknown Source)
	at TC_Borrower - Identitas - MASTER FLOW.run(TC_Borrower - Identitas - MASTER FLOW:18)
	at com.kms.katalon.core.main.ScriptEngine.run(ScriptEngine.java:194)
	at com.kms.katalon.core.main.ScriptEngine.runScriptAsRawText(ScriptEngine.java:119)
	at com.kms.katalon.core.main.TestCaseExecutor.runScript(TestCaseExecutor.java:337)
	at com.kms.katalon.core.main.TestCaseExecutor.doExecute(TestCaseExecutor.java:328)
	at com.kms.katalon.core.main.TestCaseExecutor.processExecutionPhase(TestCaseExecutor.java:307)
	at com.kms.katalon.core.main.TestCaseExecutor.accessMainPhase(TestCaseExecutor.java:299)
	at com.kms.katalon.core.main.TestCaseExecutor.execute(TestCaseExecutor.java:233)
	at com.kms.katalon.core.main.TestCaseMain.runTestCase(TestCaseMain.java:114)
	at com.kms.katalon.core.keyword.builtin.CallTestCaseKeyword$_callTestCase_closure1.doCall(CallTestCaseKeyword.groovy:59)
	... 36 more
)

2019-11-27 06:05:50 - [MESSAGE][FAILED] - Unable to call Test Case 'Test Cases/Data Entry/Borrower/Flow Borrower' (Root cause: com.kms.katalon.core.exception.StepFailedException: Call Test Case 'Test Cases/Data Entry/Borrower/Flow Borrower' failed
	at com.kms.katalon.core.keyword.builtin.CallTestCaseKeyword$_callTestCase_closure1.doCall(CallTestCaseKeyword.groovy:63)
	at com.kms.katalon.core.keyword.builtin.CallTestCaseKeyword$_callTestCase_closure1.call(CallTestCaseKeyword.groovy)
	at com.kms.katalon.core.keyword.internal.KeywordMain.runKeyword(KeywordMain.groovy:68)
	at com.kms.katalon.core.keyword.builtin.CallTestCaseKeyword.callTestCase(CallTestCaseKeyword.groovy:81)
	at com.kms.katalon.core.keyword.builtin.CallTestCaseKeyword.execute(CallTestCaseKeyword.groovy:44)
	at com.kms.katalon.core.keyword.internal.KeywordExecutor.executeKeywordForPlatform(KeywordExecutor.groovy:60)
	at com.kms.katalon.core.keyword.BuiltinKeywords.callTestCase(BuiltinKeywords.groovy:334)
	at TC_Data Entry.run(TC_Data Entry:42)
	at com.kms.katalon.core.main.ScriptEngine.run(ScriptEngine.java:194)
	at com.kms.katalon.core.main.ScriptEngine.runScriptAsRawText(ScriptEngine.java:119)
	at com.kms.katalon.core.main.TestCaseExecutor.runScript(TestCaseExecutor.java:337)
	at com.kms.katalon.core.main.TestCaseExecutor.doExecute(TestCaseExecutor.java:328)
	at com.kms.katalon.core.main.TestCaseExecutor.processExecutionPhase(TestCaseExecutor.java:307)
	at com.kms.katalon.core.main.TestCaseExecutor.accessMainPhase(TestCaseExecutor.java:299)
	at com.kms.katalon.core.main.TestCaseExecutor.execute(TestCaseExecutor.java:233)
	at com.kms.katalon.core.main.TestSuiteExecutor.accessTestCaseMainPhase(TestSuiteExecutor.java:169)
	at com.kms.katalon.core.main.TestSuiteExecutor.accessTestSuiteMainPhase(TestSuiteExecutor.java:142)
	at com.kms.katalon.core.main.TestSuiteExecutor.execute(TestSuiteExecutor.java:91)
	at com.kms.katalon.core.main.TestCaseMain.startTestSuite(TestCaseMain.java:157)
	at com.kms.katalon.core.main.TestCaseMain$startTestSuite$0.call(Unknown Source)
	at TempTestSuite1574807893706.run(TempTestSuite1574807893706.groovy:36)
Caused by: com.kms.katalon.core.exception.StepFailedException: Call Test Case 'Test Cases/Data Entry/Borrower/Borrower - Identitas/MASTER FLOW/TC_Borrower - Identitas - MASTER FLOW' failed
	at com.kms.katalon.core.keyword.builtin.CallTestCaseKeyword$_callTestCase_closure1.doCall(CallTestCaseKeyword.groovy:63)
	at com.kms.katalon.core.keyword.builtin.CallTestCaseKeyword$_callTestCase_closure1.call(CallTestCaseKeyword.groovy)
	at com.kms.katalon.core.keyword.internal.KeywordMain.runKeyword(KeywordMain.groovy:68)
	at com.kms.katalon.core.keyword.builtin.CallTestCaseKeyword.callTestCase(CallTestCaseKeyword.groovy:81)
	at com.kms.katalon.core.keyword.builtin.CallTestCaseKeyword.execute(CallTestCaseKeyword.groovy:44)
	at com.kms.katalon.core.keyword.internal.KeywordExecutor.executeKeywordForPlatform(KeywordExecutor.groovy:60)
	at com.kms.katalon.core.keyword.BuiltinKeywords.callTestCase(BuiltinKeywords.groovy:334)
	at Flow Borrower.run(Flow Borrower:16)
	at com.kms.katalon.core.main.ScriptEngine.run(ScriptEngine.java:194)
	at com.kms.katalon.core.main.ScriptEngine.runScriptAsRawText(ScriptEngine.java:119)
	at com.kms.katalon.core.main.TestCaseExecutor.runScript(TestCaseExecutor.java:337)
	at com.kms.katalon.core.main.TestCaseExecutor.doExecute(TestCaseExecutor.java:328)
	at com.kms.katalon.core.main.TestCaseExecutor.processExecutionPhase(TestCaseExecutor.java:307)
	at com.kms.katalon.core.main.TestCaseExecutor.accessMainPhase(TestCaseExecutor.java:299)
	at com.kms.katalon.core.main.TestCaseExecutor.execute(TestCaseExecutor.java:233)
	at com.kms.katalon.core.main.TestCaseMain.runTestCase(TestCaseMain.java:114)
	at com.kms.katalon.core.keyword.builtin.CallTestCaseKeyword$_callTestCase_closure1.doCall(CallTestCaseKeyword.groovy:59)
	... 20 more
Caused by: com.kms.katalon.core.exception.StepFailedException: Object Object Repository/Borrower/Borrower - Identitas/Borrower_InpNoKTP not found
	at com.kms.katalon.core.keyword.internal.KeywordMain.stepFailed(KeywordMain.groovy:50)
	at com.kms.katalon.core.mobile.keyword.internal.MobileKeywordMain.stepFailed(MobileKeywordMain.groovy:40)
	at com.kms.katalon.core.mobile.keyword.builtin.SetTextKeyword$_setText_closure1.doCall(SetTextKeyword.groovy:76)
	at com.kms.katalon.core.mobile.keyword.builtin.SetTextKeyword$_setText_closure1.call(SetTextKeyword.groovy)
	at com.kms.katalon.core.mobile.keyword.internal.MobileKeywordMain.runKeyword(MobileKeywordMain.groovy:21)
	at com.kms.katalon.core.mobile.keyword.builtin.SetTextKeyword.setText(SetTextKeyword.groovy:83)
	at com.kms.katalon.core.mobile.keyword.builtin.SetTextKeyword.execute(SetTextKeyword.groovy:66)
	at com.kms.katalon.core.keyword.internal.KeywordExecutor.executeKeywordForPlatform(KeywordExecutor.groovy:60)
	at com.kms.katalon.core.mobile.keyword.MobileBuiltInKeywords.setText(MobileBuiltInKeywords.groovy:491)
	at com.kms.katalon.core.mobile.keyword.MobileBuiltInKeywords$setText$2.call(Unknown Source)
	at TC_Borrower - Identitas - MASTER FLOW.run(TC_Borrower - Identitas - MASTER FLOW:18)
	at com.kms.katalon.core.main.ScriptEngine.run(ScriptEngine.java:194)
	at com.kms.katalon.core.main.ScriptEngine.runScriptAsRawText(ScriptEngine.java:119)
	at com.kms.katalon.core.main.TestCaseExecutor.runScript(TestCaseExecutor.java:337)
	at com.kms.katalon.core.main.TestCaseExecutor.doExecute(TestCaseExecutor.java:328)
	at com.kms.katalon.core.main.TestCaseExecutor.processExecutionPhase(TestCaseExecutor.java:307)
	at com.kms.katalon.core.main.TestCaseExecutor.accessMainPhase(TestCaseExecutor.java:299)
	at com.kms.katalon.core.main.TestCaseExecutor.execute(TestCaseExecutor.java:233)
	at com.kms.katalon.core.main.TestCaseMain.runTestCase(TestCaseMain.java:114)
	at com.kms.katalon.core.keyword.builtin.CallTestCaseKeyword$_callTestCase_closure1.doCall(CallTestCaseKeyword.groovy:59)
	... 36 more
)]]></system-out>
         <system-err><![CDATA[2019-11-27 05:59:15 - [TEST_CASE][FAILED] - Test Cases/Data Entry/TC_Data Entry: Test Cases/Data Entry/TC_Data Entry FAILED.
Reason:
com.kms.katalon.core.exception.StepFailedException: Call Test Case 'Test Cases/Data Entry/Borrower/Flow Borrower' failed
	at com.kms.katalon.core.keyword.builtin.CallTestCaseKeyword$_callTestCase_closure1.doCall(CallTestCaseKeyword.groovy:63)
	at com.kms.katalon.core.keyword.builtin.CallTestCaseKeyword$_callTestCase_closure1.call(CallTestCaseKeyword.groovy)
	at com.kms.katalon.core.keyword.internal.KeywordMain.runKeyword(KeywordMain.groovy:68)
	at com.kms.katalon.core.keyword.builtin.CallTestCaseKeyword.callTestCase(CallTestCaseKeyword.groovy:81)
	at com.kms.katalon.core.keyword.builtin.CallTestCaseKeyword.execute(CallTestCaseKeyword.groovy:44)
	at com.kms.katalon.core.keyword.internal.KeywordExecutor.executeKeywordForPlatform(KeywordExecutor.groovy:60)
	at com.kms.katalon.core.keyword.BuiltinKeywords.callTestCase(BuiltinKeywords.groovy:334)
	at TC_Data Entry.run(TC_Data Entry:42)
	at com.kms.katalon.core.main.ScriptEngine.run(ScriptEngine.java:194)
	at com.kms.katalon.core.main.ScriptEngine.runScriptAsRawText(ScriptEngine.java:119)
	at com.kms.katalon.core.main.TestCaseExecutor.runScript(TestCaseExecutor.java:337)
	at com.kms.katalon.core.main.TestCaseExecutor.doExecute(TestCaseExecutor.java:328)
	at com.kms.katalon.core.main.TestCaseExecutor.processExecutionPhase(TestCaseExecutor.java:307)
	at com.kms.katalon.core.main.TestCaseExecutor.accessMainPhase(TestCaseExecutor.java:299)
	at com.kms.katalon.core.main.TestCaseExecutor.execute(TestCaseExecutor.java:233)
	at com.kms.katalon.core.main.TestSuiteExecutor.accessTestCaseMainPhase(TestSuiteExecutor.java:169)
	at com.kms.katalon.core.main.TestSuiteExecutor.accessTestSuiteMainPhase(TestSuiteExecutor.java:142)
	at com.kms.katalon.core.main.TestSuiteExecutor.execute(TestSuiteExecutor.java:91)
	at com.kms.katalon.core.main.TestCaseMain.startTestSuite(TestCaseMain.java:157)
	at com.kms.katalon.core.main.TestCaseMain$startTestSuite$0.call(Unknown Source)
	at TempTestSuite1574807893706.run(TempTestSuite1574807893706.groovy:36)
Caused by: com.kms.katalon.core.exception.StepFailedException: Call Test Case 'Test Cases/Data Entry/Borrower/Borrower - Identitas/MASTER FLOW/TC_Borrower - Identitas - MASTER FLOW' failed
	at com.kms.katalon.core.keyword.builtin.CallTestCaseKeyword$_callTestCase_closure1.doCall(CallTestCaseKeyword.groovy:63)
	at com.kms.katalon.core.keyword.builtin.CallTestCaseKeyword$_callTestCase_closure1.call(CallTestCaseKeyword.groovy)
	at com.kms.katalon.core.keyword.internal.KeywordMain.runKeyword(KeywordMain.groovy:68)
	at com.kms.katalon.core.keyword.builtin.CallTestCaseKeyword.callTestCase(CallTestCaseKeyword.groovy:81)
	at com.kms.katalon.core.keyword.builtin.CallTestCaseKeyword.execute(CallTestCaseKeyword.groovy:44)
	at com.kms.katalon.core.keyword.internal.KeywordExecutor.executeKeywordForPlatform(KeywordExecutor.groovy:60)
	at com.kms.katalon.core.keyword.BuiltinKeywords.callTestCase(BuiltinKeywords.groovy:334)
	at Flow Borrower.run(Flow Borrower:16)
	at com.kms.katalon.core.main.ScriptEngine.run(ScriptEngine.java:194)
	at com.kms.katalon.core.main.ScriptEngine.runScriptAsRawText(ScriptEngine.java:119)
	at com.kms.katalon.core.main.TestCaseExecutor.runScript(TestCaseExecutor.java:337)
	at com.kms.katalon.core.main.TestCaseExecutor.doExecute(TestCaseExecutor.java:328)
	at com.kms.katalon.core.main.TestCaseExecutor.processExecutionPhase(TestCaseExecutor.java:307)
	at com.kms.katalon.core.main.TestCaseExecutor.accessMainPhase(TestCaseExecutor.java:299)
	at com.kms.katalon.core.main.TestCaseExecutor.execute(TestCaseExecutor.java:233)
	at com.kms.katalon.core.main.TestCaseMain.runTestCase(TestCaseMain.java:114)
	at com.kms.katalon.core.keyword.builtin.CallTestCaseKeyword$_callTestCase_closure1.doCall(CallTestCaseKeyword.groovy:59)
	... 20 more
Caused by: com.kms.katalon.core.exception.StepFailedException: Object Object Repository/Borrower/Borrower - Identitas/Borrower_InpNoKTP not found
	at com.kms.katalon.core.keyword.internal.KeywordMain.stepFailed(KeywordMain.groovy:50)
	at com.kms.katalon.core.mobile.keyword.internal.MobileKeywordMain.stepFailed(MobileKeywordMain.groovy:40)
	at com.kms.katalon.core.mobile.keyword.builtin.SetTextKeyword$_setText_closure1.doCall(SetTextKeyword.groovy:76)
	at com.kms.katalon.core.mobile.keyword.builtin.SetTextKeyword$_setText_closure1.call(SetTextKeyword.groovy)
	at com.kms.katalon.core.mobile.keyword.internal.MobileKeywordMain.runKeyword(MobileKeywordMain.groovy:21)
	at com.kms.katalon.core.mobile.keyword.builtin.SetTextKeyword.setText(SetTextKeyword.groovy:83)
	at com.kms.katalon.core.mobile.keyword.builtin.SetTextKeyword.execute(SetTextKeyword.groovy:66)
	at com.kms.katalon.core.keyword.internal.KeywordExecutor.executeKeywordForPlatform(KeywordExecutor.groovy:60)
	at com.kms.katalon.core.mobile.keyword.MobileBuiltInKeywords.setText(MobileBuiltInKeywords.groovy:491)
	at com.kms.katalon.core.mobile.keyword.MobileBuiltInKeywords$setText$2.call(Unknown Source)
	at TC_Borrower - Identitas - MASTER FLOW.run(TC_Borrower - Identitas - MASTER FLOW:18)
	at com.kms.katalon.core.main.ScriptEngine.run(ScriptEngine.java:194)
	at com.kms.katalon.core.main.ScriptEngine.runScriptAsRawText(ScriptEngine.java:119)
	at com.kms.katalon.core.main.TestCaseExecutor.runScript(TestCaseExecutor.java:337)
	at com.kms.katalon.core.main.TestCaseExecutor.doExecute(TestCaseExecutor.java:328)
	at com.kms.katalon.core.main.TestCaseExecutor.processExecutionPhase(TestCaseExecutor.java:307)
	at com.kms.katalon.core.main.TestCaseExecutor.accessMainPhase(TestCaseExecutor.java:299)
	at com.kms.katalon.core.main.TestCaseExecutor.execute(TestCaseExecutor.java:233)
	at com.kms.katalon.core.main.TestCaseMain.runTestCase(TestCaseMain.java:114)
	at com.kms.katalon.core.keyword.builtin.CallTestCaseKeyword$_callTestCase_closure1.doCall(CallTestCaseKeyword.groovy:59)
	... 36 more]]></system-err>
      </testcase>
      <testcase name="Test Cases/Data Entry/TC_Data Entry" time="84.027" classname="Test Cases/Data Entry/TC_Data Entry" status="FAILED">
         <failure type="FAILED" message="Test Cases/Data Entry/TC_Data Entry FAILED.
Reason:
com.kms.katalon.core.exception.StepFailedException: Call Test Case 'Test Cases/Data Entry/Simulasi Kredit/Simulasi Kredit - Asuransi/MASTER FLOW/TC_Asuransi - MASTER FLOW' failed
	at com.kms.katalon.core.keyword.builtin.CallTestCaseKeyword$_callTestCase_closure1.doCall(CallTestCaseKeyword.groovy:63)
	at com.kms.katalon.core.keyword.builtin.CallTestCaseKeyword$_callTestCase_closure1.call(CallTestCaseKeyword.groovy)
	at com.kms.katalon.core.keyword.internal.KeywordMain.runKeyword(KeywordMain.groovy:68)
	at com.kms.katalon.core.keyword.builtin.CallTestCaseKeyword.callTestCase(CallTestCaseKeyword.groovy:81)
	at com.kms.katalon.core.keyword.builtin.CallTestCaseKeyword.execute(CallTestCaseKeyword.groovy:44)
	at com.kms.katalon.core.keyword.internal.KeywordExecutor.executeKeywordForPlatform(KeywordExecutor.groovy:60)
	at com.kms.katalon.core.keyword.BuiltinKeywords.callTestCase(BuiltinKeywords.groovy:334)
	at TC_Data Entry.run(TC_Data Entry:26)
	at com.kms.katalon.core.main.ScriptEngine.run(ScriptEngine.java:194)
	at com.kms.katalon.core.main.ScriptEngine.runScriptAsRawText(ScriptEngine.java:119)
	at com.kms.katalon.core.main.TestCaseExecutor.runScript(TestCaseExecutor.java:337)
	at com.kms.katalon.core.main.TestCaseExecutor.doExecute(TestCaseExecutor.java:328)
	at com.kms.katalon.core.main.TestCaseExecutor.processExecutionPhase(TestCaseExecutor.java:307)
	at com.kms.katalon.core.main.TestCaseExecutor.accessMainPhase(TestCaseExecutor.java:299)
	at com.kms.katalon.core.main.TestCaseExecutor.execute(TestCaseExecutor.java:233)
	at com.kms.katalon.core.main.TestSuiteExecutor.accessTestCaseMainPhase(TestSuiteExecutor.java:169)
	at com.kms.katalon.core.main.TestSuiteExecutor.accessTestSuiteMainPhase(TestSuiteExecutor.java:142)
	at com.kms.katalon.core.main.TestSuiteExecutor.execute(TestSuiteExecutor.java:91)
	at com.kms.katalon.core.main.TestCaseMain.startTestSuite(TestCaseMain.java:157)
	at com.kms.katalon.core.main.TestCaseMain$startTestSuite$0.call(Unknown Source)
	at TempTestSuite1574807893706.run(TempTestSuite1574807893706.groovy:36)
Caused by: com.kms.katalon.core.exception.StepFailedException: Failed to tap on element 'Object Repository/Simulasi Kredit/Simulasi Kredit - Asuransi/Asuransi_Nama Asuransi' (Root cause: org.openqa.selenium.WebDriverException: An unknown server-side error occurred while processing the command. Original error: Could not proxy command to remote server. Original error: Error: socket hang up
Build info: version: '3.141.59', revision: 'e82be7d358', time: '2018-11-14T08:25:53'
System info: host: 'FATITQC15420L', ip: '192.168.1.11', os.name: 'Windows 10', os.arch: 'amd64', os.version: '10.0', java.version: '1.8.0_181'
Driver info: com.kms.katalon.core.appium.driver.SwipeableAndroidDriver
Capabilities {app: C:\Users\15420\git\ACCME-Du..., appPackage: com.outsystemsenterprise.ac..., autoGrantPermissions: true, automationName: uiautomator2, databaseEnabled: false, desired: {app: C:\Users\15420\git\ACCME-Du..., autoGrantPermissions: true, automationName: uiautomator2, deviceId: , deviceName: samsung SM-A505F (Android 9), fullReset: false, newCommandTimeout: 1800, noReset: true, platform: ANDROID, platformName: android, platformVersion: 9, resetKeyboard: true, systemPort: 54797, udid: RR8M30NJT6T, unicodeKeyboard: true}, deviceApiLevel: 28, deviceId: , deviceManufacturer: samsung, deviceModel: SM-A505F, deviceName: RR8M30NJT6T, deviceScreenDensity: 420, deviceScreenSize: 1080x2340, deviceUDID: RR8M30NJT6T, fullReset: false, javascriptEnabled: true, locationContextEnabled: false, networkConnectionEnabled: true, newCommandTimeout: 1800, noReset: true, pixelRatio: 2.625, platform: ANDROID, platformName: Android, platformVersion: 9, resetKeyboard: true, statBarHeight: 83, systemPort: 54797, takesScreenshot: true, udid: RR8M30NJT6T, unicodeKeyboard: true, viewportRect: {height: 2048, left: 0, top: 83, width: 1080}, warnings: {}, webStorageEnabled: false}
Session ID: 557e6095-6ec0-4b5b-baaf-508a1a7cd217
	at org.openqa.selenium.remote.http.W3CHttpResponseCodec.createException(W3CHttpResponseCodec.java:187)
	at org.openqa.selenium.remote.http.W3CHttpResponseCodec.decode(W3CHttpResponseCodec.java:122)
	at org.openqa.selenium.remote.http.W3CHttpResponseCodec.decode(W3CHttpResponseCodec.java:49)
	at org.openqa.selenium.remote.HttpCommandExecutor.execute(HttpCommandExecutor.java:158)
	at io.appium.java_client.remote.AppiumCommandExecutor.execute(AppiumCommandExecutor.java:239)
	at org.openqa.selenium.remote.RemoteWebDriver.execute(RemoteWebDriver.java:552)
	at io.appium.java_client.DefaultGenericMobileDriver.execute(DefaultGenericMobileDriver.java:46)
	at io.appium.java_client.AppiumDriver.execute(AppiumDriver.java:1)
	at io.appium.java_client.android.AndroidDriver.execute(AndroidDriver.java:1)
	at com.kms.katalon.core.appium.driver.SwipeableAndroidDriver.execute(SwipeableAndroidDriver.java:1)
	at org.openqa.selenium.remote.RemoteWebDriver$RemoteWebDriverOptions$RemoteWindow.getSize(RemoteWebDriver.java:813)
	at org.openqa.selenium.WebDriver$Window$getSize.call(Unknown Source)
	at com.kms.katalon.core.mobile.keyword.internal.MobileAbstractKeyword.findElement(MobileAbstractKeyword.groovy:81)
	at com.kms.katalon.core.mobile.keyword.builtin.TapKeyword$_tap_closure1.doCall(TapKeyword.groovy:76)
	at com.kms.katalon.core.mobile.keyword.builtin.TapKeyword$_tap_closure1.call(TapKeyword.groovy)
	at com.kms.katalon.core.mobile.keyword.internal.MobileKeywordMain.runKeyword(MobileKeywordMain.groovy:21)
	at com.kms.katalon.core.mobile.keyword.builtin.TapKeyword.tap(TapKeyword.groovy:86)
	at com.kms.katalon.core.mobile.keyword.builtin.TapKeyword.execute(TapKeyword.groovy:68)
	at com.kms.katalon.core.keyword.internal.KeywordExecutor.executeKeywordForPlatform(KeywordExecutor.groovy:60)
	at com.kms.katalon.core.mobile.keyword.MobileBuiltInKeywords.tap(MobileBuiltInKeywords.groovy:520)
	at com.kms.katalon.core.mobile.keyword.MobileBuiltInKeywords$tap$1.call(Unknown Source)
	at TC_Asuransi - MASTER FLOW.run(TC_Asuransi - MASTER FLOW:18)
	at com.kms.katalon.core.main.ScriptEngine.run(ScriptEngine.java:194)
	at com.kms.katalon.core.main.ScriptEngine.runScriptAsRawText(ScriptEngine.java:119)
	at com.kms.katalon.core.main.TestCaseExecutor.runScript(TestCaseExecutor.java:337)
	at com.kms.katalon.core.main.TestCaseExecutor.doExecute(TestCaseExecutor.java:328)
	at com.kms.katalon.core.main.TestCaseExecutor.processExecutionPhase(TestCaseExecutor.java:307)
	at com.kms.katalon.core.main.TestCaseExecutor.accessMainPhase(TestCaseExecutor.java:299)
	at com.kms.katalon.core.main.TestCaseExecutor.execute(TestCaseExecutor.java:233)
	at com.kms.katalon.core.main.TestCaseMain.runTestCase(TestCaseMain.java:114)
	at com.kms.katalon.core.keyword.builtin.CallTestCaseKeyword$_callTestCase_closure1.doCall(CallTestCaseKeyword.groovy:59)
	at com.kms.katalon.core.keyword.builtin.CallTestCaseKeyword$_callTestCase_closure1.call(CallTestCaseKeyword.groovy)
	at com.kms.katalon.core.keyword.internal.KeywordMain.runKeyword(KeywordMain.groovy:68)
	at com.kms.katalon.core.keyword.builtin.CallTestCaseKeyword.callTestCase(CallTestCaseKeyword.groovy:81)
	at com.kms.katalon.core.keyword.builtin.CallTestCaseKeyword.execute(CallTestCaseKeyword.groovy:44)
	at com.kms.katalon.core.keyword.internal.KeywordExecutor.executeKeywordForPlatform(KeywordExecutor.groovy:60)
	at com.kms.katalon.core.keyword.BuiltinKeywords.callTestCase(BuiltinKeywords.groovy:334)
	at TC_Data Entry.run(TC_Data Entry:26)
	at com.kms.katalon.core.main.ScriptEngine.run(ScriptEngine.java:194)
	at com.kms.katalon.core.main.ScriptEngine.runScriptAsRawText(ScriptEngine.java:119)
	at com.kms.katalon.core.main.TestCaseExecutor.runScript(TestCaseExecutor.java:337)
	at com.kms.katalon.core.main.TestCaseExecutor.doExecute(TestCaseExecutor.java:328)
	at com.kms.katalon.core.main.TestCaseExecutor.processExecutionPhase(TestCaseExecutor.java:307)
	at com.kms.katalon.core.main.TestCaseExecutor.accessMainPhase(TestCaseExecutor.java:299)
	at com.kms.katalon.core.main.TestCaseExecutor.execute(TestCaseExecutor.java:233)
	at com.kms.katalon.core.main.TestSuiteExecutor.accessTestCaseMainPhase(TestSuiteExecutor.java:169)
	at com.kms.katalon.core.main.TestSuiteExecutor.accessTestSuiteMainPhase(TestSuiteExecutor.java:142)
	at com.kms.katalon.core.main.TestSuiteExecutor.execute(TestSuiteExecutor.java:91)
	at com.kms.katalon.core.main.TestCaseMain.startTestSuite(TestCaseMain.java:157)
	at com.kms.katalon.core.main.TestCaseMain$startTestSuite$0.call(Unknown Source)
	at TempTestSuite1574807893706.run(TempTestSuite1574807893706.groovy:36)
)
	at com.kms.katalon.core.keyword.internal.KeywordMain.stepFailed(KeywordMain.groovy:50)
	at com.kms.katalon.core.mobile.keyword.internal.MobileKeywordMain.stepFailed(MobileKeywordMain.groovy:40)
	at com.kms.katalon.core.mobile.keyword.internal.MobileKeywordMain.runKeyword(MobileKeywordMain.groovy:23)
	at com.kms.katalon.core.mobile.keyword.builtin.TapKeyword.tap(TapKeyword.groovy:86)
	at com.kms.katalon.core.mobile.keyword.builtin.TapKeyword.execute(TapKeyword.groovy:68)
	at com.kms.katalon.core.keyword.internal.KeywordExecutor.executeKeywordForPlatform(KeywordExecutor.groovy:60)
	at com.kms.katalon.core.mobile.keyword.MobileBuiltInKeywords.tap(MobileBuiltInKeywords.groovy:520)
	at com.kms.katalon.core.mobile.keyword.MobileBuiltInKeywords$tap$1.call(Unknown Source)
	at TC_Asuransi - MASTER FLOW.run(TC_Asuransi - MASTER FLOW:18)
	at com.kms.katalon.core.main.ScriptEngine.run(ScriptEngine.java:194)
	at com.kms.katalon.core.main.ScriptEngine.runScriptAsRawText(ScriptEngine.java:119)
	at com.kms.katalon.core.main.TestCaseExecutor.runScript(TestCaseExecutor.java:337)
	at com.kms.katalon.core.main.TestCaseExecutor.doExecute(TestCaseExecutor.java:328)
	at com.kms.katalon.core.main.TestCaseExecutor.processExecutionPhase(TestCaseExecutor.java:307)
	at com.kms.katalon.core.main.TestCaseExecutor.accessMainPhase(TestCaseExecutor.java:299)
	at com.kms.katalon.core.main.TestCaseExecutor.execute(TestCaseExecutor.java:233)
	at com.kms.katalon.core.main.TestCaseMain.runTestCase(TestCaseMain.java:114)
	at com.kms.katalon.core.keyword.builtin.CallTestCaseKeyword$_callTestCase_closure1.doCall(CallTestCaseKeyword.groovy:59)
	... 20 more
Caused by: org.openqa.selenium.WebDriverException: An unknown server-side error occurred while processing the command. Original error: Could not proxy command to remote server. Original error: Error: socket hang up
Build info: version: '3.141.59', revision: 'e82be7d358', time: '2018-11-14T08:25:53'
System info: host: 'FATITQC15420L', ip: '192.168.1.11', os.name: 'Windows 10', os.arch: 'amd64', os.version: '10.0', java.version: '1.8.0_181'
Driver info: com.kms.katalon.core.appium.driver.SwipeableAndroidDriver
Capabilities {app: C:\Users\15420\git\ACCME-Du..., appPackage: com.outsystemsenterprise.ac..., autoGrantPermissions: true, automationName: uiautomator2, databaseEnabled: false, desired: {app: C:\Users\15420\git\ACCME-Du..., autoGrantPermissions: true, automationName: uiautomator2, deviceId: , deviceName: samsung SM-A505F (Android 9), fullReset: false, newCommandTimeout: 1800, noReset: true, platform: ANDROID, platformName: android, platformVersion: 9, resetKeyboard: true, systemPort: 54797, udid: RR8M30NJT6T, unicodeKeyboard: true}, deviceApiLevel: 28, deviceId: , deviceManufacturer: samsung, deviceModel: SM-A505F, deviceName: RR8M30NJT6T, deviceScreenDensity: 420, deviceScreenSize: 1080x2340, deviceUDID: RR8M30NJT6T, fullReset: false, javascriptEnabled: true, locationContextEnabled: false, networkConnectionEnabled: true, newCommandTimeout: 1800, noReset: true, pixelRatio: 2.625, platform: ANDROID, platformName: Android, platformVersion: 9, resetKeyboard: true, statBarHeight: 83, systemPort: 54797, takesScreenshot: true, udid: RR8M30NJT6T, unicodeKeyboard: true, viewportRect: {height: 2048, left: 0, top: 83, width: 1080}, warnings: {}, webStorageEnabled: false}
Session ID: 557e6095-6ec0-4b5b-baaf-508a1a7cd217
	at org.openqa.selenium.remote.http.W3CHttpResponseCodec.createException(W3CHttpResponseCodec.java:187)
	at org.openqa.selenium.remote.http.W3CHttpResponseCodec.decode(W3CHttpResponseCodec.java:122)
	at org.openqa.selenium.remote.http.W3CHttpResponseCodec.decode(W3CHttpResponseCodec.java:49)
	at org.openqa.selenium.remote.HttpCommandExecutor.execute(HttpCommandExecutor.java:158)
	at io.appium.java_client.remote.AppiumCommandExecutor.execute(AppiumCommandExecutor.java:239)
	at org.openqa.selenium.remote.RemoteWebDriver.execute(RemoteWebDriver.java:552)
	at io.appium.java_client.DefaultGenericMobileDriver.execute(DefaultGenericMobileDriver.java:46)
	at io.appium.java_client.AppiumDriver.execute(AppiumDriver.java:1)
	at io.appium.java_client.android.AndroidDriver.execute(AndroidDriver.java:1)
	at com.kms.katalon.core.appium.driver.SwipeableAndroidDriver.execute(SwipeableAndroidDriver.java:1)
	at org.openqa.selenium.remote.RemoteWebDriver$RemoteWebDriverOptions$RemoteWindow.getSize(RemoteWebDriver.java:813)
	at org.openqa.selenium.WebDriver$Window$getSize.call(Unknown Source)
	at com.kms.katalon.core.mobile.keyword.internal.MobileAbstractKeyword.findElement(MobileAbstractKeyword.groovy:81)
	at com.kms.katalon.core.mobile.keyword.builtin.TapKeyword$_tap_closure1.doCall(TapKeyword.groovy:76)
	at com.kms.katalon.core.mobile.keyword.builtin.TapKeyword$_tap_closure1.call(TapKeyword.groovy)
	at com.kms.katalon.core.mobile.keyword.internal.MobileKeywordMain.runKeyword(MobileKeywordMain.groovy:21)
	... 35 more
"/>
         <system-out><![CDATA[2019-11-27 06:05:50 - [TEST_CASE][FAILED] - Test Cases/Data Entry/TC_Data Entry: Test Cases/Data Entry/TC_Data Entry FAILED.
Reason:
com.kms.katalon.core.exception.StepFailedException: Call Test Case 'Test Cases/Data Entry/Simulasi Kredit/Simulasi Kredit - Asuransi/MASTER FLOW/TC_Asuransi - MASTER FLOW' failed
	at com.kms.katalon.core.keyword.builtin.CallTestCaseKeyword$_callTestCase_closure1.doCall(CallTestCaseKeyword.groovy:63)
	at com.kms.katalon.core.keyword.builtin.CallTestCaseKeyword$_callTestCase_closure1.call(CallTestCaseKeyword.groovy)
	at com.kms.katalon.core.keyword.internal.KeywordMain.runKeyword(KeywordMain.groovy:68)
	at com.kms.katalon.core.keyword.builtin.CallTestCaseKeyword.callTestCase(CallTestCaseKeyword.groovy:81)
	at com.kms.katalon.core.keyword.builtin.CallTestCaseKeyword.execute(CallTestCaseKeyword.groovy:44)
	at com.kms.katalon.core.keyword.internal.KeywordExecutor.executeKeywordForPlatform(KeywordExecutor.groovy:60)
	at com.kms.katalon.core.keyword.BuiltinKeywords.callTestCase(BuiltinKeywords.groovy:334)
	at TC_Data Entry.run(TC_Data Entry:26)
	at com.kms.katalon.core.main.ScriptEngine.run(ScriptEngine.java:194)
	at com.kms.katalon.core.main.ScriptEngine.runScriptAsRawText(ScriptEngine.java:119)
	at com.kms.katalon.core.main.TestCaseExecutor.runScript(TestCaseExecutor.java:337)
	at com.kms.katalon.core.main.TestCaseExecutor.doExecute(TestCaseExecutor.java:328)
	at com.kms.katalon.core.main.TestCaseExecutor.processExecutionPhase(TestCaseExecutor.java:307)
	at com.kms.katalon.core.main.TestCaseExecutor.accessMainPhase(TestCaseExecutor.java:299)
	at com.kms.katalon.core.main.TestCaseExecutor.execute(TestCaseExecutor.java:233)
	at com.kms.katalon.core.main.TestSuiteExecutor.accessTestCaseMainPhase(TestSuiteExecutor.java:169)
	at com.kms.katalon.core.main.TestSuiteExecutor.accessTestSuiteMainPhase(TestSuiteExecutor.java:142)
	at com.kms.katalon.core.main.TestSuiteExecutor.execute(TestSuiteExecutor.java:91)
	at com.kms.katalon.core.main.TestCaseMain.startTestSuite(TestCaseMain.java:157)
	at com.kms.katalon.core.main.TestCaseMain$startTestSuite$0.call(Unknown Source)
	at TempTestSuite1574807893706.run(TempTestSuite1574807893706.groovy:36)
Caused by: com.kms.katalon.core.exception.StepFailedException: Failed to tap on element 'Object Repository/Simulasi Kredit/Simulasi Kredit - Asuransi/Asuransi_Nama Asuransi' (Root cause: org.openqa.selenium.WebDriverException: An unknown server-side error occurred while processing the command. Original error: Could not proxy command to remote server. Original error: Error: socket hang up
Build info: version: '3.141.59', revision: 'e82be7d358', time: '2018-11-14T08:25:53'
System info: host: 'FATITQC15420L', ip: '192.168.1.11', os.name: 'Windows 10', os.arch: 'amd64', os.version: '10.0', java.version: '1.8.0_181'
Driver info: com.kms.katalon.core.appium.driver.SwipeableAndroidDriver
Capabilities {app: C:\Users\15420\git\ACCME-Du..., appPackage: com.outsystemsenterprise.ac..., autoGrantPermissions: true, automationName: uiautomator2, databaseEnabled: false, desired: {app: C:\Users\15420\git\ACCME-Du..., autoGrantPermissions: true, automationName: uiautomator2, deviceId: , deviceName: samsung SM-A505F (Android 9), fullReset: false, newCommandTimeout: 1800, noReset: true, platform: ANDROID, platformName: android, platformVersion: 9, resetKeyboard: true, systemPort: 54797, udid: RR8M30NJT6T, unicodeKeyboard: true}, deviceApiLevel: 28, deviceId: , deviceManufacturer: samsung, deviceModel: SM-A505F, deviceName: RR8M30NJT6T, deviceScreenDensity: 420, deviceScreenSize: 1080x2340, deviceUDID: RR8M30NJT6T, fullReset: false, javascriptEnabled: true, locationContextEnabled: false, networkConnectionEnabled: true, newCommandTimeout: 1800, noReset: true, pixelRatio: 2.625, platform: ANDROID, platformName: Android, platformVersion: 9, resetKeyboard: true, statBarHeight: 83, systemPort: 54797, takesScreenshot: true, udid: RR8M30NJT6T, unicodeKeyboard: true, viewportRect: {height: 2048, left: 0, top: 83, width: 1080}, warnings: {}, webStorageEnabled: false}
Session ID: 557e6095-6ec0-4b5b-baaf-508a1a7cd217
	at org.openqa.selenium.remote.http.W3CHttpResponseCodec.createException(W3CHttpResponseCodec.java:187)
	at org.openqa.selenium.remote.http.W3CHttpResponseCodec.decode(W3CHttpResponseCodec.java:122)
	at org.openqa.selenium.remote.http.W3CHttpResponseCodec.decode(W3CHttpResponseCodec.java:49)
	at org.openqa.selenium.remote.HttpCommandExecutor.execute(HttpCommandExecutor.java:158)
	at io.appium.java_client.remote.AppiumCommandExecutor.execute(AppiumCommandExecutor.java:239)
	at org.openqa.selenium.remote.RemoteWebDriver.execute(RemoteWebDriver.java:552)
	at io.appium.java_client.DefaultGenericMobileDriver.execute(DefaultGenericMobileDriver.java:46)
	at io.appium.java_client.AppiumDriver.execute(AppiumDriver.java:1)
	at io.appium.java_client.android.AndroidDriver.execute(AndroidDriver.java:1)
	at com.kms.katalon.core.appium.driver.SwipeableAndroidDriver.execute(SwipeableAndroidDriver.java:1)
	at org.openqa.selenium.remote.RemoteWebDriver$RemoteWebDriverOptions$RemoteWindow.getSize(RemoteWebDriver.java:813)
	at org.openqa.selenium.WebDriver$Window$getSize.call(Unknown Source)
	at com.kms.katalon.core.mobile.keyword.internal.MobileAbstractKeyword.findElement(MobileAbstractKeyword.groovy:81)
	at com.kms.katalon.core.mobile.keyword.builtin.TapKeyword$_tap_closure1.doCall(TapKeyword.groovy:76)
	at com.kms.katalon.core.mobile.keyword.builtin.TapKeyword$_tap_closure1.call(TapKeyword.groovy)
	at com.kms.katalon.core.mobile.keyword.internal.MobileKeywordMain.runKeyword(MobileKeywordMain.groovy:21)
	at com.kms.katalon.core.mobile.keyword.builtin.TapKeyword.tap(TapKeyword.groovy:86)
	at com.kms.katalon.core.mobile.keyword.builtin.TapKeyword.execute(TapKeyword.groovy:68)
	at com.kms.katalon.core.keyword.internal.KeywordExecutor.executeKeywordForPlatform(KeywordExecutor.groovy:60)
	at com.kms.katalon.core.mobile.keyword.MobileBuiltInKeywords.tap(MobileBuiltInKeywords.groovy:520)
	at com.kms.katalon.core.mobile.keyword.MobileBuiltInKeywords$tap$1.call(Unknown Source)
	at TC_Asuransi - MASTER FLOW.run(TC_Asuransi - MASTER FLOW:18)
	at com.kms.katalon.core.main.ScriptEngine.run(ScriptEngine.java:194)
	at com.kms.katalon.core.main.ScriptEngine.runScriptAsRawText(ScriptEngine.java:119)
	at com.kms.katalon.core.main.TestCaseExecutor.runScript(TestCaseExecutor.java:337)
	at com.kms.katalon.core.main.TestCaseExecutor.doExecute(TestCaseExecutor.java:328)
	at com.kms.katalon.core.main.TestCaseExecutor.processExecutionPhase(TestCaseExecutor.java:307)
	at com.kms.katalon.core.main.TestCaseExecutor.accessMainPhase(TestCaseExecutor.java:299)
	at com.kms.katalon.core.main.TestCaseExecutor.execute(TestCaseExecutor.java:233)
	at com.kms.katalon.core.main.TestCaseMain.runTestCase(TestCaseMain.java:114)
	at com.kms.katalon.core.keyword.builtin.CallTestCaseKeyword$_callTestCase_closure1.doCall(CallTestCaseKeyword.groovy:59)
	at com.kms.katalon.core.keyword.builtin.CallTestCaseKeyword$_callTestCase_closure1.call(CallTestCaseKeyword.groovy)
	at com.kms.katalon.core.keyword.internal.KeywordMain.runKeyword(KeywordMain.groovy:68)
	at com.kms.katalon.core.keyword.builtin.CallTestCaseKeyword.callTestCase(CallTestCaseKeyword.groovy:81)
	at com.kms.katalon.core.keyword.builtin.CallTestCaseKeyword.execute(CallTestCaseKeyword.groovy:44)
	at com.kms.katalon.core.keyword.internal.KeywordExecutor.executeKeywordForPlatform(KeywordExecutor.groovy:60)
	at com.kms.katalon.core.keyword.BuiltinKeywords.callTestCase(BuiltinKeywords.groovy:334)
	at TC_Data Entry.run(TC_Data Entry:26)
	at com.kms.katalon.core.main.ScriptEngine.run(ScriptEngine.java:194)
	at com.kms.katalon.core.main.ScriptEngine.runScriptAsRawText(ScriptEngine.java:119)
	at com.kms.katalon.core.main.TestCaseExecutor.runScript(TestCaseExecutor.java:337)
	at com.kms.katalon.core.main.TestCaseExecutor.doExecute(TestCaseExecutor.java:328)
	at com.kms.katalon.core.main.TestCaseExecutor.processExecutionPhase(TestCaseExecutor.java:307)
	at com.kms.katalon.core.main.TestCaseExecutor.accessMainPhase(TestCaseExecutor.java:299)
	at com.kms.katalon.core.main.TestCaseExecutor.execute(TestCaseExecutor.java:233)
	at com.kms.katalon.core.main.TestSuiteExecutor.accessTestCaseMainPhase(TestSuiteExecutor.java:169)
	at com.kms.katalon.core.main.TestSuiteExecutor.accessTestSuiteMainPhase(TestSuiteExecutor.java:142)
	at com.kms.katalon.core.main.TestSuiteExecutor.execute(TestSuiteExecutor.java:91)
	at com.kms.katalon.core.main.TestCaseMain.startTestSuite(TestCaseMain.java:157)
	at com.kms.katalon.core.main.TestCaseMain$startTestSuite$0.call(Unknown Source)
	at TempTestSuite1574807893706.run(TempTestSuite1574807893706.groovy:36)
)
	at com.kms.katalon.core.keyword.internal.KeywordMain.stepFailed(KeywordMain.groovy:50)
	at com.kms.katalon.core.mobile.keyword.internal.MobileKeywordMain.stepFailed(MobileKeywordMain.groovy:40)
	at com.kms.katalon.core.mobile.keyword.internal.MobileKeywordMain.runKeyword(MobileKeywordMain.groovy:23)
	at com.kms.katalon.core.mobile.keyword.builtin.TapKeyword.tap(TapKeyword.groovy:86)
	at com.kms.katalon.core.mobile.keyword.builtin.TapKeyword.execute(TapKeyword.groovy:68)
	at com.kms.katalon.core.keyword.internal.KeywordExecutor.executeKeywordForPlatform(KeywordExecutor.groovy:60)
	at com.kms.katalon.core.mobile.keyword.MobileBuiltInKeywords.tap(MobileBuiltInKeywords.groovy:520)
	at com.kms.katalon.core.mobile.keyword.MobileBuiltInKeywords$tap$1.call(Unknown Source)
	at TC_Asuransi - MASTER FLOW.run(TC_Asuransi - MASTER FLOW:18)
	at com.kms.katalon.core.main.ScriptEngine.run(ScriptEngine.java:194)
	at com.kms.katalon.core.main.ScriptEngine.runScriptAsRawText(ScriptEngine.java:119)
	at com.kms.katalon.core.main.TestCaseExecutor.runScript(TestCaseExecutor.java:337)
	at com.kms.katalon.core.main.TestCaseExecutor.doExecute(TestCaseExecutor.java:328)
	at com.kms.katalon.core.main.TestCaseExecutor.processExecutionPhase(TestCaseExecutor.java:307)
	at com.kms.katalon.core.main.TestCaseExecutor.accessMainPhase(TestCaseExecutor.java:299)
	at com.kms.katalon.core.main.TestCaseExecutor.execute(TestCaseExecutor.java:233)
	at com.kms.katalon.core.main.TestCaseMain.runTestCase(TestCaseMain.java:114)
	at com.kms.katalon.core.keyword.builtin.CallTestCaseKeyword$_callTestCase_closure1.doCall(CallTestCaseKeyword.groovy:59)
	... 20 more
Caused by: org.openqa.selenium.WebDriverException: An unknown server-side error occurred while processing the command. Original error: Could not proxy command to remote server. Original error: Error: socket hang up
Build info: version: '3.141.59', revision: 'e82be7d358', time: '2018-11-14T08:25:53'
System info: host: 'FATITQC15420L', ip: '192.168.1.11', os.name: 'Windows 10', os.arch: 'amd64', os.version: '10.0', java.version: '1.8.0_181'
Driver info: com.kms.katalon.core.appium.driver.SwipeableAndroidDriver
Capabilities {app: C:\Users\15420\git\ACCME-Du..., appPackage: com.outsystemsenterprise.ac..., autoGrantPermissions: true, automationName: uiautomator2, databaseEnabled: false, desired: {app: C:\Users\15420\git\ACCME-Du..., autoGrantPermissions: true, automationName: uiautomator2, deviceId: , deviceName: samsung SM-A505F (Android 9), fullReset: false, newCommandTimeout: 1800, noReset: true, platform: ANDROID, platformName: android, platformVersion: 9, resetKeyboard: true, systemPort: 54797, udid: RR8M30NJT6T, unicodeKeyboard: true}, deviceApiLevel: 28, deviceId: , deviceManufacturer: samsung, deviceModel: SM-A505F, deviceName: RR8M30NJT6T, deviceScreenDensity: 420, deviceScreenSize: 1080x2340, deviceUDID: RR8M30NJT6T, fullReset: false, javascriptEnabled: true, locationContextEnabled: false, networkConnectionEnabled: true, newCommandTimeout: 1800, noReset: true, pixelRatio: 2.625, platform: ANDROID, platformName: Android, platformVersion: 9, resetKeyboard: true, statBarHeight: 83, systemPort: 54797, takesScreenshot: true, udid: RR8M30NJT6T, unicodeKeyboard: true, viewportRect: {height: 2048, left: 0, top: 83, width: 1080}, warnings: {}, webStorageEnabled: false}
Session ID: 557e6095-6ec0-4b5b-baaf-508a1a7cd217
	at org.openqa.selenium.remote.http.W3CHttpResponseCodec.createException(W3CHttpResponseCodec.java:187)
	at org.openqa.selenium.remote.http.W3CHttpResponseCodec.decode(W3CHttpResponseCodec.java:122)
	at org.openqa.selenium.remote.http.W3CHttpResponseCodec.decode(W3CHttpResponseCodec.java:49)
	at org.openqa.selenium.remote.HttpCommandExecutor.execute(HttpCommandExecutor.java:158)
	at io.appium.java_client.remote.AppiumCommandExecutor.execute(AppiumCommandExecutor.java:239)
	at org.openqa.selenium.remote.RemoteWebDriver.execute(RemoteWebDriver.java:552)
	at io.appium.java_client.DefaultGenericMobileDriver.execute(DefaultGenericMobileDriver.java:46)
	at io.appium.java_client.AppiumDriver.execute(AppiumDriver.java:1)
	at io.appium.java_client.android.AndroidDriver.execute(AndroidDriver.java:1)
	at com.kms.katalon.core.appium.driver.SwipeableAndroidDriver.execute(SwipeableAndroidDriver.java:1)
	at org.openqa.selenium.remote.RemoteWebDriver$RemoteWebDriverOptions$RemoteWindow.getSize(RemoteWebDriver.java:813)
	at org.openqa.selenium.WebDriver$Window$getSize.call(Unknown Source)
	at com.kms.katalon.core.mobile.keyword.internal.MobileAbstractKeyword.findElement(MobileAbstractKeyword.groovy:81)
	at com.kms.katalon.core.mobile.keyword.builtin.TapKeyword$_tap_closure1.doCall(TapKeyword.groovy:76)
	at com.kms.katalon.core.mobile.keyword.builtin.TapKeyword$_tap_closure1.call(TapKeyword.groovy)
	at com.kms.katalon.core.mobile.keyword.internal.MobileKeywordMain.runKeyword(MobileKeywordMain.groovy:21)
	... 35 more


2019-11-27 06:05:50 - [TEST_STEP][PASSED] - callTestCase(findTestCase("dynamic test case/open application"), [:], STOP_ON_FAILURE): Call Test Case 'Test Cases/dynamic test case/open application' successfully

2019-11-27 06:05:50 - [TEST_CASE][PASSED] - Test Cases/dynamic test case/open application: Test Cases/dynamic test case/open application

2019-11-27 06:05:50 - [TEST_STEP][PASSED] - appPath = relativeToAbsolutePath(apkname, getProjectDir()): null

2019-11-27 06:05:50 - [TEST_STEP][PASSED] - startApplication(appPath, false): Started app at: 'C:\Users\15420\git\ACCME-Dupcheck\AccMe.apk'

2019-11-27 06:05:50 - [MESSAGE][INFO] - User set preference: ['unicodeKeyboard', 'true']

2019-11-27 06:05:50 - [MESSAGE][INFO] - User set preference: ['resetKeyboard', 'true']

2019-11-27 06:05:50 - [MESSAGE][INFO] - User set preference: ['deviceId', '']

2019-11-27 06:06:21 - [MESSAGE][PASSED] - Started app at: 'C:\Users\15420\git\ACCME-Dupcheck\AccMe.apk'

2019-11-27 06:06:21 - [MESSAGE][PASSED] - Call Test Case 'Test Cases/dynamic test case/open application' successfully

2019-11-27 06:06:21 - [TEST_STEP][PASSED] - callTestCase(findTestCase("Data Entry/Simulasi Kredit/Simulasi Kredit/MASTER FLOW/TC_Simulasi Kredit - MASTER FLOW"), ["varBrand":varBrand, "varType":varType, "varModel":varModel, "varTahun":varTahun, "varTenor":varTenor, "varOTR":varOTR, "varRP":varRP, ... ], OPTIONAL): Unable to call Test Case 'Test Cases/Data Entry/Simulasi Kredit/Simulasi Kredit/MASTER FLOW/TC_Simulasi Kredit - MASTER FLOW' (Root cause: com.kms.katalon.core.exception.StepFailedException: Call Test Case 'Test Cases/Data Entry/Simulasi Kredit/Simulasi Kredit/MASTER FLOW/TC_Simulasi Kredit - MASTER FLOW' failed
	at com.kms.katalon.core.keyword.builtin.CallTestCaseKeyword$_callTestCase_closure1.doCall(CallTestCaseKeyword.groovy:63)
	at com.kms.katalon.core.keyword.builtin.CallTestCaseKeyword$_callTestCase_closure1.call(CallTestCaseKeyword.groovy)
	at com.kms.katalon.core.keyword.internal.KeywordMain.runKeyword(KeywordMain.groovy:68)
	at com.kms.katalon.core.keyword.builtin.CallTestCaseKeyword.callTestCase(CallTestCaseKeyword.groovy:81)
	at com.kms.katalon.core.keyword.builtin.CallTestCaseKeyword.execute(CallTestCaseKeyword.groovy:44)
	at com.kms.katalon.core.keyword.internal.KeywordExecutor.executeKeywordForPlatform(KeywordExecutor.groovy:60)
	at com.kms.katalon.core.keyword.BuiltinKeywords.callTestCase(BuiltinKeywords.groovy:334)
	at TC_Data Entry.run(TC_Data Entry:21)
	at com.kms.katalon.core.main.ScriptEngine.run(ScriptEngine.java:194)
	at com.kms.katalon.core.main.ScriptEngine.runScriptAsRawText(ScriptEngine.java:119)
	at com.kms.katalon.core.main.TestCaseExecutor.runScript(TestCaseExecutor.java:337)
	at com.kms.katalon.core.main.TestCaseExecutor.doExecute(TestCaseExecutor.java:328)
	at com.kms.katalon.core.main.TestCaseExecutor.processExecutionPhase(TestCaseExecutor.java:307)
	at com.kms.katalon.core.main.TestCaseExecutor.accessMainPhase(TestCaseExecutor.java:299)
	at com.kms.katalon.core.main.TestCaseExecutor.execute(TestCaseExecutor.java:233)
	at com.kms.katalon.core.main.TestSuiteExecutor.accessTestCaseMainPhase(TestSuiteExecutor.java:169)
	at com.kms.katalon.core.main.TestSuiteExecutor.accessTestSuiteMainPhase(TestSuiteExecutor.java:142)
	at com.kms.katalon.core.main.TestSuiteExecutor.execute(TestSuiteExecutor.java:91)
	at com.kms.katalon.core.main.TestCaseMain.startTestSuite(TestCaseMain.java:157)
	at com.kms.katalon.core.main.TestCaseMain$startTestSuite$0.call(Unknown Source)
	at TempTestSuite1574807893706.run(TempTestSuite1574807893706.groovy:36)
Caused by: com.kms.katalon.core.exception.StepFailedException: Unable to scroll to text '2018' (Root cause: org.openqa.selenium.WebDriverException: An unknown server-side error occurred while processing the command. Original error: Could not proxy command to remote server. Original error: Error: socket hang up
Build info: version: '3.141.59', revision: 'e82be7d358', time: '2018-11-14T08:25:53'
System info: host: 'FATITQC15420L', ip: '192.168.1.11', os.name: 'Windows 10', os.arch: 'amd64', os.version: '10.0', java.version: '1.8.0_181'
Driver info: com.kms.katalon.core.appium.driver.SwipeableAndroidDriver
Capabilities {app: C:\Users\15420\git\ACCME-Du..., appPackage: com.outsystemsenterprise.ac..., autoGrantPermissions: true, automationName: uiautomator2, databaseEnabled: false, desired: {app: C:\Users\15420\git\ACCME-Du..., autoGrantPermissions: true, automationName: uiautomator2, deviceId: , deviceName: samsung SM-A505F (Android 9), fullReset: false, newCommandTimeout: 1800, noReset: true, platform: ANDROID, platformName: android, platformVersion: 9, resetKeyboard: true, systemPort: 54797, udid: RR8M30NJT6T, unicodeKeyboard: true}, deviceApiLevel: 28, deviceId: , deviceManufacturer: samsung, deviceModel: SM-A505F, deviceName: RR8M30NJT6T, deviceScreenDensity: 420, deviceScreenSize: 1080x2340, deviceUDID: RR8M30NJT6T, fullReset: false, javascriptEnabled: true, locationContextEnabled: false, networkConnectionEnabled: true, newCommandTimeout: 1800, noReset: true, pixelRatio: 2.625, platform: ANDROID, platformName: Android, platformVersion: 9, resetKeyboard: true, statBarHeight: 83, systemPort: 54797, takesScreenshot: true, udid: RR8M30NJT6T, unicodeKeyboard: true, viewportRect: {height: 2048, left: 0, top: 83, width: 1080}, warnings: {}, webStorageEnabled: false}
Session ID: 557e6095-6ec0-4b5b-baaf-508a1a7cd217
*** Element info: {Using=-android uiautomator, value=new UiScrollable(new UiSelector().scrollable(true).instance(0)).scrollIntoView(new UiSelector().textContains("2018"))}
	at org.openqa.selenium.remote.http.W3CHttpResponseCodec.createException(W3CHttpResponseCodec.java:187)
	at org.openqa.selenium.remote.http.W3CHttpResponseCodec.decode(W3CHttpResponseCodec.java:122)
	at org.openqa.selenium.remote.http.W3CHttpResponseCodec.decode(W3CHttpResponseCodec.java:49)
	at org.openqa.selenium.remote.HttpCommandExecutor.execute(HttpCommandExecutor.java:158)
	at io.appium.java_client.remote.AppiumCommandExecutor.execute(AppiumCommandExecutor.java:239)
	at org.openqa.selenium.remote.RemoteWebDriver.execute(RemoteWebDriver.java:552)
	at io.appium.java_client.DefaultGenericMobileDriver.execute(DefaultGenericMobileDriver.java:42)
	at io.appium.java_client.AppiumDriver.execute(AppiumDriver.java:1)
	at io.appium.java_client.android.AndroidDriver.execute(AndroidDriver.java:1)
	at com.kms.katalon.core.appium.driver.SwipeableAndroidDriver.execute(SwipeableAndroidDriver.java:1)
	at org.openqa.selenium.remote.RemoteWebDriver.findElement(RemoteWebDriver.java:323)
	at io.appium.java_client.DefaultGenericMobileDriver.findElement(DefaultGenericMobileDriver.java:62)
	at io.appium.java_client.AppiumDriver.findElement(AppiumDriver.java:1)
	at io.appium.java_client.android.AndroidDriver.findElement(AndroidDriver.java:1)
	at com.kms.katalon.core.appium.driver.SwipeableAndroidDriver.findElement(SwipeableAndroidDriver.java:1)
	at io.appium.java_client.FindsByAndroidUIAutomator.findElementByAndroidUIAutomator(FindsByAndroidUIAutomator.java:38)
	at io.appium.java_client.FindsByAndroidUIAutomator$findElementByAndroidUIAutomator.call(Unknown Source)
	at com.kms.katalon.core.mobile.keyword.builtin.ScrollToTextKeyword$_scrollToText_closure1.doCall(ScrollToTextKeyword.groovy:62)
	at com.kms.katalon.core.mobile.keyword.builtin.ScrollToTextKeyword$_scrollToText_closure1.doCall(ScrollToTextKeyword.groovy)
	at com.kms.katalon.core.mobile.keyword.internal.MobileKeywordMain.runKeyword(MobileKeywordMain.groovy:21)
	at com.kms.katalon.core.mobile.keyword.internal.MobileKeywordMain$runKeyword.call(Unknown Source)
	at com.kms.katalon.core.mobile.keyword.builtin.ScrollToTextKeyword.scrollToText(ScrollToTextKeyword.groovy:85)
	at com.kms.katalon.core.mobile.keyword.builtin.ScrollToTextKeyword.execute(ScrollToTextKeyword.groovy:41)
	at com.kms.katalon.core.keyword.internal.KeywordExecutor.executeKeywordForPlatform(KeywordExecutor.groovy:60)
	at com.kms.katalon.core.mobile.keyword.MobileBuiltInKeywords.scrollToText(MobileBuiltInKeywords.groovy:888)
	at com.kms.katalon.core.mobile.keyword.MobileBuiltInKeywords$scrollToText$6.call(Unknown Source)
	at TC_Simulasi Kredit - MASTER FLOW.run(TC_Simulasi Kredit - MASTER FLOW:90)
	at com.kms.katalon.core.main.ScriptEngine.run(ScriptEngine.java:194)
	at com.kms.katalon.core.main.ScriptEngine.runScriptAsRawText(ScriptEngine.java:119)
	at com.kms.katalon.core.main.TestCaseExecutor.runScript(TestCaseExecutor.java:337)
	at com.kms.katalon.core.main.TestCaseExecutor.doExecute(TestCaseExecutor.java:328)
	at com.kms.katalon.core.main.TestCaseExecutor.processExecutionPhase(TestCaseExecutor.java:307)
	at com.kms.katalon.core.main.TestCaseExecutor.accessMainPhase(TestCaseExecutor.java:299)
	at com.kms.katalon.core.main.TestCaseExecutor.execute(TestCaseExecutor.java:233)
	at com.kms.katalon.core.main.TestCaseMain.runTestCase(TestCaseMain.java:114)
	at com.kms.katalon.core.keyword.builtin.CallTestCaseKeyword$_callTestCase_closure1.doCall(CallTestCaseKeyword.groovy:59)
	at com.kms.katalon.core.keyword.builtin.CallTestCaseKeyword$_callTestCase_closure1.call(CallTestCaseKeyword.groovy)
	at com.kms.katalon.core.keyword.internal.KeywordMain.runKeyword(KeywordMain.groovy:68)
	at com.kms.katalon.core.keyword.builtin.CallTestCaseKeyword.callTestCase(CallTestCaseKeyword.groovy:81)
	at com.kms.katalon.core.keyword.builtin.CallTestCaseKeyword.execute(CallTestCaseKeyword.groovy:44)
	at com.kms.katalon.core.keyword.internal.KeywordExecutor.executeKeywordForPlatform(KeywordExecutor.groovy:60)
	at com.kms.katalon.core.keyword.BuiltinKeywords.callTestCase(BuiltinKeywords.groovy:334)
	at TC_Data Entry.run(TC_Data Entry:21)
	at com.kms.katalon.core.main.ScriptEngine.run(ScriptEngine.java:194)
	at com.kms.katalon.core.main.ScriptEngine.runScriptAsRawText(ScriptEngine.java:119)
	at com.kms.katalon.core.main.TestCaseExecutor.runScript(TestCaseExecutor.java:337)
	at com.kms.katalon.core.main.TestCaseExecutor.doExecute(TestCaseExecutor.java:328)
	at com.kms.katalon.core.main.TestCaseExecutor.processExecutionPhase(TestCaseExecutor.java:307)
	at com.kms.katalon.core.main.TestCaseExecutor.accessMainPhase(TestCaseExecutor.java:299)
	at com.kms.katalon.core.main.TestCaseExecutor.execute(TestCaseExecutor.java:233)
	at com.kms.katalon.core.main.TestSuiteExecutor.accessTestCaseMainPhase(TestSuiteExecutor.java:169)
	at com.kms.katalon.core.main.TestSuiteExecutor.accessTestSuiteMainPhase(TestSuiteExecutor.java:142)
	at com.kms.katalon.core.main.TestSuiteExecutor.execute(TestSuiteExecutor.java:91)
	at com.kms.katalon.core.main.TestCaseMain.startTestSuite(TestCaseMain.java:157)
	at com.kms.katalon.core.main.TestCaseMain$startTestSuite$0.call(Unknown Source)
	at TempTestSuite1574807893706.run(TempTestSuite1574807893706.groovy:36)
)
	at com.kms.katalon.core.keyword.internal.KeywordMain.stepFailed(KeywordMain.groovy:50)
	at com.kms.katalon.core.mobile.keyword.internal.MobileKeywordMain.stepFailed(MobileKeywordMain.groovy:40)
	at com.kms.katalon.core.mobile.keyword.internal.MobileKeywordMain.runKeyword(MobileKeywordMain.groovy:23)
	at com.kms.katalon.core.mobile.keyword.internal.MobileKeywordMain$runKeyword.call(Unknown Source)
	at com.kms.katalon.core.mobile.keyword.builtin.ScrollToTextKeyword.scrollToText(ScrollToTextKeyword.groovy:85)
	at com.kms.katalon.core.mobile.keyword.builtin.ScrollToTextKeyword.execute(ScrollToTextKeyword.groovy:41)
	at com.kms.katalon.core.keyword.internal.KeywordExecutor.executeKeywordForPlatform(KeywordExecutor.groovy:60)
	at com.kms.katalon.core.mobile.keyword.MobileBuiltInKeywords.scrollToText(MobileBuiltInKeywords.groovy:888)
	at com.kms.katalon.core.mobile.keyword.MobileBuiltInKeywords$scrollToText$6.call(Unknown Source)
	at TC_Simulasi Kredit - MASTER FLOW.run(TC_Simulasi Kredit - MASTER FLOW:90)
	at com.kms.katalon.core.main.ScriptEngine.run(ScriptEngine.java:194)
	at com.kms.katalon.core.main.ScriptEngine.runScriptAsRawText(ScriptEngine.java:119)
	at com.kms.katalon.core.main.TestCaseExecutor.runScript(TestCaseExecutor.java:337)
	at com.kms.katalon.core.main.TestCaseExecutor.doExecute(TestCaseExecutor.java:328)
	at com.kms.katalon.core.main.TestCaseExecutor.processExecutionPhase(TestCaseExecutor.java:307)
	at com.kms.katalon.core.main.TestCaseExecutor.accessMainPhase(TestCaseExecutor.java:299)
	at com.kms.katalon.core.main.TestCaseExecutor.execute(TestCaseExecutor.java:233)
	at com.kms.katalon.core.main.TestCaseMain.runTestCase(TestCaseMain.java:114)
	at com.kms.katalon.core.keyword.builtin.CallTestCaseKeyword$_callTestCase_closure1.doCall(CallTestCaseKeyword.groovy:59)
	... 20 more
Caused by: org.openqa.selenium.WebDriverException: An unknown server-side error occurred while processing the command. Original error: Could not proxy command to remote server. Original error: Error: socket hang up
Build info: version: '3.141.59', revision: 'e82be7d358', time: '2018-11-14T08:25:53'
System info: host: 'FATITQC15420L', ip: '192.168.1.11', os.name: 'Windows 10', os.arch: 'amd64', os.version: '10.0', java.version: '1.8.0_181'
Driver info: com.kms.katalon.core.appium.driver.SwipeableAndroidDriver
Capabilities {app: C:\Users\15420\git\ACCME-Du..., appPackage: com.outsystemsenterprise.ac..., autoGrantPermissions: true, automationName: uiautomator2, databaseEnabled: false, desired: {app: C:\Users\15420\git\ACCME-Du..., autoGrantPermissions: true, automationName: uiautomator2, deviceId: , deviceName: samsung SM-A505F (Android 9), fullReset: false, newCommandTimeout: 1800, noReset: true, platform: ANDROID, platformName: android, platformVersion: 9, resetKeyboard: true, systemPort: 54797, udid: RR8M30NJT6T, unicodeKeyboard: true}, deviceApiLevel: 28, deviceId: , deviceManufacturer: samsung, deviceModel: SM-A505F, deviceName: RR8M30NJT6T, deviceScreenDensity: 420, deviceScreenSize: 1080x2340, deviceUDID: RR8M30NJT6T, fullReset: false, javascriptEnabled: true, locationContextEnabled: false, networkConnectionEnabled: true, newCommandTimeout: 1800, noReset: true, pixelRatio: 2.625, platform: ANDROID, platformName: Android, platformVersion: 9, resetKeyboard: true, statBarHeight: 83, systemPort: 54797, takesScreenshot: true, udid: RR8M30NJT6T, unicodeKeyboard: true, viewportRect: {height: 2048, left: 0, top: 83, width: 1080}, warnings: {}, webStorageEnabled: false}
Session ID: 557e6095-6ec0-4b5b-baaf-508a1a7cd217
*** Element info: {Using=-android uiautomator, value=new UiScrollable(new UiSelector().scrollable(true).instance(0)).scrollIntoView(new UiSelector().textContains("2018"))}
	at org.openqa.selenium.remote.http.W3CHttpResponseCodec.createException(W3CHttpResponseCodec.java:187)
	at org.openqa.selenium.remote.http.W3CHttpResponseCodec.decode(W3CHttpResponseCodec.java:122)
	at org.openqa.selenium.remote.http.W3CHttpResponseCodec.decode(W3CHttpResponseCodec.java:49)
	at org.openqa.selenium.remote.HttpCommandExecutor.execute(HttpCommandExecutor.java:158)
	at io.appium.java_client.remote.AppiumCommandExecutor.execute(AppiumCommandExecutor.java:239)
	at org.openqa.selenium.remote.RemoteWebDriver.execute(RemoteWebDriver.java:552)
	at io.appium.java_client.DefaultGenericMobileDriver.execute(DefaultGenericMobileDriver.java:42)
	at io.appium.java_client.AppiumDriver.execute(AppiumDriver.java:1)
	at io.appium.java_client.android.AndroidDriver.execute(AndroidDriver.java:1)
	at com.kms.katalon.core.appium.driver.SwipeableAndroidDriver.execute(SwipeableAndroidDriver.java:1)
	at org.openqa.selenium.remote.RemoteWebDriver.findElement(RemoteWebDriver.java:323)
	at io.appium.java_client.DefaultGenericMobileDriver.findElement(DefaultGenericMobileDriver.java:62)
	at io.appium.java_client.AppiumDriver.findElement(AppiumDriver.java:1)
	at io.appium.java_client.android.AndroidDriver.findElement(AndroidDriver.java:1)
	at com.kms.katalon.core.appium.driver.SwipeableAndroidDriver.findElement(SwipeableAndroidDriver.java:1)
	at io.appium.java_client.FindsByAndroidUIAutomator.findElementByAndroidUIAutomator(FindsByAndroidUIAutomator.java:38)
	at io.appium.java_client.FindsByAndroidUIAutomator$findElementByAndroidUIAutomator.call(Unknown Source)
	at com.kms.katalon.core.mobile.keyword.builtin.ScrollToTextKeyword$_scrollToText_closure1.doCall(ScrollToTextKeyword.groovy:62)
	at com.kms.katalon.core.mobile.keyword.builtin.ScrollToTextKeyword$_scrollToText_closure1.doCall(ScrollToTextKeyword.groovy)
	at com.kms.katalon.core.mobile.keyword.internal.MobileKeywordMain.runKeyword(MobileKeywordMain.groovy:21)
	... 36 more
)

2019-11-27 06:06:21 - [TEST_CASE][FAILED] - Test Cases/Data Entry/Simulasi Kredit/Simulasi Kredit/MASTER FLOW/TC_Simulasi Kredit - MASTER FLOW: Test Cases/Data Entry/Simulasi Kredit/Simulasi Kredit/MASTER FLOW/TC_Simulasi Kredit - MASTER FLOW FAILED.
Reason:
com.kms.katalon.core.exception.StepFailedException: Unable to scroll to text '2018' (Root cause: org.openqa.selenium.WebDriverException: An unknown server-side error occurred while processing the command. Original error: Could not proxy command to remote server. Original error: Error: socket hang up
Build info: version: '3.141.59', revision: 'e82be7d358', time: '2018-11-14T08:25:53'
System info: host: 'FATITQC15420L', ip: '192.168.1.11', os.name: 'Windows 10', os.arch: 'amd64', os.version: '10.0', java.version: '1.8.0_181'
Driver info: com.kms.katalon.core.appium.driver.SwipeableAndroidDriver
Capabilities {app: C:\Users\15420\git\ACCME-Du..., appPackage: com.outsystemsenterprise.ac..., autoGrantPermissions: true, automationName: uiautomator2, databaseEnabled: false, desired: {app: C:\Users\15420\git\ACCME-Du..., autoGrantPermissions: true, automationName: uiautomator2, deviceId: , deviceName: samsung SM-A505F (Android 9), fullReset: false, newCommandTimeout: 1800, noReset: true, platform: ANDROID, platformName: android, platformVersion: 9, resetKeyboard: true, systemPort: 54797, udid: RR8M30NJT6T, unicodeKeyboard: true}, deviceApiLevel: 28, deviceId: , deviceManufacturer: samsung, deviceModel: SM-A505F, deviceName: RR8M30NJT6T, deviceScreenDensity: 420, deviceScreenSize: 1080x2340, deviceUDID: RR8M30NJT6T, fullReset: false, javascriptEnabled: true, locationContextEnabled: false, networkConnectionEnabled: true, newCommandTimeout: 1800, noReset: true, pixelRatio: 2.625, platform: ANDROID, platformName: Android, platformVersion: 9, resetKeyboard: true, statBarHeight: 83, systemPort: 54797, takesScreenshot: true, udid: RR8M30NJT6T, unicodeKeyboard: true, viewportRect: {height: 2048, left: 0, top: 83, width: 1080}, warnings: {}, webStorageEnabled: false}
Session ID: 557e6095-6ec0-4b5b-baaf-508a1a7cd217
*** Element info: {Using=-android uiautomator, value=new UiScrollable(new UiSelector().scrollable(true).instance(0)).scrollIntoView(new UiSelector().textContains("2018"))}
	at org.openqa.selenium.remote.http.W3CHttpResponseCodec.createException(W3CHttpResponseCodec.java:187)
	at org.openqa.selenium.remote.http.W3CHttpResponseCodec.decode(W3CHttpResponseCodec.java:122)
	at org.openqa.selenium.remote.http.W3CHttpResponseCodec.decode(W3CHttpResponseCodec.java:49)
	at org.openqa.selenium.remote.HttpCommandExecutor.execute(HttpCommandExecutor.java:158)
	at io.appium.java_client.remote.AppiumCommandExecutor.execute(AppiumCommandExecutor.java:239)
	at org.openqa.selenium.remote.RemoteWebDriver.execute(RemoteWebDriver.java:552)
	at io.appium.java_client.DefaultGenericMobileDriver.execute(DefaultGenericMobileDriver.java:42)
	at io.appium.java_client.AppiumDriver.execute(AppiumDriver.java:1)
	at io.appium.java_client.android.AndroidDriver.execute(AndroidDriver.java:1)
	at com.kms.katalon.core.appium.driver.SwipeableAndroidDriver.execute(SwipeableAndroidDriver.java:1)
	at org.openqa.selenium.remote.RemoteWebDriver.findElement(RemoteWebDriver.java:323)
	at io.appium.java_client.DefaultGenericMobileDriver.findElement(DefaultGenericMobileDriver.java:62)
	at io.appium.java_client.AppiumDriver.findElement(AppiumDriver.java:1)
	at io.appium.java_client.android.AndroidDriver.findElement(AndroidDriver.java:1)
	at com.kms.katalon.core.appium.driver.SwipeableAndroidDriver.findElement(SwipeableAndroidDriver.java:1)
	at io.appium.java_client.FindsByAndroidUIAutomator.findElementByAndroidUIAutomator(FindsByAndroidUIAutomator.java:38)
	at io.appium.java_client.FindsByAndroidUIAutomator$findElementByAndroidUIAutomator.call(Unknown Source)
	at com.kms.katalon.core.mobile.keyword.builtin.ScrollToTextKeyword$_scrollToText_closure1.doCall(ScrollToTextKeyword.groovy:62)
	at com.kms.katalon.core.mobile.keyword.builtin.ScrollToTextKeyword$_scrollToText_closure1.doCall(ScrollToTextKeyword.groovy)
	at com.kms.katalon.core.mobile.keyword.internal.MobileKeywordMain.runKeyword(MobileKeywordMain.groovy:21)
	at com.kms.katalon.core.mobile.keyword.internal.MobileKeywordMain$runKeyword.call(Unknown Source)
	at com.kms.katalon.core.mobile.keyword.builtin.ScrollToTextKeyword.scrollToText(ScrollToTextKeyword.groovy:85)
	at com.kms.katalon.core.mobile.keyword.builtin.ScrollToTextKeyword.execute(ScrollToTextKeyword.groovy:41)
	at com.kms.katalon.core.keyword.internal.KeywordExecutor.executeKeywordForPlatform(KeywordExecutor.groovy:60)
	at com.kms.katalon.core.mobile.keyword.MobileBuiltInKeywords.scrollToText(MobileBuiltInKeywords.groovy:888)
	at com.kms.katalon.core.mobile.keyword.MobileBuiltInKeywords$scrollToText$6.call(Unknown Source)
	at TC_Simulasi Kredit - MASTER FLOW.run(TC_Simulasi Kredit - MASTER FLOW:90)
	at com.kms.katalon.core.main.ScriptEngine.run(ScriptEngine.java:194)
	at com.kms.katalon.core.main.ScriptEngine.runScriptAsRawText(ScriptEngine.java:119)
	at com.kms.katalon.core.main.TestCaseExecutor.runScript(TestCaseExecutor.java:337)
	at com.kms.katalon.core.main.TestCaseExecutor.doExecute(TestCaseExecutor.java:328)
	at com.kms.katalon.core.main.TestCaseExecutor.processExecutionPhase(TestCaseExecutor.java:307)
	at com.kms.katalon.core.main.TestCaseExecutor.accessMainPhase(TestCaseExecutor.java:299)
	at com.kms.katalon.core.main.TestCaseExecutor.execute(TestCaseExecutor.java:233)
	at com.kms.katalon.core.main.TestCaseMain.runTestCase(TestCaseMain.java:114)
	at com.kms.katalon.core.keyword.builtin.CallTestCaseKeyword$_callTestCase_closure1.doCall(CallTestCaseKeyword.groovy:59)
	at com.kms.katalon.core.keyword.builtin.CallTestCaseKeyword$_callTestCase_closure1.call(CallTestCaseKeyword.groovy)
	at com.kms.katalon.core.keyword.internal.KeywordMain.runKeyword(KeywordMain.groovy:68)
	at com.kms.katalon.core.keyword.builtin.CallTestCaseKeyword.callTestCase(CallTestCaseKeyword.groovy:81)
	at com.kms.katalon.core.keyword.builtin.CallTestCaseKeyword.execute(CallTestCaseKeyword.groovy:44)
	at com.kms.katalon.core.keyword.internal.KeywordExecutor.executeKeywordForPlatform(KeywordExecutor.groovy:60)
	at com.kms.katalon.core.keyword.BuiltinKeywords.callTestCase(BuiltinKeywords.groovy:334)
	at TC_Data Entry.run(TC_Data Entry:21)
	at com.kms.katalon.core.main.ScriptEngine.run(ScriptEngine.java:194)
	at com.kms.katalon.core.main.ScriptEngine.runScriptAsRawText(ScriptEngine.java:119)
	at com.kms.katalon.core.main.TestCaseExecutor.runScript(TestCaseExecutor.java:337)
	at com.kms.katalon.core.main.TestCaseExecutor.doExecute(TestCaseExecutor.java:328)
	at com.kms.katalon.core.main.TestCaseExecutor.processExecutionPhase(TestCaseExecutor.java:307)
	at com.kms.katalon.core.main.TestCaseExecutor.accessMainPhase(TestCaseExecutor.java:299)
	at com.kms.katalon.core.main.TestCaseExecutor.execute(TestCaseExecutor.java:233)
	at com.kms.katalon.core.main.TestSuiteExecutor.accessTestCaseMainPhase(TestSuiteExecutor.java:169)
	at com.kms.katalon.core.main.TestSuiteExecutor.accessTestSuiteMainPhase(TestSuiteExecutor.java:142)
	at com.kms.katalon.core.main.TestSuiteExecutor.execute(TestSuiteExecutor.java:91)
	at com.kms.katalon.core.main.TestCaseMain.startTestSuite(TestCaseMain.java:157)
	at com.kms.katalon.core.main.TestCaseMain$startTestSuite$0.call(Unknown Source)
	at TempTestSuite1574807893706.run(TempTestSuite1574807893706.groovy:36)
)
	at com.kms.katalon.core.keyword.internal.KeywordMain.stepFailed(KeywordMain.groovy:50)
	at com.kms.katalon.core.mobile.keyword.internal.MobileKeywordMain.stepFailed(MobileKeywordMain.groovy:40)
	at com.kms.katalon.core.mobile.keyword.internal.MobileKeywordMain.runKeyword(MobileKeywordMain.groovy:23)
	at com.kms.katalon.core.mobile.keyword.internal.MobileKeywordMain$runKeyword.call(Unknown Source)
	at com.kms.katalon.core.mobile.keyword.builtin.ScrollToTextKeyword.scrollToText(ScrollToTextKeyword.groovy:85)
	at com.kms.katalon.core.mobile.keyword.builtin.ScrollToTextKeyword.execute(ScrollToTextKeyword.groovy:41)
	at com.kms.katalon.core.keyword.internal.KeywordExecutor.executeKeywordForPlatform(KeywordExecutor.groovy:60)
	at com.kms.katalon.core.mobile.keyword.MobileBuiltInKeywords.scrollToText(MobileBuiltInKeywords.groovy:888)
	at com.kms.katalon.core.mobile.keyword.MobileBuiltInKeywords$scrollToText$6.call(Unknown Source)
	at TC_Simulasi Kredit - MASTER FLOW.run(TC_Simulasi Kredit - MASTER FLOW:90)
	at com.kms.katalon.core.main.ScriptEngine.run(ScriptEngine.java:194)
	at com.kms.katalon.core.main.ScriptEngine.runScriptAsRawText(ScriptEngine.java:119)
	at com.kms.katalon.core.main.TestCaseExecutor.runScript(TestCaseExecutor.java:337)
	at com.kms.katalon.core.main.TestCaseExecutor.doExecute(TestCaseExecutor.java:328)
	at com.kms.katalon.core.main.TestCaseExecutor.processExecutionPhase(TestCaseExecutor.java:307)
	at com.kms.katalon.core.main.TestCaseExecutor.accessMainPhase(TestCaseExecutor.java:299)
	at com.kms.katalon.core.main.TestCaseExecutor.execute(TestCaseExecutor.java:233)
	at com.kms.katalon.core.main.TestCaseMain.runTestCase(TestCaseMain.java:114)
	at com.kms.katalon.core.keyword.builtin.CallTestCaseKeyword$_callTestCase_closure1.doCall(CallTestCaseKeyword.groovy:59)
	at com.kms.katalon.core.keyword.builtin.CallTestCaseKeyword$_callTestCase_closure1.call(CallTestCaseKeyword.groovy)
	at com.kms.katalon.core.keyword.internal.KeywordMain.runKeyword(KeywordMain.groovy:68)
	at com.kms.katalon.core.keyword.builtin.CallTestCaseKeyword.callTestCase(CallTestCaseKeyword.groovy:81)
	at com.kms.katalon.core.keyword.builtin.CallTestCaseKeyword.execute(CallTestCaseKeyword.groovy:44)
	at com.kms.katalon.core.keyword.internal.KeywordExecutor.executeKeywordForPlatform(KeywordExecutor.groovy:60)
	at com.kms.katalon.core.keyword.BuiltinKeywords.callTestCase(BuiltinKeywords.groovy:334)
	at TC_Data Entry.run(TC_Data Entry:21)
	at com.kms.katalon.core.main.ScriptEngine.run(ScriptEngine.java:194)
	at com.kms.katalon.core.main.ScriptEngine.runScriptAsRawText(ScriptEngine.java:119)
	at com.kms.katalon.core.main.TestCaseExecutor.runScript(TestCaseExecutor.java:337)
	at com.kms.katalon.core.main.TestCaseExecutor.doExecute(TestCaseExecutor.java:328)
	at com.kms.katalon.core.main.TestCaseExecutor.processExecutionPhase(TestCaseExecutor.java:307)
	at com.kms.katalon.core.main.TestCaseExecutor.accessMainPhase(TestCaseExecutor.java:299)
	at com.kms.katalon.core.main.TestCaseExecutor.execute(TestCaseExecutor.java:233)
	at com.kms.katalon.core.main.TestSuiteExecutor.accessTestCaseMainPhase(TestSuiteExecutor.java:169)
	at com.kms.katalon.core.main.TestSuiteExecutor.accessTestSuiteMainPhase(TestSuiteExecutor.java:142)
	at com.kms.katalon.core.main.TestSuiteExecutor.execute(TestSuiteExecutor.java:91)
	at com.kms.katalon.core.main.TestCaseMain.startTestSuite(TestCaseMain.java:157)
	at com.kms.katalon.core.main.TestCaseMain$startTestSuite$0.call(Unknown Source)
	at TempTestSuite1574807893706.run(TempTestSuite1574807893706.groovy:36)
Caused by: org.openqa.selenium.WebDriverException: An unknown server-side error occurred while processing the command. Original error: Could not proxy command to remote server. Original error: Error: socket hang up
Build info: version: '3.141.59', revision: 'e82be7d358', time: '2018-11-14T08:25:53'
System info: host: 'FATITQC15420L', ip: '192.168.1.11', os.name: 'Windows 10', os.arch: 'amd64', os.version: '10.0', java.version: '1.8.0_181'
Driver info: com.kms.katalon.core.appium.driver.SwipeableAndroidDriver
Capabilities {app: C:\Users\15420\git\ACCME-Du..., appPackage: com.outsystemsenterprise.ac..., autoGrantPermissions: true, automationName: uiautomator2, databaseEnabled: false, desired: {app: C:\Users\15420\git\ACCME-Du..., autoGrantPermissions: true, automationName: uiautomator2, deviceId: , deviceName: samsung SM-A505F (Android 9), fullReset: false, newCommandTimeout: 1800, noReset: true, platform: ANDROID, platformName: android, platformVersion: 9, resetKeyboard: true, systemPort: 54797, udid: RR8M30NJT6T, unicodeKeyboard: true}, deviceApiLevel: 28, deviceId: , deviceManufacturer: samsung, deviceModel: SM-A505F, deviceName: RR8M30NJT6T, deviceScreenDensity: 420, deviceScreenSize: 1080x2340, deviceUDID: RR8M30NJT6T, fullReset: false, javascriptEnabled: true, locationContextEnabled: false, networkConnectionEnabled: true, newCommandTimeout: 1800, noReset: true, pixelRatio: 2.625, platform: ANDROID, platformName: Android, platformVersion: 9, resetKeyboard: true, statBarHeight: 83, systemPort: 54797, takesScreenshot: true, udid: RR8M30NJT6T, unicodeKeyboard: true, viewportRect: {height: 2048, left: 0, top: 83, width: 1080}, warnings: {}, webStorageEnabled: false}
Session ID: 557e6095-6ec0-4b5b-baaf-508a1a7cd217
*** Element info: {Using=-android uiautomator, value=new UiScrollable(new UiSelector().scrollable(true).instance(0)).scrollIntoView(new UiSelector().textContains("2018"))}
	at org.openqa.selenium.remote.http.W3CHttpResponseCodec.createException(W3CHttpResponseCodec.java:187)
	at org.openqa.selenium.remote.http.W3CHttpResponseCodec.decode(W3CHttpResponseCodec.java:122)
	at org.openqa.selenium.remote.http.W3CHttpResponseCodec.decode(W3CHttpResponseCodec.java:49)
	at org.openqa.selenium.remote.HttpCommandExecutor.execute(HttpCommandExecutor.java:158)
	at io.appium.java_client.remote.AppiumCommandExecutor.execute(AppiumCommandExecutor.java:239)
	at org.openqa.selenium.remote.RemoteWebDriver.execute(RemoteWebDriver.java:552)
	at io.appium.java_client.DefaultGenericMobileDriver.execute(DefaultGenericMobileDriver.java:42)
	at io.appium.java_client.AppiumDriver.execute(AppiumDriver.java:1)
	at io.appium.java_client.android.AndroidDriver.execute(AndroidDriver.java:1)
	at com.kms.katalon.core.appium.driver.SwipeableAndroidDriver.execute(SwipeableAndroidDriver.java:1)
	at org.openqa.selenium.remote.RemoteWebDriver.findElement(RemoteWebDriver.java:323)
	at io.appium.java_client.DefaultGenericMobileDriver.findElement(DefaultGenericMobileDriver.java:62)
	at io.appium.java_client.AppiumDriver.findElement(AppiumDriver.java:1)
	at io.appium.java_client.android.AndroidDriver.findElement(AndroidDriver.java:1)
	at com.kms.katalon.core.appium.driver.SwipeableAndroidDriver.findElement(SwipeableAndroidDriver.java:1)
	at io.appium.java_client.FindsByAndroidUIAutomator.findElementByAndroidUIAutomator(FindsByAndroidUIAutomator.java:38)
	at io.appium.java_client.FindsByAndroidUIAutomator$findElementByAndroidUIAutomator.call(Unknown Source)
	at com.kms.katalon.core.mobile.keyword.builtin.ScrollToTextKeyword$_scrollToText_closure1.doCall(ScrollToTextKeyword.groovy:62)
	at com.kms.katalon.core.mobile.keyword.builtin.ScrollToTextKeyword$_scrollToText_closure1.doCall(ScrollToTextKeyword.groovy)
	at com.kms.katalon.core.mobile.keyword.internal.MobileKeywordMain.runKeyword(MobileKeywordMain.groovy:21)
	... 36 more


2019-11-27 06:06:21 - [TEST_STEP][PASSED] - waitForElementPresent(findTestObject("Simulasi Kredit/Simulasi Kredit - Simulasi Kredit/SimulasiKredit_Btn Simulasi Kredit"), 0): Element 'Object Repository/Simulasi Kredit/Simulasi Kredit - Simulasi Kredit/SimulasiKredit_Btn Simulasi Kredit' is present

2019-11-27 06:06:21 - [MESSAGE][WARNING] - Timeout '0' is invalid. Using default page load timeout: '30'

2019-11-27 06:06:31 - [MESSAGE][PASSED] - Element 'Object Repository/Simulasi Kredit/Simulasi Kredit - Simulasi Kredit/SimulasiKredit_Btn Simulasi Kredit' is present

2019-11-27 06:06:31 - [TEST_STEP][PASSED] - tap(findTestObject("Simulasi Kredit/Simulasi Kredit - Simulasi Kredit/SimulasiKredit_Btn Simulasi Kredit"), 0): Tapped on element 'Object Repository/Simulasi Kredit/Simulasi Kredit - Simulasi Kredit/SimulasiKredit_Btn Simulasi Kredit'

2019-11-27 06:06:31 - [MESSAGE][WARNING] - Timeout '0' is invalid. Using default page load timeout: '30'

2019-11-27 06:06:32 - [MESSAGE][PASSED] - Tapped on element 'Object Repository/Simulasi Kredit/Simulasi Kredit - Simulasi Kredit/SimulasiKredit_Btn Simulasi Kredit'

2019-11-27 06:06:32 - [TEST_STEP][PASSED] - if (varPembiayaan == "NewCar"): Tapped on element 'Object Repository/Simulasi Kredit/Simulasi Kredit - Simulasi Kredit/SimulasiKredit_new car'

2019-11-27 06:06:32 - [TEST_STEP][PASSED] - tap(findTestObject("Simulasi Kredit/Simulasi Kredit - Simulasi Kredit/SimulasiKredit_new car"), 0): Tapped on element 'Object Repository/Simulasi Kredit/Simulasi Kredit - Simulasi Kredit/SimulasiKredit_new car'

2019-11-27 06:06:32 - [MESSAGE][WARNING] - Timeout '0' is invalid. Using default page load timeout: '30'

2019-11-27 06:06:36 - [MESSAGE][PASSED] - Tapped on element 'Object Repository/Simulasi Kredit/Simulasi Kredit - Simulasi Kredit/SimulasiKredit_new car'

2019-11-27 06:06:36 - [TEST_STEP][PASSED] - if (varPembiayaan == "UsedCar"): null

2019-11-27 06:06:36 - [TEST_STEP][PASSED] - if (varTipepembiayaan == "syariah"): null

2019-11-27 06:06:36 - [TEST_STEP][PASSED] - if (varTipepembiayaan == "konvensional"): null

2019-11-27 06:06:36 - [TEST_STEP][PASSED] - if (varkodepaket == "ya"): null

2019-11-27 06:06:36 - [TEST_STEP][PASSED] - setText(findTestObject("Simulasi Kredit/Simulasi Kredit - Simulasi Kredit/SimulasiKredit_Inp Brand"), varBrand, 0): Text 'DAIHATSU' has been set to element 'Object Repository/Simulasi Kredit/Simulasi Kredit - Simulasi Kredit/SimulasiKredit_Inp Brand'

2019-11-27 06:06:36 - [MESSAGE][WARNING] - Timeout '0' is invalid. Using default page load timeout: '30'

2019-11-27 06:06:37 - [MESSAGE][PASSED] - Text 'DAIHATSU' has been set to element 'Object Repository/Simulasi Kredit/Simulasi Kredit - Simulasi Kredit/SimulasiKredit_Inp Brand'

2019-11-27 06:06:37 - [TEST_STEP][PASSED] - tap(findTestObject("Simulasi Kredit/Simulasi Kredit - Simulasi Kredit/SimulasiKredit_Inp Brand"), 0): Tapped on element 'Object Repository/Simulasi Kredit/Simulasi Kredit - Simulasi Kredit/SimulasiKredit_Inp Brand'

2019-11-27 06:06:38 - [MESSAGE][WARNING] - Timeout '0' is invalid. Using default page load timeout: '30'

2019-11-27 06:06:41 - [MESSAGE][PASSED] - Tapped on element 'Object Repository/Simulasi Kredit/Simulasi Kredit - Simulasi Kredit/SimulasiKredit_Inp Brand'

2019-11-27 06:06:41 - [TEST_STEP][PASSED] - tap(findTestObject("dynamic object/pickListItem_viewView", ["text":varBrand]), 0): Tapped on element 'Object Repository/dynamic object/pickListItem_viewView'

2019-11-27 06:06:41 - [MESSAGE][WARNING] - Timeout '0' is invalid. Using default page load timeout: '30'

2019-11-27 06:06:44 - [MESSAGE][PASSED] - Tapped on element 'Object Repository/dynamic object/pickListItem_viewView'

2019-11-27 06:06:44 - [TEST_STEP][PASSED] - tap(findTestObject("Simulasi Kredit/Simulasi Kredit - Simulasi Kredit/SimulasiKredit_Inp Type"), 0): Tapped on element 'Object Repository/Simulasi Kredit/Simulasi Kredit - Simulasi Kredit/SimulasiKredit_Inp Type'

2019-11-27 06:06:44 - [MESSAGE][WARNING] - Timeout '0' is invalid. Using default page load timeout: '30'

2019-11-27 06:06:47 - [MESSAGE][PASSED] - Tapped on element 'Object Repository/Simulasi Kredit/Simulasi Kredit - Simulasi Kredit/SimulasiKredit_Inp Type'

2019-11-27 06:06:47 - [TEST_STEP][PASSED] - setText(findTestObject("Simulasi Kredit/Simulasi Kredit - Simulasi Kredit/SimulasiKredit_Inp Type"), varType, 0): Text 'AYLA' has been set to element 'Object Repository/Simulasi Kredit/Simulasi Kredit - Simulasi Kredit/SimulasiKredit_Inp Type'

2019-11-27 06:06:47 - [MESSAGE][WARNING] - Timeout '0' is invalid. Using default page load timeout: '30'

2019-11-27 06:06:49 - [MESSAGE][PASSED] - Text 'AYLA' has been set to element 'Object Repository/Simulasi Kredit/Simulasi Kredit - Simulasi Kredit/SimulasiKredit_Inp Type'

2019-11-27 06:06:49 - [TEST_STEP][PASSED] - delay(3): Delayed 3 second(s)

2019-11-27 06:06:52 - [MESSAGE][PASSED] - Delayed 3 second(s)

2019-11-27 06:06:52 - [TEST_STEP][PASSED] - tap(findTestObject("Simulasi Kredit/Simulasi Kredit - Simulasi Kredit/SimulasiKredit_Inp Type"), 0): Tapped on element 'Object Repository/Simulasi Kredit/Simulasi Kredit - Simulasi Kredit/SimulasiKredit_Inp Type'

2019-11-27 06:06:52 - [MESSAGE][WARNING] - Timeout '0' is invalid. Using default page load timeout: '30'

2019-11-27 06:06:54 - [MESSAGE][PASSED] - Tapped on element 'Object Repository/Simulasi Kredit/Simulasi Kredit - Simulasi Kredit/SimulasiKredit_Inp Type'

2019-11-27 06:06:54 - [TEST_STEP][PASSED] - tap(findTestObject("Simulasi Kredit/Simulasi Kredit - Simulasi Kredit/SimulasiKredit_Inp Type LOV"), 0): Tapped on element 'Object Repository/Simulasi Kredit/Simulasi Kredit - Simulasi Kredit/SimulasiKredit_Inp Type LOV'

2019-11-27 06:06:54 - [MESSAGE][WARNING] - Timeout '0' is invalid. Using default page load timeout: '30'

2019-11-27 06:06:58 - [MESSAGE][PASSED] - Tapped on element 'Object Repository/Simulasi Kredit/Simulasi Kredit - Simulasi Kredit/SimulasiKredit_Inp Type LOV'

2019-11-27 06:06:58 - [TEST_STEP][PASSED] - mobile.mobileSwipe.UpDown(0.8, 0.5, 1000): mobile.mobileSwipe.UpDown is PASSED

2019-11-27 06:06:58 - [MESSAGE][PASSED] - Current device physical height is 2131

2019-11-27 06:06:58 - [MESSAGE][INFO] - Device Height : 2131

2019-11-27 06:06:59 - [MESSAGE][PASSED] - Current device physical width is 1080

2019-11-27 06:06:59 - [MESSAGE][INFO] - Device Width : 1080

2019-11-27 06:06:59 - [MESSAGE][INFO] - Swipe start at Height : 1704

2019-11-27 06:06:59 - [MESSAGE][INFO] - Swipe end at Height : 1065

2019-11-27 06:06:59 - [MESSAGE][INFO] - X Position : 1000

2019-11-27 06:07:01 - [MESSAGE][PASSED] - Swiped from 1,000,1,704 to 1,000,1,065

2019-11-27 06:07:01 - [MESSAGE][PASSED] - mobile.mobileSwipe.UpDown is PASSED

2019-11-27 06:07:01 - [TEST_STEP][PASSED] - tap(findTestObject("Simulasi Kredit/Simulasi Kredit - Simulasi Kredit/SimulasiKredit_Inp Model"), 0): Tapped on element 'Object Repository/Simulasi Kredit/Simulasi Kredit - Simulasi Kredit/SimulasiKredit_Inp Model'

2019-11-27 06:07:02 - [MESSAGE][WARNING] - Timeout '0' is invalid. Using default page load timeout: '30'

2019-11-27 06:07:04 - [MESSAGE][PASSED] - Tapped on element 'Object Repository/Simulasi Kredit/Simulasi Kredit - Simulasi Kredit/SimulasiKredit_Inp Model'

2019-11-27 06:07:04 - [TEST_STEP][PASSED] - scrollToText(varModel, STOP_ON_FAILURE): Scrolling to text '1.0 X M/T' successfully

2019-11-27 06:07:06 - [MESSAGE][PASSED] - Scrolling to text '1.0 X M/T' successfully

2019-11-27 06:07:06 - [TEST_STEP][PASSED] - tap(findTestObject("dynamic object/pickListItem_checkedTextView", ["text":varModel]), 0): Tapped on element 'Object Repository/dynamic object/pickListItem_checkedTextView'

2019-11-27 06:07:06 - [MESSAGE][WARNING] - Timeout '0' is invalid. Using default page load timeout: '30'

2019-11-27 06:07:08 - [MESSAGE][PASSED] - Tapped on element 'Object Repository/dynamic object/pickListItem_checkedTextView'

2019-11-27 06:07:08 - [TEST_STEP][PASSED] - tap(findTestObject("Simulasi Kredit/Simulasi Kredit - Simulasi Kredit/SimulasiKredit_Tahun"), 0): Tapped on element 'Object Repository/Simulasi Kredit/Simulasi Kredit - Simulasi Kredit/SimulasiKredit_Tahun'

2019-11-27 06:07:08 - [MESSAGE][WARNING] - Timeout '0' is invalid. Using default page load timeout: '30'

2019-11-27 06:07:10 - [MESSAGE][PASSED] - Tapped on element 'Object Repository/Simulasi Kredit/Simulasi Kredit - Simulasi Kredit/SimulasiKredit_Tahun'

2019-11-27 06:07:10 - [TEST_STEP][FAILED] - scrollToText(varTahun, STOP_ON_FAILURE): Unable to scroll to text '2018' (Root cause: org.openqa.selenium.WebDriverException: An unknown server-side error occurred while processing the command. Original error: Could not proxy command to remote server. Original error: Error: socket hang up
Build info: version: '3.141.59', revision: 'e82be7d358', time: '2018-11-14T08:25:53'
System info: host: 'FATITQC15420L', ip: '192.168.1.11', os.name: 'Windows 10', os.arch: 'amd64', os.version: '10.0', java.version: '1.8.0_181'
Driver info: com.kms.katalon.core.appium.driver.SwipeableAndroidDriver
Capabilities {app: C:\Users\15420\git\ACCME-Du..., appPackage: com.outsystemsenterprise.ac..., autoGrantPermissions: true, automationName: uiautomator2, databaseEnabled: false, desired: {app: C:\Users\15420\git\ACCME-Du..., autoGrantPermissions: true, automationName: uiautomator2, deviceId: , deviceName: samsung SM-A505F (Android 9), fullReset: false, newCommandTimeout: 1800, noReset: true, platform: ANDROID, platformName: android, platformVersion: 9, resetKeyboard: true, systemPort: 54797, udid: RR8M30NJT6T, unicodeKeyboard: true}, deviceApiLevel: 28, deviceId: , deviceManufacturer: samsung, deviceModel: SM-A505F, deviceName: RR8M30NJT6T, deviceScreenDensity: 420, deviceScreenSize: 1080x2340, deviceUDID: RR8M30NJT6T, fullReset: false, javascriptEnabled: true, locationContextEnabled: false, networkConnectionEnabled: true, newCommandTimeout: 1800, noReset: true, pixelRatio: 2.625, platform: ANDROID, platformName: Android, platformVersion: 9, resetKeyboard: true, statBarHeight: 83, systemPort: 54797, takesScreenshot: true, udid: RR8M30NJT6T, unicodeKeyboard: true, viewportRect: {height: 2048, left: 0, top: 83, width: 1080}, warnings: {}, webStorageEnabled: false}
Session ID: 557e6095-6ec0-4b5b-baaf-508a1a7cd217
*** Element info: {Using=-android uiautomator, value=new UiScrollable(new UiSelector().scrollable(true).instance(0)).scrollIntoView(new UiSelector().textContains("2018"))}
	at org.openqa.selenium.remote.http.W3CHttpResponseCodec.createException(W3CHttpResponseCodec.java:187)
	at org.openqa.selenium.remote.http.W3CHttpResponseCodec.decode(W3CHttpResponseCodec.java:122)
	at org.openqa.selenium.remote.http.W3CHttpResponseCodec.decode(W3CHttpResponseCodec.java:49)
	at org.openqa.selenium.remote.HttpCommandExecutor.execute(HttpCommandExecutor.java:158)
	at io.appium.java_client.remote.AppiumCommandExecutor.execute(AppiumCommandExecutor.java:239)
	at org.openqa.selenium.remote.RemoteWebDriver.execute(RemoteWebDriver.java:552)
	at io.appium.java_client.DefaultGenericMobileDriver.execute(DefaultGenericMobileDriver.java:42)
	at io.appium.java_client.AppiumDriver.execute(AppiumDriver.java:1)
	at io.appium.java_client.android.AndroidDriver.execute(AndroidDriver.java:1)
	at com.kms.katalon.core.appium.driver.SwipeableAndroidDriver.execute(SwipeableAndroidDriver.java:1)
	at org.openqa.selenium.remote.RemoteWebDriver.findElement(RemoteWebDriver.java:323)
	at io.appium.java_client.DefaultGenericMobileDriver.findElement(DefaultGenericMobileDriver.java:62)
	at io.appium.java_client.AppiumDriver.findElement(AppiumDriver.java:1)
	at io.appium.java_client.android.AndroidDriver.findElement(AndroidDriver.java:1)
	at com.kms.katalon.core.appium.driver.SwipeableAndroidDriver.findElement(SwipeableAndroidDriver.java:1)
	at io.appium.java_client.FindsByAndroidUIAutomator.findElementByAndroidUIAutomator(FindsByAndroidUIAutomator.java:38)
	at io.appium.java_client.FindsByAndroidUIAutomator$findElementByAndroidUIAutomator.call(Unknown Source)
	at com.kms.katalon.core.mobile.keyword.builtin.ScrollToTextKeyword$_scrollToText_closure1.doCall(ScrollToTextKeyword.groovy:62)
	at com.kms.katalon.core.mobile.keyword.builtin.ScrollToTextKeyword$_scrollToText_closure1.doCall(ScrollToTextKeyword.groovy)
	at com.kms.katalon.core.mobile.keyword.internal.MobileKeywordMain.runKeyword(MobileKeywordMain.groovy:21)
	at com.kms.katalon.core.mobile.keyword.internal.MobileKeywordMain$runKeyword.call(Unknown Source)
	at com.kms.katalon.core.mobile.keyword.builtin.ScrollToTextKeyword.scrollToText(ScrollToTextKeyword.groovy:85)
	at com.kms.katalon.core.mobile.keyword.builtin.ScrollToTextKeyword.execute(ScrollToTextKeyword.groovy:41)
	at com.kms.katalon.core.keyword.internal.KeywordExecutor.executeKeywordForPlatform(KeywordExecutor.groovy:60)
	at com.kms.katalon.core.mobile.keyword.MobileBuiltInKeywords.scrollToText(MobileBuiltInKeywords.groovy:888)
	at com.kms.katalon.core.mobile.keyword.MobileBuiltInKeywords$scrollToText$6.call(Unknown Source)
	at TC_Simulasi Kredit - MASTER FLOW.run(TC_Simulasi Kredit - MASTER FLOW:90)
	at com.kms.katalon.core.main.ScriptEngine.run(ScriptEngine.java:194)
	at com.kms.katalon.core.main.ScriptEngine.runScriptAsRawText(ScriptEngine.java:119)
	at com.kms.katalon.core.main.TestCaseExecutor.runScript(TestCaseExecutor.java:337)
	at com.kms.katalon.core.main.TestCaseExecutor.doExecute(TestCaseExecutor.java:328)
	at com.kms.katalon.core.main.TestCaseExecutor.processExecutionPhase(TestCaseExecutor.java:307)
	at com.kms.katalon.core.main.TestCaseExecutor.accessMainPhase(TestCaseExecutor.java:299)
	at com.kms.katalon.core.main.TestCaseExecutor.execute(TestCaseExecutor.java:233)
	at com.kms.katalon.core.main.TestCaseMain.runTestCase(TestCaseMain.java:114)
	at com.kms.katalon.core.keyword.builtin.CallTestCaseKeyword$_callTestCase_closure1.doCall(CallTestCaseKeyword.groovy:59)
	at com.kms.katalon.core.keyword.builtin.CallTestCaseKeyword$_callTestCase_closure1.call(CallTestCaseKeyword.groovy)
	at com.kms.katalon.core.keyword.internal.KeywordMain.runKeyword(KeywordMain.groovy:68)
	at com.kms.katalon.core.keyword.builtin.CallTestCaseKeyword.callTestCase(CallTestCaseKeyword.groovy:81)
	at com.kms.katalon.core.keyword.builtin.CallTestCaseKeyword.execute(CallTestCaseKeyword.groovy:44)
	at com.kms.katalon.core.keyword.internal.KeywordExecutor.executeKeywordForPlatform(KeywordExecutor.groovy:60)
	at com.kms.katalon.core.keyword.BuiltinKeywords.callTestCase(BuiltinKeywords.groovy:334)
	at TC_Data Entry.run(TC_Data Entry:21)
	at com.kms.katalon.core.main.ScriptEngine.run(ScriptEngine.java:194)
	at com.kms.katalon.core.main.ScriptEngine.runScriptAsRawText(ScriptEngine.java:119)
	at com.kms.katalon.core.main.TestCaseExecutor.runScript(TestCaseExecutor.java:337)
	at com.kms.katalon.core.main.TestCaseExecutor.doExecute(TestCaseExecutor.java:328)
	at com.kms.katalon.core.main.TestCaseExecutor.processExecutionPhase(TestCaseExecutor.java:307)
	at com.kms.katalon.core.main.TestCaseExecutor.accessMainPhase(TestCaseExecutor.java:299)
	at com.kms.katalon.core.main.TestCaseExecutor.execute(TestCaseExecutor.java:233)
	at com.kms.katalon.core.main.TestSuiteExecutor.accessTestCaseMainPhase(TestSuiteExecutor.java:169)
	at com.kms.katalon.core.main.TestSuiteExecutor.accessTestSuiteMainPhase(TestSuiteExecutor.java:142)
	at com.kms.katalon.core.main.TestSuiteExecutor.execute(TestSuiteExecutor.java:91)
	at com.kms.katalon.core.main.TestCaseMain.startTestSuite(TestCaseMain.java:157)
	at com.kms.katalon.core.main.TestCaseMain$startTestSuite$0.call(Unknown Source)
	at TempTestSuite1574807893706.run(TempTestSuite1574807893706.groovy:36)
)

2019-11-27 06:07:12 - [MESSAGE][WARNING] - Cannot take screenshot

2019-11-27 06:07:12 - [MESSAGE][FAILED] - Unable to scroll to text '2018' (Root cause: org.openqa.selenium.WebDriverException: An unknown server-side error occurred while processing the command. Original error: Could not proxy command to remote server. Original error: Error: socket hang up
Build info: version: '3.141.59', revision: 'e82be7d358', time: '2018-11-14T08:25:53'
System info: host: 'FATITQC15420L', ip: '192.168.1.11', os.name: 'Windows 10', os.arch: 'amd64', os.version: '10.0', java.version: '1.8.0_181'
Driver info: com.kms.katalon.core.appium.driver.SwipeableAndroidDriver
Capabilities {app: C:\Users\15420\git\ACCME-Du..., appPackage: com.outsystemsenterprise.ac..., autoGrantPermissions: true, automationName: uiautomator2, databaseEnabled: false, desired: {app: C:\Users\15420\git\ACCME-Du..., autoGrantPermissions: true, automationName: uiautomator2, deviceId: , deviceName: samsung SM-A505F (Android 9), fullReset: false, newCommandTimeout: 1800, noReset: true, platform: ANDROID, platformName: android, platformVersion: 9, resetKeyboard: true, systemPort: 54797, udid: RR8M30NJT6T, unicodeKeyboard: true}, deviceApiLevel: 28, deviceId: , deviceManufacturer: samsung, deviceModel: SM-A505F, deviceName: RR8M30NJT6T, deviceScreenDensity: 420, deviceScreenSize: 1080x2340, deviceUDID: RR8M30NJT6T, fullReset: false, javascriptEnabled: true, locationContextEnabled: false, networkConnectionEnabled: true, newCommandTimeout: 1800, noReset: true, pixelRatio: 2.625, platform: ANDROID, platformName: Android, platformVersion: 9, resetKeyboard: true, statBarHeight: 83, systemPort: 54797, takesScreenshot: true, udid: RR8M30NJT6T, unicodeKeyboard: true, viewportRect: {height: 2048, left: 0, top: 83, width: 1080}, warnings: {}, webStorageEnabled: false}
Session ID: 557e6095-6ec0-4b5b-baaf-508a1a7cd217
*** Element info: {Using=-android uiautomator, value=new UiScrollable(new UiSelector().scrollable(true).instance(0)).scrollIntoView(new UiSelector().textContains("2018"))}
	at org.openqa.selenium.remote.http.W3CHttpResponseCodec.createException(W3CHttpResponseCodec.java:187)
	at org.openqa.selenium.remote.http.W3CHttpResponseCodec.decode(W3CHttpResponseCodec.java:122)
	at org.openqa.selenium.remote.http.W3CHttpResponseCodec.decode(W3CHttpResponseCodec.java:49)
	at org.openqa.selenium.remote.HttpCommandExecutor.execute(HttpCommandExecutor.java:158)
	at io.appium.java_client.remote.AppiumCommandExecutor.execute(AppiumCommandExecutor.java:239)
	at org.openqa.selenium.remote.RemoteWebDriver.execute(RemoteWebDriver.java:552)
	at io.appium.java_client.DefaultGenericMobileDriver.execute(DefaultGenericMobileDriver.java:42)
	at io.appium.java_client.AppiumDriver.execute(AppiumDriver.java:1)
	at io.appium.java_client.android.AndroidDriver.execute(AndroidDriver.java:1)
	at com.kms.katalon.core.appium.driver.SwipeableAndroidDriver.execute(SwipeableAndroidDriver.java:1)
	at org.openqa.selenium.remote.RemoteWebDriver.findElement(RemoteWebDriver.java:323)
	at io.appium.java_client.DefaultGenericMobileDriver.findElement(DefaultGenericMobileDriver.java:62)
	at io.appium.java_client.AppiumDriver.findElement(AppiumDriver.java:1)
	at io.appium.java_client.android.AndroidDriver.findElement(AndroidDriver.java:1)
	at com.kms.katalon.core.appium.driver.SwipeableAndroidDriver.findElement(SwipeableAndroidDriver.java:1)
	at io.appium.java_client.FindsByAndroidUIAutomator.findElementByAndroidUIAutomator(FindsByAndroidUIAutomator.java:38)
	at io.appium.java_client.FindsByAndroidUIAutomator$findElementByAndroidUIAutomator.call(Unknown Source)
	at com.kms.katalon.core.mobile.keyword.builtin.ScrollToTextKeyword$_scrollToText_closure1.doCall(ScrollToTextKeyword.groovy:62)
	at com.kms.katalon.core.mobile.keyword.builtin.ScrollToTextKeyword$_scrollToText_closure1.doCall(ScrollToTextKeyword.groovy)
	at com.kms.katalon.core.mobile.keyword.internal.MobileKeywordMain.runKeyword(MobileKeywordMain.groovy:21)
	at com.kms.katalon.core.mobile.keyword.internal.MobileKeywordMain$runKeyword.call(Unknown Source)
	at com.kms.katalon.core.mobile.keyword.builtin.ScrollToTextKeyword.scrollToText(ScrollToTextKeyword.groovy:85)
	at com.kms.katalon.core.mobile.keyword.builtin.ScrollToTextKeyword.execute(ScrollToTextKeyword.groovy:41)
	at com.kms.katalon.core.keyword.internal.KeywordExecutor.executeKeywordForPlatform(KeywordExecutor.groovy:60)
	at com.kms.katalon.core.mobile.keyword.MobileBuiltInKeywords.scrollToText(MobileBuiltInKeywords.groovy:888)
	at com.kms.katalon.core.mobile.keyword.MobileBuiltInKeywords$scrollToText$6.call(Unknown Source)
	at TC_Simulasi Kredit - MASTER FLOW.run(TC_Simulasi Kredit - MASTER FLOW:90)
	at com.kms.katalon.core.main.ScriptEngine.run(ScriptEngine.java:194)
	at com.kms.katalon.core.main.ScriptEngine.runScriptAsRawText(ScriptEngine.java:119)
	at com.kms.katalon.core.main.TestCaseExecutor.runScript(TestCaseExecutor.java:337)
	at com.kms.katalon.core.main.TestCaseExecutor.doExecute(TestCaseExecutor.java:328)
	at com.kms.katalon.core.main.TestCaseExecutor.processExecutionPhase(TestCaseExecutor.java:307)
	at com.kms.katalon.core.main.TestCaseExecutor.accessMainPhase(TestCaseExecutor.java:299)
	at com.kms.katalon.core.main.TestCaseExecutor.execute(TestCaseExecutor.java:233)
	at com.kms.katalon.core.main.TestCaseMain.runTestCase(TestCaseMain.java:114)
	at com.kms.katalon.core.keyword.builtin.CallTestCaseKeyword$_callTestCase_closure1.doCall(CallTestCaseKeyword.groovy:59)
	at com.kms.katalon.core.keyword.builtin.CallTestCaseKeyword$_callTestCase_closure1.call(CallTestCaseKeyword.groovy)
	at com.kms.katalon.core.keyword.internal.KeywordMain.runKeyword(KeywordMain.groovy:68)
	at com.kms.katalon.core.keyword.builtin.CallTestCaseKeyword.callTestCase(CallTestCaseKeyword.groovy:81)
	at com.kms.katalon.core.keyword.builtin.CallTestCaseKeyword.execute(CallTestCaseKeyword.groovy:44)
	at com.kms.katalon.core.keyword.internal.KeywordExecutor.executeKeywordForPlatform(KeywordExecutor.groovy:60)
	at com.kms.katalon.core.keyword.BuiltinKeywords.callTestCase(BuiltinKeywords.groovy:334)
	at TC_Data Entry.run(TC_Data Entry:21)
	at com.kms.katalon.core.main.ScriptEngine.run(ScriptEngine.java:194)
	at com.kms.katalon.core.main.ScriptEngine.runScriptAsRawText(ScriptEngine.java:119)
	at com.kms.katalon.core.main.TestCaseExecutor.runScript(TestCaseExecutor.java:337)
	at com.kms.katalon.core.main.TestCaseExecutor.doExecute(TestCaseExecutor.java:328)
	at com.kms.katalon.core.main.TestCaseExecutor.processExecutionPhase(TestCaseExecutor.java:307)
	at com.kms.katalon.core.main.TestCaseExecutor.accessMainPhase(TestCaseExecutor.java:299)
	at com.kms.katalon.core.main.TestCaseExecutor.execute(TestCaseExecutor.java:233)
	at com.kms.katalon.core.main.TestSuiteExecutor.accessTestCaseMainPhase(TestSuiteExecutor.java:169)
	at com.kms.katalon.core.main.TestSuiteExecutor.accessTestSuiteMainPhase(TestSuiteExecutor.java:142)
	at com.kms.katalon.core.main.TestSuiteExecutor.execute(TestSuiteExecutor.java:91)
	at com.kms.katalon.core.main.TestCaseMain.startTestSuite(TestCaseMain.java:157)
	at com.kms.katalon.core.main.TestCaseMain$startTestSuite$0.call(Unknown Source)
	at TempTestSuite1574807893706.run(TempTestSuite1574807893706.groovy:36)
)

2019-11-27 06:07:12 - [MESSAGE][WARNING] - Unable to call Test Case 'Test Cases/Data Entry/Simulasi Kredit/Simulasi Kredit/MASTER FLOW/TC_Simulasi Kredit - MASTER FLOW' (Root cause: com.kms.katalon.core.exception.StepFailedException: Call Test Case 'Test Cases/Data Entry/Simulasi Kredit/Simulasi Kredit/MASTER FLOW/TC_Simulasi Kredit - MASTER FLOW' failed
	at com.kms.katalon.core.keyword.builtin.CallTestCaseKeyword$_callTestCase_closure1.doCall(CallTestCaseKeyword.groovy:63)
	at com.kms.katalon.core.keyword.builtin.CallTestCaseKeyword$_callTestCase_closure1.call(CallTestCaseKeyword.groovy)
	at com.kms.katalon.core.keyword.internal.KeywordMain.runKeyword(KeywordMain.groovy:68)
	at com.kms.katalon.core.keyword.builtin.CallTestCaseKeyword.callTestCase(CallTestCaseKeyword.groovy:81)
	at com.kms.katalon.core.keyword.builtin.CallTestCaseKeyword.execute(CallTestCaseKeyword.groovy:44)
	at com.kms.katalon.core.keyword.internal.KeywordExecutor.executeKeywordForPlatform(KeywordExecutor.groovy:60)
	at com.kms.katalon.core.keyword.BuiltinKeywords.callTestCase(BuiltinKeywords.groovy:334)
	at TC_Data Entry.run(TC_Data Entry:21)
	at com.kms.katalon.core.main.ScriptEngine.run(ScriptEngine.java:194)
	at com.kms.katalon.core.main.ScriptEngine.runScriptAsRawText(ScriptEngine.java:119)
	at com.kms.katalon.core.main.TestCaseExecutor.runScript(TestCaseExecutor.java:337)
	at com.kms.katalon.core.main.TestCaseExecutor.doExecute(TestCaseExecutor.java:328)
	at com.kms.katalon.core.main.TestCaseExecutor.processExecutionPhase(TestCaseExecutor.java:307)
	at com.kms.katalon.core.main.TestCaseExecutor.accessMainPhase(TestCaseExecutor.java:299)
	at com.kms.katalon.core.main.TestCaseExecutor.execute(TestCaseExecutor.java:233)
	at com.kms.katalon.core.main.TestSuiteExecutor.accessTestCaseMainPhase(TestSuiteExecutor.java:169)
	at com.kms.katalon.core.main.TestSuiteExecutor.accessTestSuiteMainPhase(TestSuiteExecutor.java:142)
	at com.kms.katalon.core.main.TestSuiteExecutor.execute(TestSuiteExecutor.java:91)
	at com.kms.katalon.core.main.TestCaseMain.startTestSuite(TestCaseMain.java:157)
	at com.kms.katalon.core.main.TestCaseMain$startTestSuite$0.call(Unknown Source)
	at TempTestSuite1574807893706.run(TempTestSuite1574807893706.groovy:36)
Caused by: com.kms.katalon.core.exception.StepFailedException: Unable to scroll to text '2018' (Root cause: org.openqa.selenium.WebDriverException: An unknown server-side error occurred while processing the command. Original error: Could not proxy command to remote server. Original error: Error: socket hang up
Build info: version: '3.141.59', revision: 'e82be7d358', time: '2018-11-14T08:25:53'
System info: host: 'FATITQC15420L', ip: '192.168.1.11', os.name: 'Windows 10', os.arch: 'amd64', os.version: '10.0', java.version: '1.8.0_181'
Driver info: com.kms.katalon.core.appium.driver.SwipeableAndroidDriver
Capabilities {app: C:\Users\15420\git\ACCME-Du..., appPackage: com.outsystemsenterprise.ac..., autoGrantPermissions: true, automationName: uiautomator2, databaseEnabled: false, desired: {app: C:\Users\15420\git\ACCME-Du..., autoGrantPermissions: true, automationName: uiautomator2, deviceId: , deviceName: samsung SM-A505F (Android 9), fullReset: false, newCommandTimeout: 1800, noReset: true, platform: ANDROID, platformName: android, platformVersion: 9, resetKeyboard: true, systemPort: 54797, udid: RR8M30NJT6T, unicodeKeyboard: true}, deviceApiLevel: 28, deviceId: , deviceManufacturer: samsung, deviceModel: SM-A505F, deviceName: RR8M30NJT6T, deviceScreenDensity: 420, deviceScreenSize: 1080x2340, deviceUDID: RR8M30NJT6T, fullReset: false, javascriptEnabled: true, locationContextEnabled: false, networkConnectionEnabled: true, newCommandTimeout: 1800, noReset: true, pixelRatio: 2.625, platform: ANDROID, platformName: Android, platformVersion: 9, resetKeyboard: true, statBarHeight: 83, systemPort: 54797, takesScreenshot: true, udid: RR8M30NJT6T, unicodeKeyboard: true, viewportRect: {height: 2048, left: 0, top: 83, width: 1080}, warnings: {}, webStorageEnabled: false}
Session ID: 557e6095-6ec0-4b5b-baaf-508a1a7cd217
*** Element info: {Using=-android uiautomator, value=new UiScrollable(new UiSelector().scrollable(true).instance(0)).scrollIntoView(new UiSelector().textContains("2018"))}
	at org.openqa.selenium.remote.http.W3CHttpResponseCodec.createException(W3CHttpResponseCodec.java:187)
	at org.openqa.selenium.remote.http.W3CHttpResponseCodec.decode(W3CHttpResponseCodec.java:122)
	at org.openqa.selenium.remote.http.W3CHttpResponseCodec.decode(W3CHttpResponseCodec.java:49)
	at org.openqa.selenium.remote.HttpCommandExecutor.execute(HttpCommandExecutor.java:158)
	at io.appium.java_client.remote.AppiumCommandExecutor.execute(AppiumCommandExecutor.java:239)
	at org.openqa.selenium.remote.RemoteWebDriver.execute(RemoteWebDriver.java:552)
	at io.appium.java_client.DefaultGenericMobileDriver.execute(DefaultGenericMobileDriver.java:42)
	at io.appium.java_client.AppiumDriver.execute(AppiumDriver.java:1)
	at io.appium.java_client.android.AndroidDriver.execute(AndroidDriver.java:1)
	at com.kms.katalon.core.appium.driver.SwipeableAndroidDriver.execute(SwipeableAndroidDriver.java:1)
	at org.openqa.selenium.remote.RemoteWebDriver.findElement(RemoteWebDriver.java:323)
	at io.appium.java_client.DefaultGenericMobileDriver.findElement(DefaultGenericMobileDriver.java:62)
	at io.appium.java_client.AppiumDriver.findElement(AppiumDriver.java:1)
	at io.appium.java_client.android.AndroidDriver.findElement(AndroidDriver.java:1)
	at com.kms.katalon.core.appium.driver.SwipeableAndroidDriver.findElement(SwipeableAndroidDriver.java:1)
	at io.appium.java_client.FindsByAndroidUIAutomator.findElementByAndroidUIAutomator(FindsByAndroidUIAutomator.java:38)
	at io.appium.java_client.FindsByAndroidUIAutomator$findElementByAndroidUIAutomator.call(Unknown Source)
	at com.kms.katalon.core.mobile.keyword.builtin.ScrollToTextKeyword$_scrollToText_closure1.doCall(ScrollToTextKeyword.groovy:62)
	at com.kms.katalon.core.mobile.keyword.builtin.ScrollToTextKeyword$_scrollToText_closure1.doCall(ScrollToTextKeyword.groovy)
	at com.kms.katalon.core.mobile.keyword.internal.MobileKeywordMain.runKeyword(MobileKeywordMain.groovy:21)
	at com.kms.katalon.core.mobile.keyword.internal.MobileKeywordMain$runKeyword.call(Unknown Source)
	at com.kms.katalon.core.mobile.keyword.builtin.ScrollToTextKeyword.scrollToText(ScrollToTextKeyword.groovy:85)
	at com.kms.katalon.core.mobile.keyword.builtin.ScrollToTextKeyword.execute(ScrollToTextKeyword.groovy:41)
	at com.kms.katalon.core.keyword.internal.KeywordExecutor.executeKeywordForPlatform(KeywordExecutor.groovy:60)
	at com.kms.katalon.core.mobile.keyword.MobileBuiltInKeywords.scrollToText(MobileBuiltInKeywords.groovy:888)
	at com.kms.katalon.core.mobile.keyword.MobileBuiltInKeywords$scrollToText$6.call(Unknown Source)
	at TC_Simulasi Kredit - MASTER FLOW.run(TC_Simulasi Kredit - MASTER FLOW:90)
	at com.kms.katalon.core.main.ScriptEngine.run(ScriptEngine.java:194)
	at com.kms.katalon.core.main.ScriptEngine.runScriptAsRawText(ScriptEngine.java:119)
	at com.kms.katalon.core.main.TestCaseExecutor.runScript(TestCaseExecutor.java:337)
	at com.kms.katalon.core.main.TestCaseExecutor.doExecute(TestCaseExecutor.java:328)
	at com.kms.katalon.core.main.TestCaseExecutor.processExecutionPhase(TestCaseExecutor.java:307)
	at com.kms.katalon.core.main.TestCaseExecutor.accessMainPhase(TestCaseExecutor.java:299)
	at com.kms.katalon.core.main.TestCaseExecutor.execute(TestCaseExecutor.java:233)
	at com.kms.katalon.core.main.TestCaseMain.runTestCase(TestCaseMain.java:114)
	at com.kms.katalon.core.keyword.builtin.CallTestCaseKeyword$_callTestCase_closure1.doCall(CallTestCaseKeyword.groovy:59)
	at com.kms.katalon.core.keyword.builtin.CallTestCaseKeyword$_callTestCase_closure1.call(CallTestCaseKeyword.groovy)
	at com.kms.katalon.core.keyword.internal.KeywordMain.runKeyword(KeywordMain.groovy:68)
	at com.kms.katalon.core.keyword.builtin.CallTestCaseKeyword.callTestCase(CallTestCaseKeyword.groovy:81)
	at com.kms.katalon.core.keyword.builtin.CallTestCaseKeyword.execute(CallTestCaseKeyword.groovy:44)
	at com.kms.katalon.core.keyword.internal.KeywordExecutor.executeKeywordForPlatform(KeywordExecutor.groovy:60)
	at com.kms.katalon.core.keyword.BuiltinKeywords.callTestCase(BuiltinKeywords.groovy:334)
	at TC_Data Entry.run(TC_Data Entry:21)
	at com.kms.katalon.core.main.ScriptEngine.run(ScriptEngine.java:194)
	at com.kms.katalon.core.main.ScriptEngine.runScriptAsRawText(ScriptEngine.java:119)
	at com.kms.katalon.core.main.TestCaseExecutor.runScript(TestCaseExecutor.java:337)
	at com.kms.katalon.core.main.TestCaseExecutor.doExecute(TestCaseExecutor.java:328)
	at com.kms.katalon.core.main.TestCaseExecutor.processExecutionPhase(TestCaseExecutor.java:307)
	at com.kms.katalon.core.main.TestCaseExecutor.accessMainPhase(TestCaseExecutor.java:299)
	at com.kms.katalon.core.main.TestCaseExecutor.execute(TestCaseExecutor.java:233)
	at com.kms.katalon.core.main.TestSuiteExecutor.accessTestCaseMainPhase(TestSuiteExecutor.java:169)
	at com.kms.katalon.core.main.TestSuiteExecutor.accessTestSuiteMainPhase(TestSuiteExecutor.java:142)
	at com.kms.katalon.core.main.TestSuiteExecutor.execute(TestSuiteExecutor.java:91)
	at com.kms.katalon.core.main.TestCaseMain.startTestSuite(TestCaseMain.java:157)
	at com.kms.katalon.core.main.TestCaseMain$startTestSuite$0.call(Unknown Source)
	at TempTestSuite1574807893706.run(TempTestSuite1574807893706.groovy:36)
)
	at com.kms.katalon.core.keyword.internal.KeywordMain.stepFailed(KeywordMain.groovy:50)
	at com.kms.katalon.core.mobile.keyword.internal.MobileKeywordMain.stepFailed(MobileKeywordMain.groovy:40)
	at com.kms.katalon.core.mobile.keyword.internal.MobileKeywordMain.runKeyword(MobileKeywordMain.groovy:23)
	at com.kms.katalon.core.mobile.keyword.internal.MobileKeywordMain$runKeyword.call(Unknown Source)
	at com.kms.katalon.core.mobile.keyword.builtin.ScrollToTextKeyword.scrollToText(ScrollToTextKeyword.groovy:85)
	at com.kms.katalon.core.mobile.keyword.builtin.ScrollToTextKeyword.execute(ScrollToTextKeyword.groovy:41)
	at com.kms.katalon.core.keyword.internal.KeywordExecutor.executeKeywordForPlatform(KeywordExecutor.groovy:60)
	at com.kms.katalon.core.mobile.keyword.MobileBuiltInKeywords.scrollToText(MobileBuiltInKeywords.groovy:888)
	at com.kms.katalon.core.mobile.keyword.MobileBuiltInKeywords$scrollToText$6.call(Unknown Source)
	at TC_Simulasi Kredit - MASTER FLOW.run(TC_Simulasi Kredit - MASTER FLOW:90)
	at com.kms.katalon.core.main.ScriptEngine.run(ScriptEngine.java:194)
	at com.kms.katalon.core.main.ScriptEngine.runScriptAsRawText(ScriptEngine.java:119)
	at com.kms.katalon.core.main.TestCaseExecutor.runScript(TestCaseExecutor.java:337)
	at com.kms.katalon.core.main.TestCaseExecutor.doExecute(TestCaseExecutor.java:328)
	at com.kms.katalon.core.main.TestCaseExecutor.processExecutionPhase(TestCaseExecutor.java:307)
	at com.kms.katalon.core.main.TestCaseExecutor.accessMainPhase(TestCaseExecutor.java:299)
	at com.kms.katalon.core.main.TestCaseExecutor.execute(TestCaseExecutor.java:233)
	at com.kms.katalon.core.main.TestCaseMain.runTestCase(TestCaseMain.java:114)
	at com.kms.katalon.core.keyword.builtin.CallTestCaseKeyword$_callTestCase_closure1.doCall(CallTestCaseKeyword.groovy:59)
	... 20 more
Caused by: org.openqa.selenium.WebDriverException: An unknown server-side error occurred while processing the command. Original error: Could not proxy command to remote server. Original error: Error: socket hang up
Build info: version: '3.141.59', revision: 'e82be7d358', time: '2018-11-14T08:25:53'
System info: host: 'FATITQC15420L', ip: '192.168.1.11', os.name: 'Windows 10', os.arch: 'amd64', os.version: '10.0', java.version: '1.8.0_181'
Driver info: com.kms.katalon.core.appium.driver.SwipeableAndroidDriver
Capabilities {app: C:\Users\15420\git\ACCME-Du..., appPackage: com.outsystemsenterprise.ac..., autoGrantPermissions: true, automationName: uiautomator2, databaseEnabled: false, desired: {app: C:\Users\15420\git\ACCME-Du..., autoGrantPermissions: true, automationName: uiautomator2, deviceId: , deviceName: samsung SM-A505F (Android 9), fullReset: false, newCommandTimeout: 1800, noReset: true, platform: ANDROID, platformName: android, platformVersion: 9, resetKeyboard: true, systemPort: 54797, udid: RR8M30NJT6T, unicodeKeyboard: true}, deviceApiLevel: 28, deviceId: , deviceManufacturer: samsung, deviceModel: SM-A505F, deviceName: RR8M30NJT6T, deviceScreenDensity: 420, deviceScreenSize: 1080x2340, deviceUDID: RR8M30NJT6T, fullReset: false, javascriptEnabled: true, locationContextEnabled: false, networkConnectionEnabled: true, newCommandTimeout: 1800, noReset: true, pixelRatio: 2.625, platform: ANDROID, platformName: Android, platformVersion: 9, resetKeyboard: true, statBarHeight: 83, systemPort: 54797, takesScreenshot: true, udid: RR8M30NJT6T, unicodeKeyboard: true, viewportRect: {height: 2048, left: 0, top: 83, width: 1080}, warnings: {}, webStorageEnabled: false}
Session ID: 557e6095-6ec0-4b5b-baaf-508a1a7cd217
*** Element info: {Using=-android uiautomator, value=new UiScrollable(new UiSelector().scrollable(true).instance(0)).scrollIntoView(new UiSelector().textContains("2018"))}
	at org.openqa.selenium.remote.http.W3CHttpResponseCodec.createException(W3CHttpResponseCodec.java:187)
	at org.openqa.selenium.remote.http.W3CHttpResponseCodec.decode(W3CHttpResponseCodec.java:122)
	at org.openqa.selenium.remote.http.W3CHttpResponseCodec.decode(W3CHttpResponseCodec.java:49)
	at org.openqa.selenium.remote.HttpCommandExecutor.execute(HttpCommandExecutor.java:158)
	at io.appium.java_client.remote.AppiumCommandExecutor.execute(AppiumCommandExecutor.java:239)
	at org.openqa.selenium.remote.RemoteWebDriver.execute(RemoteWebDriver.java:552)
	at io.appium.java_client.DefaultGenericMobileDriver.execute(DefaultGenericMobileDriver.java:42)
	at io.appium.java_client.AppiumDriver.execute(AppiumDriver.java:1)
	at io.appium.java_client.android.AndroidDriver.execute(AndroidDriver.java:1)
	at com.kms.katalon.core.appium.driver.SwipeableAndroidDriver.execute(SwipeableAndroidDriver.java:1)
	at org.openqa.selenium.remote.RemoteWebDriver.findElement(RemoteWebDriver.java:323)
	at io.appium.java_client.DefaultGenericMobileDriver.findElement(DefaultGenericMobileDriver.java:62)
	at io.appium.java_client.AppiumDriver.findElement(AppiumDriver.java:1)
	at io.appium.java_client.android.AndroidDriver.findElement(AndroidDriver.java:1)
	at com.kms.katalon.core.appium.driver.SwipeableAndroidDriver.findElement(SwipeableAndroidDriver.java:1)
	at io.appium.java_client.FindsByAndroidUIAutomator.findElementByAndroidUIAutomator(FindsByAndroidUIAutomator.java:38)
	at io.appium.java_client.FindsByAndroidUIAutomator$findElementByAndroidUIAutomator.call(Unknown Source)
	at com.kms.katalon.core.mobile.keyword.builtin.ScrollToTextKeyword$_scrollToText_closure1.doCall(ScrollToTextKeyword.groovy:62)
	at com.kms.katalon.core.mobile.keyword.builtin.ScrollToTextKeyword$_scrollToText_closure1.doCall(ScrollToTextKeyword.groovy)
	at com.kms.katalon.core.mobile.keyword.internal.MobileKeywordMain.runKeyword(MobileKeywordMain.groovy:21)
	... 36 more
)

2019-11-27 06:07:12 - [TEST_STEP][FAILED] - callTestCase(findTestCase("Data Entry/Simulasi Kredit/Simulasi Kredit - Asuransi/MASTER FLOW/TC_Asuransi - MASTER FLOW"), ["varAsuransi":varAsuransi, "varKodeWilayah":varKodeWilayah], STOP_ON_FAILURE): Unable to call Test Case 'Test Cases/Data Entry/Simulasi Kredit/Simulasi Kredit - Asuransi/MASTER FLOW/TC_Asuransi - MASTER FLOW' (Root cause: com.kms.katalon.core.exception.StepFailedException: Call Test Case 'Test Cases/Data Entry/Simulasi Kredit/Simulasi Kredit - Asuransi/MASTER FLOW/TC_Asuransi - MASTER FLOW' failed
	at com.kms.katalon.core.keyword.builtin.CallTestCaseKeyword$_callTestCase_closure1.doCall(CallTestCaseKeyword.groovy:63)
	at com.kms.katalon.core.keyword.builtin.CallTestCaseKeyword$_callTestCase_closure1.call(CallTestCaseKeyword.groovy)
	at com.kms.katalon.core.keyword.internal.KeywordMain.runKeyword(KeywordMain.groovy:68)
	at com.kms.katalon.core.keyword.builtin.CallTestCaseKeyword.callTestCase(CallTestCaseKeyword.groovy:81)
	at com.kms.katalon.core.keyword.builtin.CallTestCaseKeyword.execute(CallTestCaseKeyword.groovy:44)
	at com.kms.katalon.core.keyword.internal.KeywordExecutor.executeKeywordForPlatform(KeywordExecutor.groovy:60)
	at com.kms.katalon.core.keyword.BuiltinKeywords.callTestCase(BuiltinKeywords.groovy:334)
	at TC_Data Entry.run(TC_Data Entry:26)
	at com.kms.katalon.core.main.ScriptEngine.run(ScriptEngine.java:194)
	at com.kms.katalon.core.main.ScriptEngine.runScriptAsRawText(ScriptEngine.java:119)
	at com.kms.katalon.core.main.TestCaseExecutor.runScript(TestCaseExecutor.java:337)
	at com.kms.katalon.core.main.TestCaseExecutor.doExecute(TestCaseExecutor.java:328)
	at com.kms.katalon.core.main.TestCaseExecutor.processExecutionPhase(TestCaseExecutor.java:307)
	at com.kms.katalon.core.main.TestCaseExecutor.accessMainPhase(TestCaseExecutor.java:299)
	at com.kms.katalon.core.main.TestCaseExecutor.execute(TestCaseExecutor.java:233)
	at com.kms.katalon.core.main.TestSuiteExecutor.accessTestCaseMainPhase(TestSuiteExecutor.java:169)
	at com.kms.katalon.core.main.TestSuiteExecutor.accessTestSuiteMainPhase(TestSuiteExecutor.java:142)
	at com.kms.katalon.core.main.TestSuiteExecutor.execute(TestSuiteExecutor.java:91)
	at com.kms.katalon.core.main.TestCaseMain.startTestSuite(TestCaseMain.java:157)
	at com.kms.katalon.core.main.TestCaseMain$startTestSuite$0.call(Unknown Source)
	at TempTestSuite1574807893706.run(TempTestSuite1574807893706.groovy:36)
Caused by: com.kms.katalon.core.exception.StepFailedException: Failed to tap on element 'Object Repository/Simulasi Kredit/Simulasi Kredit - Asuransi/Asuransi_Nama Asuransi' (Root cause: org.openqa.selenium.WebDriverException: An unknown server-side error occurred while processing the command. Original error: Could not proxy command to remote server. Original error: Error: socket hang up
Build info: version: '3.141.59', revision: 'e82be7d358', time: '2018-11-14T08:25:53'
System info: host: 'FATITQC15420L', ip: '192.168.1.11', os.name: 'Windows 10', os.arch: 'amd64', os.version: '10.0', java.version: '1.8.0_181'
Driver info: com.kms.katalon.core.appium.driver.SwipeableAndroidDriver
Capabilities {app: C:\Users\15420\git\ACCME-Du..., appPackage: com.outsystemsenterprise.ac..., autoGrantPermissions: true, automationName: uiautomator2, databaseEnabled: false, desired: {app: C:\Users\15420\git\ACCME-Du..., autoGrantPermissions: true, automationName: uiautomator2, deviceId: , deviceName: samsung SM-A505F (Android 9), fullReset: false, newCommandTimeout: 1800, noReset: true, platform: ANDROID, platformName: android, platformVersion: 9, resetKeyboard: true, systemPort: 54797, udid: RR8M30NJT6T, unicodeKeyboard: true}, deviceApiLevel: 28, deviceId: , deviceManufacturer: samsung, deviceModel: SM-A505F, deviceName: RR8M30NJT6T, deviceScreenDensity: 420, deviceScreenSize: 1080x2340, deviceUDID: RR8M30NJT6T, fullReset: false, javascriptEnabled: true, locationContextEnabled: false, networkConnectionEnabled: true, newCommandTimeout: 1800, noReset: true, pixelRatio: 2.625, platform: ANDROID, platformName: Android, platformVersion: 9, resetKeyboard: true, statBarHeight: 83, systemPort: 54797, takesScreenshot: true, udid: RR8M30NJT6T, unicodeKeyboard: true, viewportRect: {height: 2048, left: 0, top: 83, width: 1080}, warnings: {}, webStorageEnabled: false}
Session ID: 557e6095-6ec0-4b5b-baaf-508a1a7cd217
	at org.openqa.selenium.remote.http.W3CHttpResponseCodec.createException(W3CHttpResponseCodec.java:187)
	at org.openqa.selenium.remote.http.W3CHttpResponseCodec.decode(W3CHttpResponseCodec.java:122)
	at org.openqa.selenium.remote.http.W3CHttpResponseCodec.decode(W3CHttpResponseCodec.java:49)
	at org.openqa.selenium.remote.HttpCommandExecutor.execute(HttpCommandExecutor.java:158)
	at io.appium.java_client.remote.AppiumCommandExecutor.execute(AppiumCommandExecutor.java:239)
	at org.openqa.selenium.remote.RemoteWebDriver.execute(RemoteWebDriver.java:552)
	at io.appium.java_client.DefaultGenericMobileDriver.execute(DefaultGenericMobileDriver.java:46)
	at io.appium.java_client.AppiumDriver.execute(AppiumDriver.java:1)
	at io.appium.java_client.android.AndroidDriver.execute(AndroidDriver.java:1)
	at com.kms.katalon.core.appium.driver.SwipeableAndroidDriver.execute(SwipeableAndroidDriver.java:1)
	at org.openqa.selenium.remote.RemoteWebDriver$RemoteWebDriverOptions$RemoteWindow.getSize(RemoteWebDriver.java:813)
	at org.openqa.selenium.WebDriver$Window$getSize.call(Unknown Source)
	at com.kms.katalon.core.mobile.keyword.internal.MobileAbstractKeyword.findElement(MobileAbstractKeyword.groovy:81)
	at com.kms.katalon.core.mobile.keyword.builtin.TapKeyword$_tap_closure1.doCall(TapKeyword.groovy:76)
	at com.kms.katalon.core.mobile.keyword.builtin.TapKeyword$_tap_closure1.call(TapKeyword.groovy)
	at com.kms.katalon.core.mobile.keyword.internal.MobileKeywordMain.runKeyword(MobileKeywordMain.groovy:21)
	at com.kms.katalon.core.mobile.keyword.builtin.TapKeyword.tap(TapKeyword.groovy:86)
	at com.kms.katalon.core.mobile.keyword.builtin.TapKeyword.execute(TapKeyword.groovy:68)
	at com.kms.katalon.core.keyword.internal.KeywordExecutor.executeKeywordForPlatform(KeywordExecutor.groovy:60)
	at com.kms.katalon.core.mobile.keyword.MobileBuiltInKeywords.tap(MobileBuiltInKeywords.groovy:520)
	at com.kms.katalon.core.mobile.keyword.MobileBuiltInKeywords$tap$1.call(Unknown Source)
	at TC_Asuransi - MASTER FLOW.run(TC_Asuransi - MASTER FLOW:18)
	at com.kms.katalon.core.main.ScriptEngine.run(ScriptEngine.java:194)
	at com.kms.katalon.core.main.ScriptEngine.runScriptAsRawText(ScriptEngine.java:119)
	at com.kms.katalon.core.main.TestCaseExecutor.runScript(TestCaseExecutor.java:337)
	at com.kms.katalon.core.main.TestCaseExecutor.doExecute(TestCaseExecutor.java:328)
	at com.kms.katalon.core.main.TestCaseExecutor.processExecutionPhase(TestCaseExecutor.java:307)
	at com.kms.katalon.core.main.TestCaseExecutor.accessMainPhase(TestCaseExecutor.java:299)
	at com.kms.katalon.core.main.TestCaseExecutor.execute(TestCaseExecutor.java:233)
	at com.kms.katalon.core.main.TestCaseMain.runTestCase(TestCaseMain.java:114)
	at com.kms.katalon.core.keyword.builtin.CallTestCaseKeyword$_callTestCase_closure1.doCall(CallTestCaseKeyword.groovy:59)
	at com.kms.katalon.core.keyword.builtin.CallTestCaseKeyword$_callTestCase_closure1.call(CallTestCaseKeyword.groovy)
	at com.kms.katalon.core.keyword.internal.KeywordMain.runKeyword(KeywordMain.groovy:68)
	at com.kms.katalon.core.keyword.builtin.CallTestCaseKeyword.callTestCase(CallTestCaseKeyword.groovy:81)
	at com.kms.katalon.core.keyword.builtin.CallTestCaseKeyword.execute(CallTestCaseKeyword.groovy:44)
	at com.kms.katalon.core.keyword.internal.KeywordExecutor.executeKeywordForPlatform(KeywordExecutor.groovy:60)
	at com.kms.katalon.core.keyword.BuiltinKeywords.callTestCase(BuiltinKeywords.groovy:334)
	at TC_Data Entry.run(TC_Data Entry:26)
	at com.kms.katalon.core.main.ScriptEngine.run(ScriptEngine.java:194)
	at com.kms.katalon.core.main.ScriptEngine.runScriptAsRawText(ScriptEngine.java:119)
	at com.kms.katalon.core.main.TestCaseExecutor.runScript(TestCaseExecutor.java:337)
	at com.kms.katalon.core.main.TestCaseExecutor.doExecute(TestCaseExecutor.java:328)
	at com.kms.katalon.core.main.TestCaseExecutor.processExecutionPhase(TestCaseExecutor.java:307)
	at com.kms.katalon.core.main.TestCaseExecutor.accessMainPhase(TestCaseExecutor.java:299)
	at com.kms.katalon.core.main.TestCaseExecutor.execute(TestCaseExecutor.java:233)
	at com.kms.katalon.core.main.TestSuiteExecutor.accessTestCaseMainPhase(TestSuiteExecutor.java:169)
	at com.kms.katalon.core.main.TestSuiteExecutor.accessTestSuiteMainPhase(TestSuiteExecutor.java:142)
	at com.kms.katalon.core.main.TestSuiteExecutor.execute(TestSuiteExecutor.java:91)
	at com.kms.katalon.core.main.TestCaseMain.startTestSuite(TestCaseMain.java:157)
	at com.kms.katalon.core.main.TestCaseMain$startTestSuite$0.call(Unknown Source)
	at TempTestSuite1574807893706.run(TempTestSuite1574807893706.groovy:36)
)
	at com.kms.katalon.core.keyword.internal.KeywordMain.stepFailed(KeywordMain.groovy:50)
	at com.kms.katalon.core.mobile.keyword.internal.MobileKeywordMain.stepFailed(MobileKeywordMain.groovy:40)
	at com.kms.katalon.core.mobile.keyword.internal.MobileKeywordMain.runKeyword(MobileKeywordMain.groovy:23)
	at com.kms.katalon.core.mobile.keyword.builtin.TapKeyword.tap(TapKeyword.groovy:86)
	at com.kms.katalon.core.mobile.keyword.builtin.TapKeyword.execute(TapKeyword.groovy:68)
	at com.kms.katalon.core.keyword.internal.KeywordExecutor.executeKeywordForPlatform(KeywordExecutor.groovy:60)
	at com.kms.katalon.core.mobile.keyword.MobileBuiltInKeywords.tap(MobileBuiltInKeywords.groovy:520)
	at com.kms.katalon.core.mobile.keyword.MobileBuiltInKeywords$tap$1.call(Unknown Source)
	at TC_Asuransi - MASTER FLOW.run(TC_Asuransi - MASTER FLOW:18)
	at com.kms.katalon.core.main.ScriptEngine.run(ScriptEngine.java:194)
	at com.kms.katalon.core.main.ScriptEngine.runScriptAsRawText(ScriptEngine.java:119)
	at com.kms.katalon.core.main.TestCaseExecutor.runScript(TestCaseExecutor.java:337)
	at com.kms.katalon.core.main.TestCaseExecutor.doExecute(TestCaseExecutor.java:328)
	at com.kms.katalon.core.main.TestCaseExecutor.processExecutionPhase(TestCaseExecutor.java:307)
	at com.kms.katalon.core.main.TestCaseExecutor.accessMainPhase(TestCaseExecutor.java:299)
	at com.kms.katalon.core.main.TestCaseExecutor.execute(TestCaseExecutor.java:233)
	at com.kms.katalon.core.main.TestCaseMain.runTestCase(TestCaseMain.java:114)
	at com.kms.katalon.core.keyword.builtin.CallTestCaseKeyword$_callTestCase_closure1.doCall(CallTestCaseKeyword.groovy:59)
	... 20 more
Caused by: org.openqa.selenium.WebDriverException: An unknown server-side error occurred while processing the command. Original error: Could not proxy command to remote server. Original error: Error: socket hang up
Build info: version: '3.141.59', revision: 'e82be7d358', time: '2018-11-14T08:25:53'
System info: host: 'FATITQC15420L', ip: '192.168.1.11', os.name: 'Windows 10', os.arch: 'amd64', os.version: '10.0', java.version: '1.8.0_181'
Driver info: com.kms.katalon.core.appium.driver.SwipeableAndroidDriver
Capabilities {app: C:\Users\15420\git\ACCME-Du..., appPackage: com.outsystemsenterprise.ac..., autoGrantPermissions: true, automationName: uiautomator2, databaseEnabled: false, desired: {app: C:\Users\15420\git\ACCME-Du..., autoGrantPermissions: true, automationName: uiautomator2, deviceId: , deviceName: samsung SM-A505F (Android 9), fullReset: false, newCommandTimeout: 1800, noReset: true, platform: ANDROID, platformName: android, platformVersion: 9, resetKeyboard: true, systemPort: 54797, udid: RR8M30NJT6T, unicodeKeyboard: true}, deviceApiLevel: 28, deviceId: , deviceManufacturer: samsung, deviceModel: SM-A505F, deviceName: RR8M30NJT6T, deviceScreenDensity: 420, deviceScreenSize: 1080x2340, deviceUDID: RR8M30NJT6T, fullReset: false, javascriptEnabled: true, locationContextEnabled: false, networkConnectionEnabled: true, newCommandTimeout: 1800, noReset: true, pixelRatio: 2.625, platform: ANDROID, platformName: Android, platformVersion: 9, resetKeyboard: true, statBarHeight: 83, systemPort: 54797, takesScreenshot: true, udid: RR8M30NJT6T, unicodeKeyboard: true, viewportRect: {height: 2048, left: 0, top: 83, width: 1080}, warnings: {}, webStorageEnabled: false}
Session ID: 557e6095-6ec0-4b5b-baaf-508a1a7cd217
	at org.openqa.selenium.remote.http.W3CHttpResponseCodec.createException(W3CHttpResponseCodec.java:187)
	at org.openqa.selenium.remote.http.W3CHttpResponseCodec.decode(W3CHttpResponseCodec.java:122)
	at org.openqa.selenium.remote.http.W3CHttpResponseCodec.decode(W3CHttpResponseCodec.java:49)
	at org.openqa.selenium.remote.HttpCommandExecutor.execute(HttpCommandExecutor.java:158)
	at io.appium.java_client.remote.AppiumCommandExecutor.execute(AppiumCommandExecutor.java:239)
	at org.openqa.selenium.remote.RemoteWebDriver.execute(RemoteWebDriver.java:552)
	at io.appium.java_client.DefaultGenericMobileDriver.execute(DefaultGenericMobileDriver.java:46)
	at io.appium.java_client.AppiumDriver.execute(AppiumDriver.java:1)
	at io.appium.java_client.android.AndroidDriver.execute(AndroidDriver.java:1)
	at com.kms.katalon.core.appium.driver.SwipeableAndroidDriver.execute(SwipeableAndroidDriver.java:1)
	at org.openqa.selenium.remote.RemoteWebDriver$RemoteWebDriverOptions$RemoteWindow.getSize(RemoteWebDriver.java:813)
	at org.openqa.selenium.WebDriver$Window$getSize.call(Unknown Source)
	at com.kms.katalon.core.mobile.keyword.internal.MobileAbstractKeyword.findElement(MobileAbstractKeyword.groovy:81)
	at com.kms.katalon.core.mobile.keyword.builtin.TapKeyword$_tap_closure1.doCall(TapKeyword.groovy:76)
	at com.kms.katalon.core.mobile.keyword.builtin.TapKeyword$_tap_closure1.call(TapKeyword.groovy)
	at com.kms.katalon.core.mobile.keyword.internal.MobileKeywordMain.runKeyword(MobileKeywordMain.groovy:21)
	... 35 more
)

2019-11-27 06:07:12 - [TEST_CASE][FAILED] - Test Cases/Data Entry/Simulasi Kredit/Simulasi Kredit - Asuransi/MASTER FLOW/TC_Asuransi - MASTER FLOW: Test Cases/Data Entry/Simulasi Kredit/Simulasi Kredit - Asuransi/MASTER FLOW/TC_Asuransi - MASTER FLOW FAILED.
Reason:
com.kms.katalon.core.exception.StepFailedException: Failed to tap on element 'Object Repository/Simulasi Kredit/Simulasi Kredit - Asuransi/Asuransi_Nama Asuransi' (Root cause: org.openqa.selenium.WebDriverException: An unknown server-side error occurred while processing the command. Original error: Could not proxy command to remote server. Original error: Error: socket hang up
Build info: version: '3.141.59', revision: 'e82be7d358', time: '2018-11-14T08:25:53'
System info: host: 'FATITQC15420L', ip: '192.168.1.11', os.name: 'Windows 10', os.arch: 'amd64', os.version: '10.0', java.version: '1.8.0_181'
Driver info: com.kms.katalon.core.appium.driver.SwipeableAndroidDriver
Capabilities {app: C:\Users\15420\git\ACCME-Du..., appPackage: com.outsystemsenterprise.ac..., autoGrantPermissions: true, automationName: uiautomator2, databaseEnabled: false, desired: {app: C:\Users\15420\git\ACCME-Du..., autoGrantPermissions: true, automationName: uiautomator2, deviceId: , deviceName: samsung SM-A505F (Android 9), fullReset: false, newCommandTimeout: 1800, noReset: true, platform: ANDROID, platformName: android, platformVersion: 9, resetKeyboard: true, systemPort: 54797, udid: RR8M30NJT6T, unicodeKeyboard: true}, deviceApiLevel: 28, deviceId: , deviceManufacturer: samsung, deviceModel: SM-A505F, deviceName: RR8M30NJT6T, deviceScreenDensity: 420, deviceScreenSize: 1080x2340, deviceUDID: RR8M30NJT6T, fullReset: false, javascriptEnabled: true, locationContextEnabled: false, networkConnectionEnabled: true, newCommandTimeout: 1800, noReset: true, pixelRatio: 2.625, platform: ANDROID, platformName: Android, platformVersion: 9, resetKeyboard: true, statBarHeight: 83, systemPort: 54797, takesScreenshot: true, udid: RR8M30NJT6T, unicodeKeyboard: true, viewportRect: {height: 2048, left: 0, top: 83, width: 1080}, warnings: {}, webStorageEnabled: false}
Session ID: 557e6095-6ec0-4b5b-baaf-508a1a7cd217
	at org.openqa.selenium.remote.http.W3CHttpResponseCodec.createException(W3CHttpResponseCodec.java:187)
	at org.openqa.selenium.remote.http.W3CHttpResponseCodec.decode(W3CHttpResponseCodec.java:122)
	at org.openqa.selenium.remote.http.W3CHttpResponseCodec.decode(W3CHttpResponseCodec.java:49)
	at org.openqa.selenium.remote.HttpCommandExecutor.execute(HttpCommandExecutor.java:158)
	at io.appium.java_client.remote.AppiumCommandExecutor.execute(AppiumCommandExecutor.java:239)
	at org.openqa.selenium.remote.RemoteWebDriver.execute(RemoteWebDriver.java:552)
	at io.appium.java_client.DefaultGenericMobileDriver.execute(DefaultGenericMobileDriver.java:46)
	at io.appium.java_client.AppiumDriver.execute(AppiumDriver.java:1)
	at io.appium.java_client.android.AndroidDriver.execute(AndroidDriver.java:1)
	at com.kms.katalon.core.appium.driver.SwipeableAndroidDriver.execute(SwipeableAndroidDriver.java:1)
	at org.openqa.selenium.remote.RemoteWebDriver$RemoteWebDriverOptions$RemoteWindow.getSize(RemoteWebDriver.java:813)
	at org.openqa.selenium.WebDriver$Window$getSize.call(Unknown Source)
	at com.kms.katalon.core.mobile.keyword.internal.MobileAbstractKeyword.findElement(MobileAbstractKeyword.groovy:81)
	at com.kms.katalon.core.mobile.keyword.builtin.TapKeyword$_tap_closure1.doCall(TapKeyword.groovy:76)
	at com.kms.katalon.core.mobile.keyword.builtin.TapKeyword$_tap_closure1.call(TapKeyword.groovy)
	at com.kms.katalon.core.mobile.keyword.internal.MobileKeywordMain.runKeyword(MobileKeywordMain.groovy:21)
	at com.kms.katalon.core.mobile.keyword.builtin.TapKeyword.tap(TapKeyword.groovy:86)
	at com.kms.katalon.core.mobile.keyword.builtin.TapKeyword.execute(TapKeyword.groovy:68)
	at com.kms.katalon.core.keyword.internal.KeywordExecutor.executeKeywordForPlatform(KeywordExecutor.groovy:60)
	at com.kms.katalon.core.mobile.keyword.MobileBuiltInKeywords.tap(MobileBuiltInKeywords.groovy:520)
	at com.kms.katalon.core.mobile.keyword.MobileBuiltInKeywords$tap$1.call(Unknown Source)
	at TC_Asuransi - MASTER FLOW.run(TC_Asuransi - MASTER FLOW:18)
	at com.kms.katalon.core.main.ScriptEngine.run(ScriptEngine.java:194)
	at com.kms.katalon.core.main.ScriptEngine.runScriptAsRawText(ScriptEngine.java:119)
	at com.kms.katalon.core.main.TestCaseExecutor.runScript(TestCaseExecutor.java:337)
	at com.kms.katalon.core.main.TestCaseExecutor.doExecute(TestCaseExecutor.java:328)
	at com.kms.katalon.core.main.TestCaseExecutor.processExecutionPhase(TestCaseExecutor.java:307)
	at com.kms.katalon.core.main.TestCaseExecutor.accessMainPhase(TestCaseExecutor.java:299)
	at com.kms.katalon.core.main.TestCaseExecutor.execute(TestCaseExecutor.java:233)
	at com.kms.katalon.core.main.TestCaseMain.runTestCase(TestCaseMain.java:114)
	at com.kms.katalon.core.keyword.builtin.CallTestCaseKeyword$_callTestCase_closure1.doCall(CallTestCaseKeyword.groovy:59)
	at com.kms.katalon.core.keyword.builtin.CallTestCaseKeyword$_callTestCase_closure1.call(CallTestCaseKeyword.groovy)
	at com.kms.katalon.core.keyword.internal.KeywordMain.runKeyword(KeywordMain.groovy:68)
	at com.kms.katalon.core.keyword.builtin.CallTestCaseKeyword.callTestCase(CallTestCaseKeyword.groovy:81)
	at com.kms.katalon.core.keyword.builtin.CallTestCaseKeyword.execute(CallTestCaseKeyword.groovy:44)
	at com.kms.katalon.core.keyword.internal.KeywordExecutor.executeKeywordForPlatform(KeywordExecutor.groovy:60)
	at com.kms.katalon.core.keyword.BuiltinKeywords.callTestCase(BuiltinKeywords.groovy:334)
	at TC_Data Entry.run(TC_Data Entry:26)
	at com.kms.katalon.core.main.ScriptEngine.run(ScriptEngine.java:194)
	at com.kms.katalon.core.main.ScriptEngine.runScriptAsRawText(ScriptEngine.java:119)
	at com.kms.katalon.core.main.TestCaseExecutor.runScript(TestCaseExecutor.java:337)
	at com.kms.katalon.core.main.TestCaseExecutor.doExecute(TestCaseExecutor.java:328)
	at com.kms.katalon.core.main.TestCaseExecutor.processExecutionPhase(TestCaseExecutor.java:307)
	at com.kms.katalon.core.main.TestCaseExecutor.accessMainPhase(TestCaseExecutor.java:299)
	at com.kms.katalon.core.main.TestCaseExecutor.execute(TestCaseExecutor.java:233)
	at com.kms.katalon.core.main.TestSuiteExecutor.accessTestCaseMainPhase(TestSuiteExecutor.java:169)
	at com.kms.katalon.core.main.TestSuiteExecutor.accessTestSuiteMainPhase(TestSuiteExecutor.java:142)
	at com.kms.katalon.core.main.TestSuiteExecutor.execute(TestSuiteExecutor.java:91)
	at com.kms.katalon.core.main.TestCaseMain.startTestSuite(TestCaseMain.java:157)
	at com.kms.katalon.core.main.TestCaseMain$startTestSuite$0.call(Unknown Source)
	at TempTestSuite1574807893706.run(TempTestSuite1574807893706.groovy:36)
)
	at com.kms.katalon.core.keyword.internal.KeywordMain.stepFailed(KeywordMain.groovy:50)
	at com.kms.katalon.core.mobile.keyword.internal.MobileKeywordMain.stepFailed(MobileKeywordMain.groovy:40)
	at com.kms.katalon.core.mobile.keyword.internal.MobileKeywordMain.runKeyword(MobileKeywordMain.groovy:23)
	at com.kms.katalon.core.mobile.keyword.builtin.TapKeyword.tap(TapKeyword.groovy:86)
	at com.kms.katalon.core.mobile.keyword.builtin.TapKeyword.execute(TapKeyword.groovy:68)
	at com.kms.katalon.core.keyword.internal.KeywordExecutor.executeKeywordForPlatform(KeywordExecutor.groovy:60)
	at com.kms.katalon.core.mobile.keyword.MobileBuiltInKeywords.tap(MobileBuiltInKeywords.groovy:520)
	at com.kms.katalon.core.mobile.keyword.MobileBuiltInKeywords$tap$1.call(Unknown Source)
	at TC_Asuransi - MASTER FLOW.run(TC_Asuransi - MASTER FLOW:18)
	at com.kms.katalon.core.main.ScriptEngine.run(ScriptEngine.java:194)
	at com.kms.katalon.core.main.ScriptEngine.runScriptAsRawText(ScriptEngine.java:119)
	at com.kms.katalon.core.main.TestCaseExecutor.runScript(TestCaseExecutor.java:337)
	at com.kms.katalon.core.main.TestCaseExecutor.doExecute(TestCaseExecutor.java:328)
	at com.kms.katalon.core.main.TestCaseExecutor.processExecutionPhase(TestCaseExecutor.java:307)
	at com.kms.katalon.core.main.TestCaseExecutor.accessMainPhase(TestCaseExecutor.java:299)
	at com.kms.katalon.core.main.TestCaseExecutor.execute(TestCaseExecutor.java:233)
	at com.kms.katalon.core.main.TestCaseMain.runTestCase(TestCaseMain.java:114)
	at com.kms.katalon.core.keyword.builtin.CallTestCaseKeyword$_callTestCase_closure1.doCall(CallTestCaseKeyword.groovy:59)
	at com.kms.katalon.core.keyword.builtin.CallTestCaseKeyword$_callTestCase_closure1.call(CallTestCaseKeyword.groovy)
	at com.kms.katalon.core.keyword.internal.KeywordMain.runKeyword(KeywordMain.groovy:68)
	at com.kms.katalon.core.keyword.builtin.CallTestCaseKeyword.callTestCase(CallTestCaseKeyword.groovy:81)
	at com.kms.katalon.core.keyword.builtin.CallTestCaseKeyword.execute(CallTestCaseKeyword.groovy:44)
	at com.kms.katalon.core.keyword.internal.KeywordExecutor.executeKeywordForPlatform(KeywordExecutor.groovy:60)
	at com.kms.katalon.core.keyword.BuiltinKeywords.callTestCase(BuiltinKeywords.groovy:334)
	at TC_Data Entry.run(TC_Data Entry:26)
	at com.kms.katalon.core.main.ScriptEngine.run(ScriptEngine.java:194)
	at com.kms.katalon.core.main.ScriptEngine.runScriptAsRawText(ScriptEngine.java:119)
	at com.kms.katalon.core.main.TestCaseExecutor.runScript(TestCaseExecutor.java:337)
	at com.kms.katalon.core.main.TestCaseExecutor.doExecute(TestCaseExecutor.java:328)
	at com.kms.katalon.core.main.TestCaseExecutor.processExecutionPhase(TestCaseExecutor.java:307)
	at com.kms.katalon.core.main.TestCaseExecutor.accessMainPhase(TestCaseExecutor.java:299)
	at com.kms.katalon.core.main.TestCaseExecutor.execute(TestCaseExecutor.java:233)
	at com.kms.katalon.core.main.TestSuiteExecutor.accessTestCaseMainPhase(TestSuiteExecutor.java:169)
	at com.kms.katalon.core.main.TestSuiteExecutor.accessTestSuiteMainPhase(TestSuiteExecutor.java:142)
	at com.kms.katalon.core.main.TestSuiteExecutor.execute(TestSuiteExecutor.java:91)
	at com.kms.katalon.core.main.TestCaseMain.startTestSuite(TestCaseMain.java:157)
	at com.kms.katalon.core.main.TestCaseMain$startTestSuite$0.call(Unknown Source)
	at TempTestSuite1574807893706.run(TempTestSuite1574807893706.groovy:36)
Caused by: org.openqa.selenium.WebDriverException: An unknown server-side error occurred while processing the command. Original error: Could not proxy command to remote server. Original error: Error: socket hang up
Build info: version: '3.141.59', revision: 'e82be7d358', time: '2018-11-14T08:25:53'
System info: host: 'FATITQC15420L', ip: '192.168.1.11', os.name: 'Windows 10', os.arch: 'amd64', os.version: '10.0', java.version: '1.8.0_181'
Driver info: com.kms.katalon.core.appium.driver.SwipeableAndroidDriver
Capabilities {app: C:\Users\15420\git\ACCME-Du..., appPackage: com.outsystemsenterprise.ac..., autoGrantPermissions: true, automationName: uiautomator2, databaseEnabled: false, desired: {app: C:\Users\15420\git\ACCME-Du..., autoGrantPermissions: true, automationName: uiautomator2, deviceId: , deviceName: samsung SM-A505F (Android 9), fullReset: false, newCommandTimeout: 1800, noReset: true, platform: ANDROID, platformName: android, platformVersion: 9, resetKeyboard: true, systemPort: 54797, udid: RR8M30NJT6T, unicodeKeyboard: true}, deviceApiLevel: 28, deviceId: , deviceManufacturer: samsung, deviceModel: SM-A505F, deviceName: RR8M30NJT6T, deviceScreenDensity: 420, deviceScreenSize: 1080x2340, deviceUDID: RR8M30NJT6T, fullReset: false, javascriptEnabled: true, locationContextEnabled: false, networkConnectionEnabled: true, newCommandTimeout: 1800, noReset: true, pixelRatio: 2.625, platform: ANDROID, platformName: Android, platformVersion: 9, resetKeyboard: true, statBarHeight: 83, systemPort: 54797, takesScreenshot: true, udid: RR8M30NJT6T, unicodeKeyboard: true, viewportRect: {height: 2048, left: 0, top: 83, width: 1080}, warnings: {}, webStorageEnabled: false}
Session ID: 557e6095-6ec0-4b5b-baaf-508a1a7cd217
	at org.openqa.selenium.remote.http.W3CHttpResponseCodec.createException(W3CHttpResponseCodec.java:187)
	at org.openqa.selenium.remote.http.W3CHttpResponseCodec.decode(W3CHttpResponseCodec.java:122)
	at org.openqa.selenium.remote.http.W3CHttpResponseCodec.decode(W3CHttpResponseCodec.java:49)
	at org.openqa.selenium.remote.HttpCommandExecutor.execute(HttpCommandExecutor.java:158)
	at io.appium.java_client.remote.AppiumCommandExecutor.execute(AppiumCommandExecutor.java:239)
	at org.openqa.selenium.remote.RemoteWebDriver.execute(RemoteWebDriver.java:552)
	at io.appium.java_client.DefaultGenericMobileDriver.execute(DefaultGenericMobileDriver.java:46)
	at io.appium.java_client.AppiumDriver.execute(AppiumDriver.java:1)
	at io.appium.java_client.android.AndroidDriver.execute(AndroidDriver.java:1)
	at com.kms.katalon.core.appium.driver.SwipeableAndroidDriver.execute(SwipeableAndroidDriver.java:1)
	at org.openqa.selenium.remote.RemoteWebDriver$RemoteWebDriverOptions$RemoteWindow.getSize(RemoteWebDriver.java:813)
	at org.openqa.selenium.WebDriver$Window$getSize.call(Unknown Source)
	at com.kms.katalon.core.mobile.keyword.internal.MobileAbstractKeyword.findElement(MobileAbstractKeyword.groovy:81)
	at com.kms.katalon.core.mobile.keyword.builtin.TapKeyword$_tap_closure1.doCall(TapKeyword.groovy:76)
	at com.kms.katalon.core.mobile.keyword.builtin.TapKeyword$_tap_closure1.call(TapKeyword.groovy)
	at com.kms.katalon.core.mobile.keyword.internal.MobileKeywordMain.runKeyword(MobileKeywordMain.groovy:21)
	... 35 more


2019-11-27 06:07:12 - [TEST_STEP][PASSED] - delay(2, STOP_ON_FAILURE): Delayed 2 second(s)

2019-11-27 06:07:14 - [MESSAGE][PASSED] - Delayed 2 second(s)

2019-11-27 06:07:14 - [TEST_STEP][FAILED] - tap(findTestObject("Simulasi Kredit/Simulasi Kredit - Asuransi/Asuransi_Nama Asuransi"), 0): Failed to tap on element 'Object Repository/Simulasi Kredit/Simulasi Kredit - Asuransi/Asuransi_Nama Asuransi' (Root cause: org.openqa.selenium.WebDriverException: An unknown server-side error occurred while processing the command. Original error: Could not proxy command to remote server. Original error: Error: socket hang up
Build info: version: '3.141.59', revision: 'e82be7d358', time: '2018-11-14T08:25:53'
System info: host: 'FATITQC15420L', ip: '192.168.1.11', os.name: 'Windows 10', os.arch: 'amd64', os.version: '10.0', java.version: '1.8.0_181'
Driver info: com.kms.katalon.core.appium.driver.SwipeableAndroidDriver
Capabilities {app: C:\Users\15420\git\ACCME-Du..., appPackage: com.outsystemsenterprise.ac..., autoGrantPermissions: true, automationName: uiautomator2, databaseEnabled: false, desired: {app: C:\Users\15420\git\ACCME-Du..., autoGrantPermissions: true, automationName: uiautomator2, deviceId: , deviceName: samsung SM-A505F (Android 9), fullReset: false, newCommandTimeout: 1800, noReset: true, platform: ANDROID, platformName: android, platformVersion: 9, resetKeyboard: true, systemPort: 54797, udid: RR8M30NJT6T, unicodeKeyboard: true}, deviceApiLevel: 28, deviceId: , deviceManufacturer: samsung, deviceModel: SM-A505F, deviceName: RR8M30NJT6T, deviceScreenDensity: 420, deviceScreenSize: 1080x2340, deviceUDID: RR8M30NJT6T, fullReset: false, javascriptEnabled: true, locationContextEnabled: false, networkConnectionEnabled: true, newCommandTimeout: 1800, noReset: true, pixelRatio: 2.625, platform: ANDROID, platformName: Android, platformVersion: 9, resetKeyboard: true, statBarHeight: 83, systemPort: 54797, takesScreenshot: true, udid: RR8M30NJT6T, unicodeKeyboard: true, viewportRect: {height: 2048, left: 0, top: 83, width: 1080}, warnings: {}, webStorageEnabled: false}
Session ID: 557e6095-6ec0-4b5b-baaf-508a1a7cd217
	at org.openqa.selenium.remote.http.W3CHttpResponseCodec.createException(W3CHttpResponseCodec.java:187)
	at org.openqa.selenium.remote.http.W3CHttpResponseCodec.decode(W3CHttpResponseCodec.java:122)
	at org.openqa.selenium.remote.http.W3CHttpResponseCodec.decode(W3CHttpResponseCodec.java:49)
	at org.openqa.selenium.remote.HttpCommandExecutor.execute(HttpCommandExecutor.java:158)
	at io.appium.java_client.remote.AppiumCommandExecutor.execute(AppiumCommandExecutor.java:239)
	at org.openqa.selenium.remote.RemoteWebDriver.execute(RemoteWebDriver.java:552)
	at io.appium.java_client.DefaultGenericMobileDriver.execute(DefaultGenericMobileDriver.java:46)
	at io.appium.java_client.AppiumDriver.execute(AppiumDriver.java:1)
	at io.appium.java_client.android.AndroidDriver.execute(AndroidDriver.java:1)
	at com.kms.katalon.core.appium.driver.SwipeableAndroidDriver.execute(SwipeableAndroidDriver.java:1)
	at org.openqa.selenium.remote.RemoteWebDriver$RemoteWebDriverOptions$RemoteWindow.getSize(RemoteWebDriver.java:813)
	at org.openqa.selenium.WebDriver$Window$getSize.call(Unknown Source)
	at com.kms.katalon.core.mobile.keyword.internal.MobileAbstractKeyword.findElement(MobileAbstractKeyword.groovy:81)
	at com.kms.katalon.core.mobile.keyword.builtin.TapKeyword$_tap_closure1.doCall(TapKeyword.groovy:76)
	at com.kms.katalon.core.mobile.keyword.builtin.TapKeyword$_tap_closure1.call(TapKeyword.groovy)
	at com.kms.katalon.core.mobile.keyword.internal.MobileKeywordMain.runKeyword(MobileKeywordMain.groovy:21)
	at com.kms.katalon.core.mobile.keyword.builtin.TapKeyword.tap(TapKeyword.groovy:86)
	at com.kms.katalon.core.mobile.keyword.builtin.TapKeyword.execute(TapKeyword.groovy:68)
	at com.kms.katalon.core.keyword.internal.KeywordExecutor.executeKeywordForPlatform(KeywordExecutor.groovy:60)
	at com.kms.katalon.core.mobile.keyword.MobileBuiltInKeywords.tap(MobileBuiltInKeywords.groovy:520)
	at com.kms.katalon.core.mobile.keyword.MobileBuiltInKeywords$tap$1.call(Unknown Source)
	at TC_Asuransi - MASTER FLOW.run(TC_Asuransi - MASTER FLOW:18)
	at com.kms.katalon.core.main.ScriptEngine.run(ScriptEngine.java:194)
	at com.kms.katalon.core.main.ScriptEngine.runScriptAsRawText(ScriptEngine.java:119)
	at com.kms.katalon.core.main.TestCaseExecutor.runScript(TestCaseExecutor.java:337)
	at com.kms.katalon.core.main.TestCaseExecutor.doExecute(TestCaseExecutor.java:328)
	at com.kms.katalon.core.main.TestCaseExecutor.processExecutionPhase(TestCaseExecutor.java:307)
	at com.kms.katalon.core.main.TestCaseExecutor.accessMainPhase(TestCaseExecutor.java:299)
	at com.kms.katalon.core.main.TestCaseExecutor.execute(TestCaseExecutor.java:233)
	at com.kms.katalon.core.main.TestCaseMain.runTestCase(TestCaseMain.java:114)
	at com.kms.katalon.core.keyword.builtin.CallTestCaseKeyword$_callTestCase_closure1.doCall(CallTestCaseKeyword.groovy:59)
	at com.kms.katalon.core.keyword.builtin.CallTestCaseKeyword$_callTestCase_closure1.call(CallTestCaseKeyword.groovy)
	at com.kms.katalon.core.keyword.internal.KeywordMain.runKeyword(KeywordMain.groovy:68)
	at com.kms.katalon.core.keyword.builtin.CallTestCaseKeyword.callTestCase(CallTestCaseKeyword.groovy:81)
	at com.kms.katalon.core.keyword.builtin.CallTestCaseKeyword.execute(CallTestCaseKeyword.groovy:44)
	at com.kms.katalon.core.keyword.internal.KeywordExecutor.executeKeywordForPlatform(KeywordExecutor.groovy:60)
	at com.kms.katalon.core.keyword.BuiltinKeywords.callTestCase(BuiltinKeywords.groovy:334)
	at TC_Data Entry.run(TC_Data Entry:26)
	at com.kms.katalon.core.main.ScriptEngine.run(ScriptEngine.java:194)
	at com.kms.katalon.core.main.ScriptEngine.runScriptAsRawText(ScriptEngine.java:119)
	at com.kms.katalon.core.main.TestCaseExecutor.runScript(TestCaseExecutor.java:337)
	at com.kms.katalon.core.main.TestCaseExecutor.doExecute(TestCaseExecutor.java:328)
	at com.kms.katalon.core.main.TestCaseExecutor.processExecutionPhase(TestCaseExecutor.java:307)
	at com.kms.katalon.core.main.TestCaseExecutor.accessMainPhase(TestCaseExecutor.java:299)
	at com.kms.katalon.core.main.TestCaseExecutor.execute(TestCaseExecutor.java:233)
	at com.kms.katalon.core.main.TestSuiteExecutor.accessTestCaseMainPhase(TestSuiteExecutor.java:169)
	at com.kms.katalon.core.main.TestSuiteExecutor.accessTestSuiteMainPhase(TestSuiteExecutor.java:142)
	at com.kms.katalon.core.main.TestSuiteExecutor.execute(TestSuiteExecutor.java:91)
	at com.kms.katalon.core.main.TestCaseMain.startTestSuite(TestCaseMain.java:157)
	at com.kms.katalon.core.main.TestCaseMain$startTestSuite$0.call(Unknown Source)
	at TempTestSuite1574807893706.run(TempTestSuite1574807893706.groovy:36)
)

2019-11-27 06:07:14 - [MESSAGE][WARNING] - Timeout '0' is invalid. Using default page load timeout: '30'

2019-11-27 06:07:14 - [MESSAGE][WARNING] - Cannot take screenshot

2019-11-27 06:07:14 - [MESSAGE][FAILED] - Failed to tap on element 'Object Repository/Simulasi Kredit/Simulasi Kredit - Asuransi/Asuransi_Nama Asuransi' (Root cause: org.openqa.selenium.WebDriverException: An unknown server-side error occurred while processing the command. Original error: Could not proxy command to remote server. Original error: Error: socket hang up
Build info: version: '3.141.59', revision: 'e82be7d358', time: '2018-11-14T08:25:53'
System info: host: 'FATITQC15420L', ip: '192.168.1.11', os.name: 'Windows 10', os.arch: 'amd64', os.version: '10.0', java.version: '1.8.0_181'
Driver info: com.kms.katalon.core.appium.driver.SwipeableAndroidDriver
Capabilities {app: C:\Users\15420\git\ACCME-Du..., appPackage: com.outsystemsenterprise.ac..., autoGrantPermissions: true, automationName: uiautomator2, databaseEnabled: false, desired: {app: C:\Users\15420\git\ACCME-Du..., autoGrantPermissions: true, automationName: uiautomator2, deviceId: , deviceName: samsung SM-A505F (Android 9), fullReset: false, newCommandTimeout: 1800, noReset: true, platform: ANDROID, platformName: android, platformVersion: 9, resetKeyboard: true, systemPort: 54797, udid: RR8M30NJT6T, unicodeKeyboard: true}, deviceApiLevel: 28, deviceId: , deviceManufacturer: samsung, deviceModel: SM-A505F, deviceName: RR8M30NJT6T, deviceScreenDensity: 420, deviceScreenSize: 1080x2340, deviceUDID: RR8M30NJT6T, fullReset: false, javascriptEnabled: true, locationContextEnabled: false, networkConnectionEnabled: true, newCommandTimeout: 1800, noReset: true, pixelRatio: 2.625, platform: ANDROID, platformName: Android, platformVersion: 9, resetKeyboard: true, statBarHeight: 83, systemPort: 54797, takesScreenshot: true, udid: RR8M30NJT6T, unicodeKeyboard: true, viewportRect: {height: 2048, left: 0, top: 83, width: 1080}, warnings: {}, webStorageEnabled: false}
Session ID: 557e6095-6ec0-4b5b-baaf-508a1a7cd217
	at org.openqa.selenium.remote.http.W3CHttpResponseCodec.createException(W3CHttpResponseCodec.java:187)
	at org.openqa.selenium.remote.http.W3CHttpResponseCodec.decode(W3CHttpResponseCodec.java:122)
	at org.openqa.selenium.remote.http.W3CHttpResponseCodec.decode(W3CHttpResponseCodec.java:49)
	at org.openqa.selenium.remote.HttpCommandExecutor.execute(HttpCommandExecutor.java:158)
	at io.appium.java_client.remote.AppiumCommandExecutor.execute(AppiumCommandExecutor.java:239)
	at org.openqa.selenium.remote.RemoteWebDriver.execute(RemoteWebDriver.java:552)
	at io.appium.java_client.DefaultGenericMobileDriver.execute(DefaultGenericMobileDriver.java:46)
	at io.appium.java_client.AppiumDriver.execute(AppiumDriver.java:1)
	at io.appium.java_client.android.AndroidDriver.execute(AndroidDriver.java:1)
	at com.kms.katalon.core.appium.driver.SwipeableAndroidDriver.execute(SwipeableAndroidDriver.java:1)
	at org.openqa.selenium.remote.RemoteWebDriver$RemoteWebDriverOptions$RemoteWindow.getSize(RemoteWebDriver.java:813)
	at org.openqa.selenium.WebDriver$Window$getSize.call(Unknown Source)
	at com.kms.katalon.core.mobile.keyword.internal.MobileAbstractKeyword.findElement(MobileAbstractKeyword.groovy:81)
	at com.kms.katalon.core.mobile.keyword.builtin.TapKeyword$_tap_closure1.doCall(TapKeyword.groovy:76)
	at com.kms.katalon.core.mobile.keyword.builtin.TapKeyword$_tap_closure1.call(TapKeyword.groovy)
	at com.kms.katalon.core.mobile.keyword.internal.MobileKeywordMain.runKeyword(MobileKeywordMain.groovy:21)
	at com.kms.katalon.core.mobile.keyword.builtin.TapKeyword.tap(TapKeyword.groovy:86)
	at com.kms.katalon.core.mobile.keyword.builtin.TapKeyword.execute(TapKeyword.groovy:68)
	at com.kms.katalon.core.keyword.internal.KeywordExecutor.executeKeywordForPlatform(KeywordExecutor.groovy:60)
	at com.kms.katalon.core.mobile.keyword.MobileBuiltInKeywords.tap(MobileBuiltInKeywords.groovy:520)
	at com.kms.katalon.core.mobile.keyword.MobileBuiltInKeywords$tap$1.call(Unknown Source)
	at TC_Asuransi - MASTER FLOW.run(TC_Asuransi - MASTER FLOW:18)
	at com.kms.katalon.core.main.ScriptEngine.run(ScriptEngine.java:194)
	at com.kms.katalon.core.main.ScriptEngine.runScriptAsRawText(ScriptEngine.java:119)
	at com.kms.katalon.core.main.TestCaseExecutor.runScript(TestCaseExecutor.java:337)
	at com.kms.katalon.core.main.TestCaseExecutor.doExecute(TestCaseExecutor.java:328)
	at com.kms.katalon.core.main.TestCaseExecutor.processExecutionPhase(TestCaseExecutor.java:307)
	at com.kms.katalon.core.main.TestCaseExecutor.accessMainPhase(TestCaseExecutor.java:299)
	at com.kms.katalon.core.main.TestCaseExecutor.execute(TestCaseExecutor.java:233)
	at com.kms.katalon.core.main.TestCaseMain.runTestCase(TestCaseMain.java:114)
	at com.kms.katalon.core.keyword.builtin.CallTestCaseKeyword$_callTestCase_closure1.doCall(CallTestCaseKeyword.groovy:59)
	at com.kms.katalon.core.keyword.builtin.CallTestCaseKeyword$_callTestCase_closure1.call(CallTestCaseKeyword.groovy)
	at com.kms.katalon.core.keyword.internal.KeywordMain.runKeyword(KeywordMain.groovy:68)
	at com.kms.katalon.core.keyword.builtin.CallTestCaseKeyword.callTestCase(CallTestCaseKeyword.groovy:81)
	at com.kms.katalon.core.keyword.builtin.CallTestCaseKeyword.execute(CallTestCaseKeyword.groovy:44)
	at com.kms.katalon.core.keyword.internal.KeywordExecutor.executeKeywordForPlatform(KeywordExecutor.groovy:60)
	at com.kms.katalon.core.keyword.BuiltinKeywords.callTestCase(BuiltinKeywords.groovy:334)
	at TC_Data Entry.run(TC_Data Entry:26)
	at com.kms.katalon.core.main.ScriptEngine.run(ScriptEngine.java:194)
	at com.kms.katalon.core.main.ScriptEngine.runScriptAsRawText(ScriptEngine.java:119)
	at com.kms.katalon.core.main.TestCaseExecutor.runScript(TestCaseExecutor.java:337)
	at com.kms.katalon.core.main.TestCaseExecutor.doExecute(TestCaseExecutor.java:328)
	at com.kms.katalon.core.main.TestCaseExecutor.processExecutionPhase(TestCaseExecutor.java:307)
	at com.kms.katalon.core.main.TestCaseExecutor.accessMainPhase(TestCaseExecutor.java:299)
	at com.kms.katalon.core.main.TestCaseExecutor.execute(TestCaseExecutor.java:233)
	at com.kms.katalon.core.main.TestSuiteExecutor.accessTestCaseMainPhase(TestSuiteExecutor.java:169)
	at com.kms.katalon.core.main.TestSuiteExecutor.accessTestSuiteMainPhase(TestSuiteExecutor.java:142)
	at com.kms.katalon.core.main.TestSuiteExecutor.execute(TestSuiteExecutor.java:91)
	at com.kms.katalon.core.main.TestCaseMain.startTestSuite(TestCaseMain.java:157)
	at com.kms.katalon.core.main.TestCaseMain$startTestSuite$0.call(Unknown Source)
	at TempTestSuite1574807893706.run(TempTestSuite1574807893706.groovy:36)
)

2019-11-27 06:07:14 - [MESSAGE][FAILED] - Unable to call Test Case 'Test Cases/Data Entry/Simulasi Kredit/Simulasi Kredit - Asuransi/MASTER FLOW/TC_Asuransi - MASTER FLOW' (Root cause: com.kms.katalon.core.exception.StepFailedException: Call Test Case 'Test Cases/Data Entry/Simulasi Kredit/Simulasi Kredit - Asuransi/MASTER FLOW/TC_Asuransi - MASTER FLOW' failed
	at com.kms.katalon.core.keyword.builtin.CallTestCaseKeyword$_callTestCase_closure1.doCall(CallTestCaseKeyword.groovy:63)
	at com.kms.katalon.core.keyword.builtin.CallTestCaseKeyword$_callTestCase_closure1.call(CallTestCaseKeyword.groovy)
	at com.kms.katalon.core.keyword.internal.KeywordMain.runKeyword(KeywordMain.groovy:68)
	at com.kms.katalon.core.keyword.builtin.CallTestCaseKeyword.callTestCase(CallTestCaseKeyword.groovy:81)
	at com.kms.katalon.core.keyword.builtin.CallTestCaseKeyword.execute(CallTestCaseKeyword.groovy:44)
	at com.kms.katalon.core.keyword.internal.KeywordExecutor.executeKeywordForPlatform(KeywordExecutor.groovy:60)
	at com.kms.katalon.core.keyword.BuiltinKeywords.callTestCase(BuiltinKeywords.groovy:334)
	at TC_Data Entry.run(TC_Data Entry:26)
	at com.kms.katalon.core.main.ScriptEngine.run(ScriptEngine.java:194)
	at com.kms.katalon.core.main.ScriptEngine.runScriptAsRawText(ScriptEngine.java:119)
	at com.kms.katalon.core.main.TestCaseExecutor.runScript(TestCaseExecutor.java:337)
	at com.kms.katalon.core.main.TestCaseExecutor.doExecute(TestCaseExecutor.java:328)
	at com.kms.katalon.core.main.TestCaseExecutor.processExecutionPhase(TestCaseExecutor.java:307)
	at com.kms.katalon.core.main.TestCaseExecutor.accessMainPhase(TestCaseExecutor.java:299)
	at com.kms.katalon.core.main.TestCaseExecutor.execute(TestCaseExecutor.java:233)
	at com.kms.katalon.core.main.TestSuiteExecutor.accessTestCaseMainPhase(TestSuiteExecutor.java:169)
	at com.kms.katalon.core.main.TestSuiteExecutor.accessTestSuiteMainPhase(TestSuiteExecutor.java:142)
	at com.kms.katalon.core.main.TestSuiteExecutor.execute(TestSuiteExecutor.java:91)
	at com.kms.katalon.core.main.TestCaseMain.startTestSuite(TestCaseMain.java:157)
	at com.kms.katalon.core.main.TestCaseMain$startTestSuite$0.call(Unknown Source)
	at TempTestSuite1574807893706.run(TempTestSuite1574807893706.groovy:36)
Caused by: com.kms.katalon.core.exception.StepFailedException: Failed to tap on element 'Object Repository/Simulasi Kredit/Simulasi Kredit - Asuransi/Asuransi_Nama Asuransi' (Root cause: org.openqa.selenium.WebDriverException: An unknown server-side error occurred while processing the command. Original error: Could not proxy command to remote server. Original error: Error: socket hang up
Build info: version: '3.141.59', revision: 'e82be7d358', time: '2018-11-14T08:25:53'
System info: host: 'FATITQC15420L', ip: '192.168.1.11', os.name: 'Windows 10', os.arch: 'amd64', os.version: '10.0', java.version: '1.8.0_181'
Driver info: com.kms.katalon.core.appium.driver.SwipeableAndroidDriver
Capabilities {app: C:\Users\15420\git\ACCME-Du..., appPackage: com.outsystemsenterprise.ac..., autoGrantPermissions: true, automationName: uiautomator2, databaseEnabled: false, desired: {app: C:\Users\15420\git\ACCME-Du..., autoGrantPermissions: true, automationName: uiautomator2, deviceId: , deviceName: samsung SM-A505F (Android 9), fullReset: false, newCommandTimeout: 1800, noReset: true, platform: ANDROID, platformName: android, platformVersion: 9, resetKeyboard: true, systemPort: 54797, udid: RR8M30NJT6T, unicodeKeyboard: true}, deviceApiLevel: 28, deviceId: , deviceManufacturer: samsung, deviceModel: SM-A505F, deviceName: RR8M30NJT6T, deviceScreenDensity: 420, deviceScreenSize: 1080x2340, deviceUDID: RR8M30NJT6T, fullReset: false, javascriptEnabled: true, locationContextEnabled: false, networkConnectionEnabled: true, newCommandTimeout: 1800, noReset: true, pixelRatio: 2.625, platform: ANDROID, platformName: Android, platformVersion: 9, resetKeyboard: true, statBarHeight: 83, systemPort: 54797, takesScreenshot: true, udid: RR8M30NJT6T, unicodeKeyboard: true, viewportRect: {height: 2048, left: 0, top: 83, width: 1080}, warnings: {}, webStorageEnabled: false}
Session ID: 557e6095-6ec0-4b5b-baaf-508a1a7cd217
	at org.openqa.selenium.remote.http.W3CHttpResponseCodec.createException(W3CHttpResponseCodec.java:187)
	at org.openqa.selenium.remote.http.W3CHttpResponseCodec.decode(W3CHttpResponseCodec.java:122)
	at org.openqa.selenium.remote.http.W3CHttpResponseCodec.decode(W3CHttpResponseCodec.java:49)
	at org.openqa.selenium.remote.HttpCommandExecutor.execute(HttpCommandExecutor.java:158)
	at io.appium.java_client.remote.AppiumCommandExecutor.execute(AppiumCommandExecutor.java:239)
	at org.openqa.selenium.remote.RemoteWebDriver.execute(RemoteWebDriver.java:552)
	at io.appium.java_client.DefaultGenericMobileDriver.execute(DefaultGenericMobileDriver.java:46)
	at io.appium.java_client.AppiumDriver.execute(AppiumDriver.java:1)
	at io.appium.java_client.android.AndroidDriver.execute(AndroidDriver.java:1)
	at com.kms.katalon.core.appium.driver.SwipeableAndroidDriver.execute(SwipeableAndroidDriver.java:1)
	at org.openqa.selenium.remote.RemoteWebDriver$RemoteWebDriverOptions$RemoteWindow.getSize(RemoteWebDriver.java:813)
	at org.openqa.selenium.WebDriver$Window$getSize.call(Unknown Source)
	at com.kms.katalon.core.mobile.keyword.internal.MobileAbstractKeyword.findElement(MobileAbstractKeyword.groovy:81)
	at com.kms.katalon.core.mobile.keyword.builtin.TapKeyword$_tap_closure1.doCall(TapKeyword.groovy:76)
	at com.kms.katalon.core.mobile.keyword.builtin.TapKeyword$_tap_closure1.call(TapKeyword.groovy)
	at com.kms.katalon.core.mobile.keyword.internal.MobileKeywordMain.runKeyword(MobileKeywordMain.groovy:21)
	at com.kms.katalon.core.mobile.keyword.builtin.TapKeyword.tap(TapKeyword.groovy:86)
	at com.kms.katalon.core.mobile.keyword.builtin.TapKeyword.execute(TapKeyword.groovy:68)
	at com.kms.katalon.core.keyword.internal.KeywordExecutor.executeKeywordForPlatform(KeywordExecutor.groovy:60)
	at com.kms.katalon.core.mobile.keyword.MobileBuiltInKeywords.tap(MobileBuiltInKeywords.groovy:520)
	at com.kms.katalon.core.mobile.keyword.MobileBuiltInKeywords$tap$1.call(Unknown Source)
	at TC_Asuransi - MASTER FLOW.run(TC_Asuransi - MASTER FLOW:18)
	at com.kms.katalon.core.main.ScriptEngine.run(ScriptEngine.java:194)
	at com.kms.katalon.core.main.ScriptEngine.runScriptAsRawText(ScriptEngine.java:119)
	at com.kms.katalon.core.main.TestCaseExecutor.runScript(TestCaseExecutor.java:337)
	at com.kms.katalon.core.main.TestCaseExecutor.doExecute(TestCaseExecutor.java:328)
	at com.kms.katalon.core.main.TestCaseExecutor.processExecutionPhase(TestCaseExecutor.java:307)
	at com.kms.katalon.core.main.TestCaseExecutor.accessMainPhase(TestCaseExecutor.java:299)
	at com.kms.katalon.core.main.TestCaseExecutor.execute(TestCaseExecutor.java:233)
	at com.kms.katalon.core.main.TestCaseMain.runTestCase(TestCaseMain.java:114)
	at com.kms.katalon.core.keyword.builtin.CallTestCaseKeyword$_callTestCase_closure1.doCall(CallTestCaseKeyword.groovy:59)
	at com.kms.katalon.core.keyword.builtin.CallTestCaseKeyword$_callTestCase_closure1.call(CallTestCaseKeyword.groovy)
	at com.kms.katalon.core.keyword.internal.KeywordMain.runKeyword(KeywordMain.groovy:68)
	at com.kms.katalon.core.keyword.builtin.CallTestCaseKeyword.callTestCase(CallTestCaseKeyword.groovy:81)
	at com.kms.katalon.core.keyword.builtin.CallTestCaseKeyword.execute(CallTestCaseKeyword.groovy:44)
	at com.kms.katalon.core.keyword.internal.KeywordExecutor.executeKeywordForPlatform(KeywordExecutor.groovy:60)
	at com.kms.katalon.core.keyword.BuiltinKeywords.callTestCase(BuiltinKeywords.groovy:334)
	at TC_Data Entry.run(TC_Data Entry:26)
	at com.kms.katalon.core.main.ScriptEngine.run(ScriptEngine.java:194)
	at com.kms.katalon.core.main.ScriptEngine.runScriptAsRawText(ScriptEngine.java:119)
	at com.kms.katalon.core.main.TestCaseExecutor.runScript(TestCaseExecutor.java:337)
	at com.kms.katalon.core.main.TestCaseExecutor.doExecute(TestCaseExecutor.java:328)
	at com.kms.katalon.core.main.TestCaseExecutor.processExecutionPhase(TestCaseExecutor.java:307)
	at com.kms.katalon.core.main.TestCaseExecutor.accessMainPhase(TestCaseExecutor.java:299)
	at com.kms.katalon.core.main.TestCaseExecutor.execute(TestCaseExecutor.java:233)
	at com.kms.katalon.core.main.TestSuiteExecutor.accessTestCaseMainPhase(TestSuiteExecutor.java:169)
	at com.kms.katalon.core.main.TestSuiteExecutor.accessTestSuiteMainPhase(TestSuiteExecutor.java:142)
	at com.kms.katalon.core.main.TestSuiteExecutor.execute(TestSuiteExecutor.java:91)
	at com.kms.katalon.core.main.TestCaseMain.startTestSuite(TestCaseMain.java:157)
	at com.kms.katalon.core.main.TestCaseMain$startTestSuite$0.call(Unknown Source)
	at TempTestSuite1574807893706.run(TempTestSuite1574807893706.groovy:36)
)
	at com.kms.katalon.core.keyword.internal.KeywordMain.stepFailed(KeywordMain.groovy:50)
	at com.kms.katalon.core.mobile.keyword.internal.MobileKeywordMain.stepFailed(MobileKeywordMain.groovy:40)
	at com.kms.katalon.core.mobile.keyword.internal.MobileKeywordMain.runKeyword(MobileKeywordMain.groovy:23)
	at com.kms.katalon.core.mobile.keyword.builtin.TapKeyword.tap(TapKeyword.groovy:86)
	at com.kms.katalon.core.mobile.keyword.builtin.TapKeyword.execute(TapKeyword.groovy:68)
	at com.kms.katalon.core.keyword.internal.KeywordExecutor.executeKeywordForPlatform(KeywordExecutor.groovy:60)
	at com.kms.katalon.core.mobile.keyword.MobileBuiltInKeywords.tap(MobileBuiltInKeywords.groovy:520)
	at com.kms.katalon.core.mobile.keyword.MobileBuiltInKeywords$tap$1.call(Unknown Source)
	at TC_Asuransi - MASTER FLOW.run(TC_Asuransi - MASTER FLOW:18)
	at com.kms.katalon.core.main.ScriptEngine.run(ScriptEngine.java:194)
	at com.kms.katalon.core.main.ScriptEngine.runScriptAsRawText(ScriptEngine.java:119)
	at com.kms.katalon.core.main.TestCaseExecutor.runScript(TestCaseExecutor.java:337)
	at com.kms.katalon.core.main.TestCaseExecutor.doExecute(TestCaseExecutor.java:328)
	at com.kms.katalon.core.main.TestCaseExecutor.processExecutionPhase(TestCaseExecutor.java:307)
	at com.kms.katalon.core.main.TestCaseExecutor.accessMainPhase(TestCaseExecutor.java:299)
	at com.kms.katalon.core.main.TestCaseExecutor.execute(TestCaseExecutor.java:233)
	at com.kms.katalon.core.main.TestCaseMain.runTestCase(TestCaseMain.java:114)
	at com.kms.katalon.core.keyword.builtin.CallTestCaseKeyword$_callTestCase_closure1.doCall(CallTestCaseKeyword.groovy:59)
	... 20 more
Caused by: org.openqa.selenium.WebDriverException: An unknown server-side error occurred while processing the command. Original error: Could not proxy command to remote server. Original error: Error: socket hang up
Build info: version: '3.141.59', revision: 'e82be7d358', time: '2018-11-14T08:25:53'
System info: host: 'FATITQC15420L', ip: '192.168.1.11', os.name: 'Windows 10', os.arch: 'amd64', os.version: '10.0', java.version: '1.8.0_181'
Driver info: com.kms.katalon.core.appium.driver.SwipeableAndroidDriver
Capabilities {app: C:\Users\15420\git\ACCME-Du..., appPackage: com.outsystemsenterprise.ac..., autoGrantPermissions: true, automationName: uiautomator2, databaseEnabled: false, desired: {app: C:\Users\15420\git\ACCME-Du..., autoGrantPermissions: true, automationName: uiautomator2, deviceId: , deviceName: samsung SM-A505F (Android 9), fullReset: false, newCommandTimeout: 1800, noReset: true, platform: ANDROID, platformName: android, platformVersion: 9, resetKeyboard: true, systemPort: 54797, udid: RR8M30NJT6T, unicodeKeyboard: true}, deviceApiLevel: 28, deviceId: , deviceManufacturer: samsung, deviceModel: SM-A505F, deviceName: RR8M30NJT6T, deviceScreenDensity: 420, deviceScreenSize: 1080x2340, deviceUDID: RR8M30NJT6T, fullReset: false, javascriptEnabled: true, locationContextEnabled: false, networkConnectionEnabled: true, newCommandTimeout: 1800, noReset: true, pixelRatio: 2.625, platform: ANDROID, platformName: Android, platformVersion: 9, resetKeyboard: true, statBarHeight: 83, systemPort: 54797, takesScreenshot: true, udid: RR8M30NJT6T, unicodeKeyboard: true, viewportRect: {height: 2048, left: 0, top: 83, width: 1080}, warnings: {}, webStorageEnabled: false}
Session ID: 557e6095-6ec0-4b5b-baaf-508a1a7cd217
	at org.openqa.selenium.remote.http.W3CHttpResponseCodec.createException(W3CHttpResponseCodec.java:187)
	at org.openqa.selenium.remote.http.W3CHttpResponseCodec.decode(W3CHttpResponseCodec.java:122)
	at org.openqa.selenium.remote.http.W3CHttpResponseCodec.decode(W3CHttpResponseCodec.java:49)
	at org.openqa.selenium.remote.HttpCommandExecutor.execute(HttpCommandExecutor.java:158)
	at io.appium.java_client.remote.AppiumCommandExecutor.execute(AppiumCommandExecutor.java:239)
	at org.openqa.selenium.remote.RemoteWebDriver.execute(RemoteWebDriver.java:552)
	at io.appium.java_client.DefaultGenericMobileDriver.execute(DefaultGenericMobileDriver.java:46)
	at io.appium.java_client.AppiumDriver.execute(AppiumDriver.java:1)
	at io.appium.java_client.android.AndroidDriver.execute(AndroidDriver.java:1)
	at com.kms.katalon.core.appium.driver.SwipeableAndroidDriver.execute(SwipeableAndroidDriver.java:1)
	at org.openqa.selenium.remote.RemoteWebDriver$RemoteWebDriverOptions$RemoteWindow.getSize(RemoteWebDriver.java:813)
	at org.openqa.selenium.WebDriver$Window$getSize.call(Unknown Source)
	at com.kms.katalon.core.mobile.keyword.internal.MobileAbstractKeyword.findElement(MobileAbstractKeyword.groovy:81)
	at com.kms.katalon.core.mobile.keyword.builtin.TapKeyword$_tap_closure1.doCall(TapKeyword.groovy:76)
	at com.kms.katalon.core.mobile.keyword.builtin.TapKeyword$_tap_closure1.call(TapKeyword.groovy)
	at com.kms.katalon.core.mobile.keyword.internal.MobileKeywordMain.runKeyword(MobileKeywordMain.groovy:21)
	... 35 more
)]]></system-out>
         <system-err><![CDATA[2019-11-27 06:05:50 - [TEST_CASE][FAILED] - Test Cases/Data Entry/TC_Data Entry: Test Cases/Data Entry/TC_Data Entry FAILED.
Reason:
com.kms.katalon.core.exception.StepFailedException: Call Test Case 'Test Cases/Data Entry/Simulasi Kredit/Simulasi Kredit - Asuransi/MASTER FLOW/TC_Asuransi - MASTER FLOW' failed
	at com.kms.katalon.core.keyword.builtin.CallTestCaseKeyword$_callTestCase_closure1.doCall(CallTestCaseKeyword.groovy:63)
	at com.kms.katalon.core.keyword.builtin.CallTestCaseKeyword$_callTestCase_closure1.call(CallTestCaseKeyword.groovy)
	at com.kms.katalon.core.keyword.internal.KeywordMain.runKeyword(KeywordMain.groovy:68)
	at com.kms.katalon.core.keyword.builtin.CallTestCaseKeyword.callTestCase(CallTestCaseKeyword.groovy:81)
	at com.kms.katalon.core.keyword.builtin.CallTestCaseKeyword.execute(CallTestCaseKeyword.groovy:44)
	at com.kms.katalon.core.keyword.internal.KeywordExecutor.executeKeywordForPlatform(KeywordExecutor.groovy:60)
	at com.kms.katalon.core.keyword.BuiltinKeywords.callTestCase(BuiltinKeywords.groovy:334)
	at TC_Data Entry.run(TC_Data Entry:26)
	at com.kms.katalon.core.main.ScriptEngine.run(ScriptEngine.java:194)
	at com.kms.katalon.core.main.ScriptEngine.runScriptAsRawText(ScriptEngine.java:119)
	at com.kms.katalon.core.main.TestCaseExecutor.runScript(TestCaseExecutor.java:337)
	at com.kms.katalon.core.main.TestCaseExecutor.doExecute(TestCaseExecutor.java:328)
	at com.kms.katalon.core.main.TestCaseExecutor.processExecutionPhase(TestCaseExecutor.java:307)
	at com.kms.katalon.core.main.TestCaseExecutor.accessMainPhase(TestCaseExecutor.java:299)
	at com.kms.katalon.core.main.TestCaseExecutor.execute(TestCaseExecutor.java:233)
	at com.kms.katalon.core.main.TestSuiteExecutor.accessTestCaseMainPhase(TestSuiteExecutor.java:169)
	at com.kms.katalon.core.main.TestSuiteExecutor.accessTestSuiteMainPhase(TestSuiteExecutor.java:142)
	at com.kms.katalon.core.main.TestSuiteExecutor.execute(TestSuiteExecutor.java:91)
	at com.kms.katalon.core.main.TestCaseMain.startTestSuite(TestCaseMain.java:157)
	at com.kms.katalon.core.main.TestCaseMain$startTestSuite$0.call(Unknown Source)
	at TempTestSuite1574807893706.run(TempTestSuite1574807893706.groovy:36)
Caused by: com.kms.katalon.core.exception.StepFailedException: Failed to tap on element 'Object Repository/Simulasi Kredit/Simulasi Kredit - Asuransi/Asuransi_Nama Asuransi' (Root cause: org.openqa.selenium.WebDriverException: An unknown server-side error occurred while processing the command. Original error: Could not proxy command to remote server. Original error: Error: socket hang up
Build info: version: '3.141.59', revision: 'e82be7d358', time: '2018-11-14T08:25:53'
System info: host: 'FATITQC15420L', ip: '192.168.1.11', os.name: 'Windows 10', os.arch: 'amd64', os.version: '10.0', java.version: '1.8.0_181'
Driver info: com.kms.katalon.core.appium.driver.SwipeableAndroidDriver
Capabilities {app: C:\Users\15420\git\ACCME-Du..., appPackage: com.outsystemsenterprise.ac..., autoGrantPermissions: true, automationName: uiautomator2, databaseEnabled: false, desired: {app: C:\Users\15420\git\ACCME-Du..., autoGrantPermissions: true, automationName: uiautomator2, deviceId: , deviceName: samsung SM-A505F (Android 9), fullReset: false, newCommandTimeout: 1800, noReset: true, platform: ANDROID, platformName: android, platformVersion: 9, resetKeyboard: true, systemPort: 54797, udid: RR8M30NJT6T, unicodeKeyboard: true}, deviceApiLevel: 28, deviceId: , deviceManufacturer: samsung, deviceModel: SM-A505F, deviceName: RR8M30NJT6T, deviceScreenDensity: 420, deviceScreenSize: 1080x2340, deviceUDID: RR8M30NJT6T, fullReset: false, javascriptEnabled: true, locationContextEnabled: false, networkConnectionEnabled: true, newCommandTimeout: 1800, noReset: true, pixelRatio: 2.625, platform: ANDROID, platformName: Android, platformVersion: 9, resetKeyboard: true, statBarHeight: 83, systemPort: 54797, takesScreenshot: true, udid: RR8M30NJT6T, unicodeKeyboard: true, viewportRect: {height: 2048, left: 0, top: 83, width: 1080}, warnings: {}, webStorageEnabled: false}
Session ID: 557e6095-6ec0-4b5b-baaf-508a1a7cd217
	at org.openqa.selenium.remote.http.W3CHttpResponseCodec.createException(W3CHttpResponseCodec.java:187)
	at org.openqa.selenium.remote.http.W3CHttpResponseCodec.decode(W3CHttpResponseCodec.java:122)
	at org.openqa.selenium.remote.http.W3CHttpResponseCodec.decode(W3CHttpResponseCodec.java:49)
	at org.openqa.selenium.remote.HttpCommandExecutor.execute(HttpCommandExecutor.java:158)
	at io.appium.java_client.remote.AppiumCommandExecutor.execute(AppiumCommandExecutor.java:239)
	at org.openqa.selenium.remote.RemoteWebDriver.execute(RemoteWebDriver.java:552)
	at io.appium.java_client.DefaultGenericMobileDriver.execute(DefaultGenericMobileDriver.java:46)
	at io.appium.java_client.AppiumDriver.execute(AppiumDriver.java:1)
	at io.appium.java_client.android.AndroidDriver.execute(AndroidDriver.java:1)
	at com.kms.katalon.core.appium.driver.SwipeableAndroidDriver.execute(SwipeableAndroidDriver.java:1)
	at org.openqa.selenium.remote.RemoteWebDriver$RemoteWebDriverOptions$RemoteWindow.getSize(RemoteWebDriver.java:813)
	at org.openqa.selenium.WebDriver$Window$getSize.call(Unknown Source)
	at com.kms.katalon.core.mobile.keyword.internal.MobileAbstractKeyword.findElement(MobileAbstractKeyword.groovy:81)
	at com.kms.katalon.core.mobile.keyword.builtin.TapKeyword$_tap_closure1.doCall(TapKeyword.groovy:76)
	at com.kms.katalon.core.mobile.keyword.builtin.TapKeyword$_tap_closure1.call(TapKeyword.groovy)
	at com.kms.katalon.core.mobile.keyword.internal.MobileKeywordMain.runKeyword(MobileKeywordMain.groovy:21)
	at com.kms.katalon.core.mobile.keyword.builtin.TapKeyword.tap(TapKeyword.groovy:86)
	at com.kms.katalon.core.mobile.keyword.builtin.TapKeyword.execute(TapKeyword.groovy:68)
	at com.kms.katalon.core.keyword.internal.KeywordExecutor.executeKeywordForPlatform(KeywordExecutor.groovy:60)
	at com.kms.katalon.core.mobile.keyword.MobileBuiltInKeywords.tap(MobileBuiltInKeywords.groovy:520)
	at com.kms.katalon.core.mobile.keyword.MobileBuiltInKeywords$tap$1.call(Unknown Source)
	at TC_Asuransi - MASTER FLOW.run(TC_Asuransi - MASTER FLOW:18)
	at com.kms.katalon.core.main.ScriptEngine.run(ScriptEngine.java:194)
	at com.kms.katalon.core.main.ScriptEngine.runScriptAsRawText(ScriptEngine.java:119)
	at com.kms.katalon.core.main.TestCaseExecutor.runScript(TestCaseExecutor.java:337)
	at com.kms.katalon.core.main.TestCaseExecutor.doExecute(TestCaseExecutor.java:328)
	at com.kms.katalon.core.main.TestCaseExecutor.processExecutionPhase(TestCaseExecutor.java:307)
	at com.kms.katalon.core.main.TestCaseExecutor.accessMainPhase(TestCaseExecutor.java:299)
	at com.kms.katalon.core.main.TestCaseExecutor.execute(TestCaseExecutor.java:233)
	at com.kms.katalon.core.main.TestCaseMain.runTestCase(TestCaseMain.java:114)
	at com.kms.katalon.core.keyword.builtin.CallTestCaseKeyword$_callTestCase_closure1.doCall(CallTestCaseKeyword.groovy:59)
	at com.kms.katalon.core.keyword.builtin.CallTestCaseKeyword$_callTestCase_closure1.call(CallTestCaseKeyword.groovy)
	at com.kms.katalon.core.keyword.internal.KeywordMain.runKeyword(KeywordMain.groovy:68)
	at com.kms.katalon.core.keyword.builtin.CallTestCaseKeyword.callTestCase(CallTestCaseKeyword.groovy:81)
	at com.kms.katalon.core.keyword.builtin.CallTestCaseKeyword.execute(CallTestCaseKeyword.groovy:44)
	at com.kms.katalon.core.keyword.internal.KeywordExecutor.executeKeywordForPlatform(KeywordExecutor.groovy:60)
	at com.kms.katalon.core.keyword.BuiltinKeywords.callTestCase(BuiltinKeywords.groovy:334)
	at TC_Data Entry.run(TC_Data Entry:26)
	at com.kms.katalon.core.main.ScriptEngine.run(ScriptEngine.java:194)
	at com.kms.katalon.core.main.ScriptEngine.runScriptAsRawText(ScriptEngine.java:119)
	at com.kms.katalon.core.main.TestCaseExecutor.runScript(TestCaseExecutor.java:337)
	at com.kms.katalon.core.main.TestCaseExecutor.doExecute(TestCaseExecutor.java:328)
	at com.kms.katalon.core.main.TestCaseExecutor.processExecutionPhase(TestCaseExecutor.java:307)
	at com.kms.katalon.core.main.TestCaseExecutor.accessMainPhase(TestCaseExecutor.java:299)
	at com.kms.katalon.core.main.TestCaseExecutor.execute(TestCaseExecutor.java:233)
	at com.kms.katalon.core.main.TestSuiteExecutor.accessTestCaseMainPhase(TestSuiteExecutor.java:169)
	at com.kms.katalon.core.main.TestSuiteExecutor.accessTestSuiteMainPhase(TestSuiteExecutor.java:142)
	at com.kms.katalon.core.main.TestSuiteExecutor.execute(TestSuiteExecutor.java:91)
	at com.kms.katalon.core.main.TestCaseMain.startTestSuite(TestCaseMain.java:157)
	at com.kms.katalon.core.main.TestCaseMain$startTestSuite$0.call(Unknown Source)
	at TempTestSuite1574807893706.run(TempTestSuite1574807893706.groovy:36)
)
	at com.kms.katalon.core.keyword.internal.KeywordMain.stepFailed(KeywordMain.groovy:50)
	at com.kms.katalon.core.mobile.keyword.internal.MobileKeywordMain.stepFailed(MobileKeywordMain.groovy:40)
	at com.kms.katalon.core.mobile.keyword.internal.MobileKeywordMain.runKeyword(MobileKeywordMain.groovy:23)
	at com.kms.katalon.core.mobile.keyword.builtin.TapKeyword.tap(TapKeyword.groovy:86)
	at com.kms.katalon.core.mobile.keyword.builtin.TapKeyword.execute(TapKeyword.groovy:68)
	at com.kms.katalon.core.keyword.internal.KeywordExecutor.executeKeywordForPlatform(KeywordExecutor.groovy:60)
	at com.kms.katalon.core.mobile.keyword.MobileBuiltInKeywords.tap(MobileBuiltInKeywords.groovy:520)
	at com.kms.katalon.core.mobile.keyword.MobileBuiltInKeywords$tap$1.call(Unknown Source)
	at TC_Asuransi - MASTER FLOW.run(TC_Asuransi - MASTER FLOW:18)
	at com.kms.katalon.core.main.ScriptEngine.run(ScriptEngine.java:194)
	at com.kms.katalon.core.main.ScriptEngine.runScriptAsRawText(ScriptEngine.java:119)
	at com.kms.katalon.core.main.TestCaseExecutor.runScript(TestCaseExecutor.java:337)
	at com.kms.katalon.core.main.TestCaseExecutor.doExecute(TestCaseExecutor.java:328)
	at com.kms.katalon.core.main.TestCaseExecutor.processExecutionPhase(TestCaseExecutor.java:307)
	at com.kms.katalon.core.main.TestCaseExecutor.accessMainPhase(TestCaseExecutor.java:299)
	at com.kms.katalon.core.main.TestCaseExecutor.execute(TestCaseExecutor.java:233)
	at com.kms.katalon.core.main.TestCaseMain.runTestCase(TestCaseMain.java:114)
	at com.kms.katalon.core.keyword.builtin.CallTestCaseKeyword$_callTestCase_closure1.doCall(CallTestCaseKeyword.groovy:59)
	... 20 more
Caused by: org.openqa.selenium.WebDriverException: An unknown server-side error occurred while processing the command. Original error: Could not proxy command to remote server. Original error: Error: socket hang up
Build info: version: '3.141.59', revision: 'e82be7d358', time: '2018-11-14T08:25:53'
System info: host: 'FATITQC15420L', ip: '192.168.1.11', os.name: 'Windows 10', os.arch: 'amd64', os.version: '10.0', java.version: '1.8.0_181'
Driver info: com.kms.katalon.core.appium.driver.SwipeableAndroidDriver
Capabilities {app: C:\Users\15420\git\ACCME-Du..., appPackage: com.outsystemsenterprise.ac..., autoGrantPermissions: true, automationName: uiautomator2, databaseEnabled: false, desired: {app: C:\Users\15420\git\ACCME-Du..., autoGrantPermissions: true, automationName: uiautomator2, deviceId: , deviceName: samsung SM-A505F (Android 9), fullReset: false, newCommandTimeout: 1800, noReset: true, platform: ANDROID, platformName: android, platformVersion: 9, resetKeyboard: true, systemPort: 54797, udid: RR8M30NJT6T, unicodeKeyboard: true}, deviceApiLevel: 28, deviceId: , deviceManufacturer: samsung, deviceModel: SM-A505F, deviceName: RR8M30NJT6T, deviceScreenDensity: 420, deviceScreenSize: 1080x2340, deviceUDID: RR8M30NJT6T, fullReset: false, javascriptEnabled: true, locationContextEnabled: false, networkConnectionEnabled: true, newCommandTimeout: 1800, noReset: true, pixelRatio: 2.625, platform: ANDROID, platformName: Android, platformVersion: 9, resetKeyboard: true, statBarHeight: 83, systemPort: 54797, takesScreenshot: true, udid: RR8M30NJT6T, unicodeKeyboard: true, viewportRect: {height: 2048, left: 0, top: 83, width: 1080}, warnings: {}, webStorageEnabled: false}
Session ID: 557e6095-6ec0-4b5b-baaf-508a1a7cd217
	at org.openqa.selenium.remote.http.W3CHttpResponseCodec.createException(W3CHttpResponseCodec.java:187)
	at org.openqa.selenium.remote.http.W3CHttpResponseCodec.decode(W3CHttpResponseCodec.java:122)
	at org.openqa.selenium.remote.http.W3CHttpResponseCodec.decode(W3CHttpResponseCodec.java:49)
	at org.openqa.selenium.remote.HttpCommandExecutor.execute(HttpCommandExecutor.java:158)
	at io.appium.java_client.remote.AppiumCommandExecutor.execute(AppiumCommandExecutor.java:239)
	at org.openqa.selenium.remote.RemoteWebDriver.execute(RemoteWebDriver.java:552)
	at io.appium.java_client.DefaultGenericMobileDriver.execute(DefaultGenericMobileDriver.java:46)
	at io.appium.java_client.AppiumDriver.execute(AppiumDriver.java:1)
	at io.appium.java_client.android.AndroidDriver.execute(AndroidDriver.java:1)
	at com.kms.katalon.core.appium.driver.SwipeableAndroidDriver.execute(SwipeableAndroidDriver.java:1)
	at org.openqa.selenium.remote.RemoteWebDriver$RemoteWebDriverOptions$RemoteWindow.getSize(RemoteWebDriver.java:813)
	at org.openqa.selenium.WebDriver$Window$getSize.call(Unknown Source)
	at com.kms.katalon.core.mobile.keyword.internal.MobileAbstractKeyword.findElement(MobileAbstractKeyword.groovy:81)
	at com.kms.katalon.core.mobile.keyword.builtin.TapKeyword$_tap_closure1.doCall(TapKeyword.groovy:76)
	at com.kms.katalon.core.mobile.keyword.builtin.TapKeyword$_tap_closure1.call(TapKeyword.groovy)
	at com.kms.katalon.core.mobile.keyword.internal.MobileKeywordMain.runKeyword(MobileKeywordMain.groovy:21)
	... 35 more]]></system-err>
      </testcase>
      <testcase name="Test Cases/Data Entry/TC_Data Entry" time="649.332" classname="Test Cases/Data Entry/TC_Data Entry" status="FAILED">
         <failure type="FAILED" message="Test Cases/Data Entry/TC_Data Entry FAILED.
Reason:
com.kms.katalon.core.exception.StepFailedException: Call Test Case 'Test Cases/Data Entry/Borrower/Flow Borrower' failed
	at com.kms.katalon.core.keyword.builtin.CallTestCaseKeyword$_callTestCase_closure1.doCall(CallTestCaseKeyword.groovy:63)
	at com.kms.katalon.core.keyword.builtin.CallTestCaseKeyword$_callTestCase_closure1.call(CallTestCaseKeyword.groovy)
	at com.kms.katalon.core.keyword.internal.KeywordMain.runKeyword(KeywordMain.groovy:68)
	at com.kms.katalon.core.keyword.builtin.CallTestCaseKeyword.callTestCase(CallTestCaseKeyword.groovy:81)
	at com.kms.katalon.core.keyword.builtin.CallTestCaseKeyword.execute(CallTestCaseKeyword.groovy:44)
	at com.kms.katalon.core.keyword.internal.KeywordExecutor.executeKeywordForPlatform(KeywordExecutor.groovy:60)
	at com.kms.katalon.core.keyword.BuiltinKeywords.callTestCase(BuiltinKeywords.groovy:334)
	at TC_Data Entry.run(TC_Data Entry:42)
	at com.kms.katalon.core.main.ScriptEngine.run(ScriptEngine.java:194)
	at com.kms.katalon.core.main.ScriptEngine.runScriptAsRawText(ScriptEngine.java:119)
	at com.kms.katalon.core.main.TestCaseExecutor.runScript(TestCaseExecutor.java:337)
	at com.kms.katalon.core.main.TestCaseExecutor.doExecute(TestCaseExecutor.java:328)
	at com.kms.katalon.core.main.TestCaseExecutor.processExecutionPhase(TestCaseExecutor.java:307)
	at com.kms.katalon.core.main.TestCaseExecutor.accessMainPhase(TestCaseExecutor.java:299)
	at com.kms.katalon.core.main.TestCaseExecutor.execute(TestCaseExecutor.java:233)
	at com.kms.katalon.core.main.TestSuiteExecutor.accessTestCaseMainPhase(TestSuiteExecutor.java:169)
	at com.kms.katalon.core.main.TestSuiteExecutor.accessTestSuiteMainPhase(TestSuiteExecutor.java:142)
	at com.kms.katalon.core.main.TestSuiteExecutor.execute(TestSuiteExecutor.java:91)
	at com.kms.katalon.core.main.TestCaseMain.startTestSuite(TestCaseMain.java:157)
	at com.kms.katalon.core.main.TestCaseMain$startTestSuite$0.call(Unknown Source)
	at TempTestSuite1574807893706.run(TempTestSuite1574807893706.groovy:36)
Caused by: com.kms.katalon.core.exception.StepFailedException: Call Test Case 'Test Cases/Data Entry/Borrower/Borrower - Identitas/MASTER FLOW/TC_Borrower - Identitas - MASTER FLOW' failed
	at com.kms.katalon.core.keyword.builtin.CallTestCaseKeyword$_callTestCase_closure1.doCall(CallTestCaseKeyword.groovy:63)
	at com.kms.katalon.core.keyword.builtin.CallTestCaseKeyword$_callTestCase_closure1.call(CallTestCaseKeyword.groovy)
	at com.kms.katalon.core.keyword.internal.KeywordMain.runKeyword(KeywordMain.groovy:68)
	at com.kms.katalon.core.keyword.builtin.CallTestCaseKeyword.callTestCase(CallTestCaseKeyword.groovy:81)
	at com.kms.katalon.core.keyword.builtin.CallTestCaseKeyword.execute(CallTestCaseKeyword.groovy:44)
	at com.kms.katalon.core.keyword.internal.KeywordExecutor.executeKeywordForPlatform(KeywordExecutor.groovy:60)
	at com.kms.katalon.core.keyword.BuiltinKeywords.callTestCase(BuiltinKeywords.groovy:334)
	at Flow Borrower.run(Flow Borrower:16)
	at com.kms.katalon.core.main.ScriptEngine.run(ScriptEngine.java:194)
	at com.kms.katalon.core.main.ScriptEngine.runScriptAsRawText(ScriptEngine.java:119)
	at com.kms.katalon.core.main.TestCaseExecutor.runScript(TestCaseExecutor.java:337)
	at com.kms.katalon.core.main.TestCaseExecutor.doExecute(TestCaseExecutor.java:328)
	at com.kms.katalon.core.main.TestCaseExecutor.processExecutionPhase(TestCaseExecutor.java:307)
	at com.kms.katalon.core.main.TestCaseExecutor.accessMainPhase(TestCaseExecutor.java:299)
	at com.kms.katalon.core.main.TestCaseExecutor.execute(TestCaseExecutor.java:233)
	at com.kms.katalon.core.main.TestCaseMain.runTestCase(TestCaseMain.java:114)
	at com.kms.katalon.core.keyword.builtin.CallTestCaseKeyword$_callTestCase_closure1.doCall(CallTestCaseKeyword.groovy:59)
	... 20 more
Caused by: com.kms.katalon.core.exception.StepFailedException: Object Object Repository/Borrower/Borrower - Identitas/Borrower_BtnCheckBox not found
	at com.kms.katalon.core.keyword.internal.KeywordMain.stepFailed(KeywordMain.groovy:50)
	at com.kms.katalon.core.mobile.keyword.internal.MobileKeywordMain.stepFailed(MobileKeywordMain.groovy:40)
	at com.kms.katalon.core.mobile.keyword.builtin.TapKeyword$_tap_closure1.doCall(TapKeyword.groovy:79)
	at com.kms.katalon.core.mobile.keyword.builtin.TapKeyword$_tap_closure1.call(TapKeyword.groovy)
	at com.kms.katalon.core.mobile.keyword.internal.MobileKeywordMain.runKeyword(MobileKeywordMain.groovy:21)
	at com.kms.katalon.core.mobile.keyword.builtin.TapKeyword.tap(TapKeyword.groovy:86)
	at com.kms.katalon.core.mobile.keyword.builtin.TapKeyword.execute(TapKeyword.groovy:68)
	at com.kms.katalon.core.keyword.internal.KeywordExecutor.executeKeywordForPlatform(KeywordExecutor.groovy:60)
	at com.kms.katalon.core.mobile.keyword.MobileBuiltInKeywords.tap(MobileBuiltInKeywords.groovy:520)
	at com.kms.katalon.core.mobile.keyword.MobileBuiltInKeywords$tap$1.call(Unknown Source)
	at TC_Borrower - Identitas - MASTER FLOW.run(TC_Borrower - Identitas - MASTER FLOW:52)
	at com.kms.katalon.core.main.ScriptEngine.run(ScriptEngine.java:194)
	at com.kms.katalon.core.main.ScriptEngine.runScriptAsRawText(ScriptEngine.java:119)
	at com.kms.katalon.core.main.TestCaseExecutor.runScript(TestCaseExecutor.java:337)
	at com.kms.katalon.core.main.TestCaseExecutor.doExecute(TestCaseExecutor.java:328)
	at com.kms.katalon.core.main.TestCaseExecutor.processExecutionPhase(TestCaseExecutor.java:307)
	at com.kms.katalon.core.main.TestCaseExecutor.accessMainPhase(TestCaseExecutor.java:299)
	at com.kms.katalon.core.main.TestCaseExecutor.execute(TestCaseExecutor.java:233)
	at com.kms.katalon.core.main.TestCaseMain.runTestCase(TestCaseMain.java:114)
	at com.kms.katalon.core.keyword.builtin.CallTestCaseKeyword$_callTestCase_closure1.doCall(CallTestCaseKeyword.groovy:59)
	... 36 more
"/>
         <system-out><![CDATA[2019-11-27 06:07:15 - [TEST_CASE][FAILED] - Test Cases/Data Entry/TC_Data Entry: Test Cases/Data Entry/TC_Data Entry FAILED.
Reason:
com.kms.katalon.core.exception.StepFailedException: Call Test Case 'Test Cases/Data Entry/Borrower/Flow Borrower' failed
	at com.kms.katalon.core.keyword.builtin.CallTestCaseKeyword$_callTestCase_closure1.doCall(CallTestCaseKeyword.groovy:63)
	at com.kms.katalon.core.keyword.builtin.CallTestCaseKeyword$_callTestCase_closure1.call(CallTestCaseKeyword.groovy)
	at com.kms.katalon.core.keyword.internal.KeywordMain.runKeyword(KeywordMain.groovy:68)
	at com.kms.katalon.core.keyword.builtin.CallTestCaseKeyword.callTestCase(CallTestCaseKeyword.groovy:81)
	at com.kms.katalon.core.keyword.builtin.CallTestCaseKeyword.execute(CallTestCaseKeyword.groovy:44)
	at com.kms.katalon.core.keyword.internal.KeywordExecutor.executeKeywordForPlatform(KeywordExecutor.groovy:60)
	at com.kms.katalon.core.keyword.BuiltinKeywords.callTestCase(BuiltinKeywords.groovy:334)
	at TC_Data Entry.run(TC_Data Entry:42)
	at com.kms.katalon.core.main.ScriptEngine.run(ScriptEngine.java:194)
	at com.kms.katalon.core.main.ScriptEngine.runScriptAsRawText(ScriptEngine.java:119)
	at com.kms.katalon.core.main.TestCaseExecutor.runScript(TestCaseExecutor.java:337)
	at com.kms.katalon.core.main.TestCaseExecutor.doExecute(TestCaseExecutor.java:328)
	at com.kms.katalon.core.main.TestCaseExecutor.processExecutionPhase(TestCaseExecutor.java:307)
	at com.kms.katalon.core.main.TestCaseExecutor.accessMainPhase(TestCaseExecutor.java:299)
	at com.kms.katalon.core.main.TestCaseExecutor.execute(TestCaseExecutor.java:233)
	at com.kms.katalon.core.main.TestSuiteExecutor.accessTestCaseMainPhase(TestSuiteExecutor.java:169)
	at com.kms.katalon.core.main.TestSuiteExecutor.accessTestSuiteMainPhase(TestSuiteExecutor.java:142)
	at com.kms.katalon.core.main.TestSuiteExecutor.execute(TestSuiteExecutor.java:91)
	at com.kms.katalon.core.main.TestCaseMain.startTestSuite(TestCaseMain.java:157)
	at com.kms.katalon.core.main.TestCaseMain$startTestSuite$0.call(Unknown Source)
	at TempTestSuite1574807893706.run(TempTestSuite1574807893706.groovy:36)
Caused by: com.kms.katalon.core.exception.StepFailedException: Call Test Case 'Test Cases/Data Entry/Borrower/Borrower - Identitas/MASTER FLOW/TC_Borrower - Identitas - MASTER FLOW' failed
	at com.kms.katalon.core.keyword.builtin.CallTestCaseKeyword$_callTestCase_closure1.doCall(CallTestCaseKeyword.groovy:63)
	at com.kms.katalon.core.keyword.builtin.CallTestCaseKeyword$_callTestCase_closure1.call(CallTestCaseKeyword.groovy)
	at com.kms.katalon.core.keyword.internal.KeywordMain.runKeyword(KeywordMain.groovy:68)
	at com.kms.katalon.core.keyword.builtin.CallTestCaseKeyword.callTestCase(CallTestCaseKeyword.groovy:81)
	at com.kms.katalon.core.keyword.builtin.CallTestCaseKeyword.execute(CallTestCaseKeyword.groovy:44)
	at com.kms.katalon.core.keyword.internal.KeywordExecutor.executeKeywordForPlatform(KeywordExecutor.groovy:60)
	at com.kms.katalon.core.keyword.BuiltinKeywords.callTestCase(BuiltinKeywords.groovy:334)
	at Flow Borrower.run(Flow Borrower:16)
	at com.kms.katalon.core.main.ScriptEngine.run(ScriptEngine.java:194)
	at com.kms.katalon.core.main.ScriptEngine.runScriptAsRawText(ScriptEngine.java:119)
	at com.kms.katalon.core.main.TestCaseExecutor.runScript(TestCaseExecutor.java:337)
	at com.kms.katalon.core.main.TestCaseExecutor.doExecute(TestCaseExecutor.java:328)
	at com.kms.katalon.core.main.TestCaseExecutor.processExecutionPhase(TestCaseExecutor.java:307)
	at com.kms.katalon.core.main.TestCaseExecutor.accessMainPhase(TestCaseExecutor.java:299)
	at com.kms.katalon.core.main.TestCaseExecutor.execute(TestCaseExecutor.java:233)
	at com.kms.katalon.core.main.TestCaseMain.runTestCase(TestCaseMain.java:114)
	at com.kms.katalon.core.keyword.builtin.CallTestCaseKeyword$_callTestCase_closure1.doCall(CallTestCaseKeyword.groovy:59)
	... 20 more
Caused by: com.kms.katalon.core.exception.StepFailedException: Object Object Repository/Borrower/Borrower - Identitas/Borrower_BtnCheckBox not found
	at com.kms.katalon.core.keyword.internal.KeywordMain.stepFailed(KeywordMain.groovy:50)
	at com.kms.katalon.core.mobile.keyword.internal.MobileKeywordMain.stepFailed(MobileKeywordMain.groovy:40)
	at com.kms.katalon.core.mobile.keyword.builtin.TapKeyword$_tap_closure1.doCall(TapKeyword.groovy:79)
	at com.kms.katalon.core.mobile.keyword.builtin.TapKeyword$_tap_closure1.call(TapKeyword.groovy)
	at com.kms.katalon.core.mobile.keyword.internal.MobileKeywordMain.runKeyword(MobileKeywordMain.groovy:21)
	at com.kms.katalon.core.mobile.keyword.builtin.TapKeyword.tap(TapKeyword.groovy:86)
	at com.kms.katalon.core.mobile.keyword.builtin.TapKeyword.execute(TapKeyword.groovy:68)
	at com.kms.katalon.core.keyword.internal.KeywordExecutor.executeKeywordForPlatform(KeywordExecutor.groovy:60)
	at com.kms.katalon.core.mobile.keyword.MobileBuiltInKeywords.tap(MobileBuiltInKeywords.groovy:520)
	at com.kms.katalon.core.mobile.keyword.MobileBuiltInKeywords$tap$1.call(Unknown Source)
	at TC_Borrower - Identitas - MASTER FLOW.run(TC_Borrower - Identitas - MASTER FLOW:52)
	at com.kms.katalon.core.main.ScriptEngine.run(ScriptEngine.java:194)
	at com.kms.katalon.core.main.ScriptEngine.runScriptAsRawText(ScriptEngine.java:119)
	at com.kms.katalon.core.main.TestCaseExecutor.runScript(TestCaseExecutor.java:337)
	at com.kms.katalon.core.main.TestCaseExecutor.doExecute(TestCaseExecutor.java:328)
	at com.kms.katalon.core.main.TestCaseExecutor.processExecutionPhase(TestCaseExecutor.java:307)
	at com.kms.katalon.core.main.TestCaseExecutor.accessMainPhase(TestCaseExecutor.java:299)
	at com.kms.katalon.core.main.TestCaseExecutor.execute(TestCaseExecutor.java:233)
	at com.kms.katalon.core.main.TestCaseMain.runTestCase(TestCaseMain.java:114)
	at com.kms.katalon.core.keyword.builtin.CallTestCaseKeyword$_callTestCase_closure1.doCall(CallTestCaseKeyword.groovy:59)
	... 36 more


2019-11-27 06:07:15 - [TEST_STEP][PASSED] - callTestCase(findTestCase("dynamic test case/open application"), [:], STOP_ON_FAILURE): Call Test Case 'Test Cases/dynamic test case/open application' successfully

2019-11-27 06:07:15 - [TEST_CASE][PASSED] - Test Cases/dynamic test case/open application: Test Cases/dynamic test case/open application

2019-11-27 06:07:15 - [TEST_STEP][PASSED] - appPath = relativeToAbsolutePath(apkname, getProjectDir()): null

2019-11-27 06:07:15 - [TEST_STEP][PASSED] - startApplication(appPath, false): Started app at: 'C:\Users\15420\git\ACCME-Dupcheck\AccMe.apk'

2019-11-27 06:07:15 - [MESSAGE][INFO] - User set preference: ['unicodeKeyboard', 'true']

2019-11-27 06:07:15 - [MESSAGE][INFO] - User set preference: ['resetKeyboard', 'true']

2019-11-27 06:07:15 - [MESSAGE][INFO] - User set preference: ['deviceId', '']

2019-11-27 06:07:45 - [MESSAGE][PASSED] - Started app at: 'C:\Users\15420\git\ACCME-Dupcheck\AccMe.apk'

2019-11-27 06:07:45 - [MESSAGE][PASSED] - Call Test Case 'Test Cases/dynamic test case/open application' successfully

2019-11-27 06:07:45 - [TEST_STEP][PASSED] - callTestCase(findTestCase("Data Entry/Simulasi Kredit/Simulasi Kredit/MASTER FLOW/TC_Simulasi Kredit - MASTER FLOW"), ["varBrand":varBrand, "varType":varType, "varModel":varModel, "varTahun":varTahun, "varTenor":varTenor, "varOTR":varOTR, "varRP":varRP, ... ], OPTIONAL): Call Test Case 'Test Cases/Data Entry/Simulasi Kredit/Simulasi Kredit/MASTER FLOW/TC_Simulasi Kredit - MASTER FLOW' successfully

2019-11-27 06:07:45 - [TEST_CASE][PASSED] - Test Cases/Data Entry/Simulasi Kredit/Simulasi Kredit/MASTER FLOW/TC_Simulasi Kredit - MASTER FLOW: Test Cases/Data Entry/Simulasi Kredit/Simulasi Kredit/MASTER FLOW/TC_Simulasi Kredit - MASTER FLOW

2019-11-27 06:07:45 - [TEST_STEP][PASSED] - waitForElementPresent(findTestObject("Simulasi Kredit/Simulasi Kredit - Simulasi Kredit/SimulasiKredit_Btn Simulasi Kredit"), 0): Element 'Object Repository/Simulasi Kredit/Simulasi Kredit - Simulasi Kredit/SimulasiKredit_Btn Simulasi Kredit' is present

2019-11-27 06:07:45 - [MESSAGE][WARNING] - Timeout '0' is invalid. Using default page load timeout: '30'

2019-11-27 06:07:56 - [MESSAGE][PASSED] - Element 'Object Repository/Simulasi Kredit/Simulasi Kredit - Simulasi Kredit/SimulasiKredit_Btn Simulasi Kredit' is present

2019-11-27 06:07:56 - [TEST_STEP][PASSED] - tap(findTestObject("Simulasi Kredit/Simulasi Kredit - Simulasi Kredit/SimulasiKredit_Btn Simulasi Kredit"), 0): Tapped on element 'Object Repository/Simulasi Kredit/Simulasi Kredit - Simulasi Kredit/SimulasiKredit_Btn Simulasi Kredit'

2019-11-27 06:07:56 - [MESSAGE][WARNING] - Timeout '0' is invalid. Using default page load timeout: '30'

2019-11-27 06:07:58 - [MESSAGE][PASSED] - Tapped on element 'Object Repository/Simulasi Kredit/Simulasi Kredit - Simulasi Kredit/SimulasiKredit_Btn Simulasi Kredit'

2019-11-27 06:07:58 - [TEST_STEP][PASSED] - if (varPembiayaan == "NewCar"): Tapped on element 'Object Repository/Simulasi Kredit/Simulasi Kredit - Simulasi Kredit/SimulasiKredit_new car'

2019-11-27 06:07:58 - [TEST_STEP][PASSED] - tap(findTestObject("Simulasi Kredit/Simulasi Kredit - Simulasi Kredit/SimulasiKredit_new car"), 0): Tapped on element 'Object Repository/Simulasi Kredit/Simulasi Kredit - Simulasi Kredit/SimulasiKredit_new car'

2019-11-27 06:07:58 - [MESSAGE][WARNING] - Timeout '0' is invalid. Using default page load timeout: '30'

2019-11-27 06:08:02 - [MESSAGE][PASSED] - Tapped on element 'Object Repository/Simulasi Kredit/Simulasi Kredit - Simulasi Kredit/SimulasiKredit_new car'

2019-11-27 06:08:02 - [TEST_STEP][PASSED] - if (varPembiayaan == "UsedCar"): null

2019-11-27 06:08:02 - [TEST_STEP][PASSED] - if (varTipepembiayaan == "syariah"): null

2019-11-27 06:08:02 - [TEST_STEP][PASSED] - if (varTipepembiayaan == "konvensional"): null

2019-11-27 06:08:02 - [TEST_STEP][PASSED] - if (varkodepaket == "ya"): null

2019-11-27 06:08:02 - [TEST_STEP][PASSED] - setText(findTestObject("Simulasi Kredit/Simulasi Kredit - Simulasi Kredit/SimulasiKredit_Inp Brand"), varBrand, 0): Text 'DAIHATSU' has been set to element 'Object Repository/Simulasi Kredit/Simulasi Kredit - Simulasi Kredit/SimulasiKredit_Inp Brand'

2019-11-27 06:08:02 - [MESSAGE][WARNING] - Timeout '0' is invalid. Using default page load timeout: '30'

2019-11-27 06:08:03 - [MESSAGE][PASSED] - Text 'DAIHATSU' has been set to element 'Object Repository/Simulasi Kredit/Simulasi Kredit - Simulasi Kredit/SimulasiKredit_Inp Brand'

2019-11-27 06:08:03 - [TEST_STEP][PASSED] - tap(findTestObject("Simulasi Kredit/Simulasi Kredit - Simulasi Kredit/SimulasiKredit_Inp Brand"), 0): Tapped on element 'Object Repository/Simulasi Kredit/Simulasi Kredit - Simulasi Kredit/SimulasiKredit_Inp Brand'

2019-11-27 06:08:03 - [MESSAGE][WARNING] - Timeout '0' is invalid. Using default page load timeout: '30'

2019-11-27 06:08:07 - [MESSAGE][PASSED] - Tapped on element 'Object Repository/Simulasi Kredit/Simulasi Kredit - Simulasi Kredit/SimulasiKredit_Inp Brand'

2019-11-27 06:08:07 - [TEST_STEP][PASSED] - tap(findTestObject("dynamic object/pickListItem_viewView", ["text":varBrand]), 0): Tapped on element 'Object Repository/dynamic object/pickListItem_viewView'

2019-11-27 06:08:07 - [MESSAGE][WARNING] - Timeout '0' is invalid. Using default page load timeout: '30'

2019-11-27 06:08:10 - [MESSAGE][PASSED] - Tapped on element 'Object Repository/dynamic object/pickListItem_viewView'

2019-11-27 06:08:10 - [TEST_STEP][PASSED] - tap(findTestObject("Simulasi Kredit/Simulasi Kredit - Simulasi Kredit/SimulasiKredit_Inp Type"), 0): Tapped on element 'Object Repository/Simulasi Kredit/Simulasi Kredit - Simulasi Kredit/SimulasiKredit_Inp Type'

2019-11-27 06:08:10 - [MESSAGE][WARNING] - Timeout '0' is invalid. Using default page load timeout: '30'

2019-11-27 06:08:13 - [MESSAGE][PASSED] - Tapped on element 'Object Repository/Simulasi Kredit/Simulasi Kredit - Simulasi Kredit/SimulasiKredit_Inp Type'

2019-11-27 06:08:13 - [TEST_STEP][PASSED] - setText(findTestObject("Simulasi Kredit/Simulasi Kredit - Simulasi Kredit/SimulasiKredit_Inp Type"), varType, 0): Text 'XENIA (AIR BAG)' has been set to element 'Object Repository/Simulasi Kredit/Simulasi Kredit - Simulasi Kredit/SimulasiKredit_Inp Type'

2019-11-27 06:08:13 - [MESSAGE][WARNING] - Timeout '0' is invalid. Using default page load timeout: '30'

2019-11-27 06:08:15 - [MESSAGE][PASSED] - Text 'XENIA (AIR BAG)' has been set to element 'Object Repository/Simulasi Kredit/Simulasi Kredit - Simulasi Kredit/SimulasiKredit_Inp Type'

2019-11-27 06:08:15 - [TEST_STEP][PASSED] - delay(3): Delayed 3 second(s)

2019-11-27 06:08:18 - [MESSAGE][PASSED] - Delayed 3 second(s)

2019-11-27 06:08:18 - [TEST_STEP][PASSED] - tap(findTestObject("Simulasi Kredit/Simulasi Kredit - Simulasi Kredit/SimulasiKredit_Inp Type"), 0): Tapped on element 'Object Repository/Simulasi Kredit/Simulasi Kredit - Simulasi Kredit/SimulasiKredit_Inp Type'

2019-11-27 06:08:18 - [MESSAGE][WARNING] - Timeout '0' is invalid. Using default page load timeout: '30'

2019-11-27 06:08:20 - [MESSAGE][PASSED] - Tapped on element 'Object Repository/Simulasi Kredit/Simulasi Kredit - Simulasi Kredit/SimulasiKredit_Inp Type'

2019-11-27 06:08:20 - [TEST_STEP][PASSED] - tap(findTestObject("Simulasi Kredit/Simulasi Kredit - Simulasi Kredit/SimulasiKredit_Inp Type LOV"), 0): Tapped on element 'Object Repository/Simulasi Kredit/Simulasi Kredit - Simulasi Kredit/SimulasiKredit_Inp Type LOV'

2019-11-27 06:08:20 - [MESSAGE][WARNING] - Timeout '0' is invalid. Using default page load timeout: '30'

2019-11-27 06:08:23 - [MESSAGE][PASSED] - Tapped on element 'Object Repository/Simulasi Kredit/Simulasi Kredit - Simulasi Kredit/SimulasiKredit_Inp Type LOV'

2019-11-27 06:08:23 - [TEST_STEP][PASSED] - mobile.mobileSwipe.UpDown(0.8, 0.5, 1000): mobile.mobileSwipe.UpDown is PASSED

2019-11-27 06:08:24 - [MESSAGE][PASSED] - Current device physical height is 2131

2019-11-27 06:08:24 - [MESSAGE][INFO] - Device Height : 2131

2019-11-27 06:08:25 - [MESSAGE][PASSED] - Current device physical width is 1080

2019-11-27 06:08:25 - [MESSAGE][INFO] - Device Width : 1080

2019-11-27 06:08:25 - [MESSAGE][INFO] - Swipe start at Height : 1704

2019-11-27 06:08:25 - [MESSAGE][INFO] - Swipe end at Height : 1065

2019-11-27 06:08:25 - [MESSAGE][INFO] - X Position : 1000

2019-11-27 06:08:27 - [MESSAGE][PASSED] - Swiped from 1,000,1,704 to 1,000,1,065

2019-11-27 06:08:27 - [MESSAGE][PASSED] - mobile.mobileSwipe.UpDown is PASSED

2019-11-27 06:08:27 - [TEST_STEP][PASSED] - tap(findTestObject("Simulasi Kredit/Simulasi Kredit - Simulasi Kredit/SimulasiKredit_Inp Model"), 0): Tapped on element 'Object Repository/Simulasi Kredit/Simulasi Kredit - Simulasi Kredit/SimulasiKredit_Inp Model'

2019-11-27 06:08:28 - [MESSAGE][WARNING] - Timeout '0' is invalid. Using default page load timeout: '30'

2019-11-27 06:08:30 - [MESSAGE][PASSED] - Tapped on element 'Object Repository/Simulasi Kredit/Simulasi Kredit - Simulasi Kredit/SimulasiKredit_Inp Model'

2019-11-27 06:08:30 - [TEST_STEP][PASSED] - scrollToText(varModel, STOP_ON_FAILURE): Scrolling to text '1.3X DG M/T' successfully

2019-11-27 06:08:35 - [MESSAGE][PASSED] - Scrolling to text '1.3X DG M/T' successfully

2019-11-27 06:08:35 - [TEST_STEP][PASSED] - tap(findTestObject("dynamic object/pickListItem_checkedTextView", ["text":varModel]), 0): Tapped on element 'Object Repository/dynamic object/pickListItem_checkedTextView'

2019-11-27 06:08:35 - [MESSAGE][WARNING] - Timeout '0' is invalid. Using default page load timeout: '30'

2019-11-27 06:08:36 - [MESSAGE][PASSED] - Tapped on element 'Object Repository/dynamic object/pickListItem_checkedTextView'

2019-11-27 06:08:36 - [TEST_STEP][PASSED] - tap(findTestObject("Simulasi Kredit/Simulasi Kredit - Simulasi Kredit/SimulasiKredit_Tahun"), 0): Tapped on element 'Object Repository/Simulasi Kredit/Simulasi Kredit - Simulasi Kredit/SimulasiKredit_Tahun'

2019-11-27 06:08:36 - [MESSAGE][WARNING] - Timeout '0' is invalid. Using default page load timeout: '30'

2019-11-27 06:08:39 - [MESSAGE][PASSED] - Tapped on element 'Object Repository/Simulasi Kredit/Simulasi Kredit - Simulasi Kredit/SimulasiKredit_Tahun'

2019-11-27 06:08:39 - [TEST_STEP][PASSED] - scrollToText(varTahun, STOP_ON_FAILURE): Scrolling to text '2018' successfully

2019-11-27 06:08:40 - [MESSAGE][PASSED] - Scrolling to text '2018' successfully

2019-11-27 06:08:40 - [TEST_STEP][PASSED] - tap(findTestObject("dynamic object/pickListItem_checkedTextView", ["text":varTahun]), 0): Tapped on element 'Object Repository/dynamic object/pickListItem_checkedTextView'

2019-11-27 06:08:40 - [MESSAGE][WARNING] - Timeout '0' is invalid. Using default page load timeout: '30'

2019-11-27 06:08:42 - [MESSAGE][PASSED] - Tapped on element 'Object Repository/dynamic object/pickListItem_checkedTextView'

2019-11-27 06:08:42 - [TEST_STEP][PASSED] - tap(findTestObject("Simulasi Kredit/Simulasi Kredit - Simulasi Kredit/SimulasiKredit_Tenor"), 0): Tapped on element 'Object Repository/Simulasi Kredit/Simulasi Kredit - Simulasi Kredit/SimulasiKredit_Tenor'

2019-11-27 06:08:42 - [MESSAGE][WARNING] - Timeout '0' is invalid. Using default page load timeout: '30'

2019-11-27 06:08:44 - [MESSAGE][PASSED] - Tapped on element 'Object Repository/Simulasi Kredit/Simulasi Kredit - Simulasi Kredit/SimulasiKredit_Tenor'

2019-11-27 06:08:44 - [TEST_STEP][PASSED] - tap(findTestObject("dynamic object/pickListItem_checkedTextView", ["text":varTenor]), 0): Tapped on element 'Object Repository/dynamic object/pickListItem_checkedTextView'

2019-11-27 06:08:44 - [MESSAGE][WARNING] - Timeout '0' is invalid. Using default page load timeout: '30'

2019-11-27 06:08:46 - [MESSAGE][PASSED] - Tapped on element 'Object Repository/dynamic object/pickListItem_checkedTextView'

2019-11-27 06:08:46 - [TEST_STEP][PASSED] - setText(findTestObject("Simulasi Kredit/Simulasi Kredit - Simulasi Kredit/SimulasiKredit_Inp OTR"), varOTR, 0): Text '163250000' has been set to element 'Object Repository/Simulasi Kredit/Simulasi Kredit - Simulasi Kredit/SimulasiKredit_Inp OTR'

2019-11-27 06:08:46 - [MESSAGE][WARNING] - Timeout '0' is invalid. Using default page load timeout: '30'

2019-11-27 06:08:48 - [MESSAGE][PASSED] - Text '163250000' has been set to element 'Object Repository/Simulasi Kredit/Simulasi Kredit - Simulasi Kredit/SimulasiKredit_Inp OTR'

2019-11-27 06:08:48 - [TEST_STEP][PASSED] - setText(findTestObject("Simulasi Kredit/Simulasi Kredit - Simulasi Kredit/SimulasiKredit_Inp RP"), varRP, 0): Text '40850000' has been set to element 'Object Repository/Simulasi Kredit/Simulasi Kredit - Simulasi Kredit/SimulasiKredit_Inp RP'

2019-11-27 06:08:49 - [MESSAGE][WARNING] - Timeout '0' is invalid. Using default page load timeout: '30'

2019-11-27 06:08:52 - [MESSAGE][PASSED] - Text '40850000' has been set to element 'Object Repository/Simulasi Kredit/Simulasi Kredit - Simulasi Kredit/SimulasiKredit_Inp RP'

2019-11-27 06:08:52 - [TEST_STEP][PASSED] - mobile.mobileSwipe.UpDown(0.5, 0.2, 1000): mobile.mobileSwipe.UpDown is PASSED

2019-11-27 06:08:53 - [MESSAGE][PASSED] - Current device physical height is 2131

2019-11-27 06:08:53 - [MESSAGE][INFO] - Device Height : 2131

2019-11-27 06:08:54 - [MESSAGE][PASSED] - Current device physical width is 1080

2019-11-27 06:08:54 - [MESSAGE][INFO] - Device Width : 1080

2019-11-27 06:08:54 - [MESSAGE][INFO] - Swipe start at Height : 1065

2019-11-27 06:08:54 - [MESSAGE][INFO] - Swipe end at Height : 426

2019-11-27 06:08:54 - [MESSAGE][INFO] - X Position : 1000

2019-11-27 06:08:56 - [MESSAGE][PASSED] - Swiped from 1,000,1,065 to 1,000,426

2019-11-27 06:08:56 - [MESSAGE][PASSED] - mobile.mobileSwipe.UpDown is PASSED

2019-11-27 06:08:56 - [TEST_STEP][PASSED] - setText(findTestObject("Simulasi Kredit/Simulasi Kredit - Simulasi Kredit/SimulasiKredit_Inp Dealer"), varDealer, 0): Text 'ARMADA AUTO T-JKT PONDOK BAMBU' has been set to element 'Object Repository/Simulasi Kredit/Simulasi Kredit - Simulasi Kredit/SimulasiKredit_Inp Dealer'

2019-11-27 06:08:56 - [MESSAGE][WARNING] - Timeout '0' is invalid. Using default page load timeout: '30'

2019-11-27 06:08:57 - [MESSAGE][PASSED] - Text 'ARMADA AUTO T-JKT PONDOK BAMBU' has been set to element 'Object Repository/Simulasi Kredit/Simulasi Kredit - Simulasi Kredit/SimulasiKredit_Inp Dealer'

2019-11-27 06:08:57 - [TEST_STEP][PASSED] - tap(findTestObject("Simulasi Kredit/Simulasi Kredit - Simulasi Kredit/SimulasiKredit_Inp Dealer"), 0): Tapped on element 'Object Repository/Simulasi Kredit/Simulasi Kredit - Simulasi Kredit/SimulasiKredit_Inp Dealer'

2019-11-27 06:08:57 - [MESSAGE][WARNING] - Timeout '0' is invalid. Using default page load timeout: '30'

2019-11-27 06:09:01 - [MESSAGE][PASSED] - Tapped on element 'Object Repository/Simulasi Kredit/Simulasi Kredit - Simulasi Kredit/SimulasiKredit_Inp Dealer'

2019-11-27 06:09:01 - [TEST_STEP][PASSED] - clearText(findTestObject("Simulasi Kredit/Simulasi Kredit - Simulasi Kredit/SimulasiKredit_Inp Dealer"), 0): Element 'Object Repository/Simulasi Kredit/Simulasi Kredit - Simulasi Kredit/SimulasiKredit_Inp Dealer' text is cleared

2019-11-27 06:09:01 - [MESSAGE][WARNING] - Timeout '0' is invalid. Using default page load timeout: '30'

2019-11-27 06:09:03 - [MESSAGE][PASSED] - Element 'Object Repository/Simulasi Kredit/Simulasi Kredit - Simulasi Kredit/SimulasiKredit_Inp Dealer' text is cleared

2019-11-27 06:09:03 - [TEST_STEP][PASSED] - setText(findTestObject("Simulasi Kredit/Simulasi Kredit - Simulasi Kredit/SimulasiKredit_Inp Dealer"), varDealer, 0): Text 'ARMADA AUTO T-JKT PONDOK BAMBU' has been set to element 'Object Repository/Simulasi Kredit/Simulasi Kredit - Simulasi Kredit/SimulasiKredit_Inp Dealer'

2019-11-27 06:09:03 - [MESSAGE][WARNING] - Timeout '0' is invalid. Using default page load timeout: '30'

2019-11-27 06:09:04 - [MESSAGE][PASSED] - Text 'ARMADA AUTO T-JKT PONDOK BAMBU' has been set to element 'Object Repository/Simulasi Kredit/Simulasi Kredit - Simulasi Kredit/SimulasiKredit_Inp Dealer'

2019-11-27 06:09:04 - [TEST_STEP][PASSED] - delay(4, STOP_ON_FAILURE): Delayed 4 second(s)

2019-11-27 06:09:08 - [MESSAGE][PASSED] - Delayed 4 second(s)

2019-11-27 06:09:08 - [TEST_STEP][PASSED] - tap(findTestObject("Simulasi Kredit/Simulasi Kredit - Simulasi Kredit/SimulasiKredit_LOV Dealer"), 0): Tapped on element 'Object Repository/Simulasi Kredit/Simulasi Kredit - Simulasi Kredit/SimulasiKredit_LOV Dealer'

2019-11-27 06:09:08 - [MESSAGE][WARNING] - Timeout '0' is invalid. Using default page load timeout: '30'

2019-11-27 06:09:11 - [MESSAGE][PASSED] - Tapped on element 'Object Repository/Simulasi Kredit/Simulasi Kredit - Simulasi Kredit/SimulasiKredit_LOV Dealer'

2019-11-27 06:09:11 - [TEST_STEP][PASSED] - setText(findTestObject("Simulasi Kredit/Simulasi Kredit - Simulasi Kredit/SimulasiKredit_Inp Sales Dealer"), varSales, 0): Text 'ABD RAJAK' has been set to element 'Object Repository/Simulasi Kredit/Simulasi Kredit - Simulasi Kredit/SimulasiKredit_Inp Sales Dealer'

2019-11-27 06:09:11 - [MESSAGE][WARNING] - Timeout '0' is invalid. Using default page load timeout: '30'

2019-11-27 06:09:12 - [MESSAGE][PASSED] - Text 'ABD RAJAK' has been set to element 'Object Repository/Simulasi Kredit/Simulasi Kredit - Simulasi Kredit/SimulasiKredit_Inp Sales Dealer'

2019-11-27 06:09:12 - [TEST_STEP][PASSED] - tap(findTestObject("Simulasi Kredit/Simulasi Kredit - Simulasi Kredit/SimulasiKredit_Inp Sales Dealer"), 0): Tapped on element 'Object Repository/Simulasi Kredit/Simulasi Kredit - Simulasi Kredit/SimulasiKredit_Inp Sales Dealer'

2019-11-27 06:09:12 - [MESSAGE][WARNING] - Timeout '0' is invalid. Using default page load timeout: '30'

2019-11-27 06:09:18 - [MESSAGE][PASSED] - Tapped on element 'Object Repository/Simulasi Kredit/Simulasi Kredit - Simulasi Kredit/SimulasiKredit_Inp Sales Dealer'

2019-11-27 06:09:18 - [TEST_STEP][PASSED] - tap(findTestObject("Simulasi Kredit/Simulasi Kredit - Simulasi Kredit/SimulasiKredit_LOV Sales Dealer"), 0): Tapped on element 'Object Repository/Simulasi Kredit/Simulasi Kredit - Simulasi Kredit/SimulasiKredit_LOV Sales Dealer'

2019-11-27 06:09:18 - [MESSAGE][WARNING] - Timeout '0' is invalid. Using default page load timeout: '30'

2019-11-27 06:09:22 - [MESSAGE][PASSED] - Tapped on element 'Object Repository/Simulasi Kredit/Simulasi Kredit - Simulasi Kredit/SimulasiKredit_LOV Sales Dealer'

2019-11-27 06:09:22 - [TEST_STEP][PASSED] - tap(findTestObject("Simulasi Kredit/Simulasi Kredit - Simulasi Kredit/SimulasiKredit_Btn Hitung"), 0): Tapped on element 'Object Repository/Simulasi Kredit/Simulasi Kredit - Simulasi Kredit/SimulasiKredit_Btn Hitung'

2019-11-27 06:09:22 - [MESSAGE][WARNING] - Timeout '0' is invalid. Using default page load timeout: '30'

2019-11-27 06:09:26 - [MESSAGE][PASSED] - Tapped on element 'Object Repository/Simulasi Kredit/Simulasi Kredit - Simulasi Kredit/SimulasiKredit_Btn Hitung'

2019-11-27 06:09:26 - [TEST_STEP][PASSED] - delay(20, STOP_ON_FAILURE): Delayed 20 second(s)

2019-11-27 06:09:46 - [MESSAGE][PASSED] - Delayed 20 second(s)

2019-11-27 06:09:46 - [TEST_STEP][PASSED] - tap(findTestObject("Simulasi Kredit/Simulasi Kredit - Simulasi Kredit/SimulasiKredit_Btn Berikutnya"), 0): Tapped on element 'Object Repository/Simulasi Kredit/Simulasi Kredit - Simulasi Kredit/SimulasiKredit_Btn Berikutnya'

2019-11-27 06:09:46 - [MESSAGE][WARNING] - Timeout '0' is invalid. Using default page load timeout: '30'

2019-11-27 06:09:48 - [MESSAGE][PASSED] - Tapped on element 'Object Repository/Simulasi Kredit/Simulasi Kredit - Simulasi Kredit/SimulasiKredit_Btn Berikutnya'

2019-11-27 06:09:48 - [TEST_STEP][PASSED] - delay(1, STOP_ON_FAILURE): Delayed 1 second(s)

2019-11-27 06:09:49 - [MESSAGE][PASSED] - Delayed 1 second(s)

2019-11-27 06:09:49 - [TEST_STEP][PASSED] - waitForElementPresent(findTestObject("Simulasi Kredit/Simulasi Kredit - Asuransi/Asuransi_Nama Asuransi"), 0): Object Object Repository/Simulasi Kredit/Simulasi Kredit - Asuransi/Asuransi_Nama Asuransi not found

2019-11-27 06:09:49 - [MESSAGE][WARNING] - Timeout '0' is invalid. Using default page load timeout: '30'

2019-11-27 06:10:19 - [MESSAGE][WARNING] - Object Object Repository/Simulasi Kredit/Simulasi Kredit - Asuransi/Asuransi_Nama Asuransi not found

2019-11-27 06:10:19 - [MESSAGE][PASSED] - Call Test Case 'Test Cases/Data Entry/Simulasi Kredit/Simulasi Kredit/MASTER FLOW/TC_Simulasi Kredit - MASTER FLOW' successfully

2019-11-27 06:10:19 - [TEST_STEP][PASSED] - callTestCase(findTestCase("Data Entry/Simulasi Kredit/Simulasi Kredit - Asuransi/MASTER FLOW/TC_Asuransi - MASTER FLOW"), ["varAsuransi":varAsuransi, "varKodeWilayah":varKodeWilayah], STOP_ON_FAILURE): Call Test Case 'Test Cases/Data Entry/Simulasi Kredit/Simulasi Kredit - Asuransi/MASTER FLOW/TC_Asuransi - MASTER FLOW' successfully

2019-11-27 06:10:19 - [TEST_CASE][PASSED] - Test Cases/Data Entry/Simulasi Kredit/Simulasi Kredit - Asuransi/MASTER FLOW/TC_Asuransi - MASTER FLOW: Test Cases/Data Entry/Simulasi Kredit/Simulasi Kredit - Asuransi/MASTER FLOW/TC_Asuransi - MASTER FLOW

2019-11-27 06:10:19 - [TEST_STEP][PASSED] - delay(2, STOP_ON_FAILURE): Delayed 2 second(s)

2019-11-27 06:10:21 - [MESSAGE][PASSED] - Delayed 2 second(s)

2019-11-27 06:10:21 - [TEST_STEP][PASSED] - tap(findTestObject("Simulasi Kredit/Simulasi Kredit - Asuransi/Asuransi_Nama Asuransi"), 0): Tapped on element 'Object Repository/Simulasi Kredit/Simulasi Kredit - Asuransi/Asuransi_Nama Asuransi'

2019-11-27 06:10:21 - [MESSAGE][WARNING] - Timeout '0' is invalid. Using default page load timeout: '30'

2019-11-27 06:10:37 - [MESSAGE][PASSED] - Tapped on element 'Object Repository/Simulasi Kredit/Simulasi Kredit - Asuransi/Asuransi_Nama Asuransi'

2019-11-27 06:10:37 - [TEST_STEP][PASSED] - setText(findTestObject("Simulasi Kredit/Simulasi Kredit - Asuransi/Asuransi_Nama Asuransi"), varAsuransi, 0): Text 'PT AAB REGULER OJK 2017(305001)' has been set to element 'Object Repository/Simulasi Kredit/Simulasi Kredit - Asuransi/Asuransi_Nama Asuransi'

2019-11-27 06:10:37 - [MESSAGE][WARNING] - Timeout '0' is invalid. Using default page load timeout: '30'

2019-11-27 06:10:40 - [MESSAGE][PASSED] - Text 'PT AAB REGULER OJK 2017(305001)' has been set to element 'Object Repository/Simulasi Kredit/Simulasi Kredit - Asuransi/Asuransi_Nama Asuransi'

2019-11-27 06:10:40 - [TEST_STEP][PASSED] - tap(findTestObject("Simulasi Kredit/Simulasi Kredit - Asuransi/Asuransi_LOV Nama Asuransi"), 0): Tapped on element 'Object Repository/Simulasi Kredit/Simulasi Kredit - Asuransi/Asuransi_LOV Nama Asuransi'

2019-11-27 06:10:40 - [MESSAGE][WARNING] - Timeout '0' is invalid. Using default page load timeout: '30'

2019-11-27 06:10:44 - [MESSAGE][PASSED] - Tapped on element 'Object Repository/Simulasi Kredit/Simulasi Kredit - Asuransi/Asuransi_LOV Nama Asuransi'

2019-11-27 06:10:44 - [TEST_STEP][PASSED] - delay(1, STOP_ON_FAILURE): Delayed 1 second(s)

2019-11-27 06:10:45 - [MESSAGE][PASSED] - Delayed 1 second(s)

2019-11-27 06:10:45 - [TEST_STEP][PASSED] - tap(findTestObject("Simulasi Kredit/Simulasi Kredit - Asuransi/Asuransi_KDWilayah"), 0): Tapped on element 'Object Repository/Simulasi Kredit/Simulasi Kredit - Asuransi/Asuransi_KDWilayah'

2019-11-27 06:10:45 - [MESSAGE][WARNING] - Timeout '0' is invalid. Using default page load timeout: '30'

2019-11-27 06:10:47 - [MESSAGE][PASSED] - Tapped on element 'Object Repository/Simulasi Kredit/Simulasi Kredit - Asuransi/Asuransi_KDWilayah'

2019-11-27 06:10:47 - [TEST_STEP][PASSED] - tap(findTestObject("dynamic object/pickListItem_checkedTextView", ["text":varKodeWilayah]), 0): Tapped on element 'Object Repository/dynamic object/pickListItem_checkedTextView'

2019-11-27 06:10:47 - [MESSAGE][WARNING] - Timeout '0' is invalid. Using default page load timeout: '30'

2019-11-27 06:10:49 - [MESSAGE][PASSED] - Tapped on element 'Object Repository/dynamic object/pickListItem_checkedTextView'

2019-11-27 06:10:49 - [TEST_STEP][PASSED] - tap(findTestObject("Simulasi Kredit/Simulasi Kredit - Asuransi/asuransi_BtnARPlus"), 0): Tapped on element 'Object Repository/Simulasi Kredit/Simulasi Kredit - Asuransi/asuransi_BtnARPlus'

2019-11-27 06:10:49 - [MESSAGE][WARNING] - Timeout '0' is invalid. Using default page load timeout: '30'

2019-11-27 06:10:51 - [MESSAGE][PASSED] - Tapped on element 'Object Repository/Simulasi Kredit/Simulasi Kredit - Asuransi/asuransi_BtnARPlus'

2019-11-27 06:10:51 - [TEST_STEP][PASSED] - tap(findTestObject("Simulasi Kredit/Simulasi Kredit - Asuransi/asuransi_BtnCashPlus"), 0): Tapped on element 'Object Repository/Simulasi Kredit/Simulasi Kredit - Asuransi/asuransi_BtnCashPlus'

2019-11-27 06:10:51 - [MESSAGE][WARNING] - Timeout '0' is invalid. Using default page load timeout: '30'

2019-11-27 06:10:53 - [MESSAGE][PASSED] - Tapped on element 'Object Repository/Simulasi Kredit/Simulasi Kredit - Asuransi/asuransi_BtnCashPlus'

2019-11-27 06:10:53 - [TEST_STEP][PASSED] - delay(2, STOP_ON_FAILURE): Delayed 2 second(s)

2019-11-27 06:10:55 - [MESSAGE][PASSED] - Delayed 2 second(s)

2019-11-27 06:10:55 - [TEST_STEP][PASSED] - tap(findTestObject("Simulasi Kredit/Simulasi Kredit - Asuransi/Asuransi_Hitung"), 0): Tapped on element 'Object Repository/Simulasi Kredit/Simulasi Kredit - Asuransi/Asuransi_Hitung'

2019-11-27 06:10:55 - [MESSAGE][WARNING] - Timeout '0' is invalid. Using default page load timeout: '30'

2019-11-27 06:10:58 - [MESSAGE][PASSED] - Tapped on element 'Object Repository/Simulasi Kredit/Simulasi Kredit - Asuransi/Asuransi_Hitung'

2019-11-27 06:10:58 - [TEST_STEP][PASSED] - delay(40, STOP_ON_FAILURE): Delayed 40 second(s)

2019-11-27 06:11:38 - [MESSAGE][PASSED] - Delayed 40 second(s)

2019-11-27 06:11:38 - [TEST_STEP][PASSED] - tap(findTestObject("Simulasi Kredit/Simulasi Kredit - Asuransi/Asuransi_Berikutnya"), 0): Tapped on element 'Object Repository/Simulasi Kredit/Simulasi Kredit - Asuransi/Asuransi_Berikutnya'

2019-11-27 06:11:38 - [MESSAGE][WARNING] - Timeout '0' is invalid. Using default page load timeout: '30'

2019-11-27 06:11:40 - [MESSAGE][PASSED] - Tapped on element 'Object Repository/Simulasi Kredit/Simulasi Kredit - Asuransi/Asuransi_Berikutnya'

2019-11-27 06:11:40 - [MESSAGE][PASSED] - Call Test Case 'Test Cases/Data Entry/Simulasi Kredit/Simulasi Kredit - Asuransi/MASTER FLOW/TC_Asuransi - MASTER FLOW' successfully

2019-11-27 06:11:40 - [TEST_STEP][PASSED] - callTestCase(findTestCase("Data Entry/Simulasi Kredit/Kategori Loan/MASTER FLOW/TC_Kategori Loan - Master FLOW"), ["varOpsiNPWP":varOpsiNPWP], STOP_ON_FAILURE): Call Test Case 'Test Cases/Data Entry/Simulasi Kredit/Kategori Loan/MASTER FLOW/TC_Kategori Loan - Master FLOW' successfully

2019-11-27 06:11:40 - [TEST_CASE][PASSED] - Test Cases/Data Entry/Simulasi Kredit/Kategori Loan/MASTER FLOW/TC_Kategori Loan - Master FLOW: Test Cases/Data Entry/Simulasi Kredit/Kategori Loan/MASTER FLOW/TC_Kategori Loan - Master FLOW

2019-11-27 06:11:40 - [TEST_STEP][PASSED] - switch (varOpsiNPWP.toString()): null

2019-11-27 06:11:40 - [TEST_STEP][PASSED] - case "Approval":: null

2019-11-27 06:11:40 - [TEST_STEP][PASSED] - tap(findTestObject("Simulasi Kredit/Simulasi Kredit - Kategori Loan/KategoriLoan_Opsi NPWP Approval"), 0): Tapped on element 'Object Repository/Simulasi Kredit/Simulasi Kredit - Kategori Loan/KategoriLoan_Opsi NPWP Approval'

2019-11-27 06:11:40 - [MESSAGE][WARNING] - Timeout '0' is invalid. Using default page load timeout: '30'

2019-11-27 06:11:44 - [MESSAGE][PASSED] - Tapped on element 'Object Repository/Simulasi Kredit/Simulasi Kredit - Kategori Loan/KategoriLoan_Opsi NPWP Approval'

2019-11-27 06:11:44 - [TEST_STEP][PASSED] - break: null

2019-11-27 06:11:44 - [TEST_STEP][PASSED] - delay(2, STOP_ON_FAILURE): Delayed 2 second(s)

2019-11-27 06:11:46 - [MESSAGE][PASSED] - Delayed 2 second(s)

2019-11-27 06:11:46 - [TEST_STEP][PASSED] - tap(findTestObject("Simulasi Kredit/Simulasi Kredit - Kategori Loan/KategoriLoan_Berikutnya"), 0): Tapped on element 'Object Repository/Simulasi Kredit/Simulasi Kredit - Kategori Loan/KategoriLoan_Berikutnya'

2019-11-27 06:11:46 - [MESSAGE][WARNING] - Timeout '0' is invalid. Using default page load timeout: '30'

2019-11-27 06:11:48 - [MESSAGE][PASSED] - Tapped on element 'Object Repository/Simulasi Kredit/Simulasi Kredit - Kategori Loan/KategoriLoan_Berikutnya'

2019-11-27 06:11:48 - [MESSAGE][PASSED] - Call Test Case 'Test Cases/Data Entry/Simulasi Kredit/Kategori Loan/MASTER FLOW/TC_Kategori Loan - Master FLOW' successfully

2019-11-27 06:11:48 - [TEST_STEP][PASSED] - callTestCase(findTestCase("Data Entry/Simulasi Kredit/Loan Detail/MASTER FLOW/TC_Loan Detail - MASTER FLOW"), [:], STOP_ON_FAILURE): Call Test Case 'Test Cases/Data Entry/Simulasi Kredit/Loan Detail/MASTER FLOW/TC_Loan Detail - MASTER FLOW' successfully

2019-11-27 06:11:48 - [TEST_CASE][PASSED] - Test Cases/Data Entry/Simulasi Kredit/Loan Detail/MASTER FLOW/TC_Loan Detail - MASTER FLOW: Test Cases/Data Entry/Simulasi Kredit/Loan Detail/MASTER FLOW/TC_Loan Detail - MASTER FLOW

2019-11-27 06:11:48 - [TEST_STEP][PASSED] - mobile.mobileSwipe.RightLeft(0.9, 0.5, 600): mobile.mobileSwipe.RightLeft is PASSED

2019-11-27 06:11:49 - [MESSAGE][PASSED] - Current device physical width is 1080

2019-11-27 06:11:50 - [MESSAGE][PASSED] - Current device physical height is 2131

2019-11-27 06:11:50 - [MESSAGE][INFO] - Device Height : 2131

2019-11-27 06:11:50 - [MESSAGE][INFO] - Device Width : 1080

2019-11-27 06:11:50 - [MESSAGE][INFO] - Swipe start at Width : 971

2019-11-27 06:11:50 - [MESSAGE][INFO] - Swipe end at Witdh : 540

2019-11-27 06:11:50 - [MESSAGE][INFO] - Y Position : 600

2019-11-27 06:11:52 - [MESSAGE][PASSED] - Swiped from 971,600 to 540,600

2019-11-27 06:11:52 - [MESSAGE][PASSED] - mobile.mobileSwipe.RightLeft is PASSED

2019-11-27 06:11:52 - [TEST_STEP][PASSED] - delay(3, STOP_ON_FAILURE): Delayed 3 second(s)

2019-11-27 06:11:55 - [MESSAGE][PASSED] - Delayed 3 second(s)

2019-11-27 06:11:55 - [TEST_STEP][PASSED] - mobile.mobileSwipe.UpDown(0.8, 0.4, 1000): mobile.mobileSwipe.UpDown is PASSED

2019-11-27 06:11:55 - [MESSAGE][PASSED] - Current device physical height is 2131

2019-11-27 06:11:55 - [MESSAGE][INFO] - Device Height : 2131

2019-11-27 06:11:56 - [MESSAGE][PASSED] - Current device physical width is 1080

2019-11-27 06:11:56 - [MESSAGE][INFO] - Device Width : 1080

2019-11-27 06:11:56 - [MESSAGE][INFO] - Swipe start at Height : 1704

2019-11-27 06:11:56 - [MESSAGE][INFO] - Swipe end at Height : 852

2019-11-27 06:11:56 - [MESSAGE][INFO] - X Position : 1000

2019-11-27 06:11:58 - [MESSAGE][PASSED] - Swiped from 1,000,1,704 to 1,000,852

2019-11-27 06:11:58 - [MESSAGE][PASSED] - mobile.mobileSwipe.UpDown is PASSED

2019-11-27 06:11:58 - [TEST_STEP][PASSED] - delay(7, STOP_ON_FAILURE): Delayed 7 second(s)

2019-11-27 06:12:05 - [MESSAGE][PASSED] - Delayed 7 second(s)

2019-11-27 06:12:05 - [TEST_STEP][PASSED] - tap(findTestObject("Simulasi Kredit/Simulasi Kredit - Loan Detail/LoanDetail_Hitung"), 0): Tapped on element 'Object Repository/Simulasi Kredit/Simulasi Kredit - Loan Detail/LoanDetail_Hitung'

2019-11-27 06:12:05 - [MESSAGE][WARNING] - Timeout '0' is invalid. Using default page load timeout: '30'

2019-11-27 06:12:08 - [MESSAGE][PASSED] - Tapped on element 'Object Repository/Simulasi Kredit/Simulasi Kredit - Loan Detail/LoanDetail_Hitung'

2019-11-27 06:12:08 - [TEST_STEP][PASSED] - delay(10, STOP_ON_FAILURE): Delayed 10 second(s)

2019-11-27 06:12:18 - [MESSAGE][PASSED] - Delayed 10 second(s)

2019-11-27 06:12:18 - [TEST_STEP][PASSED] - tap(findTestObject("Simulasi Kredit/Simulasi Kredit - Loan Detail/LoanDetail_Berikutnya"), 0): Tapped on element 'Object Repository/Simulasi Kredit/Simulasi Kredit - Loan Detail/LoanDetail_Berikutnya'

2019-11-27 06:12:18 - [MESSAGE][WARNING] - Timeout '0' is invalid. Using default page load timeout: '30'

2019-11-27 06:12:21 - [MESSAGE][PASSED] - Tapped on element 'Object Repository/Simulasi Kredit/Simulasi Kredit - Loan Detail/LoanDetail_Berikutnya'

2019-11-27 06:12:21 - [TEST_STEP][PASSED] - delay(10, STOP_ON_FAILURE): Delayed 10 second(s)

2019-11-27 06:12:31 - [MESSAGE][PASSED] - Delayed 10 second(s)

2019-11-27 06:12:31 - [TEST_STEP][PASSED] - tap(findTestObject("Simulasi Kredit/Simulasi Kredit - Loan Detail/LoanDetail_Berikutnya"), 0): Tapped on element 'Object Repository/Simulasi Kredit/Simulasi Kredit - Loan Detail/LoanDetail_Berikutnya'

2019-11-27 06:12:31 - [MESSAGE][WARNING] - Timeout '0' is invalid. Using default page load timeout: '30'

2019-11-27 06:12:33 - [MESSAGE][PASSED] - Tapped on element 'Object Repository/Simulasi Kredit/Simulasi Kredit - Loan Detail/LoanDetail_Berikutnya'

2019-11-27 06:12:33 - [TEST_STEP][PASSED] - delay(10, STOP_ON_FAILURE): Delayed 10 second(s)

2019-11-27 06:12:43 - [MESSAGE][PASSED] - Delayed 10 second(s)

2019-11-27 06:12:43 - [MESSAGE][PASSED] - Call Test Case 'Test Cases/Data Entry/Simulasi Kredit/Loan Detail/MASTER FLOW/TC_Loan Detail - MASTER FLOW' successfully

2019-11-27 06:12:43 - [TEST_STEP][PASSED] - callTestCase(findTestCase("Data Entry/Upload Document/Borrower/MASTER FLOW/TC_Upload Document - borrower - MASTER FLOW"), ["Borrower_varKTP":Borrower_varKTP], STOP_ON_FAILURE): Call Test Case 'Test Cases/Data Entry/Upload Document/Borrower/MASTER FLOW/TC_Upload Document - borrower - MASTER FLOW' successfully

2019-11-27 06:12:43 - [TEST_CASE][PASSED] - Test Cases/Data Entry/Upload Document/Borrower/MASTER FLOW/TC_Upload Document - borrower - MASTER FLOW: Test Cases/Data Entry/Upload Document/Borrower/MASTER FLOW/TC_Upload Document - borrower - MASTER FLOW

2019-11-27 06:12:43 - [TEST_STEP][PASSED] - tap(findTestObject("Upload Document/Upload Document - Item Upload/UnggahDokumen_BtnKTP"), 0): Tapped on element 'Object Repository/Upload Document/Upload Document - Item Upload/UnggahDokumen_BtnKTP'

2019-11-27 06:12:43 - [MESSAGE][WARNING] - Timeout '0' is invalid. Using default page load timeout: '30'

2019-11-27 06:12:45 - [MESSAGE][PASSED] - Tapped on element 'Object Repository/Upload Document/Upload Document - Item Upload/UnggahDokumen_BtnKTP'

2019-11-27 06:12:45 - [TEST_STEP][PASSED] - if (verifyElementVisible(findTestObject("Upload Document/Upload Document - Item Upload/UnggahDokumen_BtnGallery"), 3, OPTIONAL)): Element 'Object Repository/Upload Document/Upload Document - Item Upload/UnggahDokumen_BtnGallery' not found

2019-11-27 06:12:50 - [MESSAGE][WARNING] - Element 'Object Repository/Upload Document/Upload Document - Item Upload/UnggahDokumen_BtnGallery' not found
[[ATTACHMENT|C:\\Users\\15420\\git\\ACCME-Dupcheck\\Reports\\20191127_053813\\data entry dupcek\\20191127_053813\\1574809969482.png]]

2019-11-27 06:12:50 - [TEST_STEP][PASSED] - else: Tapped on element 'Object Repository/Upload Document/android.view.View168 -  Gallery'

2019-11-27 06:12:50 - [TEST_STEP][PASSED] - tap(findTestObject("Upload Document/android.view.View168 -  Gallery"), 0): Tapped on element 'Object Repository/Upload Document/android.view.View168 -  Gallery'

2019-11-27 06:12:51 - [MESSAGE][WARNING] - Timeout '0' is invalid. Using default page load timeout: '30'

2019-11-27 06:12:54 - [MESSAGE][PASSED] - Tapped on element 'Object Repository/Upload Document/android.view.View168 -  Gallery'

2019-11-27 06:12:54 - [TEST_STEP][PASSED] - scrollToText(Borrower_varKTP, STOP_ON_FAILURE): Scrolling to text 'abc.jpg' successfully

2019-11-27 06:12:56 - [MESSAGE][PASSED] - Scrolling to text 'abc.jpg' successfully

2019-11-27 06:12:56 - [TEST_STEP][PASSED] - tap(findTestObject("dynamic object/pickListItem_TextView", ["text":Borrower_varKTP]), 0): Tapped on element 'Object Repository/dynamic object/pickListItem_TextView'

2019-11-27 06:12:56 - [MESSAGE][WARNING] - Timeout '0' is invalid. Using default page load timeout: '30'

2019-11-27 06:12:58 - [MESSAGE][PASSED] - Tapped on element 'Object Repository/dynamic object/pickListItem_TextView'

2019-11-27 06:12:58 - [TEST_STEP][PASSED] - delay(10, STOP_ON_FAILURE): Delayed 10 second(s)

2019-11-27 06:13:08 - [MESSAGE][PASSED] - Delayed 10 second(s)

2019-11-27 06:13:08 - [MESSAGE][PASSED] - Call Test Case 'Test Cases/Data Entry/Upload Document/Borrower/MASTER FLOW/TC_Upload Document - borrower - MASTER FLOW' successfully

2019-11-27 06:13:08 - [TEST_STEP][PASSED] - tap(findTestObject("dynamic object/BtnBerikutnya"), 0): Tapped on element 'Object Repository/dynamic object/BtnBerikutnya'

2019-11-27 06:13:08 - [MESSAGE][WARNING] - Timeout '0' is invalid. Using default page load timeout: '30'

2019-11-27 06:13:10 - [MESSAGE][PASSED] - Tapped on element 'Object Repository/dynamic object/BtnBerikutnya'

2019-11-27 06:13:10 - [TEST_STEP][PASSED] - delay(30, STOP_ON_FAILURE): Delayed 30 second(s)

2019-11-27 06:13:40 - [MESSAGE][PASSED] - Delayed 30 second(s)

2019-11-27 06:13:40 - [TEST_STEP][FAILED] - callTestCase(findTestCase("Data Entry/Borrower/Flow Borrower"), ["BIvarNoKTP":BIvarNoKTP, "BIvarAgama":BIvarAgama, "BIvarStatusPerkawinan":BIvarStatusPerkawinan, "BEvarRT":BEvarRT, "BEvarRW":BEvarRW, ... ], STOP_ON_FAILURE): Unable to call Test Case 'Test Cases/Data Entry/Borrower/Flow Borrower' (Root cause: com.kms.katalon.core.exception.StepFailedException: Call Test Case 'Test Cases/Data Entry/Borrower/Flow Borrower' failed
	at com.kms.katalon.core.keyword.builtin.CallTestCaseKeyword$_callTestCase_closure1.doCall(CallTestCaseKeyword.groovy:63)
	at com.kms.katalon.core.keyword.builtin.CallTestCaseKeyword$_callTestCase_closure1.call(CallTestCaseKeyword.groovy)
	at com.kms.katalon.core.keyword.internal.KeywordMain.runKeyword(KeywordMain.groovy:68)
	at com.kms.katalon.core.keyword.builtin.CallTestCaseKeyword.callTestCase(CallTestCaseKeyword.groovy:81)
	at com.kms.katalon.core.keyword.builtin.CallTestCaseKeyword.execute(CallTestCaseKeyword.groovy:44)
	at com.kms.katalon.core.keyword.internal.KeywordExecutor.executeKeywordForPlatform(KeywordExecutor.groovy:60)
	at com.kms.katalon.core.keyword.BuiltinKeywords.callTestCase(BuiltinKeywords.groovy:334)
	at TC_Data Entry.run(TC_Data Entry:42)
	at com.kms.katalon.core.main.ScriptEngine.run(ScriptEngine.java:194)
	at com.kms.katalon.core.main.ScriptEngine.runScriptAsRawText(ScriptEngine.java:119)
	at com.kms.katalon.core.main.TestCaseExecutor.runScript(TestCaseExecutor.java:337)
	at com.kms.katalon.core.main.TestCaseExecutor.doExecute(TestCaseExecutor.java:328)
	at com.kms.katalon.core.main.TestCaseExecutor.processExecutionPhase(TestCaseExecutor.java:307)
	at com.kms.katalon.core.main.TestCaseExecutor.accessMainPhase(TestCaseExecutor.java:299)
	at com.kms.katalon.core.main.TestCaseExecutor.execute(TestCaseExecutor.java:233)
	at com.kms.katalon.core.main.TestSuiteExecutor.accessTestCaseMainPhase(TestSuiteExecutor.java:169)
	at com.kms.katalon.core.main.TestSuiteExecutor.accessTestSuiteMainPhase(TestSuiteExecutor.java:142)
	at com.kms.katalon.core.main.TestSuiteExecutor.execute(TestSuiteExecutor.java:91)
	at com.kms.katalon.core.main.TestCaseMain.startTestSuite(TestCaseMain.java:157)
	at com.kms.katalon.core.main.TestCaseMain$startTestSuite$0.call(Unknown Source)
	at TempTestSuite1574807893706.run(TempTestSuite1574807893706.groovy:36)
Caused by: com.kms.katalon.core.exception.StepFailedException: Call Test Case 'Test Cases/Data Entry/Borrower/Borrower - Identitas/MASTER FLOW/TC_Borrower - Identitas - MASTER FLOW' failed
	at com.kms.katalon.core.keyword.builtin.CallTestCaseKeyword$_callTestCase_closure1.doCall(CallTestCaseKeyword.groovy:63)
	at com.kms.katalon.core.keyword.builtin.CallTestCaseKeyword$_callTestCase_closure1.call(CallTestCaseKeyword.groovy)
	at com.kms.katalon.core.keyword.internal.KeywordMain.runKeyword(KeywordMain.groovy:68)
	at com.kms.katalon.core.keyword.builtin.CallTestCaseKeyword.callTestCase(CallTestCaseKeyword.groovy:81)
	at com.kms.katalon.core.keyword.builtin.CallTestCaseKeyword.execute(CallTestCaseKeyword.groovy:44)
	at com.kms.katalon.core.keyword.internal.KeywordExecutor.executeKeywordForPlatform(KeywordExecutor.groovy:60)
	at com.kms.katalon.core.keyword.BuiltinKeywords.callTestCase(BuiltinKeywords.groovy:334)
	at Flow Borrower.run(Flow Borrower:16)
	at com.kms.katalon.core.main.ScriptEngine.run(ScriptEngine.java:194)
	at com.kms.katalon.core.main.ScriptEngine.runScriptAsRawText(ScriptEngine.java:119)
	at com.kms.katalon.core.main.TestCaseExecutor.runScript(TestCaseExecutor.java:337)
	at com.kms.katalon.core.main.TestCaseExecutor.doExecute(TestCaseExecutor.java:328)
	at com.kms.katalon.core.main.TestCaseExecutor.processExecutionPhase(TestCaseExecutor.java:307)
	at com.kms.katalon.core.main.TestCaseExecutor.accessMainPhase(TestCaseExecutor.java:299)
	at com.kms.katalon.core.main.TestCaseExecutor.execute(TestCaseExecutor.java:233)
	at com.kms.katalon.core.main.TestCaseMain.runTestCase(TestCaseMain.java:114)
	at com.kms.katalon.core.keyword.builtin.CallTestCaseKeyword$_callTestCase_closure1.doCall(CallTestCaseKeyword.groovy:59)
	... 20 more
Caused by: com.kms.katalon.core.exception.StepFailedException: Object Object Repository/Borrower/Borrower - Identitas/Borrower_BtnCheckBox not found
	at com.kms.katalon.core.keyword.internal.KeywordMain.stepFailed(KeywordMain.groovy:50)
	at com.kms.katalon.core.mobile.keyword.internal.MobileKeywordMain.stepFailed(MobileKeywordMain.groovy:40)
	at com.kms.katalon.core.mobile.keyword.builtin.TapKeyword$_tap_closure1.doCall(TapKeyword.groovy:79)
	at com.kms.katalon.core.mobile.keyword.builtin.TapKeyword$_tap_closure1.call(TapKeyword.groovy)
	at com.kms.katalon.core.mobile.keyword.internal.MobileKeywordMain.runKeyword(MobileKeywordMain.groovy:21)
	at com.kms.katalon.core.mobile.keyword.builtin.TapKeyword.tap(TapKeyword.groovy:86)
	at com.kms.katalon.core.mobile.keyword.builtin.TapKeyword.execute(TapKeyword.groovy:68)
	at com.kms.katalon.core.keyword.internal.KeywordExecutor.executeKeywordForPlatform(KeywordExecutor.groovy:60)
	at com.kms.katalon.core.mobile.keyword.MobileBuiltInKeywords.tap(MobileBuiltInKeywords.groovy:520)
	at com.kms.katalon.core.mobile.keyword.MobileBuiltInKeywords$tap$1.call(Unknown Source)
	at TC_Borrower - Identitas - MASTER FLOW.run(TC_Borrower - Identitas - MASTER FLOW:52)
	at com.kms.katalon.core.main.ScriptEngine.run(ScriptEngine.java:194)
	at com.kms.katalon.core.main.ScriptEngine.runScriptAsRawText(ScriptEngine.java:119)
	at com.kms.katalon.core.main.TestCaseExecutor.runScript(TestCaseExecutor.java:337)
	at com.kms.katalon.core.main.TestCaseExecutor.doExecute(TestCaseExecutor.java:328)
	at com.kms.katalon.core.main.TestCaseExecutor.processExecutionPhase(TestCaseExecutor.java:307)
	at com.kms.katalon.core.main.TestCaseExecutor.accessMainPhase(TestCaseExecutor.java:299)
	at com.kms.katalon.core.main.TestCaseExecutor.execute(TestCaseExecutor.java:233)
	at com.kms.katalon.core.main.TestCaseMain.runTestCase(TestCaseMain.java:114)
	at com.kms.katalon.core.keyword.builtin.CallTestCaseKeyword$_callTestCase_closure1.doCall(CallTestCaseKeyword.groovy:59)
	... 36 more
)

2019-11-27 06:13:40 - [TEST_CASE][FAILED] - Test Cases/Data Entry/Borrower/Flow Borrower: Test Cases/Data Entry/Borrower/Flow Borrower FAILED.
Reason:
com.kms.katalon.core.exception.StepFailedException: Call Test Case 'Test Cases/Data Entry/Borrower/Borrower - Identitas/MASTER FLOW/TC_Borrower - Identitas - MASTER FLOW' failed
	at com.kms.katalon.core.keyword.builtin.CallTestCaseKeyword$_callTestCase_closure1.doCall(CallTestCaseKeyword.groovy:63)
	at com.kms.katalon.core.keyword.builtin.CallTestCaseKeyword$_callTestCase_closure1.call(CallTestCaseKeyword.groovy)
	at com.kms.katalon.core.keyword.internal.KeywordMain.runKeyword(KeywordMain.groovy:68)
	at com.kms.katalon.core.keyword.builtin.CallTestCaseKeyword.callTestCase(CallTestCaseKeyword.groovy:81)
	at com.kms.katalon.core.keyword.builtin.CallTestCaseKeyword.execute(CallTestCaseKeyword.groovy:44)
	at com.kms.katalon.core.keyword.internal.KeywordExecutor.executeKeywordForPlatform(KeywordExecutor.groovy:60)
	at com.kms.katalon.core.keyword.BuiltinKeywords.callTestCase(BuiltinKeywords.groovy:334)
	at Flow Borrower.run(Flow Borrower:16)
	at com.kms.katalon.core.main.ScriptEngine.run(ScriptEngine.java:194)
	at com.kms.katalon.core.main.ScriptEngine.runScriptAsRawText(ScriptEngine.java:119)
	at com.kms.katalon.core.main.TestCaseExecutor.runScript(TestCaseExecutor.java:337)
	at com.kms.katalon.core.main.TestCaseExecutor.doExecute(TestCaseExecutor.java:328)
	at com.kms.katalon.core.main.TestCaseExecutor.processExecutionPhase(TestCaseExecutor.java:307)
	at com.kms.katalon.core.main.TestCaseExecutor.accessMainPhase(TestCaseExecutor.java:299)
	at com.kms.katalon.core.main.TestCaseExecutor.execute(TestCaseExecutor.java:233)
	at com.kms.katalon.core.main.TestCaseMain.runTestCase(TestCaseMain.java:114)
	at com.kms.katalon.core.keyword.builtin.CallTestCaseKeyword$_callTestCase_closure1.doCall(CallTestCaseKeyword.groovy:59)
	at com.kms.katalon.core.keyword.builtin.CallTestCaseKeyword$_callTestCase_closure1.call(CallTestCaseKeyword.groovy)
	at com.kms.katalon.core.keyword.internal.KeywordMain.runKeyword(KeywordMain.groovy:68)
	at com.kms.katalon.core.keyword.builtin.CallTestCaseKeyword.callTestCase(CallTestCaseKeyword.groovy:81)
	at com.kms.katalon.core.keyword.builtin.CallTestCaseKeyword.execute(CallTestCaseKeyword.groovy:44)
	at com.kms.katalon.core.keyword.internal.KeywordExecutor.executeKeywordForPlatform(KeywordExecutor.groovy:60)
	at com.kms.katalon.core.keyword.BuiltinKeywords.callTestCase(BuiltinKeywords.groovy:334)
	at TC_Data Entry.run(TC_Data Entry:42)
	at com.kms.katalon.core.main.ScriptEngine.run(ScriptEngine.java:194)
	at com.kms.katalon.core.main.ScriptEngine.runScriptAsRawText(ScriptEngine.java:119)
	at com.kms.katalon.core.main.TestCaseExecutor.runScript(TestCaseExecutor.java:337)
	at com.kms.katalon.core.main.TestCaseExecutor.doExecute(TestCaseExecutor.java:328)
	at com.kms.katalon.core.main.TestCaseExecutor.processExecutionPhase(TestCaseExecutor.java:307)
	at com.kms.katalon.core.main.TestCaseExecutor.accessMainPhase(TestCaseExecutor.java:299)
	at com.kms.katalon.core.main.TestCaseExecutor.execute(TestCaseExecutor.java:233)
	at com.kms.katalon.core.main.TestSuiteExecutor.accessTestCaseMainPhase(TestSuiteExecutor.java:169)
	at com.kms.katalon.core.main.TestSuiteExecutor.accessTestSuiteMainPhase(TestSuiteExecutor.java:142)
	at com.kms.katalon.core.main.TestSuiteExecutor.execute(TestSuiteExecutor.java:91)
	at com.kms.katalon.core.main.TestCaseMain.startTestSuite(TestCaseMain.java:157)
	at com.kms.katalon.core.main.TestCaseMain$startTestSuite$0.call(Unknown Source)
	at TempTestSuite1574807893706.run(TempTestSuite1574807893706.groovy:36)
Caused by: com.kms.katalon.core.exception.StepFailedException: Object Object Repository/Borrower/Borrower - Identitas/Borrower_BtnCheckBox not found
	at com.kms.katalon.core.keyword.internal.KeywordMain.stepFailed(KeywordMain.groovy:50)
	at com.kms.katalon.core.mobile.keyword.internal.MobileKeywordMain.stepFailed(MobileKeywordMain.groovy:40)
	at com.kms.katalon.core.mobile.keyword.builtin.TapKeyword$_tap_closure1.doCall(TapKeyword.groovy:79)
	at com.kms.katalon.core.mobile.keyword.builtin.TapKeyword$_tap_closure1.call(TapKeyword.groovy)
	at com.kms.katalon.core.mobile.keyword.internal.MobileKeywordMain.runKeyword(MobileKeywordMain.groovy:21)
	at com.kms.katalon.core.mobile.keyword.builtin.TapKeyword.tap(TapKeyword.groovy:86)
	at com.kms.katalon.core.mobile.keyword.builtin.TapKeyword.execute(TapKeyword.groovy:68)
	at com.kms.katalon.core.keyword.internal.KeywordExecutor.executeKeywordForPlatform(KeywordExecutor.groovy:60)
	at com.kms.katalon.core.mobile.keyword.MobileBuiltInKeywords.tap(MobileBuiltInKeywords.groovy:520)
	at com.kms.katalon.core.mobile.keyword.MobileBuiltInKeywords$tap$1.call(Unknown Source)
	at TC_Borrower - Identitas - MASTER FLOW.run(TC_Borrower - Identitas - MASTER FLOW:52)
	at com.kms.katalon.core.main.ScriptEngine.run(ScriptEngine.java:194)
	at com.kms.katalon.core.main.ScriptEngine.runScriptAsRawText(ScriptEngine.java:119)
	at com.kms.katalon.core.main.TestCaseExecutor.runScript(TestCaseExecutor.java:337)
	at com.kms.katalon.core.main.TestCaseExecutor.doExecute(TestCaseExecutor.java:328)
	at com.kms.katalon.core.main.TestCaseExecutor.processExecutionPhase(TestCaseExecutor.java:307)
	at com.kms.katalon.core.main.TestCaseExecutor.accessMainPhase(TestCaseExecutor.java:299)
	at com.kms.katalon.core.main.TestCaseExecutor.execute(TestCaseExecutor.java:233)
	at com.kms.katalon.core.main.TestCaseMain.runTestCase(TestCaseMain.java:114)
	at com.kms.katalon.core.keyword.builtin.CallTestCaseKeyword$_callTestCase_closure1.doCall(CallTestCaseKeyword.groovy:59)
	... 36 more


2019-11-27 06:13:41 - [TEST_STEP][FAILED] - callTestCase(findTestCase("Data Entry/Borrower/Borrower - Identitas/MASTER FLOW/TC_Borrower - Identitas - MASTER FLOW"), ["BIvarNoKTP":BIvarNoKTP, "BIvarAgama":BIvarAgama, "BIvarStatusPerkawinan":BIvarStatusPerkawinan, "BIvarTempatLahir":BIvarTempatLahir, ... ], STOP_ON_FAILURE): Unable to call Test Case 'Test Cases/Data Entry/Borrower/Borrower - Identitas/MASTER FLOW/TC_Borrower - Identitas - MASTER FLOW' (Root cause: com.kms.katalon.core.exception.StepFailedException: Call Test Case 'Test Cases/Data Entry/Borrower/Borrower - Identitas/MASTER FLOW/TC_Borrower - Identitas - MASTER FLOW' failed
	at com.kms.katalon.core.keyword.builtin.CallTestCaseKeyword$_callTestCase_closure1.doCall(CallTestCaseKeyword.groovy:63)
	at com.kms.katalon.core.keyword.builtin.CallTestCaseKeyword$_callTestCase_closure1.call(CallTestCaseKeyword.groovy)
	at com.kms.katalon.core.keyword.internal.KeywordMain.runKeyword(KeywordMain.groovy:68)
	at com.kms.katalon.core.keyword.builtin.CallTestCaseKeyword.callTestCase(CallTestCaseKeyword.groovy:81)
	at com.kms.katalon.core.keyword.builtin.CallTestCaseKeyword.execute(CallTestCaseKeyword.groovy:44)
	at com.kms.katalon.core.keyword.internal.KeywordExecutor.executeKeywordForPlatform(KeywordExecutor.groovy:60)
	at com.kms.katalon.core.keyword.BuiltinKeywords.callTestCase(BuiltinKeywords.groovy:334)
	at Flow Borrower.run(Flow Borrower:16)
	at com.kms.katalon.core.main.ScriptEngine.run(ScriptEngine.java:194)
	at com.kms.katalon.core.main.ScriptEngine.runScriptAsRawText(ScriptEngine.java:119)
	at com.kms.katalon.core.main.TestCaseExecutor.runScript(TestCaseExecutor.java:337)
	at com.kms.katalon.core.main.TestCaseExecutor.doExecute(TestCaseExecutor.java:328)
	at com.kms.katalon.core.main.TestCaseExecutor.processExecutionPhase(TestCaseExecutor.java:307)
	at com.kms.katalon.core.main.TestCaseExecutor.accessMainPhase(TestCaseExecutor.java:299)
	at com.kms.katalon.core.main.TestCaseExecutor.execute(TestCaseExecutor.java:233)
	at com.kms.katalon.core.main.TestCaseMain.runTestCase(TestCaseMain.java:114)
	at com.kms.katalon.core.keyword.builtin.CallTestCaseKeyword$_callTestCase_closure1.doCall(CallTestCaseKeyword.groovy:59)
	at com.kms.katalon.core.keyword.builtin.CallTestCaseKeyword$_callTestCase_closure1.call(CallTestCaseKeyword.groovy)
	at com.kms.katalon.core.keyword.internal.KeywordMain.runKeyword(KeywordMain.groovy:68)
	at com.kms.katalon.core.keyword.builtin.CallTestCaseKeyword.callTestCase(CallTestCaseKeyword.groovy:81)
	at com.kms.katalon.core.keyword.builtin.CallTestCaseKeyword.execute(CallTestCaseKeyword.groovy:44)
	at com.kms.katalon.core.keyword.internal.KeywordExecutor.executeKeywordForPlatform(KeywordExecutor.groovy:60)
	at com.kms.katalon.core.keyword.BuiltinKeywords.callTestCase(BuiltinKeywords.groovy:334)
	at TC_Data Entry.run(TC_Data Entry:42)
	at com.kms.katalon.core.main.ScriptEngine.run(ScriptEngine.java:194)
	at com.kms.katalon.core.main.ScriptEngine.runScriptAsRawText(ScriptEngine.java:119)
	at com.kms.katalon.core.main.TestCaseExecutor.runScript(TestCaseExecutor.java:337)
	at com.kms.katalon.core.main.TestCaseExecutor.doExecute(TestCaseExecutor.java:328)
	at com.kms.katalon.core.main.TestCaseExecutor.processExecutionPhase(TestCaseExecutor.java:307)
	at com.kms.katalon.core.main.TestCaseExecutor.accessMainPhase(TestCaseExecutor.java:299)
	at com.kms.katalon.core.main.TestCaseExecutor.execute(TestCaseExecutor.java:233)
	at com.kms.katalon.core.main.TestSuiteExecutor.accessTestCaseMainPhase(TestSuiteExecutor.java:169)
	at com.kms.katalon.core.main.TestSuiteExecutor.accessTestSuiteMainPhase(TestSuiteExecutor.java:142)
	at com.kms.katalon.core.main.TestSuiteExecutor.execute(TestSuiteExecutor.java:91)
	at com.kms.katalon.core.main.TestCaseMain.startTestSuite(TestCaseMain.java:157)
	at com.kms.katalon.core.main.TestCaseMain$startTestSuite$0.call(Unknown Source)
	at TempTestSuite1574807893706.run(TempTestSuite1574807893706.groovy:36)
Caused by: com.kms.katalon.core.exception.StepFailedException: Object Object Repository/Borrower/Borrower - Identitas/Borrower_BtnCheckBox not found
	at com.kms.katalon.core.keyword.internal.KeywordMain.stepFailed(KeywordMain.groovy:50)
	at com.kms.katalon.core.mobile.keyword.internal.MobileKeywordMain.stepFailed(MobileKeywordMain.groovy:40)
	at com.kms.katalon.core.mobile.keyword.builtin.TapKeyword$_tap_closure1.doCall(TapKeyword.groovy:79)
	at com.kms.katalon.core.mobile.keyword.builtin.TapKeyword$_tap_closure1.call(TapKeyword.groovy)
	at com.kms.katalon.core.mobile.keyword.internal.MobileKeywordMain.runKeyword(MobileKeywordMain.groovy:21)
	at com.kms.katalon.core.mobile.keyword.builtin.TapKeyword.tap(TapKeyword.groovy:86)
	at com.kms.katalon.core.mobile.keyword.builtin.TapKeyword.execute(TapKeyword.groovy:68)
	at com.kms.katalon.core.keyword.internal.KeywordExecutor.executeKeywordForPlatform(KeywordExecutor.groovy:60)
	at com.kms.katalon.core.mobile.keyword.MobileBuiltInKeywords.tap(MobileBuiltInKeywords.groovy:520)
	at com.kms.katalon.core.mobile.keyword.MobileBuiltInKeywords$tap$1.call(Unknown Source)
	at TC_Borrower - Identitas - MASTER FLOW.run(TC_Borrower - Identitas - MASTER FLOW:52)
	at com.kms.katalon.core.main.ScriptEngine.run(ScriptEngine.java:194)
	at com.kms.katalon.core.main.ScriptEngine.runScriptAsRawText(ScriptEngine.java:119)
	at com.kms.katalon.core.main.TestCaseExecutor.runScript(TestCaseExecutor.java:337)
	at com.kms.katalon.core.main.TestCaseExecutor.doExecute(TestCaseExecutor.java:328)
	at com.kms.katalon.core.main.TestCaseExecutor.processExecutionPhase(TestCaseExecutor.java:307)
	at com.kms.katalon.core.main.TestCaseExecutor.accessMainPhase(TestCaseExecutor.java:299)
	at com.kms.katalon.core.main.TestCaseExecutor.execute(TestCaseExecutor.java:233)
	at com.kms.katalon.core.main.TestCaseMain.runTestCase(TestCaseMain.java:114)
	at com.kms.katalon.core.keyword.builtin.CallTestCaseKeyword$_callTestCase_closure1.doCall(CallTestCaseKeyword.groovy:59)
	... 36 more
)

2019-11-27 06:13:41 - [TEST_CASE][FAILED] - Test Cases/Data Entry/Borrower/Borrower - Identitas/MASTER FLOW/TC_Borrower - Identitas - MASTER FLOW: Test Cases/Data Entry/Borrower/Borrower - Identitas/MASTER FLOW/TC_Borrower - Identitas - MASTER FLOW FAILED.
Reason:
com.kms.katalon.core.exception.StepFailedException: Object Object Repository/Borrower/Borrower - Identitas/Borrower_BtnCheckBox not found
	at com.kms.katalon.core.keyword.internal.KeywordMain.stepFailed(KeywordMain.groovy:50)
	at com.kms.katalon.core.mobile.keyword.internal.MobileKeywordMain.stepFailed(MobileKeywordMain.groovy:40)
	at com.kms.katalon.core.mobile.keyword.builtin.TapKeyword$_tap_closure1.doCall(TapKeyword.groovy:79)
	at com.kms.katalon.core.mobile.keyword.builtin.TapKeyword$_tap_closure1.call(TapKeyword.groovy)
	at com.kms.katalon.core.mobile.keyword.internal.MobileKeywordMain.runKeyword(MobileKeywordMain.groovy:21)
	at com.kms.katalon.core.mobile.keyword.builtin.TapKeyword.tap(TapKeyword.groovy:86)
	at com.kms.katalon.core.mobile.keyword.builtin.TapKeyword.execute(TapKeyword.groovy:68)
	at com.kms.katalon.core.keyword.internal.KeywordExecutor.executeKeywordForPlatform(KeywordExecutor.groovy:60)
	at com.kms.katalon.core.mobile.keyword.MobileBuiltInKeywords.tap(MobileBuiltInKeywords.groovy:520)
	at com.kms.katalon.core.mobile.keyword.MobileBuiltInKeywords$tap$1.call(Unknown Source)
	at TC_Borrower - Identitas - MASTER FLOW.run(TC_Borrower - Identitas - MASTER FLOW:52)
	at com.kms.katalon.core.main.ScriptEngine.run(ScriptEngine.java:194)
	at com.kms.katalon.core.main.ScriptEngine.runScriptAsRawText(ScriptEngine.java:119)
	at com.kms.katalon.core.main.TestCaseExecutor.runScript(TestCaseExecutor.java:337)
	at com.kms.katalon.core.main.TestCaseExecutor.doExecute(TestCaseExecutor.java:328)
	at com.kms.katalon.core.main.TestCaseExecutor.processExecutionPhase(TestCaseExecutor.java:307)
	at com.kms.katalon.core.main.TestCaseExecutor.accessMainPhase(TestCaseExecutor.java:299)
	at com.kms.katalon.core.main.TestCaseExecutor.execute(TestCaseExecutor.java:233)
	at com.kms.katalon.core.main.TestCaseMain.runTestCase(TestCaseMain.java:114)
	at com.kms.katalon.core.keyword.builtin.CallTestCaseKeyword$_callTestCase_closure1.doCall(CallTestCaseKeyword.groovy:59)
	at com.kms.katalon.core.keyword.builtin.CallTestCaseKeyword$_callTestCase_closure1.call(CallTestCaseKeyword.groovy)
	at com.kms.katalon.core.keyword.internal.KeywordMain.runKeyword(KeywordMain.groovy:68)
	at com.kms.katalon.core.keyword.builtin.CallTestCaseKeyword.callTestCase(CallTestCaseKeyword.groovy:81)
	at com.kms.katalon.core.keyword.builtin.CallTestCaseKeyword.execute(CallTestCaseKeyword.groovy:44)
	at com.kms.katalon.core.keyword.internal.KeywordExecutor.executeKeywordForPlatform(KeywordExecutor.groovy:60)
	at com.kms.katalon.core.keyword.BuiltinKeywords.callTestCase(BuiltinKeywords.groovy:334)
	at Flow Borrower.run(Flow Borrower:16)
	at com.kms.katalon.core.main.ScriptEngine.run(ScriptEngine.java:194)
	at com.kms.katalon.core.main.ScriptEngine.runScriptAsRawText(ScriptEngine.java:119)
	at com.kms.katalon.core.main.TestCaseExecutor.runScript(TestCaseExecutor.java:337)
	at com.kms.katalon.core.main.TestCaseExecutor.doExecute(TestCaseExecutor.java:328)
	at com.kms.katalon.core.main.TestCaseExecutor.processExecutionPhase(TestCaseExecutor.java:307)
	at com.kms.katalon.core.main.TestCaseExecutor.accessMainPhase(TestCaseExecutor.java:299)
	at com.kms.katalon.core.main.TestCaseExecutor.execute(TestCaseExecutor.java:233)
	at com.kms.katalon.core.main.TestCaseMain.runTestCase(TestCaseMain.java:114)
	at com.kms.katalon.core.keyword.builtin.CallTestCaseKeyword$_callTestCase_closure1.doCall(CallTestCaseKeyword.groovy:59)
	at com.kms.katalon.core.keyword.builtin.CallTestCaseKeyword$_callTestCase_closure1.call(CallTestCaseKeyword.groovy)
	at com.kms.katalon.core.keyword.internal.KeywordMain.runKeyword(KeywordMain.groovy:68)
	at com.kms.katalon.core.keyword.builtin.CallTestCaseKeyword.callTestCase(CallTestCaseKeyword.groovy:81)
	at com.kms.katalon.core.keyword.builtin.CallTestCaseKeyword.execute(CallTestCaseKeyword.groovy:44)
	at com.kms.katalon.core.keyword.internal.KeywordExecutor.executeKeywordForPlatform(KeywordExecutor.groovy:60)
	at com.kms.katalon.core.keyword.BuiltinKeywords.callTestCase(BuiltinKeywords.groovy:334)
	at TC_Data Entry.run(TC_Data Entry:42)
	at com.kms.katalon.core.main.ScriptEngine.run(ScriptEngine.java:194)
	at com.kms.katalon.core.main.ScriptEngine.runScriptAsRawText(ScriptEngine.java:119)
	at com.kms.katalon.core.main.TestCaseExecutor.runScript(TestCaseExecutor.java:337)
	at com.kms.katalon.core.main.TestCaseExecutor.doExecute(TestCaseExecutor.java:328)
	at com.kms.katalon.core.main.TestCaseExecutor.processExecutionPhase(TestCaseExecutor.java:307)
	at com.kms.katalon.core.main.TestCaseExecutor.accessMainPhase(TestCaseExecutor.java:299)
	at com.kms.katalon.core.main.TestCaseExecutor.execute(TestCaseExecutor.java:233)
	at com.kms.katalon.core.main.TestSuiteExecutor.accessTestCaseMainPhase(TestSuiteExecutor.java:169)
	at com.kms.katalon.core.main.TestSuiteExecutor.accessTestSuiteMainPhase(TestSuiteExecutor.java:142)
	at com.kms.katalon.core.main.TestSuiteExecutor.execute(TestSuiteExecutor.java:91)
	at com.kms.katalon.core.main.TestCaseMain.startTestSuite(TestCaseMain.java:157)
	at com.kms.katalon.core.main.TestCaseMain$startTestSuite$0.call(Unknown Source)
	at TempTestSuite1574807893706.run(TempTestSuite1574807893706.groovy:36)


2019-11-27 06:13:41 - [TEST_STEP][PASSED] - setText(findTestObject("Borrower/Borrower - Identitas/Borrower_InpNoKTP"), BIvarNoKTP, 0): Text '3275094406810017' has been set to element 'Object Repository/Borrower/Borrower - Identitas/Borrower_InpNoKTP'

2019-11-27 06:13:41 - [MESSAGE][WARNING] - Timeout '0' is invalid. Using default page load timeout: '30'

2019-11-27 06:13:44 - [MESSAGE][PASSED] - Text '3275094406810017' has been set to element 'Object Repository/Borrower/Borrower - Identitas/Borrower_InpNoKTP'

2019-11-27 06:13:44 - [TEST_STEP][PASSED] - tap(findTestObject("Borrower/Borrower - Identitas/Borrower_BtnMasaBerlaku-SeumurHidup"), 0): Tapped on element 'Object Repository/Borrower/Borrower - Identitas/Borrower_BtnMasaBerlaku-SeumurHidup'

2019-11-27 06:13:44 - [MESSAGE][WARNING] - Timeout '0' is invalid. Using default page load timeout: '30'

2019-11-27 06:13:48 - [MESSAGE][PASSED] - Tapped on element 'Object Repository/Borrower/Borrower - Identitas/Borrower_BtnMasaBerlaku-SeumurHidup'

2019-11-27 06:13:48 - [TEST_STEP][PASSED] - setText(findTestObject("Borrower/Borrower - Identitas/Borrower_InpNamaSesuaiIdentitas"), BIvarNama, 0): Text 'IIS DARLIAH' has been set to element 'Object Repository/Borrower/Borrower - Identitas/Borrower_InpNamaSesuaiIdentitas'

2019-11-27 06:13:48 - [MESSAGE][WARNING] - Timeout '0' is invalid. Using default page load timeout: '30'

2019-11-27 06:13:51 - [MESSAGE][PASSED] - Text 'IIS DARLIAH' has been set to element 'Object Repository/Borrower/Borrower - Identitas/Borrower_InpNamaSesuaiIdentitas'

2019-11-27 06:13:51 - [TEST_STEP][PASSED] - if (BIvarJenkel == "LK"): Tapped on element 'Object Repository/Borrower/Borrower - Identitas/Borrower_BtnJenisKelamin-LakiLaki'

2019-11-27 06:13:51 - [TEST_STEP][PASSED] - tap(findTestObject("Borrower/Borrower - Identitas/Borrower_BtnJenisKelamin-LakiLaki"), 0): Tapped on element 'Object Repository/Borrower/Borrower - Identitas/Borrower_BtnJenisKelamin-LakiLaki'

2019-11-27 06:13:51 - [MESSAGE][WARNING] - Timeout '0' is invalid. Using default page load timeout: '30'

2019-11-27 06:13:54 - [MESSAGE][PASSED] - Tapped on element 'Object Repository/Borrower/Borrower - Identitas/Borrower_BtnJenisKelamin-LakiLaki'

2019-11-27 06:13:54 - [TEST_STEP][PASSED] - setText(findTestObject("Borrower/Borrower - Identitas/Borrower_InpTempatLahir"), BIvarTempatLahir, 0): Text 'BEKASI' has been set to element 'Object Repository/Borrower/Borrower - Identitas/Borrower_InpTempatLahir'

2019-11-27 06:13:54 - [MESSAGE][WARNING] - Timeout '0' is invalid. Using default page load timeout: '30'

2019-11-27 06:13:58 - [MESSAGE][PASSED] - Text 'BEKASI' has been set to element 'Object Repository/Borrower/Borrower - Identitas/Borrower_InpTempatLahir'

2019-11-27 06:13:58 - [TEST_STEP][PASSED] - tap(findTestObject("Borrower/Borrower - Identitas/Borrower_InpTempatLahir"), 0, STOP_ON_FAILURE): Tapped on element 'Object Repository/Borrower/Borrower - Identitas/Borrower_InpTempatLahir'

2019-11-27 06:13:58 - [MESSAGE][WARNING] - Timeout '0' is invalid. Using default page load timeout: '30'

2019-11-27 06:14:02 - [MESSAGE][PASSED] - Tapped on element 'Object Repository/Borrower/Borrower - Identitas/Borrower_InpTempatLahir'

2019-11-27 06:14:02 - [TEST_STEP][PASSED] - mobile.picklist.List(findTestObject("Borrower/Borrower - Identitas/Borrower_TxtTempatLahir"), STOP_ON_FAILURE): mobile.picklist.List is PASSED

2019-11-27 06:14:02 - [MESSAGE][WARNING] - Timeout '0' is invalid. Using default page load timeout: '30'

2019-11-27 06:14:03 - [MESSAGE][PASSED] - Object 'Object Repository/Borrower/Borrower - Identitas/Borrower_TxtTempatLahir' has top position '1,805'

2019-11-27 06:14:03 - [MESSAGE][WARNING] - Timeout '0' is invalid. Using default page load timeout: '30'

2019-11-27 06:14:04 - [MESSAGE][PASSED] - Object 'Object Repository/Borrower/Borrower - Identitas/Borrower_TxtTempatLahir' has left position '76'

2019-11-27 06:14:04 - [MESSAGE][PASSED] - Tapped at [76, 1,920]

2019-11-27 06:14:04 - [MESSAGE][PASSED] - mobile.picklist.List is PASSED

2019-11-27 06:14:04 - [TEST_STEP][PASSED] - mobile.mobileSwipe.UpDown(0.8, 0.2, 1000): mobile.mobileSwipe.UpDown is PASSED

2019-11-27 06:14:05 - [MESSAGE][PASSED] - Current device physical height is 2131

2019-11-27 06:14:05 - [MESSAGE][INFO] - Device Height : 2131

2019-11-27 06:14:06 - [MESSAGE][PASSED] - Current device physical width is 1080

2019-11-27 06:14:06 - [MESSAGE][INFO] - Device Width : 1080

2019-11-27 06:14:06 - [MESSAGE][INFO] - Swipe start at Height : 1704

2019-11-27 06:14:06 - [MESSAGE][INFO] - Swipe end at Height : 426

2019-11-27 06:14:06 - [MESSAGE][INFO] - X Position : 1000

2019-11-27 06:14:08 - [MESSAGE][PASSED] - Swiped from 1,000,1,704 to 1,000,426

2019-11-27 06:14:08 - [MESSAGE][PASSED] - mobile.mobileSwipe.UpDown is PASSED

2019-11-27 06:14:08 - [TEST_STEP][PASSED] - delay(2, STOP_ON_FAILURE): Delayed 2 second(s)

2019-11-27 06:14:10 - [MESSAGE][PASSED] - Delayed 2 second(s)

2019-11-27 06:14:10 - [TEST_STEP][PASSED] - tap(findTestObject("Borrower/Borrower - Identitas/Borrower_TxtTanggalLahir"), 0): Tapped on element 'Object Repository/Borrower/Borrower - Identitas/Borrower_TxtTanggalLahir'

2019-11-27 06:14:10 - [MESSAGE][WARNING] - Timeout '0' is invalid. Using default page load timeout: '30'

2019-11-27 06:14:13 - [MESSAGE][PASSED] - Tapped on element 'Object Repository/Borrower/Borrower - Identitas/Borrower_TxtTanggalLahir'

2019-11-27 06:14:13 - [TEST_STEP][PASSED] - delay(2, STOP_ON_FAILURE): Delayed 2 second(s)

2019-11-27 06:14:15 - [MESSAGE][PASSED] - Delayed 2 second(s)

2019-11-27 06:14:15 - [TEST_STEP][PASSED] - callTestCase(findTestCase("dynamic test case/calendar"), ["varTahun":BIvarTahun], STOP_ON_FAILURE): Call Test Case 'Test Cases/dynamic test case/calendar' successfully

2019-11-27 06:14:15 - [TEST_CASE][PASSED] - Test Cases/dynamic test case/calendar: Test Cases/dynamic test case/calendar

2019-11-27 06:14:15 - [TEST_STEP][PASSED] - tap(findTestObject("dynamic object/Calendar_TxtTahun"), 0): Tapped on element 'Object Repository/dynamic object/Calendar_TxtTahun'

2019-11-27 06:14:15 - [MESSAGE][WARNING] - Timeout '0' is invalid. Using default page load timeout: '30'

2019-11-27 06:14:17 - [MESSAGE][PASSED] - Tapped on element 'Object Repository/dynamic object/Calendar_TxtTahun'

2019-11-27 06:14:17 - [TEST_STEP][PASSED] - driver = getDriver(): null

2019-11-27 06:14:17 - [TEST_STEP][PASSED] - xpath = "": null

2019-11-27 06:14:17 - [TEST_STEP][PASSED] - xpath = XPathBuilder.createXPath("TextView"): null

2019-11-27 06:14:17 - [TEST_STEP][PASSED] - listElements = driver.findElementsByXPath(xpath): null

2019-11-27 06:14:17 - [TEST_STEP][PASSED] - if (size() - 1].getText() < varTahun): null

2019-11-27 06:14:17 - [TEST_STEP][PASSED] - else: null

2019-11-27 06:14:17 - [TEST_STEP][PASSED] - varScrollUpDown = "UpToDown": null

2019-11-27 06:14:17 - [TEST_STEP][PASSED] - switch (varScrollUpDown.toString()): null

2019-11-27 06:14:17 - [TEST_STEP][PASSED] - case "UpToDown":: null

2019-11-27 06:14:17 - [TEST_STEP][PASSED] - mobile.swiping.scrollListToElementWithTextUpToDown(varTahun): mobile.swiping.scrollListToElementWithTextUpToDown is PASSED

2019-11-27 06:14:51 - [MESSAGE][PASSED] - mobile.swiping.scrollListToElementWithTextUpToDown is PASSED

2019-11-27 06:14:51 - [TEST_STEP][PASSED] - break: null

2019-11-27 06:14:51 - [TEST_STEP][PASSED] - tap(findTestObject("dynamic object/pickListItem_TextView", ["text":varTahun]), 0): Tapped on element 'Object Repository/dynamic object/pickListItem_TextView'

2019-11-27 06:14:51 - [MESSAGE][WARNING] - Timeout '0' is invalid. Using default page load timeout: '30'

2019-11-27 06:14:52 - [MESSAGE][PASSED] - Tapped on element 'Object Repository/dynamic object/pickListItem_TextView'

2019-11-27 06:14:52 - [TEST_STEP][PASSED] - tap(findTestObject("Borrower/Borrower - Identitas/Click_Tanggal"), 0): Tapped on element 'Object Repository/Borrower/Borrower - Identitas/Click_Tanggal'

2019-11-27 06:14:52 - [MESSAGE][WARNING] - Timeout '0' is invalid. Using default page load timeout: '30'

2019-11-27 06:14:54 - [MESSAGE][PASSED] - Tapped on element 'Object Repository/Borrower/Borrower - Identitas/Click_Tanggal'

2019-11-27 06:14:54 - [TEST_STEP][PASSED] - tap(findTestObject("dynamic object/Calendar_TxtSetel"), 0): Tapped on element 'Object Repository/dynamic object/Calendar_TxtSetel'

2019-11-27 06:14:54 - [MESSAGE][WARNING] - Timeout '0' is invalid. Using default page load timeout: '30'

2019-11-27 06:14:57 - [MESSAGE][PASSED] - Tapped on element 'Object Repository/dynamic object/Calendar_TxtSetel'

2019-11-27 06:14:57 - [MESSAGE][PASSED] - Call Test Case 'Test Cases/dynamic test case/calendar' successfully

2019-11-27 06:14:57 - [TEST_STEP][NOT_RUN] - delay(10, STOP_ON_FAILURE): NOT_RUN: delay(10, STOP_ON_FAILURE)

2019-11-27 06:14:57 - [MESSAGE][NOT_RUN] - NOT_RUN: delay(10, STOP_ON_FAILURE)

2019-11-27 06:14:57 - [TEST_STEP][PASSED] - tap(findTestObject("Borrower/Borrower - Identitas/Borrower_BtnCekDataPelanggan"), 0): Tapped on element 'Object Repository/Borrower/Borrower - Identitas/Borrower_BtnCekDataPelanggan'

2019-11-27 06:14:57 - [MESSAGE][WARNING] - Timeout '0' is invalid. Using default page load timeout: '30'

2019-11-27 06:14:59 - [MESSAGE][PASSED] - Tapped on element 'Object Repository/Borrower/Borrower - Identitas/Borrower_BtnCekDataPelanggan'

2019-11-27 06:14:59 - [TEST_STEP][PASSED] - waitForElementPresent(findTestObject("Borrower/Borrower - Identitas/Borrower_BtnConfirm"), 120): Object Object Repository/Borrower/Borrower - Identitas/Borrower_BtnConfirm not found

2019-11-27 06:17:00 - [MESSAGE][WARNING] - Object Object Repository/Borrower/Borrower - Identitas/Borrower_BtnConfirm not found

2019-11-27 06:17:00 - [TEST_STEP][FAILED] - tap(findTestObject("Borrower/Borrower - Identitas/Borrower_BtnCheckBox"), 60): Failed to tap on element 'Object Repository/Borrower/Borrower - Identitas/Borrower_BtnCheckBox' (Root cause: com.kms.katalon.core.exception.StepFailedException: Object Object Repository/Borrower/Borrower - Identitas/Borrower_BtnCheckBox not found
	at com.kms.katalon.core.keyword.internal.KeywordMain.stepFailed(KeywordMain.groovy:50)
	at com.kms.katalon.core.mobile.keyword.internal.MobileKeywordMain.stepFailed(MobileKeywordMain.groovy:40)
	at com.kms.katalon.core.mobile.keyword.builtin.TapKeyword$_tap_closure1.doCall(TapKeyword.groovy:79)
	at com.kms.katalon.core.mobile.keyword.builtin.TapKeyword$_tap_closure1.call(TapKeyword.groovy)
	at com.kms.katalon.core.mobile.keyword.internal.MobileKeywordMain.runKeyword(MobileKeywordMain.groovy:21)
	at com.kms.katalon.core.mobile.keyword.builtin.TapKeyword.tap(TapKeyword.groovy:86)
	at com.kms.katalon.core.mobile.keyword.builtin.TapKeyword.execute(TapKeyword.groovy:68)
	at com.kms.katalon.core.keyword.internal.KeywordExecutor.executeKeywordForPlatform(KeywordExecutor.groovy:60)
	at com.kms.katalon.core.mobile.keyword.MobileBuiltInKeywords.tap(MobileBuiltInKeywords.groovy:520)
	at com.kms.katalon.core.mobile.keyword.MobileBuiltInKeywords$tap$1.call(Unknown Source)
	at TC_Borrower - Identitas - MASTER FLOW.run(TC_Borrower - Identitas - MASTER FLOW:52)
	at com.kms.katalon.core.main.ScriptEngine.run(ScriptEngine.java:194)
	at com.kms.katalon.core.main.ScriptEngine.runScriptAsRawText(ScriptEngine.java:119)
	at com.kms.katalon.core.main.TestCaseExecutor.runScript(TestCaseExecutor.java:337)
	at com.kms.katalon.core.main.TestCaseExecutor.doExecute(TestCaseExecutor.java:328)
	at com.kms.katalon.core.main.TestCaseExecutor.processExecutionPhase(TestCaseExecutor.java:307)
	at com.kms.katalon.core.main.TestCaseExecutor.accessMainPhase(TestCaseExecutor.java:299)
	at com.kms.katalon.core.main.TestCaseExecutor.execute(TestCaseExecutor.java:233)
	at com.kms.katalon.core.main.TestCaseMain.runTestCase(TestCaseMain.java:114)
	at com.kms.katalon.core.keyword.builtin.CallTestCaseKeyword$_callTestCase_closure1.doCall(CallTestCaseKeyword.groovy:59)
	at com.kms.katalon.core.keyword.builtin.CallTestCaseKeyword$_callTestCase_closure1.call(CallTestCaseKeyword.groovy)
	at com.kms.katalon.core.keyword.internal.KeywordMain.runKeyword(KeywordMain.groovy:68)
	at com.kms.katalon.core.keyword.builtin.CallTestCaseKeyword.callTestCase(CallTestCaseKeyword.groovy:81)
	at com.kms.katalon.core.keyword.builtin.CallTestCaseKeyword.execute(CallTestCaseKeyword.groovy:44)
	at com.kms.katalon.core.keyword.internal.KeywordExecutor.executeKeywordForPlatform(KeywordExecutor.groovy:60)
	at com.kms.katalon.core.keyword.BuiltinKeywords.callTestCase(BuiltinKeywords.groovy:334)
	at Flow Borrower.run(Flow Borrower:16)
	at com.kms.katalon.core.main.ScriptEngine.run(ScriptEngine.java:194)
	at com.kms.katalon.core.main.ScriptEngine.runScriptAsRawText(ScriptEngine.java:119)
	at com.kms.katalon.core.main.TestCaseExecutor.runScript(TestCaseExecutor.java:337)
	at com.kms.katalon.core.main.TestCaseExecutor.doExecute(TestCaseExecutor.java:328)
	at com.kms.katalon.core.main.TestCaseExecutor.processExecutionPhase(TestCaseExecutor.java:307)
	at com.kms.katalon.core.main.TestCaseExecutor.accessMainPhase(TestCaseExecutor.java:299)
	at com.kms.katalon.core.main.TestCaseExecutor.execute(TestCaseExecutor.java:233)
	at com.kms.katalon.core.main.TestCaseMain.runTestCase(TestCaseMain.java:114)
	at com.kms.katalon.core.keyword.builtin.CallTestCaseKeyword$_callTestCase_closure1.doCall(CallTestCaseKeyword.groovy:59)
	at com.kms.katalon.core.keyword.builtin.CallTestCaseKeyword$_callTestCase_closure1.call(CallTestCaseKeyword.groovy)
	at com.kms.katalon.core.keyword.internal.KeywordMain.runKeyword(KeywordMain.groovy:68)
	at com.kms.katalon.core.keyword.builtin.CallTestCaseKeyword.callTestCase(CallTestCaseKeyword.groovy:81)
	at com.kms.katalon.core.keyword.builtin.CallTestCaseKeyword.execute(CallTestCaseKeyword.groovy:44)
	at com.kms.katalon.core.keyword.internal.KeywordExecutor.executeKeywordForPlatform(KeywordExecutor.groovy:60)
	at com.kms.katalon.core.keyword.BuiltinKeywords.callTestCase(BuiltinKeywords.groovy:334)
	at TC_Data Entry.run(TC_Data Entry:42)
	at com.kms.katalon.core.main.ScriptEngine.run(ScriptEngine.java:194)
	at com.kms.katalon.core.main.ScriptEngine.runScriptAsRawText(ScriptEngine.java:119)
	at com.kms.katalon.core.main.TestCaseExecutor.runScript(TestCaseExecutor.java:337)
	at com.kms.katalon.core.main.TestCaseExecutor.doExecute(TestCaseExecutor.java:328)
	at com.kms.katalon.core.main.TestCaseExecutor.processExecutionPhase(TestCaseExecutor.java:307)
	at com.kms.katalon.core.main.TestCaseExecutor.accessMainPhase(TestCaseExecutor.java:299)
	at com.kms.katalon.core.main.TestCaseExecutor.execute(TestCaseExecutor.java:233)
	at com.kms.katalon.core.main.TestSuiteExecutor.accessTestCaseMainPhase(TestSuiteExecutor.java:169)
	at com.kms.katalon.core.main.TestSuiteExecutor.accessTestSuiteMainPhase(TestSuiteExecutor.java:142)
	at com.kms.katalon.core.main.TestSuiteExecutor.execute(TestSuiteExecutor.java:91)
	at com.kms.katalon.core.main.TestCaseMain.startTestSuite(TestCaseMain.java:157)
	at com.kms.katalon.core.main.TestCaseMain$startTestSuite$0.call(Unknown Source)
	at TempTestSuite1574807893706.run(TempTestSuite1574807893706.groovy:36)
)

2019-11-27 06:18:02 - [MESSAGE][FAILED] - Object Object Repository/Borrower/Borrower - Identitas/Borrower_BtnCheckBox not found
[[ATTACHMENT|C:\\Users\\15420\\git\\ACCME-Dupcheck\\Reports\\20191127_053813\\data entry dupcek\\20191127_053813\\1574810281323.png]]

2019-11-27 06:18:04 - [MESSAGE][FAILED] - Failed to tap on element 'Object Repository/Borrower/Borrower - Identitas/Borrower_BtnCheckBox' (Root cause: com.kms.katalon.core.exception.StepFailedException: Object Object Repository/Borrower/Borrower - Identitas/Borrower_BtnCheckBox not found
	at com.kms.katalon.core.keyword.internal.KeywordMain.stepFailed(KeywordMain.groovy:50)
	at com.kms.katalon.core.mobile.keyword.internal.MobileKeywordMain.stepFailed(MobileKeywordMain.groovy:40)
	at com.kms.katalon.core.mobile.keyword.builtin.TapKeyword$_tap_closure1.doCall(TapKeyword.groovy:79)
	at com.kms.katalon.core.mobile.keyword.builtin.TapKeyword$_tap_closure1.call(TapKeyword.groovy)
	at com.kms.katalon.core.mobile.keyword.internal.MobileKeywordMain.runKeyword(MobileKeywordMain.groovy:21)
	at com.kms.katalon.core.mobile.keyword.builtin.TapKeyword.tap(TapKeyword.groovy:86)
	at com.kms.katalon.core.mobile.keyword.builtin.TapKeyword.execute(TapKeyword.groovy:68)
	at com.kms.katalon.core.keyword.internal.KeywordExecutor.executeKeywordForPlatform(KeywordExecutor.groovy:60)
	at com.kms.katalon.core.mobile.keyword.MobileBuiltInKeywords.tap(MobileBuiltInKeywords.groovy:520)
	at com.kms.katalon.core.mobile.keyword.MobileBuiltInKeywords$tap$1.call(Unknown Source)
	at TC_Borrower - Identitas - MASTER FLOW.run(TC_Borrower - Identitas - MASTER FLOW:52)
	at com.kms.katalon.core.main.ScriptEngine.run(ScriptEngine.java:194)
	at com.kms.katalon.core.main.ScriptEngine.runScriptAsRawText(ScriptEngine.java:119)
	at com.kms.katalon.core.main.TestCaseExecutor.runScript(TestCaseExecutor.java:337)
	at com.kms.katalon.core.main.TestCaseExecutor.doExecute(TestCaseExecutor.java:328)
	at com.kms.katalon.core.main.TestCaseExecutor.processExecutionPhase(TestCaseExecutor.java:307)
	at com.kms.katalon.core.main.TestCaseExecutor.accessMainPhase(TestCaseExecutor.java:299)
	at com.kms.katalon.core.main.TestCaseExecutor.execute(TestCaseExecutor.java:233)
	at com.kms.katalon.core.main.TestCaseMain.runTestCase(TestCaseMain.java:114)
	at com.kms.katalon.core.keyword.builtin.CallTestCaseKeyword$_callTestCase_closure1.doCall(CallTestCaseKeyword.groovy:59)
	at com.kms.katalon.core.keyword.builtin.CallTestCaseKeyword$_callTestCase_closure1.call(CallTestCaseKeyword.groovy)
	at com.kms.katalon.core.keyword.internal.KeywordMain.runKeyword(KeywordMain.groovy:68)
	at com.kms.katalon.core.keyword.builtin.CallTestCaseKeyword.callTestCase(CallTestCaseKeyword.groovy:81)
	at com.kms.katalon.core.keyword.builtin.CallTestCaseKeyword.execute(CallTestCaseKeyword.groovy:44)
	at com.kms.katalon.core.keyword.internal.KeywordExecutor.executeKeywordForPlatform(KeywordExecutor.groovy:60)
	at com.kms.katalon.core.keyword.BuiltinKeywords.callTestCase(BuiltinKeywords.groovy:334)
	at Flow Borrower.run(Flow Borrower:16)
	at com.kms.katalon.core.main.ScriptEngine.run(ScriptEngine.java:194)
	at com.kms.katalon.core.main.ScriptEngine.runScriptAsRawText(ScriptEngine.java:119)
	at com.kms.katalon.core.main.TestCaseExecutor.runScript(TestCaseExecutor.java:337)
	at com.kms.katalon.core.main.TestCaseExecutor.doExecute(TestCaseExecutor.java:328)
	at com.kms.katalon.core.main.TestCaseExecutor.processExecutionPhase(TestCaseExecutor.java:307)
	at com.kms.katalon.core.main.TestCaseExecutor.accessMainPhase(TestCaseExecutor.java:299)
	at com.kms.katalon.core.main.TestCaseExecutor.execute(TestCaseExecutor.java:233)
	at com.kms.katalon.core.main.TestCaseMain.runTestCase(TestCaseMain.java:114)
	at com.kms.katalon.core.keyword.builtin.CallTestCaseKeyword$_callTestCase_closure1.doCall(CallTestCaseKeyword.groovy:59)
	at com.kms.katalon.core.keyword.builtin.CallTestCaseKeyword$_callTestCase_closure1.call(CallTestCaseKeyword.groovy)
	at com.kms.katalon.core.keyword.internal.KeywordMain.runKeyword(KeywordMain.groovy:68)
	at com.kms.katalon.core.keyword.builtin.CallTestCaseKeyword.callTestCase(CallTestCaseKeyword.groovy:81)
	at com.kms.katalon.core.keyword.builtin.CallTestCaseKeyword.execute(CallTestCaseKeyword.groovy:44)
	at com.kms.katalon.core.keyword.internal.KeywordExecutor.executeKeywordForPlatform(KeywordExecutor.groovy:60)
	at com.kms.katalon.core.keyword.BuiltinKeywords.callTestCase(BuiltinKeywords.groovy:334)
	at TC_Data Entry.run(TC_Data Entry:42)
	at com.kms.katalon.core.main.ScriptEngine.run(ScriptEngine.java:194)
	at com.kms.katalon.core.main.ScriptEngine.runScriptAsRawText(ScriptEngine.java:119)
	at com.kms.katalon.core.main.TestCaseExecutor.runScript(TestCaseExecutor.java:337)
	at com.kms.katalon.core.main.TestCaseExecutor.doExecute(TestCaseExecutor.java:328)
	at com.kms.katalon.core.main.TestCaseExecutor.processExecutionPhase(TestCaseExecutor.java:307)
	at com.kms.katalon.core.main.TestCaseExecutor.accessMainPhase(TestCaseExecutor.java:299)
	at com.kms.katalon.core.main.TestCaseExecutor.execute(TestCaseExecutor.java:233)
	at com.kms.katalon.core.main.TestSuiteExecutor.accessTestCaseMainPhase(TestSuiteExecutor.java:169)
	at com.kms.katalon.core.main.TestSuiteExecutor.accessTestSuiteMainPhase(TestSuiteExecutor.java:142)
	at com.kms.katalon.core.main.TestSuiteExecutor.execute(TestSuiteExecutor.java:91)
	at com.kms.katalon.core.main.TestCaseMain.startTestSuite(TestCaseMain.java:157)
	at com.kms.katalon.core.main.TestCaseMain$startTestSuite$0.call(Unknown Source)
	at TempTestSuite1574807893706.run(TempTestSuite1574807893706.groovy:36)
)
[[ATTACHMENT|C:\\Users\\15420\\git\\ACCME-Dupcheck\\Reports\\20191127_053813\\data entry dupcek\\20191127_053813\\1574810282998.png]]

2019-11-27 06:18:04 - [MESSAGE][FAILED] - Unable to call Test Case 'Test Cases/Data Entry/Borrower/Borrower - Identitas/MASTER FLOW/TC_Borrower - Identitas - MASTER FLOW' (Root cause: com.kms.katalon.core.exception.StepFailedException: Call Test Case 'Test Cases/Data Entry/Borrower/Borrower - Identitas/MASTER FLOW/TC_Borrower - Identitas - MASTER FLOW' failed
	at com.kms.katalon.core.keyword.builtin.CallTestCaseKeyword$_callTestCase_closure1.doCall(CallTestCaseKeyword.groovy:63)
	at com.kms.katalon.core.keyword.builtin.CallTestCaseKeyword$_callTestCase_closure1.call(CallTestCaseKeyword.groovy)
	at com.kms.katalon.core.keyword.internal.KeywordMain.runKeyword(KeywordMain.groovy:68)
	at com.kms.katalon.core.keyword.builtin.CallTestCaseKeyword.callTestCase(CallTestCaseKeyword.groovy:81)
	at com.kms.katalon.core.keyword.builtin.CallTestCaseKeyword.execute(CallTestCaseKeyword.groovy:44)
	at com.kms.katalon.core.keyword.internal.KeywordExecutor.executeKeywordForPlatform(KeywordExecutor.groovy:60)
	at com.kms.katalon.core.keyword.BuiltinKeywords.callTestCase(BuiltinKeywords.groovy:334)
	at Flow Borrower.run(Flow Borrower:16)
	at com.kms.katalon.core.main.ScriptEngine.run(ScriptEngine.java:194)
	at com.kms.katalon.core.main.ScriptEngine.runScriptAsRawText(ScriptEngine.java:119)
	at com.kms.katalon.core.main.TestCaseExecutor.runScript(TestCaseExecutor.java:337)
	at com.kms.katalon.core.main.TestCaseExecutor.doExecute(TestCaseExecutor.java:328)
	at com.kms.katalon.core.main.TestCaseExecutor.processExecutionPhase(TestCaseExecutor.java:307)
	at com.kms.katalon.core.main.TestCaseExecutor.accessMainPhase(TestCaseExecutor.java:299)
	at com.kms.katalon.core.main.TestCaseExecutor.execute(TestCaseExecutor.java:233)
	at com.kms.katalon.core.main.TestCaseMain.runTestCase(TestCaseMain.java:114)
	at com.kms.katalon.core.keyword.builtin.CallTestCaseKeyword$_callTestCase_closure1.doCall(CallTestCaseKeyword.groovy:59)
	at com.kms.katalon.core.keyword.builtin.CallTestCaseKeyword$_callTestCase_closure1.call(CallTestCaseKeyword.groovy)
	at com.kms.katalon.core.keyword.internal.KeywordMain.runKeyword(KeywordMain.groovy:68)
	at com.kms.katalon.core.keyword.builtin.CallTestCaseKeyword.callTestCase(CallTestCaseKeyword.groovy:81)
	at com.kms.katalon.core.keyword.builtin.CallTestCaseKeyword.execute(CallTestCaseKeyword.groovy:44)
	at com.kms.katalon.core.keyword.internal.KeywordExecutor.executeKeywordForPlatform(KeywordExecutor.groovy:60)
	at com.kms.katalon.core.keyword.BuiltinKeywords.callTestCase(BuiltinKeywords.groovy:334)
	at TC_Data Entry.run(TC_Data Entry:42)
	at com.kms.katalon.core.main.ScriptEngine.run(ScriptEngine.java:194)
	at com.kms.katalon.core.main.ScriptEngine.runScriptAsRawText(ScriptEngine.java:119)
	at com.kms.katalon.core.main.TestCaseExecutor.runScript(TestCaseExecutor.java:337)
	at com.kms.katalon.core.main.TestCaseExecutor.doExecute(TestCaseExecutor.java:328)
	at com.kms.katalon.core.main.TestCaseExecutor.processExecutionPhase(TestCaseExecutor.java:307)
	at com.kms.katalon.core.main.TestCaseExecutor.accessMainPhase(TestCaseExecutor.java:299)
	at com.kms.katalon.core.main.TestCaseExecutor.execute(TestCaseExecutor.java:233)
	at com.kms.katalon.core.main.TestSuiteExecutor.accessTestCaseMainPhase(TestSuiteExecutor.java:169)
	at com.kms.katalon.core.main.TestSuiteExecutor.accessTestSuiteMainPhase(TestSuiteExecutor.java:142)
	at com.kms.katalon.core.main.TestSuiteExecutor.execute(TestSuiteExecutor.java:91)
	at com.kms.katalon.core.main.TestCaseMain.startTestSuite(TestCaseMain.java:157)
	at com.kms.katalon.core.main.TestCaseMain$startTestSuite$0.call(Unknown Source)
	at TempTestSuite1574807893706.run(TempTestSuite1574807893706.groovy:36)
Caused by: com.kms.katalon.core.exception.StepFailedException: Object Object Repository/Borrower/Borrower - Identitas/Borrower_BtnCheckBox not found
	at com.kms.katalon.core.keyword.internal.KeywordMain.stepFailed(KeywordMain.groovy:50)
	at com.kms.katalon.core.mobile.keyword.internal.MobileKeywordMain.stepFailed(MobileKeywordMain.groovy:40)
	at com.kms.katalon.core.mobile.keyword.builtin.TapKeyword$_tap_closure1.doCall(TapKeyword.groovy:79)
	at com.kms.katalon.core.mobile.keyword.builtin.TapKeyword$_tap_closure1.call(TapKeyword.groovy)
	at com.kms.katalon.core.mobile.keyword.internal.MobileKeywordMain.runKeyword(MobileKeywordMain.groovy:21)
	at com.kms.katalon.core.mobile.keyword.builtin.TapKeyword.tap(TapKeyword.groovy:86)
	at com.kms.katalon.core.mobile.keyword.builtin.TapKeyword.execute(TapKeyword.groovy:68)
	at com.kms.katalon.core.keyword.internal.KeywordExecutor.executeKeywordForPlatform(KeywordExecutor.groovy:60)
	at com.kms.katalon.core.mobile.keyword.MobileBuiltInKeywords.tap(MobileBuiltInKeywords.groovy:520)
	at com.kms.katalon.core.mobile.keyword.MobileBuiltInKeywords$tap$1.call(Unknown Source)
	at TC_Borrower - Identitas - MASTER FLOW.run(TC_Borrower - Identitas - MASTER FLOW:52)
	at com.kms.katalon.core.main.ScriptEngine.run(ScriptEngine.java:194)
	at com.kms.katalon.core.main.ScriptEngine.runScriptAsRawText(ScriptEngine.java:119)
	at com.kms.katalon.core.main.TestCaseExecutor.runScript(TestCaseExecutor.java:337)
	at com.kms.katalon.core.main.TestCaseExecutor.doExecute(TestCaseExecutor.java:328)
	at com.kms.katalon.core.main.TestCaseExecutor.processExecutionPhase(TestCaseExecutor.java:307)
	at com.kms.katalon.core.main.TestCaseExecutor.accessMainPhase(TestCaseExecutor.java:299)
	at com.kms.katalon.core.main.TestCaseExecutor.execute(TestCaseExecutor.java:233)
	at com.kms.katalon.core.main.TestCaseMain.runTestCase(TestCaseMain.java:114)
	at com.kms.katalon.core.keyword.builtin.CallTestCaseKeyword$_callTestCase_closure1.doCall(CallTestCaseKeyword.groovy:59)
	... 36 more
)

2019-11-27 06:18:04 - [MESSAGE][FAILED] - Unable to call Test Case 'Test Cases/Data Entry/Borrower/Flow Borrower' (Root cause: com.kms.katalon.core.exception.StepFailedException: Call Test Case 'Test Cases/Data Entry/Borrower/Flow Borrower' failed
	at com.kms.katalon.core.keyword.builtin.CallTestCaseKeyword$_callTestCase_closure1.doCall(CallTestCaseKeyword.groovy:63)
	at com.kms.katalon.core.keyword.builtin.CallTestCaseKeyword$_callTestCase_closure1.call(CallTestCaseKeyword.groovy)
	at com.kms.katalon.core.keyword.internal.KeywordMain.runKeyword(KeywordMain.groovy:68)
	at com.kms.katalon.core.keyword.builtin.CallTestCaseKeyword.callTestCase(CallTestCaseKeyword.groovy:81)
	at com.kms.katalon.core.keyword.builtin.CallTestCaseKeyword.execute(CallTestCaseKeyword.groovy:44)
	at com.kms.katalon.core.keyword.internal.KeywordExecutor.executeKeywordForPlatform(KeywordExecutor.groovy:60)
	at com.kms.katalon.core.keyword.BuiltinKeywords.callTestCase(BuiltinKeywords.groovy:334)
	at TC_Data Entry.run(TC_Data Entry:42)
	at com.kms.katalon.core.main.ScriptEngine.run(ScriptEngine.java:194)
	at com.kms.katalon.core.main.ScriptEngine.runScriptAsRawText(ScriptEngine.java:119)
	at com.kms.katalon.core.main.TestCaseExecutor.runScript(TestCaseExecutor.java:337)
	at com.kms.katalon.core.main.TestCaseExecutor.doExecute(TestCaseExecutor.java:328)
	at com.kms.katalon.core.main.TestCaseExecutor.processExecutionPhase(TestCaseExecutor.java:307)
	at com.kms.katalon.core.main.TestCaseExecutor.accessMainPhase(TestCaseExecutor.java:299)
	at com.kms.katalon.core.main.TestCaseExecutor.execute(TestCaseExecutor.java:233)
	at com.kms.katalon.core.main.TestSuiteExecutor.accessTestCaseMainPhase(TestSuiteExecutor.java:169)
	at com.kms.katalon.core.main.TestSuiteExecutor.accessTestSuiteMainPhase(TestSuiteExecutor.java:142)
	at com.kms.katalon.core.main.TestSuiteExecutor.execute(TestSuiteExecutor.java:91)
	at com.kms.katalon.core.main.TestCaseMain.startTestSuite(TestCaseMain.java:157)
	at com.kms.katalon.core.main.TestCaseMain$startTestSuite$0.call(Unknown Source)
	at TempTestSuite1574807893706.run(TempTestSuite1574807893706.groovy:36)
Caused by: com.kms.katalon.core.exception.StepFailedException: Call Test Case 'Test Cases/Data Entry/Borrower/Borrower - Identitas/MASTER FLOW/TC_Borrower - Identitas - MASTER FLOW' failed
	at com.kms.katalon.core.keyword.builtin.CallTestCaseKeyword$_callTestCase_closure1.doCall(CallTestCaseKeyword.groovy:63)
	at com.kms.katalon.core.keyword.builtin.CallTestCaseKeyword$_callTestCase_closure1.call(CallTestCaseKeyword.groovy)
	at com.kms.katalon.core.keyword.internal.KeywordMain.runKeyword(KeywordMain.groovy:68)
	at com.kms.katalon.core.keyword.builtin.CallTestCaseKeyword.callTestCase(CallTestCaseKeyword.groovy:81)
	at com.kms.katalon.core.keyword.builtin.CallTestCaseKeyword.execute(CallTestCaseKeyword.groovy:44)
	at com.kms.katalon.core.keyword.internal.KeywordExecutor.executeKeywordForPlatform(KeywordExecutor.groovy:60)
	at com.kms.katalon.core.keyword.BuiltinKeywords.callTestCase(BuiltinKeywords.groovy:334)
	at Flow Borrower.run(Flow Borrower:16)
	at com.kms.katalon.core.main.ScriptEngine.run(ScriptEngine.java:194)
	at com.kms.katalon.core.main.ScriptEngine.runScriptAsRawText(ScriptEngine.java:119)
	at com.kms.katalon.core.main.TestCaseExecutor.runScript(TestCaseExecutor.java:337)
	at com.kms.katalon.core.main.TestCaseExecutor.doExecute(TestCaseExecutor.java:328)
	at com.kms.katalon.core.main.TestCaseExecutor.processExecutionPhase(TestCaseExecutor.java:307)
	at com.kms.katalon.core.main.TestCaseExecutor.accessMainPhase(TestCaseExecutor.java:299)
	at com.kms.katalon.core.main.TestCaseExecutor.execute(TestCaseExecutor.java:233)
	at com.kms.katalon.core.main.TestCaseMain.runTestCase(TestCaseMain.java:114)
	at com.kms.katalon.core.keyword.builtin.CallTestCaseKeyword$_callTestCase_closure1.doCall(CallTestCaseKeyword.groovy:59)
	... 20 more
Caused by: com.kms.katalon.core.exception.StepFailedException: Object Object Repository/Borrower/Borrower - Identitas/Borrower_BtnCheckBox not found
	at com.kms.katalon.core.keyword.internal.KeywordMain.stepFailed(KeywordMain.groovy:50)
	at com.kms.katalon.core.mobile.keyword.internal.MobileKeywordMain.stepFailed(MobileKeywordMain.groovy:40)
	at com.kms.katalon.core.mobile.keyword.builtin.TapKeyword$_tap_closure1.doCall(TapKeyword.groovy:79)
	at com.kms.katalon.core.mobile.keyword.builtin.TapKeyword$_tap_closure1.call(TapKeyword.groovy)
	at com.kms.katalon.core.mobile.keyword.internal.MobileKeywordMain.runKeyword(MobileKeywordMain.groovy:21)
	at com.kms.katalon.core.mobile.keyword.builtin.TapKeyword.tap(TapKeyword.groovy:86)
	at com.kms.katalon.core.mobile.keyword.builtin.TapKeyword.execute(TapKeyword.groovy:68)
	at com.kms.katalon.core.keyword.internal.KeywordExecutor.executeKeywordForPlatform(KeywordExecutor.groovy:60)
	at com.kms.katalon.core.mobile.keyword.MobileBuiltInKeywords.tap(MobileBuiltInKeywords.groovy:520)
	at com.kms.katalon.core.mobile.keyword.MobileBuiltInKeywords$tap$1.call(Unknown Source)
	at TC_Borrower - Identitas - MASTER FLOW.run(TC_Borrower - Identitas - MASTER FLOW:52)
	at com.kms.katalon.core.main.ScriptEngine.run(ScriptEngine.java:194)
	at com.kms.katalon.core.main.ScriptEngine.runScriptAsRawText(ScriptEngine.java:119)
	at com.kms.katalon.core.main.TestCaseExecutor.runScript(TestCaseExecutor.java:337)
	at com.kms.katalon.core.main.TestCaseExecutor.doExecute(TestCaseExecutor.java:328)
	at com.kms.katalon.core.main.TestCaseExecutor.processExecutionPhase(TestCaseExecutor.java:307)
	at com.kms.katalon.core.main.TestCaseExecutor.accessMainPhase(TestCaseExecutor.java:299)
	at com.kms.katalon.core.main.TestCaseExecutor.execute(TestCaseExecutor.java:233)
	at com.kms.katalon.core.main.TestCaseMain.runTestCase(TestCaseMain.java:114)
	at com.kms.katalon.core.keyword.builtin.CallTestCaseKeyword$_callTestCase_closure1.doCall(CallTestCaseKeyword.groovy:59)
	... 36 more
)]]></system-out>
         <system-err><![CDATA[2019-11-27 06:07:15 - [TEST_CASE][FAILED] - Test Cases/Data Entry/TC_Data Entry: Test Cases/Data Entry/TC_Data Entry FAILED.
Reason:
com.kms.katalon.core.exception.StepFailedException: Call Test Case 'Test Cases/Data Entry/Borrower/Flow Borrower' failed
	at com.kms.katalon.core.keyword.builtin.CallTestCaseKeyword$_callTestCase_closure1.doCall(CallTestCaseKeyword.groovy:63)
	at com.kms.katalon.core.keyword.builtin.CallTestCaseKeyword$_callTestCase_closure1.call(CallTestCaseKeyword.groovy)
	at com.kms.katalon.core.keyword.internal.KeywordMain.runKeyword(KeywordMain.groovy:68)
	at com.kms.katalon.core.keyword.builtin.CallTestCaseKeyword.callTestCase(CallTestCaseKeyword.groovy:81)
	at com.kms.katalon.core.keyword.builtin.CallTestCaseKeyword.execute(CallTestCaseKeyword.groovy:44)
	at com.kms.katalon.core.keyword.internal.KeywordExecutor.executeKeywordForPlatform(KeywordExecutor.groovy:60)
	at com.kms.katalon.core.keyword.BuiltinKeywords.callTestCase(BuiltinKeywords.groovy:334)
	at TC_Data Entry.run(TC_Data Entry:42)
	at com.kms.katalon.core.main.ScriptEngine.run(ScriptEngine.java:194)
	at com.kms.katalon.core.main.ScriptEngine.runScriptAsRawText(ScriptEngine.java:119)
	at com.kms.katalon.core.main.TestCaseExecutor.runScript(TestCaseExecutor.java:337)
	at com.kms.katalon.core.main.TestCaseExecutor.doExecute(TestCaseExecutor.java:328)
	at com.kms.katalon.core.main.TestCaseExecutor.processExecutionPhase(TestCaseExecutor.java:307)
	at com.kms.katalon.core.main.TestCaseExecutor.accessMainPhase(TestCaseExecutor.java:299)
	at com.kms.katalon.core.main.TestCaseExecutor.execute(TestCaseExecutor.java:233)
	at com.kms.katalon.core.main.TestSuiteExecutor.accessTestCaseMainPhase(TestSuiteExecutor.java:169)
	at com.kms.katalon.core.main.TestSuiteExecutor.accessTestSuiteMainPhase(TestSuiteExecutor.java:142)
	at com.kms.katalon.core.main.TestSuiteExecutor.execute(TestSuiteExecutor.java:91)
	at com.kms.katalon.core.main.TestCaseMain.startTestSuite(TestCaseMain.java:157)
	at com.kms.katalon.core.main.TestCaseMain$startTestSuite$0.call(Unknown Source)
	at TempTestSuite1574807893706.run(TempTestSuite1574807893706.groovy:36)
Caused by: com.kms.katalon.core.exception.StepFailedException: Call Test Case 'Test Cases/Data Entry/Borrower/Borrower - Identitas/MASTER FLOW/TC_Borrower - Identitas - MASTER FLOW' failed
	at com.kms.katalon.core.keyword.builtin.CallTestCaseKeyword$_callTestCase_closure1.doCall(CallTestCaseKeyword.groovy:63)
	at com.kms.katalon.core.keyword.builtin.CallTestCaseKeyword$_callTestCase_closure1.call(CallTestCaseKeyword.groovy)
	at com.kms.katalon.core.keyword.internal.KeywordMain.runKeyword(KeywordMain.groovy:68)
	at com.kms.katalon.core.keyword.builtin.CallTestCaseKeyword.callTestCase(CallTestCaseKeyword.groovy:81)
	at com.kms.katalon.core.keyword.builtin.CallTestCaseKeyword.execute(CallTestCaseKeyword.groovy:44)
	at com.kms.katalon.core.keyword.internal.KeywordExecutor.executeKeywordForPlatform(KeywordExecutor.groovy:60)
	at com.kms.katalon.core.keyword.BuiltinKeywords.callTestCase(BuiltinKeywords.groovy:334)
	at Flow Borrower.run(Flow Borrower:16)
	at com.kms.katalon.core.main.ScriptEngine.run(ScriptEngine.java:194)
	at com.kms.katalon.core.main.ScriptEngine.runScriptAsRawText(ScriptEngine.java:119)
	at com.kms.katalon.core.main.TestCaseExecutor.runScript(TestCaseExecutor.java:337)
	at com.kms.katalon.core.main.TestCaseExecutor.doExecute(TestCaseExecutor.java:328)
	at com.kms.katalon.core.main.TestCaseExecutor.processExecutionPhase(TestCaseExecutor.java:307)
	at com.kms.katalon.core.main.TestCaseExecutor.accessMainPhase(TestCaseExecutor.java:299)
	at com.kms.katalon.core.main.TestCaseExecutor.execute(TestCaseExecutor.java:233)
	at com.kms.katalon.core.main.TestCaseMain.runTestCase(TestCaseMain.java:114)
	at com.kms.katalon.core.keyword.builtin.CallTestCaseKeyword$_callTestCase_closure1.doCall(CallTestCaseKeyword.groovy:59)
	... 20 more
Caused by: com.kms.katalon.core.exception.StepFailedException: Object Object Repository/Borrower/Borrower - Identitas/Borrower_BtnCheckBox not found
	at com.kms.katalon.core.keyword.internal.KeywordMain.stepFailed(KeywordMain.groovy:50)
	at com.kms.katalon.core.mobile.keyword.internal.MobileKeywordMain.stepFailed(MobileKeywordMain.groovy:40)
	at com.kms.katalon.core.mobile.keyword.builtin.TapKeyword$_tap_closure1.doCall(TapKeyword.groovy:79)
	at com.kms.katalon.core.mobile.keyword.builtin.TapKeyword$_tap_closure1.call(TapKeyword.groovy)
	at com.kms.katalon.core.mobile.keyword.internal.MobileKeywordMain.runKeyword(MobileKeywordMain.groovy:21)
	at com.kms.katalon.core.mobile.keyword.builtin.TapKeyword.tap(TapKeyword.groovy:86)
	at com.kms.katalon.core.mobile.keyword.builtin.TapKeyword.execute(TapKeyword.groovy:68)
	at com.kms.katalon.core.keyword.internal.KeywordExecutor.executeKeywordForPlatform(KeywordExecutor.groovy:60)
	at com.kms.katalon.core.mobile.keyword.MobileBuiltInKeywords.tap(MobileBuiltInKeywords.groovy:520)
	at com.kms.katalon.core.mobile.keyword.MobileBuiltInKeywords$tap$1.call(Unknown Source)
	at TC_Borrower - Identitas - MASTER FLOW.run(TC_Borrower - Identitas - MASTER FLOW:52)
	at com.kms.katalon.core.main.ScriptEngine.run(ScriptEngine.java:194)
	at com.kms.katalon.core.main.ScriptEngine.runScriptAsRawText(ScriptEngine.java:119)
	at com.kms.katalon.core.main.TestCaseExecutor.runScript(TestCaseExecutor.java:337)
	at com.kms.katalon.core.main.TestCaseExecutor.doExecute(TestCaseExecutor.java:328)
	at com.kms.katalon.core.main.TestCaseExecutor.processExecutionPhase(TestCaseExecutor.java:307)
	at com.kms.katalon.core.main.TestCaseExecutor.accessMainPhase(TestCaseExecutor.java:299)
	at com.kms.katalon.core.main.TestCaseExecutor.execute(TestCaseExecutor.java:233)
	at com.kms.katalon.core.main.TestCaseMain.runTestCase(TestCaseMain.java:114)
	at com.kms.katalon.core.keyword.builtin.CallTestCaseKeyword$_callTestCase_closure1.doCall(CallTestCaseKeyword.groovy:59)
	... 36 more]]></system-err>
      </testcase>
      <testcase name="Test Cases/Data Entry/TC_Data Entry" time="63.878" classname="Test Cases/Data Entry/TC_Data Entry" status="FAILED">
         <failure type="FAILED" message="Test Cases/Data Entry/TC_Data Entry FAILED.
Reason:
com.kms.katalon.core.exception.StepFailedException: Call Test Case 'Test Cases/Data Entry/Simulasi Kredit/Simulasi Kredit - Asuransi/MASTER FLOW/TC_Asuransi - MASTER FLOW' failed
	at com.kms.katalon.core.keyword.builtin.CallTestCaseKeyword$_callTestCase_closure1.doCall(CallTestCaseKeyword.groovy:63)
	at com.kms.katalon.core.keyword.builtin.CallTestCaseKeyword$_callTestCase_closure1.call(CallTestCaseKeyword.groovy)
	at com.kms.katalon.core.keyword.internal.KeywordMain.runKeyword(KeywordMain.groovy:68)
	at com.kms.katalon.core.keyword.builtin.CallTestCaseKeyword.callTestCase(CallTestCaseKeyword.groovy:81)
	at com.kms.katalon.core.keyword.builtin.CallTestCaseKeyword.execute(CallTestCaseKeyword.groovy:44)
	at com.kms.katalon.core.keyword.internal.KeywordExecutor.executeKeywordForPlatform(KeywordExecutor.groovy:60)
	at com.kms.katalon.core.keyword.BuiltinKeywords.callTestCase(BuiltinKeywords.groovy:334)
	at TC_Data Entry.run(TC_Data Entry:26)
	at com.kms.katalon.core.main.ScriptEngine.run(ScriptEngine.java:194)
	at com.kms.katalon.core.main.ScriptEngine.runScriptAsRawText(ScriptEngine.java:119)
	at com.kms.katalon.core.main.TestCaseExecutor.runScript(TestCaseExecutor.java:337)
	at com.kms.katalon.core.main.TestCaseExecutor.doExecute(TestCaseExecutor.java:328)
	at com.kms.katalon.core.main.TestCaseExecutor.processExecutionPhase(TestCaseExecutor.java:307)
	at com.kms.katalon.core.main.TestCaseExecutor.accessMainPhase(TestCaseExecutor.java:299)
	at com.kms.katalon.core.main.TestCaseExecutor.execute(TestCaseExecutor.java:233)
	at com.kms.katalon.core.main.TestSuiteExecutor.accessTestCaseMainPhase(TestSuiteExecutor.java:169)
	at com.kms.katalon.core.main.TestSuiteExecutor.accessTestSuiteMainPhase(TestSuiteExecutor.java:142)
	at com.kms.katalon.core.main.TestSuiteExecutor.execute(TestSuiteExecutor.java:91)
	at com.kms.katalon.core.main.TestCaseMain.startTestSuite(TestCaseMain.java:157)
	at com.kms.katalon.core.main.TestCaseMain$startTestSuite$0.call(Unknown Source)
	at TempTestSuite1574807893706.run(TempTestSuite1574807893706.groovy:36)
Caused by: com.kms.katalon.core.exception.StepFailedException: Failed to tap on element 'Object Repository/Simulasi Kredit/Simulasi Kredit - Asuransi/Asuransi_Nama Asuransi' (Root cause: org.openqa.selenium.WebDriverException: An unknown server-side error occurred while processing the command. Original error: Could not proxy command to remote server. Original error: Error: socket hang up
Build info: version: '3.141.59', revision: 'e82be7d358', time: '2018-11-14T08:25:53'
System info: host: 'FATITQC15420L', ip: '192.168.1.11', os.name: 'Windows 10', os.arch: 'amd64', os.version: '10.0', java.version: '1.8.0_181'
Driver info: com.kms.katalon.core.appium.driver.SwipeableAndroidDriver
Capabilities {app: C:\Users\15420\git\ACCME-Du..., appPackage: com.outsystemsenterprise.ac..., autoGrantPermissions: true, automationName: uiautomator2, databaseEnabled: false, desired: {app: C:\Users\15420\git\ACCME-Du..., autoGrantPermissions: true, automationName: uiautomator2, deviceId: , deviceName: samsung SM-A505F (Android 9), fullReset: false, newCommandTimeout: 1800, noReset: true, platform: ANDROID, platformName: android, platformVersion: 9, resetKeyboard: true, systemPort: 56641, udid: RR8M30NJT6T, unicodeKeyboard: true}, deviceApiLevel: 28, deviceId: , deviceManufacturer: samsung, deviceModel: SM-A505F, deviceName: RR8M30NJT6T, deviceScreenDensity: 420, deviceScreenSize: 1080x2340, deviceUDID: RR8M30NJT6T, fullReset: false, javascriptEnabled: true, locationContextEnabled: false, networkConnectionEnabled: true, newCommandTimeout: 1800, noReset: true, pixelRatio: 2.625, platform: ANDROID, platformName: Android, platformVersion: 9, resetKeyboard: true, statBarHeight: 83, systemPort: 56641, takesScreenshot: true, udid: RR8M30NJT6T, unicodeKeyboard: true, viewportRect: {height: 2048, left: 0, top: 83, width: 1080}, warnings: {}, webStorageEnabled: false}
Session ID: a6174c8a-5f4c-4d33-bad0-19c98dd69486
	at org.openqa.selenium.remote.http.W3CHttpResponseCodec.createException(W3CHttpResponseCodec.java:187)
	at org.openqa.selenium.remote.http.W3CHttpResponseCodec.decode(W3CHttpResponseCodec.java:122)
	at org.openqa.selenium.remote.http.W3CHttpResponseCodec.decode(W3CHttpResponseCodec.java:49)
	at org.openqa.selenium.remote.HttpCommandExecutor.execute(HttpCommandExecutor.java:158)
	at io.appium.java_client.remote.AppiumCommandExecutor.execute(AppiumCommandExecutor.java:239)
	at org.openqa.selenium.remote.RemoteWebDriver.execute(RemoteWebDriver.java:552)
	at io.appium.java_client.DefaultGenericMobileDriver.execute(DefaultGenericMobileDriver.java:46)
	at io.appium.java_client.AppiumDriver.execute(AppiumDriver.java:1)
	at io.appium.java_client.android.AndroidDriver.execute(AndroidDriver.java:1)
	at com.kms.katalon.core.appium.driver.SwipeableAndroidDriver.execute(SwipeableAndroidDriver.java:1)
	at org.openqa.selenium.remote.RemoteWebDriver$RemoteWebDriverOptions$RemoteWindow.getSize(RemoteWebDriver.java:813)
	at org.openqa.selenium.WebDriver$Window$getSize.call(Unknown Source)
	at com.kms.katalon.core.mobile.keyword.internal.MobileAbstractKeyword.findElement(MobileAbstractKeyword.groovy:81)
	at com.kms.katalon.core.mobile.keyword.builtin.TapKeyword$_tap_closure1.doCall(TapKeyword.groovy:76)
	at com.kms.katalon.core.mobile.keyword.builtin.TapKeyword$_tap_closure1.call(TapKeyword.groovy)
	at com.kms.katalon.core.mobile.keyword.internal.MobileKeywordMain.runKeyword(MobileKeywordMain.groovy:21)
	at com.kms.katalon.core.mobile.keyword.builtin.TapKeyword.tap(TapKeyword.groovy:86)
	at com.kms.katalon.core.mobile.keyword.builtin.TapKeyword.execute(TapKeyword.groovy:68)
	at com.kms.katalon.core.keyword.internal.KeywordExecutor.executeKeywordForPlatform(KeywordExecutor.groovy:60)
	at com.kms.katalon.core.mobile.keyword.MobileBuiltInKeywords.tap(MobileBuiltInKeywords.groovy:520)
	at com.kms.katalon.core.mobile.keyword.MobileBuiltInKeywords$tap$1.call(Unknown Source)
	at TC_Asuransi - MASTER FLOW.run(TC_Asuransi - MASTER FLOW:18)
	at com.kms.katalon.core.main.ScriptEngine.run(ScriptEngine.java:194)
	at com.kms.katalon.core.main.ScriptEngine.runScriptAsRawText(ScriptEngine.java:119)
	at com.kms.katalon.core.main.TestCaseExecutor.runScript(TestCaseExecutor.java:337)
	at com.kms.katalon.core.main.TestCaseExecutor.doExecute(TestCaseExecutor.java:328)
	at com.kms.katalon.core.main.TestCaseExecutor.processExecutionPhase(TestCaseExecutor.java:307)
	at com.kms.katalon.core.main.TestCaseExecutor.accessMainPhase(TestCaseExecutor.java:299)
	at com.kms.katalon.core.main.TestCaseExecutor.execute(TestCaseExecutor.java:233)
	at com.kms.katalon.core.main.TestCaseMain.runTestCase(TestCaseMain.java:114)
	at com.kms.katalon.core.keyword.builtin.CallTestCaseKeyword$_callTestCase_closure1.doCall(CallTestCaseKeyword.groovy:59)
	at com.kms.katalon.core.keyword.builtin.CallTestCaseKeyword$_callTestCase_closure1.call(CallTestCaseKeyword.groovy)
	at com.kms.katalon.core.keyword.internal.KeywordMain.runKeyword(KeywordMain.groovy:68)
	at com.kms.katalon.core.keyword.builtin.CallTestCaseKeyword.callTestCase(CallTestCaseKeyword.groovy:81)
	at com.kms.katalon.core.keyword.builtin.CallTestCaseKeyword.execute(CallTestCaseKeyword.groovy:44)
	at com.kms.katalon.core.keyword.internal.KeywordExecutor.executeKeywordForPlatform(KeywordExecutor.groovy:60)
	at com.kms.katalon.core.keyword.BuiltinKeywords.callTestCase(BuiltinKeywords.groovy:334)
	at TC_Data Entry.run(TC_Data Entry:26)
	at com.kms.katalon.core.main.ScriptEngine.run(ScriptEngine.java:194)
	at com.kms.katalon.core.main.ScriptEngine.runScriptAsRawText(ScriptEngine.java:119)
	at com.kms.katalon.core.main.TestCaseExecutor.runScript(TestCaseExecutor.java:337)
	at com.kms.katalon.core.main.TestCaseExecutor.doExecute(TestCaseExecutor.java:328)
	at com.kms.katalon.core.main.TestCaseExecutor.processExecutionPhase(TestCaseExecutor.java:307)
	at com.kms.katalon.core.main.TestCaseExecutor.accessMainPhase(TestCaseExecutor.java:299)
	at com.kms.katalon.core.main.TestCaseExecutor.execute(TestCaseExecutor.java:233)
	at com.kms.katalon.core.main.TestSuiteExecutor.accessTestCaseMainPhase(TestSuiteExecutor.java:169)
	at com.kms.katalon.core.main.TestSuiteExecutor.accessTestSuiteMainPhase(TestSuiteExecutor.java:142)
	at com.kms.katalon.core.main.TestSuiteExecutor.execute(TestSuiteExecutor.java:91)
	at com.kms.katalon.core.main.TestCaseMain.startTestSuite(TestCaseMain.java:157)
	at com.kms.katalon.core.main.TestCaseMain$startTestSuite$0.call(Unknown Source)
	at TempTestSuite1574807893706.run(TempTestSuite1574807893706.groovy:36)
)
	at com.kms.katalon.core.keyword.internal.KeywordMain.stepFailed(KeywordMain.groovy:50)
	at com.kms.katalon.core.mobile.keyword.internal.MobileKeywordMain.stepFailed(MobileKeywordMain.groovy:40)
	at com.kms.katalon.core.mobile.keyword.internal.MobileKeywordMain.runKeyword(MobileKeywordMain.groovy:23)
	at com.kms.katalon.core.mobile.keyword.builtin.TapKeyword.tap(TapKeyword.groovy:86)
	at com.kms.katalon.core.mobile.keyword.builtin.TapKeyword.execute(TapKeyword.groovy:68)
	at com.kms.katalon.core.keyword.internal.KeywordExecutor.executeKeywordForPlatform(KeywordExecutor.groovy:60)
	at com.kms.katalon.core.mobile.keyword.MobileBuiltInKeywords.tap(MobileBuiltInKeywords.groovy:520)
	at com.kms.katalon.core.mobile.keyword.MobileBuiltInKeywords$tap$1.call(Unknown Source)
	at TC_Asuransi - MASTER FLOW.run(TC_Asuransi - MASTER FLOW:18)
	at com.kms.katalon.core.main.ScriptEngine.run(ScriptEngine.java:194)
	at com.kms.katalon.core.main.ScriptEngine.runScriptAsRawText(ScriptEngine.java:119)
	at com.kms.katalon.core.main.TestCaseExecutor.runScript(TestCaseExecutor.java:337)
	at com.kms.katalon.core.main.TestCaseExecutor.doExecute(TestCaseExecutor.java:328)
	at com.kms.katalon.core.main.TestCaseExecutor.processExecutionPhase(TestCaseExecutor.java:307)
	at com.kms.katalon.core.main.TestCaseExecutor.accessMainPhase(TestCaseExecutor.java:299)
	at com.kms.katalon.core.main.TestCaseExecutor.execute(TestCaseExecutor.java:233)
	at com.kms.katalon.core.main.TestCaseMain.runTestCase(TestCaseMain.java:114)
	at com.kms.katalon.core.keyword.builtin.CallTestCaseKeyword$_callTestCase_closure1.doCall(CallTestCaseKeyword.groovy:59)
	... 20 more
Caused by: org.openqa.selenium.WebDriverException: An unknown server-side error occurred while processing the command. Original error: Could not proxy command to remote server. Original error: Error: socket hang up
Build info: version: '3.141.59', revision: 'e82be7d358', time: '2018-11-14T08:25:53'
System info: host: 'FATITQC15420L', ip: '192.168.1.11', os.name: 'Windows 10', os.arch: 'amd64', os.version: '10.0', java.version: '1.8.0_181'
Driver info: com.kms.katalon.core.appium.driver.SwipeableAndroidDriver
Capabilities {app: C:\Users\15420\git\ACCME-Du..., appPackage: com.outsystemsenterprise.ac..., autoGrantPermissions: true, automationName: uiautomator2, databaseEnabled: false, desired: {app: C:\Users\15420\git\ACCME-Du..., autoGrantPermissions: true, automationName: uiautomator2, deviceId: , deviceName: samsung SM-A505F (Android 9), fullReset: false, newCommandTimeout: 1800, noReset: true, platform: ANDROID, platformName: android, platformVersion: 9, resetKeyboard: true, systemPort: 56641, udid: RR8M30NJT6T, unicodeKeyboard: true}, deviceApiLevel: 28, deviceId: , deviceManufacturer: samsung, deviceModel: SM-A505F, deviceName: RR8M30NJT6T, deviceScreenDensity: 420, deviceScreenSize: 1080x2340, deviceUDID: RR8M30NJT6T, fullReset: false, javascriptEnabled: true, locationContextEnabled: false, networkConnectionEnabled: true, newCommandTimeout: 1800, noReset: true, pixelRatio: 2.625, platform: ANDROID, platformName: Android, platformVersion: 9, resetKeyboard: true, statBarHeight: 83, systemPort: 56641, takesScreenshot: true, udid: RR8M30NJT6T, unicodeKeyboard: true, viewportRect: {height: 2048, left: 0, top: 83, width: 1080}, warnings: {}, webStorageEnabled: false}
Session ID: a6174c8a-5f4c-4d33-bad0-19c98dd69486
	at org.openqa.selenium.remote.http.W3CHttpResponseCodec.createException(W3CHttpResponseCodec.java:187)
	at org.openqa.selenium.remote.http.W3CHttpResponseCodec.decode(W3CHttpResponseCodec.java:122)
	at org.openqa.selenium.remote.http.W3CHttpResponseCodec.decode(W3CHttpResponseCodec.java:49)
	at org.openqa.selenium.remote.HttpCommandExecutor.execute(HttpCommandExecutor.java:158)
	at io.appium.java_client.remote.AppiumCommandExecutor.execute(AppiumCommandExecutor.java:239)
	at org.openqa.selenium.remote.RemoteWebDriver.execute(RemoteWebDriver.java:552)
	at io.appium.java_client.DefaultGenericMobileDriver.execute(DefaultGenericMobileDriver.java:46)
	at io.appium.java_client.AppiumDriver.execute(AppiumDriver.java:1)
	at io.appium.java_client.android.AndroidDriver.execute(AndroidDriver.java:1)
	at com.kms.katalon.core.appium.driver.SwipeableAndroidDriver.execute(SwipeableAndroidDriver.java:1)
	at org.openqa.selenium.remote.RemoteWebDriver$RemoteWebDriverOptions$RemoteWindow.getSize(RemoteWebDriver.java:813)
	at org.openqa.selenium.WebDriver$Window$getSize.call(Unknown Source)
	at com.kms.katalon.core.mobile.keyword.internal.MobileAbstractKeyword.findElement(MobileAbstractKeyword.groovy:81)
	at com.kms.katalon.core.mobile.keyword.builtin.TapKeyword$_tap_closure1.doCall(TapKeyword.groovy:76)
	at com.kms.katalon.core.mobile.keyword.builtin.TapKeyword$_tap_closure1.call(TapKeyword.groovy)
	at com.kms.katalon.core.mobile.keyword.internal.MobileKeywordMain.runKeyword(MobileKeywordMain.groovy:21)
	... 35 more
"/>
         <system-out><![CDATA[2019-11-27 06:18:05 - [TEST_CASE][FAILED] - Test Cases/Data Entry/TC_Data Entry: Test Cases/Data Entry/TC_Data Entry FAILED.
Reason:
com.kms.katalon.core.exception.StepFailedException: Call Test Case 'Test Cases/Data Entry/Simulasi Kredit/Simulasi Kredit - Asuransi/MASTER FLOW/TC_Asuransi - MASTER FLOW' failed
	at com.kms.katalon.core.keyword.builtin.CallTestCaseKeyword$_callTestCase_closure1.doCall(CallTestCaseKeyword.groovy:63)
	at com.kms.katalon.core.keyword.builtin.CallTestCaseKeyword$_callTestCase_closure1.call(CallTestCaseKeyword.groovy)
	at com.kms.katalon.core.keyword.internal.KeywordMain.runKeyword(KeywordMain.groovy:68)
	at com.kms.katalon.core.keyword.builtin.CallTestCaseKeyword.callTestCase(CallTestCaseKeyword.groovy:81)
	at com.kms.katalon.core.keyword.builtin.CallTestCaseKeyword.execute(CallTestCaseKeyword.groovy:44)
	at com.kms.katalon.core.keyword.internal.KeywordExecutor.executeKeywordForPlatform(KeywordExecutor.groovy:60)
	at com.kms.katalon.core.keyword.BuiltinKeywords.callTestCase(BuiltinKeywords.groovy:334)
	at TC_Data Entry.run(TC_Data Entry:26)
	at com.kms.katalon.core.main.ScriptEngine.run(ScriptEngine.java:194)
	at com.kms.katalon.core.main.ScriptEngine.runScriptAsRawText(ScriptEngine.java:119)
	at com.kms.katalon.core.main.TestCaseExecutor.runScript(TestCaseExecutor.java:337)
	at com.kms.katalon.core.main.TestCaseExecutor.doExecute(TestCaseExecutor.java:328)
	at com.kms.katalon.core.main.TestCaseExecutor.processExecutionPhase(TestCaseExecutor.java:307)
	at com.kms.katalon.core.main.TestCaseExecutor.accessMainPhase(TestCaseExecutor.java:299)
	at com.kms.katalon.core.main.TestCaseExecutor.execute(TestCaseExecutor.java:233)
	at com.kms.katalon.core.main.TestSuiteExecutor.accessTestCaseMainPhase(TestSuiteExecutor.java:169)
	at com.kms.katalon.core.main.TestSuiteExecutor.accessTestSuiteMainPhase(TestSuiteExecutor.java:142)
	at com.kms.katalon.core.main.TestSuiteExecutor.execute(TestSuiteExecutor.java:91)
	at com.kms.katalon.core.main.TestCaseMain.startTestSuite(TestCaseMain.java:157)
	at com.kms.katalon.core.main.TestCaseMain$startTestSuite$0.call(Unknown Source)
	at TempTestSuite1574807893706.run(TempTestSuite1574807893706.groovy:36)
Caused by: com.kms.katalon.core.exception.StepFailedException: Failed to tap on element 'Object Repository/Simulasi Kredit/Simulasi Kredit - Asuransi/Asuransi_Nama Asuransi' (Root cause: org.openqa.selenium.WebDriverException: An unknown server-side error occurred while processing the command. Original error: Could not proxy command to remote server. Original error: Error: socket hang up
Build info: version: '3.141.59', revision: 'e82be7d358', time: '2018-11-14T08:25:53'
System info: host: 'FATITQC15420L', ip: '192.168.1.11', os.name: 'Windows 10', os.arch: 'amd64', os.version: '10.0', java.version: '1.8.0_181'
Driver info: com.kms.katalon.core.appium.driver.SwipeableAndroidDriver
Capabilities {app: C:\Users\15420\git\ACCME-Du..., appPackage: com.outsystemsenterprise.ac..., autoGrantPermissions: true, automationName: uiautomator2, databaseEnabled: false, desired: {app: C:\Users\15420\git\ACCME-Du..., autoGrantPermissions: true, automationName: uiautomator2, deviceId: , deviceName: samsung SM-A505F (Android 9), fullReset: false, newCommandTimeout: 1800, noReset: true, platform: ANDROID, platformName: android, platformVersion: 9, resetKeyboard: true, systemPort: 56641, udid: RR8M30NJT6T, unicodeKeyboard: true}, deviceApiLevel: 28, deviceId: , deviceManufacturer: samsung, deviceModel: SM-A505F, deviceName: RR8M30NJT6T, deviceScreenDensity: 420, deviceScreenSize: 1080x2340, deviceUDID: RR8M30NJT6T, fullReset: false, javascriptEnabled: true, locationContextEnabled: false, networkConnectionEnabled: true, newCommandTimeout: 1800, noReset: true, pixelRatio: 2.625, platform: ANDROID, platformName: Android, platformVersion: 9, resetKeyboard: true, statBarHeight: 83, systemPort: 56641, takesScreenshot: true, udid: RR8M30NJT6T, unicodeKeyboard: true, viewportRect: {height: 2048, left: 0, top: 83, width: 1080}, warnings: {}, webStorageEnabled: false}
Session ID: a6174c8a-5f4c-4d33-bad0-19c98dd69486
	at org.openqa.selenium.remote.http.W3CHttpResponseCodec.createException(W3CHttpResponseCodec.java:187)
	at org.openqa.selenium.remote.http.W3CHttpResponseCodec.decode(W3CHttpResponseCodec.java:122)
	at org.openqa.selenium.remote.http.W3CHttpResponseCodec.decode(W3CHttpResponseCodec.java:49)
	at org.openqa.selenium.remote.HttpCommandExecutor.execute(HttpCommandExecutor.java:158)
	at io.appium.java_client.remote.AppiumCommandExecutor.execute(AppiumCommandExecutor.java:239)
	at org.openqa.selenium.remote.RemoteWebDriver.execute(RemoteWebDriver.java:552)
	at io.appium.java_client.DefaultGenericMobileDriver.execute(DefaultGenericMobileDriver.java:46)
	at io.appium.java_client.AppiumDriver.execute(AppiumDriver.java:1)
	at io.appium.java_client.android.AndroidDriver.execute(AndroidDriver.java:1)
	at com.kms.katalon.core.appium.driver.SwipeableAndroidDriver.execute(SwipeableAndroidDriver.java:1)
	at org.openqa.selenium.remote.RemoteWebDriver$RemoteWebDriverOptions$RemoteWindow.getSize(RemoteWebDriver.java:813)
	at org.openqa.selenium.WebDriver$Window$getSize.call(Unknown Source)
	at com.kms.katalon.core.mobile.keyword.internal.MobileAbstractKeyword.findElement(MobileAbstractKeyword.groovy:81)
	at com.kms.katalon.core.mobile.keyword.builtin.TapKeyword$_tap_closure1.doCall(TapKeyword.groovy:76)
	at com.kms.katalon.core.mobile.keyword.builtin.TapKeyword$_tap_closure1.call(TapKeyword.groovy)
	at com.kms.katalon.core.mobile.keyword.internal.MobileKeywordMain.runKeyword(MobileKeywordMain.groovy:21)
	at com.kms.katalon.core.mobile.keyword.builtin.TapKeyword.tap(TapKeyword.groovy:86)
	at com.kms.katalon.core.mobile.keyword.builtin.TapKeyword.execute(TapKeyword.groovy:68)
	at com.kms.katalon.core.keyword.internal.KeywordExecutor.executeKeywordForPlatform(KeywordExecutor.groovy:60)
	at com.kms.katalon.core.mobile.keyword.MobileBuiltInKeywords.tap(MobileBuiltInKeywords.groovy:520)
	at com.kms.katalon.core.mobile.keyword.MobileBuiltInKeywords$tap$1.call(Unknown Source)
	at TC_Asuransi - MASTER FLOW.run(TC_Asuransi - MASTER FLOW:18)
	at com.kms.katalon.core.main.ScriptEngine.run(ScriptEngine.java:194)
	at com.kms.katalon.core.main.ScriptEngine.runScriptAsRawText(ScriptEngine.java:119)
	at com.kms.katalon.core.main.TestCaseExecutor.runScript(TestCaseExecutor.java:337)
	at com.kms.katalon.core.main.TestCaseExecutor.doExecute(TestCaseExecutor.java:328)
	at com.kms.katalon.core.main.TestCaseExecutor.processExecutionPhase(TestCaseExecutor.java:307)
	at com.kms.katalon.core.main.TestCaseExecutor.accessMainPhase(TestCaseExecutor.java:299)
	at com.kms.katalon.core.main.TestCaseExecutor.execute(TestCaseExecutor.java:233)
	at com.kms.katalon.core.main.TestCaseMain.runTestCase(TestCaseMain.java:114)
	at com.kms.katalon.core.keyword.builtin.CallTestCaseKeyword$_callTestCase_closure1.doCall(CallTestCaseKeyword.groovy:59)
	at com.kms.katalon.core.keyword.builtin.CallTestCaseKeyword$_callTestCase_closure1.call(CallTestCaseKeyword.groovy)
	at com.kms.katalon.core.keyword.internal.KeywordMain.runKeyword(KeywordMain.groovy:68)
	at com.kms.katalon.core.keyword.builtin.CallTestCaseKeyword.callTestCase(CallTestCaseKeyword.groovy:81)
	at com.kms.katalon.core.keyword.builtin.CallTestCaseKeyword.execute(CallTestCaseKeyword.groovy:44)
	at com.kms.katalon.core.keyword.internal.KeywordExecutor.executeKeywordForPlatform(KeywordExecutor.groovy:60)
	at com.kms.katalon.core.keyword.BuiltinKeywords.callTestCase(BuiltinKeywords.groovy:334)
	at TC_Data Entry.run(TC_Data Entry:26)
	at com.kms.katalon.core.main.ScriptEngine.run(ScriptEngine.java:194)
	at com.kms.katalon.core.main.ScriptEngine.runScriptAsRawText(ScriptEngine.java:119)
	at com.kms.katalon.core.main.TestCaseExecutor.runScript(TestCaseExecutor.java:337)
	at com.kms.katalon.core.main.TestCaseExecutor.doExecute(TestCaseExecutor.java:328)
	at com.kms.katalon.core.main.TestCaseExecutor.processExecutionPhase(TestCaseExecutor.java:307)
	at com.kms.katalon.core.main.TestCaseExecutor.accessMainPhase(TestCaseExecutor.java:299)
	at com.kms.katalon.core.main.TestCaseExecutor.execute(TestCaseExecutor.java:233)
	at com.kms.katalon.core.main.TestSuiteExecutor.accessTestCaseMainPhase(TestSuiteExecutor.java:169)
	at com.kms.katalon.core.main.TestSuiteExecutor.accessTestSuiteMainPhase(TestSuiteExecutor.java:142)
	at com.kms.katalon.core.main.TestSuiteExecutor.execute(TestSuiteExecutor.java:91)
	at com.kms.katalon.core.main.TestCaseMain.startTestSuite(TestCaseMain.java:157)
	at com.kms.katalon.core.main.TestCaseMain$startTestSuite$0.call(Unknown Source)
	at TempTestSuite1574807893706.run(TempTestSuite1574807893706.groovy:36)
)
	at com.kms.katalon.core.keyword.internal.KeywordMain.stepFailed(KeywordMain.groovy:50)
	at com.kms.katalon.core.mobile.keyword.internal.MobileKeywordMain.stepFailed(MobileKeywordMain.groovy:40)
	at com.kms.katalon.core.mobile.keyword.internal.MobileKeywordMain.runKeyword(MobileKeywordMain.groovy:23)
	at com.kms.katalon.core.mobile.keyword.builtin.TapKeyword.tap(TapKeyword.groovy:86)
	at com.kms.katalon.core.mobile.keyword.builtin.TapKeyword.execute(TapKeyword.groovy:68)
	at com.kms.katalon.core.keyword.internal.KeywordExecutor.executeKeywordForPlatform(KeywordExecutor.groovy:60)
	at com.kms.katalon.core.mobile.keyword.MobileBuiltInKeywords.tap(MobileBuiltInKeywords.groovy:520)
	at com.kms.katalon.core.mobile.keyword.MobileBuiltInKeywords$tap$1.call(Unknown Source)
	at TC_Asuransi - MASTER FLOW.run(TC_Asuransi - MASTER FLOW:18)
	at com.kms.katalon.core.main.ScriptEngine.run(ScriptEngine.java:194)
	at com.kms.katalon.core.main.ScriptEngine.runScriptAsRawText(ScriptEngine.java:119)
	at com.kms.katalon.core.main.TestCaseExecutor.runScript(TestCaseExecutor.java:337)
	at com.kms.katalon.core.main.TestCaseExecutor.doExecute(TestCaseExecutor.java:328)
	at com.kms.katalon.core.main.TestCaseExecutor.processExecutionPhase(TestCaseExecutor.java:307)
	at com.kms.katalon.core.main.TestCaseExecutor.accessMainPhase(TestCaseExecutor.java:299)
	at com.kms.katalon.core.main.TestCaseExecutor.execute(TestCaseExecutor.java:233)
	at com.kms.katalon.core.main.TestCaseMain.runTestCase(TestCaseMain.java:114)
	at com.kms.katalon.core.keyword.builtin.CallTestCaseKeyword$_callTestCase_closure1.doCall(CallTestCaseKeyword.groovy:59)
	... 20 more
Caused by: org.openqa.selenium.WebDriverException: An unknown server-side error occurred while processing the command. Original error: Could not proxy command to remote server. Original error: Error: socket hang up
Build info: version: '3.141.59', revision: 'e82be7d358', time: '2018-11-14T08:25:53'
System info: host: 'FATITQC15420L', ip: '192.168.1.11', os.name: 'Windows 10', os.arch: 'amd64', os.version: '10.0', java.version: '1.8.0_181'
Driver info: com.kms.katalon.core.appium.driver.SwipeableAndroidDriver
Capabilities {app: C:\Users\15420\git\ACCME-Du..., appPackage: com.outsystemsenterprise.ac..., autoGrantPermissions: true, automationName: uiautomator2, databaseEnabled: false, desired: {app: C:\Users\15420\git\ACCME-Du..., autoGrantPermissions: true, automationName: uiautomator2, deviceId: , deviceName: samsung SM-A505F (Android 9), fullReset: false, newCommandTimeout: 1800, noReset: true, platform: ANDROID, platformName: android, platformVersion: 9, resetKeyboard: true, systemPort: 56641, udid: RR8M30NJT6T, unicodeKeyboard: true}, deviceApiLevel: 28, deviceId: , deviceManufacturer: samsung, deviceModel: SM-A505F, deviceName: RR8M30NJT6T, deviceScreenDensity: 420, deviceScreenSize: 1080x2340, deviceUDID: RR8M30NJT6T, fullReset: false, javascriptEnabled: true, locationContextEnabled: false, networkConnectionEnabled: true, newCommandTimeout: 1800, noReset: true, pixelRatio: 2.625, platform: ANDROID, platformName: Android, platformVersion: 9, resetKeyboard: true, statBarHeight: 83, systemPort: 56641, takesScreenshot: true, udid: RR8M30NJT6T, unicodeKeyboard: true, viewportRect: {height: 2048, left: 0, top: 83, width: 1080}, warnings: {}, webStorageEnabled: false}
Session ID: a6174c8a-5f4c-4d33-bad0-19c98dd69486
	at org.openqa.selenium.remote.http.W3CHttpResponseCodec.createException(W3CHttpResponseCodec.java:187)
	at org.openqa.selenium.remote.http.W3CHttpResponseCodec.decode(W3CHttpResponseCodec.java:122)
	at org.openqa.selenium.remote.http.W3CHttpResponseCodec.decode(W3CHttpResponseCodec.java:49)
	at org.openqa.selenium.remote.HttpCommandExecutor.execute(HttpCommandExecutor.java:158)
	at io.appium.java_client.remote.AppiumCommandExecutor.execute(AppiumCommandExecutor.java:239)
	at org.openqa.selenium.remote.RemoteWebDriver.execute(RemoteWebDriver.java:552)
	at io.appium.java_client.DefaultGenericMobileDriver.execute(DefaultGenericMobileDriver.java:46)
	at io.appium.java_client.AppiumDriver.execute(AppiumDriver.java:1)
	at io.appium.java_client.android.AndroidDriver.execute(AndroidDriver.java:1)
	at com.kms.katalon.core.appium.driver.SwipeableAndroidDriver.execute(SwipeableAndroidDriver.java:1)
	at org.openqa.selenium.remote.RemoteWebDriver$RemoteWebDriverOptions$RemoteWindow.getSize(RemoteWebDriver.java:813)
	at org.openqa.selenium.WebDriver$Window$getSize.call(Unknown Source)
	at com.kms.katalon.core.mobile.keyword.internal.MobileAbstractKeyword.findElement(MobileAbstractKeyword.groovy:81)
	at com.kms.katalon.core.mobile.keyword.builtin.TapKeyword$_tap_closure1.doCall(TapKeyword.groovy:76)
	at com.kms.katalon.core.mobile.keyword.builtin.TapKeyword$_tap_closure1.call(TapKeyword.groovy)
	at com.kms.katalon.core.mobile.keyword.internal.MobileKeywordMain.runKeyword(MobileKeywordMain.groovy:21)
	... 35 more


2019-11-27 06:18:05 - [TEST_STEP][PASSED] - callTestCase(findTestCase("dynamic test case/open application"), [:], STOP_ON_FAILURE): Call Test Case 'Test Cases/dynamic test case/open application' successfully

2019-11-27 06:18:05 - [TEST_CASE][PASSED] - Test Cases/dynamic test case/open application: Test Cases/dynamic test case/open application

2019-11-27 06:18:05 - [TEST_STEP][PASSED] - appPath = relativeToAbsolutePath(apkname, getProjectDir()): null

2019-11-27 06:18:05 - [TEST_STEP][PASSED] - startApplication(appPath, false): Started app at: 'C:\Users\15420\git\ACCME-Dupcheck\AccMe.apk'

2019-11-27 06:18:05 - [MESSAGE][INFO] - User set preference: ['unicodeKeyboard', 'true']

2019-11-27 06:18:05 - [MESSAGE][INFO] - User set preference: ['resetKeyboard', 'true']

2019-11-27 06:18:05 - [MESSAGE][INFO] - User set preference: ['deviceId', '']

2019-11-27 06:18:37 - [MESSAGE][PASSED] - Started app at: 'C:\Users\15420\git\ACCME-Dupcheck\AccMe.apk'

2019-11-27 06:18:37 - [MESSAGE][PASSED] - Call Test Case 'Test Cases/dynamic test case/open application' successfully

2019-11-27 06:18:37 - [TEST_STEP][PASSED] - callTestCase(findTestCase("Data Entry/Simulasi Kredit/Simulasi Kredit/MASTER FLOW/TC_Simulasi Kredit - MASTER FLOW"), ["varBrand":varBrand, "varType":varType, "varModel":varModel, "varTahun":varTahun, "varTenor":varTenor, "varOTR":varOTR, "varRP":varRP, ... ], OPTIONAL): Unable to call Test Case 'Test Cases/Data Entry/Simulasi Kredit/Simulasi Kredit/MASTER FLOW/TC_Simulasi Kredit - MASTER FLOW' (Root cause: com.kms.katalon.core.exception.StepFailedException: Call Test Case 'Test Cases/Data Entry/Simulasi Kredit/Simulasi Kredit/MASTER FLOW/TC_Simulasi Kredit - MASTER FLOW' failed
	at com.kms.katalon.core.keyword.builtin.CallTestCaseKeyword$_callTestCase_closure1.doCall(CallTestCaseKeyword.groovy:63)
	at com.kms.katalon.core.keyword.builtin.CallTestCaseKeyword$_callTestCase_closure1.call(CallTestCaseKeyword.groovy)
	at com.kms.katalon.core.keyword.internal.KeywordMain.runKeyword(KeywordMain.groovy:68)
	at com.kms.katalon.core.keyword.builtin.CallTestCaseKeyword.callTestCase(CallTestCaseKeyword.groovy:81)
	at com.kms.katalon.core.keyword.builtin.CallTestCaseKeyword.execute(CallTestCaseKeyword.groovy:44)
	at com.kms.katalon.core.keyword.internal.KeywordExecutor.executeKeywordForPlatform(KeywordExecutor.groovy:60)
	at com.kms.katalon.core.keyword.BuiltinKeywords.callTestCase(BuiltinKeywords.groovy:334)
	at TC_Data Entry.run(TC_Data Entry:21)
	at com.kms.katalon.core.main.ScriptEngine.run(ScriptEngine.java:194)
	at com.kms.katalon.core.main.ScriptEngine.runScriptAsRawText(ScriptEngine.java:119)
	at com.kms.katalon.core.main.TestCaseExecutor.runScript(TestCaseExecutor.java:337)
	at com.kms.katalon.core.main.TestCaseExecutor.doExecute(TestCaseExecutor.java:328)
	at com.kms.katalon.core.main.TestCaseExecutor.processExecutionPhase(TestCaseExecutor.java:307)
	at com.kms.katalon.core.main.TestCaseExecutor.accessMainPhase(TestCaseExecutor.java:299)
	at com.kms.katalon.core.main.TestCaseExecutor.execute(TestCaseExecutor.java:233)
	at com.kms.katalon.core.main.TestSuiteExecutor.accessTestCaseMainPhase(TestSuiteExecutor.java:169)
	at com.kms.katalon.core.main.TestSuiteExecutor.accessTestSuiteMainPhase(TestSuiteExecutor.java:142)
	at com.kms.katalon.core.main.TestSuiteExecutor.execute(TestSuiteExecutor.java:91)
	at com.kms.katalon.core.main.TestCaseMain.startTestSuite(TestCaseMain.java:157)
	at com.kms.katalon.core.main.TestCaseMain$startTestSuite$0.call(Unknown Source)
	at TempTestSuite1574807893706.run(TempTestSuite1574807893706.groovy:36)
Caused by: com.kms.katalon.core.exception.StepFailedException: Failed to set text into element (Root cause: org.openqa.selenium.WebDriverException: An unknown server-side error occurred while processing the command. Original error: Could not proxy command to remote server. Original error: Error: socket hang up
Build info: version: '3.141.59', revision: 'e82be7d358', time: '2018-11-14T08:25:53'
System info: host: 'FATITQC15420L', ip: '192.168.1.11', os.name: 'Windows 10', os.arch: 'amd64', os.version: '10.0', java.version: '1.8.0_181'
Driver info: com.kms.katalon.core.appium.driver.SwipeableAndroidDriver
Capabilities {app: C:\Users\15420\git\ACCME-Du..., appPackage: com.outsystemsenterprise.ac..., autoGrantPermissions: true, automationName: uiautomator2, databaseEnabled: false, desired: {app: C:\Users\15420\git\ACCME-Du..., autoGrantPermissions: true, automationName: uiautomator2, deviceId: , deviceName: samsung SM-A505F (Android 9), fullReset: false, newCommandTimeout: 1800, noReset: true, platform: ANDROID, platformName: android, platformVersion: 9, resetKeyboard: true, systemPort: 56641, udid: RR8M30NJT6T, unicodeKeyboard: true}, deviceApiLevel: 28, deviceId: , deviceManufacturer: samsung, deviceModel: SM-A505F, deviceName: RR8M30NJT6T, deviceScreenDensity: 420, deviceScreenSize: 1080x2340, deviceUDID: RR8M30NJT6T, fullReset: false, javascriptEnabled: true, locationContextEnabled: false, networkConnectionEnabled: true, newCommandTimeout: 1800, noReset: true, pixelRatio: 2.625, platform: ANDROID, platformName: Android, platformVersion: 9, resetKeyboard: true, statBarHeight: 83, systemPort: 56641, takesScreenshot: true, udid: RR8M30NJT6T, unicodeKeyboard: true, viewportRect: {height: 2048, left: 0, top: 83, width: 1080}, warnings: {}, webStorageEnabled: false}
Session ID: a6174c8a-5f4c-4d33-bad0-19c98dd69486
	at org.openqa.selenium.remote.http.W3CHttpResponseCodec.createException(W3CHttpResponseCodec.java:187)
	at org.openqa.selenium.remote.http.W3CHttpResponseCodec.decode(W3CHttpResponseCodec.java:122)
	at org.openqa.selenium.remote.http.W3CHttpResponseCodec.decode(W3CHttpResponseCodec.java:49)
	at org.openqa.selenium.remote.HttpCommandExecutor.execute(HttpCommandExecutor.java:158)
	at io.appium.java_client.remote.AppiumCommandExecutor.execute(AppiumCommandExecutor.java:239)
	at org.openqa.selenium.remote.RemoteWebDriver.execute(RemoteWebDriver.java:552)
	at io.appium.java_client.DefaultGenericMobileDriver.execute(DefaultGenericMobileDriver.java:46)
	at io.appium.java_client.AppiumDriver.execute(AppiumDriver.java:1)
	at io.appium.java_client.android.AndroidDriver.execute(AndroidDriver.java:1)
	at com.kms.katalon.core.appium.driver.SwipeableAndroidDriver.execute(SwipeableAndroidDriver.java:1)
	at org.openqa.selenium.remote.RemoteWebDriver$RemoteWebDriverOptions$RemoteWindow.getSize(RemoteWebDriver.java:813)
	at org.openqa.selenium.WebDriver$Window$getSize.call(Unknown Source)
	at com.kms.katalon.core.mobile.keyword.internal.MobileAbstractKeyword.findElement(MobileAbstractKeyword.groovy:81)
	at com.kms.katalon.core.mobile.keyword.builtin.SetTextKeyword$_setText_closure1.doCall(SetTextKeyword.groovy:74)
	at com.kms.katalon.core.mobile.keyword.builtin.SetTextKeyword$_setText_closure1.call(SetTextKeyword.groovy)
	at com.kms.katalon.core.mobile.keyword.internal.MobileKeywordMain.runKeyword(MobileKeywordMain.groovy:21)
	at com.kms.katalon.core.mobile.keyword.builtin.SetTextKeyword.setText(SetTextKeyword.groovy:83)
	at com.kms.katalon.core.mobile.keyword.builtin.SetTextKeyword.execute(SetTextKeyword.groovy:66)
	at com.kms.katalon.core.keyword.internal.KeywordExecutor.executeKeywordForPlatform(KeywordExecutor.groovy:60)
	at com.kms.katalon.core.mobile.keyword.MobileBuiltInKeywords.setText(MobileBuiltInKeywords.groovy:491)
	at com.kms.katalon.core.mobile.keyword.MobileBuiltInKeywords$setText$2.call(Unknown Source)
	at TC_Simulasi Kredit - MASTER FLOW.run(TC_Simulasi Kredit - MASTER FLOW:72)
	at com.kms.katalon.core.main.ScriptEngine.run(ScriptEngine.java:194)
	at com.kms.katalon.core.main.ScriptEngine.runScriptAsRawText(ScriptEngine.java:119)
	at com.kms.katalon.core.main.TestCaseExecutor.runScript(TestCaseExecutor.java:337)
	at com.kms.katalon.core.main.TestCaseExecutor.doExecute(TestCaseExecutor.java:328)
	at com.kms.katalon.core.main.TestCaseExecutor.processExecutionPhase(TestCaseExecutor.java:307)
	at com.kms.katalon.core.main.TestCaseExecutor.accessMainPhase(TestCaseExecutor.java:299)
	at com.kms.katalon.core.main.TestCaseExecutor.execute(TestCaseExecutor.java:233)
	at com.kms.katalon.core.main.TestCaseMain.runTestCase(TestCaseMain.java:114)
	at com.kms.katalon.core.keyword.builtin.CallTestCaseKeyword$_callTestCase_closure1.doCall(CallTestCaseKeyword.groovy:59)
	at com.kms.katalon.core.keyword.builtin.CallTestCaseKeyword$_callTestCase_closure1.call(CallTestCaseKeyword.groovy)
	at com.kms.katalon.core.keyword.internal.KeywordMain.runKeyword(KeywordMain.groovy:68)
	at com.kms.katalon.core.keyword.builtin.CallTestCaseKeyword.callTestCase(CallTestCaseKeyword.groovy:81)
	at com.kms.katalon.core.keyword.builtin.CallTestCaseKeyword.execute(CallTestCaseKeyword.groovy:44)
	at com.kms.katalon.core.keyword.internal.KeywordExecutor.executeKeywordForPlatform(KeywordExecutor.groovy:60)
	at com.kms.katalon.core.keyword.BuiltinKeywords.callTestCase(BuiltinKeywords.groovy:334)
	at TC_Data Entry.run(TC_Data Entry:21)
	at com.kms.katalon.core.main.ScriptEngine.run(ScriptEngine.java:194)
	at com.kms.katalon.core.main.ScriptEngine.runScriptAsRawText(ScriptEngine.java:119)
	at com.kms.katalon.core.main.TestCaseExecutor.runScript(TestCaseExecutor.java:337)
	at com.kms.katalon.core.main.TestCaseExecutor.doExecute(TestCaseExecutor.java:328)
	at com.kms.katalon.core.main.TestCaseExecutor.processExecutionPhase(TestCaseExecutor.java:307)
	at com.kms.katalon.core.main.TestCaseExecutor.accessMainPhase(TestCaseExecutor.java:299)
	at com.kms.katalon.core.main.TestCaseExecutor.execute(TestCaseExecutor.java:233)
	at com.kms.katalon.core.main.TestSuiteExecutor.accessTestCaseMainPhase(TestSuiteExecutor.java:169)
	at com.kms.katalon.core.main.TestSuiteExecutor.accessTestSuiteMainPhase(TestSuiteExecutor.java:142)
	at com.kms.katalon.core.main.TestSuiteExecutor.execute(TestSuiteExecutor.java:91)
	at com.kms.katalon.core.main.TestCaseMain.startTestSuite(TestCaseMain.java:157)
	at com.kms.katalon.core.main.TestCaseMain$startTestSuite$0.call(Unknown Source)
	at TempTestSuite1574807893706.run(TempTestSuite1574807893706.groovy:36)
)
	at com.kms.katalon.core.keyword.internal.KeywordMain.stepFailed(KeywordMain.groovy:50)
	at com.kms.katalon.core.mobile.keyword.internal.MobileKeywordMain.stepFailed(MobileKeywordMain.groovy:40)
	at com.kms.katalon.core.mobile.keyword.internal.MobileKeywordMain.runKeyword(MobileKeywordMain.groovy:23)
	at com.kms.katalon.core.mobile.keyword.builtin.SetTextKeyword.setText(SetTextKeyword.groovy:83)
	at com.kms.katalon.core.mobile.keyword.builtin.SetTextKeyword.execute(SetTextKeyword.groovy:66)
	at com.kms.katalon.core.keyword.internal.KeywordExecutor.executeKeywordForPlatform(KeywordExecutor.groovy:60)
	at com.kms.katalon.core.mobile.keyword.MobileBuiltInKeywords.setText(MobileBuiltInKeywords.groovy:491)
	at com.kms.katalon.core.mobile.keyword.MobileBuiltInKeywords$setText$2.call(Unknown Source)
	at TC_Simulasi Kredit - MASTER FLOW.run(TC_Simulasi Kredit - MASTER FLOW:72)
	at com.kms.katalon.core.main.ScriptEngine.run(ScriptEngine.java:194)
	at com.kms.katalon.core.main.ScriptEngine.runScriptAsRawText(ScriptEngine.java:119)
	at com.kms.katalon.core.main.TestCaseExecutor.runScript(TestCaseExecutor.java:337)
	at com.kms.katalon.core.main.TestCaseExecutor.doExecute(TestCaseExecutor.java:328)
	at com.kms.katalon.core.main.TestCaseExecutor.processExecutionPhase(TestCaseExecutor.java:307)
	at com.kms.katalon.core.main.TestCaseExecutor.accessMainPhase(TestCaseExecutor.java:299)
	at com.kms.katalon.core.main.TestCaseExecutor.execute(TestCaseExecutor.java:233)
	at com.kms.katalon.core.main.TestCaseMain.runTestCase(TestCaseMain.java:114)
	at com.kms.katalon.core.keyword.builtin.CallTestCaseKeyword$_callTestCase_closure1.doCall(CallTestCaseKeyword.groovy:59)
	... 20 more
Caused by: org.openqa.selenium.WebDriverException: An unknown server-side error occurred while processing the command. Original error: Could not proxy command to remote server. Original error: Error: socket hang up
Build info: version: '3.141.59', revision: 'e82be7d358', time: '2018-11-14T08:25:53'
System info: host: 'FATITQC15420L', ip: '192.168.1.11', os.name: 'Windows 10', os.arch: 'amd64', os.version: '10.0', java.version: '1.8.0_181'
Driver info: com.kms.katalon.core.appium.driver.SwipeableAndroidDriver
Capabilities {app: C:\Users\15420\git\ACCME-Du..., appPackage: com.outsystemsenterprise.ac..., autoGrantPermissions: true, automationName: uiautomator2, databaseEnabled: false, desired: {app: C:\Users\15420\git\ACCME-Du..., autoGrantPermissions: true, automationName: uiautomator2, deviceId: , deviceName: samsung SM-A505F (Android 9), fullReset: false, newCommandTimeout: 1800, noReset: true, platform: ANDROID, platformName: android, platformVersion: 9, resetKeyboard: true, systemPort: 56641, udid: RR8M30NJT6T, unicodeKeyboard: true}, deviceApiLevel: 28, deviceId: , deviceManufacturer: samsung, deviceModel: SM-A505F, deviceName: RR8M30NJT6T, deviceScreenDensity: 420, deviceScreenSize: 1080x2340, deviceUDID: RR8M30NJT6T, fullReset: false, javascriptEnabled: true, locationContextEnabled: false, networkConnectionEnabled: true, newCommandTimeout: 1800, noReset: true, pixelRatio: 2.625, platform: ANDROID, platformName: Android, platformVersion: 9, resetKeyboard: true, statBarHeight: 83, systemPort: 56641, takesScreenshot: true, udid: RR8M30NJT6T, unicodeKeyboard: true, viewportRect: {height: 2048, left: 0, top: 83, width: 1080}, warnings: {}, webStorageEnabled: false}
Session ID: a6174c8a-5f4c-4d33-bad0-19c98dd69486
	at org.openqa.selenium.remote.http.W3CHttpResponseCodec.createException(W3CHttpResponseCodec.java:187)
	at org.openqa.selenium.remote.http.W3CHttpResponseCodec.decode(W3CHttpResponseCodec.java:122)
	at org.openqa.selenium.remote.http.W3CHttpResponseCodec.decode(W3CHttpResponseCodec.java:49)
	at org.openqa.selenium.remote.HttpCommandExecutor.execute(HttpCommandExecutor.java:158)
	at io.appium.java_client.remote.AppiumCommandExecutor.execute(AppiumCommandExecutor.java:239)
	at org.openqa.selenium.remote.RemoteWebDriver.execute(RemoteWebDriver.java:552)
	at io.appium.java_client.DefaultGenericMobileDriver.execute(DefaultGenericMobileDriver.java:46)
	at io.appium.java_client.AppiumDriver.execute(AppiumDriver.java:1)
	at io.appium.java_client.android.AndroidDriver.execute(AndroidDriver.java:1)
	at com.kms.katalon.core.appium.driver.SwipeableAndroidDriver.execute(SwipeableAndroidDriver.java:1)
	at org.openqa.selenium.remote.RemoteWebDriver$RemoteWebDriverOptions$RemoteWindow.getSize(RemoteWebDriver.java:813)
	at org.openqa.selenium.WebDriver$Window$getSize.call(Unknown Source)
	at com.kms.katalon.core.mobile.keyword.internal.MobileAbstractKeyword.findElement(MobileAbstractKeyword.groovy:81)
	at com.kms.katalon.core.mobile.keyword.builtin.SetTextKeyword$_setText_closure1.doCall(SetTextKeyword.groovy:74)
	at com.kms.katalon.core.mobile.keyword.builtin.SetTextKeyword$_setText_closure1.call(SetTextKeyword.groovy)
	at com.kms.katalon.core.mobile.keyword.internal.MobileKeywordMain.runKeyword(MobileKeywordMain.groovy:21)
	... 35 more
)

2019-11-27 06:18:37 - [TEST_CASE][FAILED] - Test Cases/Data Entry/Simulasi Kredit/Simulasi Kredit/MASTER FLOW/TC_Simulasi Kredit - MASTER FLOW: Test Cases/Data Entry/Simulasi Kredit/Simulasi Kredit/MASTER FLOW/TC_Simulasi Kredit - MASTER FLOW FAILED.
Reason:
com.kms.katalon.core.exception.StepFailedException: Failed to set text into element (Root cause: org.openqa.selenium.WebDriverException: An unknown server-side error occurred while processing the command. Original error: Could not proxy command to remote server. Original error: Error: socket hang up
Build info: version: '3.141.59', revision: 'e82be7d358', time: '2018-11-14T08:25:53'
System info: host: 'FATITQC15420L', ip: '192.168.1.11', os.name: 'Windows 10', os.arch: 'amd64', os.version: '10.0', java.version: '1.8.0_181'
Driver info: com.kms.katalon.core.appium.driver.SwipeableAndroidDriver
Capabilities {app: C:\Users\15420\git\ACCME-Du..., appPackage: com.outsystemsenterprise.ac..., autoGrantPermissions: true, automationName: uiautomator2, databaseEnabled: false, desired: {app: C:\Users\15420\git\ACCME-Du..., autoGrantPermissions: true, automationName: uiautomator2, deviceId: , deviceName: samsung SM-A505F (Android 9), fullReset: false, newCommandTimeout: 1800, noReset: true, platform: ANDROID, platformName: android, platformVersion: 9, resetKeyboard: true, systemPort: 56641, udid: RR8M30NJT6T, unicodeKeyboard: true}, deviceApiLevel: 28, deviceId: , deviceManufacturer: samsung, deviceModel: SM-A505F, deviceName: RR8M30NJT6T, deviceScreenDensity: 420, deviceScreenSize: 1080x2340, deviceUDID: RR8M30NJT6T, fullReset: false, javascriptEnabled: true, locationContextEnabled: false, networkConnectionEnabled: true, newCommandTimeout: 1800, noReset: true, pixelRatio: 2.625, platform: ANDROID, platformName: Android, platformVersion: 9, resetKeyboard: true, statBarHeight: 83, systemPort: 56641, takesScreenshot: true, udid: RR8M30NJT6T, unicodeKeyboard: true, viewportRect: {height: 2048, left: 0, top: 83, width: 1080}, warnings: {}, webStorageEnabled: false}
Session ID: a6174c8a-5f4c-4d33-bad0-19c98dd69486
	at org.openqa.selenium.remote.http.W3CHttpResponseCodec.createException(W3CHttpResponseCodec.java:187)
	at org.openqa.selenium.remote.http.W3CHttpResponseCodec.decode(W3CHttpResponseCodec.java:122)
	at org.openqa.selenium.remote.http.W3CHttpResponseCodec.decode(W3CHttpResponseCodec.java:49)
	at org.openqa.selenium.remote.HttpCommandExecutor.execute(HttpCommandExecutor.java:158)
	at io.appium.java_client.remote.AppiumCommandExecutor.execute(AppiumCommandExecutor.java:239)
	at org.openqa.selenium.remote.RemoteWebDriver.execute(RemoteWebDriver.java:552)
	at io.appium.java_client.DefaultGenericMobileDriver.execute(DefaultGenericMobileDriver.java:46)
	at io.appium.java_client.AppiumDriver.execute(AppiumDriver.java:1)
	at io.appium.java_client.android.AndroidDriver.execute(AndroidDriver.java:1)
	at com.kms.katalon.core.appium.driver.SwipeableAndroidDriver.execute(SwipeableAndroidDriver.java:1)
	at org.openqa.selenium.remote.RemoteWebDriver$RemoteWebDriverOptions$RemoteWindow.getSize(RemoteWebDriver.java:813)
	at org.openqa.selenium.WebDriver$Window$getSize.call(Unknown Source)
	at com.kms.katalon.core.mobile.keyword.internal.MobileAbstractKeyword.findElement(MobileAbstractKeyword.groovy:81)
	at com.kms.katalon.core.mobile.keyword.builtin.SetTextKeyword$_setText_closure1.doCall(SetTextKeyword.groovy:74)
	at com.kms.katalon.core.mobile.keyword.builtin.SetTextKeyword$_setText_closure1.call(SetTextKeyword.groovy)
	at com.kms.katalon.core.mobile.keyword.internal.MobileKeywordMain.runKeyword(MobileKeywordMain.groovy:21)
	at com.kms.katalon.core.mobile.keyword.builtin.SetTextKeyword.setText(SetTextKeyword.groovy:83)
	at com.kms.katalon.core.mobile.keyword.builtin.SetTextKeyword.execute(SetTextKeyword.groovy:66)
	at com.kms.katalon.core.keyword.internal.KeywordExecutor.executeKeywordForPlatform(KeywordExecutor.groovy:60)
	at com.kms.katalon.core.mobile.keyword.MobileBuiltInKeywords.setText(MobileBuiltInKeywords.groovy:491)
	at com.kms.katalon.core.mobile.keyword.MobileBuiltInKeywords$setText$2.call(Unknown Source)
	at TC_Simulasi Kredit - MASTER FLOW.run(TC_Simulasi Kredit - MASTER FLOW:72)
	at com.kms.katalon.core.main.ScriptEngine.run(ScriptEngine.java:194)
	at com.kms.katalon.core.main.ScriptEngine.runScriptAsRawText(ScriptEngine.java:119)
	at com.kms.katalon.core.main.TestCaseExecutor.runScript(TestCaseExecutor.java:337)
	at com.kms.katalon.core.main.TestCaseExecutor.doExecute(TestCaseExecutor.java:328)
	at com.kms.katalon.core.main.TestCaseExecutor.processExecutionPhase(TestCaseExecutor.java:307)
	at com.kms.katalon.core.main.TestCaseExecutor.accessMainPhase(TestCaseExecutor.java:299)
	at com.kms.katalon.core.main.TestCaseExecutor.execute(TestCaseExecutor.java:233)
	at com.kms.katalon.core.main.TestCaseMain.runTestCase(TestCaseMain.java:114)
	at com.kms.katalon.core.keyword.builtin.CallTestCaseKeyword$_callTestCase_closure1.doCall(CallTestCaseKeyword.groovy:59)
	at com.kms.katalon.core.keyword.builtin.CallTestCaseKeyword$_callTestCase_closure1.call(CallTestCaseKeyword.groovy)
	at com.kms.katalon.core.keyword.internal.KeywordMain.runKeyword(KeywordMain.groovy:68)
	at com.kms.katalon.core.keyword.builtin.CallTestCaseKeyword.callTestCase(CallTestCaseKeyword.groovy:81)
	at com.kms.katalon.core.keyword.builtin.CallTestCaseKeyword.execute(CallTestCaseKeyword.groovy:44)
	at com.kms.katalon.core.keyword.internal.KeywordExecutor.executeKeywordForPlatform(KeywordExecutor.groovy:60)
	at com.kms.katalon.core.keyword.BuiltinKeywords.callTestCase(BuiltinKeywords.groovy:334)
	at TC_Data Entry.run(TC_Data Entry:21)
	at com.kms.katalon.core.main.ScriptEngine.run(ScriptEngine.java:194)
	at com.kms.katalon.core.main.ScriptEngine.runScriptAsRawText(ScriptEngine.java:119)
	at com.kms.katalon.core.main.TestCaseExecutor.runScript(TestCaseExecutor.java:337)
	at com.kms.katalon.core.main.TestCaseExecutor.doExecute(TestCaseExecutor.java:328)
	at com.kms.katalon.core.main.TestCaseExecutor.processExecutionPhase(TestCaseExecutor.java:307)
	at com.kms.katalon.core.main.TestCaseExecutor.accessMainPhase(TestCaseExecutor.java:299)
	at com.kms.katalon.core.main.TestCaseExecutor.execute(TestCaseExecutor.java:233)
	at com.kms.katalon.core.main.TestSuiteExecutor.accessTestCaseMainPhase(TestSuiteExecutor.java:169)
	at com.kms.katalon.core.main.TestSuiteExecutor.accessTestSuiteMainPhase(TestSuiteExecutor.java:142)
	at com.kms.katalon.core.main.TestSuiteExecutor.execute(TestSuiteExecutor.java:91)
	at com.kms.katalon.core.main.TestCaseMain.startTestSuite(TestCaseMain.java:157)
	at com.kms.katalon.core.main.TestCaseMain$startTestSuite$0.call(Unknown Source)
	at TempTestSuite1574807893706.run(TempTestSuite1574807893706.groovy:36)
)
	at com.kms.katalon.core.keyword.internal.KeywordMain.stepFailed(KeywordMain.groovy:50)
	at com.kms.katalon.core.mobile.keyword.internal.MobileKeywordMain.stepFailed(MobileKeywordMain.groovy:40)
	at com.kms.katalon.core.mobile.keyword.internal.MobileKeywordMain.runKeyword(MobileKeywordMain.groovy:23)
	at com.kms.katalon.core.mobile.keyword.builtin.SetTextKeyword.setText(SetTextKeyword.groovy:83)
	at com.kms.katalon.core.mobile.keyword.builtin.SetTextKeyword.execute(SetTextKeyword.groovy:66)
	at com.kms.katalon.core.keyword.internal.KeywordExecutor.executeKeywordForPlatform(KeywordExecutor.groovy:60)
	at com.kms.katalon.core.mobile.keyword.MobileBuiltInKeywords.setText(MobileBuiltInKeywords.groovy:491)
	at com.kms.katalon.core.mobile.keyword.MobileBuiltInKeywords$setText$2.call(Unknown Source)
	at TC_Simulasi Kredit - MASTER FLOW.run(TC_Simulasi Kredit - MASTER FLOW:72)
	at com.kms.katalon.core.main.ScriptEngine.run(ScriptEngine.java:194)
	at com.kms.katalon.core.main.ScriptEngine.runScriptAsRawText(ScriptEngine.java:119)
	at com.kms.katalon.core.main.TestCaseExecutor.runScript(TestCaseExecutor.java:337)
	at com.kms.katalon.core.main.TestCaseExecutor.doExecute(TestCaseExecutor.java:328)
	at com.kms.katalon.core.main.TestCaseExecutor.processExecutionPhase(TestCaseExecutor.java:307)
	at com.kms.katalon.core.main.TestCaseExecutor.accessMainPhase(TestCaseExecutor.java:299)
	at com.kms.katalon.core.main.TestCaseExecutor.execute(TestCaseExecutor.java:233)
	at com.kms.katalon.core.main.TestCaseMain.runTestCase(TestCaseMain.java:114)
	at com.kms.katalon.core.keyword.builtin.CallTestCaseKeyword$_callTestCase_closure1.doCall(CallTestCaseKeyword.groovy:59)
	at com.kms.katalon.core.keyword.builtin.CallTestCaseKeyword$_callTestCase_closure1.call(CallTestCaseKeyword.groovy)
	at com.kms.katalon.core.keyword.internal.KeywordMain.runKeyword(KeywordMain.groovy:68)
	at com.kms.katalon.core.keyword.builtin.CallTestCaseKeyword.callTestCase(CallTestCaseKeyword.groovy:81)
	at com.kms.katalon.core.keyword.builtin.CallTestCaseKeyword.execute(CallTestCaseKeyword.groovy:44)
	at com.kms.katalon.core.keyword.internal.KeywordExecutor.executeKeywordForPlatform(KeywordExecutor.groovy:60)
	at com.kms.katalon.core.keyword.BuiltinKeywords.callTestCase(BuiltinKeywords.groovy:334)
	at TC_Data Entry.run(TC_Data Entry:21)
	at com.kms.katalon.core.main.ScriptEngine.run(ScriptEngine.java:194)
	at com.kms.katalon.core.main.ScriptEngine.runScriptAsRawText(ScriptEngine.java:119)
	at com.kms.katalon.core.main.TestCaseExecutor.runScript(TestCaseExecutor.java:337)
	at com.kms.katalon.core.main.TestCaseExecutor.doExecute(TestCaseExecutor.java:328)
	at com.kms.katalon.core.main.TestCaseExecutor.processExecutionPhase(TestCaseExecutor.java:307)
	at com.kms.katalon.core.main.TestCaseExecutor.accessMainPhase(TestCaseExecutor.java:299)
	at com.kms.katalon.core.main.TestCaseExecutor.execute(TestCaseExecutor.java:233)
	at com.kms.katalon.core.main.TestSuiteExecutor.accessTestCaseMainPhase(TestSuiteExecutor.java:169)
	at com.kms.katalon.core.main.TestSuiteExecutor.accessTestSuiteMainPhase(TestSuiteExecutor.java:142)
	at com.kms.katalon.core.main.TestSuiteExecutor.execute(TestSuiteExecutor.java:91)
	at com.kms.katalon.core.main.TestCaseMain.startTestSuite(TestCaseMain.java:157)
	at com.kms.katalon.core.main.TestCaseMain$startTestSuite$0.call(Unknown Source)
	at TempTestSuite1574807893706.run(TempTestSuite1574807893706.groovy:36)
Caused by: org.openqa.selenium.WebDriverException: An unknown server-side error occurred while processing the command. Original error: Could not proxy command to remote server. Original error: Error: socket hang up
Build info: version: '3.141.59', revision: 'e82be7d358', time: '2018-11-14T08:25:53'
System info: host: 'FATITQC15420L', ip: '192.168.1.11', os.name: 'Windows 10', os.arch: 'amd64', os.version: '10.0', java.version: '1.8.0_181'
Driver info: com.kms.katalon.core.appium.driver.SwipeableAndroidDriver
Capabilities {app: C:\Users\15420\git\ACCME-Du..., appPackage: com.outsystemsenterprise.ac..., autoGrantPermissions: true, automationName: uiautomator2, databaseEnabled: false, desired: {app: C:\Users\15420\git\ACCME-Du..., autoGrantPermissions: true, automationName: uiautomator2, deviceId: , deviceName: samsung SM-A505F (Android 9), fullReset: false, newCommandTimeout: 1800, noReset: true, platform: ANDROID, platformName: android, platformVersion: 9, resetKeyboard: true, systemPort: 56641, udid: RR8M30NJT6T, unicodeKeyboard: true}, deviceApiLevel: 28, deviceId: , deviceManufacturer: samsung, deviceModel: SM-A505F, deviceName: RR8M30NJT6T, deviceScreenDensity: 420, deviceScreenSize: 1080x2340, deviceUDID: RR8M30NJT6T, fullReset: false, javascriptEnabled: true, locationContextEnabled: false, networkConnectionEnabled: true, newCommandTimeout: 1800, noReset: true, pixelRatio: 2.625, platform: ANDROID, platformName: Android, platformVersion: 9, resetKeyboard: true, statBarHeight: 83, systemPort: 56641, takesScreenshot: true, udid: RR8M30NJT6T, unicodeKeyboard: true, viewportRect: {height: 2048, left: 0, top: 83, width: 1080}, warnings: {}, webStorageEnabled: false}
Session ID: a6174c8a-5f4c-4d33-bad0-19c98dd69486
	at org.openqa.selenium.remote.http.W3CHttpResponseCodec.createException(W3CHttpResponseCodec.java:187)
	at org.openqa.selenium.remote.http.W3CHttpResponseCodec.decode(W3CHttpResponseCodec.java:122)
	at org.openqa.selenium.remote.http.W3CHttpResponseCodec.decode(W3CHttpResponseCodec.java:49)
	at org.openqa.selenium.remote.HttpCommandExecutor.execute(HttpCommandExecutor.java:158)
	at io.appium.java_client.remote.AppiumCommandExecutor.execute(AppiumCommandExecutor.java:239)
	at org.openqa.selenium.remote.RemoteWebDriver.execute(RemoteWebDriver.java:552)
	at io.appium.java_client.DefaultGenericMobileDriver.execute(DefaultGenericMobileDriver.java:46)
	at io.appium.java_client.AppiumDriver.execute(AppiumDriver.java:1)
	at io.appium.java_client.android.AndroidDriver.execute(AndroidDriver.java:1)
	at com.kms.katalon.core.appium.driver.SwipeableAndroidDriver.execute(SwipeableAndroidDriver.java:1)
	at org.openqa.selenium.remote.RemoteWebDriver$RemoteWebDriverOptions$RemoteWindow.getSize(RemoteWebDriver.java:813)
	at org.openqa.selenium.WebDriver$Window$getSize.call(Unknown Source)
	at com.kms.katalon.core.mobile.keyword.internal.MobileAbstractKeyword.findElement(MobileAbstractKeyword.groovy:81)
	at com.kms.katalon.core.mobile.keyword.builtin.SetTextKeyword$_setText_closure1.doCall(SetTextKeyword.groovy:74)
	at com.kms.katalon.core.mobile.keyword.builtin.SetTextKeyword$_setText_closure1.call(SetTextKeyword.groovy)
	at com.kms.katalon.core.mobile.keyword.internal.MobileKeywordMain.runKeyword(MobileKeywordMain.groovy:21)
	... 35 more


2019-11-27 06:18:37 - [TEST_STEP][PASSED] - waitForElementPresent(findTestObject("Simulasi Kredit/Simulasi Kredit - Simulasi Kredit/SimulasiKredit_Btn Simulasi Kredit"), 0): Element 'Object Repository/Simulasi Kredit/Simulasi Kredit - Simulasi Kredit/SimulasiKredit_Btn Simulasi Kredit' is present

2019-11-27 06:18:37 - [MESSAGE][WARNING] - Timeout '0' is invalid. Using default page load timeout: '30'

2019-11-27 06:18:48 - [MESSAGE][PASSED] - Element 'Object Repository/Simulasi Kredit/Simulasi Kredit - Simulasi Kredit/SimulasiKredit_Btn Simulasi Kredit' is present

2019-11-27 06:18:48 - [TEST_STEP][PASSED] - tap(findTestObject("Simulasi Kredit/Simulasi Kredit - Simulasi Kredit/SimulasiKredit_Btn Simulasi Kredit"), 0): Tapped on element 'Object Repository/Simulasi Kredit/Simulasi Kredit - Simulasi Kredit/SimulasiKredit_Btn Simulasi Kredit'

2019-11-27 06:18:48 - [MESSAGE][WARNING] - Timeout '0' is invalid. Using default page load timeout: '30'

2019-11-27 06:18:49 - [MESSAGE][PASSED] - Tapped on element 'Object Repository/Simulasi Kredit/Simulasi Kredit - Simulasi Kredit/SimulasiKredit_Btn Simulasi Kredit'

2019-11-27 06:18:49 - [TEST_STEP][PASSED] - if (varPembiayaan == "NewCar"): Tapped on element 'Object Repository/Simulasi Kredit/Simulasi Kredit - Simulasi Kredit/SimulasiKredit_new car'

2019-11-27 06:18:49 - [TEST_STEP][PASSED] - tap(findTestObject("Simulasi Kredit/Simulasi Kredit - Simulasi Kredit/SimulasiKredit_new car"), 0): Tapped on element 'Object Repository/Simulasi Kredit/Simulasi Kredit - Simulasi Kredit/SimulasiKredit_new car'

2019-11-27 06:18:50 - [MESSAGE][WARNING] - Timeout '0' is invalid. Using default page load timeout: '30'

2019-11-27 06:18:53 - [MESSAGE][PASSED] - Tapped on element 'Object Repository/Simulasi Kredit/Simulasi Kredit - Simulasi Kredit/SimulasiKredit_new car'

2019-11-27 06:18:53 - [TEST_STEP][PASSED] - if (varPembiayaan == "UsedCar"): null

2019-11-27 06:18:53 - [TEST_STEP][PASSED] - if (varTipepembiayaan == "syariah"): null

2019-11-27 06:18:53 - [TEST_STEP][PASSED] - if (varTipepembiayaan == "konvensional"): null

2019-11-27 06:18:53 - [TEST_STEP][PASSED] - if (varkodepaket == "ya"): null

2019-11-27 06:18:53 - [TEST_STEP][PASSED] - setText(findTestObject("Simulasi Kredit/Simulasi Kredit - Simulasi Kredit/SimulasiKredit_Inp Brand"), varBrand, 0): Text 'DAIHATSU' has been set to element 'Object Repository/Simulasi Kredit/Simulasi Kredit - Simulasi Kredit/SimulasiKredit_Inp Brand'

2019-11-27 06:18:54 - [MESSAGE][WARNING] - Timeout '0' is invalid. Using default page load timeout: '30'

2019-11-27 06:18:55 - [MESSAGE][PASSED] - Text 'DAIHATSU' has been set to element 'Object Repository/Simulasi Kredit/Simulasi Kredit - Simulasi Kredit/SimulasiKredit_Inp Brand'

2019-11-27 06:18:55 - [TEST_STEP][PASSED] - tap(findTestObject("Simulasi Kredit/Simulasi Kredit - Simulasi Kredit/SimulasiKredit_Inp Brand"), 0): Tapped on element 'Object Repository/Simulasi Kredit/Simulasi Kredit - Simulasi Kredit/SimulasiKredit_Inp Brand'

2019-11-27 06:18:55 - [MESSAGE][WARNING] - Timeout '0' is invalid. Using default page load timeout: '30'

2019-11-27 06:19:00 - [MESSAGE][PASSED] - Tapped on element 'Object Repository/Simulasi Kredit/Simulasi Kredit - Simulasi Kredit/SimulasiKredit_Inp Brand'

2019-11-27 06:19:00 - [TEST_STEP][PASSED] - tap(findTestObject("dynamic object/pickListItem_viewView", ["text":varBrand]), 0): Tapped on element 'Object Repository/dynamic object/pickListItem_viewView'

2019-11-27 06:19:00 - [MESSAGE][WARNING] - Timeout '0' is invalid. Using default page load timeout: '30'

2019-11-27 06:19:03 - [MESSAGE][PASSED] - Tapped on element 'Object Repository/dynamic object/pickListItem_viewView'

2019-11-27 06:19:03 - [TEST_STEP][PASSED] - tap(findTestObject("Simulasi Kredit/Simulasi Kredit - Simulasi Kredit/SimulasiKredit_Inp Type"), 0): Tapped on element 'Object Repository/Simulasi Kredit/Simulasi Kredit - Simulasi Kredit/SimulasiKredit_Inp Type'

2019-11-27 06:19:03 - [MESSAGE][WARNING] - Timeout '0' is invalid. Using default page load timeout: '30'

2019-11-27 06:19:05 - [MESSAGE][PASSED] - Tapped on element 'Object Repository/Simulasi Kredit/Simulasi Kredit - Simulasi Kredit/SimulasiKredit_Inp Type'

2019-11-27 06:19:05 - [TEST_STEP][FAILED] - setText(findTestObject("Simulasi Kredit/Simulasi Kredit - Simulasi Kredit/SimulasiKredit_Inp Type"), varType, 0): Failed to set text into element (Root cause: org.openqa.selenium.WebDriverException: An unknown server-side error occurred while processing the command. Original error: Could not proxy command to remote server. Original error: Error: socket hang up
Build info: version: '3.141.59', revision: 'e82be7d358', time: '2018-11-14T08:25:53'
System info: host: 'FATITQC15420L', ip: '192.168.1.11', os.name: 'Windows 10', os.arch: 'amd64', os.version: '10.0', java.version: '1.8.0_181'
Driver info: com.kms.katalon.core.appium.driver.SwipeableAndroidDriver
Capabilities {app: C:\Users\15420\git\ACCME-Du..., appPackage: com.outsystemsenterprise.ac..., autoGrantPermissions: true, automationName: uiautomator2, databaseEnabled: false, desired: {app: C:\Users\15420\git\ACCME-Du..., autoGrantPermissions: true, automationName: uiautomator2, deviceId: , deviceName: samsung SM-A505F (Android 9), fullReset: false, newCommandTimeout: 1800, noReset: true, platform: ANDROID, platformName: android, platformVersion: 9, resetKeyboard: true, systemPort: 56641, udid: RR8M30NJT6T, unicodeKeyboard: true}, deviceApiLevel: 28, deviceId: , deviceManufacturer: samsung, deviceModel: SM-A505F, deviceName: RR8M30NJT6T, deviceScreenDensity: 420, deviceScreenSize: 1080x2340, deviceUDID: RR8M30NJT6T, fullReset: false, javascriptEnabled: true, locationContextEnabled: false, networkConnectionEnabled: true, newCommandTimeout: 1800, noReset: true, pixelRatio: 2.625, platform: ANDROID, platformName: Android, platformVersion: 9, resetKeyboard: true, statBarHeight: 83, systemPort: 56641, takesScreenshot: true, udid: RR8M30NJT6T, unicodeKeyboard: true, viewportRect: {height: 2048, left: 0, top: 83, width: 1080}, warnings: {}, webStorageEnabled: false}
Session ID: a6174c8a-5f4c-4d33-bad0-19c98dd69486
	at org.openqa.selenium.remote.http.W3CHttpResponseCodec.createException(W3CHttpResponseCodec.java:187)
	at org.openqa.selenium.remote.http.W3CHttpResponseCodec.decode(W3CHttpResponseCodec.java:122)
	at org.openqa.selenium.remote.http.W3CHttpResponseCodec.decode(W3CHttpResponseCodec.java:49)
	at org.openqa.selenium.remote.HttpCommandExecutor.execute(HttpCommandExecutor.java:158)
	at io.appium.java_client.remote.AppiumCommandExecutor.execute(AppiumCommandExecutor.java:239)
	at org.openqa.selenium.remote.RemoteWebDriver.execute(RemoteWebDriver.java:552)
	at io.appium.java_client.DefaultGenericMobileDriver.execute(DefaultGenericMobileDriver.java:46)
	at io.appium.java_client.AppiumDriver.execute(AppiumDriver.java:1)
	at io.appium.java_client.android.AndroidDriver.execute(AndroidDriver.java:1)
	at com.kms.katalon.core.appium.driver.SwipeableAndroidDriver.execute(SwipeableAndroidDriver.java:1)
	at org.openqa.selenium.remote.RemoteWebDriver$RemoteWebDriverOptions$RemoteWindow.getSize(RemoteWebDriver.java:813)
	at org.openqa.selenium.WebDriver$Window$getSize.call(Unknown Source)
	at com.kms.katalon.core.mobile.keyword.internal.MobileAbstractKeyword.findElement(MobileAbstractKeyword.groovy:81)
	at com.kms.katalon.core.mobile.keyword.builtin.SetTextKeyword$_setText_closure1.doCall(SetTextKeyword.groovy:74)
	at com.kms.katalon.core.mobile.keyword.builtin.SetTextKeyword$_setText_closure1.call(SetTextKeyword.groovy)
	at com.kms.katalon.core.mobile.keyword.internal.MobileKeywordMain.runKeyword(MobileKeywordMain.groovy:21)
	at com.kms.katalon.core.mobile.keyword.builtin.SetTextKeyword.setText(SetTextKeyword.groovy:83)
	at com.kms.katalon.core.mobile.keyword.builtin.SetTextKeyword.execute(SetTextKeyword.groovy:66)
	at com.kms.katalon.core.keyword.internal.KeywordExecutor.executeKeywordForPlatform(KeywordExecutor.groovy:60)
	at com.kms.katalon.core.mobile.keyword.MobileBuiltInKeywords.setText(MobileBuiltInKeywords.groovy:491)
	at com.kms.katalon.core.mobile.keyword.MobileBuiltInKeywords$setText$2.call(Unknown Source)
	at TC_Simulasi Kredit - MASTER FLOW.run(TC_Simulasi Kredit - MASTER FLOW:72)
	at com.kms.katalon.core.main.ScriptEngine.run(ScriptEngine.java:194)
	at com.kms.katalon.core.main.ScriptEngine.runScriptAsRawText(ScriptEngine.java:119)
	at com.kms.katalon.core.main.TestCaseExecutor.runScript(TestCaseExecutor.java:337)
	at com.kms.katalon.core.main.TestCaseExecutor.doExecute(TestCaseExecutor.java:328)
	at com.kms.katalon.core.main.TestCaseExecutor.processExecutionPhase(TestCaseExecutor.java:307)
	at com.kms.katalon.core.main.TestCaseExecutor.accessMainPhase(TestCaseExecutor.java:299)
	at com.kms.katalon.core.main.TestCaseExecutor.execute(TestCaseExecutor.java:233)
	at com.kms.katalon.core.main.TestCaseMain.runTestCase(TestCaseMain.java:114)
	at com.kms.katalon.core.keyword.builtin.CallTestCaseKeyword$_callTestCase_closure1.doCall(CallTestCaseKeyword.groovy:59)
	at com.kms.katalon.core.keyword.builtin.CallTestCaseKeyword$_callTestCase_closure1.call(CallTestCaseKeyword.groovy)
	at com.kms.katalon.core.keyword.internal.KeywordMain.runKeyword(KeywordMain.groovy:68)
	at com.kms.katalon.core.keyword.builtin.CallTestCaseKeyword.callTestCase(CallTestCaseKeyword.groovy:81)
	at com.kms.katalon.core.keyword.builtin.CallTestCaseKeyword.execute(CallTestCaseKeyword.groovy:44)
	at com.kms.katalon.core.keyword.internal.KeywordExecutor.executeKeywordForPlatform(KeywordExecutor.groovy:60)
	at com.kms.katalon.core.keyword.BuiltinKeywords.callTestCase(BuiltinKeywords.groovy:334)
	at TC_Data Entry.run(TC_Data Entry:21)
	at com.kms.katalon.core.main.ScriptEngine.run(ScriptEngine.java:194)
	at com.kms.katalon.core.main.ScriptEngine.runScriptAsRawText(ScriptEngine.java:119)
	at com.kms.katalon.core.main.TestCaseExecutor.runScript(TestCaseExecutor.java:337)
	at com.kms.katalon.core.main.TestCaseExecutor.doExecute(TestCaseExecutor.java:328)
	at com.kms.katalon.core.main.TestCaseExecutor.processExecutionPhase(TestCaseExecutor.java:307)
	at com.kms.katalon.core.main.TestCaseExecutor.accessMainPhase(TestCaseExecutor.java:299)
	at com.kms.katalon.core.main.TestCaseExecutor.execute(TestCaseExecutor.java:233)
	at com.kms.katalon.core.main.TestSuiteExecutor.accessTestCaseMainPhase(TestSuiteExecutor.java:169)
	at com.kms.katalon.core.main.TestSuiteExecutor.accessTestSuiteMainPhase(TestSuiteExecutor.java:142)
	at com.kms.katalon.core.main.TestSuiteExecutor.execute(TestSuiteExecutor.java:91)
	at com.kms.katalon.core.main.TestCaseMain.startTestSuite(TestCaseMain.java:157)
	at com.kms.katalon.core.main.TestCaseMain$startTestSuite$0.call(Unknown Source)
	at TempTestSuite1574807893706.run(TempTestSuite1574807893706.groovy:36)
)

2019-11-27 06:19:05 - [MESSAGE][WARNING] - Timeout '0' is invalid. Using default page load timeout: '30'

2019-11-27 06:19:06 - [MESSAGE][WARNING] - Cannot take screenshot

2019-11-27 06:19:06 - [MESSAGE][FAILED] - Failed to set text into element (Root cause: org.openqa.selenium.WebDriverException: An unknown server-side error occurred while processing the command. Original error: Could not proxy command to remote server. Original error: Error: socket hang up
Build info: version: '3.141.59', revision: 'e82be7d358', time: '2018-11-14T08:25:53'
System info: host: 'FATITQC15420L', ip: '192.168.1.11', os.name: 'Windows 10', os.arch: 'amd64', os.version: '10.0', java.version: '1.8.0_181'
Driver info: com.kms.katalon.core.appium.driver.SwipeableAndroidDriver
Capabilities {app: C:\Users\15420\git\ACCME-Du..., appPackage: com.outsystemsenterprise.ac..., autoGrantPermissions: true, automationName: uiautomator2, databaseEnabled: false, desired: {app: C:\Users\15420\git\ACCME-Du..., autoGrantPermissions: true, automationName: uiautomator2, deviceId: , deviceName: samsung SM-A505F (Android 9), fullReset: false, newCommandTimeout: 1800, noReset: true, platform: ANDROID, platformName: android, platformVersion: 9, resetKeyboard: true, systemPort: 56641, udid: RR8M30NJT6T, unicodeKeyboard: true}, deviceApiLevel: 28, deviceId: , deviceManufacturer: samsung, deviceModel: SM-A505F, deviceName: RR8M30NJT6T, deviceScreenDensity: 420, deviceScreenSize: 1080x2340, deviceUDID: RR8M30NJT6T, fullReset: false, javascriptEnabled: true, locationContextEnabled: false, networkConnectionEnabled: true, newCommandTimeout: 1800, noReset: true, pixelRatio: 2.625, platform: ANDROID, platformName: Android, platformVersion: 9, resetKeyboard: true, statBarHeight: 83, systemPort: 56641, takesScreenshot: true, udid: RR8M30NJT6T, unicodeKeyboard: true, viewportRect: {height: 2048, left: 0, top: 83, width: 1080}, warnings: {}, webStorageEnabled: false}
Session ID: a6174c8a-5f4c-4d33-bad0-19c98dd69486
	at org.openqa.selenium.remote.http.W3CHttpResponseCodec.createException(W3CHttpResponseCodec.java:187)
	at org.openqa.selenium.remote.http.W3CHttpResponseCodec.decode(W3CHttpResponseCodec.java:122)
	at org.openqa.selenium.remote.http.W3CHttpResponseCodec.decode(W3CHttpResponseCodec.java:49)
	at org.openqa.selenium.remote.HttpCommandExecutor.execute(HttpCommandExecutor.java:158)
	at io.appium.java_client.remote.AppiumCommandExecutor.execute(AppiumCommandExecutor.java:239)
	at org.openqa.selenium.remote.RemoteWebDriver.execute(RemoteWebDriver.java:552)
	at io.appium.java_client.DefaultGenericMobileDriver.execute(DefaultGenericMobileDriver.java:46)
	at io.appium.java_client.AppiumDriver.execute(AppiumDriver.java:1)
	at io.appium.java_client.android.AndroidDriver.execute(AndroidDriver.java:1)
	at com.kms.katalon.core.appium.driver.SwipeableAndroidDriver.execute(SwipeableAndroidDriver.java:1)
	at org.openqa.selenium.remote.RemoteWebDriver$RemoteWebDriverOptions$RemoteWindow.getSize(RemoteWebDriver.java:813)
	at org.openqa.selenium.WebDriver$Window$getSize.call(Unknown Source)
	at com.kms.katalon.core.mobile.keyword.internal.MobileAbstractKeyword.findElement(MobileAbstractKeyword.groovy:81)
	at com.kms.katalon.core.mobile.keyword.builtin.SetTextKeyword$_setText_closure1.doCall(SetTextKeyword.groovy:74)
	at com.kms.katalon.core.mobile.keyword.builtin.SetTextKeyword$_setText_closure1.call(SetTextKeyword.groovy)
	at com.kms.katalon.core.mobile.keyword.internal.MobileKeywordMain.runKeyword(MobileKeywordMain.groovy:21)
	at com.kms.katalon.core.mobile.keyword.builtin.SetTextKeyword.setText(SetTextKeyword.groovy:83)
	at com.kms.katalon.core.mobile.keyword.builtin.SetTextKeyword.execute(SetTextKeyword.groovy:66)
	at com.kms.katalon.core.keyword.internal.KeywordExecutor.executeKeywordForPlatform(KeywordExecutor.groovy:60)
	at com.kms.katalon.core.mobile.keyword.MobileBuiltInKeywords.setText(MobileBuiltInKeywords.groovy:491)
	at com.kms.katalon.core.mobile.keyword.MobileBuiltInKeywords$setText$2.call(Unknown Source)
	at TC_Simulasi Kredit - MASTER FLOW.run(TC_Simulasi Kredit - MASTER FLOW:72)
	at com.kms.katalon.core.main.ScriptEngine.run(ScriptEngine.java:194)
	at com.kms.katalon.core.main.ScriptEngine.runScriptAsRawText(ScriptEngine.java:119)
	at com.kms.katalon.core.main.TestCaseExecutor.runScript(TestCaseExecutor.java:337)
	at com.kms.katalon.core.main.TestCaseExecutor.doExecute(TestCaseExecutor.java:328)
	at com.kms.katalon.core.main.TestCaseExecutor.processExecutionPhase(TestCaseExecutor.java:307)
	at com.kms.katalon.core.main.TestCaseExecutor.accessMainPhase(TestCaseExecutor.java:299)
	at com.kms.katalon.core.main.TestCaseExecutor.execute(TestCaseExecutor.java:233)
	at com.kms.katalon.core.main.TestCaseMain.runTestCase(TestCaseMain.java:114)
	at com.kms.katalon.core.keyword.builtin.CallTestCaseKeyword$_callTestCase_closure1.doCall(CallTestCaseKeyword.groovy:59)
	at com.kms.katalon.core.keyword.builtin.CallTestCaseKeyword$_callTestCase_closure1.call(CallTestCaseKeyword.groovy)
	at com.kms.katalon.core.keyword.internal.KeywordMain.runKeyword(KeywordMain.groovy:68)
	at com.kms.katalon.core.keyword.builtin.CallTestCaseKeyword.callTestCase(CallTestCaseKeyword.groovy:81)
	at com.kms.katalon.core.keyword.builtin.CallTestCaseKeyword.execute(CallTestCaseKeyword.groovy:44)
	at com.kms.katalon.core.keyword.internal.KeywordExecutor.executeKeywordForPlatform(KeywordExecutor.groovy:60)
	at com.kms.katalon.core.keyword.BuiltinKeywords.callTestCase(BuiltinKeywords.groovy:334)
	at TC_Data Entry.run(TC_Data Entry:21)
	at com.kms.katalon.core.main.ScriptEngine.run(ScriptEngine.java:194)
	at com.kms.katalon.core.main.ScriptEngine.runScriptAsRawText(ScriptEngine.java:119)
	at com.kms.katalon.core.main.TestCaseExecutor.runScript(TestCaseExecutor.java:337)
	at com.kms.katalon.core.main.TestCaseExecutor.doExecute(TestCaseExecutor.java:328)
	at com.kms.katalon.core.main.TestCaseExecutor.processExecutionPhase(TestCaseExecutor.java:307)
	at com.kms.katalon.core.main.TestCaseExecutor.accessMainPhase(TestCaseExecutor.java:299)
	at com.kms.katalon.core.main.TestCaseExecutor.execute(TestCaseExecutor.java:233)
	at com.kms.katalon.core.main.TestSuiteExecutor.accessTestCaseMainPhase(TestSuiteExecutor.java:169)
	at com.kms.katalon.core.main.TestSuiteExecutor.accessTestSuiteMainPhase(TestSuiteExecutor.java:142)
	at com.kms.katalon.core.main.TestSuiteExecutor.execute(TestSuiteExecutor.java:91)
	at com.kms.katalon.core.main.TestCaseMain.startTestSuite(TestCaseMain.java:157)
	at com.kms.katalon.core.main.TestCaseMain$startTestSuite$0.call(Unknown Source)
	at TempTestSuite1574807893706.run(TempTestSuite1574807893706.groovy:36)
)

2019-11-27 06:19:06 - [MESSAGE][WARNING] - Unable to call Test Case 'Test Cases/Data Entry/Simulasi Kredit/Simulasi Kredit/MASTER FLOW/TC_Simulasi Kredit - MASTER FLOW' (Root cause: com.kms.katalon.core.exception.StepFailedException: Call Test Case 'Test Cases/Data Entry/Simulasi Kredit/Simulasi Kredit/MASTER FLOW/TC_Simulasi Kredit - MASTER FLOW' failed
	at com.kms.katalon.core.keyword.builtin.CallTestCaseKeyword$_callTestCase_closure1.doCall(CallTestCaseKeyword.groovy:63)
	at com.kms.katalon.core.keyword.builtin.CallTestCaseKeyword$_callTestCase_closure1.call(CallTestCaseKeyword.groovy)
	at com.kms.katalon.core.keyword.internal.KeywordMain.runKeyword(KeywordMain.groovy:68)
	at com.kms.katalon.core.keyword.builtin.CallTestCaseKeyword.callTestCase(CallTestCaseKeyword.groovy:81)
	at com.kms.katalon.core.keyword.builtin.CallTestCaseKeyword.execute(CallTestCaseKeyword.groovy:44)
	at com.kms.katalon.core.keyword.internal.KeywordExecutor.executeKeywordForPlatform(KeywordExecutor.groovy:60)
	at com.kms.katalon.core.keyword.BuiltinKeywords.callTestCase(BuiltinKeywords.groovy:334)
	at TC_Data Entry.run(TC_Data Entry:21)
	at com.kms.katalon.core.main.ScriptEngine.run(ScriptEngine.java:194)
	at com.kms.katalon.core.main.ScriptEngine.runScriptAsRawText(ScriptEngine.java:119)
	at com.kms.katalon.core.main.TestCaseExecutor.runScript(TestCaseExecutor.java:337)
	at com.kms.katalon.core.main.TestCaseExecutor.doExecute(TestCaseExecutor.java:328)
	at com.kms.katalon.core.main.TestCaseExecutor.processExecutionPhase(TestCaseExecutor.java:307)
	at com.kms.katalon.core.main.TestCaseExecutor.accessMainPhase(TestCaseExecutor.java:299)
	at com.kms.katalon.core.main.TestCaseExecutor.execute(TestCaseExecutor.java:233)
	at com.kms.katalon.core.main.TestSuiteExecutor.accessTestCaseMainPhase(TestSuiteExecutor.java:169)
	at com.kms.katalon.core.main.TestSuiteExecutor.accessTestSuiteMainPhase(TestSuiteExecutor.java:142)
	at com.kms.katalon.core.main.TestSuiteExecutor.execute(TestSuiteExecutor.java:91)
	at com.kms.katalon.core.main.TestCaseMain.startTestSuite(TestCaseMain.java:157)
	at com.kms.katalon.core.main.TestCaseMain$startTestSuite$0.call(Unknown Source)
	at TempTestSuite1574807893706.run(TempTestSuite1574807893706.groovy:36)
Caused by: com.kms.katalon.core.exception.StepFailedException: Failed to set text into element (Root cause: org.openqa.selenium.WebDriverException: An unknown server-side error occurred while processing the command. Original error: Could not proxy command to remote server. Original error: Error: socket hang up
Build info: version: '3.141.59', revision: 'e82be7d358', time: '2018-11-14T08:25:53'
System info: host: 'FATITQC15420L', ip: '192.168.1.11', os.name: 'Windows 10', os.arch: 'amd64', os.version: '10.0', java.version: '1.8.0_181'
Driver info: com.kms.katalon.core.appium.driver.SwipeableAndroidDriver
Capabilities {app: C:\Users\15420\git\ACCME-Du..., appPackage: com.outsystemsenterprise.ac..., autoGrantPermissions: true, automationName: uiautomator2, databaseEnabled: false, desired: {app: C:\Users\15420\git\ACCME-Du..., autoGrantPermissions: true, automationName: uiautomator2, deviceId: , deviceName: samsung SM-A505F (Android 9), fullReset: false, newCommandTimeout: 1800, noReset: true, platform: ANDROID, platformName: android, platformVersion: 9, resetKeyboard: true, systemPort: 56641, udid: RR8M30NJT6T, unicodeKeyboard: true}, deviceApiLevel: 28, deviceId: , deviceManufacturer: samsung, deviceModel: SM-A505F, deviceName: RR8M30NJT6T, deviceScreenDensity: 420, deviceScreenSize: 1080x2340, deviceUDID: RR8M30NJT6T, fullReset: false, javascriptEnabled: true, locationContextEnabled: false, networkConnectionEnabled: true, newCommandTimeout: 1800, noReset: true, pixelRatio: 2.625, platform: ANDROID, platformName: Android, platformVersion: 9, resetKeyboard: true, statBarHeight: 83, systemPort: 56641, takesScreenshot: true, udid: RR8M30NJT6T, unicodeKeyboard: true, viewportRect: {height: 2048, left: 0, top: 83, width: 1080}, warnings: {}, webStorageEnabled: false}
Session ID: a6174c8a-5f4c-4d33-bad0-19c98dd69486
	at org.openqa.selenium.remote.http.W3CHttpResponseCodec.createException(W3CHttpResponseCodec.java:187)
	at org.openqa.selenium.remote.http.W3CHttpResponseCodec.decode(W3CHttpResponseCodec.java:122)
	at org.openqa.selenium.remote.http.W3CHttpResponseCodec.decode(W3CHttpResponseCodec.java:49)
	at org.openqa.selenium.remote.HttpCommandExecutor.execute(HttpCommandExecutor.java:158)
	at io.appium.java_client.remote.AppiumCommandExecutor.execute(AppiumCommandExecutor.java:239)
	at org.openqa.selenium.remote.RemoteWebDriver.execute(RemoteWebDriver.java:552)
	at io.appium.java_client.DefaultGenericMobileDriver.execute(DefaultGenericMobileDriver.java:46)
	at io.appium.java_client.AppiumDriver.execute(AppiumDriver.java:1)
	at io.appium.java_client.android.AndroidDriver.execute(AndroidDriver.java:1)
	at com.kms.katalon.core.appium.driver.SwipeableAndroidDriver.execute(SwipeableAndroidDriver.java:1)
	at org.openqa.selenium.remote.RemoteWebDriver$RemoteWebDriverOptions$RemoteWindow.getSize(RemoteWebDriver.java:813)
	at org.openqa.selenium.WebDriver$Window$getSize.call(Unknown Source)
	at com.kms.katalon.core.mobile.keyword.internal.MobileAbstractKeyword.findElement(MobileAbstractKeyword.groovy:81)
	at com.kms.katalon.core.mobile.keyword.builtin.SetTextKeyword$_setText_closure1.doCall(SetTextKeyword.groovy:74)
	at com.kms.katalon.core.mobile.keyword.builtin.SetTextKeyword$_setText_closure1.call(SetTextKeyword.groovy)
	at com.kms.katalon.core.mobile.keyword.internal.MobileKeywordMain.runKeyword(MobileKeywordMain.groovy:21)
	at com.kms.katalon.core.mobile.keyword.builtin.SetTextKeyword.setText(SetTextKeyword.groovy:83)
	at com.kms.katalon.core.mobile.keyword.builtin.SetTextKeyword.execute(SetTextKeyword.groovy:66)
	at com.kms.katalon.core.keyword.internal.KeywordExecutor.executeKeywordForPlatform(KeywordExecutor.groovy:60)
	at com.kms.katalon.core.mobile.keyword.MobileBuiltInKeywords.setText(MobileBuiltInKeywords.groovy:491)
	at com.kms.katalon.core.mobile.keyword.MobileBuiltInKeywords$setText$2.call(Unknown Source)
	at TC_Simulasi Kredit - MASTER FLOW.run(TC_Simulasi Kredit - MASTER FLOW:72)
	at com.kms.katalon.core.main.ScriptEngine.run(ScriptEngine.java:194)
	at com.kms.katalon.core.main.ScriptEngine.runScriptAsRawText(ScriptEngine.java:119)
	at com.kms.katalon.core.main.TestCaseExecutor.runScript(TestCaseExecutor.java:337)
	at com.kms.katalon.core.main.TestCaseExecutor.doExecute(TestCaseExecutor.java:328)
	at com.kms.katalon.core.main.TestCaseExecutor.processExecutionPhase(TestCaseExecutor.java:307)
	at com.kms.katalon.core.main.TestCaseExecutor.accessMainPhase(TestCaseExecutor.java:299)
	at com.kms.katalon.core.main.TestCaseExecutor.execute(TestCaseExecutor.java:233)
	at com.kms.katalon.core.main.TestCaseMain.runTestCase(TestCaseMain.java:114)
	at com.kms.katalon.core.keyword.builtin.CallTestCaseKeyword$_callTestCase_closure1.doCall(CallTestCaseKeyword.groovy:59)
	at com.kms.katalon.core.keyword.builtin.CallTestCaseKeyword$_callTestCase_closure1.call(CallTestCaseKeyword.groovy)
	at com.kms.katalon.core.keyword.internal.KeywordMain.runKeyword(KeywordMain.groovy:68)
	at com.kms.katalon.core.keyword.builtin.CallTestCaseKeyword.callTestCase(CallTestCaseKeyword.groovy:81)
	at com.kms.katalon.core.keyword.builtin.CallTestCaseKeyword.execute(CallTestCaseKeyword.groovy:44)
	at com.kms.katalon.core.keyword.internal.KeywordExecutor.executeKeywordForPlatform(KeywordExecutor.groovy:60)
	at com.kms.katalon.core.keyword.BuiltinKeywords.callTestCase(BuiltinKeywords.groovy:334)
	at TC_Data Entry.run(TC_Data Entry:21)
	at com.kms.katalon.core.main.ScriptEngine.run(ScriptEngine.java:194)
	at com.kms.katalon.core.main.ScriptEngine.runScriptAsRawText(ScriptEngine.java:119)
	at com.kms.katalon.core.main.TestCaseExecutor.runScript(TestCaseExecutor.java:337)
	at com.kms.katalon.core.main.TestCaseExecutor.doExecute(TestCaseExecutor.java:328)
	at com.kms.katalon.core.main.TestCaseExecutor.processExecutionPhase(TestCaseExecutor.java:307)
	at com.kms.katalon.core.main.TestCaseExecutor.accessMainPhase(TestCaseExecutor.java:299)
	at com.kms.katalon.core.main.TestCaseExecutor.execute(TestCaseExecutor.java:233)
	at com.kms.katalon.core.main.TestSuiteExecutor.accessTestCaseMainPhase(TestSuiteExecutor.java:169)
	at com.kms.katalon.core.main.TestSuiteExecutor.accessTestSuiteMainPhase(TestSuiteExecutor.java:142)
	at com.kms.katalon.core.main.TestSuiteExecutor.execute(TestSuiteExecutor.java:91)
	at com.kms.katalon.core.main.TestCaseMain.startTestSuite(TestCaseMain.java:157)
	at com.kms.katalon.core.main.TestCaseMain$startTestSuite$0.call(Unknown Source)
	at TempTestSuite1574807893706.run(TempTestSuite1574807893706.groovy:36)
)
	at com.kms.katalon.core.keyword.internal.KeywordMain.stepFailed(KeywordMain.groovy:50)
	at com.kms.katalon.core.mobile.keyword.internal.MobileKeywordMain.stepFailed(MobileKeywordMain.groovy:40)
	at com.kms.katalon.core.mobile.keyword.internal.MobileKeywordMain.runKeyword(MobileKeywordMain.groovy:23)
	at com.kms.katalon.core.mobile.keyword.builtin.SetTextKeyword.setText(SetTextKeyword.groovy:83)
	at com.kms.katalon.core.mobile.keyword.builtin.SetTextKeyword.execute(SetTextKeyword.groovy:66)
	at com.kms.katalon.core.keyword.internal.KeywordExecutor.executeKeywordForPlatform(KeywordExecutor.groovy:60)
	at com.kms.katalon.core.mobile.keyword.MobileBuiltInKeywords.setText(MobileBuiltInKeywords.groovy:491)
	at com.kms.katalon.core.mobile.keyword.MobileBuiltInKeywords$setText$2.call(Unknown Source)
	at TC_Simulasi Kredit - MASTER FLOW.run(TC_Simulasi Kredit - MASTER FLOW:72)
	at com.kms.katalon.core.main.ScriptEngine.run(ScriptEngine.java:194)
	at com.kms.katalon.core.main.ScriptEngine.runScriptAsRawText(ScriptEngine.java:119)
	at com.kms.katalon.core.main.TestCaseExecutor.runScript(TestCaseExecutor.java:337)
	at com.kms.katalon.core.main.TestCaseExecutor.doExecute(TestCaseExecutor.java:328)
	at com.kms.katalon.core.main.TestCaseExecutor.processExecutionPhase(TestCaseExecutor.java:307)
	at com.kms.katalon.core.main.TestCaseExecutor.accessMainPhase(TestCaseExecutor.java:299)
	at com.kms.katalon.core.main.TestCaseExecutor.execute(TestCaseExecutor.java:233)
	at com.kms.katalon.core.main.TestCaseMain.runTestCase(TestCaseMain.java:114)
	at com.kms.katalon.core.keyword.builtin.CallTestCaseKeyword$_callTestCase_closure1.doCall(CallTestCaseKeyword.groovy:59)
	... 20 more
Caused by: org.openqa.selenium.WebDriverException: An unknown server-side error occurred while processing the command. Original error: Could not proxy command to remote server. Original error: Error: socket hang up
Build info: version: '3.141.59', revision: 'e82be7d358', time: '2018-11-14T08:25:53'
System info: host: 'FATITQC15420L', ip: '192.168.1.11', os.name: 'Windows 10', os.arch: 'amd64', os.version: '10.0', java.version: '1.8.0_181'
Driver info: com.kms.katalon.core.appium.driver.SwipeableAndroidDriver
Capabilities {app: C:\Users\15420\git\ACCME-Du..., appPackage: com.outsystemsenterprise.ac..., autoGrantPermissions: true, automationName: uiautomator2, databaseEnabled: false, desired: {app: C:\Users\15420\git\ACCME-Du..., autoGrantPermissions: true, automationName: uiautomator2, deviceId: , deviceName: samsung SM-A505F (Android 9), fullReset: false, newCommandTimeout: 1800, noReset: true, platform: ANDROID, platformName: android, platformVersion: 9, resetKeyboard: true, systemPort: 56641, udid: RR8M30NJT6T, unicodeKeyboard: true}, deviceApiLevel: 28, deviceId: , deviceManufacturer: samsung, deviceModel: SM-A505F, deviceName: RR8M30NJT6T, deviceScreenDensity: 420, deviceScreenSize: 1080x2340, deviceUDID: RR8M30NJT6T, fullReset: false, javascriptEnabled: true, locationContextEnabled: false, networkConnectionEnabled: true, newCommandTimeout: 1800, noReset: true, pixelRatio: 2.625, platform: ANDROID, platformName: Android, platformVersion: 9, resetKeyboard: true, statBarHeight: 83, systemPort: 56641, takesScreenshot: true, udid: RR8M30NJT6T, unicodeKeyboard: true, viewportRect: {height: 2048, left: 0, top: 83, width: 1080}, warnings: {}, webStorageEnabled: false}
Session ID: a6174c8a-5f4c-4d33-bad0-19c98dd69486
	at org.openqa.selenium.remote.http.W3CHttpResponseCodec.createException(W3CHttpResponseCodec.java:187)
	at org.openqa.selenium.remote.http.W3CHttpResponseCodec.decode(W3CHttpResponseCodec.java:122)
	at org.openqa.selenium.remote.http.W3CHttpResponseCodec.decode(W3CHttpResponseCodec.java:49)
	at org.openqa.selenium.remote.HttpCommandExecutor.execute(HttpCommandExecutor.java:158)
	at io.appium.java_client.remote.AppiumCommandExecutor.execute(AppiumCommandExecutor.java:239)
	at org.openqa.selenium.remote.RemoteWebDriver.execute(RemoteWebDriver.java:552)
	at io.appium.java_client.DefaultGenericMobileDriver.execute(DefaultGenericMobileDriver.java:46)
	at io.appium.java_client.AppiumDriver.execute(AppiumDriver.java:1)
	at io.appium.java_client.android.AndroidDriver.execute(AndroidDriver.java:1)
	at com.kms.katalon.core.appium.driver.SwipeableAndroidDriver.execute(SwipeableAndroidDriver.java:1)
	at org.openqa.selenium.remote.RemoteWebDriver$RemoteWebDriverOptions$RemoteWindow.getSize(RemoteWebDriver.java:813)
	at org.openqa.selenium.WebDriver$Window$getSize.call(Unknown Source)
	at com.kms.katalon.core.mobile.keyword.internal.MobileAbstractKeyword.findElement(MobileAbstractKeyword.groovy:81)
	at com.kms.katalon.core.mobile.keyword.builtin.SetTextKeyword$_setText_closure1.doCall(SetTextKeyword.groovy:74)
	at com.kms.katalon.core.mobile.keyword.builtin.SetTextKeyword$_setText_closure1.call(SetTextKeyword.groovy)
	at com.kms.katalon.core.mobile.keyword.internal.MobileKeywordMain.runKeyword(MobileKeywordMain.groovy:21)
	... 35 more
)

2019-11-27 06:19:06 - [TEST_STEP][FAILED] - callTestCase(findTestCase("Data Entry/Simulasi Kredit/Simulasi Kredit - Asuransi/MASTER FLOW/TC_Asuransi - MASTER FLOW"), ["varAsuransi":varAsuransi, "varKodeWilayah":varKodeWilayah], STOP_ON_FAILURE): Unable to call Test Case 'Test Cases/Data Entry/Simulasi Kredit/Simulasi Kredit - Asuransi/MASTER FLOW/TC_Asuransi - MASTER FLOW' (Root cause: com.kms.katalon.core.exception.StepFailedException: Call Test Case 'Test Cases/Data Entry/Simulasi Kredit/Simulasi Kredit - Asuransi/MASTER FLOW/TC_Asuransi - MASTER FLOW' failed
	at com.kms.katalon.core.keyword.builtin.CallTestCaseKeyword$_callTestCase_closure1.doCall(CallTestCaseKeyword.groovy:63)
	at com.kms.katalon.core.keyword.builtin.CallTestCaseKeyword$_callTestCase_closure1.call(CallTestCaseKeyword.groovy)
	at com.kms.katalon.core.keyword.internal.KeywordMain.runKeyword(KeywordMain.groovy:68)
	at com.kms.katalon.core.keyword.builtin.CallTestCaseKeyword.callTestCase(CallTestCaseKeyword.groovy:81)
	at com.kms.katalon.core.keyword.builtin.CallTestCaseKeyword.execute(CallTestCaseKeyword.groovy:44)
	at com.kms.katalon.core.keyword.internal.KeywordExecutor.executeKeywordForPlatform(KeywordExecutor.groovy:60)
	at com.kms.katalon.core.keyword.BuiltinKeywords.callTestCase(BuiltinKeywords.groovy:334)
	at TC_Data Entry.run(TC_Data Entry:26)
	at com.kms.katalon.core.main.ScriptEngine.run(ScriptEngine.java:194)
	at com.kms.katalon.core.main.ScriptEngine.runScriptAsRawText(ScriptEngine.java:119)
	at com.kms.katalon.core.main.TestCaseExecutor.runScript(TestCaseExecutor.java:337)
	at com.kms.katalon.core.main.TestCaseExecutor.doExecute(TestCaseExecutor.java:328)
	at com.kms.katalon.core.main.TestCaseExecutor.processExecutionPhase(TestCaseExecutor.java:307)
	at com.kms.katalon.core.main.TestCaseExecutor.accessMainPhase(TestCaseExecutor.java:299)
	at com.kms.katalon.core.main.TestCaseExecutor.execute(TestCaseExecutor.java:233)
	at com.kms.katalon.core.main.TestSuiteExecutor.accessTestCaseMainPhase(TestSuiteExecutor.java:169)
	at com.kms.katalon.core.main.TestSuiteExecutor.accessTestSuiteMainPhase(TestSuiteExecutor.java:142)
	at com.kms.katalon.core.main.TestSuiteExecutor.execute(TestSuiteExecutor.java:91)
	at com.kms.katalon.core.main.TestCaseMain.startTestSuite(TestCaseMain.java:157)
	at com.kms.katalon.core.main.TestCaseMain$startTestSuite$0.call(Unknown Source)
	at TempTestSuite1574807893706.run(TempTestSuite1574807893706.groovy:36)
Caused by: com.kms.katalon.core.exception.StepFailedException: Failed to tap on element 'Object Repository/Simulasi Kredit/Simulasi Kredit - Asuransi/Asuransi_Nama Asuransi' (Root cause: org.openqa.selenium.WebDriverException: An unknown server-side error occurred while processing the command. Original error: Could not proxy command to remote server. Original error: Error: socket hang up
Build info: version: '3.141.59', revision: 'e82be7d358', time: '2018-11-14T08:25:53'
System info: host: 'FATITQC15420L', ip: '192.168.1.11', os.name: 'Windows 10', os.arch: 'amd64', os.version: '10.0', java.version: '1.8.0_181'
Driver info: com.kms.katalon.core.appium.driver.SwipeableAndroidDriver
Capabilities {app: C:\Users\15420\git\ACCME-Du..., appPackage: com.outsystemsenterprise.ac..., autoGrantPermissions: true, automationName: uiautomator2, databaseEnabled: false, desired: {app: C:\Users\15420\git\ACCME-Du..., autoGrantPermissions: true, automationName: uiautomator2, deviceId: , deviceName: samsung SM-A505F (Android 9), fullReset: false, newCommandTimeout: 1800, noReset: true, platform: ANDROID, platformName: android, platformVersion: 9, resetKeyboard: true, systemPort: 56641, udid: RR8M30NJT6T, unicodeKeyboard: true}, deviceApiLevel: 28, deviceId: , deviceManufacturer: samsung, deviceModel: SM-A505F, deviceName: RR8M30NJT6T, deviceScreenDensity: 420, deviceScreenSize: 1080x2340, deviceUDID: RR8M30NJT6T, fullReset: false, javascriptEnabled: true, locationContextEnabled: false, networkConnectionEnabled: true, newCommandTimeout: 1800, noReset: true, pixelRatio: 2.625, platform: ANDROID, platformName: Android, platformVersion: 9, resetKeyboard: true, statBarHeight: 83, systemPort: 56641, takesScreenshot: true, udid: RR8M30NJT6T, unicodeKeyboard: true, viewportRect: {height: 2048, left: 0, top: 83, width: 1080}, warnings: {}, webStorageEnabled: false}
Session ID: a6174c8a-5f4c-4d33-bad0-19c98dd69486
	at org.openqa.selenium.remote.http.W3CHttpResponseCodec.createException(W3CHttpResponseCodec.java:187)
	at org.openqa.selenium.remote.http.W3CHttpResponseCodec.decode(W3CHttpResponseCodec.java:122)
	at org.openqa.selenium.remote.http.W3CHttpResponseCodec.decode(W3CHttpResponseCodec.java:49)
	at org.openqa.selenium.remote.HttpCommandExecutor.execute(HttpCommandExecutor.java:158)
	at io.appium.java_client.remote.AppiumCommandExecutor.execute(AppiumCommandExecutor.java:239)
	at org.openqa.selenium.remote.RemoteWebDriver.execute(RemoteWebDriver.java:552)
	at io.appium.java_client.DefaultGenericMobileDriver.execute(DefaultGenericMobileDriver.java:46)
	at io.appium.java_client.AppiumDriver.execute(AppiumDriver.java:1)
	at io.appium.java_client.android.AndroidDriver.execute(AndroidDriver.java:1)
	at com.kms.katalon.core.appium.driver.SwipeableAndroidDriver.execute(SwipeableAndroidDriver.java:1)
	at org.openqa.selenium.remote.RemoteWebDriver$RemoteWebDriverOptions$RemoteWindow.getSize(RemoteWebDriver.java:813)
	at org.openqa.selenium.WebDriver$Window$getSize.call(Unknown Source)
	at com.kms.katalon.core.mobile.keyword.internal.MobileAbstractKeyword.findElement(MobileAbstractKeyword.groovy:81)
	at com.kms.katalon.core.mobile.keyword.builtin.TapKeyword$_tap_closure1.doCall(TapKeyword.groovy:76)
	at com.kms.katalon.core.mobile.keyword.builtin.TapKeyword$_tap_closure1.call(TapKeyword.groovy)
	at com.kms.katalon.core.mobile.keyword.internal.MobileKeywordMain.runKeyword(MobileKeywordMain.groovy:21)
	at com.kms.katalon.core.mobile.keyword.builtin.TapKeyword.tap(TapKeyword.groovy:86)
	at com.kms.katalon.core.mobile.keyword.builtin.TapKeyword.execute(TapKeyword.groovy:68)
	at com.kms.katalon.core.keyword.internal.KeywordExecutor.executeKeywordForPlatform(KeywordExecutor.groovy:60)
	at com.kms.katalon.core.mobile.keyword.MobileBuiltInKeywords.tap(MobileBuiltInKeywords.groovy:520)
	at com.kms.katalon.core.mobile.keyword.MobileBuiltInKeywords$tap$1.call(Unknown Source)
	at TC_Asuransi - MASTER FLOW.run(TC_Asuransi - MASTER FLOW:18)
	at com.kms.katalon.core.main.ScriptEngine.run(ScriptEngine.java:194)
	at com.kms.katalon.core.main.ScriptEngine.runScriptAsRawText(ScriptEngine.java:119)
	at com.kms.katalon.core.main.TestCaseExecutor.runScript(TestCaseExecutor.java:337)
	at com.kms.katalon.core.main.TestCaseExecutor.doExecute(TestCaseExecutor.java:328)
	at com.kms.katalon.core.main.TestCaseExecutor.processExecutionPhase(TestCaseExecutor.java:307)
	at com.kms.katalon.core.main.TestCaseExecutor.accessMainPhase(TestCaseExecutor.java:299)
	at com.kms.katalon.core.main.TestCaseExecutor.execute(TestCaseExecutor.java:233)
	at com.kms.katalon.core.main.TestCaseMain.runTestCase(TestCaseMain.java:114)
	at com.kms.katalon.core.keyword.builtin.CallTestCaseKeyword$_callTestCase_closure1.doCall(CallTestCaseKeyword.groovy:59)
	at com.kms.katalon.core.keyword.builtin.CallTestCaseKeyword$_callTestCase_closure1.call(CallTestCaseKeyword.groovy)
	at com.kms.katalon.core.keyword.internal.KeywordMain.runKeyword(KeywordMain.groovy:68)
	at com.kms.katalon.core.keyword.builtin.CallTestCaseKeyword.callTestCase(CallTestCaseKeyword.groovy:81)
	at com.kms.katalon.core.keyword.builtin.CallTestCaseKeyword.execute(CallTestCaseKeyword.groovy:44)
	at com.kms.katalon.core.keyword.internal.KeywordExecutor.executeKeywordForPlatform(KeywordExecutor.groovy:60)
	at com.kms.katalon.core.keyword.BuiltinKeywords.callTestCase(BuiltinKeywords.groovy:334)
	at TC_Data Entry.run(TC_Data Entry:26)
	at com.kms.katalon.core.main.ScriptEngine.run(ScriptEngine.java:194)
	at com.kms.katalon.core.main.ScriptEngine.runScriptAsRawText(ScriptEngine.java:119)
	at com.kms.katalon.core.main.TestCaseExecutor.runScript(TestCaseExecutor.java:337)
	at com.kms.katalon.core.main.TestCaseExecutor.doExecute(TestCaseExecutor.java:328)
	at com.kms.katalon.core.main.TestCaseExecutor.processExecutionPhase(TestCaseExecutor.java:307)
	at com.kms.katalon.core.main.TestCaseExecutor.accessMainPhase(TestCaseExecutor.java:299)
	at com.kms.katalon.core.main.TestCaseExecutor.execute(TestCaseExecutor.java:233)
	at com.kms.katalon.core.main.TestSuiteExecutor.accessTestCaseMainPhase(TestSuiteExecutor.java:169)
	at com.kms.katalon.core.main.TestSuiteExecutor.accessTestSuiteMainPhase(TestSuiteExecutor.java:142)
	at com.kms.katalon.core.main.TestSuiteExecutor.execute(TestSuiteExecutor.java:91)
	at com.kms.katalon.core.main.TestCaseMain.startTestSuite(TestCaseMain.java:157)
	at com.kms.katalon.core.main.TestCaseMain$startTestSuite$0.call(Unknown Source)
	at TempTestSuite1574807893706.run(TempTestSuite1574807893706.groovy:36)
)
	at com.kms.katalon.core.keyword.internal.KeywordMain.stepFailed(KeywordMain.groovy:50)
	at com.kms.katalon.core.mobile.keyword.internal.MobileKeywordMain.stepFailed(MobileKeywordMain.groovy:40)
	at com.kms.katalon.core.mobile.keyword.internal.MobileKeywordMain.runKeyword(MobileKeywordMain.groovy:23)
	at com.kms.katalon.core.mobile.keyword.builtin.TapKeyword.tap(TapKeyword.groovy:86)
	at com.kms.katalon.core.mobile.keyword.builtin.TapKeyword.execute(TapKeyword.groovy:68)
	at com.kms.katalon.core.keyword.internal.KeywordExecutor.executeKeywordForPlatform(KeywordExecutor.groovy:60)
	at com.kms.katalon.core.mobile.keyword.MobileBuiltInKeywords.tap(MobileBuiltInKeywords.groovy:520)
	at com.kms.katalon.core.mobile.keyword.MobileBuiltInKeywords$tap$1.call(Unknown Source)
	at TC_Asuransi - MASTER FLOW.run(TC_Asuransi - MASTER FLOW:18)
	at com.kms.katalon.core.main.ScriptEngine.run(ScriptEngine.java:194)
	at com.kms.katalon.core.main.ScriptEngine.runScriptAsRawText(ScriptEngine.java:119)
	at com.kms.katalon.core.main.TestCaseExecutor.runScript(TestCaseExecutor.java:337)
	at com.kms.katalon.core.main.TestCaseExecutor.doExecute(TestCaseExecutor.java:328)
	at com.kms.katalon.core.main.TestCaseExecutor.processExecutionPhase(TestCaseExecutor.java:307)
	at com.kms.katalon.core.main.TestCaseExecutor.accessMainPhase(TestCaseExecutor.java:299)
	at com.kms.katalon.core.main.TestCaseExecutor.execute(TestCaseExecutor.java:233)
	at com.kms.katalon.core.main.TestCaseMain.runTestCase(TestCaseMain.java:114)
	at com.kms.katalon.core.keyword.builtin.CallTestCaseKeyword$_callTestCase_closure1.doCall(CallTestCaseKeyword.groovy:59)
	... 20 more
Caused by: org.openqa.selenium.WebDriverException: An unknown server-side error occurred while processing the command. Original error: Could not proxy command to remote server. Original error: Error: socket hang up
Build info: version: '3.141.59', revision: 'e82be7d358', time: '2018-11-14T08:25:53'
System info: host: 'FATITQC15420L', ip: '192.168.1.11', os.name: 'Windows 10', os.arch: 'amd64', os.version: '10.0', java.version: '1.8.0_181'
Driver info: com.kms.katalon.core.appium.driver.SwipeableAndroidDriver
Capabilities {app: C:\Users\15420\git\ACCME-Du..., appPackage: com.outsystemsenterprise.ac..., autoGrantPermissions: true, automationName: uiautomator2, databaseEnabled: false, desired: {app: C:\Users\15420\git\ACCME-Du..., autoGrantPermissions: true, automationName: uiautomator2, deviceId: , deviceName: samsung SM-A505F (Android 9), fullReset: false, newCommandTimeout: 1800, noReset: true, platform: ANDROID, platformName: android, platformVersion: 9, resetKeyboard: true, systemPort: 56641, udid: RR8M30NJT6T, unicodeKeyboard: true}, deviceApiLevel: 28, deviceId: , deviceManufacturer: samsung, deviceModel: SM-A505F, deviceName: RR8M30NJT6T, deviceScreenDensity: 420, deviceScreenSize: 1080x2340, deviceUDID: RR8M30NJT6T, fullReset: false, javascriptEnabled: true, locationContextEnabled: false, networkConnectionEnabled: true, newCommandTimeout: 1800, noReset: true, pixelRatio: 2.625, platform: ANDROID, platformName: Android, platformVersion: 9, resetKeyboard: true, statBarHeight: 83, systemPort: 56641, takesScreenshot: true, udid: RR8M30NJT6T, unicodeKeyboard: true, viewportRect: {height: 2048, left: 0, top: 83, width: 1080}, warnings: {}, webStorageEnabled: false}
Session ID: a6174c8a-5f4c-4d33-bad0-19c98dd69486
	at org.openqa.selenium.remote.http.W3CHttpResponseCodec.createException(W3CHttpResponseCodec.java:187)
	at org.openqa.selenium.remote.http.W3CHttpResponseCodec.decode(W3CHttpResponseCodec.java:122)
	at org.openqa.selenium.remote.http.W3CHttpResponseCodec.decode(W3CHttpResponseCodec.java:49)
	at org.openqa.selenium.remote.HttpCommandExecutor.execute(HttpCommandExecutor.java:158)
	at io.appium.java_client.remote.AppiumCommandExecutor.execute(AppiumCommandExecutor.java:239)
	at org.openqa.selenium.remote.RemoteWebDriver.execute(RemoteWebDriver.java:552)
	at io.appium.java_client.DefaultGenericMobileDriver.execute(DefaultGenericMobileDriver.java:46)
	at io.appium.java_client.AppiumDriver.execute(AppiumDriver.java:1)
	at io.appium.java_client.android.AndroidDriver.execute(AndroidDriver.java:1)
	at com.kms.katalon.core.appium.driver.SwipeableAndroidDriver.execute(SwipeableAndroidDriver.java:1)
	at org.openqa.selenium.remote.RemoteWebDriver$RemoteWebDriverOptions$RemoteWindow.getSize(RemoteWebDriver.java:813)
	at org.openqa.selenium.WebDriver$Window$getSize.call(Unknown Source)
	at com.kms.katalon.core.mobile.keyword.internal.MobileAbstractKeyword.findElement(MobileAbstractKeyword.groovy:81)
	at com.kms.katalon.core.mobile.keyword.builtin.TapKeyword$_tap_closure1.doCall(TapKeyword.groovy:76)
	at com.kms.katalon.core.mobile.keyword.builtin.TapKeyword$_tap_closure1.call(TapKeyword.groovy)
	at com.kms.katalon.core.mobile.keyword.internal.MobileKeywordMain.runKeyword(MobileKeywordMain.groovy:21)
	... 35 more
)

2019-11-27 06:19:06 - [TEST_CASE][FAILED] - Test Cases/Data Entry/Simulasi Kredit/Simulasi Kredit - Asuransi/MASTER FLOW/TC_Asuransi - MASTER FLOW: Test Cases/Data Entry/Simulasi Kredit/Simulasi Kredit - Asuransi/MASTER FLOW/TC_Asuransi - MASTER FLOW FAILED.
Reason:
com.kms.katalon.core.exception.StepFailedException: Failed to tap on element 'Object Repository/Simulasi Kredit/Simulasi Kredit - Asuransi/Asuransi_Nama Asuransi' (Root cause: org.openqa.selenium.WebDriverException: An unknown server-side error occurred while processing the command. Original error: Could not proxy command to remote server. Original error: Error: socket hang up
Build info: version: '3.141.59', revision: 'e82be7d358', time: '2018-11-14T08:25:53'
System info: host: 'FATITQC15420L', ip: '192.168.1.11', os.name: 'Windows 10', os.arch: 'amd64', os.version: '10.0', java.version: '1.8.0_181'
Driver info: com.kms.katalon.core.appium.driver.SwipeableAndroidDriver
Capabilities {app: C:\Users\15420\git\ACCME-Du..., appPackage: com.outsystemsenterprise.ac..., autoGrantPermissions: true, automationName: uiautomator2, databaseEnabled: false, desired: {app: C:\Users\15420\git\ACCME-Du..., autoGrantPermissions: true, automationName: uiautomator2, deviceId: , deviceName: samsung SM-A505F (Android 9), fullReset: false, newCommandTimeout: 1800, noReset: true, platform: ANDROID, platformName: android, platformVersion: 9, resetKeyboard: true, systemPort: 56641, udid: RR8M30NJT6T, unicodeKeyboard: true}, deviceApiLevel: 28, deviceId: , deviceManufacturer: samsung, deviceModel: SM-A505F, deviceName: RR8M30NJT6T, deviceScreenDensity: 420, deviceScreenSize: 1080x2340, deviceUDID: RR8M30NJT6T, fullReset: false, javascriptEnabled: true, locationContextEnabled: false, networkConnectionEnabled: true, newCommandTimeout: 1800, noReset: true, pixelRatio: 2.625, platform: ANDROID, platformName: Android, platformVersion: 9, resetKeyboard: true, statBarHeight: 83, systemPort: 56641, takesScreenshot: true, udid: RR8M30NJT6T, unicodeKeyboard: true, viewportRect: {height: 2048, left: 0, top: 83, width: 1080}, warnings: {}, webStorageEnabled: false}
Session ID: a6174c8a-5f4c-4d33-bad0-19c98dd69486
	at org.openqa.selenium.remote.http.W3CHttpResponseCodec.createException(W3CHttpResponseCodec.java:187)
	at org.openqa.selenium.remote.http.W3CHttpResponseCodec.decode(W3CHttpResponseCodec.java:122)
	at org.openqa.selenium.remote.http.W3CHttpResponseCodec.decode(W3CHttpResponseCodec.java:49)
	at org.openqa.selenium.remote.HttpCommandExecutor.execute(HttpCommandExecutor.java:158)
	at io.appium.java_client.remote.AppiumCommandExecutor.execute(AppiumCommandExecutor.java:239)
	at org.openqa.selenium.remote.RemoteWebDriver.execute(RemoteWebDriver.java:552)
	at io.appium.java_client.DefaultGenericMobileDriver.execute(DefaultGenericMobileDriver.java:46)
	at io.appium.java_client.AppiumDriver.execute(AppiumDriver.java:1)
	at io.appium.java_client.android.AndroidDriver.execute(AndroidDriver.java:1)
	at com.kms.katalon.core.appium.driver.SwipeableAndroidDriver.execute(SwipeableAndroidDriver.java:1)
	at org.openqa.selenium.remote.RemoteWebDriver$RemoteWebDriverOptions$RemoteWindow.getSize(RemoteWebDriver.java:813)
	at org.openqa.selenium.WebDriver$Window$getSize.call(Unknown Source)
	at com.kms.katalon.core.mobile.keyword.internal.MobileAbstractKeyword.findElement(MobileAbstractKeyword.groovy:81)
	at com.kms.katalon.core.mobile.keyword.builtin.TapKeyword$_tap_closure1.doCall(TapKeyword.groovy:76)
	at com.kms.katalon.core.mobile.keyword.builtin.TapKeyword$_tap_closure1.call(TapKeyword.groovy)
	at com.kms.katalon.core.mobile.keyword.internal.MobileKeywordMain.runKeyword(MobileKeywordMain.groovy:21)
	at com.kms.katalon.core.mobile.keyword.builtin.TapKeyword.tap(TapKeyword.groovy:86)
	at com.kms.katalon.core.mobile.keyword.builtin.TapKeyword.execute(TapKeyword.groovy:68)
	at com.kms.katalon.core.keyword.internal.KeywordExecutor.executeKeywordForPlatform(KeywordExecutor.groovy:60)
	at com.kms.katalon.core.mobile.keyword.MobileBuiltInKeywords.tap(MobileBuiltInKeywords.groovy:520)
	at com.kms.katalon.core.mobile.keyword.MobileBuiltInKeywords$tap$1.call(Unknown Source)
	at TC_Asuransi - MASTER FLOW.run(TC_Asuransi - MASTER FLOW:18)
	at com.kms.katalon.core.main.ScriptEngine.run(ScriptEngine.java:194)
	at com.kms.katalon.core.main.ScriptEngine.runScriptAsRawText(ScriptEngine.java:119)
	at com.kms.katalon.core.main.TestCaseExecutor.runScript(TestCaseExecutor.java:337)
	at com.kms.katalon.core.main.TestCaseExecutor.doExecute(TestCaseExecutor.java:328)
	at com.kms.katalon.core.main.TestCaseExecutor.processExecutionPhase(TestCaseExecutor.java:307)
	at com.kms.katalon.core.main.TestCaseExecutor.accessMainPhase(TestCaseExecutor.java:299)
	at com.kms.katalon.core.main.TestCaseExecutor.execute(TestCaseExecutor.java:233)
	at com.kms.katalon.core.main.TestCaseMain.runTestCase(TestCaseMain.java:114)
	at com.kms.katalon.core.keyword.builtin.CallTestCaseKeyword$_callTestCase_closure1.doCall(CallTestCaseKeyword.groovy:59)
	at com.kms.katalon.core.keyword.builtin.CallTestCaseKeyword$_callTestCase_closure1.call(CallTestCaseKeyword.groovy)
	at com.kms.katalon.core.keyword.internal.KeywordMain.runKeyword(KeywordMain.groovy:68)
	at com.kms.katalon.core.keyword.builtin.CallTestCaseKeyword.callTestCase(CallTestCaseKeyword.groovy:81)
	at com.kms.katalon.core.keyword.builtin.CallTestCaseKeyword.execute(CallTestCaseKeyword.groovy:44)
	at com.kms.katalon.core.keyword.internal.KeywordExecutor.executeKeywordForPlatform(KeywordExecutor.groovy:60)
	at com.kms.katalon.core.keyword.BuiltinKeywords.callTestCase(BuiltinKeywords.groovy:334)
	at TC_Data Entry.run(TC_Data Entry:26)
	at com.kms.katalon.core.main.ScriptEngine.run(ScriptEngine.java:194)
	at com.kms.katalon.core.main.ScriptEngine.runScriptAsRawText(ScriptEngine.java:119)
	at com.kms.katalon.core.main.TestCaseExecutor.runScript(TestCaseExecutor.java:337)
	at com.kms.katalon.core.main.TestCaseExecutor.doExecute(TestCaseExecutor.java:328)
	at com.kms.katalon.core.main.TestCaseExecutor.processExecutionPhase(TestCaseExecutor.java:307)
	at com.kms.katalon.core.main.TestCaseExecutor.accessMainPhase(TestCaseExecutor.java:299)
	at com.kms.katalon.core.main.TestCaseExecutor.execute(TestCaseExecutor.java:233)
	at com.kms.katalon.core.main.TestSuiteExecutor.accessTestCaseMainPhase(TestSuiteExecutor.java:169)
	at com.kms.katalon.core.main.TestSuiteExecutor.accessTestSuiteMainPhase(TestSuiteExecutor.java:142)
	at com.kms.katalon.core.main.TestSuiteExecutor.execute(TestSuiteExecutor.java:91)
	at com.kms.katalon.core.main.TestCaseMain.startTestSuite(TestCaseMain.java:157)
	at com.kms.katalon.core.main.TestCaseMain$startTestSuite$0.call(Unknown Source)
	at TempTestSuite1574807893706.run(TempTestSuite1574807893706.groovy:36)
)
	at com.kms.katalon.core.keyword.internal.KeywordMain.stepFailed(KeywordMain.groovy:50)
	at com.kms.katalon.core.mobile.keyword.internal.MobileKeywordMain.stepFailed(MobileKeywordMain.groovy:40)
	at com.kms.katalon.core.mobile.keyword.internal.MobileKeywordMain.runKeyword(MobileKeywordMain.groovy:23)
	at com.kms.katalon.core.mobile.keyword.builtin.TapKeyword.tap(TapKeyword.groovy:86)
	at com.kms.katalon.core.mobile.keyword.builtin.TapKeyword.execute(TapKeyword.groovy:68)
	at com.kms.katalon.core.keyword.internal.KeywordExecutor.executeKeywordForPlatform(KeywordExecutor.groovy:60)
	at com.kms.katalon.core.mobile.keyword.MobileBuiltInKeywords.tap(MobileBuiltInKeywords.groovy:520)
	at com.kms.katalon.core.mobile.keyword.MobileBuiltInKeywords$tap$1.call(Unknown Source)
	at TC_Asuransi - MASTER FLOW.run(TC_Asuransi - MASTER FLOW:18)
	at com.kms.katalon.core.main.ScriptEngine.run(ScriptEngine.java:194)
	at com.kms.katalon.core.main.ScriptEngine.runScriptAsRawText(ScriptEngine.java:119)
	at com.kms.katalon.core.main.TestCaseExecutor.runScript(TestCaseExecutor.java:337)
	at com.kms.katalon.core.main.TestCaseExecutor.doExecute(TestCaseExecutor.java:328)
	at com.kms.katalon.core.main.TestCaseExecutor.processExecutionPhase(TestCaseExecutor.java:307)
	at com.kms.katalon.core.main.TestCaseExecutor.accessMainPhase(TestCaseExecutor.java:299)
	at com.kms.katalon.core.main.TestCaseExecutor.execute(TestCaseExecutor.java:233)
	at com.kms.katalon.core.main.TestCaseMain.runTestCase(TestCaseMain.java:114)
	at com.kms.katalon.core.keyword.builtin.CallTestCaseKeyword$_callTestCase_closure1.doCall(CallTestCaseKeyword.groovy:59)
	at com.kms.katalon.core.keyword.builtin.CallTestCaseKeyword$_callTestCase_closure1.call(CallTestCaseKeyword.groovy)
	at com.kms.katalon.core.keyword.internal.KeywordMain.runKeyword(KeywordMain.groovy:68)
	at com.kms.katalon.core.keyword.builtin.CallTestCaseKeyword.callTestCase(CallTestCaseKeyword.groovy:81)
	at com.kms.katalon.core.keyword.builtin.CallTestCaseKeyword.execute(CallTestCaseKeyword.groovy:44)
	at com.kms.katalon.core.keyword.internal.KeywordExecutor.executeKeywordForPlatform(KeywordExecutor.groovy:60)
	at com.kms.katalon.core.keyword.BuiltinKeywords.callTestCase(BuiltinKeywords.groovy:334)
	at TC_Data Entry.run(TC_Data Entry:26)
	at com.kms.katalon.core.main.ScriptEngine.run(ScriptEngine.java:194)
	at com.kms.katalon.core.main.ScriptEngine.runScriptAsRawText(ScriptEngine.java:119)
	at com.kms.katalon.core.main.TestCaseExecutor.runScript(TestCaseExecutor.java:337)
	at com.kms.katalon.core.main.TestCaseExecutor.doExecute(TestCaseExecutor.java:328)
	at com.kms.katalon.core.main.TestCaseExecutor.processExecutionPhase(TestCaseExecutor.java:307)
	at com.kms.katalon.core.main.TestCaseExecutor.accessMainPhase(TestCaseExecutor.java:299)
	at com.kms.katalon.core.main.TestCaseExecutor.execute(TestCaseExecutor.java:233)
	at com.kms.katalon.core.main.TestSuiteExecutor.accessTestCaseMainPhase(TestSuiteExecutor.java:169)
	at com.kms.katalon.core.main.TestSuiteExecutor.accessTestSuiteMainPhase(TestSuiteExecutor.java:142)
	at com.kms.katalon.core.main.TestSuiteExecutor.execute(TestSuiteExecutor.java:91)
	at com.kms.katalon.core.main.TestCaseMain.startTestSuite(TestCaseMain.java:157)
	at com.kms.katalon.core.main.TestCaseMain$startTestSuite$0.call(Unknown Source)
	at TempTestSuite1574807893706.run(TempTestSuite1574807893706.groovy:36)
Caused by: org.openqa.selenium.WebDriverException: An unknown server-side error occurred while processing the command. Original error: Could not proxy command to remote server. Original error: Error: socket hang up
Build info: version: '3.141.59', revision: 'e82be7d358', time: '2018-11-14T08:25:53'
System info: host: 'FATITQC15420L', ip: '192.168.1.11', os.name: 'Windows 10', os.arch: 'amd64', os.version: '10.0', java.version: '1.8.0_181'
Driver info: com.kms.katalon.core.appium.driver.SwipeableAndroidDriver
Capabilities {app: C:\Users\15420\git\ACCME-Du..., appPackage: com.outsystemsenterprise.ac..., autoGrantPermissions: true, automationName: uiautomator2, databaseEnabled: false, desired: {app: C:\Users\15420\git\ACCME-Du..., autoGrantPermissions: true, automationName: uiautomator2, deviceId: , deviceName: samsung SM-A505F (Android 9), fullReset: false, newCommandTimeout: 1800, noReset: true, platform: ANDROID, platformName: android, platformVersion: 9, resetKeyboard: true, systemPort: 56641, udid: RR8M30NJT6T, unicodeKeyboard: true}, deviceApiLevel: 28, deviceId: , deviceManufacturer: samsung, deviceModel: SM-A505F, deviceName: RR8M30NJT6T, deviceScreenDensity: 420, deviceScreenSize: 1080x2340, deviceUDID: RR8M30NJT6T, fullReset: false, javascriptEnabled: true, locationContextEnabled: false, networkConnectionEnabled: true, newCommandTimeout: 1800, noReset: true, pixelRatio: 2.625, platform: ANDROID, platformName: Android, platformVersion: 9, resetKeyboard: true, statBarHeight: 83, systemPort: 56641, takesScreenshot: true, udid: RR8M30NJT6T, unicodeKeyboard: true, viewportRect: {height: 2048, left: 0, top: 83, width: 1080}, warnings: {}, webStorageEnabled: false}
Session ID: a6174c8a-5f4c-4d33-bad0-19c98dd69486
	at org.openqa.selenium.remote.http.W3CHttpResponseCodec.createException(W3CHttpResponseCodec.java:187)
	at org.openqa.selenium.remote.http.W3CHttpResponseCodec.decode(W3CHttpResponseCodec.java:122)
	at org.openqa.selenium.remote.http.W3CHttpResponseCodec.decode(W3CHttpResponseCodec.java:49)
	at org.openqa.selenium.remote.HttpCommandExecutor.execute(HttpCommandExecutor.java:158)
	at io.appium.java_client.remote.AppiumCommandExecutor.execute(AppiumCommandExecutor.java:239)
	at org.openqa.selenium.remote.RemoteWebDriver.execute(RemoteWebDriver.java:552)
	at io.appium.java_client.DefaultGenericMobileDriver.execute(DefaultGenericMobileDriver.java:46)
	at io.appium.java_client.AppiumDriver.execute(AppiumDriver.java:1)
	at io.appium.java_client.android.AndroidDriver.execute(AndroidDriver.java:1)
	at com.kms.katalon.core.appium.driver.SwipeableAndroidDriver.execute(SwipeableAndroidDriver.java:1)
	at org.openqa.selenium.remote.RemoteWebDriver$RemoteWebDriverOptions$RemoteWindow.getSize(RemoteWebDriver.java:813)
	at org.openqa.selenium.WebDriver$Window$getSize.call(Unknown Source)
	at com.kms.katalon.core.mobile.keyword.internal.MobileAbstractKeyword.findElement(MobileAbstractKeyword.groovy:81)
	at com.kms.katalon.core.mobile.keyword.builtin.TapKeyword$_tap_closure1.doCall(TapKeyword.groovy:76)
	at com.kms.katalon.core.mobile.keyword.builtin.TapKeyword$_tap_closure1.call(TapKeyword.groovy)
	at com.kms.katalon.core.mobile.keyword.internal.MobileKeywordMain.runKeyword(MobileKeywordMain.groovy:21)
	... 35 more


2019-11-27 06:19:06 - [TEST_STEP][PASSED] - delay(2, STOP_ON_FAILURE): Delayed 2 second(s)

2019-11-27 06:19:08 - [MESSAGE][PASSED] - Delayed 2 second(s)

2019-11-27 06:19:08 - [TEST_STEP][FAILED] - tap(findTestObject("Simulasi Kredit/Simulasi Kredit - Asuransi/Asuransi_Nama Asuransi"), 0): Failed to tap on element 'Object Repository/Simulasi Kredit/Simulasi Kredit - Asuransi/Asuransi_Nama Asuransi' (Root cause: org.openqa.selenium.WebDriverException: An unknown server-side error occurred while processing the command. Original error: Could not proxy command to remote server. Original error: Error: socket hang up
Build info: version: '3.141.59', revision: 'e82be7d358', time: '2018-11-14T08:25:53'
System info: host: 'FATITQC15420L', ip: '192.168.1.11', os.name: 'Windows 10', os.arch: 'amd64', os.version: '10.0', java.version: '1.8.0_181'
Driver info: com.kms.katalon.core.appium.driver.SwipeableAndroidDriver
Capabilities {app: C:\Users\15420\git\ACCME-Du..., appPackage: com.outsystemsenterprise.ac..., autoGrantPermissions: true, automationName: uiautomator2, databaseEnabled: false, desired: {app: C:\Users\15420\git\ACCME-Du..., autoGrantPermissions: true, automationName: uiautomator2, deviceId: , deviceName: samsung SM-A505F (Android 9), fullReset: false, newCommandTimeout: 1800, noReset: true, platform: ANDROID, platformName: android, platformVersion: 9, resetKeyboard: true, systemPort: 56641, udid: RR8M30NJT6T, unicodeKeyboard: true}, deviceApiLevel: 28, deviceId: , deviceManufacturer: samsung, deviceModel: SM-A505F, deviceName: RR8M30NJT6T, deviceScreenDensity: 420, deviceScreenSize: 1080x2340, deviceUDID: RR8M30NJT6T, fullReset: false, javascriptEnabled: true, locationContextEnabled: false, networkConnectionEnabled: true, newCommandTimeout: 1800, noReset: true, pixelRatio: 2.625, platform: ANDROID, platformName: Android, platformVersion: 9, resetKeyboard: true, statBarHeight: 83, systemPort: 56641, takesScreenshot: true, udid: RR8M30NJT6T, unicodeKeyboard: true, viewportRect: {height: 2048, left: 0, top: 83, width: 1080}, warnings: {}, webStorageEnabled: false}
Session ID: a6174c8a-5f4c-4d33-bad0-19c98dd69486
	at org.openqa.selenium.remote.http.W3CHttpResponseCodec.createException(W3CHttpResponseCodec.java:187)
	at org.openqa.selenium.remote.http.W3CHttpResponseCodec.decode(W3CHttpResponseCodec.java:122)
	at org.openqa.selenium.remote.http.W3CHttpResponseCodec.decode(W3CHttpResponseCodec.java:49)
	at org.openqa.selenium.remote.HttpCommandExecutor.execute(HttpCommandExecutor.java:158)
	at io.appium.java_client.remote.AppiumCommandExecutor.execute(AppiumCommandExecutor.java:239)
	at org.openqa.selenium.remote.RemoteWebDriver.execute(RemoteWebDriver.java:552)
	at io.appium.java_client.DefaultGenericMobileDriver.execute(DefaultGenericMobileDriver.java:46)
	at io.appium.java_client.AppiumDriver.execute(AppiumDriver.java:1)
	at io.appium.java_client.android.AndroidDriver.execute(AndroidDriver.java:1)
	at com.kms.katalon.core.appium.driver.SwipeableAndroidDriver.execute(SwipeableAndroidDriver.java:1)
	at org.openqa.selenium.remote.RemoteWebDriver$RemoteWebDriverOptions$RemoteWindow.getSize(RemoteWebDriver.java:813)
	at org.openqa.selenium.WebDriver$Window$getSize.call(Unknown Source)
	at com.kms.katalon.core.mobile.keyword.internal.MobileAbstractKeyword.findElement(MobileAbstractKeyword.groovy:81)
	at com.kms.katalon.core.mobile.keyword.builtin.TapKeyword$_tap_closure1.doCall(TapKeyword.groovy:76)
	at com.kms.katalon.core.mobile.keyword.builtin.TapKeyword$_tap_closure1.call(TapKeyword.groovy)
	at com.kms.katalon.core.mobile.keyword.internal.MobileKeywordMain.runKeyword(MobileKeywordMain.groovy:21)
	at com.kms.katalon.core.mobile.keyword.builtin.TapKeyword.tap(TapKeyword.groovy:86)
	at com.kms.katalon.core.mobile.keyword.builtin.TapKeyword.execute(TapKeyword.groovy:68)
	at com.kms.katalon.core.keyword.internal.KeywordExecutor.executeKeywordForPlatform(KeywordExecutor.groovy:60)
	at com.kms.katalon.core.mobile.keyword.MobileBuiltInKeywords.tap(MobileBuiltInKeywords.groovy:520)
	at com.kms.katalon.core.mobile.keyword.MobileBuiltInKeywords$tap$1.call(Unknown Source)
	at TC_Asuransi - MASTER FLOW.run(TC_Asuransi - MASTER FLOW:18)
	at com.kms.katalon.core.main.ScriptEngine.run(ScriptEngine.java:194)
	at com.kms.katalon.core.main.ScriptEngine.runScriptAsRawText(ScriptEngine.java:119)
	at com.kms.katalon.core.main.TestCaseExecutor.runScript(TestCaseExecutor.java:337)
	at com.kms.katalon.core.main.TestCaseExecutor.doExecute(TestCaseExecutor.java:328)
	at com.kms.katalon.core.main.TestCaseExecutor.processExecutionPhase(TestCaseExecutor.java:307)
	at com.kms.katalon.core.main.TestCaseExecutor.accessMainPhase(TestCaseExecutor.java:299)
	at com.kms.katalon.core.main.TestCaseExecutor.execute(TestCaseExecutor.java:233)
	at com.kms.katalon.core.main.TestCaseMain.runTestCase(TestCaseMain.java:114)
	at com.kms.katalon.core.keyword.builtin.CallTestCaseKeyword$_callTestCase_closure1.doCall(CallTestCaseKeyword.groovy:59)
	at com.kms.katalon.core.keyword.builtin.CallTestCaseKeyword$_callTestCase_closure1.call(CallTestCaseKeyword.groovy)
	at com.kms.katalon.core.keyword.internal.KeywordMain.runKeyword(KeywordMain.groovy:68)
	at com.kms.katalon.core.keyword.builtin.CallTestCaseKeyword.callTestCase(CallTestCaseKeyword.groovy:81)
	at com.kms.katalon.core.keyword.builtin.CallTestCaseKeyword.execute(CallTestCaseKeyword.groovy:44)
	at com.kms.katalon.core.keyword.internal.KeywordExecutor.executeKeywordForPlatform(KeywordExecutor.groovy:60)
	at com.kms.katalon.core.keyword.BuiltinKeywords.callTestCase(BuiltinKeywords.groovy:334)
	at TC_Data Entry.run(TC_Data Entry:26)
	at com.kms.katalon.core.main.ScriptEngine.run(ScriptEngine.java:194)
	at com.kms.katalon.core.main.ScriptEngine.runScriptAsRawText(ScriptEngine.java:119)
	at com.kms.katalon.core.main.TestCaseExecutor.runScript(TestCaseExecutor.java:337)
	at com.kms.katalon.core.main.TestCaseExecutor.doExecute(TestCaseExecutor.java:328)
	at com.kms.katalon.core.main.TestCaseExecutor.processExecutionPhase(TestCaseExecutor.java:307)
	at com.kms.katalon.core.main.TestCaseExecutor.accessMainPhase(TestCaseExecutor.java:299)
	at com.kms.katalon.core.main.TestCaseExecutor.execute(TestCaseExecutor.java:233)
	at com.kms.katalon.core.main.TestSuiteExecutor.accessTestCaseMainPhase(TestSuiteExecutor.java:169)
	at com.kms.katalon.core.main.TestSuiteExecutor.accessTestSuiteMainPhase(TestSuiteExecutor.java:142)
	at com.kms.katalon.core.main.TestSuiteExecutor.execute(TestSuiteExecutor.java:91)
	at com.kms.katalon.core.main.TestCaseMain.startTestSuite(TestCaseMain.java:157)
	at com.kms.katalon.core.main.TestCaseMain$startTestSuite$0.call(Unknown Source)
	at TempTestSuite1574807893706.run(TempTestSuite1574807893706.groovy:36)
)

2019-11-27 06:19:08 - [MESSAGE][WARNING] - Timeout '0' is invalid. Using default page load timeout: '30'

2019-11-27 06:19:09 - [MESSAGE][WARNING] - Cannot take screenshot

2019-11-27 06:19:09 - [MESSAGE][FAILED] - Failed to tap on element 'Object Repository/Simulasi Kredit/Simulasi Kredit - Asuransi/Asuransi_Nama Asuransi' (Root cause: org.openqa.selenium.WebDriverException: An unknown server-side error occurred while processing the command. Original error: Could not proxy command to remote server. Original error: Error: socket hang up
Build info: version: '3.141.59', revision: 'e82be7d358', time: '2018-11-14T08:25:53'
System info: host: 'FATITQC15420L', ip: '192.168.1.11', os.name: 'Windows 10', os.arch: 'amd64', os.version: '10.0', java.version: '1.8.0_181'
Driver info: com.kms.katalon.core.appium.driver.SwipeableAndroidDriver
Capabilities {app: C:\Users\15420\git\ACCME-Du..., appPackage: com.outsystemsenterprise.ac..., autoGrantPermissions: true, automationName: uiautomator2, databaseEnabled: false, desired: {app: C:\Users\15420\git\ACCME-Du..., autoGrantPermissions: true, automationName: uiautomator2, deviceId: , deviceName: samsung SM-A505F (Android 9), fullReset: false, newCommandTimeout: 1800, noReset: true, platform: ANDROID, platformName: android, platformVersion: 9, resetKeyboard: true, systemPort: 56641, udid: RR8M30NJT6T, unicodeKeyboard: true}, deviceApiLevel: 28, deviceId: , deviceManufacturer: samsung, deviceModel: SM-A505F, deviceName: RR8M30NJT6T, deviceScreenDensity: 420, deviceScreenSize: 1080x2340, deviceUDID: RR8M30NJT6T, fullReset: false, javascriptEnabled: true, locationContextEnabled: false, networkConnectionEnabled: true, newCommandTimeout: 1800, noReset: true, pixelRatio: 2.625, platform: ANDROID, platformName: Android, platformVersion: 9, resetKeyboard: true, statBarHeight: 83, systemPort: 56641, takesScreenshot: true, udid: RR8M30NJT6T, unicodeKeyboard: true, viewportRect: {height: 2048, left: 0, top: 83, width: 1080}, warnings: {}, webStorageEnabled: false}
Session ID: a6174c8a-5f4c-4d33-bad0-19c98dd69486
	at org.openqa.selenium.remote.http.W3CHttpResponseCodec.createException(W3CHttpResponseCodec.java:187)
	at org.openqa.selenium.remote.http.W3CHttpResponseCodec.decode(W3CHttpResponseCodec.java:122)
	at org.openqa.selenium.remote.http.W3CHttpResponseCodec.decode(W3CHttpResponseCodec.java:49)
	at org.openqa.selenium.remote.HttpCommandExecutor.execute(HttpCommandExecutor.java:158)
	at io.appium.java_client.remote.AppiumCommandExecutor.execute(AppiumCommandExecutor.java:239)
	at org.openqa.selenium.remote.RemoteWebDriver.execute(RemoteWebDriver.java:552)
	at io.appium.java_client.DefaultGenericMobileDriver.execute(DefaultGenericMobileDriver.java:46)
	at io.appium.java_client.AppiumDriver.execute(AppiumDriver.java:1)
	at io.appium.java_client.android.AndroidDriver.execute(AndroidDriver.java:1)
	at com.kms.katalon.core.appium.driver.SwipeableAndroidDriver.execute(SwipeableAndroidDriver.java:1)
	at org.openqa.selenium.remote.RemoteWebDriver$RemoteWebDriverOptions$RemoteWindow.getSize(RemoteWebDriver.java:813)
	at org.openqa.selenium.WebDriver$Window$getSize.call(Unknown Source)
	at com.kms.katalon.core.mobile.keyword.internal.MobileAbstractKeyword.findElement(MobileAbstractKeyword.groovy:81)
	at com.kms.katalon.core.mobile.keyword.builtin.TapKeyword$_tap_closure1.doCall(TapKeyword.groovy:76)
	at com.kms.katalon.core.mobile.keyword.builtin.TapKeyword$_tap_closure1.call(TapKeyword.groovy)
	at com.kms.katalon.core.mobile.keyword.internal.MobileKeywordMain.runKeyword(MobileKeywordMain.groovy:21)
	at com.kms.katalon.core.mobile.keyword.builtin.TapKeyword.tap(TapKeyword.groovy:86)
	at com.kms.katalon.core.mobile.keyword.builtin.TapKeyword.execute(TapKeyword.groovy:68)
	at com.kms.katalon.core.keyword.internal.KeywordExecutor.executeKeywordForPlatform(KeywordExecutor.groovy:60)
	at com.kms.katalon.core.mobile.keyword.MobileBuiltInKeywords.tap(MobileBuiltInKeywords.groovy:520)
	at com.kms.katalon.core.mobile.keyword.MobileBuiltInKeywords$tap$1.call(Unknown Source)
	at TC_Asuransi - MASTER FLOW.run(TC_Asuransi - MASTER FLOW:18)
	at com.kms.katalon.core.main.ScriptEngine.run(ScriptEngine.java:194)
	at com.kms.katalon.core.main.ScriptEngine.runScriptAsRawText(ScriptEngine.java:119)
	at com.kms.katalon.core.main.TestCaseExecutor.runScript(TestCaseExecutor.java:337)
	at com.kms.katalon.core.main.TestCaseExecutor.doExecute(TestCaseExecutor.java:328)
	at com.kms.katalon.core.main.TestCaseExecutor.processExecutionPhase(TestCaseExecutor.java:307)
	at com.kms.katalon.core.main.TestCaseExecutor.accessMainPhase(TestCaseExecutor.java:299)
	at com.kms.katalon.core.main.TestCaseExecutor.execute(TestCaseExecutor.java:233)
	at com.kms.katalon.core.main.TestCaseMain.runTestCase(TestCaseMain.java:114)
	at com.kms.katalon.core.keyword.builtin.CallTestCaseKeyword$_callTestCase_closure1.doCall(CallTestCaseKeyword.groovy:59)
	at com.kms.katalon.core.keyword.builtin.CallTestCaseKeyword$_callTestCase_closure1.call(CallTestCaseKeyword.groovy)
	at com.kms.katalon.core.keyword.internal.KeywordMain.runKeyword(KeywordMain.groovy:68)
	at com.kms.katalon.core.keyword.builtin.CallTestCaseKeyword.callTestCase(CallTestCaseKeyword.groovy:81)
	at com.kms.katalon.core.keyword.builtin.CallTestCaseKeyword.execute(CallTestCaseKeyword.groovy:44)
	at com.kms.katalon.core.keyword.internal.KeywordExecutor.executeKeywordForPlatform(KeywordExecutor.groovy:60)
	at com.kms.katalon.core.keyword.BuiltinKeywords.callTestCase(BuiltinKeywords.groovy:334)
	at TC_Data Entry.run(TC_Data Entry:26)
	at com.kms.katalon.core.main.ScriptEngine.run(ScriptEngine.java:194)
	at com.kms.katalon.core.main.ScriptEngine.runScriptAsRawText(ScriptEngine.java:119)
	at com.kms.katalon.core.main.TestCaseExecutor.runScript(TestCaseExecutor.java:337)
	at com.kms.katalon.core.main.TestCaseExecutor.doExecute(TestCaseExecutor.java:328)
	at com.kms.katalon.core.main.TestCaseExecutor.processExecutionPhase(TestCaseExecutor.java:307)
	at com.kms.katalon.core.main.TestCaseExecutor.accessMainPhase(TestCaseExecutor.java:299)
	at com.kms.katalon.core.main.TestCaseExecutor.execute(TestCaseExecutor.java:233)
	at com.kms.katalon.core.main.TestSuiteExecutor.accessTestCaseMainPhase(TestSuiteExecutor.java:169)
	at com.kms.katalon.core.main.TestSuiteExecutor.accessTestSuiteMainPhase(TestSuiteExecutor.java:142)
	at com.kms.katalon.core.main.TestSuiteExecutor.execute(TestSuiteExecutor.java:91)
	at com.kms.katalon.core.main.TestCaseMain.startTestSuite(TestCaseMain.java:157)
	at com.kms.katalon.core.main.TestCaseMain$startTestSuite$0.call(Unknown Source)
	at TempTestSuite1574807893706.run(TempTestSuite1574807893706.groovy:36)
)

2019-11-27 06:19:09 - [MESSAGE][FAILED] - Unable to call Test Case 'Test Cases/Data Entry/Simulasi Kredit/Simulasi Kredit - Asuransi/MASTER FLOW/TC_Asuransi - MASTER FLOW' (Root cause: com.kms.katalon.core.exception.StepFailedException: Call Test Case 'Test Cases/Data Entry/Simulasi Kredit/Simulasi Kredit - Asuransi/MASTER FLOW/TC_Asuransi - MASTER FLOW' failed
	at com.kms.katalon.core.keyword.builtin.CallTestCaseKeyword$_callTestCase_closure1.doCall(CallTestCaseKeyword.groovy:63)
	at com.kms.katalon.core.keyword.builtin.CallTestCaseKeyword$_callTestCase_closure1.call(CallTestCaseKeyword.groovy)
	at com.kms.katalon.core.keyword.internal.KeywordMain.runKeyword(KeywordMain.groovy:68)
	at com.kms.katalon.core.keyword.builtin.CallTestCaseKeyword.callTestCase(CallTestCaseKeyword.groovy:81)
	at com.kms.katalon.core.keyword.builtin.CallTestCaseKeyword.execute(CallTestCaseKeyword.groovy:44)
	at com.kms.katalon.core.keyword.internal.KeywordExecutor.executeKeywordForPlatform(KeywordExecutor.groovy:60)
	at com.kms.katalon.core.keyword.BuiltinKeywords.callTestCase(BuiltinKeywords.groovy:334)
	at TC_Data Entry.run(TC_Data Entry:26)
	at com.kms.katalon.core.main.ScriptEngine.run(ScriptEngine.java:194)
	at com.kms.katalon.core.main.ScriptEngine.runScriptAsRawText(ScriptEngine.java:119)
	at com.kms.katalon.core.main.TestCaseExecutor.runScript(TestCaseExecutor.java:337)
	at com.kms.katalon.core.main.TestCaseExecutor.doExecute(TestCaseExecutor.java:328)
	at com.kms.katalon.core.main.TestCaseExecutor.processExecutionPhase(TestCaseExecutor.java:307)
	at com.kms.katalon.core.main.TestCaseExecutor.accessMainPhase(TestCaseExecutor.java:299)
	at com.kms.katalon.core.main.TestCaseExecutor.execute(TestCaseExecutor.java:233)
	at com.kms.katalon.core.main.TestSuiteExecutor.accessTestCaseMainPhase(TestSuiteExecutor.java:169)
	at com.kms.katalon.core.main.TestSuiteExecutor.accessTestSuiteMainPhase(TestSuiteExecutor.java:142)
	at com.kms.katalon.core.main.TestSuiteExecutor.execute(TestSuiteExecutor.java:91)
	at com.kms.katalon.core.main.TestCaseMain.startTestSuite(TestCaseMain.java:157)
	at com.kms.katalon.core.main.TestCaseMain$startTestSuite$0.call(Unknown Source)
	at TempTestSuite1574807893706.run(TempTestSuite1574807893706.groovy:36)
Caused by: com.kms.katalon.core.exception.StepFailedException: Failed to tap on element 'Object Repository/Simulasi Kredit/Simulasi Kredit - Asuransi/Asuransi_Nama Asuransi' (Root cause: org.openqa.selenium.WebDriverException: An unknown server-side error occurred while processing the command. Original error: Could not proxy command to remote server. Original error: Error: socket hang up
Build info: version: '3.141.59', revision: 'e82be7d358', time: '2018-11-14T08:25:53'
System info: host: 'FATITQC15420L', ip: '192.168.1.11', os.name: 'Windows 10', os.arch: 'amd64', os.version: '10.0', java.version: '1.8.0_181'
Driver info: com.kms.katalon.core.appium.driver.SwipeableAndroidDriver
Capabilities {app: C:\Users\15420\git\ACCME-Du..., appPackage: com.outsystemsenterprise.ac..., autoGrantPermissions: true, automationName: uiautomator2, databaseEnabled: false, desired: {app: C:\Users\15420\git\ACCME-Du..., autoGrantPermissions: true, automationName: uiautomator2, deviceId: , deviceName: samsung SM-A505F (Android 9), fullReset: false, newCommandTimeout: 1800, noReset: true, platform: ANDROID, platformName: android, platformVersion: 9, resetKeyboard: true, systemPort: 56641, udid: RR8M30NJT6T, unicodeKeyboard: true}, deviceApiLevel: 28, deviceId: , deviceManufacturer: samsung, deviceModel: SM-A505F, deviceName: RR8M30NJT6T, deviceScreenDensity: 420, deviceScreenSize: 1080x2340, deviceUDID: RR8M30NJT6T, fullReset: false, javascriptEnabled: true, locationContextEnabled: false, networkConnectionEnabled: true, newCommandTimeout: 1800, noReset: true, pixelRatio: 2.625, platform: ANDROID, platformName: Android, platformVersion: 9, resetKeyboard: true, statBarHeight: 83, systemPort: 56641, takesScreenshot: true, udid: RR8M30NJT6T, unicodeKeyboard: true, viewportRect: {height: 2048, left: 0, top: 83, width: 1080}, warnings: {}, webStorageEnabled: false}
Session ID: a6174c8a-5f4c-4d33-bad0-19c98dd69486
	at org.openqa.selenium.remote.http.W3CHttpResponseCodec.createException(W3CHttpResponseCodec.java:187)
	at org.openqa.selenium.remote.http.W3CHttpResponseCodec.decode(W3CHttpResponseCodec.java:122)
	at org.openqa.selenium.remote.http.W3CHttpResponseCodec.decode(W3CHttpResponseCodec.java:49)
	at org.openqa.selenium.remote.HttpCommandExecutor.execute(HttpCommandExecutor.java:158)
	at io.appium.java_client.remote.AppiumCommandExecutor.execute(AppiumCommandExecutor.java:239)
	at org.openqa.selenium.remote.RemoteWebDriver.execute(RemoteWebDriver.java:552)
	at io.appium.java_client.DefaultGenericMobileDriver.execute(DefaultGenericMobileDriver.java:46)
	at io.appium.java_client.AppiumDriver.execute(AppiumDriver.java:1)
	at io.appium.java_client.android.AndroidDriver.execute(AndroidDriver.java:1)
	at com.kms.katalon.core.appium.driver.SwipeableAndroidDriver.execute(SwipeableAndroidDriver.java:1)
	at org.openqa.selenium.remote.RemoteWebDriver$RemoteWebDriverOptions$RemoteWindow.getSize(RemoteWebDriver.java:813)
	at org.openqa.selenium.WebDriver$Window$getSize.call(Unknown Source)
	at com.kms.katalon.core.mobile.keyword.internal.MobileAbstractKeyword.findElement(MobileAbstractKeyword.groovy:81)
	at com.kms.katalon.core.mobile.keyword.builtin.TapKeyword$_tap_closure1.doCall(TapKeyword.groovy:76)
	at com.kms.katalon.core.mobile.keyword.builtin.TapKeyword$_tap_closure1.call(TapKeyword.groovy)
	at com.kms.katalon.core.mobile.keyword.internal.MobileKeywordMain.runKeyword(MobileKeywordMain.groovy:21)
	at com.kms.katalon.core.mobile.keyword.builtin.TapKeyword.tap(TapKeyword.groovy:86)
	at com.kms.katalon.core.mobile.keyword.builtin.TapKeyword.execute(TapKeyword.groovy:68)
	at com.kms.katalon.core.keyword.internal.KeywordExecutor.executeKeywordForPlatform(KeywordExecutor.groovy:60)
	at com.kms.katalon.core.mobile.keyword.MobileBuiltInKeywords.tap(MobileBuiltInKeywords.groovy:520)
	at com.kms.katalon.core.mobile.keyword.MobileBuiltInKeywords$tap$1.call(Unknown Source)
	at TC_Asuransi - MASTER FLOW.run(TC_Asuransi - MASTER FLOW:18)
	at com.kms.katalon.core.main.ScriptEngine.run(ScriptEngine.java:194)
	at com.kms.katalon.core.main.ScriptEngine.runScriptAsRawText(ScriptEngine.java:119)
	at com.kms.katalon.core.main.TestCaseExecutor.runScript(TestCaseExecutor.java:337)
	at com.kms.katalon.core.main.TestCaseExecutor.doExecute(TestCaseExecutor.java:328)
	at com.kms.katalon.core.main.TestCaseExecutor.processExecutionPhase(TestCaseExecutor.java:307)
	at com.kms.katalon.core.main.TestCaseExecutor.accessMainPhase(TestCaseExecutor.java:299)
	at com.kms.katalon.core.main.TestCaseExecutor.execute(TestCaseExecutor.java:233)
	at com.kms.katalon.core.main.TestCaseMain.runTestCase(TestCaseMain.java:114)
	at com.kms.katalon.core.keyword.builtin.CallTestCaseKeyword$_callTestCase_closure1.doCall(CallTestCaseKeyword.groovy:59)
	at com.kms.katalon.core.keyword.builtin.CallTestCaseKeyword$_callTestCase_closure1.call(CallTestCaseKeyword.groovy)
	at com.kms.katalon.core.keyword.internal.KeywordMain.runKeyword(KeywordMain.groovy:68)
	at com.kms.katalon.core.keyword.builtin.CallTestCaseKeyword.callTestCase(CallTestCaseKeyword.groovy:81)
	at com.kms.katalon.core.keyword.builtin.CallTestCaseKeyword.execute(CallTestCaseKeyword.groovy:44)
	at com.kms.katalon.core.keyword.internal.KeywordExecutor.executeKeywordForPlatform(KeywordExecutor.groovy:60)
	at com.kms.katalon.core.keyword.BuiltinKeywords.callTestCase(BuiltinKeywords.groovy:334)
	at TC_Data Entry.run(TC_Data Entry:26)
	at com.kms.katalon.core.main.ScriptEngine.run(ScriptEngine.java:194)
	at com.kms.katalon.core.main.ScriptEngine.runScriptAsRawText(ScriptEngine.java:119)
	at com.kms.katalon.core.main.TestCaseExecutor.runScript(TestCaseExecutor.java:337)
	at com.kms.katalon.core.main.TestCaseExecutor.doExecute(TestCaseExecutor.java:328)
	at com.kms.katalon.core.main.TestCaseExecutor.processExecutionPhase(TestCaseExecutor.java:307)
	at com.kms.katalon.core.main.TestCaseExecutor.accessMainPhase(TestCaseExecutor.java:299)
	at com.kms.katalon.core.main.TestCaseExecutor.execute(TestCaseExecutor.java:233)
	at com.kms.katalon.core.main.TestSuiteExecutor.accessTestCaseMainPhase(TestSuiteExecutor.java:169)
	at com.kms.katalon.core.main.TestSuiteExecutor.accessTestSuiteMainPhase(TestSuiteExecutor.java:142)
	at com.kms.katalon.core.main.TestSuiteExecutor.execute(TestSuiteExecutor.java:91)
	at com.kms.katalon.core.main.TestCaseMain.startTestSuite(TestCaseMain.java:157)
	at com.kms.katalon.core.main.TestCaseMain$startTestSuite$0.call(Unknown Source)
	at TempTestSuite1574807893706.run(TempTestSuite1574807893706.groovy:36)
)
	at com.kms.katalon.core.keyword.internal.KeywordMain.stepFailed(KeywordMain.groovy:50)
	at com.kms.katalon.core.mobile.keyword.internal.MobileKeywordMain.stepFailed(MobileKeywordMain.groovy:40)
	at com.kms.katalon.core.mobile.keyword.internal.MobileKeywordMain.runKeyword(MobileKeywordMain.groovy:23)
	at com.kms.katalon.core.mobile.keyword.builtin.TapKeyword.tap(TapKeyword.groovy:86)
	at com.kms.katalon.core.mobile.keyword.builtin.TapKeyword.execute(TapKeyword.groovy:68)
	at com.kms.katalon.core.keyword.internal.KeywordExecutor.executeKeywordForPlatform(KeywordExecutor.groovy:60)
	at com.kms.katalon.core.mobile.keyword.MobileBuiltInKeywords.tap(MobileBuiltInKeywords.groovy:520)
	at com.kms.katalon.core.mobile.keyword.MobileBuiltInKeywords$tap$1.call(Unknown Source)
	at TC_Asuransi - MASTER FLOW.run(TC_Asuransi - MASTER FLOW:18)
	at com.kms.katalon.core.main.ScriptEngine.run(ScriptEngine.java:194)
	at com.kms.katalon.core.main.ScriptEngine.runScriptAsRawText(ScriptEngine.java:119)
	at com.kms.katalon.core.main.TestCaseExecutor.runScript(TestCaseExecutor.java:337)
	at com.kms.katalon.core.main.TestCaseExecutor.doExecute(TestCaseExecutor.java:328)
	at com.kms.katalon.core.main.TestCaseExecutor.processExecutionPhase(TestCaseExecutor.java:307)
	at com.kms.katalon.core.main.TestCaseExecutor.accessMainPhase(TestCaseExecutor.java:299)
	at com.kms.katalon.core.main.TestCaseExecutor.execute(TestCaseExecutor.java:233)
	at com.kms.katalon.core.main.TestCaseMain.runTestCase(TestCaseMain.java:114)
	at com.kms.katalon.core.keyword.builtin.CallTestCaseKeyword$_callTestCase_closure1.doCall(CallTestCaseKeyword.groovy:59)
	... 20 more
Caused by: org.openqa.selenium.WebDriverException: An unknown server-side error occurred while processing the command. Original error: Could not proxy command to remote server. Original error: Error: socket hang up
Build info: version: '3.141.59', revision: 'e82be7d358', time: '2018-11-14T08:25:53'
System info: host: 'FATITQC15420L', ip: '192.168.1.11', os.name: 'Windows 10', os.arch: 'amd64', os.version: '10.0', java.version: '1.8.0_181'
Driver info: com.kms.katalon.core.appium.driver.SwipeableAndroidDriver
Capabilities {app: C:\Users\15420\git\ACCME-Du..., appPackage: com.outsystemsenterprise.ac..., autoGrantPermissions: true, automationName: uiautomator2, databaseEnabled: false, desired: {app: C:\Users\15420\git\ACCME-Du..., autoGrantPermissions: true, automationName: uiautomator2, deviceId: , deviceName: samsung SM-A505F (Android 9), fullReset: false, newCommandTimeout: 1800, noReset: true, platform: ANDROID, platformName: android, platformVersion: 9, resetKeyboard: true, systemPort: 56641, udid: RR8M30NJT6T, unicodeKeyboard: true}, deviceApiLevel: 28, deviceId: , deviceManufacturer: samsung, deviceModel: SM-A505F, deviceName: RR8M30NJT6T, deviceScreenDensity: 420, deviceScreenSize: 1080x2340, deviceUDID: RR8M30NJT6T, fullReset: false, javascriptEnabled: true, locationContextEnabled: false, networkConnectionEnabled: true, newCommandTimeout: 1800, noReset: true, pixelRatio: 2.625, platform: ANDROID, platformName: Android, platformVersion: 9, resetKeyboard: true, statBarHeight: 83, systemPort: 56641, takesScreenshot: true, udid: RR8M30NJT6T, unicodeKeyboard: true, viewportRect: {height: 2048, left: 0, top: 83, width: 1080}, warnings: {}, webStorageEnabled: false}
Session ID: a6174c8a-5f4c-4d33-bad0-19c98dd69486
	at org.openqa.selenium.remote.http.W3CHttpResponseCodec.createException(W3CHttpResponseCodec.java:187)
	at org.openqa.selenium.remote.http.W3CHttpResponseCodec.decode(W3CHttpResponseCodec.java:122)
	at org.openqa.selenium.remote.http.W3CHttpResponseCodec.decode(W3CHttpResponseCodec.java:49)
	at org.openqa.selenium.remote.HttpCommandExecutor.execute(HttpCommandExecutor.java:158)
	at io.appium.java_client.remote.AppiumCommandExecutor.execute(AppiumCommandExecutor.java:239)
	at org.openqa.selenium.remote.RemoteWebDriver.execute(RemoteWebDriver.java:552)
	at io.appium.java_client.DefaultGenericMobileDriver.execute(DefaultGenericMobileDriver.java:46)
	at io.appium.java_client.AppiumDriver.execute(AppiumDriver.java:1)
	at io.appium.java_client.android.AndroidDriver.execute(AndroidDriver.java:1)
	at com.kms.katalon.core.appium.driver.SwipeableAndroidDriver.execute(SwipeableAndroidDriver.java:1)
	at org.openqa.selenium.remote.RemoteWebDriver$RemoteWebDriverOptions$RemoteWindow.getSize(RemoteWebDriver.java:813)
	at org.openqa.selenium.WebDriver$Window$getSize.call(Unknown Source)
	at com.kms.katalon.core.mobile.keyword.internal.MobileAbstractKeyword.findElement(MobileAbstractKeyword.groovy:81)
	at com.kms.katalon.core.mobile.keyword.builtin.TapKeyword$_tap_closure1.doCall(TapKeyword.groovy:76)
	at com.kms.katalon.core.mobile.keyword.builtin.TapKeyword$_tap_closure1.call(TapKeyword.groovy)
	at com.kms.katalon.core.mobile.keyword.internal.MobileKeywordMain.runKeyword(MobileKeywordMain.groovy:21)
	... 35 more
)]]></system-out>
         <system-err><![CDATA[2019-11-27 06:18:05 - [TEST_CASE][FAILED] - Test Cases/Data Entry/TC_Data Entry: Test Cases/Data Entry/TC_Data Entry FAILED.
Reason:
com.kms.katalon.core.exception.StepFailedException: Call Test Case 'Test Cases/Data Entry/Simulasi Kredit/Simulasi Kredit - Asuransi/MASTER FLOW/TC_Asuransi - MASTER FLOW' failed
	at com.kms.katalon.core.keyword.builtin.CallTestCaseKeyword$_callTestCase_closure1.doCall(CallTestCaseKeyword.groovy:63)
	at com.kms.katalon.core.keyword.builtin.CallTestCaseKeyword$_callTestCase_closure1.call(CallTestCaseKeyword.groovy)
	at com.kms.katalon.core.keyword.internal.KeywordMain.runKeyword(KeywordMain.groovy:68)
	at com.kms.katalon.core.keyword.builtin.CallTestCaseKeyword.callTestCase(CallTestCaseKeyword.groovy:81)
	at com.kms.katalon.core.keyword.builtin.CallTestCaseKeyword.execute(CallTestCaseKeyword.groovy:44)
	at com.kms.katalon.core.keyword.internal.KeywordExecutor.executeKeywordForPlatform(KeywordExecutor.groovy:60)
	at com.kms.katalon.core.keyword.BuiltinKeywords.callTestCase(BuiltinKeywords.groovy:334)
	at TC_Data Entry.run(TC_Data Entry:26)
	at com.kms.katalon.core.main.ScriptEngine.run(ScriptEngine.java:194)
	at com.kms.katalon.core.main.ScriptEngine.runScriptAsRawText(ScriptEngine.java:119)
	at com.kms.katalon.core.main.TestCaseExecutor.runScript(TestCaseExecutor.java:337)
	at com.kms.katalon.core.main.TestCaseExecutor.doExecute(TestCaseExecutor.java:328)
	at com.kms.katalon.core.main.TestCaseExecutor.processExecutionPhase(TestCaseExecutor.java:307)
	at com.kms.katalon.core.main.TestCaseExecutor.accessMainPhase(TestCaseExecutor.java:299)
	at com.kms.katalon.core.main.TestCaseExecutor.execute(TestCaseExecutor.java:233)
	at com.kms.katalon.core.main.TestSuiteExecutor.accessTestCaseMainPhase(TestSuiteExecutor.java:169)
	at com.kms.katalon.core.main.TestSuiteExecutor.accessTestSuiteMainPhase(TestSuiteExecutor.java:142)
	at com.kms.katalon.core.main.TestSuiteExecutor.execute(TestSuiteExecutor.java:91)
	at com.kms.katalon.core.main.TestCaseMain.startTestSuite(TestCaseMain.java:157)
	at com.kms.katalon.core.main.TestCaseMain$startTestSuite$0.call(Unknown Source)
	at TempTestSuite1574807893706.run(TempTestSuite1574807893706.groovy:36)
Caused by: com.kms.katalon.core.exception.StepFailedException: Failed to tap on element 'Object Repository/Simulasi Kredit/Simulasi Kredit - Asuransi/Asuransi_Nama Asuransi' (Root cause: org.openqa.selenium.WebDriverException: An unknown server-side error occurred while processing the command. Original error: Could not proxy command to remote server. Original error: Error: socket hang up
Build info: version: '3.141.59', revision: 'e82be7d358', time: '2018-11-14T08:25:53'
System info: host: 'FATITQC15420L', ip: '192.168.1.11', os.name: 'Windows 10', os.arch: 'amd64', os.version: '10.0', java.version: '1.8.0_181'
Driver info: com.kms.katalon.core.appium.driver.SwipeableAndroidDriver
Capabilities {app: C:\Users\15420\git\ACCME-Du..., appPackage: com.outsystemsenterprise.ac..., autoGrantPermissions: true, automationName: uiautomator2, databaseEnabled: false, desired: {app: C:\Users\15420\git\ACCME-Du..., autoGrantPermissions: true, automationName: uiautomator2, deviceId: , deviceName: samsung SM-A505F (Android 9), fullReset: false, newCommandTimeout: 1800, noReset: true, platform: ANDROID, platformName: android, platformVersion: 9, resetKeyboard: true, systemPort: 56641, udid: RR8M30NJT6T, unicodeKeyboard: true}, deviceApiLevel: 28, deviceId: , deviceManufacturer: samsung, deviceModel: SM-A505F, deviceName: RR8M30NJT6T, deviceScreenDensity: 420, deviceScreenSize: 1080x2340, deviceUDID: RR8M30NJT6T, fullReset: false, javascriptEnabled: true, locationContextEnabled: false, networkConnectionEnabled: true, newCommandTimeout: 1800, noReset: true, pixelRatio: 2.625, platform: ANDROID, platformName: Android, platformVersion: 9, resetKeyboard: true, statBarHeight: 83, systemPort: 56641, takesScreenshot: true, udid: RR8M30NJT6T, unicodeKeyboard: true, viewportRect: {height: 2048, left: 0, top: 83, width: 1080}, warnings: {}, webStorageEnabled: false}
Session ID: a6174c8a-5f4c-4d33-bad0-19c98dd69486
	at org.openqa.selenium.remote.http.W3CHttpResponseCodec.createException(W3CHttpResponseCodec.java:187)
	at org.openqa.selenium.remote.http.W3CHttpResponseCodec.decode(W3CHttpResponseCodec.java:122)
	at org.openqa.selenium.remote.http.W3CHttpResponseCodec.decode(W3CHttpResponseCodec.java:49)
	at org.openqa.selenium.remote.HttpCommandExecutor.execute(HttpCommandExecutor.java:158)
	at io.appium.java_client.remote.AppiumCommandExecutor.execute(AppiumCommandExecutor.java:239)
	at org.openqa.selenium.remote.RemoteWebDriver.execute(RemoteWebDriver.java:552)
	at io.appium.java_client.DefaultGenericMobileDriver.execute(DefaultGenericMobileDriver.java:46)
	at io.appium.java_client.AppiumDriver.execute(AppiumDriver.java:1)
	at io.appium.java_client.android.AndroidDriver.execute(AndroidDriver.java:1)
	at com.kms.katalon.core.appium.driver.SwipeableAndroidDriver.execute(SwipeableAndroidDriver.java:1)
	at org.openqa.selenium.remote.RemoteWebDriver$RemoteWebDriverOptions$RemoteWindow.getSize(RemoteWebDriver.java:813)
	at org.openqa.selenium.WebDriver$Window$getSize.call(Unknown Source)
	at com.kms.katalon.core.mobile.keyword.internal.MobileAbstractKeyword.findElement(MobileAbstractKeyword.groovy:81)
	at com.kms.katalon.core.mobile.keyword.builtin.TapKeyword$_tap_closure1.doCall(TapKeyword.groovy:76)
	at com.kms.katalon.core.mobile.keyword.builtin.TapKeyword$_tap_closure1.call(TapKeyword.groovy)
	at com.kms.katalon.core.mobile.keyword.internal.MobileKeywordMain.runKeyword(MobileKeywordMain.groovy:21)
	at com.kms.katalon.core.mobile.keyword.builtin.TapKeyword.tap(TapKeyword.groovy:86)
	at com.kms.katalon.core.mobile.keyword.builtin.TapKeyword.execute(TapKeyword.groovy:68)
	at com.kms.katalon.core.keyword.internal.KeywordExecutor.executeKeywordForPlatform(KeywordExecutor.groovy:60)
	at com.kms.katalon.core.mobile.keyword.MobileBuiltInKeywords.tap(MobileBuiltInKeywords.groovy:520)
	at com.kms.katalon.core.mobile.keyword.MobileBuiltInKeywords$tap$1.call(Unknown Source)
	at TC_Asuransi - MASTER FLOW.run(TC_Asuransi - MASTER FLOW:18)
	at com.kms.katalon.core.main.ScriptEngine.run(ScriptEngine.java:194)
	at com.kms.katalon.core.main.ScriptEngine.runScriptAsRawText(ScriptEngine.java:119)
	at com.kms.katalon.core.main.TestCaseExecutor.runScript(TestCaseExecutor.java:337)
	at com.kms.katalon.core.main.TestCaseExecutor.doExecute(TestCaseExecutor.java:328)
	at com.kms.katalon.core.main.TestCaseExecutor.processExecutionPhase(TestCaseExecutor.java:307)
	at com.kms.katalon.core.main.TestCaseExecutor.accessMainPhase(TestCaseExecutor.java:299)
	at com.kms.katalon.core.main.TestCaseExecutor.execute(TestCaseExecutor.java:233)
	at com.kms.katalon.core.main.TestCaseMain.runTestCase(TestCaseMain.java:114)
	at com.kms.katalon.core.keyword.builtin.CallTestCaseKeyword$_callTestCase_closure1.doCall(CallTestCaseKeyword.groovy:59)
	at com.kms.katalon.core.keyword.builtin.CallTestCaseKeyword$_callTestCase_closure1.call(CallTestCaseKeyword.groovy)
	at com.kms.katalon.core.keyword.internal.KeywordMain.runKeyword(KeywordMain.groovy:68)
	at com.kms.katalon.core.keyword.builtin.CallTestCaseKeyword.callTestCase(CallTestCaseKeyword.groovy:81)
	at com.kms.katalon.core.keyword.builtin.CallTestCaseKeyword.execute(CallTestCaseKeyword.groovy:44)
	at com.kms.katalon.core.keyword.internal.KeywordExecutor.executeKeywordForPlatform(KeywordExecutor.groovy:60)
	at com.kms.katalon.core.keyword.BuiltinKeywords.callTestCase(BuiltinKeywords.groovy:334)
	at TC_Data Entry.run(TC_Data Entry:26)
	at com.kms.katalon.core.main.ScriptEngine.run(ScriptEngine.java:194)
	at com.kms.katalon.core.main.ScriptEngine.runScriptAsRawText(ScriptEngine.java:119)
	at com.kms.katalon.core.main.TestCaseExecutor.runScript(TestCaseExecutor.java:337)
	at com.kms.katalon.core.main.TestCaseExecutor.doExecute(TestCaseExecutor.java:328)
	at com.kms.katalon.core.main.TestCaseExecutor.processExecutionPhase(TestCaseExecutor.java:307)
	at com.kms.katalon.core.main.TestCaseExecutor.accessMainPhase(TestCaseExecutor.java:299)
	at com.kms.katalon.core.main.TestCaseExecutor.execute(TestCaseExecutor.java:233)
	at com.kms.katalon.core.main.TestSuiteExecutor.accessTestCaseMainPhase(TestSuiteExecutor.java:169)
	at com.kms.katalon.core.main.TestSuiteExecutor.accessTestSuiteMainPhase(TestSuiteExecutor.java:142)
	at com.kms.katalon.core.main.TestSuiteExecutor.execute(TestSuiteExecutor.java:91)
	at com.kms.katalon.core.main.TestCaseMain.startTestSuite(TestCaseMain.java:157)
	at com.kms.katalon.core.main.TestCaseMain$startTestSuite$0.call(Unknown Source)
	at TempTestSuite1574807893706.run(TempTestSuite1574807893706.groovy:36)
)
	at com.kms.katalon.core.keyword.internal.KeywordMain.stepFailed(KeywordMain.groovy:50)
	at com.kms.katalon.core.mobile.keyword.internal.MobileKeywordMain.stepFailed(MobileKeywordMain.groovy:40)
	at com.kms.katalon.core.mobile.keyword.internal.MobileKeywordMain.runKeyword(MobileKeywordMain.groovy:23)
	at com.kms.katalon.core.mobile.keyword.builtin.TapKeyword.tap(TapKeyword.groovy:86)
	at com.kms.katalon.core.mobile.keyword.builtin.TapKeyword.execute(TapKeyword.groovy:68)
	at com.kms.katalon.core.keyword.internal.KeywordExecutor.executeKeywordForPlatform(KeywordExecutor.groovy:60)
	at com.kms.katalon.core.mobile.keyword.MobileBuiltInKeywords.tap(MobileBuiltInKeywords.groovy:520)
	at com.kms.katalon.core.mobile.keyword.MobileBuiltInKeywords$tap$1.call(Unknown Source)
	at TC_Asuransi - MASTER FLOW.run(TC_Asuransi - MASTER FLOW:18)
	at com.kms.katalon.core.main.ScriptEngine.run(ScriptEngine.java:194)
	at com.kms.katalon.core.main.ScriptEngine.runScriptAsRawText(ScriptEngine.java:119)
	at com.kms.katalon.core.main.TestCaseExecutor.runScript(TestCaseExecutor.java:337)
	at com.kms.katalon.core.main.TestCaseExecutor.doExecute(TestCaseExecutor.java:328)
	at com.kms.katalon.core.main.TestCaseExecutor.processExecutionPhase(TestCaseExecutor.java:307)
	at com.kms.katalon.core.main.TestCaseExecutor.accessMainPhase(TestCaseExecutor.java:299)
	at com.kms.katalon.core.main.TestCaseExecutor.execute(TestCaseExecutor.java:233)
	at com.kms.katalon.core.main.TestCaseMain.runTestCase(TestCaseMain.java:114)
	at com.kms.katalon.core.keyword.builtin.CallTestCaseKeyword$_callTestCase_closure1.doCall(CallTestCaseKeyword.groovy:59)
	... 20 more
Caused by: org.openqa.selenium.WebDriverException: An unknown server-side error occurred while processing the command. Original error: Could not proxy command to remote server. Original error: Error: socket hang up
Build info: version: '3.141.59', revision: 'e82be7d358', time: '2018-11-14T08:25:53'
System info: host: 'FATITQC15420L', ip: '192.168.1.11', os.name: 'Windows 10', os.arch: 'amd64', os.version: '10.0', java.version: '1.8.0_181'
Driver info: com.kms.katalon.core.appium.driver.SwipeableAndroidDriver
Capabilities {app: C:\Users\15420\git\ACCME-Du..., appPackage: com.outsystemsenterprise.ac..., autoGrantPermissions: true, automationName: uiautomator2, databaseEnabled: false, desired: {app: C:\Users\15420\git\ACCME-Du..., autoGrantPermissions: true, automationName: uiautomator2, deviceId: , deviceName: samsung SM-A505F (Android 9), fullReset: false, newCommandTimeout: 1800, noReset: true, platform: ANDROID, platformName: android, platformVersion: 9, resetKeyboard: true, systemPort: 56641, udid: RR8M30NJT6T, unicodeKeyboard: true}, deviceApiLevel: 28, deviceId: , deviceManufacturer: samsung, deviceModel: SM-A505F, deviceName: RR8M30NJT6T, deviceScreenDensity: 420, deviceScreenSize: 1080x2340, deviceUDID: RR8M30NJT6T, fullReset: false, javascriptEnabled: true, locationContextEnabled: false, networkConnectionEnabled: true, newCommandTimeout: 1800, noReset: true, pixelRatio: 2.625, platform: ANDROID, platformName: Android, platformVersion: 9, resetKeyboard: true, statBarHeight: 83, systemPort: 56641, takesScreenshot: true, udid: RR8M30NJT6T, unicodeKeyboard: true, viewportRect: {height: 2048, left: 0, top: 83, width: 1080}, warnings: {}, webStorageEnabled: false}
Session ID: a6174c8a-5f4c-4d33-bad0-19c98dd69486
	at org.openqa.selenium.remote.http.W3CHttpResponseCodec.createException(W3CHttpResponseCodec.java:187)
	at org.openqa.selenium.remote.http.W3CHttpResponseCodec.decode(W3CHttpResponseCodec.java:122)
	at org.openqa.selenium.remote.http.W3CHttpResponseCodec.decode(W3CHttpResponseCodec.java:49)
	at org.openqa.selenium.remote.HttpCommandExecutor.execute(HttpCommandExecutor.java:158)
	at io.appium.java_client.remote.AppiumCommandExecutor.execute(AppiumCommandExecutor.java:239)
	at org.openqa.selenium.remote.RemoteWebDriver.execute(RemoteWebDriver.java:552)
	at io.appium.java_client.DefaultGenericMobileDriver.execute(DefaultGenericMobileDriver.java:46)
	at io.appium.java_client.AppiumDriver.execute(AppiumDriver.java:1)
	at io.appium.java_client.android.AndroidDriver.execute(AndroidDriver.java:1)
	at com.kms.katalon.core.appium.driver.SwipeableAndroidDriver.execute(SwipeableAndroidDriver.java:1)
	at org.openqa.selenium.remote.RemoteWebDriver$RemoteWebDriverOptions$RemoteWindow.getSize(RemoteWebDriver.java:813)
	at org.openqa.selenium.WebDriver$Window$getSize.call(Unknown Source)
	at com.kms.katalon.core.mobile.keyword.internal.MobileAbstractKeyword.findElement(MobileAbstractKeyword.groovy:81)
	at com.kms.katalon.core.mobile.keyword.builtin.TapKeyword$_tap_closure1.doCall(TapKeyword.groovy:76)
	at com.kms.katalon.core.mobile.keyword.builtin.TapKeyword$_tap_closure1.call(TapKeyword.groovy)
	at com.kms.katalon.core.mobile.keyword.internal.MobileKeywordMain.runKeyword(MobileKeywordMain.groovy:21)
	... 35 more]]></system-err>
      </testcase>
      <testcase name="Test Cases/Data Entry/TC_Data Entry" time="322.215" classname="Test Cases/Data Entry/TC_Data Entry" status="FAILED">
         <failure type="FAILED" message="Test Cases/Data Entry/TC_Data Entry FAILED.
Reason:
com.kms.katalon.core.exception.StepFailedException: Call Test Case 'Test Cases/Data Entry/Upload Document/Borrower/MASTER FLOW/TC_Upload Document - borrower - MASTER FLOW' failed
	at com.kms.katalon.core.keyword.builtin.CallTestCaseKeyword$_callTestCase_closure1.doCall(CallTestCaseKeyword.groovy:63)
	at com.kms.katalon.core.keyword.builtin.CallTestCaseKeyword$_callTestCase_closure1.call(CallTestCaseKeyword.groovy)
	at com.kms.katalon.core.keyword.internal.KeywordMain.runKeyword(KeywordMain.groovy:68)
	at com.kms.katalon.core.keyword.builtin.CallTestCaseKeyword.callTestCase(CallTestCaseKeyword.groovy:81)
	at com.kms.katalon.core.keyword.builtin.CallTestCaseKeyword.execute(CallTestCaseKeyword.groovy:44)
	at com.kms.katalon.core.keyword.internal.KeywordExecutor.executeKeywordForPlatform(KeywordExecutor.groovy:60)
	at com.kms.katalon.core.keyword.BuiltinKeywords.callTestCase(BuiltinKeywords.groovy:334)
	at TC_Data Entry.run(TC_Data Entry:35)
	at com.kms.katalon.core.main.ScriptEngine.run(ScriptEngine.java:194)
	at com.kms.katalon.core.main.ScriptEngine.runScriptAsRawText(ScriptEngine.java:119)
	at com.kms.katalon.core.main.TestCaseExecutor.runScript(TestCaseExecutor.java:337)
	at com.kms.katalon.core.main.TestCaseExecutor.doExecute(TestCaseExecutor.java:328)
	at com.kms.katalon.core.main.TestCaseExecutor.processExecutionPhase(TestCaseExecutor.java:307)
	at com.kms.katalon.core.main.TestCaseExecutor.accessMainPhase(TestCaseExecutor.java:299)
	at com.kms.katalon.core.main.TestCaseExecutor.execute(TestCaseExecutor.java:233)
	at com.kms.katalon.core.main.TestSuiteExecutor.accessTestCaseMainPhase(TestSuiteExecutor.java:169)
	at com.kms.katalon.core.main.TestSuiteExecutor.accessTestSuiteMainPhase(TestSuiteExecutor.java:142)
	at com.kms.katalon.core.main.TestSuiteExecutor.execute(TestSuiteExecutor.java:91)
	at com.kms.katalon.core.main.TestCaseMain.startTestSuite(TestCaseMain.java:157)
	at com.kms.katalon.core.main.TestCaseMain$startTestSuite$0.call(Unknown Source)
	at TempTestSuite1574807893706.run(TempTestSuite1574807893706.groovy:36)
Caused by: com.kms.katalon.core.exception.StepFailedException: Object Object Repository/Upload Document/Upload Document - Item Upload/UnggahDokumen_BtnKTP not found
	at com.kms.katalon.core.keyword.internal.KeywordMain.stepFailed(KeywordMain.groovy:50)
	at com.kms.katalon.core.mobile.keyword.internal.MobileKeywordMain.stepFailed(MobileKeywordMain.groovy:40)
	at com.kms.katalon.core.mobile.keyword.builtin.TapKeyword$_tap_closure1.doCall(TapKeyword.groovy:79)
	at com.kms.katalon.core.mobile.keyword.builtin.TapKeyword$_tap_closure1.call(TapKeyword.groovy)
	at com.kms.katalon.core.mobile.keyword.internal.MobileKeywordMain.runKeyword(MobileKeywordMain.groovy:21)
	at com.kms.katalon.core.mobile.keyword.builtin.TapKeyword.tap(TapKeyword.groovy:86)
	at com.kms.katalon.core.mobile.keyword.builtin.TapKeyword.execute(TapKeyword.groovy:68)
	at com.kms.katalon.core.keyword.internal.KeywordExecutor.executeKeywordForPlatform(KeywordExecutor.groovy:60)
	at com.kms.katalon.core.mobile.keyword.MobileBuiltInKeywords.tap(MobileBuiltInKeywords.groovy:520)
	at com.kms.katalon.core.mobile.keyword.MobileBuiltInKeywords$tap$1.call(Unknown Source)
	at TC_Upload Document - borrower - MASTER FLOW.run(TC_Upload Document - borrower - MASTER FLOW:16)
	at com.kms.katalon.core.main.ScriptEngine.run(ScriptEngine.java:194)
	at com.kms.katalon.core.main.ScriptEngine.runScriptAsRawText(ScriptEngine.java:119)
	at com.kms.katalon.core.main.TestCaseExecutor.runScript(TestCaseExecutor.java:337)
	at com.kms.katalon.core.main.TestCaseExecutor.doExecute(TestCaseExecutor.java:328)
	at com.kms.katalon.core.main.TestCaseExecutor.processExecutionPhase(TestCaseExecutor.java:307)
	at com.kms.katalon.core.main.TestCaseExecutor.accessMainPhase(TestCaseExecutor.java:299)
	at com.kms.katalon.core.main.TestCaseExecutor.execute(TestCaseExecutor.java:233)
	at com.kms.katalon.core.main.TestCaseMain.runTestCase(TestCaseMain.java:114)
	at com.kms.katalon.core.keyword.builtin.CallTestCaseKeyword$_callTestCase_closure1.doCall(CallTestCaseKeyword.groovy:59)
	... 20 more
"/>
         <system-out><![CDATA[2019-11-27 06:19:09 - [TEST_CASE][FAILED] - Test Cases/Data Entry/TC_Data Entry: Test Cases/Data Entry/TC_Data Entry FAILED.
Reason:
com.kms.katalon.core.exception.StepFailedException: Call Test Case 'Test Cases/Data Entry/Upload Document/Borrower/MASTER FLOW/TC_Upload Document - borrower - MASTER FLOW' failed
	at com.kms.katalon.core.keyword.builtin.CallTestCaseKeyword$_callTestCase_closure1.doCall(CallTestCaseKeyword.groovy:63)
	at com.kms.katalon.core.keyword.builtin.CallTestCaseKeyword$_callTestCase_closure1.call(CallTestCaseKeyword.groovy)
	at com.kms.katalon.core.keyword.internal.KeywordMain.runKeyword(KeywordMain.groovy:68)
	at com.kms.katalon.core.keyword.builtin.CallTestCaseKeyword.callTestCase(CallTestCaseKeyword.groovy:81)
	at com.kms.katalon.core.keyword.builtin.CallTestCaseKeyword.execute(CallTestCaseKeyword.groovy:44)
	at com.kms.katalon.core.keyword.internal.KeywordExecutor.executeKeywordForPlatform(KeywordExecutor.groovy:60)
	at com.kms.katalon.core.keyword.BuiltinKeywords.callTestCase(BuiltinKeywords.groovy:334)
	at TC_Data Entry.run(TC_Data Entry:35)
	at com.kms.katalon.core.main.ScriptEngine.run(ScriptEngine.java:194)
	at com.kms.katalon.core.main.ScriptEngine.runScriptAsRawText(ScriptEngine.java:119)
	at com.kms.katalon.core.main.TestCaseExecutor.runScript(TestCaseExecutor.java:337)
	at com.kms.katalon.core.main.TestCaseExecutor.doExecute(TestCaseExecutor.java:328)
	at com.kms.katalon.core.main.TestCaseExecutor.processExecutionPhase(TestCaseExecutor.java:307)
	at com.kms.katalon.core.main.TestCaseExecutor.accessMainPhase(TestCaseExecutor.java:299)
	at com.kms.katalon.core.main.TestCaseExecutor.execute(TestCaseExecutor.java:233)
	at com.kms.katalon.core.main.TestSuiteExecutor.accessTestCaseMainPhase(TestSuiteExecutor.java:169)
	at com.kms.katalon.core.main.TestSuiteExecutor.accessTestSuiteMainPhase(TestSuiteExecutor.java:142)
	at com.kms.katalon.core.main.TestSuiteExecutor.execute(TestSuiteExecutor.java:91)
	at com.kms.katalon.core.main.TestCaseMain.startTestSuite(TestCaseMain.java:157)
	at com.kms.katalon.core.main.TestCaseMain$startTestSuite$0.call(Unknown Source)
	at TempTestSuite1574807893706.run(TempTestSuite1574807893706.groovy:36)
Caused by: com.kms.katalon.core.exception.StepFailedException: Object Object Repository/Upload Document/Upload Document - Item Upload/UnggahDokumen_BtnKTP not found
	at com.kms.katalon.core.keyword.internal.KeywordMain.stepFailed(KeywordMain.groovy:50)
	at com.kms.katalon.core.mobile.keyword.internal.MobileKeywordMain.stepFailed(MobileKeywordMain.groovy:40)
	at com.kms.katalon.core.mobile.keyword.builtin.TapKeyword$_tap_closure1.doCall(TapKeyword.groovy:79)
	at com.kms.katalon.core.mobile.keyword.builtin.TapKeyword$_tap_closure1.call(TapKeyword.groovy)
	at com.kms.katalon.core.mobile.keyword.internal.MobileKeywordMain.runKeyword(MobileKeywordMain.groovy:21)
	at com.kms.katalon.core.mobile.keyword.builtin.TapKeyword.tap(TapKeyword.groovy:86)
	at com.kms.katalon.core.mobile.keyword.builtin.TapKeyword.execute(TapKeyword.groovy:68)
	at com.kms.katalon.core.keyword.internal.KeywordExecutor.executeKeywordForPlatform(KeywordExecutor.groovy:60)
	at com.kms.katalon.core.mobile.keyword.MobileBuiltInKeywords.tap(MobileBuiltInKeywords.groovy:520)
	at com.kms.katalon.core.mobile.keyword.MobileBuiltInKeywords$tap$1.call(Unknown Source)
	at TC_Upload Document - borrower - MASTER FLOW.run(TC_Upload Document - borrower - MASTER FLOW:16)
	at com.kms.katalon.core.main.ScriptEngine.run(ScriptEngine.java:194)
	at com.kms.katalon.core.main.ScriptEngine.runScriptAsRawText(ScriptEngine.java:119)
	at com.kms.katalon.core.main.TestCaseExecutor.runScript(TestCaseExecutor.java:337)
	at com.kms.katalon.core.main.TestCaseExecutor.doExecute(TestCaseExecutor.java:328)
	at com.kms.katalon.core.main.TestCaseExecutor.processExecutionPhase(TestCaseExecutor.java:307)
	at com.kms.katalon.core.main.TestCaseExecutor.accessMainPhase(TestCaseExecutor.java:299)
	at com.kms.katalon.core.main.TestCaseExecutor.execute(TestCaseExecutor.java:233)
	at com.kms.katalon.core.main.TestCaseMain.runTestCase(TestCaseMain.java:114)
	at com.kms.katalon.core.keyword.builtin.CallTestCaseKeyword$_callTestCase_closure1.doCall(CallTestCaseKeyword.groovy:59)
	... 20 more


2019-11-27 06:19:09 - [TEST_STEP][PASSED] - callTestCase(findTestCase("dynamic test case/open application"), [:], STOP_ON_FAILURE): Call Test Case 'Test Cases/dynamic test case/open application' successfully

2019-11-27 06:19:09 - [TEST_CASE][PASSED] - Test Cases/dynamic test case/open application: Test Cases/dynamic test case/open application

2019-11-27 06:19:09 - [TEST_STEP][PASSED] - appPath = relativeToAbsolutePath(apkname, getProjectDir()): null

2019-11-27 06:19:09 - [TEST_STEP][PASSED] - startApplication(appPath, false): Started app at: 'C:\Users\15420\git\ACCME-Dupcheck\AccMe.apk'

2019-11-27 06:19:09 - [MESSAGE][INFO] - User set preference: ['unicodeKeyboard', 'true']

2019-11-27 06:19:09 - [MESSAGE][INFO] - User set preference: ['resetKeyboard', 'true']

2019-11-27 06:19:09 - [MESSAGE][INFO] - User set preference: ['deviceId', '']

2019-11-27 06:19:38 - [MESSAGE][PASSED] - Started app at: 'C:\Users\15420\git\ACCME-Dupcheck\AccMe.apk'

2019-11-27 06:19:38 - [MESSAGE][PASSED] - Call Test Case 'Test Cases/dynamic test case/open application' successfully

2019-11-27 06:19:38 - [TEST_STEP][PASSED] - callTestCase(findTestCase("Data Entry/Simulasi Kredit/Simulasi Kredit/MASTER FLOW/TC_Simulasi Kredit - MASTER FLOW"), ["varBrand":varBrand, "varType":varType, "varModel":varModel, "varTahun":varTahun, "varTenor":varTenor, "varOTR":varOTR, "varRP":varRP, ... ], OPTIONAL): Call Test Case 'Test Cases/Data Entry/Simulasi Kredit/Simulasi Kredit/MASTER FLOW/TC_Simulasi Kredit - MASTER FLOW' successfully

2019-11-27 06:19:38 - [TEST_CASE][PASSED] - Test Cases/Data Entry/Simulasi Kredit/Simulasi Kredit/MASTER FLOW/TC_Simulasi Kredit - MASTER FLOW: Test Cases/Data Entry/Simulasi Kredit/Simulasi Kredit/MASTER FLOW/TC_Simulasi Kredit - MASTER FLOW

2019-11-27 06:19:38 - [TEST_STEP][PASSED] - waitForElementPresent(findTestObject("Simulasi Kredit/Simulasi Kredit - Simulasi Kredit/SimulasiKredit_Btn Simulasi Kredit"), 0): Element 'Object Repository/Simulasi Kredit/Simulasi Kredit - Simulasi Kredit/SimulasiKredit_Btn Simulasi Kredit' is present

2019-11-27 06:19:39 - [MESSAGE][WARNING] - Timeout '0' is invalid. Using default page load timeout: '30'

2019-11-27 06:19:49 - [MESSAGE][PASSED] - Element 'Object Repository/Simulasi Kredit/Simulasi Kredit - Simulasi Kredit/SimulasiKredit_Btn Simulasi Kredit' is present

2019-11-27 06:19:49 - [TEST_STEP][PASSED] - tap(findTestObject("Simulasi Kredit/Simulasi Kredit - Simulasi Kredit/SimulasiKredit_Btn Simulasi Kredit"), 0): Tapped on element 'Object Repository/Simulasi Kredit/Simulasi Kredit - Simulasi Kredit/SimulasiKredit_Btn Simulasi Kredit'

2019-11-27 06:19:49 - [MESSAGE][WARNING] - Timeout '0' is invalid. Using default page load timeout: '30'

2019-11-27 06:19:50 - [MESSAGE][PASSED] - Tapped on element 'Object Repository/Simulasi Kredit/Simulasi Kredit - Simulasi Kredit/SimulasiKredit_Btn Simulasi Kredit'

2019-11-27 06:19:50 - [TEST_STEP][PASSED] - if (varPembiayaan == "NewCar"): Tapped on element 'Object Repository/Simulasi Kredit/Simulasi Kredit - Simulasi Kredit/SimulasiKredit_new car'

2019-11-27 06:19:50 - [TEST_STEP][PASSED] - tap(findTestObject("Simulasi Kredit/Simulasi Kredit - Simulasi Kredit/SimulasiKredit_new car"), 0): Tapped on element 'Object Repository/Simulasi Kredit/Simulasi Kredit - Simulasi Kredit/SimulasiKredit_new car'

2019-11-27 06:19:50 - [MESSAGE][WARNING] - Timeout '0' is invalid. Using default page load timeout: '30'

2019-11-27 06:19:54 - [MESSAGE][PASSED] - Tapped on element 'Object Repository/Simulasi Kredit/Simulasi Kredit - Simulasi Kredit/SimulasiKredit_new car'

2019-11-27 06:19:54 - [TEST_STEP][PASSED] - if (varPembiayaan == "UsedCar"): null

2019-11-27 06:19:54 - [TEST_STEP][PASSED] - if (varTipepembiayaan == "syariah"): null

2019-11-27 06:19:54 - [TEST_STEP][PASSED] - if (varTipepembiayaan == "konvensional"): null

2019-11-27 06:19:54 - [TEST_STEP][PASSED] - if (varkodepaket == "ya"): null

2019-11-27 06:19:54 - [TEST_STEP][PASSED] - setText(findTestObject("Simulasi Kredit/Simulasi Kredit - Simulasi Kredit/SimulasiKredit_Inp Brand"), varBrand, 0): Text 'DAIHATSU' has been set to element 'Object Repository/Simulasi Kredit/Simulasi Kredit - Simulasi Kredit/SimulasiKredit_Inp Brand'

2019-11-27 06:19:54 - [MESSAGE][WARNING] - Timeout '0' is invalid. Using default page load timeout: '30'

2019-11-27 06:19:56 - [MESSAGE][PASSED] - Text 'DAIHATSU' has been set to element 'Object Repository/Simulasi Kredit/Simulasi Kredit - Simulasi Kredit/SimulasiKredit_Inp Brand'

2019-11-27 06:19:56 - [TEST_STEP][PASSED] - tap(findTestObject("Simulasi Kredit/Simulasi Kredit - Simulasi Kredit/SimulasiKredit_Inp Brand"), 0): Tapped on element 'Object Repository/Simulasi Kredit/Simulasi Kredit - Simulasi Kredit/SimulasiKredit_Inp Brand'

2019-11-27 06:19:56 - [MESSAGE][WARNING] - Timeout '0' is invalid. Using default page load timeout: '30'

2019-11-27 06:20:00 - [MESSAGE][PASSED] - Tapped on element 'Object Repository/Simulasi Kredit/Simulasi Kredit - Simulasi Kredit/SimulasiKredit_Inp Brand'

2019-11-27 06:20:00 - [TEST_STEP][PASSED] - tap(findTestObject("dynamic object/pickListItem_viewView", ["text":varBrand]), 0): Tapped on element 'Object Repository/dynamic object/pickListItem_viewView'

2019-11-27 06:20:01 - [MESSAGE][WARNING] - Timeout '0' is invalid. Using default page load timeout: '30'

2019-11-27 06:20:03 - [MESSAGE][PASSED] - Tapped on element 'Object Repository/dynamic object/pickListItem_viewView'

2019-11-27 06:20:03 - [TEST_STEP][PASSED] - tap(findTestObject("Simulasi Kredit/Simulasi Kredit - Simulasi Kredit/SimulasiKredit_Inp Type"), 0): Tapped on element 'Object Repository/Simulasi Kredit/Simulasi Kredit - Simulasi Kredit/SimulasiKredit_Inp Type'

2019-11-27 06:20:04 - [MESSAGE][WARNING] - Timeout '0' is invalid. Using default page load timeout: '30'

2019-11-27 06:20:06 - [MESSAGE][PASSED] - Tapped on element 'Object Repository/Simulasi Kredit/Simulasi Kredit - Simulasi Kredit/SimulasiKredit_Inp Type'

2019-11-27 06:20:06 - [TEST_STEP][PASSED] - setText(findTestObject("Simulasi Kredit/Simulasi Kredit - Simulasi Kredit/SimulasiKredit_Inp Type"), varType, 0): Text 'AYLA' has been set to element 'Object Repository/Simulasi Kredit/Simulasi Kredit - Simulasi Kredit/SimulasiKredit_Inp Type'

2019-11-27 06:20:06 - [MESSAGE][WARNING] - Timeout '0' is invalid. Using default page load timeout: '30'

2019-11-27 06:20:09 - [MESSAGE][PASSED] - Text 'AYLA' has been set to element 'Object Repository/Simulasi Kredit/Simulasi Kredit - Simulasi Kredit/SimulasiKredit_Inp Type'

2019-11-27 06:20:09 - [TEST_STEP][PASSED] - delay(3): Delayed 3 second(s)

2019-11-27 06:20:12 - [MESSAGE][PASSED] - Delayed 3 second(s)

2019-11-27 06:20:12 - [TEST_STEP][PASSED] - tap(findTestObject("Simulasi Kredit/Simulasi Kredit - Simulasi Kredit/SimulasiKredit_Inp Type"), 0): Tapped on element 'Object Repository/Simulasi Kredit/Simulasi Kredit - Simulasi Kredit/SimulasiKredit_Inp Type'

2019-11-27 06:20:12 - [MESSAGE][WARNING] - Timeout '0' is invalid. Using default page load timeout: '30'

2019-11-27 06:20:14 - [MESSAGE][PASSED] - Tapped on element 'Object Repository/Simulasi Kredit/Simulasi Kredit - Simulasi Kredit/SimulasiKredit_Inp Type'

2019-11-27 06:20:14 - [TEST_STEP][PASSED] - tap(findTestObject("Simulasi Kredit/Simulasi Kredit - Simulasi Kredit/SimulasiKredit_Inp Type LOV"), 0): Tapped on element 'Object Repository/Simulasi Kredit/Simulasi Kredit - Simulasi Kredit/SimulasiKredit_Inp Type LOV'

2019-11-27 06:20:14 - [MESSAGE][WARNING] - Timeout '0' is invalid. Using default page load timeout: '30'

2019-11-27 06:20:17 - [MESSAGE][PASSED] - Tapped on element 'Object Repository/Simulasi Kredit/Simulasi Kredit - Simulasi Kredit/SimulasiKredit_Inp Type LOV'

2019-11-27 06:20:17 - [TEST_STEP][PASSED] - mobile.mobileSwipe.UpDown(0.8, 0.5, 1000): mobile.mobileSwipe.UpDown is PASSED

2019-11-27 06:20:18 - [MESSAGE][PASSED] - Current device physical height is 2131

2019-11-27 06:20:18 - [MESSAGE][INFO] - Device Height : 2131

2019-11-27 06:20:19 - [MESSAGE][PASSED] - Current device physical width is 1080

2019-11-27 06:20:19 - [MESSAGE][INFO] - Device Width : 1080

2019-11-27 06:20:19 - [MESSAGE][INFO] - Swipe start at Height : 1704

2019-11-27 06:20:19 - [MESSAGE][INFO] - Swipe end at Height : 1065

2019-11-27 06:20:19 - [MESSAGE][INFO] - X Position : 1000

2019-11-27 06:20:21 - [MESSAGE][PASSED] - Swiped from 1,000,1,704 to 1,000,1,065

2019-11-27 06:20:21 - [MESSAGE][PASSED] - mobile.mobileSwipe.UpDown is PASSED

2019-11-27 06:20:21 - [TEST_STEP][PASSED] - tap(findTestObject("Simulasi Kredit/Simulasi Kredit - Simulasi Kredit/SimulasiKredit_Inp Model"), 0): Tapped on element 'Object Repository/Simulasi Kredit/Simulasi Kredit - Simulasi Kredit/SimulasiKredit_Inp Model'

2019-11-27 06:20:21 - [MESSAGE][WARNING] - Timeout '0' is invalid. Using default page load timeout: '30'

2019-11-27 06:20:24 - [MESSAGE][PASSED] - Tapped on element 'Object Repository/Simulasi Kredit/Simulasi Kredit - Simulasi Kredit/SimulasiKredit_Inp Model'

2019-11-27 06:20:24 - [TEST_STEP][PASSED] - scrollToText(varModel, STOP_ON_FAILURE): Scrolling to text '1.0 X MI M/T' successfully

2019-11-27 06:20:31 - [MESSAGE][PASSED] - Scrolling to text '1.0 X MI M/T' successfully

2019-11-27 06:20:31 - [TEST_STEP][PASSED] - tap(findTestObject("dynamic object/pickListItem_checkedTextView", ["text":varModel]), 0): Tapped on element 'Object Repository/dynamic object/pickListItem_checkedTextView'

2019-11-27 06:20:31 - [MESSAGE][WARNING] - Timeout '0' is invalid. Using default page load timeout: '30'

2019-11-27 06:20:33 - [MESSAGE][PASSED] - Tapped on element 'Object Repository/dynamic object/pickListItem_checkedTextView'

2019-11-27 06:20:33 - [TEST_STEP][PASSED] - tap(findTestObject("Simulasi Kredit/Simulasi Kredit - Simulasi Kredit/SimulasiKredit_Tahun"), 0): Tapped on element 'Object Repository/Simulasi Kredit/Simulasi Kredit - Simulasi Kredit/SimulasiKredit_Tahun'

2019-11-27 06:20:33 - [MESSAGE][WARNING] - Timeout '0' is invalid. Using default page load timeout: '30'

2019-11-27 06:20:36 - [MESSAGE][PASSED] - Tapped on element 'Object Repository/Simulasi Kredit/Simulasi Kredit - Simulasi Kredit/SimulasiKredit_Tahun'

2019-11-27 06:20:36 - [TEST_STEP][PASSED] - scrollToText(varTahun, STOP_ON_FAILURE): Scrolling to text '2018' successfully

2019-11-27 06:20:37 - [MESSAGE][PASSED] - Scrolling to text '2018' successfully

2019-11-27 06:20:37 - [TEST_STEP][PASSED] - tap(findTestObject("dynamic object/pickListItem_checkedTextView", ["text":varTahun]), 0): Tapped on element 'Object Repository/dynamic object/pickListItem_checkedTextView'

2019-11-27 06:20:37 - [MESSAGE][WARNING] - Timeout '0' is invalid. Using default page load timeout: '30'

2019-11-27 06:20:39 - [MESSAGE][PASSED] - Tapped on element 'Object Repository/dynamic object/pickListItem_checkedTextView'

2019-11-27 06:20:39 - [TEST_STEP][PASSED] - tap(findTestObject("Simulasi Kredit/Simulasi Kredit - Simulasi Kredit/SimulasiKredit_Tenor"), 0): Tapped on element 'Object Repository/Simulasi Kredit/Simulasi Kredit - Simulasi Kredit/SimulasiKredit_Tenor'

2019-11-27 06:20:39 - [MESSAGE][WARNING] - Timeout '0' is invalid. Using default page load timeout: '30'

2019-11-27 06:20:41 - [MESSAGE][PASSED] - Tapped on element 'Object Repository/Simulasi Kredit/Simulasi Kredit - Simulasi Kredit/SimulasiKredit_Tenor'

2019-11-27 06:20:41 - [TEST_STEP][PASSED] - tap(findTestObject("dynamic object/pickListItem_checkedTextView", ["text":varTenor]), 0): Tapped on element 'Object Repository/dynamic object/pickListItem_checkedTextView'

2019-11-27 06:20:42 - [MESSAGE][WARNING] - Timeout '0' is invalid. Using default page load timeout: '30'

2019-11-27 06:20:43 - [MESSAGE][PASSED] - Tapped on element 'Object Repository/dynamic object/pickListItem_checkedTextView'

2019-11-27 06:20:43 - [TEST_STEP][PASSED] - setText(findTestObject("Simulasi Kredit/Simulasi Kredit - Simulasi Kredit/SimulasiKredit_Inp OTR"), varOTR, 0): Text '99200000' has been set to element 'Object Repository/Simulasi Kredit/Simulasi Kredit - Simulasi Kredit/SimulasiKredit_Inp OTR'

2019-11-27 06:20:43 - [MESSAGE][WARNING] - Timeout '0' is invalid. Using default page load timeout: '30'

2019-11-27 06:20:46 - [MESSAGE][PASSED] - Text '99200000' has been set to element 'Object Repository/Simulasi Kredit/Simulasi Kredit - Simulasi Kredit/SimulasiKredit_Inp OTR'

2019-11-27 06:20:46 - [TEST_STEP][PASSED] - setText(findTestObject("Simulasi Kredit/Simulasi Kredit - Simulasi Kredit/SimulasiKredit_Inp RP"), varRP, 0): Text '24800000' has been set to element 'Object Repository/Simulasi Kredit/Simulasi Kredit - Simulasi Kredit/SimulasiKredit_Inp RP'

2019-11-27 06:20:46 - [MESSAGE][WARNING] - Timeout '0' is invalid. Using default page load timeout: '30'

2019-11-27 06:20:49 - [MESSAGE][PASSED] - Text '24800000' has been set to element 'Object Repository/Simulasi Kredit/Simulasi Kredit - Simulasi Kredit/SimulasiKredit_Inp RP'

2019-11-27 06:20:49 - [TEST_STEP][PASSED] - mobile.mobileSwipe.UpDown(0.5, 0.2, 1000): mobile.mobileSwipe.UpDown is PASSED

2019-11-27 06:20:50 - [MESSAGE][PASSED] - Current device physical height is 2131

2019-11-27 06:20:50 - [MESSAGE][INFO] - Device Height : 2131

2019-11-27 06:20:51 - [MESSAGE][PASSED] - Current device physical width is 1080

2019-11-27 06:20:51 - [MESSAGE][INFO] - Device Width : 1080

2019-11-27 06:20:51 - [MESSAGE][INFO] - Swipe start at Height : 1065

2019-11-27 06:20:51 - [MESSAGE][INFO] - Swipe end at Height : 426

2019-11-27 06:20:51 - [MESSAGE][INFO] - X Position : 1000

2019-11-27 06:20:53 - [MESSAGE][PASSED] - Swiped from 1,000,1,065 to 1,000,426

2019-11-27 06:20:53 - [MESSAGE][PASSED] - mobile.mobileSwipe.UpDown is PASSED

2019-11-27 06:20:53 - [TEST_STEP][PASSED] - setText(findTestObject("Simulasi Kredit/Simulasi Kredit - Simulasi Kredit/SimulasiKredit_Inp Dealer"), varDealer, 0): Text 'ABDUL QODIR J. H' has been set to element 'Object Repository/Simulasi Kredit/Simulasi Kredit - Simulasi Kredit/SimulasiKredit_Inp Dealer'

2019-11-27 06:20:53 - [MESSAGE][WARNING] - Timeout '0' is invalid. Using default page load timeout: '30'

2019-11-27 06:20:55 - [MESSAGE][PASSED] - Text 'ABDUL QODIR J. H' has been set to element 'Object Repository/Simulasi Kredit/Simulasi Kredit - Simulasi Kredit/SimulasiKredit_Inp Dealer'

2019-11-27 06:20:55 - [TEST_STEP][PASSED] - tap(findTestObject("Simulasi Kredit/Simulasi Kredit - Simulasi Kredit/SimulasiKredit_Inp Dealer"), 0): Tapped on element 'Object Repository/Simulasi Kredit/Simulasi Kredit - Simulasi Kredit/SimulasiKredit_Inp Dealer'

2019-11-27 06:20:55 - [MESSAGE][WARNING] - Timeout '0' is invalid. Using default page load timeout: '30'

2019-11-27 06:20:59 - [MESSAGE][PASSED] - Tapped on element 'Object Repository/Simulasi Kredit/Simulasi Kredit - Simulasi Kredit/SimulasiKredit_Inp Dealer'

2019-11-27 06:20:59 - [TEST_STEP][PASSED] - clearText(findTestObject("Simulasi Kredit/Simulasi Kredit - Simulasi Kredit/SimulasiKredit_Inp Dealer"), 0): Element 'Object Repository/Simulasi Kredit/Simulasi Kredit - Simulasi Kredit/SimulasiKredit_Inp Dealer' text is cleared

2019-11-27 06:20:59 - [MESSAGE][WARNING] - Timeout '0' is invalid. Using default page load timeout: '30'

2019-11-27 06:21:00 - [MESSAGE][PASSED] - Element 'Object Repository/Simulasi Kredit/Simulasi Kredit - Simulasi Kredit/SimulasiKredit_Inp Dealer' text is cleared

2019-11-27 06:21:00 - [TEST_STEP][PASSED] - setText(findTestObject("Simulasi Kredit/Simulasi Kredit - Simulasi Kredit/SimulasiKredit_Inp Dealer"), varDealer, 0): Text 'ABDUL QODIR J. H' has been set to element 'Object Repository/Simulasi Kredit/Simulasi Kredit - Simulasi Kredit/SimulasiKredit_Inp Dealer'

2019-11-27 06:21:00 - [MESSAGE][WARNING] - Timeout '0' is invalid. Using default page load timeout: '30'

2019-11-27 06:21:01 - [MESSAGE][PASSED] - Text 'ABDUL QODIR J. H' has been set to element 'Object Repository/Simulasi Kredit/Simulasi Kredit - Simulasi Kredit/SimulasiKredit_Inp Dealer'

2019-11-27 06:21:01 - [TEST_STEP][PASSED] - delay(4, STOP_ON_FAILURE): Delayed 4 second(s)

2019-11-27 06:21:05 - [MESSAGE][PASSED] - Delayed 4 second(s)

2019-11-27 06:21:05 - [TEST_STEP][PASSED] - tap(findTestObject("Simulasi Kredit/Simulasi Kredit - Simulasi Kredit/SimulasiKredit_LOV Dealer"), 0): Tapped on element 'Object Repository/Simulasi Kredit/Simulasi Kredit - Simulasi Kredit/SimulasiKredit_LOV Dealer'

2019-11-27 06:21:06 - [MESSAGE][WARNING] - Timeout '0' is invalid. Using default page load timeout: '30'

2019-11-27 06:21:08 - [MESSAGE][PASSED] - Tapped on element 'Object Repository/Simulasi Kredit/Simulasi Kredit - Simulasi Kredit/SimulasiKredit_LOV Dealer'

2019-11-27 06:21:08 - [TEST_STEP][PASSED] - setText(findTestObject("Simulasi Kredit/Simulasi Kredit - Simulasi Kredit/SimulasiKredit_Inp Sales Dealer"), varSales, 0): Text 'ABDUL QODIR' has been set to element 'Object Repository/Simulasi Kredit/Simulasi Kredit - Simulasi Kredit/SimulasiKredit_Inp Sales Dealer'

2019-11-27 06:21:08 - [MESSAGE][WARNING] - Timeout '0' is invalid. Using default page load timeout: '30'

2019-11-27 06:21:11 - [MESSAGE][PASSED] - Text 'ABDUL QODIR' has been set to element 'Object Repository/Simulasi Kredit/Simulasi Kredit - Simulasi Kredit/SimulasiKredit_Inp Sales Dealer'

2019-11-27 06:21:11 - [TEST_STEP][PASSED] - tap(findTestObject("Simulasi Kredit/Simulasi Kredit - Simulasi Kredit/SimulasiKredit_Inp Sales Dealer"), 0): Tapped on element 'Object Repository/Simulasi Kredit/Simulasi Kredit - Simulasi Kredit/SimulasiKredit_Inp Sales Dealer'

2019-11-27 06:21:11 - [MESSAGE][WARNING] - Timeout '0' is invalid. Using default page load timeout: '30'

2019-11-27 06:21:14 - [MESSAGE][PASSED] - Tapped on element 'Object Repository/Simulasi Kredit/Simulasi Kredit - Simulasi Kredit/SimulasiKredit_Inp Sales Dealer'

2019-11-27 06:21:14 - [TEST_STEP][PASSED] - tap(findTestObject("Simulasi Kredit/Simulasi Kredit - Simulasi Kredit/SimulasiKredit_LOV Sales Dealer"), 0): Tapped on element 'Object Repository/Simulasi Kredit/Simulasi Kredit - Simulasi Kredit/SimulasiKredit_LOV Sales Dealer'

2019-11-27 06:21:14 - [MESSAGE][WARNING] - Timeout '0' is invalid. Using default page load timeout: '30'

2019-11-27 06:21:17 - [MESSAGE][PASSED] - Tapped on element 'Object Repository/Simulasi Kredit/Simulasi Kredit - Simulasi Kredit/SimulasiKredit_LOV Sales Dealer'

2019-11-27 06:21:17 - [TEST_STEP][PASSED] - tap(findTestObject("Simulasi Kredit/Simulasi Kredit - Simulasi Kredit/SimulasiKredit_Btn Hitung"), 0): Tapped on element 'Object Repository/Simulasi Kredit/Simulasi Kredit - Simulasi Kredit/SimulasiKredit_Btn Hitung'

2019-11-27 06:21:17 - [MESSAGE][WARNING] - Timeout '0' is invalid. Using default page load timeout: '30'

2019-11-27 06:21:21 - [MESSAGE][PASSED] - Tapped on element 'Object Repository/Simulasi Kredit/Simulasi Kredit - Simulasi Kredit/SimulasiKredit_Btn Hitung'

2019-11-27 06:21:21 - [TEST_STEP][PASSED] - delay(20, STOP_ON_FAILURE): Delayed 20 second(s)

2019-11-27 06:21:41 - [MESSAGE][PASSED] - Delayed 20 second(s)

2019-11-27 06:21:41 - [TEST_STEP][PASSED] - tap(findTestObject("Simulasi Kredit/Simulasi Kredit - Simulasi Kredit/SimulasiKredit_Btn Berikutnya"), 0): Tapped on element 'Object Repository/Simulasi Kredit/Simulasi Kredit - Simulasi Kredit/SimulasiKredit_Btn Berikutnya'

2019-11-27 06:21:41 - [MESSAGE][WARNING] - Timeout '0' is invalid. Using default page load timeout: '30'

2019-11-27 06:21:43 - [MESSAGE][PASSED] - Tapped on element 'Object Repository/Simulasi Kredit/Simulasi Kredit - Simulasi Kredit/SimulasiKredit_Btn Berikutnya'

2019-11-27 06:21:43 - [TEST_STEP][PASSED] - delay(1, STOP_ON_FAILURE): Delayed 1 second(s)

2019-11-27 06:21:44 - [MESSAGE][PASSED] - Delayed 1 second(s)

2019-11-27 06:21:44 - [TEST_STEP][PASSED] - waitForElementPresent(findTestObject("Simulasi Kredit/Simulasi Kredit - Asuransi/Asuransi_Nama Asuransi"), 0): Element 'Object Repository/Simulasi Kredit/Simulasi Kredit - Asuransi/Asuransi_Nama Asuransi' is present

2019-11-27 06:21:44 - [MESSAGE][WARNING] - Timeout '0' is invalid. Using default page load timeout: '30'

2019-11-27 06:21:45 - [MESSAGE][PASSED] - Element 'Object Repository/Simulasi Kredit/Simulasi Kredit - Asuransi/Asuransi_Nama Asuransi' is present

2019-11-27 06:21:45 - [MESSAGE][PASSED] - Call Test Case 'Test Cases/Data Entry/Simulasi Kredit/Simulasi Kredit/MASTER FLOW/TC_Simulasi Kredit - MASTER FLOW' successfully

2019-11-27 06:21:45 - [TEST_STEP][PASSED] - callTestCase(findTestCase("Data Entry/Simulasi Kredit/Simulasi Kredit - Asuransi/MASTER FLOW/TC_Asuransi - MASTER FLOW"), ["varAsuransi":varAsuransi, "varKodeWilayah":varKodeWilayah], STOP_ON_FAILURE): Call Test Case 'Test Cases/Data Entry/Simulasi Kredit/Simulasi Kredit - Asuransi/MASTER FLOW/TC_Asuransi - MASTER FLOW' successfully

2019-11-27 06:21:45 - [TEST_CASE][PASSED] - Test Cases/Data Entry/Simulasi Kredit/Simulasi Kredit - Asuransi/MASTER FLOW/TC_Asuransi - MASTER FLOW: Test Cases/Data Entry/Simulasi Kredit/Simulasi Kredit - Asuransi/MASTER FLOW/TC_Asuransi - MASTER FLOW

2019-11-27 06:21:45 - [TEST_STEP][PASSED] - delay(2, STOP_ON_FAILURE): Delayed 2 second(s)

2019-11-27 06:21:47 - [MESSAGE][PASSED] - Delayed 2 second(s)

2019-11-27 06:21:47 - [TEST_STEP][PASSED] - tap(findTestObject("Simulasi Kredit/Simulasi Kredit - Asuransi/Asuransi_Nama Asuransi"), 0): Tapped on element 'Object Repository/Simulasi Kredit/Simulasi Kredit - Asuransi/Asuransi_Nama Asuransi'

2019-11-27 06:21:47 - [MESSAGE][WARNING] - Timeout '0' is invalid. Using default page load timeout: '30'

2019-11-27 06:21:50 - [MESSAGE][PASSED] - Tapped on element 'Object Repository/Simulasi Kredit/Simulasi Kredit - Asuransi/Asuransi_Nama Asuransi'

2019-11-27 06:21:50 - [TEST_STEP][PASSED] - setText(findTestObject("Simulasi Kredit/Simulasi Kredit - Asuransi/Asuransi_Nama Asuransi"), varAsuransi, 0): Text 'PT AAB REGULER OJK 2017(305001)' has been set to element 'Object Repository/Simulasi Kredit/Simulasi Kredit - Asuransi/Asuransi_Nama Asuransi'

2019-11-27 06:21:50 - [MESSAGE][WARNING] - Timeout '0' is invalid. Using default page load timeout: '30'

2019-11-27 06:21:53 - [MESSAGE][PASSED] - Text 'PT AAB REGULER OJK 2017(305001)' has been set to element 'Object Repository/Simulasi Kredit/Simulasi Kredit - Asuransi/Asuransi_Nama Asuransi'

2019-11-27 06:21:53 - [TEST_STEP][PASSED] - tap(findTestObject("Simulasi Kredit/Simulasi Kredit - Asuransi/Asuransi_LOV Nama Asuransi"), 0): Tapped on element 'Object Repository/Simulasi Kredit/Simulasi Kredit - Asuransi/Asuransi_LOV Nama Asuransi'

2019-11-27 06:21:53 - [MESSAGE][WARNING] - Timeout '0' is invalid. Using default page load timeout: '30'

2019-11-27 06:21:58 - [MESSAGE][PASSED] - Tapped on element 'Object Repository/Simulasi Kredit/Simulasi Kredit - Asuransi/Asuransi_LOV Nama Asuransi'

2019-11-27 06:21:58 - [TEST_STEP][PASSED] - delay(1, STOP_ON_FAILURE): Delayed 1 second(s)

2019-11-27 06:21:59 - [MESSAGE][PASSED] - Delayed 1 second(s)

2019-11-27 06:21:59 - [TEST_STEP][PASSED] - tap(findTestObject("Simulasi Kredit/Simulasi Kredit - Asuransi/Asuransi_KDWilayah"), 0): Tapped on element 'Object Repository/Simulasi Kredit/Simulasi Kredit - Asuransi/Asuransi_KDWilayah'

2019-11-27 06:21:59 - [MESSAGE][WARNING] - Timeout '0' is invalid. Using default page load timeout: '30'

2019-11-27 06:22:01 - [MESSAGE][PASSED] - Tapped on element 'Object Repository/Simulasi Kredit/Simulasi Kredit - Asuransi/Asuransi_KDWilayah'

2019-11-27 06:22:01 - [TEST_STEP][PASSED] - tap(findTestObject("dynamic object/pickListItem_checkedTextView", ["text":varKodeWilayah]), 0): Tapped on element 'Object Repository/dynamic object/pickListItem_checkedTextView'

2019-11-27 06:22:01 - [MESSAGE][WARNING] - Timeout '0' is invalid. Using default page load timeout: '30'

2019-11-27 06:22:03 - [MESSAGE][PASSED] - Tapped on element 'Object Repository/dynamic object/pickListItem_checkedTextView'

2019-11-27 06:22:03 - [TEST_STEP][PASSED] - tap(findTestObject("Simulasi Kredit/Simulasi Kredit - Asuransi/asuransi_BtnARPlus"), 0): Tapped on element 'Object Repository/Simulasi Kredit/Simulasi Kredit - Asuransi/asuransi_BtnARPlus'

2019-11-27 06:22:03 - [MESSAGE][WARNING] - Timeout '0' is invalid. Using default page load timeout: '30'

2019-11-27 06:22:05 - [MESSAGE][PASSED] - Tapped on element 'Object Repository/Simulasi Kredit/Simulasi Kredit - Asuransi/asuransi_BtnARPlus'

2019-11-27 06:22:05 - [TEST_STEP][PASSED] - tap(findTestObject("Simulasi Kredit/Simulasi Kredit - Asuransi/asuransi_BtnCashPlus"), 0): Tapped on element 'Object Repository/Simulasi Kredit/Simulasi Kredit - Asuransi/asuransi_BtnCashPlus'

2019-11-27 06:22:05 - [MESSAGE][WARNING] - Timeout '0' is invalid. Using default page load timeout: '30'

2019-11-27 06:22:07 - [MESSAGE][PASSED] - Tapped on element 'Object Repository/Simulasi Kredit/Simulasi Kredit - Asuransi/asuransi_BtnCashPlus'

2019-11-27 06:22:07 - [TEST_STEP][PASSED] - delay(2, STOP_ON_FAILURE): Delayed 2 second(s)

2019-11-27 06:22:09 - [MESSAGE][PASSED] - Delayed 2 second(s)

2019-11-27 06:22:09 - [TEST_STEP][PASSED] - tap(findTestObject("Simulasi Kredit/Simulasi Kredit - Asuransi/Asuransi_Hitung"), 0): Tapped on element 'Object Repository/Simulasi Kredit/Simulasi Kredit - Asuransi/Asuransi_Hitung'

2019-11-27 06:22:09 - [MESSAGE][WARNING] - Timeout '0' is invalid. Using default page load timeout: '30'

2019-11-27 06:22:12 - [MESSAGE][PASSED] - Tapped on element 'Object Repository/Simulasi Kredit/Simulasi Kredit - Asuransi/Asuransi_Hitung'

2019-11-27 06:22:12 - [TEST_STEP][PASSED] - delay(40, STOP_ON_FAILURE): Delayed 40 second(s)

2019-11-27 06:22:52 - [MESSAGE][PASSED] - Delayed 40 second(s)

2019-11-27 06:22:52 - [TEST_STEP][PASSED] - tap(findTestObject("Simulasi Kredit/Simulasi Kredit - Asuransi/Asuransi_Berikutnya"), 0): Tapped on element 'Object Repository/Simulasi Kredit/Simulasi Kredit - Asuransi/Asuransi_Berikutnya'

2019-11-27 06:22:52 - [MESSAGE][WARNING] - Timeout '0' is invalid. Using default page load timeout: '30'

2019-11-27 06:22:55 - [MESSAGE][PASSED] - Tapped on element 'Object Repository/Simulasi Kredit/Simulasi Kredit - Asuransi/Asuransi_Berikutnya'

2019-11-27 06:22:55 - [MESSAGE][PASSED] - Call Test Case 'Test Cases/Data Entry/Simulasi Kredit/Simulasi Kredit - Asuransi/MASTER FLOW/TC_Asuransi - MASTER FLOW' successfully

2019-11-27 06:22:55 - [TEST_STEP][PASSED] - callTestCase(findTestCase("Data Entry/Simulasi Kredit/Kategori Loan/MASTER FLOW/TC_Kategori Loan - Master FLOW"), ["varOpsiNPWP":varOpsiNPWP], STOP_ON_FAILURE): Call Test Case 'Test Cases/Data Entry/Simulasi Kredit/Kategori Loan/MASTER FLOW/TC_Kategori Loan - Master FLOW' successfully

2019-11-27 06:22:55 - [TEST_CASE][PASSED] - Test Cases/Data Entry/Simulasi Kredit/Kategori Loan/MASTER FLOW/TC_Kategori Loan - Master FLOW: Test Cases/Data Entry/Simulasi Kredit/Kategori Loan/MASTER FLOW/TC_Kategori Loan - Master FLOW

2019-11-27 06:22:55 - [TEST_STEP][PASSED] - switch (varOpsiNPWP.toString()): null

2019-11-27 06:22:55 - [TEST_STEP][PASSED] - case "Approval":: null

2019-11-27 06:22:55 - [TEST_STEP][PASSED] - tap(findTestObject("Simulasi Kredit/Simulasi Kredit - Kategori Loan/KategoriLoan_Opsi NPWP Approval"), 0): Tapped on element 'Object Repository/Simulasi Kredit/Simulasi Kredit - Kategori Loan/KategoriLoan_Opsi NPWP Approval'

2019-11-27 06:22:55 - [MESSAGE][WARNING] - Timeout '0' is invalid. Using default page load timeout: '30'

2019-11-27 06:22:58 - [MESSAGE][PASSED] - Tapped on element 'Object Repository/Simulasi Kredit/Simulasi Kredit - Kategori Loan/KategoriLoan_Opsi NPWP Approval'

2019-11-27 06:22:58 - [TEST_STEP][PASSED] - break: null

2019-11-27 06:22:58 - [TEST_STEP][PASSED] - delay(2, STOP_ON_FAILURE): Delayed 2 second(s)

2019-11-27 06:23:00 - [MESSAGE][PASSED] - Delayed 2 second(s)

2019-11-27 06:23:00 - [TEST_STEP][PASSED] - tap(findTestObject("Simulasi Kredit/Simulasi Kredit - Kategori Loan/KategoriLoan_Berikutnya"), 0): Tapped on element 'Object Repository/Simulasi Kredit/Simulasi Kredit - Kategori Loan/KategoriLoan_Berikutnya'

2019-11-27 06:23:00 - [MESSAGE][WARNING] - Timeout '0' is invalid. Using default page load timeout: '30'

2019-11-27 06:23:02 - [MESSAGE][PASSED] - Tapped on element 'Object Repository/Simulasi Kredit/Simulasi Kredit - Kategori Loan/KategoriLoan_Berikutnya'

2019-11-27 06:23:02 - [MESSAGE][PASSED] - Call Test Case 'Test Cases/Data Entry/Simulasi Kredit/Kategori Loan/MASTER FLOW/TC_Kategori Loan - Master FLOW' successfully

2019-11-27 06:23:02 - [TEST_STEP][PASSED] - callTestCase(findTestCase("Data Entry/Simulasi Kredit/Loan Detail/MASTER FLOW/TC_Loan Detail - MASTER FLOW"), [:], STOP_ON_FAILURE): Call Test Case 'Test Cases/Data Entry/Simulasi Kredit/Loan Detail/MASTER FLOW/TC_Loan Detail - MASTER FLOW' successfully

2019-11-27 06:23:02 - [TEST_CASE][PASSED] - Test Cases/Data Entry/Simulasi Kredit/Loan Detail/MASTER FLOW/TC_Loan Detail - MASTER FLOW: Test Cases/Data Entry/Simulasi Kredit/Loan Detail/MASTER FLOW/TC_Loan Detail - MASTER FLOW

2019-11-27 06:23:02 - [TEST_STEP][PASSED] - mobile.mobileSwipe.RightLeft(0.9, 0.5, 600): mobile.mobileSwipe.RightLeft is PASSED

2019-11-27 06:23:03 - [MESSAGE][PASSED] - Current device physical width is 1080

2019-11-27 06:23:04 - [MESSAGE][PASSED] - Current device physical height is 2131

2019-11-27 06:23:04 - [MESSAGE][INFO] - Device Height : 2131

2019-11-27 06:23:04 - [MESSAGE][INFO] - Device Width : 1080

2019-11-27 06:23:04 - [MESSAGE][INFO] - Swipe start at Width : 971

2019-11-27 06:23:04 - [MESSAGE][INFO] - Swipe end at Witdh : 540

2019-11-27 06:23:04 - [MESSAGE][INFO] - Y Position : 600

2019-11-27 06:23:06 - [MESSAGE][PASSED] - Swiped from 971,600 to 540,600

2019-11-27 06:23:06 - [MESSAGE][PASSED] - mobile.mobileSwipe.RightLeft is PASSED

2019-11-27 06:23:06 - [TEST_STEP][PASSED] - delay(3, STOP_ON_FAILURE): Delayed 3 second(s)

2019-11-27 06:23:09 - [MESSAGE][PASSED] - Delayed 3 second(s)

2019-11-27 06:23:09 - [TEST_STEP][PASSED] - mobile.mobileSwipe.UpDown(0.8, 0.4, 1000): mobile.mobileSwipe.UpDown is PASSED

2019-11-27 06:23:10 - [MESSAGE][PASSED] - Current device physical height is 2131

2019-11-27 06:23:10 - [MESSAGE][INFO] - Device Height : 2131

2019-11-27 06:23:11 - [MESSAGE][PASSED] - Current device physical width is 1080

2019-11-27 06:23:11 - [MESSAGE][INFO] - Device Width : 1080

2019-11-27 06:23:11 - [MESSAGE][INFO] - Swipe start at Height : 1704

2019-11-27 06:23:11 - [MESSAGE][INFO] - Swipe end at Height : 852

2019-11-27 06:23:11 - [MESSAGE][INFO] - X Position : 1000

2019-11-27 06:23:13 - [MESSAGE][PASSED] - Swiped from 1,000,1,704 to 1,000,852

2019-11-27 06:23:13 - [MESSAGE][PASSED] - mobile.mobileSwipe.UpDown is PASSED

2019-11-27 06:23:13 - [TEST_STEP][PASSED] - delay(7, STOP_ON_FAILURE): Delayed 7 second(s)

2019-11-27 06:23:20 - [MESSAGE][PASSED] - Delayed 7 second(s)

2019-11-27 06:23:20 - [TEST_STEP][PASSED] - tap(findTestObject("Simulasi Kredit/Simulasi Kredit - Loan Detail/LoanDetail_Hitung"), 0): Tapped on element 'Object Repository/Simulasi Kredit/Simulasi Kredit - Loan Detail/LoanDetail_Hitung'

2019-11-27 06:23:20 - [MESSAGE][WARNING] - Timeout '0' is invalid. Using default page load timeout: '30'

2019-11-27 06:23:23 - [MESSAGE][PASSED] - Tapped on element 'Object Repository/Simulasi Kredit/Simulasi Kredit - Loan Detail/LoanDetail_Hitung'

2019-11-27 06:23:23 - [TEST_STEP][PASSED] - delay(10, STOP_ON_FAILURE): Delayed 10 second(s)

2019-11-27 06:23:33 - [MESSAGE][PASSED] - Delayed 10 second(s)

2019-11-27 06:23:33 - [TEST_STEP][PASSED] - tap(findTestObject("Simulasi Kredit/Simulasi Kredit - Loan Detail/LoanDetail_Berikutnya"), 0): Tapped on element 'Object Repository/Simulasi Kredit/Simulasi Kredit - Loan Detail/LoanDetail_Berikutnya'

2019-11-27 06:23:33 - [MESSAGE][WARNING] - Timeout '0' is invalid. Using default page load timeout: '30'

2019-11-27 06:23:36 - [MESSAGE][PASSED] - Tapped on element 'Object Repository/Simulasi Kredit/Simulasi Kredit - Loan Detail/LoanDetail_Berikutnya'

2019-11-27 06:23:36 - [TEST_STEP][PASSED] - delay(10, STOP_ON_FAILURE): Delayed 10 second(s)

2019-11-27 06:23:46 - [MESSAGE][PASSED] - Delayed 10 second(s)

2019-11-27 06:23:46 - [TEST_STEP][PASSED] - tap(findTestObject("Simulasi Kredit/Simulasi Kredit - Loan Detail/LoanDetail_Berikutnya"), 0): Tapped on element 'Object Repository/Simulasi Kredit/Simulasi Kredit - Loan Detail/LoanDetail_Berikutnya'

2019-11-27 06:23:46 - [MESSAGE][WARNING] - Timeout '0' is invalid. Using default page load timeout: '30'

2019-11-27 06:23:48 - [MESSAGE][PASSED] - Tapped on element 'Object Repository/Simulasi Kredit/Simulasi Kredit - Loan Detail/LoanDetail_Berikutnya'

2019-11-27 06:23:48 - [TEST_STEP][PASSED] - delay(10, STOP_ON_FAILURE): Delayed 10 second(s)

2019-11-27 06:23:58 - [MESSAGE][PASSED] - Delayed 10 second(s)

2019-11-27 06:23:58 - [MESSAGE][PASSED] - Call Test Case 'Test Cases/Data Entry/Simulasi Kredit/Loan Detail/MASTER FLOW/TC_Loan Detail - MASTER FLOW' successfully

2019-11-27 06:23:58 - [TEST_STEP][FAILED] - callTestCase(findTestCase("Data Entry/Upload Document/Borrower/MASTER FLOW/TC_Upload Document - borrower - MASTER FLOW"), ["Borrower_varKTP":Borrower_varKTP], STOP_ON_FAILURE): Unable to call Test Case 'Test Cases/Data Entry/Upload Document/Borrower/MASTER FLOW/TC_Upload Document - borrower - MASTER FLOW' (Root cause: com.kms.katalon.core.exception.StepFailedException: Call Test Case 'Test Cases/Data Entry/Upload Document/Borrower/MASTER FLOW/TC_Upload Document - borrower - MASTER FLOW' failed
	at com.kms.katalon.core.keyword.builtin.CallTestCaseKeyword$_callTestCase_closure1.doCall(CallTestCaseKeyword.groovy:63)
	at com.kms.katalon.core.keyword.builtin.CallTestCaseKeyword$_callTestCase_closure1.call(CallTestCaseKeyword.groovy)
	at com.kms.katalon.core.keyword.internal.KeywordMain.runKeyword(KeywordMain.groovy:68)
	at com.kms.katalon.core.keyword.builtin.CallTestCaseKeyword.callTestCase(CallTestCaseKeyword.groovy:81)
	at com.kms.katalon.core.keyword.builtin.CallTestCaseKeyword.execute(CallTestCaseKeyword.groovy:44)
	at com.kms.katalon.core.keyword.internal.KeywordExecutor.executeKeywordForPlatform(KeywordExecutor.groovy:60)
	at com.kms.katalon.core.keyword.BuiltinKeywords.callTestCase(BuiltinKeywords.groovy:334)
	at TC_Data Entry.run(TC_Data Entry:35)
	at com.kms.katalon.core.main.ScriptEngine.run(ScriptEngine.java:194)
	at com.kms.katalon.core.main.ScriptEngine.runScriptAsRawText(ScriptEngine.java:119)
	at com.kms.katalon.core.main.TestCaseExecutor.runScript(TestCaseExecutor.java:337)
	at com.kms.katalon.core.main.TestCaseExecutor.doExecute(TestCaseExecutor.java:328)
	at com.kms.katalon.core.main.TestCaseExecutor.processExecutionPhase(TestCaseExecutor.java:307)
	at com.kms.katalon.core.main.TestCaseExecutor.accessMainPhase(TestCaseExecutor.java:299)
	at com.kms.katalon.core.main.TestCaseExecutor.execute(TestCaseExecutor.java:233)
	at com.kms.katalon.core.main.TestSuiteExecutor.accessTestCaseMainPhase(TestSuiteExecutor.java:169)
	at com.kms.katalon.core.main.TestSuiteExecutor.accessTestSuiteMainPhase(TestSuiteExecutor.java:142)
	at com.kms.katalon.core.main.TestSuiteExecutor.execute(TestSuiteExecutor.java:91)
	at com.kms.katalon.core.main.TestCaseMain.startTestSuite(TestCaseMain.java:157)
	at com.kms.katalon.core.main.TestCaseMain$startTestSuite$0.call(Unknown Source)
	at TempTestSuite1574807893706.run(TempTestSuite1574807893706.groovy:36)
Caused by: com.kms.katalon.core.exception.StepFailedException: Object Object Repository/Upload Document/Upload Document - Item Upload/UnggahDokumen_BtnKTP not found
	at com.kms.katalon.core.keyword.internal.KeywordMain.stepFailed(KeywordMain.groovy:50)
	at com.kms.katalon.core.mobile.keyword.internal.MobileKeywordMain.stepFailed(MobileKeywordMain.groovy:40)
	at com.kms.katalon.core.mobile.keyword.builtin.TapKeyword$_tap_closure1.doCall(TapKeyword.groovy:79)
	at com.kms.katalon.core.mobile.keyword.builtin.TapKeyword$_tap_closure1.call(TapKeyword.groovy)
	at com.kms.katalon.core.mobile.keyword.internal.MobileKeywordMain.runKeyword(MobileKeywordMain.groovy:21)
	at com.kms.katalon.core.mobile.keyword.builtin.TapKeyword.tap(TapKeyword.groovy:86)
	at com.kms.katalon.core.mobile.keyword.builtin.TapKeyword.execute(TapKeyword.groovy:68)
	at com.kms.katalon.core.keyword.internal.KeywordExecutor.executeKeywordForPlatform(KeywordExecutor.groovy:60)
	at com.kms.katalon.core.mobile.keyword.MobileBuiltInKeywords.tap(MobileBuiltInKeywords.groovy:520)
	at com.kms.katalon.core.mobile.keyword.MobileBuiltInKeywords$tap$1.call(Unknown Source)
	at TC_Upload Document - borrower - MASTER FLOW.run(TC_Upload Document - borrower - MASTER FLOW:16)
	at com.kms.katalon.core.main.ScriptEngine.run(ScriptEngine.java:194)
	at com.kms.katalon.core.main.ScriptEngine.runScriptAsRawText(ScriptEngine.java:119)
	at com.kms.katalon.core.main.TestCaseExecutor.runScript(TestCaseExecutor.java:337)
	at com.kms.katalon.core.main.TestCaseExecutor.doExecute(TestCaseExecutor.java:328)
	at com.kms.katalon.core.main.TestCaseExecutor.processExecutionPhase(TestCaseExecutor.java:307)
	at com.kms.katalon.core.main.TestCaseExecutor.accessMainPhase(TestCaseExecutor.java:299)
	at com.kms.katalon.core.main.TestCaseExecutor.execute(TestCaseExecutor.java:233)
	at com.kms.katalon.core.main.TestCaseMain.runTestCase(TestCaseMain.java:114)
	at com.kms.katalon.core.keyword.builtin.CallTestCaseKeyword$_callTestCase_closure1.doCall(CallTestCaseKeyword.groovy:59)
	... 20 more
)

2019-11-27 06:23:58 - [TEST_CASE][FAILED] - Test Cases/Data Entry/Upload Document/Borrower/MASTER FLOW/TC_Upload Document - borrower - MASTER FLOW: Test Cases/Data Entry/Upload Document/Borrower/MASTER FLOW/TC_Upload Document - borrower - MASTER FLOW FAILED.
Reason:
com.kms.katalon.core.exception.StepFailedException: Object Object Repository/Upload Document/Upload Document - Item Upload/UnggahDokumen_BtnKTP not found
	at com.kms.katalon.core.keyword.internal.KeywordMain.stepFailed(KeywordMain.groovy:50)
	at com.kms.katalon.core.mobile.keyword.internal.MobileKeywordMain.stepFailed(MobileKeywordMain.groovy:40)
	at com.kms.katalon.core.mobile.keyword.builtin.TapKeyword$_tap_closure1.doCall(TapKeyword.groovy:79)
	at com.kms.katalon.core.mobile.keyword.builtin.TapKeyword$_tap_closure1.call(TapKeyword.groovy)
	at com.kms.katalon.core.mobile.keyword.internal.MobileKeywordMain.runKeyword(MobileKeywordMain.groovy:21)
	at com.kms.katalon.core.mobile.keyword.builtin.TapKeyword.tap(TapKeyword.groovy:86)
	at com.kms.katalon.core.mobile.keyword.builtin.TapKeyword.execute(TapKeyword.groovy:68)
	at com.kms.katalon.core.keyword.internal.KeywordExecutor.executeKeywordForPlatform(KeywordExecutor.groovy:60)
	at com.kms.katalon.core.mobile.keyword.MobileBuiltInKeywords.tap(MobileBuiltInKeywords.groovy:520)
	at com.kms.katalon.core.mobile.keyword.MobileBuiltInKeywords$tap$1.call(Unknown Source)
	at TC_Upload Document - borrower - MASTER FLOW.run(TC_Upload Document - borrower - MASTER FLOW:16)
	at com.kms.katalon.core.main.ScriptEngine.run(ScriptEngine.java:194)
	at com.kms.katalon.core.main.ScriptEngine.runScriptAsRawText(ScriptEngine.java:119)
	at com.kms.katalon.core.main.TestCaseExecutor.runScript(TestCaseExecutor.java:337)
	at com.kms.katalon.core.main.TestCaseExecutor.doExecute(TestCaseExecutor.java:328)
	at com.kms.katalon.core.main.TestCaseExecutor.processExecutionPhase(TestCaseExecutor.java:307)
	at com.kms.katalon.core.main.TestCaseExecutor.accessMainPhase(TestCaseExecutor.java:299)
	at com.kms.katalon.core.main.TestCaseExecutor.execute(TestCaseExecutor.java:233)
	at com.kms.katalon.core.main.TestCaseMain.runTestCase(TestCaseMain.java:114)
	at com.kms.katalon.core.keyword.builtin.CallTestCaseKeyword$_callTestCase_closure1.doCall(CallTestCaseKeyword.groovy:59)
	at com.kms.katalon.core.keyword.builtin.CallTestCaseKeyword$_callTestCase_closure1.call(CallTestCaseKeyword.groovy)
	at com.kms.katalon.core.keyword.internal.KeywordMain.runKeyword(KeywordMain.groovy:68)
	at com.kms.katalon.core.keyword.builtin.CallTestCaseKeyword.callTestCase(CallTestCaseKeyword.groovy:81)
	at com.kms.katalon.core.keyword.builtin.CallTestCaseKeyword.execute(CallTestCaseKeyword.groovy:44)
	at com.kms.katalon.core.keyword.internal.KeywordExecutor.executeKeywordForPlatform(KeywordExecutor.groovy:60)
	at com.kms.katalon.core.keyword.BuiltinKeywords.callTestCase(BuiltinKeywords.groovy:334)
	at TC_Data Entry.run(TC_Data Entry:35)
	at com.kms.katalon.core.main.ScriptEngine.run(ScriptEngine.java:194)
	at com.kms.katalon.core.main.ScriptEngine.runScriptAsRawText(ScriptEngine.java:119)
	at com.kms.katalon.core.main.TestCaseExecutor.runScript(TestCaseExecutor.java:337)
	at com.kms.katalon.core.main.TestCaseExecutor.doExecute(TestCaseExecutor.java:328)
	at com.kms.katalon.core.main.TestCaseExecutor.processExecutionPhase(TestCaseExecutor.java:307)
	at com.kms.katalon.core.main.TestCaseExecutor.accessMainPhase(TestCaseExecutor.java:299)
	at com.kms.katalon.core.main.TestCaseExecutor.execute(TestCaseExecutor.java:233)
	at com.kms.katalon.core.main.TestSuiteExecutor.accessTestCaseMainPhase(TestSuiteExecutor.java:169)
	at com.kms.katalon.core.main.TestSuiteExecutor.accessTestSuiteMainPhase(TestSuiteExecutor.java:142)
	at com.kms.katalon.core.main.TestSuiteExecutor.execute(TestSuiteExecutor.java:91)
	at com.kms.katalon.core.main.TestCaseMain.startTestSuite(TestCaseMain.java:157)
	at com.kms.katalon.core.main.TestCaseMain$startTestSuite$0.call(Unknown Source)
	at TempTestSuite1574807893706.run(TempTestSuite1574807893706.groovy:36)


2019-11-27 06:23:58 - [TEST_STEP][FAILED] - tap(findTestObject("Upload Document/Upload Document - Item Upload/UnggahDokumen_BtnKTP"), 0): Failed to tap on element 'Object Repository/Upload Document/Upload Document - Item Upload/UnggahDokumen_BtnKTP' (Root cause: com.kms.katalon.core.exception.StepFailedException: Object Object Repository/Upload Document/Upload Document - Item Upload/UnggahDokumen_BtnKTP not found
	at com.kms.katalon.core.keyword.internal.KeywordMain.stepFailed(KeywordMain.groovy:50)
	at com.kms.katalon.core.mobile.keyword.internal.MobileKeywordMain.stepFailed(MobileKeywordMain.groovy:40)
	at com.kms.katalon.core.mobile.keyword.builtin.TapKeyword$_tap_closure1.doCall(TapKeyword.groovy:79)
	at com.kms.katalon.core.mobile.keyword.builtin.TapKeyword$_tap_closure1.call(TapKeyword.groovy)
	at com.kms.katalon.core.mobile.keyword.internal.MobileKeywordMain.runKeyword(MobileKeywordMain.groovy:21)
	at com.kms.katalon.core.mobile.keyword.builtin.TapKeyword.tap(TapKeyword.groovy:86)
	at com.kms.katalon.core.mobile.keyword.builtin.TapKeyword.execute(TapKeyword.groovy:68)
	at com.kms.katalon.core.keyword.internal.KeywordExecutor.executeKeywordForPlatform(KeywordExecutor.groovy:60)
	at com.kms.katalon.core.mobile.keyword.MobileBuiltInKeywords.tap(MobileBuiltInKeywords.groovy:520)
	at com.kms.katalon.core.mobile.keyword.MobileBuiltInKeywords$tap$1.call(Unknown Source)
	at TC_Upload Document - borrower - MASTER FLOW.run(TC_Upload Document - borrower - MASTER FLOW:16)
	at com.kms.katalon.core.main.ScriptEngine.run(ScriptEngine.java:194)
	at com.kms.katalon.core.main.ScriptEngine.runScriptAsRawText(ScriptEngine.java:119)
	at com.kms.katalon.core.main.TestCaseExecutor.runScript(TestCaseExecutor.java:337)
	at com.kms.katalon.core.main.TestCaseExecutor.doExecute(TestCaseExecutor.java:328)
	at com.kms.katalon.core.main.TestCaseExecutor.processExecutionPhase(TestCaseExecutor.java:307)
	at com.kms.katalon.core.main.TestCaseExecutor.accessMainPhase(TestCaseExecutor.java:299)
	at com.kms.katalon.core.main.TestCaseExecutor.execute(TestCaseExecutor.java:233)
	at com.kms.katalon.core.main.TestCaseMain.runTestCase(TestCaseMain.java:114)
	at com.kms.katalon.core.keyword.builtin.CallTestCaseKeyword$_callTestCase_closure1.doCall(CallTestCaseKeyword.groovy:59)
	at com.kms.katalon.core.keyword.builtin.CallTestCaseKeyword$_callTestCase_closure1.call(CallTestCaseKeyword.groovy)
	at com.kms.katalon.core.keyword.internal.KeywordMain.runKeyword(KeywordMain.groovy:68)
	at com.kms.katalon.core.keyword.builtin.CallTestCaseKeyword.callTestCase(CallTestCaseKeyword.groovy:81)
	at com.kms.katalon.core.keyword.builtin.CallTestCaseKeyword.execute(CallTestCaseKeyword.groovy:44)
	at com.kms.katalon.core.keyword.internal.KeywordExecutor.executeKeywordForPlatform(KeywordExecutor.groovy:60)
	at com.kms.katalon.core.keyword.BuiltinKeywords.callTestCase(BuiltinKeywords.groovy:334)
	at TC_Data Entry.run(TC_Data Entry:35)
	at com.kms.katalon.core.main.ScriptEngine.run(ScriptEngine.java:194)
	at com.kms.katalon.core.main.ScriptEngine.runScriptAsRawText(ScriptEngine.java:119)
	at com.kms.katalon.core.main.TestCaseExecutor.runScript(TestCaseExecutor.java:337)
	at com.kms.katalon.core.main.TestCaseExecutor.doExecute(TestCaseExecutor.java:328)
	at com.kms.katalon.core.main.TestCaseExecutor.processExecutionPhase(TestCaseExecutor.java:307)
	at com.kms.katalon.core.main.TestCaseExecutor.accessMainPhase(TestCaseExecutor.java:299)
	at com.kms.katalon.core.main.TestCaseExecutor.execute(TestCaseExecutor.java:233)
	at com.kms.katalon.core.main.TestSuiteExecutor.accessTestCaseMainPhase(TestSuiteExecutor.java:169)
	at com.kms.katalon.core.main.TestSuiteExecutor.accessTestSuiteMainPhase(TestSuiteExecutor.java:142)
	at com.kms.katalon.core.main.TestSuiteExecutor.execute(TestSuiteExecutor.java:91)
	at com.kms.katalon.core.main.TestCaseMain.startTestSuite(TestCaseMain.java:157)
	at com.kms.katalon.core.main.TestCaseMain$startTestSuite$0.call(Unknown Source)
	at TempTestSuite1574807893706.run(TempTestSuite1574807893706.groovy:36)
)

2019-11-27 06:23:58 - [MESSAGE][WARNING] - Timeout '0' is invalid. Using default page load timeout: '30'

2019-11-27 06:24:30 - [MESSAGE][FAILED] - Object Object Repository/Upload Document/Upload Document - Item Upload/UnggahDokumen_BtnKTP not found
[[ATTACHMENT|C:\\Users\\15420\\git\\ACCME-Dupcheck\\Reports\\20191127_053813\\data entry dupcek\\20191127_053813\\1574810668841.png]]

2019-11-27 06:24:31 - [MESSAGE][FAILED] - Failed to tap on element 'Object Repository/Upload Document/Upload Document - Item Upload/UnggahDokumen_BtnKTP' (Root cause: com.kms.katalon.core.exception.StepFailedException: Object Object Repository/Upload Document/Upload Document - Item Upload/UnggahDokumen_BtnKTP not found
	at com.kms.katalon.core.keyword.internal.KeywordMain.stepFailed(KeywordMain.groovy:50)
	at com.kms.katalon.core.mobile.keyword.internal.MobileKeywordMain.stepFailed(MobileKeywordMain.groovy:40)
	at com.kms.katalon.core.mobile.keyword.builtin.TapKeyword$_tap_closure1.doCall(TapKeyword.groovy:79)
	at com.kms.katalon.core.mobile.keyword.builtin.TapKeyword$_tap_closure1.call(TapKeyword.groovy)
	at com.kms.katalon.core.mobile.keyword.internal.MobileKeywordMain.runKeyword(MobileKeywordMain.groovy:21)
	at com.kms.katalon.core.mobile.keyword.builtin.TapKeyword.tap(TapKeyword.groovy:86)
	at com.kms.katalon.core.mobile.keyword.builtin.TapKeyword.execute(TapKeyword.groovy:68)
	at com.kms.katalon.core.keyword.internal.KeywordExecutor.executeKeywordForPlatform(KeywordExecutor.groovy:60)
	at com.kms.katalon.core.mobile.keyword.MobileBuiltInKeywords.tap(MobileBuiltInKeywords.groovy:520)
	at com.kms.katalon.core.mobile.keyword.MobileBuiltInKeywords$tap$1.call(Unknown Source)
	at TC_Upload Document - borrower - MASTER FLOW.run(TC_Upload Document - borrower - MASTER FLOW:16)
	at com.kms.katalon.core.main.ScriptEngine.run(ScriptEngine.java:194)
	at com.kms.katalon.core.main.ScriptEngine.runScriptAsRawText(ScriptEngine.java:119)
	at com.kms.katalon.core.main.TestCaseExecutor.runScript(TestCaseExecutor.java:337)
	at com.kms.katalon.core.main.TestCaseExecutor.doExecute(TestCaseExecutor.java:328)
	at com.kms.katalon.core.main.TestCaseExecutor.processExecutionPhase(TestCaseExecutor.java:307)
	at com.kms.katalon.core.main.TestCaseExecutor.accessMainPhase(TestCaseExecutor.java:299)
	at com.kms.katalon.core.main.TestCaseExecutor.execute(TestCaseExecutor.java:233)
	at com.kms.katalon.core.main.TestCaseMain.runTestCase(TestCaseMain.java:114)
	at com.kms.katalon.core.keyword.builtin.CallTestCaseKeyword$_callTestCase_closure1.doCall(CallTestCaseKeyword.groovy:59)
	at com.kms.katalon.core.keyword.builtin.CallTestCaseKeyword$_callTestCase_closure1.call(CallTestCaseKeyword.groovy)
	at com.kms.katalon.core.keyword.internal.KeywordMain.runKeyword(KeywordMain.groovy:68)
	at com.kms.katalon.core.keyword.builtin.CallTestCaseKeyword.callTestCase(CallTestCaseKeyword.groovy:81)
	at com.kms.katalon.core.keyword.builtin.CallTestCaseKeyword.execute(CallTestCaseKeyword.groovy:44)
	at com.kms.katalon.core.keyword.internal.KeywordExecutor.executeKeywordForPlatform(KeywordExecutor.groovy:60)
	at com.kms.katalon.core.keyword.BuiltinKeywords.callTestCase(BuiltinKeywords.groovy:334)
	at TC_Data Entry.run(TC_Data Entry:35)
	at com.kms.katalon.core.main.ScriptEngine.run(ScriptEngine.java:194)
	at com.kms.katalon.core.main.ScriptEngine.runScriptAsRawText(ScriptEngine.java:119)
	at com.kms.katalon.core.main.TestCaseExecutor.runScript(TestCaseExecutor.java:337)
	at com.kms.katalon.core.main.TestCaseExecutor.doExecute(TestCaseExecutor.java:328)
	at com.kms.katalon.core.main.TestCaseExecutor.processExecutionPhase(TestCaseExecutor.java:307)
	at com.kms.katalon.core.main.TestCaseExecutor.accessMainPhase(TestCaseExecutor.java:299)
	at com.kms.katalon.core.main.TestCaseExecutor.execute(TestCaseExecutor.java:233)
	at com.kms.katalon.core.main.TestSuiteExecutor.accessTestCaseMainPhase(TestSuiteExecutor.java:169)
	at com.kms.katalon.core.main.TestSuiteExecutor.accessTestSuiteMainPhase(TestSuiteExecutor.java:142)
	at com.kms.katalon.core.main.TestSuiteExecutor.execute(TestSuiteExecutor.java:91)
	at com.kms.katalon.core.main.TestCaseMain.startTestSuite(TestCaseMain.java:157)
	at com.kms.katalon.core.main.TestCaseMain$startTestSuite$0.call(Unknown Source)
	at TempTestSuite1574807893706.run(TempTestSuite1574807893706.groovy:36)
)
[[ATTACHMENT|C:\\Users\\15420\\git\\ACCME-Dupcheck\\Reports\\20191127_053813\\data entry dupcek\\20191127_053813\\1574810670247.png]]

2019-11-27 06:24:31 - [MESSAGE][FAILED] - Unable to call Test Case 'Test Cases/Data Entry/Upload Document/Borrower/MASTER FLOW/TC_Upload Document - borrower - MASTER FLOW' (Root cause: com.kms.katalon.core.exception.StepFailedException: Call Test Case 'Test Cases/Data Entry/Upload Document/Borrower/MASTER FLOW/TC_Upload Document - borrower - MASTER FLOW' failed
	at com.kms.katalon.core.keyword.builtin.CallTestCaseKeyword$_callTestCase_closure1.doCall(CallTestCaseKeyword.groovy:63)
	at com.kms.katalon.core.keyword.builtin.CallTestCaseKeyword$_callTestCase_closure1.call(CallTestCaseKeyword.groovy)
	at com.kms.katalon.core.keyword.internal.KeywordMain.runKeyword(KeywordMain.groovy:68)
	at com.kms.katalon.core.keyword.builtin.CallTestCaseKeyword.callTestCase(CallTestCaseKeyword.groovy:81)
	at com.kms.katalon.core.keyword.builtin.CallTestCaseKeyword.execute(CallTestCaseKeyword.groovy:44)
	at com.kms.katalon.core.keyword.internal.KeywordExecutor.executeKeywordForPlatform(KeywordExecutor.groovy:60)
	at com.kms.katalon.core.keyword.BuiltinKeywords.callTestCase(BuiltinKeywords.groovy:334)
	at TC_Data Entry.run(TC_Data Entry:35)
	at com.kms.katalon.core.main.ScriptEngine.run(ScriptEngine.java:194)
	at com.kms.katalon.core.main.ScriptEngine.runScriptAsRawText(ScriptEngine.java:119)
	at com.kms.katalon.core.main.TestCaseExecutor.runScript(TestCaseExecutor.java:337)
	at com.kms.katalon.core.main.TestCaseExecutor.doExecute(TestCaseExecutor.java:328)
	at com.kms.katalon.core.main.TestCaseExecutor.processExecutionPhase(TestCaseExecutor.java:307)
	at com.kms.katalon.core.main.TestCaseExecutor.accessMainPhase(TestCaseExecutor.java:299)
	at com.kms.katalon.core.main.TestCaseExecutor.execute(TestCaseExecutor.java:233)
	at com.kms.katalon.core.main.TestSuiteExecutor.accessTestCaseMainPhase(TestSuiteExecutor.java:169)
	at com.kms.katalon.core.main.TestSuiteExecutor.accessTestSuiteMainPhase(TestSuiteExecutor.java:142)
	at com.kms.katalon.core.main.TestSuiteExecutor.execute(TestSuiteExecutor.java:91)
	at com.kms.katalon.core.main.TestCaseMain.startTestSuite(TestCaseMain.java:157)
	at com.kms.katalon.core.main.TestCaseMain$startTestSuite$0.call(Unknown Source)
	at TempTestSuite1574807893706.run(TempTestSuite1574807893706.groovy:36)
Caused by: com.kms.katalon.core.exception.StepFailedException: Object Object Repository/Upload Document/Upload Document - Item Upload/UnggahDokumen_BtnKTP not found
	at com.kms.katalon.core.keyword.internal.KeywordMain.stepFailed(KeywordMain.groovy:50)
	at com.kms.katalon.core.mobile.keyword.internal.MobileKeywordMain.stepFailed(MobileKeywordMain.groovy:40)
	at com.kms.katalon.core.mobile.keyword.builtin.TapKeyword$_tap_closure1.doCall(TapKeyword.groovy:79)
	at com.kms.katalon.core.mobile.keyword.builtin.TapKeyword$_tap_closure1.call(TapKeyword.groovy)
	at com.kms.katalon.core.mobile.keyword.internal.MobileKeywordMain.runKeyword(MobileKeywordMain.groovy:21)
	at com.kms.katalon.core.mobile.keyword.builtin.TapKeyword.tap(TapKeyword.groovy:86)
	at com.kms.katalon.core.mobile.keyword.builtin.TapKeyword.execute(TapKeyword.groovy:68)
	at com.kms.katalon.core.keyword.internal.KeywordExecutor.executeKeywordForPlatform(KeywordExecutor.groovy:60)
	at com.kms.katalon.core.mobile.keyword.MobileBuiltInKeywords.tap(MobileBuiltInKeywords.groovy:520)
	at com.kms.katalon.core.mobile.keyword.MobileBuiltInKeywords$tap$1.call(Unknown Source)
	at TC_Upload Document - borrower - MASTER FLOW.run(TC_Upload Document - borrower - MASTER FLOW:16)
	at com.kms.katalon.core.main.ScriptEngine.run(ScriptEngine.java:194)
	at com.kms.katalon.core.main.ScriptEngine.runScriptAsRawText(ScriptEngine.java:119)
	at com.kms.katalon.core.main.TestCaseExecutor.runScript(TestCaseExecutor.java:337)
	at com.kms.katalon.core.main.TestCaseExecutor.doExecute(TestCaseExecutor.java:328)
	at com.kms.katalon.core.main.TestCaseExecutor.processExecutionPhase(TestCaseExecutor.java:307)
	at com.kms.katalon.core.main.TestCaseExecutor.accessMainPhase(TestCaseExecutor.java:299)
	at com.kms.katalon.core.main.TestCaseExecutor.execute(TestCaseExecutor.java:233)
	at com.kms.katalon.core.main.TestCaseMain.runTestCase(TestCaseMain.java:114)
	at com.kms.katalon.core.keyword.builtin.CallTestCaseKeyword$_callTestCase_closure1.doCall(CallTestCaseKeyword.groovy:59)
	... 20 more
)]]></system-out>
         <system-err><![CDATA[2019-11-27 06:19:09 - [TEST_CASE][FAILED] - Test Cases/Data Entry/TC_Data Entry: Test Cases/Data Entry/TC_Data Entry FAILED.
Reason:
com.kms.katalon.core.exception.StepFailedException: Call Test Case 'Test Cases/Data Entry/Upload Document/Borrower/MASTER FLOW/TC_Upload Document - borrower - MASTER FLOW' failed
	at com.kms.katalon.core.keyword.builtin.CallTestCaseKeyword$_callTestCase_closure1.doCall(CallTestCaseKeyword.groovy:63)
	at com.kms.katalon.core.keyword.builtin.CallTestCaseKeyword$_callTestCase_closure1.call(CallTestCaseKeyword.groovy)
	at com.kms.katalon.core.keyword.internal.KeywordMain.runKeyword(KeywordMain.groovy:68)
	at com.kms.katalon.core.keyword.builtin.CallTestCaseKeyword.callTestCase(CallTestCaseKeyword.groovy:81)
	at com.kms.katalon.core.keyword.builtin.CallTestCaseKeyword.execute(CallTestCaseKeyword.groovy:44)
	at com.kms.katalon.core.keyword.internal.KeywordExecutor.executeKeywordForPlatform(KeywordExecutor.groovy:60)
	at com.kms.katalon.core.keyword.BuiltinKeywords.callTestCase(BuiltinKeywords.groovy:334)
	at TC_Data Entry.run(TC_Data Entry:35)
	at com.kms.katalon.core.main.ScriptEngine.run(ScriptEngine.java:194)
	at com.kms.katalon.core.main.ScriptEngine.runScriptAsRawText(ScriptEngine.java:119)
	at com.kms.katalon.core.main.TestCaseExecutor.runScript(TestCaseExecutor.java:337)
	at com.kms.katalon.core.main.TestCaseExecutor.doExecute(TestCaseExecutor.java:328)
	at com.kms.katalon.core.main.TestCaseExecutor.processExecutionPhase(TestCaseExecutor.java:307)
	at com.kms.katalon.core.main.TestCaseExecutor.accessMainPhase(TestCaseExecutor.java:299)
	at com.kms.katalon.core.main.TestCaseExecutor.execute(TestCaseExecutor.java:233)
	at com.kms.katalon.core.main.TestSuiteExecutor.accessTestCaseMainPhase(TestSuiteExecutor.java:169)
	at com.kms.katalon.core.main.TestSuiteExecutor.accessTestSuiteMainPhase(TestSuiteExecutor.java:142)
	at com.kms.katalon.core.main.TestSuiteExecutor.execute(TestSuiteExecutor.java:91)
	at com.kms.katalon.core.main.TestCaseMain.startTestSuite(TestCaseMain.java:157)
	at com.kms.katalon.core.main.TestCaseMain$startTestSuite$0.call(Unknown Source)
	at TempTestSuite1574807893706.run(TempTestSuite1574807893706.groovy:36)
Caused by: com.kms.katalon.core.exception.StepFailedException: Object Object Repository/Upload Document/Upload Document - Item Upload/UnggahDokumen_BtnKTP not found
	at com.kms.katalon.core.keyword.internal.KeywordMain.stepFailed(KeywordMain.groovy:50)
	at com.kms.katalon.core.mobile.keyword.internal.MobileKeywordMain.stepFailed(MobileKeywordMain.groovy:40)
	at com.kms.katalon.core.mobile.keyword.builtin.TapKeyword$_tap_closure1.doCall(TapKeyword.groovy:79)
	at com.kms.katalon.core.mobile.keyword.builtin.TapKeyword$_tap_closure1.call(TapKeyword.groovy)
	at com.kms.katalon.core.mobile.keyword.internal.MobileKeywordMain.runKeyword(MobileKeywordMain.groovy:21)
	at com.kms.katalon.core.mobile.keyword.builtin.TapKeyword.tap(TapKeyword.groovy:86)
	at com.kms.katalon.core.mobile.keyword.builtin.TapKeyword.execute(TapKeyword.groovy:68)
	at com.kms.katalon.core.keyword.internal.KeywordExecutor.executeKeywordForPlatform(KeywordExecutor.groovy:60)
	at com.kms.katalon.core.mobile.keyword.MobileBuiltInKeywords.tap(MobileBuiltInKeywords.groovy:520)
	at com.kms.katalon.core.mobile.keyword.MobileBuiltInKeywords$tap$1.call(Unknown Source)
	at TC_Upload Document - borrower - MASTER FLOW.run(TC_Upload Document - borrower - MASTER FLOW:16)
	at com.kms.katalon.core.main.ScriptEngine.run(ScriptEngine.java:194)
	at com.kms.katalon.core.main.ScriptEngine.runScriptAsRawText(ScriptEngine.java:119)
	at com.kms.katalon.core.main.TestCaseExecutor.runScript(TestCaseExecutor.java:337)
	at com.kms.katalon.core.main.TestCaseExecutor.doExecute(TestCaseExecutor.java:328)
	at com.kms.katalon.core.main.TestCaseExecutor.processExecutionPhase(TestCaseExecutor.java:307)
	at com.kms.katalon.core.main.TestCaseExecutor.accessMainPhase(TestCaseExecutor.java:299)
	at com.kms.katalon.core.main.TestCaseExecutor.execute(TestCaseExecutor.java:233)
	at com.kms.katalon.core.main.TestCaseMain.runTestCase(TestCaseMain.java:114)
	at com.kms.katalon.core.keyword.builtin.CallTestCaseKeyword$_callTestCase_closure1.doCall(CallTestCaseKeyword.groovy:59)
	... 20 more]]></system-err>
      </testcase>
      <testcase name="Test Cases/Data Entry/TC_Data Entry" time="284.762" classname="Test Cases/Data Entry/TC_Data Entry" status="FAILED">
         <failure type="FAILED" message="Test Cases/Data Entry/TC_Data Entry FAILED.
Reason:
com.kms.katalon.core.exception.StepFailedException: Call Test Case 'Test Cases/Data Entry/Upload Document/Borrower/MASTER FLOW/TC_Upload Document - borrower - MASTER FLOW' failed
	at com.kms.katalon.core.keyword.builtin.CallTestCaseKeyword$_callTestCase_closure1.doCall(CallTestCaseKeyword.groovy:63)
	at com.kms.katalon.core.keyword.builtin.CallTestCaseKeyword$_callTestCase_closure1.call(CallTestCaseKeyword.groovy)
	at com.kms.katalon.core.keyword.internal.KeywordMain.runKeyword(KeywordMain.groovy:68)
	at com.kms.katalon.core.keyword.builtin.CallTestCaseKeyword.callTestCase(CallTestCaseKeyword.groovy:81)
	at com.kms.katalon.core.keyword.builtin.CallTestCaseKeyword.execute(CallTestCaseKeyword.groovy:44)
	at com.kms.katalon.core.keyword.internal.KeywordExecutor.executeKeywordForPlatform(KeywordExecutor.groovy:60)
	at com.kms.katalon.core.keyword.BuiltinKeywords.callTestCase(BuiltinKeywords.groovy:334)
	at TC_Data Entry.run(TC_Data Entry:35)
	at com.kms.katalon.core.main.ScriptEngine.run(ScriptEngine.java:194)
	at com.kms.katalon.core.main.ScriptEngine.runScriptAsRawText(ScriptEngine.java:119)
	at com.kms.katalon.core.main.TestCaseExecutor.runScript(TestCaseExecutor.java:337)
	at com.kms.katalon.core.main.TestCaseExecutor.doExecute(TestCaseExecutor.java:328)
	at com.kms.katalon.core.main.TestCaseExecutor.processExecutionPhase(TestCaseExecutor.java:307)
	at com.kms.katalon.core.main.TestCaseExecutor.accessMainPhase(TestCaseExecutor.java:299)
	at com.kms.katalon.core.main.TestCaseExecutor.execute(TestCaseExecutor.java:233)
	at com.kms.katalon.core.main.TestSuiteExecutor.accessTestCaseMainPhase(TestSuiteExecutor.java:169)
	at com.kms.katalon.core.main.TestSuiteExecutor.accessTestSuiteMainPhase(TestSuiteExecutor.java:142)
	at com.kms.katalon.core.main.TestSuiteExecutor.execute(TestSuiteExecutor.java:91)
	at com.kms.katalon.core.main.TestCaseMain.startTestSuite(TestCaseMain.java:157)
	at com.kms.katalon.core.main.TestCaseMain$startTestSuite$0.call(Unknown Source)
	at TempTestSuite1574807893706.run(TempTestSuite1574807893706.groovy:36)
Caused by: com.kms.katalon.core.exception.StepFailedException: Failed to tap on element 'Object Repository/Upload Document/Upload Document - Item Upload/UnggahDokumen_BtnKTP' (Root cause: org.openqa.selenium.WebDriverException: An unknown server-side error occurred while processing the command. Original error: Could not proxy. Proxy error: Could not proxy command to remote server. Original error: Error: socket hang up
Build info: version: '3.141.59', revision: 'e82be7d358', time: '2018-11-14T08:25:53'
System info: host: 'FATITQC15420L', ip: '192.168.1.11', os.name: 'Windows 10', os.arch: 'amd64', os.version: '10.0', java.version: '1.8.0_181'
Driver info: com.kms.katalon.core.appium.driver.SwipeableAndroidDriver
Capabilities {app: C:\Users\15420\git\ACCME-Du..., appPackage: com.outsystemsenterprise.ac..., autoGrantPermissions: true, automationName: uiautomator2, databaseEnabled: false, desired: {app: C:\Users\15420\git\ACCME-Du..., autoGrantPermissions: true, automationName: uiautomator2, deviceId: , deviceName: samsung SM-A505F (Android 9), fullReset: false, newCommandTimeout: 1800, noReset: true, platform: ANDROID, platformName: android, platformVersion: 9, resetKeyboard: true, systemPort: 57782, udid: RR8M30NJT6T, unicodeKeyboard: true}, deviceApiLevel: 28, deviceId: , deviceManufacturer: samsung, deviceModel: SM-A505F, deviceName: RR8M30NJT6T, deviceScreenDensity: 420, deviceScreenSize: 1080x2340, deviceUDID: RR8M30NJT6T, fullReset: false, javascriptEnabled: true, locationContextEnabled: false, networkConnectionEnabled: true, newCommandTimeout: 1800, noReset: true, pixelRatio: 2.625, platform: ANDROID, platformName: Android, platformVersion: 9, resetKeyboard: true, statBarHeight: 83, systemPort: 57782, takesScreenshot: true, udid: RR8M30NJT6T, unicodeKeyboard: true, viewportRect: {height: 2048, left: 0, top: 83, width: 1080}, warnings: {}, webStorageEnabled: false}
Session ID: 76798100-b292-4e1a-902b-7ef53b3bed43
	at org.openqa.selenium.remote.http.W3CHttpResponseCodec.createException(W3CHttpResponseCodec.java:187)
	at org.openqa.selenium.remote.http.W3CHttpResponseCodec.decode(W3CHttpResponseCodec.java:122)
	at org.openqa.selenium.remote.http.W3CHttpResponseCodec.decode(W3CHttpResponseCodec.java:49)
	at org.openqa.selenium.remote.HttpCommandExecutor.execute(HttpCommandExecutor.java:158)
	at io.appium.java_client.remote.AppiumCommandExecutor.execute(AppiumCommandExecutor.java:239)
	at org.openqa.selenium.remote.RemoteWebDriver.execute(RemoteWebDriver.java:552)
	at io.appium.java_client.DefaultGenericMobileDriver.execute(DefaultGenericMobileDriver.java:42)
	at io.appium.java_client.AppiumDriver.execute(AppiumDriver.java:1)
	at io.appium.java_client.android.AndroidDriver.execute(AndroidDriver.java:1)
	at com.kms.katalon.core.appium.driver.SwipeableAndroidDriver.execute(SwipeableAndroidDriver.java:1)
	at org.openqa.selenium.remote.RemoteWebElement.execute(RemoteWebElement.java:285)
	at io.appium.java_client.DefaultGenericMobileElement.execute(DefaultGenericMobileElement.java:45)
	at io.appium.java_client.MobileElement.execute(MobileElement.java:1)
	at io.appium.java_client.android.AndroidElement.execute(AndroidElement.java:1)
	at org.openqa.selenium.remote.RemoteWebElement.getLocation(RemoteWebElement.java:337)
	at org.openqa.selenium.WebElement$getLocation.call(Unknown Source)
	at com.kms.katalon.core.mobile.keyword.internal.MobileAbstractKeyword.findElement(MobileAbstractKeyword.groovy:86)
	at com.kms.katalon.core.mobile.keyword.builtin.TapKeyword$_tap_closure1.doCall(TapKeyword.groovy:76)
	at com.kms.katalon.core.mobile.keyword.builtin.TapKeyword$_tap_closure1.call(TapKeyword.groovy)
	at com.kms.katalon.core.mobile.keyword.internal.MobileKeywordMain.runKeyword(MobileKeywordMain.groovy:21)
	at com.kms.katalon.core.mobile.keyword.builtin.TapKeyword.tap(TapKeyword.groovy:86)
	at com.kms.katalon.core.mobile.keyword.builtin.TapKeyword.execute(TapKeyword.groovy:68)
	at com.kms.katalon.core.keyword.internal.KeywordExecutor.executeKeywordForPlatform(KeywordExecutor.groovy:60)
	at com.kms.katalon.core.mobile.keyword.MobileBuiltInKeywords.tap(MobileBuiltInKeywords.groovy:520)
	at com.kms.katalon.core.mobile.keyword.MobileBuiltInKeywords$tap$1.call(Unknown Source)
	at TC_Upload Document - borrower - MASTER FLOW.run(TC_Upload Document - borrower - MASTER FLOW:16)
	at com.kms.katalon.core.main.ScriptEngine.run(ScriptEngine.java:194)
	at com.kms.katalon.core.main.ScriptEngine.runScriptAsRawText(ScriptEngine.java:119)
	at com.kms.katalon.core.main.TestCaseExecutor.runScript(TestCaseExecutor.java:337)
	at com.kms.katalon.core.main.TestCaseExecutor.doExecute(TestCaseExecutor.java:328)
	at com.kms.katalon.core.main.TestCaseExecutor.processExecutionPhase(TestCaseExecutor.java:307)
	at com.kms.katalon.core.main.TestCaseExecutor.accessMainPhase(TestCaseExecutor.java:299)
	at com.kms.katalon.core.main.TestCaseExecutor.execute(TestCaseExecutor.java:233)
	at com.kms.katalon.core.main.TestCaseMain.runTestCase(TestCaseMain.java:114)
	at com.kms.katalon.core.keyword.builtin.CallTestCaseKeyword$_callTestCase_closure1.doCall(CallTestCaseKeyword.groovy:59)
	at com.kms.katalon.core.keyword.builtin.CallTestCaseKeyword$_callTestCase_closure1.call(CallTestCaseKeyword.groovy)
	at com.kms.katalon.core.keyword.internal.KeywordMain.runKeyword(KeywordMain.groovy:68)
	at com.kms.katalon.core.keyword.builtin.CallTestCaseKeyword.callTestCase(CallTestCaseKeyword.groovy:81)
	at com.kms.katalon.core.keyword.builtin.CallTestCaseKeyword.execute(CallTestCaseKeyword.groovy:44)
	at com.kms.katalon.core.keyword.internal.KeywordExecutor.executeKeywordForPlatform(KeywordExecutor.groovy:60)
	at com.kms.katalon.core.keyword.BuiltinKeywords.callTestCase(BuiltinKeywords.groovy:334)
	at TC_Data Entry.run(TC_Data Entry:35)
	at com.kms.katalon.core.main.ScriptEngine.run(ScriptEngine.java:194)
	at com.kms.katalon.core.main.ScriptEngine.runScriptAsRawText(ScriptEngine.java:119)
	at com.kms.katalon.core.main.TestCaseExecutor.runScript(TestCaseExecutor.java:337)
	at com.kms.katalon.core.main.TestCaseExecutor.doExecute(TestCaseExecutor.java:328)
	at com.kms.katalon.core.main.TestCaseExecutor.processExecutionPhase(TestCaseExecutor.java:307)
	at com.kms.katalon.core.main.TestCaseExecutor.accessMainPhase(TestCaseExecutor.java:299)
	at com.kms.katalon.core.main.TestCaseExecutor.execute(TestCaseExecutor.java:233)
	at com.kms.katalon.core.main.TestSuiteExecutor.accessTestCaseMainPhase(TestSuiteExecutor.java:169)
	at com.kms.katalon.core.main.TestSuiteExecutor.accessTestSuiteMainPhase(TestSuiteExecutor.java:142)
	at com.kms.katalon.core.main.TestSuiteExecutor.execute(TestSuiteExecutor.java:91)
	at com.kms.katalon.core.main.TestCaseMain.startTestSuite(TestCaseMain.java:157)
	at com.kms.katalon.core.main.TestCaseMain$startTestSuite$0.call(Unknown Source)
	at TempTestSuite1574807893706.run(TempTestSuite1574807893706.groovy:36)
)
	at com.kms.katalon.core.keyword.internal.KeywordMain.stepFailed(KeywordMain.groovy:50)
	at com.kms.katalon.core.mobile.keyword.internal.MobileKeywordMain.stepFailed(MobileKeywordMain.groovy:40)
	at com.kms.katalon.core.mobile.keyword.internal.MobileKeywordMain.runKeyword(MobileKeywordMain.groovy:23)
	at com.kms.katalon.core.mobile.keyword.builtin.TapKeyword.tap(TapKeyword.groovy:86)
	at com.kms.katalon.core.mobile.keyword.builtin.TapKeyword.execute(TapKeyword.groovy:68)
	at com.kms.katalon.core.keyword.internal.KeywordExecutor.executeKeywordForPlatform(KeywordExecutor.groovy:60)
	at com.kms.katalon.core.mobile.keyword.MobileBuiltInKeywords.tap(MobileBuiltInKeywords.groovy:520)
	at com.kms.katalon.core.mobile.keyword.MobileBuiltInKeywords$tap$1.call(Unknown Source)
	at TC_Upload Document - borrower - MASTER FLOW.run(TC_Upload Document - borrower - MASTER FLOW:16)
	at com.kms.katalon.core.main.ScriptEngine.run(ScriptEngine.java:194)
	at com.kms.katalon.core.main.ScriptEngine.runScriptAsRawText(ScriptEngine.java:119)
	at com.kms.katalon.core.main.TestCaseExecutor.runScript(TestCaseExecutor.java:337)
	at com.kms.katalon.core.main.TestCaseExecutor.doExecute(TestCaseExecutor.java:328)
	at com.kms.katalon.core.main.TestCaseExecutor.processExecutionPhase(TestCaseExecutor.java:307)
	at com.kms.katalon.core.main.TestCaseExecutor.accessMainPhase(TestCaseExecutor.java:299)
	at com.kms.katalon.core.main.TestCaseExecutor.execute(TestCaseExecutor.java:233)
	at com.kms.katalon.core.main.TestCaseMain.runTestCase(TestCaseMain.java:114)
	at com.kms.katalon.core.keyword.builtin.CallTestCaseKeyword$_callTestCase_closure1.doCall(CallTestCaseKeyword.groovy:59)
	... 20 more
Caused by: org.openqa.selenium.WebDriverException: An unknown server-side error occurred while processing the command. Original error: Could not proxy. Proxy error: Could not proxy command to remote server. Original error: Error: socket hang up
Build info: version: '3.141.59', revision: 'e82be7d358', time: '2018-11-14T08:25:53'
System info: host: 'FATITQC15420L', ip: '192.168.1.11', os.name: 'Windows 10', os.arch: 'amd64', os.version: '10.0', java.version: '1.8.0_181'
Driver info: com.kms.katalon.core.appium.driver.SwipeableAndroidDriver
Capabilities {app: C:\Users\15420\git\ACCME-Du..., appPackage: com.outsystemsenterprise.ac..., autoGrantPermissions: true, automationName: uiautomator2, databaseEnabled: false, desired: {app: C:\Users\15420\git\ACCME-Du..., autoGrantPermissions: true, automationName: uiautomator2, deviceId: , deviceName: samsung SM-A505F (Android 9), fullReset: false, newCommandTimeout: 1800, noReset: true, platform: ANDROID, platformName: android, platformVersion: 9, resetKeyboard: true, systemPort: 57782, udid: RR8M30NJT6T, unicodeKeyboard: true}, deviceApiLevel: 28, deviceId: , deviceManufacturer: samsung, deviceModel: SM-A505F, deviceName: RR8M30NJT6T, deviceScreenDensity: 420, deviceScreenSize: 1080x2340, deviceUDID: RR8M30NJT6T, fullReset: false, javascriptEnabled: true, locationContextEnabled: false, networkConnectionEnabled: true, newCommandTimeout: 1800, noReset: true, pixelRatio: 2.625, platform: ANDROID, platformName: Android, platformVersion: 9, resetKeyboard: true, statBarHeight: 83, systemPort: 57782, takesScreenshot: true, udid: RR8M30NJT6T, unicodeKeyboard: true, viewportRect: {height: 2048, left: 0, top: 83, width: 1080}, warnings: {}, webStorageEnabled: false}
Session ID: 76798100-b292-4e1a-902b-7ef53b3bed43
	at org.openqa.selenium.remote.http.W3CHttpResponseCodec.createException(W3CHttpResponseCodec.java:187)
	at org.openqa.selenium.remote.http.W3CHttpResponseCodec.decode(W3CHttpResponseCodec.java:122)
	at org.openqa.selenium.remote.http.W3CHttpResponseCodec.decode(W3CHttpResponseCodec.java:49)
	at org.openqa.selenium.remote.HttpCommandExecutor.execute(HttpCommandExecutor.java:158)
	at io.appium.java_client.remote.AppiumCommandExecutor.execute(AppiumCommandExecutor.java:239)
	at org.openqa.selenium.remote.RemoteWebDriver.execute(RemoteWebDriver.java:552)
	at io.appium.java_client.DefaultGenericMobileDriver.execute(DefaultGenericMobileDriver.java:42)
	at io.appium.java_client.AppiumDriver.execute(AppiumDriver.java:1)
	at io.appium.java_client.android.AndroidDriver.execute(AndroidDriver.java:1)
	at com.kms.katalon.core.appium.driver.SwipeableAndroidDriver.execute(SwipeableAndroidDriver.java:1)
	at org.openqa.selenium.remote.RemoteWebElement.execute(RemoteWebElement.java:285)
	at io.appium.java_client.DefaultGenericMobileElement.execute(DefaultGenericMobileElement.java:45)
	at io.appium.java_client.MobileElement.execute(MobileElement.java:1)
	at io.appium.java_client.android.AndroidElement.execute(AndroidElement.java:1)
	at org.openqa.selenium.remote.RemoteWebElement.getLocation(RemoteWebElement.java:337)
	at org.openqa.selenium.WebElement$getLocation.call(Unknown Source)
	at com.kms.katalon.core.mobile.keyword.internal.MobileAbstractKeyword.findElement(MobileAbstractKeyword.groovy:86)
	at com.kms.katalon.core.mobile.keyword.builtin.TapKeyword$_tap_closure1.doCall(TapKeyword.groovy:76)
	at com.kms.katalon.core.mobile.keyword.builtin.TapKeyword$_tap_closure1.call(TapKeyword.groovy)
	at com.kms.katalon.core.mobile.keyword.internal.MobileKeywordMain.runKeyword(MobileKeywordMain.groovy:21)
	... 35 more
"/>
         <system-out><![CDATA[2019-11-27 06:24:32 - [TEST_CASE][FAILED] - Test Cases/Data Entry/TC_Data Entry: Test Cases/Data Entry/TC_Data Entry FAILED.
Reason:
com.kms.katalon.core.exception.StepFailedException: Call Test Case 'Test Cases/Data Entry/Upload Document/Borrower/MASTER FLOW/TC_Upload Document - borrower - MASTER FLOW' failed
	at com.kms.katalon.core.keyword.builtin.CallTestCaseKeyword$_callTestCase_closure1.doCall(CallTestCaseKeyword.groovy:63)
	at com.kms.katalon.core.keyword.builtin.CallTestCaseKeyword$_callTestCase_closure1.call(CallTestCaseKeyword.groovy)
	at com.kms.katalon.core.keyword.internal.KeywordMain.runKeyword(KeywordMain.groovy:68)
	at com.kms.katalon.core.keyword.builtin.CallTestCaseKeyword.callTestCase(CallTestCaseKeyword.groovy:81)
	at com.kms.katalon.core.keyword.builtin.CallTestCaseKeyword.execute(CallTestCaseKeyword.groovy:44)
	at com.kms.katalon.core.keyword.internal.KeywordExecutor.executeKeywordForPlatform(KeywordExecutor.groovy:60)
	at com.kms.katalon.core.keyword.BuiltinKeywords.callTestCase(BuiltinKeywords.groovy:334)
	at TC_Data Entry.run(TC_Data Entry:35)
	at com.kms.katalon.core.main.ScriptEngine.run(ScriptEngine.java:194)
	at com.kms.katalon.core.main.ScriptEngine.runScriptAsRawText(ScriptEngine.java:119)
	at com.kms.katalon.core.main.TestCaseExecutor.runScript(TestCaseExecutor.java:337)
	at com.kms.katalon.core.main.TestCaseExecutor.doExecute(TestCaseExecutor.java:328)
	at com.kms.katalon.core.main.TestCaseExecutor.processExecutionPhase(TestCaseExecutor.java:307)
	at com.kms.katalon.core.main.TestCaseExecutor.accessMainPhase(TestCaseExecutor.java:299)
	at com.kms.katalon.core.main.TestCaseExecutor.execute(TestCaseExecutor.java:233)
	at com.kms.katalon.core.main.TestSuiteExecutor.accessTestCaseMainPhase(TestSuiteExecutor.java:169)
	at com.kms.katalon.core.main.TestSuiteExecutor.accessTestSuiteMainPhase(TestSuiteExecutor.java:142)
	at com.kms.katalon.core.main.TestSuiteExecutor.execute(TestSuiteExecutor.java:91)
	at com.kms.katalon.core.main.TestCaseMain.startTestSuite(TestCaseMain.java:157)
	at com.kms.katalon.core.main.TestCaseMain$startTestSuite$0.call(Unknown Source)
	at TempTestSuite1574807893706.run(TempTestSuite1574807893706.groovy:36)
Caused by: com.kms.katalon.core.exception.StepFailedException: Failed to tap on element 'Object Repository/Upload Document/Upload Document - Item Upload/UnggahDokumen_BtnKTP' (Root cause: org.openqa.selenium.WebDriverException: An unknown server-side error occurred while processing the command. Original error: Could not proxy. Proxy error: Could not proxy command to remote server. Original error: Error: socket hang up
Build info: version: '3.141.59', revision: 'e82be7d358', time: '2018-11-14T08:25:53'
System info: host: 'FATITQC15420L', ip: '192.168.1.11', os.name: 'Windows 10', os.arch: 'amd64', os.version: '10.0', java.version: '1.8.0_181'
Driver info: com.kms.katalon.core.appium.driver.SwipeableAndroidDriver
Capabilities {app: C:\Users\15420\git\ACCME-Du..., appPackage: com.outsystemsenterprise.ac..., autoGrantPermissions: true, automationName: uiautomator2, databaseEnabled: false, desired: {app: C:\Users\15420\git\ACCME-Du..., autoGrantPermissions: true, automationName: uiautomator2, deviceId: , deviceName: samsung SM-A505F (Android 9), fullReset: false, newCommandTimeout: 1800, noReset: true, platform: ANDROID, platformName: android, platformVersion: 9, resetKeyboard: true, systemPort: 57782, udid: RR8M30NJT6T, unicodeKeyboard: true}, deviceApiLevel: 28, deviceId: , deviceManufacturer: samsung, deviceModel: SM-A505F, deviceName: RR8M30NJT6T, deviceScreenDensity: 420, deviceScreenSize: 1080x2340, deviceUDID: RR8M30NJT6T, fullReset: false, javascriptEnabled: true, locationContextEnabled: false, networkConnectionEnabled: true, newCommandTimeout: 1800, noReset: true, pixelRatio: 2.625, platform: ANDROID, platformName: Android, platformVersion: 9, resetKeyboard: true, statBarHeight: 83, systemPort: 57782, takesScreenshot: true, udid: RR8M30NJT6T, unicodeKeyboard: true, viewportRect: {height: 2048, left: 0, top: 83, width: 1080}, warnings: {}, webStorageEnabled: false}
Session ID: 76798100-b292-4e1a-902b-7ef53b3bed43
	at org.openqa.selenium.remote.http.W3CHttpResponseCodec.createException(W3CHttpResponseCodec.java:187)
	at org.openqa.selenium.remote.http.W3CHttpResponseCodec.decode(W3CHttpResponseCodec.java:122)
	at org.openqa.selenium.remote.http.W3CHttpResponseCodec.decode(W3CHttpResponseCodec.java:49)
	at org.openqa.selenium.remote.HttpCommandExecutor.execute(HttpCommandExecutor.java:158)
	at io.appium.java_client.remote.AppiumCommandExecutor.execute(AppiumCommandExecutor.java:239)
	at org.openqa.selenium.remote.RemoteWebDriver.execute(RemoteWebDriver.java:552)
	at io.appium.java_client.DefaultGenericMobileDriver.execute(DefaultGenericMobileDriver.java:42)
	at io.appium.java_client.AppiumDriver.execute(AppiumDriver.java:1)
	at io.appium.java_client.android.AndroidDriver.execute(AndroidDriver.java:1)
	at com.kms.katalon.core.appium.driver.SwipeableAndroidDriver.execute(SwipeableAndroidDriver.java:1)
	at org.openqa.selenium.remote.RemoteWebElement.execute(RemoteWebElement.java:285)
	at io.appium.java_client.DefaultGenericMobileElement.execute(DefaultGenericMobileElement.java:45)
	at io.appium.java_client.MobileElement.execute(MobileElement.java:1)
	at io.appium.java_client.android.AndroidElement.execute(AndroidElement.java:1)
	at org.openqa.selenium.remote.RemoteWebElement.getLocation(RemoteWebElement.java:337)
	at org.openqa.selenium.WebElement$getLocation.call(Unknown Source)
	at com.kms.katalon.core.mobile.keyword.internal.MobileAbstractKeyword.findElement(MobileAbstractKeyword.groovy:86)
	at com.kms.katalon.core.mobile.keyword.builtin.TapKeyword$_tap_closure1.doCall(TapKeyword.groovy:76)
	at com.kms.katalon.core.mobile.keyword.builtin.TapKeyword$_tap_closure1.call(TapKeyword.groovy)
	at com.kms.katalon.core.mobile.keyword.internal.MobileKeywordMain.runKeyword(MobileKeywordMain.groovy:21)
	at com.kms.katalon.core.mobile.keyword.builtin.TapKeyword.tap(TapKeyword.groovy:86)
	at com.kms.katalon.core.mobile.keyword.builtin.TapKeyword.execute(TapKeyword.groovy:68)
	at com.kms.katalon.core.keyword.internal.KeywordExecutor.executeKeywordForPlatform(KeywordExecutor.groovy:60)
	at com.kms.katalon.core.mobile.keyword.MobileBuiltInKeywords.tap(MobileBuiltInKeywords.groovy:520)
	at com.kms.katalon.core.mobile.keyword.MobileBuiltInKeywords$tap$1.call(Unknown Source)
	at TC_Upload Document - borrower - MASTER FLOW.run(TC_Upload Document - borrower - MASTER FLOW:16)
	at com.kms.katalon.core.main.ScriptEngine.run(ScriptEngine.java:194)
	at com.kms.katalon.core.main.ScriptEngine.runScriptAsRawText(ScriptEngine.java:119)
	at com.kms.katalon.core.main.TestCaseExecutor.runScript(TestCaseExecutor.java:337)
	at com.kms.katalon.core.main.TestCaseExecutor.doExecute(TestCaseExecutor.java:328)
	at com.kms.katalon.core.main.TestCaseExecutor.processExecutionPhase(TestCaseExecutor.java:307)
	at com.kms.katalon.core.main.TestCaseExecutor.accessMainPhase(TestCaseExecutor.java:299)
	at com.kms.katalon.core.main.TestCaseExecutor.execute(TestCaseExecutor.java:233)
	at com.kms.katalon.core.main.TestCaseMain.runTestCase(TestCaseMain.java:114)
	at com.kms.katalon.core.keyword.builtin.CallTestCaseKeyword$_callTestCase_closure1.doCall(CallTestCaseKeyword.groovy:59)
	at com.kms.katalon.core.keyword.builtin.CallTestCaseKeyword$_callTestCase_closure1.call(CallTestCaseKeyword.groovy)
	at com.kms.katalon.core.keyword.internal.KeywordMain.runKeyword(KeywordMain.groovy:68)
	at com.kms.katalon.core.keyword.builtin.CallTestCaseKeyword.callTestCase(CallTestCaseKeyword.groovy:81)
	at com.kms.katalon.core.keyword.builtin.CallTestCaseKeyword.execute(CallTestCaseKeyword.groovy:44)
	at com.kms.katalon.core.keyword.internal.KeywordExecutor.executeKeywordForPlatform(KeywordExecutor.groovy:60)
	at com.kms.katalon.core.keyword.BuiltinKeywords.callTestCase(BuiltinKeywords.groovy:334)
	at TC_Data Entry.run(TC_Data Entry:35)
	at com.kms.katalon.core.main.ScriptEngine.run(ScriptEngine.java:194)
	at com.kms.katalon.core.main.ScriptEngine.runScriptAsRawText(ScriptEngine.java:119)
	at com.kms.katalon.core.main.TestCaseExecutor.runScript(TestCaseExecutor.java:337)
	at com.kms.katalon.core.main.TestCaseExecutor.doExecute(TestCaseExecutor.java:328)
	at com.kms.katalon.core.main.TestCaseExecutor.processExecutionPhase(TestCaseExecutor.java:307)
	at com.kms.katalon.core.main.TestCaseExecutor.accessMainPhase(TestCaseExecutor.java:299)
	at com.kms.katalon.core.main.TestCaseExecutor.execute(TestCaseExecutor.java:233)
	at com.kms.katalon.core.main.TestSuiteExecutor.accessTestCaseMainPhase(TestSuiteExecutor.java:169)
	at com.kms.katalon.core.main.TestSuiteExecutor.accessTestSuiteMainPhase(TestSuiteExecutor.java:142)
	at com.kms.katalon.core.main.TestSuiteExecutor.execute(TestSuiteExecutor.java:91)
	at com.kms.katalon.core.main.TestCaseMain.startTestSuite(TestCaseMain.java:157)
	at com.kms.katalon.core.main.TestCaseMain$startTestSuite$0.call(Unknown Source)
	at TempTestSuite1574807893706.run(TempTestSuite1574807893706.groovy:36)
)
	at com.kms.katalon.core.keyword.internal.KeywordMain.stepFailed(KeywordMain.groovy:50)
	at com.kms.katalon.core.mobile.keyword.internal.MobileKeywordMain.stepFailed(MobileKeywordMain.groovy:40)
	at com.kms.katalon.core.mobile.keyword.internal.MobileKeywordMain.runKeyword(MobileKeywordMain.groovy:23)
	at com.kms.katalon.core.mobile.keyword.builtin.TapKeyword.tap(TapKeyword.groovy:86)
	at com.kms.katalon.core.mobile.keyword.builtin.TapKeyword.execute(TapKeyword.groovy:68)
	at com.kms.katalon.core.keyword.internal.KeywordExecutor.executeKeywordForPlatform(KeywordExecutor.groovy:60)
	at com.kms.katalon.core.mobile.keyword.MobileBuiltInKeywords.tap(MobileBuiltInKeywords.groovy:520)
	at com.kms.katalon.core.mobile.keyword.MobileBuiltInKeywords$tap$1.call(Unknown Source)
	at TC_Upload Document - borrower - MASTER FLOW.run(TC_Upload Document - borrower - MASTER FLOW:16)
	at com.kms.katalon.core.main.ScriptEngine.run(ScriptEngine.java:194)
	at com.kms.katalon.core.main.ScriptEngine.runScriptAsRawText(ScriptEngine.java:119)
	at com.kms.katalon.core.main.TestCaseExecutor.runScript(TestCaseExecutor.java:337)
	at com.kms.katalon.core.main.TestCaseExecutor.doExecute(TestCaseExecutor.java:328)
	at com.kms.katalon.core.main.TestCaseExecutor.processExecutionPhase(TestCaseExecutor.java:307)
	at com.kms.katalon.core.main.TestCaseExecutor.accessMainPhase(TestCaseExecutor.java:299)
	at com.kms.katalon.core.main.TestCaseExecutor.execute(TestCaseExecutor.java:233)
	at com.kms.katalon.core.main.TestCaseMain.runTestCase(TestCaseMain.java:114)
	at com.kms.katalon.core.keyword.builtin.CallTestCaseKeyword$_callTestCase_closure1.doCall(CallTestCaseKeyword.groovy:59)
	... 20 more
Caused by: org.openqa.selenium.WebDriverException: An unknown server-side error occurred while processing the command. Original error: Could not proxy. Proxy error: Could not proxy command to remote server. Original error: Error: socket hang up
Build info: version: '3.141.59', revision: 'e82be7d358', time: '2018-11-14T08:25:53'
System info: host: 'FATITQC15420L', ip: '192.168.1.11', os.name: 'Windows 10', os.arch: 'amd64', os.version: '10.0', java.version: '1.8.0_181'
Driver info: com.kms.katalon.core.appium.driver.SwipeableAndroidDriver
Capabilities {app: C:\Users\15420\git\ACCME-Du..., appPackage: com.outsystemsenterprise.ac..., autoGrantPermissions: true, automationName: uiautomator2, databaseEnabled: false, desired: {app: C:\Users\15420\git\ACCME-Du..., autoGrantPermissions: true, automationName: uiautomator2, deviceId: , deviceName: samsung SM-A505F (Android 9), fullReset: false, newCommandTimeout: 1800, noReset: true, platform: ANDROID, platformName: android, platformVersion: 9, resetKeyboard: true, systemPort: 57782, udid: RR8M30NJT6T, unicodeKeyboard: true}, deviceApiLevel: 28, deviceId: , deviceManufacturer: samsung, deviceModel: SM-A505F, deviceName: RR8M30NJT6T, deviceScreenDensity: 420, deviceScreenSize: 1080x2340, deviceUDID: RR8M30NJT6T, fullReset: false, javascriptEnabled: true, locationContextEnabled: false, networkConnectionEnabled: true, newCommandTimeout: 1800, noReset: true, pixelRatio: 2.625, platform: ANDROID, platformName: Android, platformVersion: 9, resetKeyboard: true, statBarHeight: 83, systemPort: 57782, takesScreenshot: true, udid: RR8M30NJT6T, unicodeKeyboard: true, viewportRect: {height: 2048, left: 0, top: 83, width: 1080}, warnings: {}, webStorageEnabled: false}
Session ID: 76798100-b292-4e1a-902b-7ef53b3bed43
	at org.openqa.selenium.remote.http.W3CHttpResponseCodec.createException(W3CHttpResponseCodec.java:187)
	at org.openqa.selenium.remote.http.W3CHttpResponseCodec.decode(W3CHttpResponseCodec.java:122)
	at org.openqa.selenium.remote.http.W3CHttpResponseCodec.decode(W3CHttpResponseCodec.java:49)
	at org.openqa.selenium.remote.HttpCommandExecutor.execute(HttpCommandExecutor.java:158)
	at io.appium.java_client.remote.AppiumCommandExecutor.execute(AppiumCommandExecutor.java:239)
	at org.openqa.selenium.remote.RemoteWebDriver.execute(RemoteWebDriver.java:552)
	at io.appium.java_client.DefaultGenericMobileDriver.execute(DefaultGenericMobileDriver.java:42)
	at io.appium.java_client.AppiumDriver.execute(AppiumDriver.java:1)
	at io.appium.java_client.android.AndroidDriver.execute(AndroidDriver.java:1)
	at com.kms.katalon.core.appium.driver.SwipeableAndroidDriver.execute(SwipeableAndroidDriver.java:1)
	at org.openqa.selenium.remote.RemoteWebElement.execute(RemoteWebElement.java:285)
	at io.appium.java_client.DefaultGenericMobileElement.execute(DefaultGenericMobileElement.java:45)
	at io.appium.java_client.MobileElement.execute(MobileElement.java:1)
	at io.appium.java_client.android.AndroidElement.execute(AndroidElement.java:1)
	at org.openqa.selenium.remote.RemoteWebElement.getLocation(RemoteWebElement.java:337)
	at org.openqa.selenium.WebElement$getLocation.call(Unknown Source)
	at com.kms.katalon.core.mobile.keyword.internal.MobileAbstractKeyword.findElement(MobileAbstractKeyword.groovy:86)
	at com.kms.katalon.core.mobile.keyword.builtin.TapKeyword$_tap_closure1.doCall(TapKeyword.groovy:76)
	at com.kms.katalon.core.mobile.keyword.builtin.TapKeyword$_tap_closure1.call(TapKeyword.groovy)
	at com.kms.katalon.core.mobile.keyword.internal.MobileKeywordMain.runKeyword(MobileKeywordMain.groovy:21)
	... 35 more


2019-11-27 06:24:32 - [TEST_STEP][PASSED] - callTestCase(findTestCase("dynamic test case/open application"), [:], STOP_ON_FAILURE): Call Test Case 'Test Cases/dynamic test case/open application' successfully

2019-11-27 06:24:32 - [TEST_CASE][PASSED] - Test Cases/dynamic test case/open application: Test Cases/dynamic test case/open application

2019-11-27 06:24:32 - [TEST_STEP][PASSED] - appPath = relativeToAbsolutePath(apkname, getProjectDir()): null

2019-11-27 06:24:32 - [TEST_STEP][PASSED] - startApplication(appPath, false): Started app at: 'C:\Users\15420\git\ACCME-Dupcheck\AccMe.apk'

2019-11-27 06:24:32 - [MESSAGE][INFO] - User set preference: ['unicodeKeyboard', 'true']

2019-11-27 06:24:32 - [MESSAGE][INFO] - User set preference: ['resetKeyboard', 'true']

2019-11-27 06:24:32 - [MESSAGE][INFO] - User set preference: ['deviceId', '']

2019-11-27 06:25:04 - [MESSAGE][PASSED] - Started app at: 'C:\Users\15420\git\ACCME-Dupcheck\AccMe.apk'

2019-11-27 06:25:04 - [MESSAGE][PASSED] - Call Test Case 'Test Cases/dynamic test case/open application' successfully

2019-11-27 06:25:04 - [TEST_STEP][PASSED] - callTestCase(findTestCase("Data Entry/Simulasi Kredit/Simulasi Kredit/MASTER FLOW/TC_Simulasi Kredit - MASTER FLOW"), ["varBrand":varBrand, "varType":varType, "varModel":varModel, "varTahun":varTahun, "varTenor":varTenor, "varOTR":varOTR, "varRP":varRP, ... ], OPTIONAL): Call Test Case 'Test Cases/Data Entry/Simulasi Kredit/Simulasi Kredit/MASTER FLOW/TC_Simulasi Kredit - MASTER FLOW' successfully

2019-11-27 06:25:04 - [TEST_CASE][PASSED] - Test Cases/Data Entry/Simulasi Kredit/Simulasi Kredit/MASTER FLOW/TC_Simulasi Kredit - MASTER FLOW: Test Cases/Data Entry/Simulasi Kredit/Simulasi Kredit/MASTER FLOW/TC_Simulasi Kredit - MASTER FLOW

2019-11-27 06:25:04 - [TEST_STEP][PASSED] - waitForElementPresent(findTestObject("Simulasi Kredit/Simulasi Kredit - Simulasi Kredit/SimulasiKredit_Btn Simulasi Kredit"), 0): Element 'Object Repository/Simulasi Kredit/Simulasi Kredit - Simulasi Kredit/SimulasiKredit_Btn Simulasi Kredit' is present

2019-11-27 06:25:04 - [MESSAGE][WARNING] - Timeout '0' is invalid. Using default page load timeout: '30'

2019-11-27 06:25:13 - [MESSAGE][PASSED] - Element 'Object Repository/Simulasi Kredit/Simulasi Kredit - Simulasi Kredit/SimulasiKredit_Btn Simulasi Kredit' is present

2019-11-27 06:25:13 - [TEST_STEP][PASSED] - tap(findTestObject("Simulasi Kredit/Simulasi Kredit - Simulasi Kredit/SimulasiKredit_Btn Simulasi Kredit"), 0): Tapped on element 'Object Repository/Simulasi Kredit/Simulasi Kredit - Simulasi Kredit/SimulasiKredit_Btn Simulasi Kredit'

2019-11-27 06:25:13 - [MESSAGE][WARNING] - Timeout '0' is invalid. Using default page load timeout: '30'

2019-11-27 06:25:14 - [MESSAGE][PASSED] - Tapped on element 'Object Repository/Simulasi Kredit/Simulasi Kredit - Simulasi Kredit/SimulasiKredit_Btn Simulasi Kredit'

2019-11-27 06:25:14 - [TEST_STEP][PASSED] - if (varPembiayaan == "NewCar"): Tapped on element 'Object Repository/Simulasi Kredit/Simulasi Kredit - Simulasi Kredit/SimulasiKredit_new car'

2019-11-27 06:25:14 - [TEST_STEP][PASSED] - tap(findTestObject("Simulasi Kredit/Simulasi Kredit - Simulasi Kredit/SimulasiKredit_new car"), 0): Tapped on element 'Object Repository/Simulasi Kredit/Simulasi Kredit - Simulasi Kredit/SimulasiKredit_new car'

2019-11-27 06:25:14 - [MESSAGE][WARNING] - Timeout '0' is invalid. Using default page load timeout: '30'

2019-11-27 06:25:19 - [MESSAGE][PASSED] - Tapped on element 'Object Repository/Simulasi Kredit/Simulasi Kredit - Simulasi Kredit/SimulasiKredit_new car'

2019-11-27 06:25:19 - [TEST_STEP][PASSED] - if (varPembiayaan == "UsedCar"): null

2019-11-27 06:25:19 - [TEST_STEP][PASSED] - if (varTipepembiayaan == "syariah"): null

2019-11-27 06:25:19 - [TEST_STEP][PASSED] - if (varTipepembiayaan == "konvensional"): null

2019-11-27 06:25:19 - [TEST_STEP][PASSED] - if (varkodepaket == "ya"): null

2019-11-27 06:25:19 - [TEST_STEP][PASSED] - setText(findTestObject("Simulasi Kredit/Simulasi Kredit - Simulasi Kredit/SimulasiKredit_Inp Brand"), varBrand, 0): Text 'DAIHATSU' has been set to element 'Object Repository/Simulasi Kredit/Simulasi Kredit - Simulasi Kredit/SimulasiKredit_Inp Brand'

2019-11-27 06:25:19 - [MESSAGE][WARNING] - Timeout '0' is invalid. Using default page load timeout: '30'

2019-11-27 06:25:21 - [MESSAGE][PASSED] - Text 'DAIHATSU' has been set to element 'Object Repository/Simulasi Kredit/Simulasi Kredit - Simulasi Kredit/SimulasiKredit_Inp Brand'

2019-11-27 06:25:21 - [TEST_STEP][PASSED] - tap(findTestObject("Simulasi Kredit/Simulasi Kredit - Simulasi Kredit/SimulasiKredit_Inp Brand"), 0): Tapped on element 'Object Repository/Simulasi Kredit/Simulasi Kredit - Simulasi Kredit/SimulasiKredit_Inp Brand'

2019-11-27 06:25:21 - [MESSAGE][WARNING] - Timeout '0' is invalid. Using default page load timeout: '30'

2019-11-27 06:25:24 - [MESSAGE][PASSED] - Tapped on element 'Object Repository/Simulasi Kredit/Simulasi Kredit - Simulasi Kredit/SimulasiKredit_Inp Brand'

2019-11-27 06:25:24 - [TEST_STEP][PASSED] - tap(findTestObject("dynamic object/pickListItem_viewView", ["text":varBrand]), 0): Tapped on element 'Object Repository/dynamic object/pickListItem_viewView'

2019-11-27 06:25:24 - [MESSAGE][WARNING] - Timeout '0' is invalid. Using default page load timeout: '30'

2019-11-27 06:25:27 - [MESSAGE][PASSED] - Tapped on element 'Object Repository/dynamic object/pickListItem_viewView'

2019-11-27 06:25:27 - [TEST_STEP][PASSED] - tap(findTestObject("Simulasi Kredit/Simulasi Kredit - Simulasi Kredit/SimulasiKredit_Inp Type"), 0): Tapped on element 'Object Repository/Simulasi Kredit/Simulasi Kredit - Simulasi Kredit/SimulasiKredit_Inp Type'

2019-11-27 06:25:27 - [MESSAGE][WARNING] - Timeout '0' is invalid. Using default page load timeout: '30'

2019-11-27 06:25:30 - [MESSAGE][PASSED] - Tapped on element 'Object Repository/Simulasi Kredit/Simulasi Kredit - Simulasi Kredit/SimulasiKredit_Inp Type'

2019-11-27 06:25:30 - [TEST_STEP][PASSED] - setText(findTestObject("Simulasi Kredit/Simulasi Kredit - Simulasi Kredit/SimulasiKredit_Inp Type"), varType, 0): Text 'TERIOS(AIR BAG)' has been set to element 'Object Repository/Simulasi Kredit/Simulasi Kredit - Simulasi Kredit/SimulasiKredit_Inp Type'

2019-11-27 06:25:30 - [MESSAGE][WARNING] - Timeout '0' is invalid. Using default page load timeout: '30'

2019-11-27 06:25:32 - [MESSAGE][PASSED] - Text 'TERIOS(AIR BAG)' has been set to element 'Object Repository/Simulasi Kredit/Simulasi Kredit - Simulasi Kredit/SimulasiKredit_Inp Type'

2019-11-27 06:25:32 - [TEST_STEP][PASSED] - delay(3): Delayed 3 second(s)

2019-11-27 06:25:35 - [MESSAGE][PASSED] - Delayed 3 second(s)

2019-11-27 06:25:35 - [TEST_STEP][PASSED] - tap(findTestObject("Simulasi Kredit/Simulasi Kredit - Simulasi Kredit/SimulasiKredit_Inp Type"), 0): Tapped on element 'Object Repository/Simulasi Kredit/Simulasi Kredit - Simulasi Kredit/SimulasiKredit_Inp Type'

2019-11-27 06:25:35 - [MESSAGE][WARNING] - Timeout '0' is invalid. Using default page load timeout: '30'

2019-11-27 06:25:38 - [MESSAGE][PASSED] - Tapped on element 'Object Repository/Simulasi Kredit/Simulasi Kredit - Simulasi Kredit/SimulasiKredit_Inp Type'

2019-11-27 06:25:38 - [TEST_STEP][PASSED] - tap(findTestObject("Simulasi Kredit/Simulasi Kredit - Simulasi Kredit/SimulasiKredit_Inp Type LOV"), 0): Tapped on element 'Object Repository/Simulasi Kredit/Simulasi Kredit - Simulasi Kredit/SimulasiKredit_Inp Type LOV'

2019-11-27 06:25:38 - [MESSAGE][WARNING] - Timeout '0' is invalid. Using default page load timeout: '30'

2019-11-27 06:25:41 - [MESSAGE][PASSED] - Tapped on element 'Object Repository/Simulasi Kredit/Simulasi Kredit - Simulasi Kredit/SimulasiKredit_Inp Type LOV'

2019-11-27 06:25:41 - [TEST_STEP][PASSED] - mobile.mobileSwipe.UpDown(0.8, 0.5, 1000): mobile.mobileSwipe.UpDown is PASSED

2019-11-27 06:25:41 - [MESSAGE][PASSED] - Current device physical height is 2131

2019-11-27 06:25:41 - [MESSAGE][INFO] - Device Height : 2131

2019-11-27 06:25:42 - [MESSAGE][PASSED] - Current device physical width is 1080

2019-11-27 06:25:42 - [MESSAGE][INFO] - Device Width : 1080

2019-11-27 06:25:42 - [MESSAGE][INFO] - Swipe start at Height : 1704

2019-11-27 06:25:42 - [MESSAGE][INFO] - Swipe end at Height : 1065

2019-11-27 06:25:42 - [MESSAGE][INFO] - X Position : 1000

2019-11-27 06:25:44 - [MESSAGE][PASSED] - Swiped from 1,000,1,704 to 1,000,1,065

2019-11-27 06:25:44 - [MESSAGE][PASSED] - mobile.mobileSwipe.UpDown is PASSED

2019-11-27 06:25:44 - [TEST_STEP][PASSED] - tap(findTestObject("Simulasi Kredit/Simulasi Kredit - Simulasi Kredit/SimulasiKredit_Inp Model"), 0): Tapped on element 'Object Repository/Simulasi Kredit/Simulasi Kredit - Simulasi Kredit/SimulasiKredit_Inp Model'

2019-11-27 06:25:45 - [MESSAGE][WARNING] - Timeout '0' is invalid. Using default page load timeout: '30'

2019-11-27 06:25:47 - [MESSAGE][PASSED] - Tapped on element 'Object Repository/Simulasi Kredit/Simulasi Kredit - Simulasi Kredit/SimulasiKredit_Inp Model'

2019-11-27 06:25:47 - [TEST_STEP][PASSED] - scrollToText(varModel, STOP_ON_FAILURE): Scrolling to text '1.5 TSXTRA A/T' successfully

2019-11-27 06:25:49 - [MESSAGE][PASSED] - Scrolling to text '1.5 TSXTRA A/T' successfully

2019-11-27 06:25:49 - [TEST_STEP][PASSED] - tap(findTestObject("dynamic object/pickListItem_checkedTextView", ["text":varModel]), 0): Tapped on element 'Object Repository/dynamic object/pickListItem_checkedTextView'

2019-11-27 06:25:49 - [MESSAGE][WARNING] - Timeout '0' is invalid. Using default page load timeout: '30'

2019-11-27 06:25:51 - [MESSAGE][PASSED] - Tapped on element 'Object Repository/dynamic object/pickListItem_checkedTextView'

2019-11-27 06:25:51 - [TEST_STEP][PASSED] - tap(findTestObject("Simulasi Kredit/Simulasi Kredit - Simulasi Kredit/SimulasiKredit_Tahun"), 0): Tapped on element 'Object Repository/Simulasi Kredit/Simulasi Kredit - Simulasi Kredit/SimulasiKredit_Tahun'

2019-11-27 06:25:51 - [MESSAGE][WARNING] - Timeout '0' is invalid. Using default page load timeout: '30'

2019-11-27 06:25:53 - [MESSAGE][PASSED] - Tapped on element 'Object Repository/Simulasi Kredit/Simulasi Kredit - Simulasi Kredit/SimulasiKredit_Tahun'

2019-11-27 06:25:53 - [TEST_STEP][PASSED] - scrollToText(varTahun, STOP_ON_FAILURE): Scrolling to text '2018' successfully

2019-11-27 06:25:54 - [MESSAGE][PASSED] - Scrolling to text '2018' successfully

2019-11-27 06:25:54 - [TEST_STEP][PASSED] - tap(findTestObject("dynamic object/pickListItem_checkedTextView", ["text":varTahun]), 0): Tapped on element 'Object Repository/dynamic object/pickListItem_checkedTextView'

2019-11-27 06:25:54 - [MESSAGE][WARNING] - Timeout '0' is invalid. Using default page load timeout: '30'

2019-11-27 06:25:56 - [MESSAGE][PASSED] - Tapped on element 'Object Repository/dynamic object/pickListItem_checkedTextView'

2019-11-27 06:25:56 - [TEST_STEP][PASSED] - tap(findTestObject("Simulasi Kredit/Simulasi Kredit - Simulasi Kredit/SimulasiKredit_Tenor"), 0): Tapped on element 'Object Repository/Simulasi Kredit/Simulasi Kredit - Simulasi Kredit/SimulasiKredit_Tenor'

2019-11-27 06:25:56 - [MESSAGE][WARNING] - Timeout '0' is invalid. Using default page load timeout: '30'

2019-11-27 06:25:58 - [MESSAGE][PASSED] - Tapped on element 'Object Repository/Simulasi Kredit/Simulasi Kredit - Simulasi Kredit/SimulasiKredit_Tenor'

2019-11-27 06:25:58 - [TEST_STEP][PASSED] - tap(findTestObject("dynamic object/pickListItem_checkedTextView", ["text":varTenor]), 0): Tapped on element 'Object Repository/dynamic object/pickListItem_checkedTextView'

2019-11-27 06:25:59 - [MESSAGE][WARNING] - Timeout '0' is invalid. Using default page load timeout: '30'

2019-11-27 06:26:00 - [MESSAGE][PASSED] - Tapped on element 'Object Repository/dynamic object/pickListItem_checkedTextView'

2019-11-27 06:26:00 - [TEST_STEP][PASSED] - setText(findTestObject("Simulasi Kredit/Simulasi Kredit - Simulasi Kredit/SimulasiKredit_Inp OTR"), varOTR, 0): Text '196600000' has been set to element 'Object Repository/Simulasi Kredit/Simulasi Kredit - Simulasi Kredit/SimulasiKredit_Inp OTR'

2019-11-27 06:26:00 - [MESSAGE][WARNING] - Timeout '0' is invalid. Using default page load timeout: '30'

2019-11-27 06:26:03 - [MESSAGE][PASSED] - Text '196600000' has been set to element 'Object Repository/Simulasi Kredit/Simulasi Kredit - Simulasi Kredit/SimulasiKredit_Inp OTR'

2019-11-27 06:26:03 - [TEST_STEP][PASSED] - setText(findTestObject("Simulasi Kredit/Simulasi Kredit - Simulasi Kredit/SimulasiKredit_Inp RP"), varRP, 0): Text '68950000' has been set to element 'Object Repository/Simulasi Kredit/Simulasi Kredit - Simulasi Kredit/SimulasiKredit_Inp RP'

2019-11-27 06:26:03 - [MESSAGE][WARNING] - Timeout '0' is invalid. Using default page load timeout: '30'

2019-11-27 06:26:06 - [MESSAGE][PASSED] - Text '68950000' has been set to element 'Object Repository/Simulasi Kredit/Simulasi Kredit - Simulasi Kredit/SimulasiKredit_Inp RP'

2019-11-27 06:26:06 - [TEST_STEP][PASSED] - mobile.mobileSwipe.UpDown(0.5, 0.2, 1000): mobile.mobileSwipe.UpDown is PASSED

2019-11-27 06:26:07 - [MESSAGE][PASSED] - Current device physical height is 2131

2019-11-27 06:26:07 - [MESSAGE][INFO] - Device Height : 2131

2019-11-27 06:26:08 - [MESSAGE][PASSED] - Current device physical width is 1080

2019-11-27 06:26:08 - [MESSAGE][INFO] - Device Width : 1080

2019-11-27 06:26:08 - [MESSAGE][INFO] - Swipe start at Height : 1065

2019-11-27 06:26:08 - [MESSAGE][INFO] - Swipe end at Height : 426

2019-11-27 06:26:08 - [MESSAGE][INFO] - X Position : 1000

2019-11-27 06:26:10 - [MESSAGE][PASSED] - Swiped from 1,000,1,065 to 1,000,426

2019-11-27 06:26:10 - [MESSAGE][PASSED] - mobile.mobileSwipe.UpDown is PASSED

2019-11-27 06:26:10 - [TEST_STEP][PASSED] - setText(findTestObject("Simulasi Kredit/Simulasi Kredit - Simulasi Kredit/SimulasiKredit_Inp Dealer"), varDealer, 0): Text 'ABDUL QODIR J. H' has been set to element 'Object Repository/Simulasi Kredit/Simulasi Kredit - Simulasi Kredit/SimulasiKredit_Inp Dealer'

2019-11-27 06:26:10 - [MESSAGE][WARNING] - Timeout '0' is invalid. Using default page load timeout: '30'

2019-11-27 06:26:12 - [MESSAGE][PASSED] - Text 'ABDUL QODIR J. H' has been set to element 'Object Repository/Simulasi Kredit/Simulasi Kredit - Simulasi Kredit/SimulasiKredit_Inp Dealer'

2019-11-27 06:26:12 - [TEST_STEP][PASSED] - tap(findTestObject("Simulasi Kredit/Simulasi Kredit - Simulasi Kredit/SimulasiKredit_Inp Dealer"), 0): Tapped on element 'Object Repository/Simulasi Kredit/Simulasi Kredit - Simulasi Kredit/SimulasiKredit_Inp Dealer'

2019-11-27 06:26:12 - [MESSAGE][WARNING] - Timeout '0' is invalid. Using default page load timeout: '30'

2019-11-27 06:26:16 - [MESSAGE][PASSED] - Tapped on element 'Object Repository/Simulasi Kredit/Simulasi Kredit - Simulasi Kredit/SimulasiKredit_Inp Dealer'

2019-11-27 06:26:16 - [TEST_STEP][PASSED] - clearText(findTestObject("Simulasi Kredit/Simulasi Kredit - Simulasi Kredit/SimulasiKredit_Inp Dealer"), 0): Element 'Object Repository/Simulasi Kredit/Simulasi Kredit - Simulasi Kredit/SimulasiKredit_Inp Dealer' text is cleared

2019-11-27 06:26:16 - [MESSAGE][WARNING] - Timeout '0' is invalid. Using default page load timeout: '30'

2019-11-27 06:26:17 - [MESSAGE][PASSED] - Element 'Object Repository/Simulasi Kredit/Simulasi Kredit - Simulasi Kredit/SimulasiKredit_Inp Dealer' text is cleared

2019-11-27 06:26:17 - [TEST_STEP][PASSED] - setText(findTestObject("Simulasi Kredit/Simulasi Kredit - Simulasi Kredit/SimulasiKredit_Inp Dealer"), varDealer, 0): Text 'ABDUL QODIR J. H' has been set to element 'Object Repository/Simulasi Kredit/Simulasi Kredit - Simulasi Kredit/SimulasiKredit_Inp Dealer'

2019-11-27 06:26:17 - [MESSAGE][WARNING] - Timeout '0' is invalid. Using default page load timeout: '30'

2019-11-27 06:26:18 - [MESSAGE][PASSED] - Text 'ABDUL QODIR J. H' has been set to element 'Object Repository/Simulasi Kredit/Simulasi Kredit - Simulasi Kredit/SimulasiKredit_Inp Dealer'

2019-11-27 06:26:18 - [TEST_STEP][PASSED] - delay(4, STOP_ON_FAILURE): Delayed 4 second(s)

2019-11-27 06:26:22 - [MESSAGE][PASSED] - Delayed 4 second(s)

2019-11-27 06:26:22 - [TEST_STEP][PASSED] - tap(findTestObject("Simulasi Kredit/Simulasi Kredit - Simulasi Kredit/SimulasiKredit_LOV Dealer"), 0): Tapped on element 'Object Repository/Simulasi Kredit/Simulasi Kredit - Simulasi Kredit/SimulasiKredit_LOV Dealer'

2019-11-27 06:26:22 - [MESSAGE][WARNING] - Timeout '0' is invalid. Using default page load timeout: '30'

2019-11-27 06:26:25 - [MESSAGE][PASSED] - Tapped on element 'Object Repository/Simulasi Kredit/Simulasi Kredit - Simulasi Kredit/SimulasiKredit_LOV Dealer'

2019-11-27 06:26:25 - [TEST_STEP][PASSED] - setText(findTestObject("Simulasi Kredit/Simulasi Kredit - Simulasi Kredit/SimulasiKredit_Inp Sales Dealer"), varSales, 0): Text 'ABDUL QODIR' has been set to element 'Object Repository/Simulasi Kredit/Simulasi Kredit - Simulasi Kredit/SimulasiKredit_Inp Sales Dealer'

2019-11-27 06:26:25 - [MESSAGE][WARNING] - Timeout '0' is invalid. Using default page load timeout: '30'

2019-11-27 06:26:28 - [MESSAGE][PASSED] - Text 'ABDUL QODIR' has been set to element 'Object Repository/Simulasi Kredit/Simulasi Kredit - Simulasi Kredit/SimulasiKredit_Inp Sales Dealer'

2019-11-27 06:26:28 - [TEST_STEP][PASSED] - tap(findTestObject("Simulasi Kredit/Simulasi Kredit - Simulasi Kredit/SimulasiKredit_Inp Sales Dealer"), 0): Tapped on element 'Object Repository/Simulasi Kredit/Simulasi Kredit - Simulasi Kredit/SimulasiKredit_Inp Sales Dealer'

2019-11-27 06:26:28 - [MESSAGE][WARNING] - Timeout '0' is invalid. Using default page load timeout: '30'

2019-11-27 06:26:31 - [MESSAGE][PASSED] - Tapped on element 'Object Repository/Simulasi Kredit/Simulasi Kredit - Simulasi Kredit/SimulasiKredit_Inp Sales Dealer'

2019-11-27 06:26:31 - [TEST_STEP][PASSED] - tap(findTestObject("Simulasi Kredit/Simulasi Kredit - Simulasi Kredit/SimulasiKredit_LOV Sales Dealer"), 0): Tapped on element 'Object Repository/Simulasi Kredit/Simulasi Kredit - Simulasi Kredit/SimulasiKredit_LOV Sales Dealer'

2019-11-27 06:26:31 - [MESSAGE][WARNING] - Timeout '0' is invalid. Using default page load timeout: '30'

2019-11-27 06:26:34 - [MESSAGE][PASSED] - Tapped on element 'Object Repository/Simulasi Kredit/Simulasi Kredit - Simulasi Kredit/SimulasiKredit_LOV Sales Dealer'

2019-11-27 06:26:34 - [TEST_STEP][PASSED] - tap(findTestObject("Simulasi Kredit/Simulasi Kredit - Simulasi Kredit/SimulasiKredit_Btn Hitung"), 0): Tapped on element 'Object Repository/Simulasi Kredit/Simulasi Kredit - Simulasi Kredit/SimulasiKredit_Btn Hitung'

2019-11-27 06:26:34 - [MESSAGE][WARNING] - Timeout '0' is invalid. Using default page load timeout: '30'

2019-11-27 06:26:38 - [MESSAGE][PASSED] - Tapped on element 'Object Repository/Simulasi Kredit/Simulasi Kredit - Simulasi Kredit/SimulasiKredit_Btn Hitung'

2019-11-27 06:26:38 - [TEST_STEP][PASSED] - delay(20, STOP_ON_FAILURE): Delayed 20 second(s)

2019-11-27 06:26:58 - [MESSAGE][PASSED] - Delayed 20 second(s)

2019-11-27 06:26:58 - [TEST_STEP][PASSED] - tap(findTestObject("Simulasi Kredit/Simulasi Kredit - Simulasi Kredit/SimulasiKredit_Btn Berikutnya"), 0): Tapped on element 'Object Repository/Simulasi Kredit/Simulasi Kredit - Simulasi Kredit/SimulasiKredit_Btn Berikutnya'

2019-11-27 06:26:58 - [MESSAGE][WARNING] - Timeout '0' is invalid. Using default page load timeout: '30'

2019-11-27 06:27:00 - [MESSAGE][PASSED] - Tapped on element 'Object Repository/Simulasi Kredit/Simulasi Kredit - Simulasi Kredit/SimulasiKredit_Btn Berikutnya'

2019-11-27 06:27:00 - [TEST_STEP][PASSED] - delay(1, STOP_ON_FAILURE): Delayed 1 second(s)

2019-11-27 06:27:01 - [MESSAGE][PASSED] - Delayed 1 second(s)

2019-11-27 06:27:01 - [TEST_STEP][PASSED] - waitForElementPresent(findTestObject("Simulasi Kredit/Simulasi Kredit - Asuransi/Asuransi_Nama Asuransi"), 0): Element 'Object Repository/Simulasi Kredit/Simulasi Kredit - Asuransi/Asuransi_Nama Asuransi' is present

2019-11-27 06:27:02 - [MESSAGE][WARNING] - Timeout '0' is invalid. Using default page load timeout: '30'

2019-11-27 06:27:03 - [MESSAGE][PASSED] - Element 'Object Repository/Simulasi Kredit/Simulasi Kredit - Asuransi/Asuransi_Nama Asuransi' is present

2019-11-27 06:27:03 - [MESSAGE][PASSED] - Call Test Case 'Test Cases/Data Entry/Simulasi Kredit/Simulasi Kredit/MASTER FLOW/TC_Simulasi Kredit - MASTER FLOW' successfully

2019-11-27 06:27:03 - [TEST_STEP][PASSED] - callTestCase(findTestCase("Data Entry/Simulasi Kredit/Simulasi Kredit - Asuransi/MASTER FLOW/TC_Asuransi - MASTER FLOW"), ["varAsuransi":varAsuransi, "varKodeWilayah":varKodeWilayah], STOP_ON_FAILURE): Call Test Case 'Test Cases/Data Entry/Simulasi Kredit/Simulasi Kredit - Asuransi/MASTER FLOW/TC_Asuransi - MASTER FLOW' successfully

2019-11-27 06:27:03 - [TEST_CASE][PASSED] - Test Cases/Data Entry/Simulasi Kredit/Simulasi Kredit - Asuransi/MASTER FLOW/TC_Asuransi - MASTER FLOW: Test Cases/Data Entry/Simulasi Kredit/Simulasi Kredit - Asuransi/MASTER FLOW/TC_Asuransi - MASTER FLOW

2019-11-27 06:27:03 - [TEST_STEP][PASSED] - delay(2, STOP_ON_FAILURE): Delayed 2 second(s)

2019-11-27 06:27:05 - [MESSAGE][PASSED] - Delayed 2 second(s)

2019-11-27 06:27:05 - [TEST_STEP][PASSED] - tap(findTestObject("Simulasi Kredit/Simulasi Kredit - Asuransi/Asuransi_Nama Asuransi"), 0): Tapped on element 'Object Repository/Simulasi Kredit/Simulasi Kredit - Asuransi/Asuransi_Nama Asuransi'

2019-11-27 06:27:05 - [MESSAGE][WARNING] - Timeout '0' is invalid. Using default page load timeout: '30'

2019-11-27 06:27:08 - [MESSAGE][PASSED] - Tapped on element 'Object Repository/Simulasi Kredit/Simulasi Kredit - Asuransi/Asuransi_Nama Asuransi'

2019-11-27 06:27:08 - [TEST_STEP][PASSED] - setText(findTestObject("Simulasi Kredit/Simulasi Kredit - Asuransi/Asuransi_Nama Asuransi"), varAsuransi, 0): Text 'PT AAB REGULER OJK 2017(305001)' has been set to element 'Object Repository/Simulasi Kredit/Simulasi Kredit - Asuransi/Asuransi_Nama Asuransi'

2019-11-27 06:27:08 - [MESSAGE][WARNING] - Timeout '0' is invalid. Using default page load timeout: '30'

2019-11-27 06:27:12 - [MESSAGE][PASSED] - Text 'PT AAB REGULER OJK 2017(305001)' has been set to element 'Object Repository/Simulasi Kredit/Simulasi Kredit - Asuransi/Asuransi_Nama Asuransi'

2019-11-27 06:27:12 - [TEST_STEP][PASSED] - tap(findTestObject("Simulasi Kredit/Simulasi Kredit - Asuransi/Asuransi_LOV Nama Asuransi"), 0): Tapped on element 'Object Repository/Simulasi Kredit/Simulasi Kredit - Asuransi/Asuransi_LOV Nama Asuransi'

2019-11-27 06:27:12 - [MESSAGE][WARNING] - Timeout '0' is invalid. Using default page load timeout: '30'

2019-11-27 06:27:15 - [MESSAGE][PASSED] - Tapped on element 'Object Repository/Simulasi Kredit/Simulasi Kredit - Asuransi/Asuransi_LOV Nama Asuransi'

2019-11-27 06:27:15 - [TEST_STEP][PASSED] - delay(1, STOP_ON_FAILURE): Delayed 1 second(s)

2019-11-27 06:27:16 - [MESSAGE][PASSED] - Delayed 1 second(s)

2019-11-27 06:27:16 - [TEST_STEP][PASSED] - tap(findTestObject("Simulasi Kredit/Simulasi Kredit - Asuransi/Asuransi_KDWilayah"), 0): Tapped on element 'Object Repository/Simulasi Kredit/Simulasi Kredit - Asuransi/Asuransi_KDWilayah'

2019-11-27 06:27:17 - [MESSAGE][WARNING] - Timeout '0' is invalid. Using default page load timeout: '30'

2019-11-27 06:27:19 - [MESSAGE][PASSED] - Tapped on element 'Object Repository/Simulasi Kredit/Simulasi Kredit - Asuransi/Asuransi_KDWilayah'

2019-11-27 06:27:19 - [TEST_STEP][PASSED] - tap(findTestObject("dynamic object/pickListItem_checkedTextView", ["text":varKodeWilayah]), 0): Tapped on element 'Object Repository/dynamic object/pickListItem_checkedTextView'

2019-11-27 06:27:19 - [MESSAGE][WARNING] - Timeout '0' is invalid. Using default page load timeout: '30'

2019-11-27 06:27:20 - [MESSAGE][PASSED] - Tapped on element 'Object Repository/dynamic object/pickListItem_checkedTextView'

2019-11-27 06:27:20 - [TEST_STEP][PASSED] - tap(findTestObject("Simulasi Kredit/Simulasi Kredit - Asuransi/asuransi_BtnARPlus"), 0): Tapped on element 'Object Repository/Simulasi Kredit/Simulasi Kredit - Asuransi/asuransi_BtnARPlus'

2019-11-27 06:27:20 - [MESSAGE][WARNING] - Timeout '0' is invalid. Using default page load timeout: '30'

2019-11-27 06:27:22 - [MESSAGE][PASSED] - Tapped on element 'Object Repository/Simulasi Kredit/Simulasi Kredit - Asuransi/asuransi_BtnARPlus'

2019-11-27 06:27:22 - [TEST_STEP][PASSED] - tap(findTestObject("Simulasi Kredit/Simulasi Kredit - Asuransi/asuransi_BtnCashPlus"), 0): Tapped on element 'Object Repository/Simulasi Kredit/Simulasi Kredit - Asuransi/asuransi_BtnCashPlus'

2019-11-27 06:27:22 - [MESSAGE][WARNING] - Timeout '0' is invalid. Using default page load timeout: '30'

2019-11-27 06:27:24 - [MESSAGE][PASSED] - Tapped on element 'Object Repository/Simulasi Kredit/Simulasi Kredit - Asuransi/asuransi_BtnCashPlus'

2019-11-27 06:27:24 - [TEST_STEP][PASSED] - delay(2, STOP_ON_FAILURE): Delayed 2 second(s)

2019-11-27 06:27:26 - [MESSAGE][PASSED] - Delayed 2 second(s)

2019-11-27 06:27:26 - [TEST_STEP][PASSED] - tap(findTestObject("Simulasi Kredit/Simulasi Kredit - Asuransi/Asuransi_Hitung"), 0): Tapped on element 'Object Repository/Simulasi Kredit/Simulasi Kredit - Asuransi/Asuransi_Hitung'

2019-11-27 06:27:27 - [MESSAGE][WARNING] - Timeout '0' is invalid. Using default page load timeout: '30'

2019-11-27 06:27:29 - [MESSAGE][PASSED] - Tapped on element 'Object Repository/Simulasi Kredit/Simulasi Kredit - Asuransi/Asuransi_Hitung'

2019-11-27 06:27:29 - [TEST_STEP][PASSED] - delay(40, STOP_ON_FAILURE): Delayed 40 second(s)

2019-11-27 06:28:09 - [MESSAGE][PASSED] - Delayed 40 second(s)

2019-11-27 06:28:09 - [TEST_STEP][PASSED] - tap(findTestObject("Simulasi Kredit/Simulasi Kredit - Asuransi/Asuransi_Berikutnya"), 0): Tapped on element 'Object Repository/Simulasi Kredit/Simulasi Kredit - Asuransi/Asuransi_Berikutnya'

2019-11-27 06:28:09 - [MESSAGE][WARNING] - Timeout '0' is invalid. Using default page load timeout: '30'

2019-11-27 06:28:13 - [MESSAGE][PASSED] - Tapped on element 'Object Repository/Simulasi Kredit/Simulasi Kredit - Asuransi/Asuransi_Berikutnya'

2019-11-27 06:28:13 - [MESSAGE][PASSED] - Call Test Case 'Test Cases/Data Entry/Simulasi Kredit/Simulasi Kredit - Asuransi/MASTER FLOW/TC_Asuransi - MASTER FLOW' successfully

2019-11-27 06:28:13 - [TEST_STEP][PASSED] - callTestCase(findTestCase("Data Entry/Simulasi Kredit/Kategori Loan/MASTER FLOW/TC_Kategori Loan - Master FLOW"), ["varOpsiNPWP":varOpsiNPWP], STOP_ON_FAILURE): Call Test Case 'Test Cases/Data Entry/Simulasi Kredit/Kategori Loan/MASTER FLOW/TC_Kategori Loan - Master FLOW' successfully

2019-11-27 06:28:13 - [TEST_CASE][PASSED] - Test Cases/Data Entry/Simulasi Kredit/Kategori Loan/MASTER FLOW/TC_Kategori Loan - Master FLOW: Test Cases/Data Entry/Simulasi Kredit/Kategori Loan/MASTER FLOW/TC_Kategori Loan - Master FLOW

2019-11-27 06:28:13 - [TEST_STEP][PASSED] - switch (varOpsiNPWP.toString()): null

2019-11-27 06:28:13 - [TEST_STEP][PASSED] - case "Approval":: null

2019-11-27 06:28:13 - [TEST_STEP][PASSED] - tap(findTestObject("Simulasi Kredit/Simulasi Kredit - Kategori Loan/KategoriLoan_Opsi NPWP Approval"), 0): Tapped on element 'Object Repository/Simulasi Kredit/Simulasi Kredit - Kategori Loan/KategoriLoan_Opsi NPWP Approval'

2019-11-27 06:28:13 - [MESSAGE][WARNING] - Timeout '0' is invalid. Using default page load timeout: '30'

2019-11-27 06:28:15 - [MESSAGE][PASSED] - Tapped on element 'Object Repository/Simulasi Kredit/Simulasi Kredit - Kategori Loan/KategoriLoan_Opsi NPWP Approval'

2019-11-27 06:28:15 - [TEST_STEP][PASSED] - break: null

2019-11-27 06:28:15 - [TEST_STEP][PASSED] - delay(2, STOP_ON_FAILURE): Delayed 2 second(s)

2019-11-27 06:28:17 - [MESSAGE][PASSED] - Delayed 2 second(s)

2019-11-27 06:28:17 - [TEST_STEP][PASSED] - tap(findTestObject("Simulasi Kredit/Simulasi Kredit - Kategori Loan/KategoriLoan_Berikutnya"), 0): Tapped on element 'Object Repository/Simulasi Kredit/Simulasi Kredit - Kategori Loan/KategoriLoan_Berikutnya'

2019-11-27 06:28:17 - [MESSAGE][WARNING] - Timeout '0' is invalid. Using default page load timeout: '30'

2019-11-27 06:28:19 - [MESSAGE][PASSED] - Tapped on element 'Object Repository/Simulasi Kredit/Simulasi Kredit - Kategori Loan/KategoriLoan_Berikutnya'

2019-11-27 06:28:19 - [MESSAGE][PASSED] - Call Test Case 'Test Cases/Data Entry/Simulasi Kredit/Kategori Loan/MASTER FLOW/TC_Kategori Loan - Master FLOW' successfully

2019-11-27 06:28:19 - [TEST_STEP][PASSED] - callTestCase(findTestCase("Data Entry/Simulasi Kredit/Loan Detail/MASTER FLOW/TC_Loan Detail - MASTER FLOW"), [:], STOP_ON_FAILURE): Call Test Case 'Test Cases/Data Entry/Simulasi Kredit/Loan Detail/MASTER FLOW/TC_Loan Detail - MASTER FLOW' successfully

2019-11-27 06:28:19 - [TEST_CASE][PASSED] - Test Cases/Data Entry/Simulasi Kredit/Loan Detail/MASTER FLOW/TC_Loan Detail - MASTER FLOW: Test Cases/Data Entry/Simulasi Kredit/Loan Detail/MASTER FLOW/TC_Loan Detail - MASTER FLOW

2019-11-27 06:28:19 - [TEST_STEP][PASSED] - mobile.mobileSwipe.RightLeft(0.9, 0.5, 600): mobile.mobileSwipe.RightLeft is PASSED

2019-11-27 06:28:20 - [MESSAGE][PASSED] - Current device physical width is 1080

2019-11-27 06:28:21 - [MESSAGE][PASSED] - Current device physical height is 2131

2019-11-27 06:28:21 - [MESSAGE][INFO] - Device Height : 2131

2019-11-27 06:28:21 - [MESSAGE][INFO] - Device Width : 1080

2019-11-27 06:28:21 - [MESSAGE][INFO] - Swipe start at Width : 971

2019-11-27 06:28:21 - [MESSAGE][INFO] - Swipe end at Witdh : 540

2019-11-27 06:28:21 - [MESSAGE][INFO] - Y Position : 600

2019-11-27 06:28:23 - [MESSAGE][PASSED] - Swiped from 971,600 to 540,600

2019-11-27 06:28:23 - [MESSAGE][PASSED] - mobile.mobileSwipe.RightLeft is PASSED

2019-11-27 06:28:23 - [TEST_STEP][PASSED] - delay(3, STOP_ON_FAILURE): Delayed 3 second(s)

2019-11-27 06:28:26 - [MESSAGE][PASSED] - Delayed 3 second(s)

2019-11-27 06:28:26 - [TEST_STEP][PASSED] - mobile.mobileSwipe.UpDown(0.8, 0.4, 1000): mobile.mobileSwipe.UpDown is PASSED

2019-11-27 06:28:27 - [MESSAGE][PASSED] - Current device physical height is 2131

2019-11-27 06:28:27 - [MESSAGE][INFO] - Device Height : 2131

2019-11-27 06:28:28 - [MESSAGE][PASSED] - Current device physical width is 1080

2019-11-27 06:28:28 - [MESSAGE][INFO] - Device Width : 1080

2019-11-27 06:28:28 - [MESSAGE][INFO] - Swipe start at Height : 1704

2019-11-27 06:28:28 - [MESSAGE][INFO] - Swipe end at Height : 852

2019-11-27 06:28:28 - [MESSAGE][INFO] - X Position : 1000

2019-11-27 06:28:30 - [MESSAGE][PASSED] - Swiped from 1,000,1,704 to 1,000,852

2019-11-27 06:28:30 - [MESSAGE][PASSED] - mobile.mobileSwipe.UpDown is PASSED

2019-11-27 06:28:30 - [TEST_STEP][PASSED] - delay(7, STOP_ON_FAILURE): Delayed 7 second(s)

2019-11-27 06:28:37 - [MESSAGE][PASSED] - Delayed 7 second(s)

2019-11-27 06:28:37 - [TEST_STEP][PASSED] - tap(findTestObject("Simulasi Kredit/Simulasi Kredit - Loan Detail/LoanDetail_Hitung"), 0): Tapped on element 'Object Repository/Simulasi Kredit/Simulasi Kredit - Loan Detail/LoanDetail_Hitung'

2019-11-27 06:28:37 - [MESSAGE][WARNING] - Timeout '0' is invalid. Using default page load timeout: '30'

2019-11-27 06:28:39 - [MESSAGE][PASSED] - Tapped on element 'Object Repository/Simulasi Kredit/Simulasi Kredit - Loan Detail/LoanDetail_Hitung'

2019-11-27 06:28:39 - [TEST_STEP][PASSED] - delay(10, STOP_ON_FAILURE): Delayed 10 second(s)

2019-11-27 06:28:49 - [MESSAGE][PASSED] - Delayed 10 second(s)

2019-11-27 06:28:49 - [TEST_STEP][PASSED] - tap(findTestObject("Simulasi Kredit/Simulasi Kredit - Loan Detail/LoanDetail_Berikutnya"), 0): Tapped on element 'Object Repository/Simulasi Kredit/Simulasi Kredit - Loan Detail/LoanDetail_Berikutnya'

2019-11-27 06:28:49 - [MESSAGE][WARNING] - Timeout '0' is invalid. Using default page load timeout: '30'

2019-11-27 06:28:52 - [MESSAGE][PASSED] - Tapped on element 'Object Repository/Simulasi Kredit/Simulasi Kredit - Loan Detail/LoanDetail_Berikutnya'

2019-11-27 06:28:52 - [TEST_STEP][PASSED] - delay(10, STOP_ON_FAILURE): Delayed 10 second(s)

2019-11-27 06:29:02 - [MESSAGE][PASSED] - Delayed 10 second(s)

2019-11-27 06:29:02 - [TEST_STEP][PASSED] - tap(findTestObject("Simulasi Kredit/Simulasi Kredit - Loan Detail/LoanDetail_Berikutnya"), 0): Tapped on element 'Object Repository/Simulasi Kredit/Simulasi Kredit - Loan Detail/LoanDetail_Berikutnya'

2019-11-27 06:29:02 - [MESSAGE][WARNING] - Timeout '0' is invalid. Using default page load timeout: '30'

2019-11-27 06:29:04 - [MESSAGE][PASSED] - Tapped on element 'Object Repository/Simulasi Kredit/Simulasi Kredit - Loan Detail/LoanDetail_Berikutnya'

2019-11-27 06:29:04 - [TEST_STEP][PASSED] - delay(10, STOP_ON_FAILURE): Delayed 10 second(s)

2019-11-27 06:29:14 - [MESSAGE][PASSED] - Delayed 10 second(s)

2019-11-27 06:29:14 - [MESSAGE][PASSED] - Call Test Case 'Test Cases/Data Entry/Simulasi Kredit/Loan Detail/MASTER FLOW/TC_Loan Detail - MASTER FLOW' successfully

2019-11-27 06:29:14 - [TEST_STEP][FAILED] - callTestCase(findTestCase("Data Entry/Upload Document/Borrower/MASTER FLOW/TC_Upload Document - borrower - MASTER FLOW"), ["Borrower_varKTP":Borrower_varKTP], STOP_ON_FAILURE): Unable to call Test Case 'Test Cases/Data Entry/Upload Document/Borrower/MASTER FLOW/TC_Upload Document - borrower - MASTER FLOW' (Root cause: com.kms.katalon.core.exception.StepFailedException: Call Test Case 'Test Cases/Data Entry/Upload Document/Borrower/MASTER FLOW/TC_Upload Document - borrower - MASTER FLOW' failed
	at com.kms.katalon.core.keyword.builtin.CallTestCaseKeyword$_callTestCase_closure1.doCall(CallTestCaseKeyword.groovy:63)
	at com.kms.katalon.core.keyword.builtin.CallTestCaseKeyword$_callTestCase_closure1.call(CallTestCaseKeyword.groovy)
	at com.kms.katalon.core.keyword.internal.KeywordMain.runKeyword(KeywordMain.groovy:68)
	at com.kms.katalon.core.keyword.builtin.CallTestCaseKeyword.callTestCase(CallTestCaseKeyword.groovy:81)
	at com.kms.katalon.core.keyword.builtin.CallTestCaseKeyword.execute(CallTestCaseKeyword.groovy:44)
	at com.kms.katalon.core.keyword.internal.KeywordExecutor.executeKeywordForPlatform(KeywordExecutor.groovy:60)
	at com.kms.katalon.core.keyword.BuiltinKeywords.callTestCase(BuiltinKeywords.groovy:334)
	at TC_Data Entry.run(TC_Data Entry:35)
	at com.kms.katalon.core.main.ScriptEngine.run(ScriptEngine.java:194)
	at com.kms.katalon.core.main.ScriptEngine.runScriptAsRawText(ScriptEngine.java:119)
	at com.kms.katalon.core.main.TestCaseExecutor.runScript(TestCaseExecutor.java:337)
	at com.kms.katalon.core.main.TestCaseExecutor.doExecute(TestCaseExecutor.java:328)
	at com.kms.katalon.core.main.TestCaseExecutor.processExecutionPhase(TestCaseExecutor.java:307)
	at com.kms.katalon.core.main.TestCaseExecutor.accessMainPhase(TestCaseExecutor.java:299)
	at com.kms.katalon.core.main.TestCaseExecutor.execute(TestCaseExecutor.java:233)
	at com.kms.katalon.core.main.TestSuiteExecutor.accessTestCaseMainPhase(TestSuiteExecutor.java:169)
	at com.kms.katalon.core.main.TestSuiteExecutor.accessTestSuiteMainPhase(TestSuiteExecutor.java:142)
	at com.kms.katalon.core.main.TestSuiteExecutor.execute(TestSuiteExecutor.java:91)
	at com.kms.katalon.core.main.TestCaseMain.startTestSuite(TestCaseMain.java:157)
	at com.kms.katalon.core.main.TestCaseMain$startTestSuite$0.call(Unknown Source)
	at TempTestSuite1574807893706.run(TempTestSuite1574807893706.groovy:36)
Caused by: com.kms.katalon.core.exception.StepFailedException: Failed to tap on element 'Object Repository/Upload Document/Upload Document - Item Upload/UnggahDokumen_BtnKTP' (Root cause: org.openqa.selenium.WebDriverException: An unknown server-side error occurred while processing the command. Original error: Could not proxy. Proxy error: Could not proxy command to remote server. Original error: Error: socket hang up
Build info: version: '3.141.59', revision: 'e82be7d358', time: '2018-11-14T08:25:53'
System info: host: 'FATITQC15420L', ip: '192.168.1.11', os.name: 'Windows 10', os.arch: 'amd64', os.version: '10.0', java.version: '1.8.0_181'
Driver info: com.kms.katalon.core.appium.driver.SwipeableAndroidDriver
Capabilities {app: C:\Users\15420\git\ACCME-Du..., appPackage: com.outsystemsenterprise.ac..., autoGrantPermissions: true, automationName: uiautomator2, databaseEnabled: false, desired: {app: C:\Users\15420\git\ACCME-Du..., autoGrantPermissions: true, automationName: uiautomator2, deviceId: , deviceName: samsung SM-A505F (Android 9), fullReset: false, newCommandTimeout: 1800, noReset: true, platform: ANDROID, platformName: android, platformVersion: 9, resetKeyboard: true, systemPort: 57782, udid: RR8M30NJT6T, unicodeKeyboard: true}, deviceApiLevel: 28, deviceId: , deviceManufacturer: samsung, deviceModel: SM-A505F, deviceName: RR8M30NJT6T, deviceScreenDensity: 420, deviceScreenSize: 1080x2340, deviceUDID: RR8M30NJT6T, fullReset: false, javascriptEnabled: true, locationContextEnabled: false, networkConnectionEnabled: true, newCommandTimeout: 1800, noReset: true, pixelRatio: 2.625, platform: ANDROID, platformName: Android, platformVersion: 9, resetKeyboard: true, statBarHeight: 83, systemPort: 57782, takesScreenshot: true, udid: RR8M30NJT6T, unicodeKeyboard: true, viewportRect: {height: 2048, left: 0, top: 83, width: 1080}, warnings: {}, webStorageEnabled: false}
Session ID: 76798100-b292-4e1a-902b-7ef53b3bed43
	at org.openqa.selenium.remote.http.W3CHttpResponseCodec.createException(W3CHttpResponseCodec.java:187)
	at org.openqa.selenium.remote.http.W3CHttpResponseCodec.decode(W3CHttpResponseCodec.java:122)
	at org.openqa.selenium.remote.http.W3CHttpResponseCodec.decode(W3CHttpResponseCodec.java:49)
	at org.openqa.selenium.remote.HttpCommandExecutor.execute(HttpCommandExecutor.java:158)
	at io.appium.java_client.remote.AppiumCommandExecutor.execute(AppiumCommandExecutor.java:239)
	at org.openqa.selenium.remote.RemoteWebDriver.execute(RemoteWebDriver.java:552)
	at io.appium.java_client.DefaultGenericMobileDriver.execute(DefaultGenericMobileDriver.java:42)
	at io.appium.java_client.AppiumDriver.execute(AppiumDriver.java:1)
	at io.appium.java_client.android.AndroidDriver.execute(AndroidDriver.java:1)
	at com.kms.katalon.core.appium.driver.SwipeableAndroidDriver.execute(SwipeableAndroidDriver.java:1)
	at org.openqa.selenium.remote.RemoteWebElement.execute(RemoteWebElement.java:285)
	at io.appium.java_client.DefaultGenericMobileElement.execute(DefaultGenericMobileElement.java:45)
	at io.appium.java_client.MobileElement.execute(MobileElement.java:1)
	at io.appium.java_client.android.AndroidElement.execute(AndroidElement.java:1)
	at org.openqa.selenium.remote.RemoteWebElement.getLocation(RemoteWebElement.java:337)
	at org.openqa.selenium.WebElement$getLocation.call(Unknown Source)
	at com.kms.katalon.core.mobile.keyword.internal.MobileAbstractKeyword.findElement(MobileAbstractKeyword.groovy:86)
	at com.kms.katalon.core.mobile.keyword.builtin.TapKeyword$_tap_closure1.doCall(TapKeyword.groovy:76)
	at com.kms.katalon.core.mobile.keyword.builtin.TapKeyword$_tap_closure1.call(TapKeyword.groovy)
	at com.kms.katalon.core.mobile.keyword.internal.MobileKeywordMain.runKeyword(MobileKeywordMain.groovy:21)
	at com.kms.katalon.core.mobile.keyword.builtin.TapKeyword.tap(TapKeyword.groovy:86)
	at com.kms.katalon.core.mobile.keyword.builtin.TapKeyword.execute(TapKeyword.groovy:68)
	at com.kms.katalon.core.keyword.internal.KeywordExecutor.executeKeywordForPlatform(KeywordExecutor.groovy:60)
	at com.kms.katalon.core.mobile.keyword.MobileBuiltInKeywords.tap(MobileBuiltInKeywords.groovy:520)
	at com.kms.katalon.core.mobile.keyword.MobileBuiltInKeywords$tap$1.call(Unknown Source)
	at TC_Upload Document - borrower - MASTER FLOW.run(TC_Upload Document - borrower - MASTER FLOW:16)
	at com.kms.katalon.core.main.ScriptEngine.run(ScriptEngine.java:194)
	at com.kms.katalon.core.main.ScriptEngine.runScriptAsRawText(ScriptEngine.java:119)
	at com.kms.katalon.core.main.TestCaseExecutor.runScript(TestCaseExecutor.java:337)
	at com.kms.katalon.core.main.TestCaseExecutor.doExecute(TestCaseExecutor.java:328)
	at com.kms.katalon.core.main.TestCaseExecutor.processExecutionPhase(TestCaseExecutor.java:307)
	at com.kms.katalon.core.main.TestCaseExecutor.accessMainPhase(TestCaseExecutor.java:299)
	at com.kms.katalon.core.main.TestCaseExecutor.execute(TestCaseExecutor.java:233)
	at com.kms.katalon.core.main.TestCaseMain.runTestCase(TestCaseMain.java:114)
	at com.kms.katalon.core.keyword.builtin.CallTestCaseKeyword$_callTestCase_closure1.doCall(CallTestCaseKeyword.groovy:59)
	at com.kms.katalon.core.keyword.builtin.CallTestCaseKeyword$_callTestCase_closure1.call(CallTestCaseKeyword.groovy)
	at com.kms.katalon.core.keyword.internal.KeywordMain.runKeyword(KeywordMain.groovy:68)
	at com.kms.katalon.core.keyword.builtin.CallTestCaseKeyword.callTestCase(CallTestCaseKeyword.groovy:81)
	at com.kms.katalon.core.keyword.builtin.CallTestCaseKeyword.execute(CallTestCaseKeyword.groovy:44)
	at com.kms.katalon.core.keyword.internal.KeywordExecutor.executeKeywordForPlatform(KeywordExecutor.groovy:60)
	at com.kms.katalon.core.keyword.BuiltinKeywords.callTestCase(BuiltinKeywords.groovy:334)
	at TC_Data Entry.run(TC_Data Entry:35)
	at com.kms.katalon.core.main.ScriptEngine.run(ScriptEngine.java:194)
	at com.kms.katalon.core.main.ScriptEngine.runScriptAsRawText(ScriptEngine.java:119)
	at com.kms.katalon.core.main.TestCaseExecutor.runScript(TestCaseExecutor.java:337)
	at com.kms.katalon.core.main.TestCaseExecutor.doExecute(TestCaseExecutor.java:328)
	at com.kms.katalon.core.main.TestCaseExecutor.processExecutionPhase(TestCaseExecutor.java:307)
	at com.kms.katalon.core.main.TestCaseExecutor.accessMainPhase(TestCaseExecutor.java:299)
	at com.kms.katalon.core.main.TestCaseExecutor.execute(TestCaseExecutor.java:233)
	at com.kms.katalon.core.main.TestSuiteExecutor.accessTestCaseMainPhase(TestSuiteExecutor.java:169)
	at com.kms.katalon.core.main.TestSuiteExecutor.accessTestSuiteMainPhase(TestSuiteExecutor.java:142)
	at com.kms.katalon.core.main.TestSuiteExecutor.execute(TestSuiteExecutor.java:91)
	at com.kms.katalon.core.main.TestCaseMain.startTestSuite(TestCaseMain.java:157)
	at com.kms.katalon.core.main.TestCaseMain$startTestSuite$0.call(Unknown Source)
	at TempTestSuite1574807893706.run(TempTestSuite1574807893706.groovy:36)
)
	at com.kms.katalon.core.keyword.internal.KeywordMain.stepFailed(KeywordMain.groovy:50)
	at com.kms.katalon.core.mobile.keyword.internal.MobileKeywordMain.stepFailed(MobileKeywordMain.groovy:40)
	at com.kms.katalon.core.mobile.keyword.internal.MobileKeywordMain.runKeyword(MobileKeywordMain.groovy:23)
	at com.kms.katalon.core.mobile.keyword.builtin.TapKeyword.tap(TapKeyword.groovy:86)
	at com.kms.katalon.core.mobile.keyword.builtin.TapKeyword.execute(TapKeyword.groovy:68)
	at com.kms.katalon.core.keyword.internal.KeywordExecutor.executeKeywordForPlatform(KeywordExecutor.groovy:60)
	at com.kms.katalon.core.mobile.keyword.MobileBuiltInKeywords.tap(MobileBuiltInKeywords.groovy:520)
	at com.kms.katalon.core.mobile.keyword.MobileBuiltInKeywords$tap$1.call(Unknown Source)
	at TC_Upload Document - borrower - MASTER FLOW.run(TC_Upload Document - borrower - MASTER FLOW:16)
	at com.kms.katalon.core.main.ScriptEngine.run(ScriptEngine.java:194)
	at com.kms.katalon.core.main.ScriptEngine.runScriptAsRawText(ScriptEngine.java:119)
	at com.kms.katalon.core.main.TestCaseExecutor.runScript(TestCaseExecutor.java:337)
	at com.kms.katalon.core.main.TestCaseExecutor.doExecute(TestCaseExecutor.java:328)
	at com.kms.katalon.core.main.TestCaseExecutor.processExecutionPhase(TestCaseExecutor.java:307)
	at com.kms.katalon.core.main.TestCaseExecutor.accessMainPhase(TestCaseExecutor.java:299)
	at com.kms.katalon.core.main.TestCaseExecutor.execute(TestCaseExecutor.java:233)
	at com.kms.katalon.core.main.TestCaseMain.runTestCase(TestCaseMain.java:114)
	at com.kms.katalon.core.keyword.builtin.CallTestCaseKeyword$_callTestCase_closure1.doCall(CallTestCaseKeyword.groovy:59)
	... 20 more
Caused by: org.openqa.selenium.WebDriverException: An unknown server-side error occurred while processing the command. Original error: Could not proxy. Proxy error: Could not proxy command to remote server. Original error: Error: socket hang up
Build info: version: '3.141.59', revision: 'e82be7d358', time: '2018-11-14T08:25:53'
System info: host: 'FATITQC15420L', ip: '192.168.1.11', os.name: 'Windows 10', os.arch: 'amd64', os.version: '10.0', java.version: '1.8.0_181'
Driver info: com.kms.katalon.core.appium.driver.SwipeableAndroidDriver
Capabilities {app: C:\Users\15420\git\ACCME-Du..., appPackage: com.outsystemsenterprise.ac..., autoGrantPermissions: true, automationName: uiautomator2, databaseEnabled: false, desired: {app: C:\Users\15420\git\ACCME-Du..., autoGrantPermissions: true, automationName: uiautomator2, deviceId: , deviceName: samsung SM-A505F (Android 9), fullReset: false, newCommandTimeout: 1800, noReset: true, platform: ANDROID, platformName: android, platformVersion: 9, resetKeyboard: true, systemPort: 57782, udid: RR8M30NJT6T, unicodeKeyboard: true}, deviceApiLevel: 28, deviceId: , deviceManufacturer: samsung, deviceModel: SM-A505F, deviceName: RR8M30NJT6T, deviceScreenDensity: 420, deviceScreenSize: 1080x2340, deviceUDID: RR8M30NJT6T, fullReset: false, javascriptEnabled: true, locationContextEnabled: false, networkConnectionEnabled: true, newCommandTimeout: 1800, noReset: true, pixelRatio: 2.625, platform: ANDROID, platformName: Android, platformVersion: 9, resetKeyboard: true, statBarHeight: 83, systemPort: 57782, takesScreenshot: true, udid: RR8M30NJT6T, unicodeKeyboard: true, viewportRect: {height: 2048, left: 0, top: 83, width: 1080}, warnings: {}, webStorageEnabled: false}
Session ID: 76798100-b292-4e1a-902b-7ef53b3bed43
	at org.openqa.selenium.remote.http.W3CHttpResponseCodec.createException(W3CHttpResponseCodec.java:187)
	at org.openqa.selenium.remote.http.W3CHttpResponseCodec.decode(W3CHttpResponseCodec.java:122)
	at org.openqa.selenium.remote.http.W3CHttpResponseCodec.decode(W3CHttpResponseCodec.java:49)
	at org.openqa.selenium.remote.HttpCommandExecutor.execute(HttpCommandExecutor.java:158)
	at io.appium.java_client.remote.AppiumCommandExecutor.execute(AppiumCommandExecutor.java:239)
	at org.openqa.selenium.remote.RemoteWebDriver.execute(RemoteWebDriver.java:552)
	at io.appium.java_client.DefaultGenericMobileDriver.execute(DefaultGenericMobileDriver.java:42)
	at io.appium.java_client.AppiumDriver.execute(AppiumDriver.java:1)
	at io.appium.java_client.android.AndroidDriver.execute(AndroidDriver.java:1)
	at com.kms.katalon.core.appium.driver.SwipeableAndroidDriver.execute(SwipeableAndroidDriver.java:1)
	at org.openqa.selenium.remote.RemoteWebElement.execute(RemoteWebElement.java:285)
	at io.appium.java_client.DefaultGenericMobileElement.execute(DefaultGenericMobileElement.java:45)
	at io.appium.java_client.MobileElement.execute(MobileElement.java:1)
	at io.appium.java_client.android.AndroidElement.execute(AndroidElement.java:1)
	at org.openqa.selenium.remote.RemoteWebElement.getLocation(RemoteWebElement.java:337)
	at org.openqa.selenium.WebElement$getLocation.call(Unknown Source)
	at com.kms.katalon.core.mobile.keyword.internal.MobileAbstractKeyword.findElement(MobileAbstractKeyword.groovy:86)
	at com.kms.katalon.core.mobile.keyword.builtin.TapKeyword$_tap_closure1.doCall(TapKeyword.groovy:76)
	at com.kms.katalon.core.mobile.keyword.builtin.TapKeyword$_tap_closure1.call(TapKeyword.groovy)
	at com.kms.katalon.core.mobile.keyword.internal.MobileKeywordMain.runKeyword(MobileKeywordMain.groovy:21)
	... 35 more
)

2019-11-27 06:29:14 - [TEST_CASE][FAILED] - Test Cases/Data Entry/Upload Document/Borrower/MASTER FLOW/TC_Upload Document - borrower - MASTER FLOW: Test Cases/Data Entry/Upload Document/Borrower/MASTER FLOW/TC_Upload Document - borrower - MASTER FLOW FAILED.
Reason:
com.kms.katalon.core.exception.StepFailedException: Failed to tap on element 'Object Repository/Upload Document/Upload Document - Item Upload/UnggahDokumen_BtnKTP' (Root cause: org.openqa.selenium.WebDriverException: An unknown server-side error occurred while processing the command. Original error: Could not proxy. Proxy error: Could not proxy command to remote server. Original error: Error: socket hang up
Build info: version: '3.141.59', revision: 'e82be7d358', time: '2018-11-14T08:25:53'
System info: host: 'FATITQC15420L', ip: '192.168.1.11', os.name: 'Windows 10', os.arch: 'amd64', os.version: '10.0', java.version: '1.8.0_181'
Driver info: com.kms.katalon.core.appium.driver.SwipeableAndroidDriver
Capabilities {app: C:\Users\15420\git\ACCME-Du..., appPackage: com.outsystemsenterprise.ac..., autoGrantPermissions: true, automationName: uiautomator2, databaseEnabled: false, desired: {app: C:\Users\15420\git\ACCME-Du..., autoGrantPermissions: true, automationName: uiautomator2, deviceId: , deviceName: samsung SM-A505F (Android 9), fullReset: false, newCommandTimeout: 1800, noReset: true, platform: ANDROID, platformName: android, platformVersion: 9, resetKeyboard: true, systemPort: 57782, udid: RR8M30NJT6T, unicodeKeyboard: true}, deviceApiLevel: 28, deviceId: , deviceManufacturer: samsung, deviceModel: SM-A505F, deviceName: RR8M30NJT6T, deviceScreenDensity: 420, deviceScreenSize: 1080x2340, deviceUDID: RR8M30NJT6T, fullReset: false, javascriptEnabled: true, locationContextEnabled: false, networkConnectionEnabled: true, newCommandTimeout: 1800, noReset: true, pixelRatio: 2.625, platform: ANDROID, platformName: Android, platformVersion: 9, resetKeyboard: true, statBarHeight: 83, systemPort: 57782, takesScreenshot: true, udid: RR8M30NJT6T, unicodeKeyboard: true, viewportRect: {height: 2048, left: 0, top: 83, width: 1080}, warnings: {}, webStorageEnabled: false}
Session ID: 76798100-b292-4e1a-902b-7ef53b3bed43
	at org.openqa.selenium.remote.http.W3CHttpResponseCodec.createException(W3CHttpResponseCodec.java:187)
	at org.openqa.selenium.remote.http.W3CHttpResponseCodec.decode(W3CHttpResponseCodec.java:122)
	at org.openqa.selenium.remote.http.W3CHttpResponseCodec.decode(W3CHttpResponseCodec.java:49)
	at org.openqa.selenium.remote.HttpCommandExecutor.execute(HttpCommandExecutor.java:158)
	at io.appium.java_client.remote.AppiumCommandExecutor.execute(AppiumCommandExecutor.java:239)
	at org.openqa.selenium.remote.RemoteWebDriver.execute(RemoteWebDriver.java:552)
	at io.appium.java_client.DefaultGenericMobileDriver.execute(DefaultGenericMobileDriver.java:42)
	at io.appium.java_client.AppiumDriver.execute(AppiumDriver.java:1)
	at io.appium.java_client.android.AndroidDriver.execute(AndroidDriver.java:1)
	at com.kms.katalon.core.appium.driver.SwipeableAndroidDriver.execute(SwipeableAndroidDriver.java:1)
	at org.openqa.selenium.remote.RemoteWebElement.execute(RemoteWebElement.java:285)
	at io.appium.java_client.DefaultGenericMobileElement.execute(DefaultGenericMobileElement.java:45)
	at io.appium.java_client.MobileElement.execute(MobileElement.java:1)
	at io.appium.java_client.android.AndroidElement.execute(AndroidElement.java:1)
	at org.openqa.selenium.remote.RemoteWebElement.getLocation(RemoteWebElement.java:337)
	at org.openqa.selenium.WebElement$getLocation.call(Unknown Source)
	at com.kms.katalon.core.mobile.keyword.internal.MobileAbstractKeyword.findElement(MobileAbstractKeyword.groovy:86)
	at com.kms.katalon.core.mobile.keyword.builtin.TapKeyword$_tap_closure1.doCall(TapKeyword.groovy:76)
	at com.kms.katalon.core.mobile.keyword.builtin.TapKeyword$_tap_closure1.call(TapKeyword.groovy)
	at com.kms.katalon.core.mobile.keyword.internal.MobileKeywordMain.runKeyword(MobileKeywordMain.groovy:21)
	at com.kms.katalon.core.mobile.keyword.builtin.TapKeyword.tap(TapKeyword.groovy:86)
	at com.kms.katalon.core.mobile.keyword.builtin.TapKeyword.execute(TapKeyword.groovy:68)
	at com.kms.katalon.core.keyword.internal.KeywordExecutor.executeKeywordForPlatform(KeywordExecutor.groovy:60)
	at com.kms.katalon.core.mobile.keyword.MobileBuiltInKeywords.tap(MobileBuiltInKeywords.groovy:520)
	at com.kms.katalon.core.mobile.keyword.MobileBuiltInKeywords$tap$1.call(Unknown Source)
	at TC_Upload Document - borrower - MASTER FLOW.run(TC_Upload Document - borrower - MASTER FLOW:16)
	at com.kms.katalon.core.main.ScriptEngine.run(ScriptEngine.java:194)
	at com.kms.katalon.core.main.ScriptEngine.runScriptAsRawText(ScriptEngine.java:119)
	at com.kms.katalon.core.main.TestCaseExecutor.runScript(TestCaseExecutor.java:337)
	at com.kms.katalon.core.main.TestCaseExecutor.doExecute(TestCaseExecutor.java:328)
	at com.kms.katalon.core.main.TestCaseExecutor.processExecutionPhase(TestCaseExecutor.java:307)
	at com.kms.katalon.core.main.TestCaseExecutor.accessMainPhase(TestCaseExecutor.java:299)
	at com.kms.katalon.core.main.TestCaseExecutor.execute(TestCaseExecutor.java:233)
	at com.kms.katalon.core.main.TestCaseMain.runTestCase(TestCaseMain.java:114)
	at com.kms.katalon.core.keyword.builtin.CallTestCaseKeyword$_callTestCase_closure1.doCall(CallTestCaseKeyword.groovy:59)
	at com.kms.katalon.core.keyword.builtin.CallTestCaseKeyword$_callTestCase_closure1.call(CallTestCaseKeyword.groovy)
	at com.kms.katalon.core.keyword.internal.KeywordMain.runKeyword(KeywordMain.groovy:68)
	at com.kms.katalon.core.keyword.builtin.CallTestCaseKeyword.callTestCase(CallTestCaseKeyword.groovy:81)
	at com.kms.katalon.core.keyword.builtin.CallTestCaseKeyword.execute(CallTestCaseKeyword.groovy:44)
	at com.kms.katalon.core.keyword.internal.KeywordExecutor.executeKeywordForPlatform(KeywordExecutor.groovy:60)
	at com.kms.katalon.core.keyword.BuiltinKeywords.callTestCase(BuiltinKeywords.groovy:334)
	at TC_Data Entry.run(TC_Data Entry:35)
	at com.kms.katalon.core.main.ScriptEngine.run(ScriptEngine.java:194)
	at com.kms.katalon.core.main.ScriptEngine.runScriptAsRawText(ScriptEngine.java:119)
	at com.kms.katalon.core.main.TestCaseExecutor.runScript(TestCaseExecutor.java:337)
	at com.kms.katalon.core.main.TestCaseExecutor.doExecute(TestCaseExecutor.java:328)
	at com.kms.katalon.core.main.TestCaseExecutor.processExecutionPhase(TestCaseExecutor.java:307)
	at com.kms.katalon.core.main.TestCaseExecutor.accessMainPhase(TestCaseExecutor.java:299)
	at com.kms.katalon.core.main.TestCaseExecutor.execute(TestCaseExecutor.java:233)
	at com.kms.katalon.core.main.TestSuiteExecutor.accessTestCaseMainPhase(TestSuiteExecutor.java:169)
	at com.kms.katalon.core.main.TestSuiteExecutor.accessTestSuiteMainPhase(TestSuiteExecutor.java:142)
	at com.kms.katalon.core.main.TestSuiteExecutor.execute(TestSuiteExecutor.java:91)
	at com.kms.katalon.core.main.TestCaseMain.startTestSuite(TestCaseMain.java:157)
	at com.kms.katalon.core.main.TestCaseMain$startTestSuite$0.call(Unknown Source)
	at TempTestSuite1574807893706.run(TempTestSuite1574807893706.groovy:36)
)
	at com.kms.katalon.core.keyword.internal.KeywordMain.stepFailed(KeywordMain.groovy:50)
	at com.kms.katalon.core.mobile.keyword.internal.MobileKeywordMain.stepFailed(MobileKeywordMain.groovy:40)
	at com.kms.katalon.core.mobile.keyword.internal.MobileKeywordMain.runKeyword(MobileKeywordMain.groovy:23)
	at com.kms.katalon.core.mobile.keyword.builtin.TapKeyword.tap(TapKeyword.groovy:86)
	at com.kms.katalon.core.mobile.keyword.builtin.TapKeyword.execute(TapKeyword.groovy:68)
	at com.kms.katalon.core.keyword.internal.KeywordExecutor.executeKeywordForPlatform(KeywordExecutor.groovy:60)
	at com.kms.katalon.core.mobile.keyword.MobileBuiltInKeywords.tap(MobileBuiltInKeywords.groovy:520)
	at com.kms.katalon.core.mobile.keyword.MobileBuiltInKeywords$tap$1.call(Unknown Source)
	at TC_Upload Document - borrower - MASTER FLOW.run(TC_Upload Document - borrower - MASTER FLOW:16)
	at com.kms.katalon.core.main.ScriptEngine.run(ScriptEngine.java:194)
	at com.kms.katalon.core.main.ScriptEngine.runScriptAsRawText(ScriptEngine.java:119)
	at com.kms.katalon.core.main.TestCaseExecutor.runScript(TestCaseExecutor.java:337)
	at com.kms.katalon.core.main.TestCaseExecutor.doExecute(TestCaseExecutor.java:328)
	at com.kms.katalon.core.main.TestCaseExecutor.processExecutionPhase(TestCaseExecutor.java:307)
	at com.kms.katalon.core.main.TestCaseExecutor.accessMainPhase(TestCaseExecutor.java:299)
	at com.kms.katalon.core.main.TestCaseExecutor.execute(TestCaseExecutor.java:233)
	at com.kms.katalon.core.main.TestCaseMain.runTestCase(TestCaseMain.java:114)
	at com.kms.katalon.core.keyword.builtin.CallTestCaseKeyword$_callTestCase_closure1.doCall(CallTestCaseKeyword.groovy:59)
	at com.kms.katalon.core.keyword.builtin.CallTestCaseKeyword$_callTestCase_closure1.call(CallTestCaseKeyword.groovy)
	at com.kms.katalon.core.keyword.internal.KeywordMain.runKeyword(KeywordMain.groovy:68)
	at com.kms.katalon.core.keyword.builtin.CallTestCaseKeyword.callTestCase(CallTestCaseKeyword.groovy:81)
	at com.kms.katalon.core.keyword.builtin.CallTestCaseKeyword.execute(CallTestCaseKeyword.groovy:44)
	at com.kms.katalon.core.keyword.internal.KeywordExecutor.executeKeywordForPlatform(KeywordExecutor.groovy:60)
	at com.kms.katalon.core.keyword.BuiltinKeywords.callTestCase(BuiltinKeywords.groovy:334)
	at TC_Data Entry.run(TC_Data Entry:35)
	at com.kms.katalon.core.main.ScriptEngine.run(ScriptEngine.java:194)
	at com.kms.katalon.core.main.ScriptEngine.runScriptAsRawText(ScriptEngine.java:119)
	at com.kms.katalon.core.main.TestCaseExecutor.runScript(TestCaseExecutor.java:337)
	at com.kms.katalon.core.main.TestCaseExecutor.doExecute(TestCaseExecutor.java:328)
	at com.kms.katalon.core.main.TestCaseExecutor.processExecutionPhase(TestCaseExecutor.java:307)
	at com.kms.katalon.core.main.TestCaseExecutor.accessMainPhase(TestCaseExecutor.java:299)
	at com.kms.katalon.core.main.TestCaseExecutor.execute(TestCaseExecutor.java:233)
	at com.kms.katalon.core.main.TestSuiteExecutor.accessTestCaseMainPhase(TestSuiteExecutor.java:169)
	at com.kms.katalon.core.main.TestSuiteExecutor.accessTestSuiteMainPhase(TestSuiteExecutor.java:142)
	at com.kms.katalon.core.main.TestSuiteExecutor.execute(TestSuiteExecutor.java:91)
	at com.kms.katalon.core.main.TestCaseMain.startTestSuite(TestCaseMain.java:157)
	at com.kms.katalon.core.main.TestCaseMain$startTestSuite$0.call(Unknown Source)
	at TempTestSuite1574807893706.run(TempTestSuite1574807893706.groovy:36)
Caused by: org.openqa.selenium.WebDriverException: An unknown server-side error occurred while processing the command. Original error: Could not proxy. Proxy error: Could not proxy command to remote server. Original error: Error: socket hang up
Build info: version: '3.141.59', revision: 'e82be7d358', time: '2018-11-14T08:25:53'
System info: host: 'FATITQC15420L', ip: '192.168.1.11', os.name: 'Windows 10', os.arch: 'amd64', os.version: '10.0', java.version: '1.8.0_181'
Driver info: com.kms.katalon.core.appium.driver.SwipeableAndroidDriver
Capabilities {app: C:\Users\15420\git\ACCME-Du..., appPackage: com.outsystemsenterprise.ac..., autoGrantPermissions: true, automationName: uiautomator2, databaseEnabled: false, desired: {app: C:\Users\15420\git\ACCME-Du..., autoGrantPermissions: true, automationName: uiautomator2, deviceId: , deviceName: samsung SM-A505F (Android 9), fullReset: false, newCommandTimeout: 1800, noReset: true, platform: ANDROID, platformName: android, platformVersion: 9, resetKeyboard: true, systemPort: 57782, udid: RR8M30NJT6T, unicodeKeyboard: true}, deviceApiLevel: 28, deviceId: , deviceManufacturer: samsung, deviceModel: SM-A505F, deviceName: RR8M30NJT6T, deviceScreenDensity: 420, deviceScreenSize: 1080x2340, deviceUDID: RR8M30NJT6T, fullReset: false, javascriptEnabled: true, locationContextEnabled: false, networkConnectionEnabled: true, newCommandTimeout: 1800, noReset: true, pixelRatio: 2.625, platform: ANDROID, platformName: Android, platformVersion: 9, resetKeyboard: true, statBarHeight: 83, systemPort: 57782, takesScreenshot: true, udid: RR8M30NJT6T, unicodeKeyboard: true, viewportRect: {height: 2048, left: 0, top: 83, width: 1080}, warnings: {}, webStorageEnabled: false}
Session ID: 76798100-b292-4e1a-902b-7ef53b3bed43
	at org.openqa.selenium.remote.http.W3CHttpResponseCodec.createException(W3CHttpResponseCodec.java:187)
	at org.openqa.selenium.remote.http.W3CHttpResponseCodec.decode(W3CHttpResponseCodec.java:122)
	at org.openqa.selenium.remote.http.W3CHttpResponseCodec.decode(W3CHttpResponseCodec.java:49)
	at org.openqa.selenium.remote.HttpCommandExecutor.execute(HttpCommandExecutor.java:158)
	at io.appium.java_client.remote.AppiumCommandExecutor.execute(AppiumCommandExecutor.java:239)
	at org.openqa.selenium.remote.RemoteWebDriver.execute(RemoteWebDriver.java:552)
	at io.appium.java_client.DefaultGenericMobileDriver.execute(DefaultGenericMobileDriver.java:42)
	at io.appium.java_client.AppiumDriver.execute(AppiumDriver.java:1)
	at io.appium.java_client.android.AndroidDriver.execute(AndroidDriver.java:1)
	at com.kms.katalon.core.appium.driver.SwipeableAndroidDriver.execute(SwipeableAndroidDriver.java:1)
	at org.openqa.selenium.remote.RemoteWebElement.execute(RemoteWebElement.java:285)
	at io.appium.java_client.DefaultGenericMobileElement.execute(DefaultGenericMobileElement.java:45)
	at io.appium.java_client.MobileElement.execute(MobileElement.java:1)
	at io.appium.java_client.android.AndroidElement.execute(AndroidElement.java:1)
	at org.openqa.selenium.remote.RemoteWebElement.getLocation(RemoteWebElement.java:337)
	at org.openqa.selenium.WebElement$getLocation.call(Unknown Source)
	at com.kms.katalon.core.mobile.keyword.internal.MobileAbstractKeyword.findElement(MobileAbstractKeyword.groovy:86)
	at com.kms.katalon.core.mobile.keyword.builtin.TapKeyword$_tap_closure1.doCall(TapKeyword.groovy:76)
	at com.kms.katalon.core.mobile.keyword.builtin.TapKeyword$_tap_closure1.call(TapKeyword.groovy)
	at com.kms.katalon.core.mobile.keyword.internal.MobileKeywordMain.runKeyword(MobileKeywordMain.groovy:21)
	... 35 more


2019-11-27 06:29:14 - [TEST_STEP][FAILED] - tap(findTestObject("Upload Document/Upload Document - Item Upload/UnggahDokumen_BtnKTP"), 0): Failed to tap on element 'Object Repository/Upload Document/Upload Document - Item Upload/UnggahDokumen_BtnKTP' (Root cause: org.openqa.selenium.WebDriverException: An unknown server-side error occurred while processing the command. Original error: Could not proxy. Proxy error: Could not proxy command to remote server. Original error: Error: socket hang up
Build info: version: '3.141.59', revision: 'e82be7d358', time: '2018-11-14T08:25:53'
System info: host: 'FATITQC15420L', ip: '192.168.1.11', os.name: 'Windows 10', os.arch: 'amd64', os.version: '10.0', java.version: '1.8.0_181'
Driver info: com.kms.katalon.core.appium.driver.SwipeableAndroidDriver
Capabilities {app: C:\Users\15420\git\ACCME-Du..., appPackage: com.outsystemsenterprise.ac..., autoGrantPermissions: true, automationName: uiautomator2, databaseEnabled: false, desired: {app: C:\Users\15420\git\ACCME-Du..., autoGrantPermissions: true, automationName: uiautomator2, deviceId: , deviceName: samsung SM-A505F (Android 9), fullReset: false, newCommandTimeout: 1800, noReset: true, platform: ANDROID, platformName: android, platformVersion: 9, resetKeyboard: true, systemPort: 57782, udid: RR8M30NJT6T, unicodeKeyboard: true}, deviceApiLevel: 28, deviceId: , deviceManufacturer: samsung, deviceModel: SM-A505F, deviceName: RR8M30NJT6T, deviceScreenDensity: 420, deviceScreenSize: 1080x2340, deviceUDID: RR8M30NJT6T, fullReset: false, javascriptEnabled: true, locationContextEnabled: false, networkConnectionEnabled: true, newCommandTimeout: 1800, noReset: true, pixelRatio: 2.625, platform: ANDROID, platformName: Android, platformVersion: 9, resetKeyboard: true, statBarHeight: 83, systemPort: 57782, takesScreenshot: true, udid: RR8M30NJT6T, unicodeKeyboard: true, viewportRect: {height: 2048, left: 0, top: 83, width: 1080}, warnings: {}, webStorageEnabled: false}
Session ID: 76798100-b292-4e1a-902b-7ef53b3bed43
	at org.openqa.selenium.remote.http.W3CHttpResponseCodec.createException(W3CHttpResponseCodec.java:187)
	at org.openqa.selenium.remote.http.W3CHttpResponseCodec.decode(W3CHttpResponseCodec.java:122)
	at org.openqa.selenium.remote.http.W3CHttpResponseCodec.decode(W3CHttpResponseCodec.java:49)
	at org.openqa.selenium.remote.HttpCommandExecutor.execute(HttpCommandExecutor.java:158)
	at io.appium.java_client.remote.AppiumCommandExecutor.execute(AppiumCommandExecutor.java:239)
	at org.openqa.selenium.remote.RemoteWebDriver.execute(RemoteWebDriver.java:552)
	at io.appium.java_client.DefaultGenericMobileDriver.execute(DefaultGenericMobileDriver.java:42)
	at io.appium.java_client.AppiumDriver.execute(AppiumDriver.java:1)
	at io.appium.java_client.android.AndroidDriver.execute(AndroidDriver.java:1)
	at com.kms.katalon.core.appium.driver.SwipeableAndroidDriver.execute(SwipeableAndroidDriver.java:1)
	at org.openqa.selenium.remote.RemoteWebElement.execute(RemoteWebElement.java:285)
	at io.appium.java_client.DefaultGenericMobileElement.execute(DefaultGenericMobileElement.java:45)
	at io.appium.java_client.MobileElement.execute(MobileElement.java:1)
	at io.appium.java_client.android.AndroidElement.execute(AndroidElement.java:1)
	at org.openqa.selenium.remote.RemoteWebElement.getLocation(RemoteWebElement.java:337)
	at org.openqa.selenium.WebElement$getLocation.call(Unknown Source)
	at com.kms.katalon.core.mobile.keyword.internal.MobileAbstractKeyword.findElement(MobileAbstractKeyword.groovy:86)
	at com.kms.katalon.core.mobile.keyword.builtin.TapKeyword$_tap_closure1.doCall(TapKeyword.groovy:76)
	at com.kms.katalon.core.mobile.keyword.builtin.TapKeyword$_tap_closure1.call(TapKeyword.groovy)
	at com.kms.katalon.core.mobile.keyword.internal.MobileKeywordMain.runKeyword(MobileKeywordMain.groovy:21)
	at com.kms.katalon.core.mobile.keyword.builtin.TapKeyword.tap(TapKeyword.groovy:86)
	at com.kms.katalon.core.mobile.keyword.builtin.TapKeyword.execute(TapKeyword.groovy:68)
	at com.kms.katalon.core.keyword.internal.KeywordExecutor.executeKeywordForPlatform(KeywordExecutor.groovy:60)
	at com.kms.katalon.core.mobile.keyword.MobileBuiltInKeywords.tap(MobileBuiltInKeywords.groovy:520)
	at com.kms.katalon.core.mobile.keyword.MobileBuiltInKeywords$tap$1.call(Unknown Source)
	at TC_Upload Document - borrower - MASTER FLOW.run(TC_Upload Document - borrower - MASTER FLOW:16)
	at com.kms.katalon.core.main.ScriptEngine.run(ScriptEngine.java:194)
	at com.kms.katalon.core.main.ScriptEngine.runScriptAsRawText(ScriptEngine.java:119)
	at com.kms.katalon.core.main.TestCaseExecutor.runScript(TestCaseExecutor.java:337)
	at com.kms.katalon.core.main.TestCaseExecutor.doExecute(TestCaseExecutor.java:328)
	at com.kms.katalon.core.main.TestCaseExecutor.processExecutionPhase(TestCaseExecutor.java:307)
	at com.kms.katalon.core.main.TestCaseExecutor.accessMainPhase(TestCaseExecutor.java:299)
	at com.kms.katalon.core.main.TestCaseExecutor.execute(TestCaseExecutor.java:233)
	at com.kms.katalon.core.main.TestCaseMain.runTestCase(TestCaseMain.java:114)
	at com.kms.katalon.core.keyword.builtin.CallTestCaseKeyword$_callTestCase_closure1.doCall(CallTestCaseKeyword.groovy:59)
	at com.kms.katalon.core.keyword.builtin.CallTestCaseKeyword$_callTestCase_closure1.call(CallTestCaseKeyword.groovy)
	at com.kms.katalon.core.keyword.internal.KeywordMain.runKeyword(KeywordMain.groovy:68)
	at com.kms.katalon.core.keyword.builtin.CallTestCaseKeyword.callTestCase(CallTestCaseKeyword.groovy:81)
	at com.kms.katalon.core.keyword.builtin.CallTestCaseKeyword.execute(CallTestCaseKeyword.groovy:44)
	at com.kms.katalon.core.keyword.internal.KeywordExecutor.executeKeywordForPlatform(KeywordExecutor.groovy:60)
	at com.kms.katalon.core.keyword.BuiltinKeywords.callTestCase(BuiltinKeywords.groovy:334)
	at TC_Data Entry.run(TC_Data Entry:35)
	at com.kms.katalon.core.main.ScriptEngine.run(ScriptEngine.java:194)
	at com.kms.katalon.core.main.ScriptEngine.runScriptAsRawText(ScriptEngine.java:119)
	at com.kms.katalon.core.main.TestCaseExecutor.runScript(TestCaseExecutor.java:337)
	at com.kms.katalon.core.main.TestCaseExecutor.doExecute(TestCaseExecutor.java:328)
	at com.kms.katalon.core.main.TestCaseExecutor.processExecutionPhase(TestCaseExecutor.java:307)
	at com.kms.katalon.core.main.TestCaseExecutor.accessMainPhase(TestCaseExecutor.java:299)
	at com.kms.katalon.core.main.TestCaseExecutor.execute(TestCaseExecutor.java:233)
	at com.kms.katalon.core.main.TestSuiteExecutor.accessTestCaseMainPhase(TestSuiteExecutor.java:169)
	at com.kms.katalon.core.main.TestSuiteExecutor.accessTestSuiteMainPhase(TestSuiteExecutor.java:142)
	at com.kms.katalon.core.main.TestSuiteExecutor.execute(TestSuiteExecutor.java:91)
	at com.kms.katalon.core.main.TestCaseMain.startTestSuite(TestCaseMain.java:157)
	at com.kms.katalon.core.main.TestCaseMain$startTestSuite$0.call(Unknown Source)
	at TempTestSuite1574807893706.run(TempTestSuite1574807893706.groovy:36)
)

2019-11-27 06:29:14 - [MESSAGE][WARNING] - Timeout '0' is invalid. Using default page load timeout: '30'

2019-11-27 06:29:16 - [MESSAGE][WARNING] - Cannot take screenshot

2019-11-27 06:29:16 - [MESSAGE][FAILED] - Failed to tap on element 'Object Repository/Upload Document/Upload Document - Item Upload/UnggahDokumen_BtnKTP' (Root cause: org.openqa.selenium.WebDriverException: An unknown server-side error occurred while processing the command. Original error: Could not proxy. Proxy error: Could not proxy command to remote server. Original error: Error: socket hang up
Build info: version: '3.141.59', revision: 'e82be7d358', time: '2018-11-14T08:25:53'
System info: host: 'FATITQC15420L', ip: '192.168.1.11', os.name: 'Windows 10', os.arch: 'amd64', os.version: '10.0', java.version: '1.8.0_181'
Driver info: com.kms.katalon.core.appium.driver.SwipeableAndroidDriver
Capabilities {app: C:\Users\15420\git\ACCME-Du..., appPackage: com.outsystemsenterprise.ac..., autoGrantPermissions: true, automationName: uiautomator2, databaseEnabled: false, desired: {app: C:\Users\15420\git\ACCME-Du..., autoGrantPermissions: true, automationName: uiautomator2, deviceId: , deviceName: samsung SM-A505F (Android 9), fullReset: false, newCommandTimeout: 1800, noReset: true, platform: ANDROID, platformName: android, platformVersion: 9, resetKeyboard: true, systemPort: 57782, udid: RR8M30NJT6T, unicodeKeyboard: true}, deviceApiLevel: 28, deviceId: , deviceManufacturer: samsung, deviceModel: SM-A505F, deviceName: RR8M30NJT6T, deviceScreenDensity: 420, deviceScreenSize: 1080x2340, deviceUDID: RR8M30NJT6T, fullReset: false, javascriptEnabled: true, locationContextEnabled: false, networkConnectionEnabled: true, newCommandTimeout: 1800, noReset: true, pixelRatio: 2.625, platform: ANDROID, platformName: Android, platformVersion: 9, resetKeyboard: true, statBarHeight: 83, systemPort: 57782, takesScreenshot: true, udid: RR8M30NJT6T, unicodeKeyboard: true, viewportRect: {height: 2048, left: 0, top: 83, width: 1080}, warnings: {}, webStorageEnabled: false}
Session ID: 76798100-b292-4e1a-902b-7ef53b3bed43
	at org.openqa.selenium.remote.http.W3CHttpResponseCodec.createException(W3CHttpResponseCodec.java:187)
	at org.openqa.selenium.remote.http.W3CHttpResponseCodec.decode(W3CHttpResponseCodec.java:122)
	at org.openqa.selenium.remote.http.W3CHttpResponseCodec.decode(W3CHttpResponseCodec.java:49)
	at org.openqa.selenium.remote.HttpCommandExecutor.execute(HttpCommandExecutor.java:158)
	at io.appium.java_client.remote.AppiumCommandExecutor.execute(AppiumCommandExecutor.java:239)
	at org.openqa.selenium.remote.RemoteWebDriver.execute(RemoteWebDriver.java:552)
	at io.appium.java_client.DefaultGenericMobileDriver.execute(DefaultGenericMobileDriver.java:42)
	at io.appium.java_client.AppiumDriver.execute(AppiumDriver.java:1)
	at io.appium.java_client.android.AndroidDriver.execute(AndroidDriver.java:1)
	at com.kms.katalon.core.appium.driver.SwipeableAndroidDriver.execute(SwipeableAndroidDriver.java:1)
	at org.openqa.selenium.remote.RemoteWebElement.execute(RemoteWebElement.java:285)
	at io.appium.java_client.DefaultGenericMobileElement.execute(DefaultGenericMobileElement.java:45)
	at io.appium.java_client.MobileElement.execute(MobileElement.java:1)
	at io.appium.java_client.android.AndroidElement.execute(AndroidElement.java:1)
	at org.openqa.selenium.remote.RemoteWebElement.getLocation(RemoteWebElement.java:337)
	at org.openqa.selenium.WebElement$getLocation.call(Unknown Source)
	at com.kms.katalon.core.mobile.keyword.internal.MobileAbstractKeyword.findElement(MobileAbstractKeyword.groovy:86)
	at com.kms.katalon.core.mobile.keyword.builtin.TapKeyword$_tap_closure1.doCall(TapKeyword.groovy:76)
	at com.kms.katalon.core.mobile.keyword.builtin.TapKeyword$_tap_closure1.call(TapKeyword.groovy)
	at com.kms.katalon.core.mobile.keyword.internal.MobileKeywordMain.runKeyword(MobileKeywordMain.groovy:21)
	at com.kms.katalon.core.mobile.keyword.builtin.TapKeyword.tap(TapKeyword.groovy:86)
	at com.kms.katalon.core.mobile.keyword.builtin.TapKeyword.execute(TapKeyword.groovy:68)
	at com.kms.katalon.core.keyword.internal.KeywordExecutor.executeKeywordForPlatform(KeywordExecutor.groovy:60)
	at com.kms.katalon.core.mobile.keyword.MobileBuiltInKeywords.tap(MobileBuiltInKeywords.groovy:520)
	at com.kms.katalon.core.mobile.keyword.MobileBuiltInKeywords$tap$1.call(Unknown Source)
	at TC_Upload Document - borrower - MASTER FLOW.run(TC_Upload Document - borrower - MASTER FLOW:16)
	at com.kms.katalon.core.main.ScriptEngine.run(ScriptEngine.java:194)
	at com.kms.katalon.core.main.ScriptEngine.runScriptAsRawText(ScriptEngine.java:119)
	at com.kms.katalon.core.main.TestCaseExecutor.runScript(TestCaseExecutor.java:337)
	at com.kms.katalon.core.main.TestCaseExecutor.doExecute(TestCaseExecutor.java:328)
	at com.kms.katalon.core.main.TestCaseExecutor.processExecutionPhase(TestCaseExecutor.java:307)
	at com.kms.katalon.core.main.TestCaseExecutor.accessMainPhase(TestCaseExecutor.java:299)
	at com.kms.katalon.core.main.TestCaseExecutor.execute(TestCaseExecutor.java:233)
	at com.kms.katalon.core.main.TestCaseMain.runTestCase(TestCaseMain.java:114)
	at com.kms.katalon.core.keyword.builtin.CallTestCaseKeyword$_callTestCase_closure1.doCall(CallTestCaseKeyword.groovy:59)
	at com.kms.katalon.core.keyword.builtin.CallTestCaseKeyword$_callTestCase_closure1.call(CallTestCaseKeyword.groovy)
	at com.kms.katalon.core.keyword.internal.KeywordMain.runKeyword(KeywordMain.groovy:68)
	at com.kms.katalon.core.keyword.builtin.CallTestCaseKeyword.callTestCase(CallTestCaseKeyword.groovy:81)
	at com.kms.katalon.core.keyword.builtin.CallTestCaseKeyword.execute(CallTestCaseKeyword.groovy:44)
	at com.kms.katalon.core.keyword.internal.KeywordExecutor.executeKeywordForPlatform(KeywordExecutor.groovy:60)
	at com.kms.katalon.core.keyword.BuiltinKeywords.callTestCase(BuiltinKeywords.groovy:334)
	at TC_Data Entry.run(TC_Data Entry:35)
	at com.kms.katalon.core.main.ScriptEngine.run(ScriptEngine.java:194)
	at com.kms.katalon.core.main.ScriptEngine.runScriptAsRawText(ScriptEngine.java:119)
	at com.kms.katalon.core.main.TestCaseExecutor.runScript(TestCaseExecutor.java:337)
	at com.kms.katalon.core.main.TestCaseExecutor.doExecute(TestCaseExecutor.java:328)
	at com.kms.katalon.core.main.TestCaseExecutor.processExecutionPhase(TestCaseExecutor.java:307)
	at com.kms.katalon.core.main.TestCaseExecutor.accessMainPhase(TestCaseExecutor.java:299)
	at com.kms.katalon.core.main.TestCaseExecutor.execute(TestCaseExecutor.java:233)
	at com.kms.katalon.core.main.TestSuiteExecutor.accessTestCaseMainPhase(TestSuiteExecutor.java:169)
	at com.kms.katalon.core.main.TestSuiteExecutor.accessTestSuiteMainPhase(TestSuiteExecutor.java:142)
	at com.kms.katalon.core.main.TestSuiteExecutor.execute(TestSuiteExecutor.java:91)
	at com.kms.katalon.core.main.TestCaseMain.startTestSuite(TestCaseMain.java:157)
	at com.kms.katalon.core.main.TestCaseMain$startTestSuite$0.call(Unknown Source)
	at TempTestSuite1574807893706.run(TempTestSuite1574807893706.groovy:36)
)

2019-11-27 06:29:16 - [MESSAGE][FAILED] - Unable to call Test Case 'Test Cases/Data Entry/Upload Document/Borrower/MASTER FLOW/TC_Upload Document - borrower - MASTER FLOW' (Root cause: com.kms.katalon.core.exception.StepFailedException: Call Test Case 'Test Cases/Data Entry/Upload Document/Borrower/MASTER FLOW/TC_Upload Document - borrower - MASTER FLOW' failed
	at com.kms.katalon.core.keyword.builtin.CallTestCaseKeyword$_callTestCase_closure1.doCall(CallTestCaseKeyword.groovy:63)
	at com.kms.katalon.core.keyword.builtin.CallTestCaseKeyword$_callTestCase_closure1.call(CallTestCaseKeyword.groovy)
	at com.kms.katalon.core.keyword.internal.KeywordMain.runKeyword(KeywordMain.groovy:68)
	at com.kms.katalon.core.keyword.builtin.CallTestCaseKeyword.callTestCase(CallTestCaseKeyword.groovy:81)
	at com.kms.katalon.core.keyword.builtin.CallTestCaseKeyword.execute(CallTestCaseKeyword.groovy:44)
	at com.kms.katalon.core.keyword.internal.KeywordExecutor.executeKeywordForPlatform(KeywordExecutor.groovy:60)
	at com.kms.katalon.core.keyword.BuiltinKeywords.callTestCase(BuiltinKeywords.groovy:334)
	at TC_Data Entry.run(TC_Data Entry:35)
	at com.kms.katalon.core.main.ScriptEngine.run(ScriptEngine.java:194)
	at com.kms.katalon.core.main.ScriptEngine.runScriptAsRawText(ScriptEngine.java:119)
	at com.kms.katalon.core.main.TestCaseExecutor.runScript(TestCaseExecutor.java:337)
	at com.kms.katalon.core.main.TestCaseExecutor.doExecute(TestCaseExecutor.java:328)
	at com.kms.katalon.core.main.TestCaseExecutor.processExecutionPhase(TestCaseExecutor.java:307)
	at com.kms.katalon.core.main.TestCaseExecutor.accessMainPhase(TestCaseExecutor.java:299)
	at com.kms.katalon.core.main.TestCaseExecutor.execute(TestCaseExecutor.java:233)
	at com.kms.katalon.core.main.TestSuiteExecutor.accessTestCaseMainPhase(TestSuiteExecutor.java:169)
	at com.kms.katalon.core.main.TestSuiteExecutor.accessTestSuiteMainPhase(TestSuiteExecutor.java:142)
	at com.kms.katalon.core.main.TestSuiteExecutor.execute(TestSuiteExecutor.java:91)
	at com.kms.katalon.core.main.TestCaseMain.startTestSuite(TestCaseMain.java:157)
	at com.kms.katalon.core.main.TestCaseMain$startTestSuite$0.call(Unknown Source)
	at TempTestSuite1574807893706.run(TempTestSuite1574807893706.groovy:36)
Caused by: com.kms.katalon.core.exception.StepFailedException: Failed to tap on element 'Object Repository/Upload Document/Upload Document - Item Upload/UnggahDokumen_BtnKTP' (Root cause: org.openqa.selenium.WebDriverException: An unknown server-side error occurred while processing the command. Original error: Could not proxy. Proxy error: Could not proxy command to remote server. Original error: Error: socket hang up
Build info: version: '3.141.59', revision: 'e82be7d358', time: '2018-11-14T08:25:53'
System info: host: 'FATITQC15420L', ip: '192.168.1.11', os.name: 'Windows 10', os.arch: 'amd64', os.version: '10.0', java.version: '1.8.0_181'
Driver info: com.kms.katalon.core.appium.driver.SwipeableAndroidDriver
Capabilities {app: C:\Users\15420\git\ACCME-Du..., appPackage: com.outsystemsenterprise.ac..., autoGrantPermissions: true, automationName: uiautomator2, databaseEnabled: false, desired: {app: C:\Users\15420\git\ACCME-Du..., autoGrantPermissions: true, automationName: uiautomator2, deviceId: , deviceName: samsung SM-A505F (Android 9), fullReset: false, newCommandTimeout: 1800, noReset: true, platform: ANDROID, platformName: android, platformVersion: 9, resetKeyboard: true, systemPort: 57782, udid: RR8M30NJT6T, unicodeKeyboard: true}, deviceApiLevel: 28, deviceId: , deviceManufacturer: samsung, deviceModel: SM-A505F, deviceName: RR8M30NJT6T, deviceScreenDensity: 420, deviceScreenSize: 1080x2340, deviceUDID: RR8M30NJT6T, fullReset: false, javascriptEnabled: true, locationContextEnabled: false, networkConnectionEnabled: true, newCommandTimeout: 1800, noReset: true, pixelRatio: 2.625, platform: ANDROID, platformName: Android, platformVersion: 9, resetKeyboard: true, statBarHeight: 83, systemPort: 57782, takesScreenshot: true, udid: RR8M30NJT6T, unicodeKeyboard: true, viewportRect: {height: 2048, left: 0, top: 83, width: 1080}, warnings: {}, webStorageEnabled: false}
Session ID: 76798100-b292-4e1a-902b-7ef53b3bed43
	at org.openqa.selenium.remote.http.W3CHttpResponseCodec.createException(W3CHttpResponseCodec.java:187)
	at org.openqa.selenium.remote.http.W3CHttpResponseCodec.decode(W3CHttpResponseCodec.java:122)
	at org.openqa.selenium.remote.http.W3CHttpResponseCodec.decode(W3CHttpResponseCodec.java:49)
	at org.openqa.selenium.remote.HttpCommandExecutor.execute(HttpCommandExecutor.java:158)
	at io.appium.java_client.remote.AppiumCommandExecutor.execute(AppiumCommandExecutor.java:239)
	at org.openqa.selenium.remote.RemoteWebDriver.execute(RemoteWebDriver.java:552)
	at io.appium.java_client.DefaultGenericMobileDriver.execute(DefaultGenericMobileDriver.java:42)
	at io.appium.java_client.AppiumDriver.execute(AppiumDriver.java:1)
	at io.appium.java_client.android.AndroidDriver.execute(AndroidDriver.java:1)
	at com.kms.katalon.core.appium.driver.SwipeableAndroidDriver.execute(SwipeableAndroidDriver.java:1)
	at org.openqa.selenium.remote.RemoteWebElement.execute(RemoteWebElement.java:285)
	at io.appium.java_client.DefaultGenericMobileElement.execute(DefaultGenericMobileElement.java:45)
	at io.appium.java_client.MobileElement.execute(MobileElement.java:1)
	at io.appium.java_client.android.AndroidElement.execute(AndroidElement.java:1)
	at org.openqa.selenium.remote.RemoteWebElement.getLocation(RemoteWebElement.java:337)
	at org.openqa.selenium.WebElement$getLocation.call(Unknown Source)
	at com.kms.katalon.core.mobile.keyword.internal.MobileAbstractKeyword.findElement(MobileAbstractKeyword.groovy:86)
	at com.kms.katalon.core.mobile.keyword.builtin.TapKeyword$_tap_closure1.doCall(TapKeyword.groovy:76)
	at com.kms.katalon.core.mobile.keyword.builtin.TapKeyword$_tap_closure1.call(TapKeyword.groovy)
	at com.kms.katalon.core.mobile.keyword.internal.MobileKeywordMain.runKeyword(MobileKeywordMain.groovy:21)
	at com.kms.katalon.core.mobile.keyword.builtin.TapKeyword.tap(TapKeyword.groovy:86)
	at com.kms.katalon.core.mobile.keyword.builtin.TapKeyword.execute(TapKeyword.groovy:68)
	at com.kms.katalon.core.keyword.internal.KeywordExecutor.executeKeywordForPlatform(KeywordExecutor.groovy:60)
	at com.kms.katalon.core.mobile.keyword.MobileBuiltInKeywords.tap(MobileBuiltInKeywords.groovy:520)
	at com.kms.katalon.core.mobile.keyword.MobileBuiltInKeywords$tap$1.call(Unknown Source)
	at TC_Upload Document - borrower - MASTER FLOW.run(TC_Upload Document - borrower - MASTER FLOW:16)
	at com.kms.katalon.core.main.ScriptEngine.run(ScriptEngine.java:194)
	at com.kms.katalon.core.main.ScriptEngine.runScriptAsRawText(ScriptEngine.java:119)
	at com.kms.katalon.core.main.TestCaseExecutor.runScript(TestCaseExecutor.java:337)
	at com.kms.katalon.core.main.TestCaseExecutor.doExecute(TestCaseExecutor.java:328)
	at com.kms.katalon.core.main.TestCaseExecutor.processExecutionPhase(TestCaseExecutor.java:307)
	at com.kms.katalon.core.main.TestCaseExecutor.accessMainPhase(TestCaseExecutor.java:299)
	at com.kms.katalon.core.main.TestCaseExecutor.execute(TestCaseExecutor.java:233)
	at com.kms.katalon.core.main.TestCaseMain.runTestCase(TestCaseMain.java:114)
	at com.kms.katalon.core.keyword.builtin.CallTestCaseKeyword$_callTestCase_closure1.doCall(CallTestCaseKeyword.groovy:59)
	at com.kms.katalon.core.keyword.builtin.CallTestCaseKeyword$_callTestCase_closure1.call(CallTestCaseKeyword.groovy)
	at com.kms.katalon.core.keyword.internal.KeywordMain.runKeyword(KeywordMain.groovy:68)
	at com.kms.katalon.core.keyword.builtin.CallTestCaseKeyword.callTestCase(CallTestCaseKeyword.groovy:81)
	at com.kms.katalon.core.keyword.builtin.CallTestCaseKeyword.execute(CallTestCaseKeyword.groovy:44)
	at com.kms.katalon.core.keyword.internal.KeywordExecutor.executeKeywordForPlatform(KeywordExecutor.groovy:60)
	at com.kms.katalon.core.keyword.BuiltinKeywords.callTestCase(BuiltinKeywords.groovy:334)
	at TC_Data Entry.run(TC_Data Entry:35)
	at com.kms.katalon.core.main.ScriptEngine.run(ScriptEngine.java:194)
	at com.kms.katalon.core.main.ScriptEngine.runScriptAsRawText(ScriptEngine.java:119)
	at com.kms.katalon.core.main.TestCaseExecutor.runScript(TestCaseExecutor.java:337)
	at com.kms.katalon.core.main.TestCaseExecutor.doExecute(TestCaseExecutor.java:328)
	at com.kms.katalon.core.main.TestCaseExecutor.processExecutionPhase(TestCaseExecutor.java:307)
	at com.kms.katalon.core.main.TestCaseExecutor.accessMainPhase(TestCaseExecutor.java:299)
	at com.kms.katalon.core.main.TestCaseExecutor.execute(TestCaseExecutor.java:233)
	at com.kms.katalon.core.main.TestSuiteExecutor.accessTestCaseMainPhase(TestSuiteExecutor.java:169)
	at com.kms.katalon.core.main.TestSuiteExecutor.accessTestSuiteMainPhase(TestSuiteExecutor.java:142)
	at com.kms.katalon.core.main.TestSuiteExecutor.execute(TestSuiteExecutor.java:91)
	at com.kms.katalon.core.main.TestCaseMain.startTestSuite(TestCaseMain.java:157)
	at com.kms.katalon.core.main.TestCaseMain$startTestSuite$0.call(Unknown Source)
	at TempTestSuite1574807893706.run(TempTestSuite1574807893706.groovy:36)
)
	at com.kms.katalon.core.keyword.internal.KeywordMain.stepFailed(KeywordMain.groovy:50)
	at com.kms.katalon.core.mobile.keyword.internal.MobileKeywordMain.stepFailed(MobileKeywordMain.groovy:40)
	at com.kms.katalon.core.mobile.keyword.internal.MobileKeywordMain.runKeyword(MobileKeywordMain.groovy:23)
	at com.kms.katalon.core.mobile.keyword.builtin.TapKeyword.tap(TapKeyword.groovy:86)
	at com.kms.katalon.core.mobile.keyword.builtin.TapKeyword.execute(TapKeyword.groovy:68)
	at com.kms.katalon.core.keyword.internal.KeywordExecutor.executeKeywordForPlatform(KeywordExecutor.groovy:60)
	at com.kms.katalon.core.mobile.keyword.MobileBuiltInKeywords.tap(MobileBuiltInKeywords.groovy:520)
	at com.kms.katalon.core.mobile.keyword.MobileBuiltInKeywords$tap$1.call(Unknown Source)
	at TC_Upload Document - borrower - MASTER FLOW.run(TC_Upload Document - borrower - MASTER FLOW:16)
	at com.kms.katalon.core.main.ScriptEngine.run(ScriptEngine.java:194)
	at com.kms.katalon.core.main.ScriptEngine.runScriptAsRawText(ScriptEngine.java:119)
	at com.kms.katalon.core.main.TestCaseExecutor.runScript(TestCaseExecutor.java:337)
	at com.kms.katalon.core.main.TestCaseExecutor.doExecute(TestCaseExecutor.java:328)
	at com.kms.katalon.core.main.TestCaseExecutor.processExecutionPhase(TestCaseExecutor.java:307)
	at com.kms.katalon.core.main.TestCaseExecutor.accessMainPhase(TestCaseExecutor.java:299)
	at com.kms.katalon.core.main.TestCaseExecutor.execute(TestCaseExecutor.java:233)
	at com.kms.katalon.core.main.TestCaseMain.runTestCase(TestCaseMain.java:114)
	at com.kms.katalon.core.keyword.builtin.CallTestCaseKeyword$_callTestCase_closure1.doCall(CallTestCaseKeyword.groovy:59)
	... 20 more
Caused by: org.openqa.selenium.WebDriverException: An unknown server-side error occurred while processing the command. Original error: Could not proxy. Proxy error: Could not proxy command to remote server. Original error: Error: socket hang up
Build info: version: '3.141.59', revision: 'e82be7d358', time: '2018-11-14T08:25:53'
System info: host: 'FATITQC15420L', ip: '192.168.1.11', os.name: 'Windows 10', os.arch: 'amd64', os.version: '10.0', java.version: '1.8.0_181'
Driver info: com.kms.katalon.core.appium.driver.SwipeableAndroidDriver
Capabilities {app: C:\Users\15420\git\ACCME-Du..., appPackage: com.outsystemsenterprise.ac..., autoGrantPermissions: true, automationName: uiautomator2, databaseEnabled: false, desired: {app: C:\Users\15420\git\ACCME-Du..., autoGrantPermissions: true, automationName: uiautomator2, deviceId: , deviceName: samsung SM-A505F (Android 9), fullReset: false, newCommandTimeout: 1800, noReset: true, platform: ANDROID, platformName: android, platformVersion: 9, resetKeyboard: true, systemPort: 57782, udid: RR8M30NJT6T, unicodeKeyboard: true}, deviceApiLevel: 28, deviceId: , deviceManufacturer: samsung, deviceModel: SM-A505F, deviceName: RR8M30NJT6T, deviceScreenDensity: 420, deviceScreenSize: 1080x2340, deviceUDID: RR8M30NJT6T, fullReset: false, javascriptEnabled: true, locationContextEnabled: false, networkConnectionEnabled: true, newCommandTimeout: 1800, noReset: true, pixelRatio: 2.625, platform: ANDROID, platformName: Android, platformVersion: 9, resetKeyboard: true, statBarHeight: 83, systemPort: 57782, takesScreenshot: true, udid: RR8M30NJT6T, unicodeKeyboard: true, viewportRect: {height: 2048, left: 0, top: 83, width: 1080}, warnings: {}, webStorageEnabled: false}
Session ID: 76798100-b292-4e1a-902b-7ef53b3bed43
	at org.openqa.selenium.remote.http.W3CHttpResponseCodec.createException(W3CHttpResponseCodec.java:187)
	at org.openqa.selenium.remote.http.W3CHttpResponseCodec.decode(W3CHttpResponseCodec.java:122)
	at org.openqa.selenium.remote.http.W3CHttpResponseCodec.decode(W3CHttpResponseCodec.java:49)
	at org.openqa.selenium.remote.HttpCommandExecutor.execute(HttpCommandExecutor.java:158)
	at io.appium.java_client.remote.AppiumCommandExecutor.execute(AppiumCommandExecutor.java:239)
	at org.openqa.selenium.remote.RemoteWebDriver.execute(RemoteWebDriver.java:552)
	at io.appium.java_client.DefaultGenericMobileDriver.execute(DefaultGenericMobileDriver.java:42)
	at io.appium.java_client.AppiumDriver.execute(AppiumDriver.java:1)
	at io.appium.java_client.android.AndroidDriver.execute(AndroidDriver.java:1)
	at com.kms.katalon.core.appium.driver.SwipeableAndroidDriver.execute(SwipeableAndroidDriver.java:1)
	at org.openqa.selenium.remote.RemoteWebElement.execute(RemoteWebElement.java:285)
	at io.appium.java_client.DefaultGenericMobileElement.execute(DefaultGenericMobileElement.java:45)
	at io.appium.java_client.MobileElement.execute(MobileElement.java:1)
	at io.appium.java_client.android.AndroidElement.execute(AndroidElement.java:1)
	at org.openqa.selenium.remote.RemoteWebElement.getLocation(RemoteWebElement.java:337)
	at org.openqa.selenium.WebElement$getLocation.call(Unknown Source)
	at com.kms.katalon.core.mobile.keyword.internal.MobileAbstractKeyword.findElement(MobileAbstractKeyword.groovy:86)
	at com.kms.katalon.core.mobile.keyword.builtin.TapKeyword$_tap_closure1.doCall(TapKeyword.groovy:76)
	at com.kms.katalon.core.mobile.keyword.builtin.TapKeyword$_tap_closure1.call(TapKeyword.groovy)
	at com.kms.katalon.core.mobile.keyword.internal.MobileKeywordMain.runKeyword(MobileKeywordMain.groovy:21)
	... 35 more
)]]></system-out>
         <system-err><![CDATA[2019-11-27 06:24:32 - [TEST_CASE][FAILED] - Test Cases/Data Entry/TC_Data Entry: Test Cases/Data Entry/TC_Data Entry FAILED.
Reason:
com.kms.katalon.core.exception.StepFailedException: Call Test Case 'Test Cases/Data Entry/Upload Document/Borrower/MASTER FLOW/TC_Upload Document - borrower - MASTER FLOW' failed
	at com.kms.katalon.core.keyword.builtin.CallTestCaseKeyword$_callTestCase_closure1.doCall(CallTestCaseKeyword.groovy:63)
	at com.kms.katalon.core.keyword.builtin.CallTestCaseKeyword$_callTestCase_closure1.call(CallTestCaseKeyword.groovy)
	at com.kms.katalon.core.keyword.internal.KeywordMain.runKeyword(KeywordMain.groovy:68)
	at com.kms.katalon.core.keyword.builtin.CallTestCaseKeyword.callTestCase(CallTestCaseKeyword.groovy:81)
	at com.kms.katalon.core.keyword.builtin.CallTestCaseKeyword.execute(CallTestCaseKeyword.groovy:44)
	at com.kms.katalon.core.keyword.internal.KeywordExecutor.executeKeywordForPlatform(KeywordExecutor.groovy:60)
	at com.kms.katalon.core.keyword.BuiltinKeywords.callTestCase(BuiltinKeywords.groovy:334)
	at TC_Data Entry.run(TC_Data Entry:35)
	at com.kms.katalon.core.main.ScriptEngine.run(ScriptEngine.java:194)
	at com.kms.katalon.core.main.ScriptEngine.runScriptAsRawText(ScriptEngine.java:119)
	at com.kms.katalon.core.main.TestCaseExecutor.runScript(TestCaseExecutor.java:337)
	at com.kms.katalon.core.main.TestCaseExecutor.doExecute(TestCaseExecutor.java:328)
	at com.kms.katalon.core.main.TestCaseExecutor.processExecutionPhase(TestCaseExecutor.java:307)
	at com.kms.katalon.core.main.TestCaseExecutor.accessMainPhase(TestCaseExecutor.java:299)
	at com.kms.katalon.core.main.TestCaseExecutor.execute(TestCaseExecutor.java:233)
	at com.kms.katalon.core.main.TestSuiteExecutor.accessTestCaseMainPhase(TestSuiteExecutor.java:169)
	at com.kms.katalon.core.main.TestSuiteExecutor.accessTestSuiteMainPhase(TestSuiteExecutor.java:142)
	at com.kms.katalon.core.main.TestSuiteExecutor.execute(TestSuiteExecutor.java:91)
	at com.kms.katalon.core.main.TestCaseMain.startTestSuite(TestCaseMain.java:157)
	at com.kms.katalon.core.main.TestCaseMain$startTestSuite$0.call(Unknown Source)
	at TempTestSuite1574807893706.run(TempTestSuite1574807893706.groovy:36)
Caused by: com.kms.katalon.core.exception.StepFailedException: Failed to tap on element 'Object Repository/Upload Document/Upload Document - Item Upload/UnggahDokumen_BtnKTP' (Root cause: org.openqa.selenium.WebDriverException: An unknown server-side error occurred while processing the command. Original error: Could not proxy. Proxy error: Could not proxy command to remote server. Original error: Error: socket hang up
Build info: version: '3.141.59', revision: 'e82be7d358', time: '2018-11-14T08:25:53'
System info: host: 'FATITQC15420L', ip: '192.168.1.11', os.name: 'Windows 10', os.arch: 'amd64', os.version: '10.0', java.version: '1.8.0_181'
Driver info: com.kms.katalon.core.appium.driver.SwipeableAndroidDriver
Capabilities {app: C:\Users\15420\git\ACCME-Du..., appPackage: com.outsystemsenterprise.ac..., autoGrantPermissions: true, automationName: uiautomator2, databaseEnabled: false, desired: {app: C:\Users\15420\git\ACCME-Du..., autoGrantPermissions: true, automationName: uiautomator2, deviceId: , deviceName: samsung SM-A505F (Android 9), fullReset: false, newCommandTimeout: 1800, noReset: true, platform: ANDROID, platformName: android, platformVersion: 9, resetKeyboard: true, systemPort: 57782, udid: RR8M30NJT6T, unicodeKeyboard: true}, deviceApiLevel: 28, deviceId: , deviceManufacturer: samsung, deviceModel: SM-A505F, deviceName: RR8M30NJT6T, deviceScreenDensity: 420, deviceScreenSize: 1080x2340, deviceUDID: RR8M30NJT6T, fullReset: false, javascriptEnabled: true, locationContextEnabled: false, networkConnectionEnabled: true, newCommandTimeout: 1800, noReset: true, pixelRatio: 2.625, platform: ANDROID, platformName: Android, platformVersion: 9, resetKeyboard: true, statBarHeight: 83, systemPort: 57782, takesScreenshot: true, udid: RR8M30NJT6T, unicodeKeyboard: true, viewportRect: {height: 2048, left: 0, top: 83, width: 1080}, warnings: {}, webStorageEnabled: false}
Session ID: 76798100-b292-4e1a-902b-7ef53b3bed43
	at org.openqa.selenium.remote.http.W3CHttpResponseCodec.createException(W3CHttpResponseCodec.java:187)
	at org.openqa.selenium.remote.http.W3CHttpResponseCodec.decode(W3CHttpResponseCodec.java:122)
	at org.openqa.selenium.remote.http.W3CHttpResponseCodec.decode(W3CHttpResponseCodec.java:49)
	at org.openqa.selenium.remote.HttpCommandExecutor.execute(HttpCommandExecutor.java:158)
	at io.appium.java_client.remote.AppiumCommandExecutor.execute(AppiumCommandExecutor.java:239)
	at org.openqa.selenium.remote.RemoteWebDriver.execute(RemoteWebDriver.java:552)
	at io.appium.java_client.DefaultGenericMobileDriver.execute(DefaultGenericMobileDriver.java:42)
	at io.appium.java_client.AppiumDriver.execute(AppiumDriver.java:1)
	at io.appium.java_client.android.AndroidDriver.execute(AndroidDriver.java:1)
	at com.kms.katalon.core.appium.driver.SwipeableAndroidDriver.execute(SwipeableAndroidDriver.java:1)
	at org.openqa.selenium.remote.RemoteWebElement.execute(RemoteWebElement.java:285)
	at io.appium.java_client.DefaultGenericMobileElement.execute(DefaultGenericMobileElement.java:45)
	at io.appium.java_client.MobileElement.execute(MobileElement.java:1)
	at io.appium.java_client.android.AndroidElement.execute(AndroidElement.java:1)
	at org.openqa.selenium.remote.RemoteWebElement.getLocation(RemoteWebElement.java:337)
	at org.openqa.selenium.WebElement$getLocation.call(Unknown Source)
	at com.kms.katalon.core.mobile.keyword.internal.MobileAbstractKeyword.findElement(MobileAbstractKeyword.groovy:86)
	at com.kms.katalon.core.mobile.keyword.builtin.TapKeyword$_tap_closure1.doCall(TapKeyword.groovy:76)
	at com.kms.katalon.core.mobile.keyword.builtin.TapKeyword$_tap_closure1.call(TapKeyword.groovy)
	at com.kms.katalon.core.mobile.keyword.internal.MobileKeywordMain.runKeyword(MobileKeywordMain.groovy:21)
	at com.kms.katalon.core.mobile.keyword.builtin.TapKeyword.tap(TapKeyword.groovy:86)
	at com.kms.katalon.core.mobile.keyword.builtin.TapKeyword.execute(TapKeyword.groovy:68)
	at com.kms.katalon.core.keyword.internal.KeywordExecutor.executeKeywordForPlatform(KeywordExecutor.groovy:60)
	at com.kms.katalon.core.mobile.keyword.MobileBuiltInKeywords.tap(MobileBuiltInKeywords.groovy:520)
	at com.kms.katalon.core.mobile.keyword.MobileBuiltInKeywords$tap$1.call(Unknown Source)
	at TC_Upload Document - borrower - MASTER FLOW.run(TC_Upload Document - borrower - MASTER FLOW:16)
	at com.kms.katalon.core.main.ScriptEngine.run(ScriptEngine.java:194)
	at com.kms.katalon.core.main.ScriptEngine.runScriptAsRawText(ScriptEngine.java:119)
	at com.kms.katalon.core.main.TestCaseExecutor.runScript(TestCaseExecutor.java:337)
	at com.kms.katalon.core.main.TestCaseExecutor.doExecute(TestCaseExecutor.java:328)
	at com.kms.katalon.core.main.TestCaseExecutor.processExecutionPhase(TestCaseExecutor.java:307)
	at com.kms.katalon.core.main.TestCaseExecutor.accessMainPhase(TestCaseExecutor.java:299)
	at com.kms.katalon.core.main.TestCaseExecutor.execute(TestCaseExecutor.java:233)
	at com.kms.katalon.core.main.TestCaseMain.runTestCase(TestCaseMain.java:114)
	at com.kms.katalon.core.keyword.builtin.CallTestCaseKeyword$_callTestCase_closure1.doCall(CallTestCaseKeyword.groovy:59)
	at com.kms.katalon.core.keyword.builtin.CallTestCaseKeyword$_callTestCase_closure1.call(CallTestCaseKeyword.groovy)
	at com.kms.katalon.core.keyword.internal.KeywordMain.runKeyword(KeywordMain.groovy:68)
	at com.kms.katalon.core.keyword.builtin.CallTestCaseKeyword.callTestCase(CallTestCaseKeyword.groovy:81)
	at com.kms.katalon.core.keyword.builtin.CallTestCaseKeyword.execute(CallTestCaseKeyword.groovy:44)
	at com.kms.katalon.core.keyword.internal.KeywordExecutor.executeKeywordForPlatform(KeywordExecutor.groovy:60)
	at com.kms.katalon.core.keyword.BuiltinKeywords.callTestCase(BuiltinKeywords.groovy:334)
	at TC_Data Entry.run(TC_Data Entry:35)
	at com.kms.katalon.core.main.ScriptEngine.run(ScriptEngine.java:194)
	at com.kms.katalon.core.main.ScriptEngine.runScriptAsRawText(ScriptEngine.java:119)
	at com.kms.katalon.core.main.TestCaseExecutor.runScript(TestCaseExecutor.java:337)
	at com.kms.katalon.core.main.TestCaseExecutor.doExecute(TestCaseExecutor.java:328)
	at com.kms.katalon.core.main.TestCaseExecutor.processExecutionPhase(TestCaseExecutor.java:307)
	at com.kms.katalon.core.main.TestCaseExecutor.accessMainPhase(TestCaseExecutor.java:299)
	at com.kms.katalon.core.main.TestCaseExecutor.execute(TestCaseExecutor.java:233)
	at com.kms.katalon.core.main.TestSuiteExecutor.accessTestCaseMainPhase(TestSuiteExecutor.java:169)
	at com.kms.katalon.core.main.TestSuiteExecutor.accessTestSuiteMainPhase(TestSuiteExecutor.java:142)
	at com.kms.katalon.core.main.TestSuiteExecutor.execute(TestSuiteExecutor.java:91)
	at com.kms.katalon.core.main.TestCaseMain.startTestSuite(TestCaseMain.java:157)
	at com.kms.katalon.core.main.TestCaseMain$startTestSuite$0.call(Unknown Source)
	at TempTestSuite1574807893706.run(TempTestSuite1574807893706.groovy:36)
)
	at com.kms.katalon.core.keyword.internal.KeywordMain.stepFailed(KeywordMain.groovy:50)
	at com.kms.katalon.core.mobile.keyword.internal.MobileKeywordMain.stepFailed(MobileKeywordMain.groovy:40)
	at com.kms.katalon.core.mobile.keyword.internal.MobileKeywordMain.runKeyword(MobileKeywordMain.groovy:23)
	at com.kms.katalon.core.mobile.keyword.builtin.TapKeyword.tap(TapKeyword.groovy:86)
	at com.kms.katalon.core.mobile.keyword.builtin.TapKeyword.execute(TapKeyword.groovy:68)
	at com.kms.katalon.core.keyword.internal.KeywordExecutor.executeKeywordForPlatform(KeywordExecutor.groovy:60)
	at com.kms.katalon.core.mobile.keyword.MobileBuiltInKeywords.tap(MobileBuiltInKeywords.groovy:520)
	at com.kms.katalon.core.mobile.keyword.MobileBuiltInKeywords$tap$1.call(Unknown Source)
	at TC_Upload Document - borrower - MASTER FLOW.run(TC_Upload Document - borrower - MASTER FLOW:16)
	at com.kms.katalon.core.main.ScriptEngine.run(ScriptEngine.java:194)
	at com.kms.katalon.core.main.ScriptEngine.runScriptAsRawText(ScriptEngine.java:119)
	at com.kms.katalon.core.main.TestCaseExecutor.runScript(TestCaseExecutor.java:337)
	at com.kms.katalon.core.main.TestCaseExecutor.doExecute(TestCaseExecutor.java:328)
	at com.kms.katalon.core.main.TestCaseExecutor.processExecutionPhase(TestCaseExecutor.java:307)
	at com.kms.katalon.core.main.TestCaseExecutor.accessMainPhase(TestCaseExecutor.java:299)
	at com.kms.katalon.core.main.TestCaseExecutor.execute(TestCaseExecutor.java:233)
	at com.kms.katalon.core.main.TestCaseMain.runTestCase(TestCaseMain.java:114)
	at com.kms.katalon.core.keyword.builtin.CallTestCaseKeyword$_callTestCase_closure1.doCall(CallTestCaseKeyword.groovy:59)
	... 20 more
Caused by: org.openqa.selenium.WebDriverException: An unknown server-side error occurred while processing the command. Original error: Could not proxy. Proxy error: Could not proxy command to remote server. Original error: Error: socket hang up
Build info: version: '3.141.59', revision: 'e82be7d358', time: '2018-11-14T08:25:53'
System info: host: 'FATITQC15420L', ip: '192.168.1.11', os.name: 'Windows 10', os.arch: 'amd64', os.version: '10.0', java.version: '1.8.0_181'
Driver info: com.kms.katalon.core.appium.driver.SwipeableAndroidDriver
Capabilities {app: C:\Users\15420\git\ACCME-Du..., appPackage: com.outsystemsenterprise.ac..., autoGrantPermissions: true, automationName: uiautomator2, databaseEnabled: false, desired: {app: C:\Users\15420\git\ACCME-Du..., autoGrantPermissions: true, automationName: uiautomator2, deviceId: , deviceName: samsung SM-A505F (Android 9), fullReset: false, newCommandTimeout: 1800, noReset: true, platform: ANDROID, platformName: android, platformVersion: 9, resetKeyboard: true, systemPort: 57782, udid: RR8M30NJT6T, unicodeKeyboard: true}, deviceApiLevel: 28, deviceId: , deviceManufacturer: samsung, deviceModel: SM-A505F, deviceName: RR8M30NJT6T, deviceScreenDensity: 420, deviceScreenSize: 1080x2340, deviceUDID: RR8M30NJT6T, fullReset: false, javascriptEnabled: true, locationContextEnabled: false, networkConnectionEnabled: true, newCommandTimeout: 1800, noReset: true, pixelRatio: 2.625, platform: ANDROID, platformName: Android, platformVersion: 9, resetKeyboard: true, statBarHeight: 83, systemPort: 57782, takesScreenshot: true, udid: RR8M30NJT6T, unicodeKeyboard: true, viewportRect: {height: 2048, left: 0, top: 83, width: 1080}, warnings: {}, webStorageEnabled: false}
Session ID: 76798100-b292-4e1a-902b-7ef53b3bed43
	at org.openqa.selenium.remote.http.W3CHttpResponseCodec.createException(W3CHttpResponseCodec.java:187)
	at org.openqa.selenium.remote.http.W3CHttpResponseCodec.decode(W3CHttpResponseCodec.java:122)
	at org.openqa.selenium.remote.http.W3CHttpResponseCodec.decode(W3CHttpResponseCodec.java:49)
	at org.openqa.selenium.remote.HttpCommandExecutor.execute(HttpCommandExecutor.java:158)
	at io.appium.java_client.remote.AppiumCommandExecutor.execute(AppiumCommandExecutor.java:239)
	at org.openqa.selenium.remote.RemoteWebDriver.execute(RemoteWebDriver.java:552)
	at io.appium.java_client.DefaultGenericMobileDriver.execute(DefaultGenericMobileDriver.java:42)
	at io.appium.java_client.AppiumDriver.execute(AppiumDriver.java:1)
	at io.appium.java_client.android.AndroidDriver.execute(AndroidDriver.java:1)
	at com.kms.katalon.core.appium.driver.SwipeableAndroidDriver.execute(SwipeableAndroidDriver.java:1)
	at org.openqa.selenium.remote.RemoteWebElement.execute(RemoteWebElement.java:285)
	at io.appium.java_client.DefaultGenericMobileElement.execute(DefaultGenericMobileElement.java:45)
	at io.appium.java_client.MobileElement.execute(MobileElement.java:1)
	at io.appium.java_client.android.AndroidElement.execute(AndroidElement.java:1)
	at org.openqa.selenium.remote.RemoteWebElement.getLocation(RemoteWebElement.java:337)
	at org.openqa.selenium.WebElement$getLocation.call(Unknown Source)
	at com.kms.katalon.core.mobile.keyword.internal.MobileAbstractKeyword.findElement(MobileAbstractKeyword.groovy:86)
	at com.kms.katalon.core.mobile.keyword.builtin.TapKeyword$_tap_closure1.doCall(TapKeyword.groovy:76)
	at com.kms.katalon.core.mobile.keyword.builtin.TapKeyword$_tap_closure1.call(TapKeyword.groovy)
	at com.kms.katalon.core.mobile.keyword.internal.MobileKeywordMain.runKeyword(MobileKeywordMain.groovy:21)
	... 35 more]]></system-err>
      </testcase>
      <testcase name="Test Cases/Data Entry/TC_Data Entry" time="216.976" classname="Test Cases/Data Entry/TC_Data Entry" status="FAILED">
         <failure type="FAILED" message="Test Cases/Data Entry/TC_Data Entry FAILED.
Reason:
com.kms.katalon.core.exception.StepFailedException: Call Test Case 'Test Cases/Data Entry/Simulasi Kredit/Simulasi Kredit - Asuransi/MASTER FLOW/TC_Asuransi - MASTER FLOW' failed
	at com.kms.katalon.core.keyword.builtin.CallTestCaseKeyword$_callTestCase_closure1.doCall(CallTestCaseKeyword.groovy:63)
	at com.kms.katalon.core.keyword.builtin.CallTestCaseKeyword$_callTestCase_closure1.call(CallTestCaseKeyword.groovy)
	at com.kms.katalon.core.keyword.internal.KeywordMain.runKeyword(KeywordMain.groovy:68)
	at com.kms.katalon.core.keyword.builtin.CallTestCaseKeyword.callTestCase(CallTestCaseKeyword.groovy:81)
	at com.kms.katalon.core.keyword.builtin.CallTestCaseKeyword.execute(CallTestCaseKeyword.groovy:44)
	at com.kms.katalon.core.keyword.internal.KeywordExecutor.executeKeywordForPlatform(KeywordExecutor.groovy:60)
	at com.kms.katalon.core.keyword.BuiltinKeywords.callTestCase(BuiltinKeywords.groovy:334)
	at TC_Data Entry.run(TC_Data Entry:26)
	at com.kms.katalon.core.main.ScriptEngine.run(ScriptEngine.java:194)
	at com.kms.katalon.core.main.ScriptEngine.runScriptAsRawText(ScriptEngine.java:119)
	at com.kms.katalon.core.main.TestCaseExecutor.runScript(TestCaseExecutor.java:337)
	at com.kms.katalon.core.main.TestCaseExecutor.doExecute(TestCaseExecutor.java:328)
	at com.kms.katalon.core.main.TestCaseExecutor.processExecutionPhase(TestCaseExecutor.java:307)
	at com.kms.katalon.core.main.TestCaseExecutor.accessMainPhase(TestCaseExecutor.java:299)
	at com.kms.katalon.core.main.TestCaseExecutor.execute(TestCaseExecutor.java:233)
	at com.kms.katalon.core.main.TestSuiteExecutor.accessTestCaseMainPhase(TestSuiteExecutor.java:169)
	at com.kms.katalon.core.main.TestSuiteExecutor.accessTestSuiteMainPhase(TestSuiteExecutor.java:142)
	at com.kms.katalon.core.main.TestSuiteExecutor.execute(TestSuiteExecutor.java:91)
	at com.kms.katalon.core.main.TestCaseMain.startTestSuite(TestCaseMain.java:157)
	at com.kms.katalon.core.main.TestCaseMain$startTestSuite$0.call(Unknown Source)
	at TempTestSuite1574807893706.run(TempTestSuite1574807893706.groovy:36)
Caused by: com.kms.katalon.core.exception.StepFailedException: Object Object Repository/Simulasi Kredit/Simulasi Kredit - Asuransi/Asuransi_Nama Asuransi not found
	at com.kms.katalon.core.keyword.internal.KeywordMain.stepFailed(KeywordMain.groovy:50)
	at com.kms.katalon.core.mobile.keyword.internal.MobileKeywordMain.stepFailed(MobileKeywordMain.groovy:40)
	at com.kms.katalon.core.mobile.keyword.builtin.TapKeyword$_tap_closure1.doCall(TapKeyword.groovy:79)
	at com.kms.katalon.core.mobile.keyword.builtin.TapKeyword$_tap_closure1.call(TapKeyword.groovy)
	at com.kms.katalon.core.mobile.keyword.internal.MobileKeywordMain.runKeyword(MobileKeywordMain.groovy:21)
	at com.kms.katalon.core.mobile.keyword.builtin.TapKeyword.tap(TapKeyword.groovy:86)
	at com.kms.katalon.core.mobile.keyword.builtin.TapKeyword.execute(TapKeyword.groovy:68)
	at com.kms.katalon.core.keyword.internal.KeywordExecutor.executeKeywordForPlatform(KeywordExecutor.groovy:60)
	at com.kms.katalon.core.mobile.keyword.MobileBuiltInKeywords.tap(MobileBuiltInKeywords.groovy:520)
	at com.kms.katalon.core.mobile.keyword.MobileBuiltInKeywords$tap$1.call(Unknown Source)
	at TC_Asuransi - MASTER FLOW.run(TC_Asuransi - MASTER FLOW:18)
	at com.kms.katalon.core.main.ScriptEngine.run(ScriptEngine.java:194)
	at com.kms.katalon.core.main.ScriptEngine.runScriptAsRawText(ScriptEngine.java:119)
	at com.kms.katalon.core.main.TestCaseExecutor.runScript(TestCaseExecutor.java:337)
	at com.kms.katalon.core.main.TestCaseExecutor.doExecute(TestCaseExecutor.java:328)
	at com.kms.katalon.core.main.TestCaseExecutor.processExecutionPhase(TestCaseExecutor.java:307)
	at com.kms.katalon.core.main.TestCaseExecutor.accessMainPhase(TestCaseExecutor.java:299)
	at com.kms.katalon.core.main.TestCaseExecutor.execute(TestCaseExecutor.java:233)
	at com.kms.katalon.core.main.TestCaseMain.runTestCase(TestCaseMain.java:114)
	at com.kms.katalon.core.keyword.builtin.CallTestCaseKeyword$_callTestCase_closure1.doCall(CallTestCaseKeyword.groovy:59)
	... 20 more
"/>
         <system-out><![CDATA[2019-11-27 06:29:17 - [TEST_CASE][FAILED] - Test Cases/Data Entry/TC_Data Entry: Test Cases/Data Entry/TC_Data Entry FAILED.
Reason:
com.kms.katalon.core.exception.StepFailedException: Call Test Case 'Test Cases/Data Entry/Simulasi Kredit/Simulasi Kredit - Asuransi/MASTER FLOW/TC_Asuransi - MASTER FLOW' failed
	at com.kms.katalon.core.keyword.builtin.CallTestCaseKeyword$_callTestCase_closure1.doCall(CallTestCaseKeyword.groovy:63)
	at com.kms.katalon.core.keyword.builtin.CallTestCaseKeyword$_callTestCase_closure1.call(CallTestCaseKeyword.groovy)
	at com.kms.katalon.core.keyword.internal.KeywordMain.runKeyword(KeywordMain.groovy:68)
	at com.kms.katalon.core.keyword.builtin.CallTestCaseKeyword.callTestCase(CallTestCaseKeyword.groovy:81)
	at com.kms.katalon.core.keyword.builtin.CallTestCaseKeyword.execute(CallTestCaseKeyword.groovy:44)
	at com.kms.katalon.core.keyword.internal.KeywordExecutor.executeKeywordForPlatform(KeywordExecutor.groovy:60)
	at com.kms.katalon.core.keyword.BuiltinKeywords.callTestCase(BuiltinKeywords.groovy:334)
	at TC_Data Entry.run(TC_Data Entry:26)
	at com.kms.katalon.core.main.ScriptEngine.run(ScriptEngine.java:194)
	at com.kms.katalon.core.main.ScriptEngine.runScriptAsRawText(ScriptEngine.java:119)
	at com.kms.katalon.core.main.TestCaseExecutor.runScript(TestCaseExecutor.java:337)
	at com.kms.katalon.core.main.TestCaseExecutor.doExecute(TestCaseExecutor.java:328)
	at com.kms.katalon.core.main.TestCaseExecutor.processExecutionPhase(TestCaseExecutor.java:307)
	at com.kms.katalon.core.main.TestCaseExecutor.accessMainPhase(TestCaseExecutor.java:299)
	at com.kms.katalon.core.main.TestCaseExecutor.execute(TestCaseExecutor.java:233)
	at com.kms.katalon.core.main.TestSuiteExecutor.accessTestCaseMainPhase(TestSuiteExecutor.java:169)
	at com.kms.katalon.core.main.TestSuiteExecutor.accessTestSuiteMainPhase(TestSuiteExecutor.java:142)
	at com.kms.katalon.core.main.TestSuiteExecutor.execute(TestSuiteExecutor.java:91)
	at com.kms.katalon.core.main.TestCaseMain.startTestSuite(TestCaseMain.java:157)
	at com.kms.katalon.core.main.TestCaseMain$startTestSuite$0.call(Unknown Source)
	at TempTestSuite1574807893706.run(TempTestSuite1574807893706.groovy:36)
Caused by: com.kms.katalon.core.exception.StepFailedException: Object Object Repository/Simulasi Kredit/Simulasi Kredit - Asuransi/Asuransi_Nama Asuransi not found
	at com.kms.katalon.core.keyword.internal.KeywordMain.stepFailed(KeywordMain.groovy:50)
	at com.kms.katalon.core.mobile.keyword.internal.MobileKeywordMain.stepFailed(MobileKeywordMain.groovy:40)
	at com.kms.katalon.core.mobile.keyword.builtin.TapKeyword$_tap_closure1.doCall(TapKeyword.groovy:79)
	at com.kms.katalon.core.mobile.keyword.builtin.TapKeyword$_tap_closure1.call(TapKeyword.groovy)
	at com.kms.katalon.core.mobile.keyword.internal.MobileKeywordMain.runKeyword(MobileKeywordMain.groovy:21)
	at com.kms.katalon.core.mobile.keyword.builtin.TapKeyword.tap(TapKeyword.groovy:86)
	at com.kms.katalon.core.mobile.keyword.builtin.TapKeyword.execute(TapKeyword.groovy:68)
	at com.kms.katalon.core.keyword.internal.KeywordExecutor.executeKeywordForPlatform(KeywordExecutor.groovy:60)
	at com.kms.katalon.core.mobile.keyword.MobileBuiltInKeywords.tap(MobileBuiltInKeywords.groovy:520)
	at com.kms.katalon.core.mobile.keyword.MobileBuiltInKeywords$tap$1.call(Unknown Source)
	at TC_Asuransi - MASTER FLOW.run(TC_Asuransi - MASTER FLOW:18)
	at com.kms.katalon.core.main.ScriptEngine.run(ScriptEngine.java:194)
	at com.kms.katalon.core.main.ScriptEngine.runScriptAsRawText(ScriptEngine.java:119)
	at com.kms.katalon.core.main.TestCaseExecutor.runScript(TestCaseExecutor.java:337)
	at com.kms.katalon.core.main.TestCaseExecutor.doExecute(TestCaseExecutor.java:328)
	at com.kms.katalon.core.main.TestCaseExecutor.processExecutionPhase(TestCaseExecutor.java:307)
	at com.kms.katalon.core.main.TestCaseExecutor.accessMainPhase(TestCaseExecutor.java:299)
	at com.kms.katalon.core.main.TestCaseExecutor.execute(TestCaseExecutor.java:233)
	at com.kms.katalon.core.main.TestCaseMain.runTestCase(TestCaseMain.java:114)
	at com.kms.katalon.core.keyword.builtin.CallTestCaseKeyword$_callTestCase_closure1.doCall(CallTestCaseKeyword.groovy:59)
	... 20 more


2019-11-27 06:29:17 - [TEST_STEP][PASSED] - callTestCase(findTestCase("dynamic test case/open application"), [:], STOP_ON_FAILURE): Call Test Case 'Test Cases/dynamic test case/open application' successfully

2019-11-27 06:29:17 - [TEST_CASE][PASSED] - Test Cases/dynamic test case/open application: Test Cases/dynamic test case/open application

2019-11-27 06:29:17 - [TEST_STEP][PASSED] - appPath = relativeToAbsolutePath(apkname, getProjectDir()): null

2019-11-27 06:29:17 - [TEST_STEP][PASSED] - startApplication(appPath, false): Started app at: 'C:\Users\15420\git\ACCME-Dupcheck\AccMe.apk'

2019-11-27 06:29:17 - [MESSAGE][INFO] - User set preference: ['unicodeKeyboard', 'true']

2019-11-27 06:29:17 - [MESSAGE][INFO] - User set preference: ['resetKeyboard', 'true']

2019-11-27 06:29:17 - [MESSAGE][INFO] - User set preference: ['deviceId', '']

2019-11-27 06:29:46 - [MESSAGE][PASSED] - Started app at: 'C:\Users\15420\git\ACCME-Dupcheck\AccMe.apk'

2019-11-27 06:29:46 - [MESSAGE][PASSED] - Call Test Case 'Test Cases/dynamic test case/open application' successfully

2019-11-27 06:29:46 - [TEST_STEP][PASSED] - callTestCase(findTestCase("Data Entry/Simulasi Kredit/Simulasi Kredit/MASTER FLOW/TC_Simulasi Kredit - MASTER FLOW"), ["varBrand":varBrand, "varType":varType, "varModel":varModel, "varTahun":varTahun, "varTenor":varTenor, "varOTR":varOTR, "varRP":varRP, ... ], OPTIONAL): Call Test Case 'Test Cases/Data Entry/Simulasi Kredit/Simulasi Kredit/MASTER FLOW/TC_Simulasi Kredit - MASTER FLOW' successfully

2019-11-27 06:29:47 - [TEST_CASE][PASSED] - Test Cases/Data Entry/Simulasi Kredit/Simulasi Kredit/MASTER FLOW/TC_Simulasi Kredit - MASTER FLOW: Test Cases/Data Entry/Simulasi Kredit/Simulasi Kredit/MASTER FLOW/TC_Simulasi Kredit - MASTER FLOW

2019-11-27 06:29:47 - [TEST_STEP][PASSED] - waitForElementPresent(findTestObject("Simulasi Kredit/Simulasi Kredit - Simulasi Kredit/SimulasiKredit_Btn Simulasi Kredit"), 0): Element 'Object Repository/Simulasi Kredit/Simulasi Kredit - Simulasi Kredit/SimulasiKredit_Btn Simulasi Kredit' is present

2019-11-27 06:29:47 - [MESSAGE][WARNING] - Timeout '0' is invalid. Using default page load timeout: '30'

2019-11-27 06:29:56 - [MESSAGE][PASSED] - Element 'Object Repository/Simulasi Kredit/Simulasi Kredit - Simulasi Kredit/SimulasiKredit_Btn Simulasi Kredit' is present

2019-11-27 06:29:56 - [TEST_STEP][PASSED] - tap(findTestObject("Simulasi Kredit/Simulasi Kredit - Simulasi Kredit/SimulasiKredit_Btn Simulasi Kredit"), 0): Tapped on element 'Object Repository/Simulasi Kredit/Simulasi Kredit - Simulasi Kredit/SimulasiKredit_Btn Simulasi Kredit'

2019-11-27 06:29:56 - [MESSAGE][WARNING] - Timeout '0' is invalid. Using default page load timeout: '30'

2019-11-27 06:29:58 - [MESSAGE][PASSED] - Tapped on element 'Object Repository/Simulasi Kredit/Simulasi Kredit - Simulasi Kredit/SimulasiKredit_Btn Simulasi Kredit'

2019-11-27 06:29:58 - [TEST_STEP][PASSED] - if (varPembiayaan == "NewCar"): Tapped on element 'Object Repository/Simulasi Kredit/Simulasi Kredit - Simulasi Kredit/SimulasiKredit_new car'

2019-11-27 06:29:58 - [TEST_STEP][PASSED] - tap(findTestObject("Simulasi Kredit/Simulasi Kredit - Simulasi Kredit/SimulasiKredit_new car"), 0): Tapped on element 'Object Repository/Simulasi Kredit/Simulasi Kredit - Simulasi Kredit/SimulasiKredit_new car'

2019-11-27 06:29:58 - [MESSAGE][WARNING] - Timeout '0' is invalid. Using default page load timeout: '30'

2019-11-27 06:30:02 - [MESSAGE][PASSED] - Tapped on element 'Object Repository/Simulasi Kredit/Simulasi Kredit - Simulasi Kredit/SimulasiKredit_new car'

2019-11-27 06:30:02 - [TEST_STEP][PASSED] - if (varPembiayaan == "UsedCar"): null

2019-11-27 06:30:02 - [TEST_STEP][PASSED] - if (varTipepembiayaan == "syariah"): null

2019-11-27 06:30:02 - [TEST_STEP][PASSED] - if (varTipepembiayaan == "konvensional"): null

2019-11-27 06:30:02 - [TEST_STEP][PASSED] - if (varkodepaket == "ya"): null

2019-11-27 06:30:02 - [TEST_STEP][PASSED] - setText(findTestObject("Simulasi Kredit/Simulasi Kredit - Simulasi Kredit/SimulasiKredit_Inp Brand"), varBrand, 0): Text 'ISUZU' has been set to element 'Object Repository/Simulasi Kredit/Simulasi Kredit - Simulasi Kredit/SimulasiKredit_Inp Brand'

2019-11-27 06:30:02 - [MESSAGE][WARNING] - Timeout '0' is invalid. Using default page load timeout: '30'

2019-11-27 06:30:03 - [MESSAGE][PASSED] - Text 'ISUZU' has been set to element 'Object Repository/Simulasi Kredit/Simulasi Kredit - Simulasi Kredit/SimulasiKredit_Inp Brand'

2019-11-27 06:30:03 - [TEST_STEP][PASSED] - tap(findTestObject("Simulasi Kredit/Simulasi Kredit - Simulasi Kredit/SimulasiKredit_Inp Brand"), 0): Tapped on element 'Object Repository/Simulasi Kredit/Simulasi Kredit - Simulasi Kredit/SimulasiKredit_Inp Brand'

2019-11-27 06:30:04 - [MESSAGE][WARNING] - Timeout '0' is invalid. Using default page load timeout: '30'

2019-11-27 06:30:08 - [MESSAGE][PASSED] - Tapped on element 'Object Repository/Simulasi Kredit/Simulasi Kredit - Simulasi Kredit/SimulasiKredit_Inp Brand'

2019-11-27 06:30:08 - [TEST_STEP][PASSED] - tap(findTestObject("dynamic object/pickListItem_viewView", ["text":varBrand]), 0): Tapped on element 'Object Repository/dynamic object/pickListItem_viewView'

2019-11-27 06:30:08 - [MESSAGE][WARNING] - Timeout '0' is invalid. Using default page load timeout: '30'

2019-11-27 06:30:13 - [MESSAGE][PASSED] - Tapped on element 'Object Repository/dynamic object/pickListItem_viewView'

2019-11-27 06:30:13 - [TEST_STEP][PASSED] - tap(findTestObject("Simulasi Kredit/Simulasi Kredit - Simulasi Kredit/SimulasiKredit_Inp Type"), 0): Tapped on element 'Object Repository/Simulasi Kredit/Simulasi Kredit - Simulasi Kredit/SimulasiKredit_Inp Type'

2019-11-27 06:30:13 - [MESSAGE][WARNING] - Timeout '0' is invalid. Using default page load timeout: '30'

2019-11-27 06:30:16 - [MESSAGE][PASSED] - Tapped on element 'Object Repository/Simulasi Kredit/Simulasi Kredit - Simulasi Kredit/SimulasiKredit_Inp Type'

2019-11-27 06:30:16 - [TEST_STEP][PASSED] - setText(findTestObject("Simulasi Kredit/Simulasi Kredit - Simulasi Kredit/SimulasiKredit_Inp Type"), varType, 0): Text 'MU-X' has been set to element 'Object Repository/Simulasi Kredit/Simulasi Kredit - Simulasi Kredit/SimulasiKredit_Inp Type'

2019-11-27 06:30:16 - [MESSAGE][WARNING] - Timeout '0' is invalid. Using default page load timeout: '30'

2019-11-27 06:30:18 - [MESSAGE][PASSED] - Text 'MU-X' has been set to element 'Object Repository/Simulasi Kredit/Simulasi Kredit - Simulasi Kredit/SimulasiKredit_Inp Type'

2019-11-27 06:30:18 - [TEST_STEP][PASSED] - delay(3): Delayed 3 second(s)

2019-11-27 06:30:21 - [MESSAGE][PASSED] - Delayed 3 second(s)

2019-11-27 06:30:21 - [TEST_STEP][PASSED] - tap(findTestObject("Simulasi Kredit/Simulasi Kredit - Simulasi Kredit/SimulasiKredit_Inp Type"), 0): Tapped on element 'Object Repository/Simulasi Kredit/Simulasi Kredit - Simulasi Kredit/SimulasiKredit_Inp Type'

2019-11-27 06:30:21 - [MESSAGE][WARNING] - Timeout '0' is invalid. Using default page load timeout: '30'

2019-11-27 06:30:23 - [MESSAGE][PASSED] - Tapped on element 'Object Repository/Simulasi Kredit/Simulasi Kredit - Simulasi Kredit/SimulasiKredit_Inp Type'

2019-11-27 06:30:23 - [TEST_STEP][PASSED] - tap(findTestObject("Simulasi Kredit/Simulasi Kredit - Simulasi Kredit/SimulasiKredit_Inp Type LOV"), 0): Tapped on element 'Object Repository/Simulasi Kredit/Simulasi Kredit - Simulasi Kredit/SimulasiKredit_Inp Type LOV'

2019-11-27 06:30:23 - [MESSAGE][WARNING] - Timeout '0' is invalid. Using default page load timeout: '30'

2019-11-27 06:30:26 - [MESSAGE][PASSED] - Tapped on element 'Object Repository/Simulasi Kredit/Simulasi Kredit - Simulasi Kredit/SimulasiKredit_Inp Type LOV'

2019-11-27 06:30:26 - [TEST_STEP][PASSED] - mobile.mobileSwipe.UpDown(0.8, 0.5, 1000): mobile.mobileSwipe.UpDown is PASSED

2019-11-27 06:30:27 - [MESSAGE][PASSED] - Current device physical height is 2131

2019-11-27 06:30:27 - [MESSAGE][INFO] - Device Height : 2131

2019-11-27 06:30:28 - [MESSAGE][PASSED] - Current device physical width is 1080

2019-11-27 06:30:28 - [MESSAGE][INFO] - Device Width : 1080

2019-11-27 06:30:28 - [MESSAGE][INFO] - Swipe start at Height : 1704

2019-11-27 06:30:28 - [MESSAGE][INFO] - Swipe end at Height : 1065

2019-11-27 06:30:28 - [MESSAGE][INFO] - X Position : 1000

2019-11-27 06:30:30 - [MESSAGE][PASSED] - Swiped from 1,000,1,704 to 1,000,1,065

2019-11-27 06:30:30 - [MESSAGE][PASSED] - mobile.mobileSwipe.UpDown is PASSED

2019-11-27 06:30:30 - [TEST_STEP][PASSED] - tap(findTestObject("Simulasi Kredit/Simulasi Kredit - Simulasi Kredit/SimulasiKredit_Inp Model"), 0): Tapped on element 'Object Repository/Simulasi Kredit/Simulasi Kredit - Simulasi Kredit/SimulasiKredit_Inp Model'

2019-11-27 06:30:30 - [MESSAGE][WARNING] - Timeout '0' is invalid. Using default page load timeout: '30'

2019-11-27 06:30:33 - [MESSAGE][PASSED] - Tapped on element 'Object Repository/Simulasi Kredit/Simulasi Kredit - Simulasi Kredit/SimulasiKredit_Inp Model'

2019-11-27 06:30:33 - [TEST_STEP][PASSED] - scrollToText(varModel, STOP_ON_FAILURE): Scrolling to text '2.5 4X2 A/T' successfully

2019-11-27 06:30:34 - [MESSAGE][PASSED] - Scrolling to text '2.5 4X2 A/T' successfully

2019-11-27 06:30:34 - [TEST_STEP][PASSED] - tap(findTestObject("dynamic object/pickListItem_checkedTextView", ["text":varModel]), 0): Tapped on element 'Object Repository/dynamic object/pickListItem_checkedTextView'

2019-11-27 06:30:35 - [MESSAGE][WARNING] - Timeout '0' is invalid. Using default page load timeout: '30'

2019-11-27 06:30:36 - [MESSAGE][PASSED] - Tapped on element 'Object Repository/dynamic object/pickListItem_checkedTextView'

2019-11-27 06:30:36 - [TEST_STEP][PASSED] - tap(findTestObject("Simulasi Kredit/Simulasi Kredit - Simulasi Kredit/SimulasiKredit_Tahun"), 0): Tapped on element 'Object Repository/Simulasi Kredit/Simulasi Kredit - Simulasi Kredit/SimulasiKredit_Tahun'

2019-11-27 06:30:36 - [MESSAGE][WARNING] - Timeout '0' is invalid. Using default page load timeout: '30'

2019-11-27 06:30:39 - [MESSAGE][PASSED] - Tapped on element 'Object Repository/Simulasi Kredit/Simulasi Kredit - Simulasi Kredit/SimulasiKredit_Tahun'

2019-11-27 06:30:39 - [TEST_STEP][PASSED] - scrollToText(varTahun, STOP_ON_FAILURE): Scrolling to text '2018' successfully

2019-11-27 06:30:40 - [MESSAGE][PASSED] - Scrolling to text '2018' successfully

2019-11-27 06:30:40 - [TEST_STEP][PASSED] - tap(findTestObject("dynamic object/pickListItem_checkedTextView", ["text":varTahun]), 0): Tapped on element 'Object Repository/dynamic object/pickListItem_checkedTextView'

2019-11-27 06:30:40 - [MESSAGE][WARNING] - Timeout '0' is invalid. Using default page load timeout: '30'

2019-11-27 06:30:42 - [MESSAGE][PASSED] - Tapped on element 'Object Repository/dynamic object/pickListItem_checkedTextView'

2019-11-27 06:30:42 - [TEST_STEP][PASSED] - tap(findTestObject("Simulasi Kredit/Simulasi Kredit - Simulasi Kredit/SimulasiKredit_Tenor"), 0): Tapped on element 'Object Repository/Simulasi Kredit/Simulasi Kredit - Simulasi Kredit/SimulasiKredit_Tenor'

2019-11-27 06:30:42 - [MESSAGE][WARNING] - Timeout '0' is invalid. Using default page load timeout: '30'

2019-11-27 06:30:44 - [MESSAGE][PASSED] - Tapped on element 'Object Repository/Simulasi Kredit/Simulasi Kredit - Simulasi Kredit/SimulasiKredit_Tenor'

2019-11-27 06:30:44 - [TEST_STEP][PASSED] - tap(findTestObject("dynamic object/pickListItem_checkedTextView", ["text":varTenor]), 0): Tapped on element 'Object Repository/dynamic object/pickListItem_checkedTextView'

2019-11-27 06:30:45 - [MESSAGE][WARNING] - Timeout '0' is invalid. Using default page load timeout: '30'

2019-11-27 06:30:46 - [MESSAGE][PASSED] - Tapped on element 'Object Repository/dynamic object/pickListItem_checkedTextView'

2019-11-27 06:30:46 - [TEST_STEP][PASSED] - setText(findTestObject("Simulasi Kredit/Simulasi Kredit - Simulasi Kredit/SimulasiKredit_Inp OTR"), varOTR, 0): Text '415000000' has been set to element 'Object Repository/Simulasi Kredit/Simulasi Kredit - Simulasi Kredit/SimulasiKredit_Inp OTR'

2019-11-27 06:30:46 - [MESSAGE][WARNING] - Timeout '0' is invalid. Using default page load timeout: '30'

2019-11-27 06:30:49 - [MESSAGE][PASSED] - Text '415000000' has been set to element 'Object Repository/Simulasi Kredit/Simulasi Kredit - Simulasi Kredit/SimulasiKredit_Inp OTR'

2019-11-27 06:30:49 - [TEST_STEP][PASSED] - setText(findTestObject("Simulasi Kredit/Simulasi Kredit - Simulasi Kredit/SimulasiKredit_Inp RP"), varRP, 0): Text '124500000' has been set to element 'Object Repository/Simulasi Kredit/Simulasi Kredit - Simulasi Kredit/SimulasiKredit_Inp RP'

2019-11-27 06:30:49 - [MESSAGE][WARNING] - Timeout '0' is invalid. Using default page load timeout: '30'

2019-11-27 06:30:52 - [MESSAGE][PASSED] - Text '124500000' has been set to element 'Object Repository/Simulasi Kredit/Simulasi Kredit - Simulasi Kredit/SimulasiKredit_Inp RP'

2019-11-27 06:30:52 - [TEST_STEP][PASSED] - mobile.mobileSwipe.UpDown(0.5, 0.2, 1000): mobile.mobileSwipe.UpDown is PASSED

2019-11-27 06:30:53 - [MESSAGE][PASSED] - Current device physical height is 2131

2019-11-27 06:30:53 - [MESSAGE][INFO] - Device Height : 2131

2019-11-27 06:30:54 - [MESSAGE][PASSED] - Current device physical width is 1080

2019-11-27 06:30:54 - [MESSAGE][INFO] - Device Width : 1080

2019-11-27 06:30:54 - [MESSAGE][INFO] - Swipe start at Height : 1065

2019-11-27 06:30:54 - [MESSAGE][INFO] - Swipe end at Height : 426

2019-11-27 06:30:54 - [MESSAGE][INFO] - X Position : 1000

2019-11-27 06:30:56 - [MESSAGE][PASSED] - Swiped from 1,000,1,065 to 1,000,426

2019-11-27 06:30:56 - [MESSAGE][PASSED] - mobile.mobileSwipe.UpDown is PASSED

2019-11-27 06:30:56 - [TEST_STEP][PASSED] - setText(findTestObject("Simulasi Kredit/Simulasi Kredit - Simulasi Kredit/SimulasiKredit_Inp Dealer"), varDealer, 0): Text 'ABDUL QODIR J. H' has been set to element 'Object Repository/Simulasi Kredit/Simulasi Kredit - Simulasi Kredit/SimulasiKredit_Inp Dealer'

2019-11-27 06:30:56 - [MESSAGE][WARNING] - Timeout '0' is invalid. Using default page load timeout: '30'

2019-11-27 06:30:58 - [MESSAGE][PASSED] - Text 'ABDUL QODIR J. H' has been set to element 'Object Repository/Simulasi Kredit/Simulasi Kredit - Simulasi Kredit/SimulasiKredit_Inp Dealer'

2019-11-27 06:30:58 - [TEST_STEP][PASSED] - tap(findTestObject("Simulasi Kredit/Simulasi Kredit - Simulasi Kredit/SimulasiKredit_Inp Dealer"), 0): Tapped on element 'Object Repository/Simulasi Kredit/Simulasi Kredit - Simulasi Kredit/SimulasiKredit_Inp Dealer'

2019-11-27 06:30:58 - [MESSAGE][WARNING] - Timeout '0' is invalid. Using default page load timeout: '30'

2019-11-27 06:31:02 - [MESSAGE][PASSED] - Tapped on element 'Object Repository/Simulasi Kredit/Simulasi Kredit - Simulasi Kredit/SimulasiKredit_Inp Dealer'

2019-11-27 06:31:02 - [TEST_STEP][PASSED] - clearText(findTestObject("Simulasi Kredit/Simulasi Kredit - Simulasi Kredit/SimulasiKredit_Inp Dealer"), 0): Element 'Object Repository/Simulasi Kredit/Simulasi Kredit - Simulasi Kredit/SimulasiKredit_Inp Dealer' text is cleared

2019-11-27 06:31:02 - [MESSAGE][WARNING] - Timeout '0' is invalid. Using default page load timeout: '30'

2019-11-27 06:31:04 - [MESSAGE][PASSED] - Element 'Object Repository/Simulasi Kredit/Simulasi Kredit - Simulasi Kredit/SimulasiKredit_Inp Dealer' text is cleared

2019-11-27 06:31:04 - [TEST_STEP][PASSED] - setText(findTestObject("Simulasi Kredit/Simulasi Kredit - Simulasi Kredit/SimulasiKredit_Inp Dealer"), varDealer, 0): Text 'ABDUL QODIR J. H' has been set to element 'Object Repository/Simulasi Kredit/Simulasi Kredit - Simulasi Kredit/SimulasiKredit_Inp Dealer'

2019-11-27 06:31:04 - [MESSAGE][WARNING] - Timeout '0' is invalid. Using default page load timeout: '30'

2019-11-27 06:31:06 - [MESSAGE][PASSED] - Text 'ABDUL QODIR J. H' has been set to element 'Object Repository/Simulasi Kredit/Simulasi Kredit - Simulasi Kredit/SimulasiKredit_Inp Dealer'

2019-11-27 06:31:06 - [TEST_STEP][PASSED] - delay(4, STOP_ON_FAILURE): Delayed 4 second(s)

2019-11-27 06:31:10 - [MESSAGE][PASSED] - Delayed 4 second(s)

2019-11-27 06:31:10 - [TEST_STEP][PASSED] - tap(findTestObject("Simulasi Kredit/Simulasi Kredit - Simulasi Kredit/SimulasiKredit_LOV Dealer"), 0): Tapped on element 'Object Repository/Simulasi Kredit/Simulasi Kredit - Simulasi Kredit/SimulasiKredit_LOV Dealer'

2019-11-27 06:31:10 - [MESSAGE][WARNING] - Timeout '0' is invalid. Using default page load timeout: '30'

2019-11-27 06:31:13 - [MESSAGE][PASSED] - Tapped on element 'Object Repository/Simulasi Kredit/Simulasi Kredit - Simulasi Kredit/SimulasiKredit_LOV Dealer'

2019-11-27 06:31:13 - [TEST_STEP][PASSED] - setText(findTestObject("Simulasi Kredit/Simulasi Kredit - Simulasi Kredit/SimulasiKredit_Inp Sales Dealer"), varSales, 0): Text 'ABDUL QODIR' has been set to element 'Object Repository/Simulasi Kredit/Simulasi Kredit - Simulasi Kredit/SimulasiKredit_Inp Sales Dealer'

2019-11-27 06:31:13 - [MESSAGE][WARNING] - Timeout '0' is invalid. Using default page load timeout: '30'

2019-11-27 06:31:16 - [MESSAGE][PASSED] - Text 'ABDUL QODIR' has been set to element 'Object Repository/Simulasi Kredit/Simulasi Kredit - Simulasi Kredit/SimulasiKredit_Inp Sales Dealer'

2019-11-27 06:31:16 - [TEST_STEP][PASSED] - tap(findTestObject("Simulasi Kredit/Simulasi Kredit - Simulasi Kredit/SimulasiKredit_Inp Sales Dealer"), 0): Tapped on element 'Object Repository/Simulasi Kredit/Simulasi Kredit - Simulasi Kredit/SimulasiKredit_Inp Sales Dealer'

2019-11-27 06:31:16 - [MESSAGE][WARNING] - Timeout '0' is invalid. Using default page load timeout: '30'

2019-11-27 06:31:19 - [MESSAGE][PASSED] - Tapped on element 'Object Repository/Simulasi Kredit/Simulasi Kredit - Simulasi Kredit/SimulasiKredit_Inp Sales Dealer'

2019-11-27 06:31:19 - [TEST_STEP][PASSED] - tap(findTestObject("Simulasi Kredit/Simulasi Kredit - Simulasi Kredit/SimulasiKredit_LOV Sales Dealer"), 0): Tapped on element 'Object Repository/Simulasi Kredit/Simulasi Kredit - Simulasi Kredit/SimulasiKredit_LOV Sales Dealer'

2019-11-27 06:31:19 - [MESSAGE][WARNING] - Timeout '0' is invalid. Using default page load timeout: '30'

2019-11-27 06:31:22 - [MESSAGE][PASSED] - Tapped on element 'Object Repository/Simulasi Kredit/Simulasi Kredit - Simulasi Kredit/SimulasiKredit_LOV Sales Dealer'

2019-11-27 06:31:22 - [TEST_STEP][PASSED] - tap(findTestObject("Simulasi Kredit/Simulasi Kredit - Simulasi Kredit/SimulasiKredit_Btn Hitung"), 0): Tapped on element 'Object Repository/Simulasi Kredit/Simulasi Kredit - Simulasi Kredit/SimulasiKredit_Btn Hitung'

2019-11-27 06:31:22 - [MESSAGE][WARNING] - Timeout '0' is invalid. Using default page load timeout: '30'

2019-11-27 06:31:25 - [MESSAGE][PASSED] - Tapped on element 'Object Repository/Simulasi Kredit/Simulasi Kredit - Simulasi Kredit/SimulasiKredit_Btn Hitung'

2019-11-27 06:31:25 - [TEST_STEP][PASSED] - delay(20, STOP_ON_FAILURE): Delayed 20 second(s)

2019-11-27 06:31:45 - [MESSAGE][PASSED] - Delayed 20 second(s)

2019-11-27 06:31:45 - [TEST_STEP][PASSED] - tap(findTestObject("Simulasi Kredit/Simulasi Kredit - Simulasi Kredit/SimulasiKredit_Btn Berikutnya"), 0): Tapped on element 'Object Repository/Simulasi Kredit/Simulasi Kredit - Simulasi Kredit/SimulasiKredit_Btn Berikutnya'

2019-11-27 06:31:45 - [MESSAGE][WARNING] - Timeout '0' is invalid. Using default page load timeout: '30'

2019-11-27 06:31:47 - [MESSAGE][PASSED] - Tapped on element 'Object Repository/Simulasi Kredit/Simulasi Kredit - Simulasi Kredit/SimulasiKredit_Btn Berikutnya'

2019-11-27 06:31:47 - [TEST_STEP][PASSED] - delay(1, STOP_ON_FAILURE): Delayed 1 second(s)

2019-11-27 06:31:48 - [MESSAGE][PASSED] - Delayed 1 second(s)

2019-11-27 06:31:48 - [TEST_STEP][PASSED] - waitForElementPresent(findTestObject("Simulasi Kredit/Simulasi Kredit - Asuransi/Asuransi_Nama Asuransi"), 0): Object Object Repository/Simulasi Kredit/Simulasi Kredit - Asuransi/Asuransi_Nama Asuransi not found

2019-11-27 06:31:48 - [MESSAGE][WARNING] - Timeout '0' is invalid. Using default page load timeout: '30'

2019-11-27 06:32:18 - [MESSAGE][WARNING] - Object Object Repository/Simulasi Kredit/Simulasi Kredit - Asuransi/Asuransi_Nama Asuransi not found

2019-11-27 06:32:18 - [MESSAGE][PASSED] - Call Test Case 'Test Cases/Data Entry/Simulasi Kredit/Simulasi Kredit/MASTER FLOW/TC_Simulasi Kredit - MASTER FLOW' successfully

2019-11-27 06:32:18 - [TEST_STEP][FAILED] - callTestCase(findTestCase("Data Entry/Simulasi Kredit/Simulasi Kredit - Asuransi/MASTER FLOW/TC_Asuransi - MASTER FLOW"), ["varAsuransi":varAsuransi, "varKodeWilayah":varKodeWilayah], STOP_ON_FAILURE): Unable to call Test Case 'Test Cases/Data Entry/Simulasi Kredit/Simulasi Kredit - Asuransi/MASTER FLOW/TC_Asuransi - MASTER FLOW' (Root cause: com.kms.katalon.core.exception.StepFailedException: Call Test Case 'Test Cases/Data Entry/Simulasi Kredit/Simulasi Kredit - Asuransi/MASTER FLOW/TC_Asuransi - MASTER FLOW' failed
	at com.kms.katalon.core.keyword.builtin.CallTestCaseKeyword$_callTestCase_closure1.doCall(CallTestCaseKeyword.groovy:63)
	at com.kms.katalon.core.keyword.builtin.CallTestCaseKeyword$_callTestCase_closure1.call(CallTestCaseKeyword.groovy)
	at com.kms.katalon.core.keyword.internal.KeywordMain.runKeyword(KeywordMain.groovy:68)
	at com.kms.katalon.core.keyword.builtin.CallTestCaseKeyword.callTestCase(CallTestCaseKeyword.groovy:81)
	at com.kms.katalon.core.keyword.builtin.CallTestCaseKeyword.execute(CallTestCaseKeyword.groovy:44)
	at com.kms.katalon.core.keyword.internal.KeywordExecutor.executeKeywordForPlatform(KeywordExecutor.groovy:60)
	at com.kms.katalon.core.keyword.BuiltinKeywords.callTestCase(BuiltinKeywords.groovy:334)
	at TC_Data Entry.run(TC_Data Entry:26)
	at com.kms.katalon.core.main.ScriptEngine.run(ScriptEngine.java:194)
	at com.kms.katalon.core.main.ScriptEngine.runScriptAsRawText(ScriptEngine.java:119)
	at com.kms.katalon.core.main.TestCaseExecutor.runScript(TestCaseExecutor.java:337)
	at com.kms.katalon.core.main.TestCaseExecutor.doExecute(TestCaseExecutor.java:328)
	at com.kms.katalon.core.main.TestCaseExecutor.processExecutionPhase(TestCaseExecutor.java:307)
	at com.kms.katalon.core.main.TestCaseExecutor.accessMainPhase(TestCaseExecutor.java:299)
	at com.kms.katalon.core.main.TestCaseExecutor.execute(TestCaseExecutor.java:233)
	at com.kms.katalon.core.main.TestSuiteExecutor.accessTestCaseMainPhase(TestSuiteExecutor.java:169)
	at com.kms.katalon.core.main.TestSuiteExecutor.accessTestSuiteMainPhase(TestSuiteExecutor.java:142)
	at com.kms.katalon.core.main.TestSuiteExecutor.execute(TestSuiteExecutor.java:91)
	at com.kms.katalon.core.main.TestCaseMain.startTestSuite(TestCaseMain.java:157)
	at com.kms.katalon.core.main.TestCaseMain$startTestSuite$0.call(Unknown Source)
	at TempTestSuite1574807893706.run(TempTestSuite1574807893706.groovy:36)
Caused by: com.kms.katalon.core.exception.StepFailedException: Object Object Repository/Simulasi Kredit/Simulasi Kredit - Asuransi/Asuransi_Nama Asuransi not found
	at com.kms.katalon.core.keyword.internal.KeywordMain.stepFailed(KeywordMain.groovy:50)
	at com.kms.katalon.core.mobile.keyword.internal.MobileKeywordMain.stepFailed(MobileKeywordMain.groovy:40)
	at com.kms.katalon.core.mobile.keyword.builtin.TapKeyword$_tap_closure1.doCall(TapKeyword.groovy:79)
	at com.kms.katalon.core.mobile.keyword.builtin.TapKeyword$_tap_closure1.call(TapKeyword.groovy)
	at com.kms.katalon.core.mobile.keyword.internal.MobileKeywordMain.runKeyword(MobileKeywordMain.groovy:21)
	at com.kms.katalon.core.mobile.keyword.builtin.TapKeyword.tap(TapKeyword.groovy:86)
	at com.kms.katalon.core.mobile.keyword.builtin.TapKeyword.execute(TapKeyword.groovy:68)
	at com.kms.katalon.core.keyword.internal.KeywordExecutor.executeKeywordForPlatform(KeywordExecutor.groovy:60)
	at com.kms.katalon.core.mobile.keyword.MobileBuiltInKeywords.tap(MobileBuiltInKeywords.groovy:520)
	at com.kms.katalon.core.mobile.keyword.MobileBuiltInKeywords$tap$1.call(Unknown Source)
	at TC_Asuransi - MASTER FLOW.run(TC_Asuransi - MASTER FLOW:18)
	at com.kms.katalon.core.main.ScriptEngine.run(ScriptEngine.java:194)
	at com.kms.katalon.core.main.ScriptEngine.runScriptAsRawText(ScriptEngine.java:119)
	at com.kms.katalon.core.main.TestCaseExecutor.runScript(TestCaseExecutor.java:337)
	at com.kms.katalon.core.main.TestCaseExecutor.doExecute(TestCaseExecutor.java:328)
	at com.kms.katalon.core.main.TestCaseExecutor.processExecutionPhase(TestCaseExecutor.java:307)
	at com.kms.katalon.core.main.TestCaseExecutor.accessMainPhase(TestCaseExecutor.java:299)
	at com.kms.katalon.core.main.TestCaseExecutor.execute(TestCaseExecutor.java:233)
	at com.kms.katalon.core.main.TestCaseMain.runTestCase(TestCaseMain.java:114)
	at com.kms.katalon.core.keyword.builtin.CallTestCaseKeyword$_callTestCase_closure1.doCall(CallTestCaseKeyword.groovy:59)
	... 20 more
)

2019-11-27 06:32:18 - [TEST_CASE][FAILED] - Test Cases/Data Entry/Simulasi Kredit/Simulasi Kredit - Asuransi/MASTER FLOW/TC_Asuransi - MASTER FLOW: Test Cases/Data Entry/Simulasi Kredit/Simulasi Kredit - Asuransi/MASTER FLOW/TC_Asuransi - MASTER FLOW FAILED.
Reason:
com.kms.katalon.core.exception.StepFailedException: Object Object Repository/Simulasi Kredit/Simulasi Kredit - Asuransi/Asuransi_Nama Asuransi not found
	at com.kms.katalon.core.keyword.internal.KeywordMain.stepFailed(KeywordMain.groovy:50)
	at com.kms.katalon.core.mobile.keyword.internal.MobileKeywordMain.stepFailed(MobileKeywordMain.groovy:40)
	at com.kms.katalon.core.mobile.keyword.builtin.TapKeyword$_tap_closure1.doCall(TapKeyword.groovy:79)
	at com.kms.katalon.core.mobile.keyword.builtin.TapKeyword$_tap_closure1.call(TapKeyword.groovy)
	at com.kms.katalon.core.mobile.keyword.internal.MobileKeywordMain.runKeyword(MobileKeywordMain.groovy:21)
	at com.kms.katalon.core.mobile.keyword.builtin.TapKeyword.tap(TapKeyword.groovy:86)
	at com.kms.katalon.core.mobile.keyword.builtin.TapKeyword.execute(TapKeyword.groovy:68)
	at com.kms.katalon.core.keyword.internal.KeywordExecutor.executeKeywordForPlatform(KeywordExecutor.groovy:60)
	at com.kms.katalon.core.mobile.keyword.MobileBuiltInKeywords.tap(MobileBuiltInKeywords.groovy:520)
	at com.kms.katalon.core.mobile.keyword.MobileBuiltInKeywords$tap$1.call(Unknown Source)
	at TC_Asuransi - MASTER FLOW.run(TC_Asuransi - MASTER FLOW:18)
	at com.kms.katalon.core.main.ScriptEngine.run(ScriptEngine.java:194)
	at com.kms.katalon.core.main.ScriptEngine.runScriptAsRawText(ScriptEngine.java:119)
	at com.kms.katalon.core.main.TestCaseExecutor.runScript(TestCaseExecutor.java:337)
	at com.kms.katalon.core.main.TestCaseExecutor.doExecute(TestCaseExecutor.java:328)
	at com.kms.katalon.core.main.TestCaseExecutor.processExecutionPhase(TestCaseExecutor.java:307)
	at com.kms.katalon.core.main.TestCaseExecutor.accessMainPhase(TestCaseExecutor.java:299)
	at com.kms.katalon.core.main.TestCaseExecutor.execute(TestCaseExecutor.java:233)
	at com.kms.katalon.core.main.TestCaseMain.runTestCase(TestCaseMain.java:114)
	at com.kms.katalon.core.keyword.builtin.CallTestCaseKeyword$_callTestCase_closure1.doCall(CallTestCaseKeyword.groovy:59)
	at com.kms.katalon.core.keyword.builtin.CallTestCaseKeyword$_callTestCase_closure1.call(CallTestCaseKeyword.groovy)
	at com.kms.katalon.core.keyword.internal.KeywordMain.runKeyword(KeywordMain.groovy:68)
	at com.kms.katalon.core.keyword.builtin.CallTestCaseKeyword.callTestCase(CallTestCaseKeyword.groovy:81)
	at com.kms.katalon.core.keyword.builtin.CallTestCaseKeyword.execute(CallTestCaseKeyword.groovy:44)
	at com.kms.katalon.core.keyword.internal.KeywordExecutor.executeKeywordForPlatform(KeywordExecutor.groovy:60)
	at com.kms.katalon.core.keyword.BuiltinKeywords.callTestCase(BuiltinKeywords.groovy:334)
	at TC_Data Entry.run(TC_Data Entry:26)
	at com.kms.katalon.core.main.ScriptEngine.run(ScriptEngine.java:194)
	at com.kms.katalon.core.main.ScriptEngine.runScriptAsRawText(ScriptEngine.java:119)
	at com.kms.katalon.core.main.TestCaseExecutor.runScript(TestCaseExecutor.java:337)
	at com.kms.katalon.core.main.TestCaseExecutor.doExecute(TestCaseExecutor.java:328)
	at com.kms.katalon.core.main.TestCaseExecutor.processExecutionPhase(TestCaseExecutor.java:307)
	at com.kms.katalon.core.main.TestCaseExecutor.accessMainPhase(TestCaseExecutor.java:299)
	at com.kms.katalon.core.main.TestCaseExecutor.execute(TestCaseExecutor.java:233)
	at com.kms.katalon.core.main.TestSuiteExecutor.accessTestCaseMainPhase(TestSuiteExecutor.java:169)
	at com.kms.katalon.core.main.TestSuiteExecutor.accessTestSuiteMainPhase(TestSuiteExecutor.java:142)
	at com.kms.katalon.core.main.TestSuiteExecutor.execute(TestSuiteExecutor.java:91)
	at com.kms.katalon.core.main.TestCaseMain.startTestSuite(TestCaseMain.java:157)
	at com.kms.katalon.core.main.TestCaseMain$startTestSuite$0.call(Unknown Source)
	at TempTestSuite1574807893706.run(TempTestSuite1574807893706.groovy:36)


2019-11-27 06:32:18 - [TEST_STEP][PASSED] - delay(2, STOP_ON_FAILURE): Delayed 2 second(s)

2019-11-27 06:32:20 - [MESSAGE][PASSED] - Delayed 2 second(s)

2019-11-27 06:32:20 - [TEST_STEP][FAILED] - tap(findTestObject("Simulasi Kredit/Simulasi Kredit - Asuransi/Asuransi_Nama Asuransi"), 0): Failed to tap on element 'Object Repository/Simulasi Kredit/Simulasi Kredit - Asuransi/Asuransi_Nama Asuransi' (Root cause: com.kms.katalon.core.exception.StepFailedException: Object Object Repository/Simulasi Kredit/Simulasi Kredit - Asuransi/Asuransi_Nama Asuransi not found
	at com.kms.katalon.core.keyword.internal.KeywordMain.stepFailed(KeywordMain.groovy:50)
	at com.kms.katalon.core.mobile.keyword.internal.MobileKeywordMain.stepFailed(MobileKeywordMain.groovy:40)
	at com.kms.katalon.core.mobile.keyword.builtin.TapKeyword$_tap_closure1.doCall(TapKeyword.groovy:79)
	at com.kms.katalon.core.mobile.keyword.builtin.TapKeyword$_tap_closure1.call(TapKeyword.groovy)
	at com.kms.katalon.core.mobile.keyword.internal.MobileKeywordMain.runKeyword(MobileKeywordMain.groovy:21)
	at com.kms.katalon.core.mobile.keyword.builtin.TapKeyword.tap(TapKeyword.groovy:86)
	at com.kms.katalon.core.mobile.keyword.builtin.TapKeyword.execute(TapKeyword.groovy:68)
	at com.kms.katalon.core.keyword.internal.KeywordExecutor.executeKeywordForPlatform(KeywordExecutor.groovy:60)
	at com.kms.katalon.core.mobile.keyword.MobileBuiltInKeywords.tap(MobileBuiltInKeywords.groovy:520)
	at com.kms.katalon.core.mobile.keyword.MobileBuiltInKeywords$tap$1.call(Unknown Source)
	at TC_Asuransi - MASTER FLOW.run(TC_Asuransi - MASTER FLOW:18)
	at com.kms.katalon.core.main.ScriptEngine.run(ScriptEngine.java:194)
	at com.kms.katalon.core.main.ScriptEngine.runScriptAsRawText(ScriptEngine.java:119)
	at com.kms.katalon.core.main.TestCaseExecutor.runScript(TestCaseExecutor.java:337)
	at com.kms.katalon.core.main.TestCaseExecutor.doExecute(TestCaseExecutor.java:328)
	at com.kms.katalon.core.main.TestCaseExecutor.processExecutionPhase(TestCaseExecutor.java:307)
	at com.kms.katalon.core.main.TestCaseExecutor.accessMainPhase(TestCaseExecutor.java:299)
	at com.kms.katalon.core.main.TestCaseExecutor.execute(TestCaseExecutor.java:233)
	at com.kms.katalon.core.main.TestCaseMain.runTestCase(TestCaseMain.java:114)
	at com.kms.katalon.core.keyword.builtin.CallTestCaseKeyword$_callTestCase_closure1.doCall(CallTestCaseKeyword.groovy:59)
	at com.kms.katalon.core.keyword.builtin.CallTestCaseKeyword$_callTestCase_closure1.call(CallTestCaseKeyword.groovy)
	at com.kms.katalon.core.keyword.internal.KeywordMain.runKeyword(KeywordMain.groovy:68)
	at com.kms.katalon.core.keyword.builtin.CallTestCaseKeyword.callTestCase(CallTestCaseKeyword.groovy:81)
	at com.kms.katalon.core.keyword.builtin.CallTestCaseKeyword.execute(CallTestCaseKeyword.groovy:44)
	at com.kms.katalon.core.keyword.internal.KeywordExecutor.executeKeywordForPlatform(KeywordExecutor.groovy:60)
	at com.kms.katalon.core.keyword.BuiltinKeywords.callTestCase(BuiltinKeywords.groovy:334)
	at TC_Data Entry.run(TC_Data Entry:26)
	at com.kms.katalon.core.main.ScriptEngine.run(ScriptEngine.java:194)
	at com.kms.katalon.core.main.ScriptEngine.runScriptAsRawText(ScriptEngine.java:119)
	at com.kms.katalon.core.main.TestCaseExecutor.runScript(TestCaseExecutor.java:337)
	at com.kms.katalon.core.main.TestCaseExecutor.doExecute(TestCaseExecutor.java:328)
	at com.kms.katalon.core.main.TestCaseExecutor.processExecutionPhase(TestCaseExecutor.java:307)
	at com.kms.katalon.core.main.TestCaseExecutor.accessMainPhase(TestCaseExecutor.java:299)
	at com.kms.katalon.core.main.TestCaseExecutor.execute(TestCaseExecutor.java:233)
	at com.kms.katalon.core.main.TestSuiteExecutor.accessTestCaseMainPhase(TestSuiteExecutor.java:169)
	at com.kms.katalon.core.main.TestSuiteExecutor.accessTestSuiteMainPhase(TestSuiteExecutor.java:142)
	at com.kms.katalon.core.main.TestSuiteExecutor.execute(TestSuiteExecutor.java:91)
	at com.kms.katalon.core.main.TestCaseMain.startTestSuite(TestCaseMain.java:157)
	at com.kms.katalon.core.main.TestCaseMain$startTestSuite$0.call(Unknown Source)
	at TempTestSuite1574807893706.run(TempTestSuite1574807893706.groovy:36)
)

2019-11-27 06:32:20 - [MESSAGE][WARNING] - Timeout '0' is invalid. Using default page load timeout: '30'

2019-11-27 06:32:52 - [MESSAGE][FAILED] - Object Object Repository/Simulasi Kredit/Simulasi Kredit - Asuransi/Asuransi_Nama Asuransi not found
[[ATTACHMENT|C:\\Users\\15420\\git\\ACCME-Dupcheck\\Reports\\20191127_053813\\data entry dupcek\\20191127_053813\\1574811171053.png]]

2019-11-27 06:32:54 - [MESSAGE][FAILED] - Failed to tap on element 'Object Repository/Simulasi Kredit/Simulasi Kredit - Asuransi/Asuransi_Nama Asuransi' (Root cause: com.kms.katalon.core.exception.StepFailedException: Object Object Repository/Simulasi Kredit/Simulasi Kredit - Asuransi/Asuransi_Nama Asuransi not found
	at com.kms.katalon.core.keyword.internal.KeywordMain.stepFailed(KeywordMain.groovy:50)
	at com.kms.katalon.core.mobile.keyword.internal.MobileKeywordMain.stepFailed(MobileKeywordMain.groovy:40)
	at com.kms.katalon.core.mobile.keyword.builtin.TapKeyword$_tap_closure1.doCall(TapKeyword.groovy:79)
	at com.kms.katalon.core.mobile.keyword.builtin.TapKeyword$_tap_closure1.call(TapKeyword.groovy)
	at com.kms.katalon.core.mobile.keyword.internal.MobileKeywordMain.runKeyword(MobileKeywordMain.groovy:21)
	at com.kms.katalon.core.mobile.keyword.builtin.TapKeyword.tap(TapKeyword.groovy:86)
	at com.kms.katalon.core.mobile.keyword.builtin.TapKeyword.execute(TapKeyword.groovy:68)
	at com.kms.katalon.core.keyword.internal.KeywordExecutor.executeKeywordForPlatform(KeywordExecutor.groovy:60)
	at com.kms.katalon.core.mobile.keyword.MobileBuiltInKeywords.tap(MobileBuiltInKeywords.groovy:520)
	at com.kms.katalon.core.mobile.keyword.MobileBuiltInKeywords$tap$1.call(Unknown Source)
	at TC_Asuransi - MASTER FLOW.run(TC_Asuransi - MASTER FLOW:18)
	at com.kms.katalon.core.main.ScriptEngine.run(ScriptEngine.java:194)
	at com.kms.katalon.core.main.ScriptEngine.runScriptAsRawText(ScriptEngine.java:119)
	at com.kms.katalon.core.main.TestCaseExecutor.runScript(TestCaseExecutor.java:337)
	at com.kms.katalon.core.main.TestCaseExecutor.doExecute(TestCaseExecutor.java:328)
	at com.kms.katalon.core.main.TestCaseExecutor.processExecutionPhase(TestCaseExecutor.java:307)
	at com.kms.katalon.core.main.TestCaseExecutor.accessMainPhase(TestCaseExecutor.java:299)
	at com.kms.katalon.core.main.TestCaseExecutor.execute(TestCaseExecutor.java:233)
	at com.kms.katalon.core.main.TestCaseMain.runTestCase(TestCaseMain.java:114)
	at com.kms.katalon.core.keyword.builtin.CallTestCaseKeyword$_callTestCase_closure1.doCall(CallTestCaseKeyword.groovy:59)
	at com.kms.katalon.core.keyword.builtin.CallTestCaseKeyword$_callTestCase_closure1.call(CallTestCaseKeyword.groovy)
	at com.kms.katalon.core.keyword.internal.KeywordMain.runKeyword(KeywordMain.groovy:68)
	at com.kms.katalon.core.keyword.builtin.CallTestCaseKeyword.callTestCase(CallTestCaseKeyword.groovy:81)
	at com.kms.katalon.core.keyword.builtin.CallTestCaseKeyword.execute(CallTestCaseKeyword.groovy:44)
	at com.kms.katalon.core.keyword.internal.KeywordExecutor.executeKeywordForPlatform(KeywordExecutor.groovy:60)
	at com.kms.katalon.core.keyword.BuiltinKeywords.callTestCase(BuiltinKeywords.groovy:334)
	at TC_Data Entry.run(TC_Data Entry:26)
	at com.kms.katalon.core.main.ScriptEngine.run(ScriptEngine.java:194)
	at com.kms.katalon.core.main.ScriptEngine.runScriptAsRawText(ScriptEngine.java:119)
	at com.kms.katalon.core.main.TestCaseExecutor.runScript(TestCaseExecutor.java:337)
	at com.kms.katalon.core.main.TestCaseExecutor.doExecute(TestCaseExecutor.java:328)
	at com.kms.katalon.core.main.TestCaseExecutor.processExecutionPhase(TestCaseExecutor.java:307)
	at com.kms.katalon.core.main.TestCaseExecutor.accessMainPhase(TestCaseExecutor.java:299)
	at com.kms.katalon.core.main.TestCaseExecutor.execute(TestCaseExecutor.java:233)
	at com.kms.katalon.core.main.TestSuiteExecutor.accessTestCaseMainPhase(TestSuiteExecutor.java:169)
	at com.kms.katalon.core.main.TestSuiteExecutor.accessTestSuiteMainPhase(TestSuiteExecutor.java:142)
	at com.kms.katalon.core.main.TestSuiteExecutor.execute(TestSuiteExecutor.java:91)
	at com.kms.katalon.core.main.TestCaseMain.startTestSuite(TestCaseMain.java:157)
	at com.kms.katalon.core.main.TestCaseMain$startTestSuite$0.call(Unknown Source)
	at TempTestSuite1574807893706.run(TempTestSuite1574807893706.groovy:36)
)
[[ATTACHMENT|C:\\Users\\15420\\git\\ACCME-Dupcheck\\Reports\\20191127_053813\\data entry dupcek\\20191127_053813\\1574811172720.png]]

2019-11-27 06:32:54 - [MESSAGE][FAILED] - Unable to call Test Case 'Test Cases/Data Entry/Simulasi Kredit/Simulasi Kredit - Asuransi/MASTER FLOW/TC_Asuransi - MASTER FLOW' (Root cause: com.kms.katalon.core.exception.StepFailedException: Call Test Case 'Test Cases/Data Entry/Simulasi Kredit/Simulasi Kredit - Asuransi/MASTER FLOW/TC_Asuransi - MASTER FLOW' failed
	at com.kms.katalon.core.keyword.builtin.CallTestCaseKeyword$_callTestCase_closure1.doCall(CallTestCaseKeyword.groovy:63)
	at com.kms.katalon.core.keyword.builtin.CallTestCaseKeyword$_callTestCase_closure1.call(CallTestCaseKeyword.groovy)
	at com.kms.katalon.core.keyword.internal.KeywordMain.runKeyword(KeywordMain.groovy:68)
	at com.kms.katalon.core.keyword.builtin.CallTestCaseKeyword.callTestCase(CallTestCaseKeyword.groovy:81)
	at com.kms.katalon.core.keyword.builtin.CallTestCaseKeyword.execute(CallTestCaseKeyword.groovy:44)
	at com.kms.katalon.core.keyword.internal.KeywordExecutor.executeKeywordForPlatform(KeywordExecutor.groovy:60)
	at com.kms.katalon.core.keyword.BuiltinKeywords.callTestCase(BuiltinKeywords.groovy:334)
	at TC_Data Entry.run(TC_Data Entry:26)
	at com.kms.katalon.core.main.ScriptEngine.run(ScriptEngine.java:194)
	at com.kms.katalon.core.main.ScriptEngine.runScriptAsRawText(ScriptEngine.java:119)
	at com.kms.katalon.core.main.TestCaseExecutor.runScript(TestCaseExecutor.java:337)
	at com.kms.katalon.core.main.TestCaseExecutor.doExecute(TestCaseExecutor.java:328)
	at com.kms.katalon.core.main.TestCaseExecutor.processExecutionPhase(TestCaseExecutor.java:307)
	at com.kms.katalon.core.main.TestCaseExecutor.accessMainPhase(TestCaseExecutor.java:299)
	at com.kms.katalon.core.main.TestCaseExecutor.execute(TestCaseExecutor.java:233)
	at com.kms.katalon.core.main.TestSuiteExecutor.accessTestCaseMainPhase(TestSuiteExecutor.java:169)
	at com.kms.katalon.core.main.TestSuiteExecutor.accessTestSuiteMainPhase(TestSuiteExecutor.java:142)
	at com.kms.katalon.core.main.TestSuiteExecutor.execute(TestSuiteExecutor.java:91)
	at com.kms.katalon.core.main.TestCaseMain.startTestSuite(TestCaseMain.java:157)
	at com.kms.katalon.core.main.TestCaseMain$startTestSuite$0.call(Unknown Source)
	at TempTestSuite1574807893706.run(TempTestSuite1574807893706.groovy:36)
Caused by: com.kms.katalon.core.exception.StepFailedException: Object Object Repository/Simulasi Kredit/Simulasi Kredit - Asuransi/Asuransi_Nama Asuransi not found
	at com.kms.katalon.core.keyword.internal.KeywordMain.stepFailed(KeywordMain.groovy:50)
	at com.kms.katalon.core.mobile.keyword.internal.MobileKeywordMain.stepFailed(MobileKeywordMain.groovy:40)
	at com.kms.katalon.core.mobile.keyword.builtin.TapKeyword$_tap_closure1.doCall(TapKeyword.groovy:79)
	at com.kms.katalon.core.mobile.keyword.builtin.TapKeyword$_tap_closure1.call(TapKeyword.groovy)
	at com.kms.katalon.core.mobile.keyword.internal.MobileKeywordMain.runKeyword(MobileKeywordMain.groovy:21)
	at com.kms.katalon.core.mobile.keyword.builtin.TapKeyword.tap(TapKeyword.groovy:86)
	at com.kms.katalon.core.mobile.keyword.builtin.TapKeyword.execute(TapKeyword.groovy:68)
	at com.kms.katalon.core.keyword.internal.KeywordExecutor.executeKeywordForPlatform(KeywordExecutor.groovy:60)
	at com.kms.katalon.core.mobile.keyword.MobileBuiltInKeywords.tap(MobileBuiltInKeywords.groovy:520)
	at com.kms.katalon.core.mobile.keyword.MobileBuiltInKeywords$tap$1.call(Unknown Source)
	at TC_Asuransi - MASTER FLOW.run(TC_Asuransi - MASTER FLOW:18)
	at com.kms.katalon.core.main.ScriptEngine.run(ScriptEngine.java:194)
	at com.kms.katalon.core.main.ScriptEngine.runScriptAsRawText(ScriptEngine.java:119)
	at com.kms.katalon.core.main.TestCaseExecutor.runScript(TestCaseExecutor.java:337)
	at com.kms.katalon.core.main.TestCaseExecutor.doExecute(TestCaseExecutor.java:328)
	at com.kms.katalon.core.main.TestCaseExecutor.processExecutionPhase(TestCaseExecutor.java:307)
	at com.kms.katalon.core.main.TestCaseExecutor.accessMainPhase(TestCaseExecutor.java:299)
	at com.kms.katalon.core.main.TestCaseExecutor.execute(TestCaseExecutor.java:233)
	at com.kms.katalon.core.main.TestCaseMain.runTestCase(TestCaseMain.java:114)
	at com.kms.katalon.core.keyword.builtin.CallTestCaseKeyword$_callTestCase_closure1.doCall(CallTestCaseKeyword.groovy:59)
	... 20 more
)]]></system-out>
         <system-err><![CDATA[2019-11-27 06:29:17 - [TEST_CASE][FAILED] - Test Cases/Data Entry/TC_Data Entry: Test Cases/Data Entry/TC_Data Entry FAILED.
Reason:
com.kms.katalon.core.exception.StepFailedException: Call Test Case 'Test Cases/Data Entry/Simulasi Kredit/Simulasi Kredit - Asuransi/MASTER FLOW/TC_Asuransi - MASTER FLOW' failed
	at com.kms.katalon.core.keyword.builtin.CallTestCaseKeyword$_callTestCase_closure1.doCall(CallTestCaseKeyword.groovy:63)
	at com.kms.katalon.core.keyword.builtin.CallTestCaseKeyword$_callTestCase_closure1.call(CallTestCaseKeyword.groovy)
	at com.kms.katalon.core.keyword.internal.KeywordMain.runKeyword(KeywordMain.groovy:68)
	at com.kms.katalon.core.keyword.builtin.CallTestCaseKeyword.callTestCase(CallTestCaseKeyword.groovy:81)
	at com.kms.katalon.core.keyword.builtin.CallTestCaseKeyword.execute(CallTestCaseKeyword.groovy:44)
	at com.kms.katalon.core.keyword.internal.KeywordExecutor.executeKeywordForPlatform(KeywordExecutor.groovy:60)
	at com.kms.katalon.core.keyword.BuiltinKeywords.callTestCase(BuiltinKeywords.groovy:334)
	at TC_Data Entry.run(TC_Data Entry:26)
	at com.kms.katalon.core.main.ScriptEngine.run(ScriptEngine.java:194)
	at com.kms.katalon.core.main.ScriptEngine.runScriptAsRawText(ScriptEngine.java:119)
	at com.kms.katalon.core.main.TestCaseExecutor.runScript(TestCaseExecutor.java:337)
	at com.kms.katalon.core.main.TestCaseExecutor.doExecute(TestCaseExecutor.java:328)
	at com.kms.katalon.core.main.TestCaseExecutor.processExecutionPhase(TestCaseExecutor.java:307)
	at com.kms.katalon.core.main.TestCaseExecutor.accessMainPhase(TestCaseExecutor.java:299)
	at com.kms.katalon.core.main.TestCaseExecutor.execute(TestCaseExecutor.java:233)
	at com.kms.katalon.core.main.TestSuiteExecutor.accessTestCaseMainPhase(TestSuiteExecutor.java:169)
	at com.kms.katalon.core.main.TestSuiteExecutor.accessTestSuiteMainPhase(TestSuiteExecutor.java:142)
	at com.kms.katalon.core.main.TestSuiteExecutor.execute(TestSuiteExecutor.java:91)
	at com.kms.katalon.core.main.TestCaseMain.startTestSuite(TestCaseMain.java:157)
	at com.kms.katalon.core.main.TestCaseMain$startTestSuite$0.call(Unknown Source)
	at TempTestSuite1574807893706.run(TempTestSuite1574807893706.groovy:36)
Caused by: com.kms.katalon.core.exception.StepFailedException: Object Object Repository/Simulasi Kredit/Simulasi Kredit - Asuransi/Asuransi_Nama Asuransi not found
	at com.kms.katalon.core.keyword.internal.KeywordMain.stepFailed(KeywordMain.groovy:50)
	at com.kms.katalon.core.mobile.keyword.internal.MobileKeywordMain.stepFailed(MobileKeywordMain.groovy:40)
	at com.kms.katalon.core.mobile.keyword.builtin.TapKeyword$_tap_closure1.doCall(TapKeyword.groovy:79)
	at com.kms.katalon.core.mobile.keyword.builtin.TapKeyword$_tap_closure1.call(TapKeyword.groovy)
	at com.kms.katalon.core.mobile.keyword.internal.MobileKeywordMain.runKeyword(MobileKeywordMain.groovy:21)
	at com.kms.katalon.core.mobile.keyword.builtin.TapKeyword.tap(TapKeyword.groovy:86)
	at com.kms.katalon.core.mobile.keyword.builtin.TapKeyword.execute(TapKeyword.groovy:68)
	at com.kms.katalon.core.keyword.internal.KeywordExecutor.executeKeywordForPlatform(KeywordExecutor.groovy:60)
	at com.kms.katalon.core.mobile.keyword.MobileBuiltInKeywords.tap(MobileBuiltInKeywords.groovy:520)
	at com.kms.katalon.core.mobile.keyword.MobileBuiltInKeywords$tap$1.call(Unknown Source)
	at TC_Asuransi - MASTER FLOW.run(TC_Asuransi - MASTER FLOW:18)
	at com.kms.katalon.core.main.ScriptEngine.run(ScriptEngine.java:194)
	at com.kms.katalon.core.main.ScriptEngine.runScriptAsRawText(ScriptEngine.java:119)
	at com.kms.katalon.core.main.TestCaseExecutor.runScript(TestCaseExecutor.java:337)
	at com.kms.katalon.core.main.TestCaseExecutor.doExecute(TestCaseExecutor.java:328)
	at com.kms.katalon.core.main.TestCaseExecutor.processExecutionPhase(TestCaseExecutor.java:307)
	at com.kms.katalon.core.main.TestCaseExecutor.accessMainPhase(TestCaseExecutor.java:299)
	at com.kms.katalon.core.main.TestCaseExecutor.execute(TestCaseExecutor.java:233)
	at com.kms.katalon.core.main.TestCaseMain.runTestCase(TestCaseMain.java:114)
	at com.kms.katalon.core.keyword.builtin.CallTestCaseKeyword$_callTestCase_closure1.doCall(CallTestCaseKeyword.groovy:59)
	... 20 more]]></system-err>
      </testcase>
      <testcase name="Test Cases/Data Entry/TC_Data Entry" time="154.096" classname="Test Cases/Data Entry/TC_Data Entry" status="FAILED">
         <failure type="FAILED" message="Test Cases/Data Entry/TC_Data Entry FAILED.
Reason:
com.kms.katalon.core.exception.StepFailedException: Call Test Case 'Test Cases/Data Entry/Simulasi Kredit/Simulasi Kredit - Asuransi/MASTER FLOW/TC_Asuransi - MASTER FLOW' failed
	at com.kms.katalon.core.keyword.builtin.CallTestCaseKeyword$_callTestCase_closure1.doCall(CallTestCaseKeyword.groovy:63)
	at com.kms.katalon.core.keyword.builtin.CallTestCaseKeyword$_callTestCase_closure1.call(CallTestCaseKeyword.groovy)
	at com.kms.katalon.core.keyword.internal.KeywordMain.runKeyword(KeywordMain.groovy:68)
	at com.kms.katalon.core.keyword.builtin.CallTestCaseKeyword.callTestCase(CallTestCaseKeyword.groovy:81)
	at com.kms.katalon.core.keyword.builtin.CallTestCaseKeyword.execute(CallTestCaseKeyword.groovy:44)
	at com.kms.katalon.core.keyword.internal.KeywordExecutor.executeKeywordForPlatform(KeywordExecutor.groovy:60)
	at com.kms.katalon.core.keyword.BuiltinKeywords.callTestCase(BuiltinKeywords.groovy:334)
	at TC_Data Entry.run(TC_Data Entry:26)
	at com.kms.katalon.core.main.ScriptEngine.run(ScriptEngine.java:194)
	at com.kms.katalon.core.main.ScriptEngine.runScriptAsRawText(ScriptEngine.java:119)
	at com.kms.katalon.core.main.TestCaseExecutor.runScript(TestCaseExecutor.java:337)
	at com.kms.katalon.core.main.TestCaseExecutor.doExecute(TestCaseExecutor.java:328)
	at com.kms.katalon.core.main.TestCaseExecutor.processExecutionPhase(TestCaseExecutor.java:307)
	at com.kms.katalon.core.main.TestCaseExecutor.accessMainPhase(TestCaseExecutor.java:299)
	at com.kms.katalon.core.main.TestCaseExecutor.execute(TestCaseExecutor.java:233)
	at com.kms.katalon.core.main.TestSuiteExecutor.accessTestCaseMainPhase(TestSuiteExecutor.java:169)
	at com.kms.katalon.core.main.TestSuiteExecutor.accessTestSuiteMainPhase(TestSuiteExecutor.java:142)
	at com.kms.katalon.core.main.TestSuiteExecutor.execute(TestSuiteExecutor.java:91)
	at com.kms.katalon.core.main.TestCaseMain.startTestSuite(TestCaseMain.java:157)
	at com.kms.katalon.core.main.TestCaseMain$startTestSuite$0.call(Unknown Source)
	at TempTestSuite1574807893706.run(TempTestSuite1574807893706.groovy:36)
Caused by: com.kms.katalon.core.exception.StepFailedException: Object Object Repository/Simulasi Kredit/Simulasi Kredit - Asuransi/Asuransi_Nama Asuransi not found
	at com.kms.katalon.core.keyword.internal.KeywordMain.stepFailed(KeywordMain.groovy:50)
	at com.kms.katalon.core.mobile.keyword.internal.MobileKeywordMain.stepFailed(MobileKeywordMain.groovy:40)
	at com.kms.katalon.core.mobile.keyword.builtin.TapKeyword$_tap_closure1.doCall(TapKeyword.groovy:79)
	at com.kms.katalon.core.mobile.keyword.builtin.TapKeyword$_tap_closure1.call(TapKeyword.groovy)
	at com.kms.katalon.core.mobile.keyword.internal.MobileKeywordMain.runKeyword(MobileKeywordMain.groovy:21)
	at com.kms.katalon.core.mobile.keyword.builtin.TapKeyword.tap(TapKeyword.groovy:86)
	at com.kms.katalon.core.mobile.keyword.builtin.TapKeyword.execute(TapKeyword.groovy:68)
	at com.kms.katalon.core.keyword.internal.KeywordExecutor.executeKeywordForPlatform(KeywordExecutor.groovy:60)
	at com.kms.katalon.core.mobile.keyword.MobileBuiltInKeywords.tap(MobileBuiltInKeywords.groovy:520)
	at com.kms.katalon.core.mobile.keyword.MobileBuiltInKeywords$tap$1.call(Unknown Source)
	at TC_Asuransi - MASTER FLOW.run(TC_Asuransi - MASTER FLOW:18)
	at com.kms.katalon.core.main.ScriptEngine.run(ScriptEngine.java:194)
	at com.kms.katalon.core.main.ScriptEngine.runScriptAsRawText(ScriptEngine.java:119)
	at com.kms.katalon.core.main.TestCaseExecutor.runScript(TestCaseExecutor.java:337)
	at com.kms.katalon.core.main.TestCaseExecutor.doExecute(TestCaseExecutor.java:328)
	at com.kms.katalon.core.main.TestCaseExecutor.processExecutionPhase(TestCaseExecutor.java:307)
	at com.kms.katalon.core.main.TestCaseExecutor.accessMainPhase(TestCaseExecutor.java:299)
	at com.kms.katalon.core.main.TestCaseExecutor.execute(TestCaseExecutor.java:233)
	at com.kms.katalon.core.main.TestCaseMain.runTestCase(TestCaseMain.java:114)
	at com.kms.katalon.core.keyword.builtin.CallTestCaseKeyword$_callTestCase_closure1.doCall(CallTestCaseKeyword.groovy:59)
	... 20 more
"/>
         <system-out><![CDATA[2019-11-27 06:32:54 - [TEST_CASE][FAILED] - Test Cases/Data Entry/TC_Data Entry: Test Cases/Data Entry/TC_Data Entry FAILED.
Reason:
com.kms.katalon.core.exception.StepFailedException: Call Test Case 'Test Cases/Data Entry/Simulasi Kredit/Simulasi Kredit - Asuransi/MASTER FLOW/TC_Asuransi - MASTER FLOW' failed
	at com.kms.katalon.core.keyword.builtin.CallTestCaseKeyword$_callTestCase_closure1.doCall(CallTestCaseKeyword.groovy:63)
	at com.kms.katalon.core.keyword.builtin.CallTestCaseKeyword$_callTestCase_closure1.call(CallTestCaseKeyword.groovy)
	at com.kms.katalon.core.keyword.internal.KeywordMain.runKeyword(KeywordMain.groovy:68)
	at com.kms.katalon.core.keyword.builtin.CallTestCaseKeyword.callTestCase(CallTestCaseKeyword.groovy:81)
	at com.kms.katalon.core.keyword.builtin.CallTestCaseKeyword.execute(CallTestCaseKeyword.groovy:44)
	at com.kms.katalon.core.keyword.internal.KeywordExecutor.executeKeywordForPlatform(KeywordExecutor.groovy:60)
	at com.kms.katalon.core.keyword.BuiltinKeywords.callTestCase(BuiltinKeywords.groovy:334)
	at TC_Data Entry.run(TC_Data Entry:26)
	at com.kms.katalon.core.main.ScriptEngine.run(ScriptEngine.java:194)
	at com.kms.katalon.core.main.ScriptEngine.runScriptAsRawText(ScriptEngine.java:119)
	at com.kms.katalon.core.main.TestCaseExecutor.runScript(TestCaseExecutor.java:337)
	at com.kms.katalon.core.main.TestCaseExecutor.doExecute(TestCaseExecutor.java:328)
	at com.kms.katalon.core.main.TestCaseExecutor.processExecutionPhase(TestCaseExecutor.java:307)
	at com.kms.katalon.core.main.TestCaseExecutor.accessMainPhase(TestCaseExecutor.java:299)
	at com.kms.katalon.core.main.TestCaseExecutor.execute(TestCaseExecutor.java:233)
	at com.kms.katalon.core.main.TestSuiteExecutor.accessTestCaseMainPhase(TestSuiteExecutor.java:169)
	at com.kms.katalon.core.main.TestSuiteExecutor.accessTestSuiteMainPhase(TestSuiteExecutor.java:142)
	at com.kms.katalon.core.main.TestSuiteExecutor.execute(TestSuiteExecutor.java:91)
	at com.kms.katalon.core.main.TestCaseMain.startTestSuite(TestCaseMain.java:157)
	at com.kms.katalon.core.main.TestCaseMain$startTestSuite$0.call(Unknown Source)
	at TempTestSuite1574807893706.run(TempTestSuite1574807893706.groovy:36)
Caused by: com.kms.katalon.core.exception.StepFailedException: Object Object Repository/Simulasi Kredit/Simulasi Kredit - Asuransi/Asuransi_Nama Asuransi not found
	at com.kms.katalon.core.keyword.internal.KeywordMain.stepFailed(KeywordMain.groovy:50)
	at com.kms.katalon.core.mobile.keyword.internal.MobileKeywordMain.stepFailed(MobileKeywordMain.groovy:40)
	at com.kms.katalon.core.mobile.keyword.builtin.TapKeyword$_tap_closure1.doCall(TapKeyword.groovy:79)
	at com.kms.katalon.core.mobile.keyword.builtin.TapKeyword$_tap_closure1.call(TapKeyword.groovy)
	at com.kms.katalon.core.mobile.keyword.internal.MobileKeywordMain.runKeyword(MobileKeywordMain.groovy:21)
	at com.kms.katalon.core.mobile.keyword.builtin.TapKeyword.tap(TapKeyword.groovy:86)
	at com.kms.katalon.core.mobile.keyword.builtin.TapKeyword.execute(TapKeyword.groovy:68)
	at com.kms.katalon.core.keyword.internal.KeywordExecutor.executeKeywordForPlatform(KeywordExecutor.groovy:60)
	at com.kms.katalon.core.mobile.keyword.MobileBuiltInKeywords.tap(MobileBuiltInKeywords.groovy:520)
	at com.kms.katalon.core.mobile.keyword.MobileBuiltInKeywords$tap$1.call(Unknown Source)
	at TC_Asuransi - MASTER FLOW.run(TC_Asuransi - MASTER FLOW:18)
	at com.kms.katalon.core.main.ScriptEngine.run(ScriptEngine.java:194)
	at com.kms.katalon.core.main.ScriptEngine.runScriptAsRawText(ScriptEngine.java:119)
	at com.kms.katalon.core.main.TestCaseExecutor.runScript(TestCaseExecutor.java:337)
	at com.kms.katalon.core.main.TestCaseExecutor.doExecute(TestCaseExecutor.java:328)
	at com.kms.katalon.core.main.TestCaseExecutor.processExecutionPhase(TestCaseExecutor.java:307)
	at com.kms.katalon.core.main.TestCaseExecutor.accessMainPhase(TestCaseExecutor.java:299)
	at com.kms.katalon.core.main.TestCaseExecutor.execute(TestCaseExecutor.java:233)
	at com.kms.katalon.core.main.TestCaseMain.runTestCase(TestCaseMain.java:114)
	at com.kms.katalon.core.keyword.builtin.CallTestCaseKeyword$_callTestCase_closure1.doCall(CallTestCaseKeyword.groovy:59)
	... 20 more


2019-11-27 06:32:54 - [TEST_STEP][PASSED] - callTestCase(findTestCase("dynamic test case/open application"), [:], STOP_ON_FAILURE): Call Test Case 'Test Cases/dynamic test case/open application' successfully

2019-11-27 06:32:54 - [TEST_CASE][PASSED] - Test Cases/dynamic test case/open application: Test Cases/dynamic test case/open application

2019-11-27 06:32:54 - [TEST_STEP][PASSED] - appPath = relativeToAbsolutePath(apkname, getProjectDir()): null

2019-11-27 06:32:54 - [TEST_STEP][PASSED] - startApplication(appPath, false): Started app at: 'C:\Users\15420\git\ACCME-Dupcheck\AccMe.apk'

2019-11-27 06:32:54 - [MESSAGE][INFO] - User set preference: ['unicodeKeyboard', 'true']

2019-11-27 06:32:54 - [MESSAGE][INFO] - User set preference: ['resetKeyboard', 'true']

2019-11-27 06:32:54 - [MESSAGE][INFO] - User set preference: ['deviceId', '']

2019-11-27 06:33:25 - [MESSAGE][PASSED] - Started app at: 'C:\Users\15420\git\ACCME-Dupcheck\AccMe.apk'

2019-11-27 06:33:25 - [MESSAGE][PASSED] - Call Test Case 'Test Cases/dynamic test case/open application' successfully

2019-11-27 06:33:25 - [TEST_STEP][PASSED] - callTestCase(findTestCase("Data Entry/Simulasi Kredit/Simulasi Kredit/MASTER FLOW/TC_Simulasi Kredit - MASTER FLOW"), ["varBrand":varBrand, "varType":varType, "varModel":varModel, "varTahun":varTahun, "varTenor":varTenor, "varOTR":varOTR, "varRP":varRP, ... ], OPTIONAL): Unable to call Test Case 'Test Cases/Data Entry/Simulasi Kredit/Simulasi Kredit/MASTER FLOW/TC_Simulasi Kredit - MASTER FLOW' (Root cause: com.kms.katalon.core.exception.StepFailedException: Call Test Case 'Test Cases/Data Entry/Simulasi Kredit/Simulasi Kredit/MASTER FLOW/TC_Simulasi Kredit - MASTER FLOW' failed
	at com.kms.katalon.core.keyword.builtin.CallTestCaseKeyword$_callTestCase_closure1.doCall(CallTestCaseKeyword.groovy:63)
	at com.kms.katalon.core.keyword.builtin.CallTestCaseKeyword$_callTestCase_closure1.call(CallTestCaseKeyword.groovy)
	at com.kms.katalon.core.keyword.internal.KeywordMain.runKeyword(KeywordMain.groovy:68)
	at com.kms.katalon.core.keyword.builtin.CallTestCaseKeyword.callTestCase(CallTestCaseKeyword.groovy:81)
	at com.kms.katalon.core.keyword.builtin.CallTestCaseKeyword.execute(CallTestCaseKeyword.groovy:44)
	at com.kms.katalon.core.keyword.internal.KeywordExecutor.executeKeywordForPlatform(KeywordExecutor.groovy:60)
	at com.kms.katalon.core.keyword.BuiltinKeywords.callTestCase(BuiltinKeywords.groovy:334)
	at TC_Data Entry.run(TC_Data Entry:21)
	at com.kms.katalon.core.main.ScriptEngine.run(ScriptEngine.java:194)
	at com.kms.katalon.core.main.ScriptEngine.runScriptAsRawText(ScriptEngine.java:119)
	at com.kms.katalon.core.main.TestCaseExecutor.runScript(TestCaseExecutor.java:337)
	at com.kms.katalon.core.main.TestCaseExecutor.doExecute(TestCaseExecutor.java:328)
	at com.kms.katalon.core.main.TestCaseExecutor.processExecutionPhase(TestCaseExecutor.java:307)
	at com.kms.katalon.core.main.TestCaseExecutor.accessMainPhase(TestCaseExecutor.java:299)
	at com.kms.katalon.core.main.TestCaseExecutor.execute(TestCaseExecutor.java:233)
	at com.kms.katalon.core.main.TestSuiteExecutor.accessTestCaseMainPhase(TestSuiteExecutor.java:169)
	at com.kms.katalon.core.main.TestSuiteExecutor.accessTestSuiteMainPhase(TestSuiteExecutor.java:142)
	at com.kms.katalon.core.main.TestSuiteExecutor.execute(TestSuiteExecutor.java:91)
	at com.kms.katalon.core.main.TestCaseMain.startTestSuite(TestCaseMain.java:157)
	at com.kms.katalon.core.main.TestCaseMain$startTestSuite$0.call(Unknown Source)
	at TempTestSuite1574807893706.run(TempTestSuite1574807893706.groovy:36)
Caused by: com.kms.katalon.core.exception.StepFailedException: Unable to scroll to text 'T:1300 XI M/T' (Root cause: org.openqa.selenium.NoSuchElementException: An element could not be located on the page using the given search parameters.
For documentation on this error, please visit: https://www.seleniumhq.org/exceptions/no_such_element.html
Build info: version: '3.141.59', revision: 'e82be7d358', time: '2018-11-14T08:25:53'
System info: host: 'FATITQC15420L', ip: '192.168.1.11', os.name: 'Windows 10', os.arch: 'amd64', os.version: '10.0', java.version: '1.8.0_181'
Driver info: com.kms.katalon.core.appium.driver.SwipeableAndroidDriver
Capabilities {app: C:\Users\15420\git\ACCME-Du..., appPackage: com.outsystemsenterprise.ac..., autoGrantPermissions: true, automationName: uiautomator2, databaseEnabled: false, desired: {app: C:\Users\15420\git\ACCME-Du..., autoGrantPermissions: true, automationName: uiautomator2, deviceId: , deviceName: samsung SM-A505F (Android 9), fullReset: false, newCommandTimeout: 1800, noReset: true, platform: ANDROID, platformName: android, platformVersion: 9, resetKeyboard: true, systemPort: 59176, udid: RR8M30NJT6T, unicodeKeyboard: true}, deviceApiLevel: 28, deviceId: , deviceManufacturer: samsung, deviceModel: SM-A505F, deviceName: RR8M30NJT6T, deviceScreenDensity: 420, deviceScreenSize: 1080x2340, deviceUDID: RR8M30NJT6T, fullReset: false, javascriptEnabled: true, locationContextEnabled: false, networkConnectionEnabled: true, newCommandTimeout: 1800, noReset: true, pixelRatio: 2.625, platform: ANDROID, platformName: Android, platformVersion: 9, resetKeyboard: true, statBarHeight: 83, systemPort: 59176, takesScreenshot: true, udid: RR8M30NJT6T, unicodeKeyboard: true, viewportRect: {height: 2048, left: 0, top: 83, width: 1080}, warnings: {}, webStorageEnabled: false}
Session ID: d573ba87-b5da-4dc9-9364-a8010af55981
*** Element info: {Using=-android uiautomator, value=new UiScrollable(new UiSelector().scrollable(true).instance(0)).scrollIntoView(new UiSelector().textContains("T:1300 XI M/T"))}
	at org.openqa.selenium.remote.http.W3CHttpResponseCodec.createException(W3CHttpResponseCodec.java:187)
	at org.openqa.selenium.remote.http.W3CHttpResponseCodec.decode(W3CHttpResponseCodec.java:122)
	at org.openqa.selenium.remote.http.W3CHttpResponseCodec.decode(W3CHttpResponseCodec.java:49)
	at org.openqa.selenium.remote.HttpCommandExecutor.execute(HttpCommandExecutor.java:158)
	at io.appium.java_client.remote.AppiumCommandExecutor.execute(AppiumCommandExecutor.java:239)
	at org.openqa.selenium.remote.RemoteWebDriver.execute(RemoteWebDriver.java:552)
	at io.appium.java_client.DefaultGenericMobileDriver.execute(DefaultGenericMobileDriver.java:42)
	at io.appium.java_client.AppiumDriver.execute(AppiumDriver.java:1)
	at io.appium.java_client.android.AndroidDriver.execute(AndroidDriver.java:1)
	at com.kms.katalon.core.appium.driver.SwipeableAndroidDriver.execute(SwipeableAndroidDriver.java:1)
	at org.openqa.selenium.remote.RemoteWebDriver.findElement(RemoteWebDriver.java:323)
	at io.appium.java_client.DefaultGenericMobileDriver.findElement(DefaultGenericMobileDriver.java:62)
	at io.appium.java_client.AppiumDriver.findElement(AppiumDriver.java:1)
	at io.appium.java_client.android.AndroidDriver.findElement(AndroidDriver.java:1)
	at com.kms.katalon.core.appium.driver.SwipeableAndroidDriver.findElement(SwipeableAndroidDriver.java:1)
	at io.appium.java_client.FindsByAndroidUIAutomator.findElementByAndroidUIAutomator(FindsByAndroidUIAutomator.java:38)
	at io.appium.java_client.FindsByAndroidUIAutomator$findElementByAndroidUIAutomator.call(Unknown Source)
	at com.kms.katalon.core.mobile.keyword.builtin.ScrollToTextKeyword$_scrollToText_closure1.doCall(ScrollToTextKeyword.groovy:62)
	at com.kms.katalon.core.mobile.keyword.builtin.ScrollToTextKeyword$_scrollToText_closure1.doCall(ScrollToTextKeyword.groovy)
	at com.kms.katalon.core.mobile.keyword.internal.MobileKeywordMain.runKeyword(MobileKeywordMain.groovy:21)
	at com.kms.katalon.core.mobile.keyword.internal.MobileKeywordMain$runKeyword.call(Unknown Source)
	at com.kms.katalon.core.mobile.keyword.builtin.ScrollToTextKeyword.scrollToText(ScrollToTextKeyword.groovy:85)
	at com.kms.katalon.core.mobile.keyword.builtin.ScrollToTextKeyword.execute(ScrollToTextKeyword.groovy:41)
	at com.kms.katalon.core.keyword.internal.KeywordExecutor.executeKeywordForPlatform(KeywordExecutor.groovy:60)
	at com.kms.katalon.core.mobile.keyword.MobileBuiltInKeywords.scrollToText(MobileBuiltInKeywords.groovy:888)
	at com.kms.katalon.core.mobile.keyword.MobileBuiltInKeywords$scrollToText$6.call(Unknown Source)
	at TC_Simulasi Kredit - MASTER FLOW.run(TC_Simulasi Kredit - MASTER FLOW:84)
	at com.kms.katalon.core.main.ScriptEngine.run(ScriptEngine.java:194)
	at com.kms.katalon.core.main.ScriptEngine.runScriptAsRawText(ScriptEngine.java:119)
	at com.kms.katalon.core.main.TestCaseExecutor.runScript(TestCaseExecutor.java:337)
	at com.kms.katalon.core.main.TestCaseExecutor.doExecute(TestCaseExecutor.java:328)
	at com.kms.katalon.core.main.TestCaseExecutor.processExecutionPhase(TestCaseExecutor.java:307)
	at com.kms.katalon.core.main.TestCaseExecutor.accessMainPhase(TestCaseExecutor.java:299)
	at com.kms.katalon.core.main.TestCaseExecutor.execute(TestCaseExecutor.java:233)
	at com.kms.katalon.core.main.TestCaseMain.runTestCase(TestCaseMain.java:114)
	at com.kms.katalon.core.keyword.builtin.CallTestCaseKeyword$_callTestCase_closure1.doCall(CallTestCaseKeyword.groovy:59)
	at com.kms.katalon.core.keyword.builtin.CallTestCaseKeyword$_callTestCase_closure1.call(CallTestCaseKeyword.groovy)
	at com.kms.katalon.core.keyword.internal.KeywordMain.runKeyword(KeywordMain.groovy:68)
	at com.kms.katalon.core.keyword.builtin.CallTestCaseKeyword.callTestCase(CallTestCaseKeyword.groovy:81)
	at com.kms.katalon.core.keyword.builtin.CallTestCaseKeyword.execute(CallTestCaseKeyword.groovy:44)
	at com.kms.katalon.core.keyword.internal.KeywordExecutor.executeKeywordForPlatform(KeywordExecutor.groovy:60)
	at com.kms.katalon.core.keyword.BuiltinKeywords.callTestCase(BuiltinKeywords.groovy:334)
	at TC_Data Entry.run(TC_Data Entry:21)
	at com.kms.katalon.core.main.ScriptEngine.run(ScriptEngine.java:194)
	at com.kms.katalon.core.main.ScriptEngine.runScriptAsRawText(ScriptEngine.java:119)
	at com.kms.katalon.core.main.TestCaseExecutor.runScript(TestCaseExecutor.java:337)
	at com.kms.katalon.core.main.TestCaseExecutor.doExecute(TestCaseExecutor.java:328)
	at com.kms.katalon.core.main.TestCaseExecutor.processExecutionPhase(TestCaseExecutor.java:307)
	at com.kms.katalon.core.main.TestCaseExecutor.accessMainPhase(TestCaseExecutor.java:299)
	at com.kms.katalon.core.main.TestCaseExecutor.execute(TestCaseExecutor.java:233)
	at com.kms.katalon.core.main.TestSuiteExecutor.accessTestCaseMainPhase(TestSuiteExecutor.java:169)
	at com.kms.katalon.core.main.TestSuiteExecutor.accessTestSuiteMainPhase(TestSuiteExecutor.java:142)
	at com.kms.katalon.core.main.TestSuiteExecutor.execute(TestSuiteExecutor.java:91)
	at com.kms.katalon.core.main.TestCaseMain.startTestSuite(TestCaseMain.java:157)
	at com.kms.katalon.core.main.TestCaseMain$startTestSuite$0.call(Unknown Source)
	at TempTestSuite1574807893706.run(TempTestSuite1574807893706.groovy:36)
)
	at com.kms.katalon.core.keyword.internal.KeywordMain.stepFailed(KeywordMain.groovy:50)
	at com.kms.katalon.core.mobile.keyword.internal.MobileKeywordMain.stepFailed(MobileKeywordMain.groovy:40)
	at com.kms.katalon.core.mobile.keyword.internal.MobileKeywordMain.runKeyword(MobileKeywordMain.groovy:23)
	at com.kms.katalon.core.mobile.keyword.internal.MobileKeywordMain$runKeyword.call(Unknown Source)
	at com.kms.katalon.core.mobile.keyword.builtin.ScrollToTextKeyword.scrollToText(ScrollToTextKeyword.groovy:85)
	at com.kms.katalon.core.mobile.keyword.builtin.ScrollToTextKeyword.execute(ScrollToTextKeyword.groovy:41)
	at com.kms.katalon.core.keyword.internal.KeywordExecutor.executeKeywordForPlatform(KeywordExecutor.groovy:60)
	at com.kms.katalon.core.mobile.keyword.MobileBuiltInKeywords.scrollToText(MobileBuiltInKeywords.groovy:888)
	at com.kms.katalon.core.mobile.keyword.MobileBuiltInKeywords$scrollToText$6.call(Unknown Source)
	at TC_Simulasi Kredit - MASTER FLOW.run(TC_Simulasi Kredit - MASTER FLOW:84)
	at com.kms.katalon.core.main.ScriptEngine.run(ScriptEngine.java:194)
	at com.kms.katalon.core.main.ScriptEngine.runScriptAsRawText(ScriptEngine.java:119)
	at com.kms.katalon.core.main.TestCaseExecutor.runScript(TestCaseExecutor.java:337)
	at com.kms.katalon.core.main.TestCaseExecutor.doExecute(TestCaseExecutor.java:328)
	at com.kms.katalon.core.main.TestCaseExecutor.processExecutionPhase(TestCaseExecutor.java:307)
	at com.kms.katalon.core.main.TestCaseExecutor.accessMainPhase(TestCaseExecutor.java:299)
	at com.kms.katalon.core.main.TestCaseExecutor.execute(TestCaseExecutor.java:233)
	at com.kms.katalon.core.main.TestCaseMain.runTestCase(TestCaseMain.java:114)
	at com.kms.katalon.core.keyword.builtin.CallTestCaseKeyword$_callTestCase_closure1.doCall(CallTestCaseKeyword.groovy:59)
	... 20 more
Caused by: org.openqa.selenium.NoSuchElementException: An element could not be located on the page using the given search parameters.
For documentation on this error, please visit: https://www.seleniumhq.org/exceptions/no_such_element.html
Build info: version: '3.141.59', revision: 'e82be7d358', time: '2018-11-14T08:25:53'
System info: host: 'FATITQC15420L', ip: '192.168.1.11', os.name: 'Windows 10', os.arch: 'amd64', os.version: '10.0', java.version: '1.8.0_181'
Driver info: com.kms.katalon.core.appium.driver.SwipeableAndroidDriver
Capabilities {app: C:\Users\15420\git\ACCME-Du..., appPackage: com.outsystemsenterprise.ac..., autoGrantPermissions: true, automationName: uiautomator2, databaseEnabled: false, desired: {app: C:\Users\15420\git\ACCME-Du..., autoGrantPermissions: true, automationName: uiautomator2, deviceId: , deviceName: samsung SM-A505F (Android 9), fullReset: false, newCommandTimeout: 1800, noReset: true, platform: ANDROID, platformName: android, platformVersion: 9, resetKeyboard: true, systemPort: 59176, udid: RR8M30NJT6T, unicodeKeyboard: true}, deviceApiLevel: 28, deviceId: , deviceManufacturer: samsung, deviceModel: SM-A505F, deviceName: RR8M30NJT6T, deviceScreenDensity: 420, deviceScreenSize: 1080x2340, deviceUDID: RR8M30NJT6T, fullReset: false, javascriptEnabled: true, locationContextEnabled: false, networkConnectionEnabled: true, newCommandTimeout: 1800, noReset: true, pixelRatio: 2.625, platform: ANDROID, platformName: Android, platformVersion: 9, resetKeyboard: true, statBarHeight: 83, systemPort: 59176, takesScreenshot: true, udid: RR8M30NJT6T, unicodeKeyboard: true, viewportRect: {height: 2048, left: 0, top: 83, width: 1080}, warnings: {}, webStorageEnabled: false}
Session ID: d573ba87-b5da-4dc9-9364-a8010af55981
*** Element info: {Using=-android uiautomator, value=new UiScrollable(new UiSelector().scrollable(true).instance(0)).scrollIntoView(new UiSelector().textContains("T:1300 XI M/T"))}
	at org.openqa.selenium.remote.http.W3CHttpResponseCodec.createException(W3CHttpResponseCodec.java:187)
	at org.openqa.selenium.remote.http.W3CHttpResponseCodec.decode(W3CHttpResponseCodec.java:122)
	at org.openqa.selenium.remote.http.W3CHttpResponseCodec.decode(W3CHttpResponseCodec.java:49)
	at org.openqa.selenium.remote.HttpCommandExecutor.execute(HttpCommandExecutor.java:158)
	at io.appium.java_client.remote.AppiumCommandExecutor.execute(AppiumCommandExecutor.java:239)
	at org.openqa.selenium.remote.RemoteWebDriver.execute(RemoteWebDriver.java:552)
	at io.appium.java_client.DefaultGenericMobileDriver.execute(DefaultGenericMobileDriver.java:42)
	at io.appium.java_client.AppiumDriver.execute(AppiumDriver.java:1)
	at io.appium.java_client.android.AndroidDriver.execute(AndroidDriver.java:1)
	at com.kms.katalon.core.appium.driver.SwipeableAndroidDriver.execute(SwipeableAndroidDriver.java:1)
	at org.openqa.selenium.remote.RemoteWebDriver.findElement(RemoteWebDriver.java:323)
	at io.appium.java_client.DefaultGenericMobileDriver.findElement(DefaultGenericMobileDriver.java:62)
	at io.appium.java_client.AppiumDriver.findElement(AppiumDriver.java:1)
	at io.appium.java_client.android.AndroidDriver.findElement(AndroidDriver.java:1)
	at com.kms.katalon.core.appium.driver.SwipeableAndroidDriver.findElement(SwipeableAndroidDriver.java:1)
	at io.appium.java_client.FindsByAndroidUIAutomator.findElementByAndroidUIAutomator(FindsByAndroidUIAutomator.java:38)
	at io.appium.java_client.FindsByAndroidUIAutomator$findElementByAndroidUIAutomator.call(Unknown Source)
	at com.kms.katalon.core.mobile.keyword.builtin.ScrollToTextKeyword$_scrollToText_closure1.doCall(ScrollToTextKeyword.groovy:62)
	at com.kms.katalon.core.mobile.keyword.builtin.ScrollToTextKeyword$_scrollToText_closure1.doCall(ScrollToTextKeyword.groovy)
	at com.kms.katalon.core.mobile.keyword.internal.MobileKeywordMain.runKeyword(MobileKeywordMain.groovy:21)
	... 36 more
)

2019-11-27 06:33:25 - [TEST_CASE][FAILED] - Test Cases/Data Entry/Simulasi Kredit/Simulasi Kredit/MASTER FLOW/TC_Simulasi Kredit - MASTER FLOW: Test Cases/Data Entry/Simulasi Kredit/Simulasi Kredit/MASTER FLOW/TC_Simulasi Kredit - MASTER FLOW FAILED.
Reason:
com.kms.katalon.core.exception.StepFailedException: Unable to scroll to text 'T:1300 XI M/T' (Root cause: org.openqa.selenium.NoSuchElementException: An element could not be located on the page using the given search parameters.
For documentation on this error, please visit: https://www.seleniumhq.org/exceptions/no_such_element.html
Build info: version: '3.141.59', revision: 'e82be7d358', time: '2018-11-14T08:25:53'
System info: host: 'FATITQC15420L', ip: '192.168.1.11', os.name: 'Windows 10', os.arch: 'amd64', os.version: '10.0', java.version: '1.8.0_181'
Driver info: com.kms.katalon.core.appium.driver.SwipeableAndroidDriver
Capabilities {app: C:\Users\15420\git\ACCME-Du..., appPackage: com.outsystemsenterprise.ac..., autoGrantPermissions: true, automationName: uiautomator2, databaseEnabled: false, desired: {app: C:\Users\15420\git\ACCME-Du..., autoGrantPermissions: true, automationName: uiautomator2, deviceId: , deviceName: samsung SM-A505F (Android 9), fullReset: false, newCommandTimeout: 1800, noReset: true, platform: ANDROID, platformName: android, platformVersion: 9, resetKeyboard: true, systemPort: 59176, udid: RR8M30NJT6T, unicodeKeyboard: true}, deviceApiLevel: 28, deviceId: , deviceManufacturer: samsung, deviceModel: SM-A505F, deviceName: RR8M30NJT6T, deviceScreenDensity: 420, deviceScreenSize: 1080x2340, deviceUDID: RR8M30NJT6T, fullReset: false, javascriptEnabled: true, locationContextEnabled: false, networkConnectionEnabled: true, newCommandTimeout: 1800, noReset: true, pixelRatio: 2.625, platform: ANDROID, platformName: Android, platformVersion: 9, resetKeyboard: true, statBarHeight: 83, systemPort: 59176, takesScreenshot: true, udid: RR8M30NJT6T, unicodeKeyboard: true, viewportRect: {height: 2048, left: 0, top: 83, width: 1080}, warnings: {}, webStorageEnabled: false}
Session ID: d573ba87-b5da-4dc9-9364-a8010af55981
*** Element info: {Using=-android uiautomator, value=new UiScrollable(new UiSelector().scrollable(true).instance(0)).scrollIntoView(new UiSelector().textContains("T:1300 XI M/T"))}
	at org.openqa.selenium.remote.http.W3CHttpResponseCodec.createException(W3CHttpResponseCodec.java:187)
	at org.openqa.selenium.remote.http.W3CHttpResponseCodec.decode(W3CHttpResponseCodec.java:122)
	at org.openqa.selenium.remote.http.W3CHttpResponseCodec.decode(W3CHttpResponseCodec.java:49)
	at org.openqa.selenium.remote.HttpCommandExecutor.execute(HttpCommandExecutor.java:158)
	at io.appium.java_client.remote.AppiumCommandExecutor.execute(AppiumCommandExecutor.java:239)
	at org.openqa.selenium.remote.RemoteWebDriver.execute(RemoteWebDriver.java:552)
	at io.appium.java_client.DefaultGenericMobileDriver.execute(DefaultGenericMobileDriver.java:42)
	at io.appium.java_client.AppiumDriver.execute(AppiumDriver.java:1)
	at io.appium.java_client.android.AndroidDriver.execute(AndroidDriver.java:1)
	at com.kms.katalon.core.appium.driver.SwipeableAndroidDriver.execute(SwipeableAndroidDriver.java:1)
	at org.openqa.selenium.remote.RemoteWebDriver.findElement(RemoteWebDriver.java:323)
	at io.appium.java_client.DefaultGenericMobileDriver.findElement(DefaultGenericMobileDriver.java:62)
	at io.appium.java_client.AppiumDriver.findElement(AppiumDriver.java:1)
	at io.appium.java_client.android.AndroidDriver.findElement(AndroidDriver.java:1)
	at com.kms.katalon.core.appium.driver.SwipeableAndroidDriver.findElement(SwipeableAndroidDriver.java:1)
	at io.appium.java_client.FindsByAndroidUIAutomator.findElementByAndroidUIAutomator(FindsByAndroidUIAutomator.java:38)
	at io.appium.java_client.FindsByAndroidUIAutomator$findElementByAndroidUIAutomator.call(Unknown Source)
	at com.kms.katalon.core.mobile.keyword.builtin.ScrollToTextKeyword$_scrollToText_closure1.doCall(ScrollToTextKeyword.groovy:62)
	at com.kms.katalon.core.mobile.keyword.builtin.ScrollToTextKeyword$_scrollToText_closure1.doCall(ScrollToTextKeyword.groovy)
	at com.kms.katalon.core.mobile.keyword.internal.MobileKeywordMain.runKeyword(MobileKeywordMain.groovy:21)
	at com.kms.katalon.core.mobile.keyword.internal.MobileKeywordMain$runKeyword.call(Unknown Source)
	at com.kms.katalon.core.mobile.keyword.builtin.ScrollToTextKeyword.scrollToText(ScrollToTextKeyword.groovy:85)
	at com.kms.katalon.core.mobile.keyword.builtin.ScrollToTextKeyword.execute(ScrollToTextKeyword.groovy:41)
	at com.kms.katalon.core.keyword.internal.KeywordExecutor.executeKeywordForPlatform(KeywordExecutor.groovy:60)
	at com.kms.katalon.core.mobile.keyword.MobileBuiltInKeywords.scrollToText(MobileBuiltInKeywords.groovy:888)
	at com.kms.katalon.core.mobile.keyword.MobileBuiltInKeywords$scrollToText$6.call(Unknown Source)
	at TC_Simulasi Kredit - MASTER FLOW.run(TC_Simulasi Kredit - MASTER FLOW:84)
	at com.kms.katalon.core.main.ScriptEngine.run(ScriptEngine.java:194)
	at com.kms.katalon.core.main.ScriptEngine.runScriptAsRawText(ScriptEngine.java:119)
	at com.kms.katalon.core.main.TestCaseExecutor.runScript(TestCaseExecutor.java:337)
	at com.kms.katalon.core.main.TestCaseExecutor.doExecute(TestCaseExecutor.java:328)
	at com.kms.katalon.core.main.TestCaseExecutor.processExecutionPhase(TestCaseExecutor.java:307)
	at com.kms.katalon.core.main.TestCaseExecutor.accessMainPhase(TestCaseExecutor.java:299)
	at com.kms.katalon.core.main.TestCaseExecutor.execute(TestCaseExecutor.java:233)
	at com.kms.katalon.core.main.TestCaseMain.runTestCase(TestCaseMain.java:114)
	at com.kms.katalon.core.keyword.builtin.CallTestCaseKeyword$_callTestCase_closure1.doCall(CallTestCaseKeyword.groovy:59)
	at com.kms.katalon.core.keyword.builtin.CallTestCaseKeyword$_callTestCase_closure1.call(CallTestCaseKeyword.groovy)
	at com.kms.katalon.core.keyword.internal.KeywordMain.runKeyword(KeywordMain.groovy:68)
	at com.kms.katalon.core.keyword.builtin.CallTestCaseKeyword.callTestCase(CallTestCaseKeyword.groovy:81)
	at com.kms.katalon.core.keyword.builtin.CallTestCaseKeyword.execute(CallTestCaseKeyword.groovy:44)
	at com.kms.katalon.core.keyword.internal.KeywordExecutor.executeKeywordForPlatform(KeywordExecutor.groovy:60)
	at com.kms.katalon.core.keyword.BuiltinKeywords.callTestCase(BuiltinKeywords.groovy:334)
	at TC_Data Entry.run(TC_Data Entry:21)
	at com.kms.katalon.core.main.ScriptEngine.run(ScriptEngine.java:194)
	at com.kms.katalon.core.main.ScriptEngine.runScriptAsRawText(ScriptEngine.java:119)
	at com.kms.katalon.core.main.TestCaseExecutor.runScript(TestCaseExecutor.java:337)
	at com.kms.katalon.core.main.TestCaseExecutor.doExecute(TestCaseExecutor.java:328)
	at com.kms.katalon.core.main.TestCaseExecutor.processExecutionPhase(TestCaseExecutor.java:307)
	at com.kms.katalon.core.main.TestCaseExecutor.accessMainPhase(TestCaseExecutor.java:299)
	at com.kms.katalon.core.main.TestCaseExecutor.execute(TestCaseExecutor.java:233)
	at com.kms.katalon.core.main.TestSuiteExecutor.accessTestCaseMainPhase(TestSuiteExecutor.java:169)
	at com.kms.katalon.core.main.TestSuiteExecutor.accessTestSuiteMainPhase(TestSuiteExecutor.java:142)
	at com.kms.katalon.core.main.TestSuiteExecutor.execute(TestSuiteExecutor.java:91)
	at com.kms.katalon.core.main.TestCaseMain.startTestSuite(TestCaseMain.java:157)
	at com.kms.katalon.core.main.TestCaseMain$startTestSuite$0.call(Unknown Source)
	at TempTestSuite1574807893706.run(TempTestSuite1574807893706.groovy:36)
)
	at com.kms.katalon.core.keyword.internal.KeywordMain.stepFailed(KeywordMain.groovy:50)
	at com.kms.katalon.core.mobile.keyword.internal.MobileKeywordMain.stepFailed(MobileKeywordMain.groovy:40)
	at com.kms.katalon.core.mobile.keyword.internal.MobileKeywordMain.runKeyword(MobileKeywordMain.groovy:23)
	at com.kms.katalon.core.mobile.keyword.internal.MobileKeywordMain$runKeyword.call(Unknown Source)
	at com.kms.katalon.core.mobile.keyword.builtin.ScrollToTextKeyword.scrollToText(ScrollToTextKeyword.groovy:85)
	at com.kms.katalon.core.mobile.keyword.builtin.ScrollToTextKeyword.execute(ScrollToTextKeyword.groovy:41)
	at com.kms.katalon.core.keyword.internal.KeywordExecutor.executeKeywordForPlatform(KeywordExecutor.groovy:60)
	at com.kms.katalon.core.mobile.keyword.MobileBuiltInKeywords.scrollToText(MobileBuiltInKeywords.groovy:888)
	at com.kms.katalon.core.mobile.keyword.MobileBuiltInKeywords$scrollToText$6.call(Unknown Source)
	at TC_Simulasi Kredit - MASTER FLOW.run(TC_Simulasi Kredit - MASTER FLOW:84)
	at com.kms.katalon.core.main.ScriptEngine.run(ScriptEngine.java:194)
	at com.kms.katalon.core.main.ScriptEngine.runScriptAsRawText(ScriptEngine.java:119)
	at com.kms.katalon.core.main.TestCaseExecutor.runScript(TestCaseExecutor.java:337)
	at com.kms.katalon.core.main.TestCaseExecutor.doExecute(TestCaseExecutor.java:328)
	at com.kms.katalon.core.main.TestCaseExecutor.processExecutionPhase(TestCaseExecutor.java:307)
	at com.kms.katalon.core.main.TestCaseExecutor.accessMainPhase(TestCaseExecutor.java:299)
	at com.kms.katalon.core.main.TestCaseExecutor.execute(TestCaseExecutor.java:233)
	at com.kms.katalon.core.main.TestCaseMain.runTestCase(TestCaseMain.java:114)
	at com.kms.katalon.core.keyword.builtin.CallTestCaseKeyword$_callTestCase_closure1.doCall(CallTestCaseKeyword.groovy:59)
	at com.kms.katalon.core.keyword.builtin.CallTestCaseKeyword$_callTestCase_closure1.call(CallTestCaseKeyword.groovy)
	at com.kms.katalon.core.keyword.internal.KeywordMain.runKeyword(KeywordMain.groovy:68)
	at com.kms.katalon.core.keyword.builtin.CallTestCaseKeyword.callTestCase(CallTestCaseKeyword.groovy:81)
	at com.kms.katalon.core.keyword.builtin.CallTestCaseKeyword.execute(CallTestCaseKeyword.groovy:44)
	at com.kms.katalon.core.keyword.internal.KeywordExecutor.executeKeywordForPlatform(KeywordExecutor.groovy:60)
	at com.kms.katalon.core.keyword.BuiltinKeywords.callTestCase(BuiltinKeywords.groovy:334)
	at TC_Data Entry.run(TC_Data Entry:21)
	at com.kms.katalon.core.main.ScriptEngine.run(ScriptEngine.java:194)
	at com.kms.katalon.core.main.ScriptEngine.runScriptAsRawText(ScriptEngine.java:119)
	at com.kms.katalon.core.main.TestCaseExecutor.runScript(TestCaseExecutor.java:337)
	at com.kms.katalon.core.main.TestCaseExecutor.doExecute(TestCaseExecutor.java:328)
	at com.kms.katalon.core.main.TestCaseExecutor.processExecutionPhase(TestCaseExecutor.java:307)
	at com.kms.katalon.core.main.TestCaseExecutor.accessMainPhase(TestCaseExecutor.java:299)
	at com.kms.katalon.core.main.TestCaseExecutor.execute(TestCaseExecutor.java:233)
	at com.kms.katalon.core.main.TestSuiteExecutor.accessTestCaseMainPhase(TestSuiteExecutor.java:169)
	at com.kms.katalon.core.main.TestSuiteExecutor.accessTestSuiteMainPhase(TestSuiteExecutor.java:142)
	at com.kms.katalon.core.main.TestSuiteExecutor.execute(TestSuiteExecutor.java:91)
	at com.kms.katalon.core.main.TestCaseMain.startTestSuite(TestCaseMain.java:157)
	at com.kms.katalon.core.main.TestCaseMain$startTestSuite$0.call(Unknown Source)
	at TempTestSuite1574807893706.run(TempTestSuite1574807893706.groovy:36)
Caused by: org.openqa.selenium.NoSuchElementException: An element could not be located on the page using the given search parameters.
For documentation on this error, please visit: https://www.seleniumhq.org/exceptions/no_such_element.html
Build info: version: '3.141.59', revision: 'e82be7d358', time: '2018-11-14T08:25:53'
System info: host: 'FATITQC15420L', ip: '192.168.1.11', os.name: 'Windows 10', os.arch: 'amd64', os.version: '10.0', java.version: '1.8.0_181'
Driver info: com.kms.katalon.core.appium.driver.SwipeableAndroidDriver
Capabilities {app: C:\Users\15420\git\ACCME-Du..., appPackage: com.outsystemsenterprise.ac..., autoGrantPermissions: true, automationName: uiautomator2, databaseEnabled: false, desired: {app: C:\Users\15420\git\ACCME-Du..., autoGrantPermissions: true, automationName: uiautomator2, deviceId: , deviceName: samsung SM-A505F (Android 9), fullReset: false, newCommandTimeout: 1800, noReset: true, platform: ANDROID, platformName: android, platformVersion: 9, resetKeyboard: true, systemPort: 59176, udid: RR8M30NJT6T, unicodeKeyboard: true}, deviceApiLevel: 28, deviceId: , deviceManufacturer: samsung, deviceModel: SM-A505F, deviceName: RR8M30NJT6T, deviceScreenDensity: 420, deviceScreenSize: 1080x2340, deviceUDID: RR8M30NJT6T, fullReset: false, javascriptEnabled: true, locationContextEnabled: false, networkConnectionEnabled: true, newCommandTimeout: 1800, noReset: true, pixelRatio: 2.625, platform: ANDROID, platformName: Android, platformVersion: 9, resetKeyboard: true, statBarHeight: 83, systemPort: 59176, takesScreenshot: true, udid: RR8M30NJT6T, unicodeKeyboard: true, viewportRect: {height: 2048, left: 0, top: 83, width: 1080}, warnings: {}, webStorageEnabled: false}
Session ID: d573ba87-b5da-4dc9-9364-a8010af55981
*** Element info: {Using=-android uiautomator, value=new UiScrollable(new UiSelector().scrollable(true).instance(0)).scrollIntoView(new UiSelector().textContains("T:1300 XI M/T"))}
	at org.openqa.selenium.remote.http.W3CHttpResponseCodec.createException(W3CHttpResponseCodec.java:187)
	at org.openqa.selenium.remote.http.W3CHttpResponseCodec.decode(W3CHttpResponseCodec.java:122)
	at org.openqa.selenium.remote.http.W3CHttpResponseCodec.decode(W3CHttpResponseCodec.java:49)
	at org.openqa.selenium.remote.HttpCommandExecutor.execute(HttpCommandExecutor.java:158)
	at io.appium.java_client.remote.AppiumCommandExecutor.execute(AppiumCommandExecutor.java:239)
	at org.openqa.selenium.remote.RemoteWebDriver.execute(RemoteWebDriver.java:552)
	at io.appium.java_client.DefaultGenericMobileDriver.execute(DefaultGenericMobileDriver.java:42)
	at io.appium.java_client.AppiumDriver.execute(AppiumDriver.java:1)
	at io.appium.java_client.android.AndroidDriver.execute(AndroidDriver.java:1)
	at com.kms.katalon.core.appium.driver.SwipeableAndroidDriver.execute(SwipeableAndroidDriver.java:1)
	at org.openqa.selenium.remote.RemoteWebDriver.findElement(RemoteWebDriver.java:323)
	at io.appium.java_client.DefaultGenericMobileDriver.findElement(DefaultGenericMobileDriver.java:62)
	at io.appium.java_client.AppiumDriver.findElement(AppiumDriver.java:1)
	at io.appium.java_client.android.AndroidDriver.findElement(AndroidDriver.java:1)
	at com.kms.katalon.core.appium.driver.SwipeableAndroidDriver.findElement(SwipeableAndroidDriver.java:1)
	at io.appium.java_client.FindsByAndroidUIAutomator.findElementByAndroidUIAutomator(FindsByAndroidUIAutomator.java:38)
	at io.appium.java_client.FindsByAndroidUIAutomator$findElementByAndroidUIAutomator.call(Unknown Source)
	at com.kms.katalon.core.mobile.keyword.builtin.ScrollToTextKeyword$_scrollToText_closure1.doCall(ScrollToTextKeyword.groovy:62)
	at com.kms.katalon.core.mobile.keyword.builtin.ScrollToTextKeyword$_scrollToText_closure1.doCall(ScrollToTextKeyword.groovy)
	at com.kms.katalon.core.mobile.keyword.internal.MobileKeywordMain.runKeyword(MobileKeywordMain.groovy:21)
	... 36 more


2019-11-27 06:33:25 - [TEST_STEP][PASSED] - waitForElementPresent(findTestObject("Simulasi Kredit/Simulasi Kredit - Simulasi Kredit/SimulasiKredit_Btn Simulasi Kredit"), 0): Element 'Object Repository/Simulasi Kredit/Simulasi Kredit - Simulasi Kredit/SimulasiKredit_Btn Simulasi Kredit' is present

2019-11-27 06:33:26 - [MESSAGE][WARNING] - Timeout '0' is invalid. Using default page load timeout: '30'

2019-11-27 06:33:36 - [MESSAGE][PASSED] - Element 'Object Repository/Simulasi Kredit/Simulasi Kredit - Simulasi Kredit/SimulasiKredit_Btn Simulasi Kredit' is present

2019-11-27 06:33:36 - [TEST_STEP][PASSED] - tap(findTestObject("Simulasi Kredit/Simulasi Kredit - Simulasi Kredit/SimulasiKredit_Btn Simulasi Kredit"), 0): Tapped on element 'Object Repository/Simulasi Kredit/Simulasi Kredit - Simulasi Kredit/SimulasiKredit_Btn Simulasi Kredit'

2019-11-27 06:33:36 - [MESSAGE][WARNING] - Timeout '0' is invalid. Using default page load timeout: '30'

2019-11-27 06:33:38 - [MESSAGE][PASSED] - Tapped on element 'Object Repository/Simulasi Kredit/Simulasi Kredit - Simulasi Kredit/SimulasiKredit_Btn Simulasi Kredit'

2019-11-27 06:33:38 - [TEST_STEP][PASSED] - if (varPembiayaan == "NewCar"): Tapped on element 'Object Repository/Simulasi Kredit/Simulasi Kredit - Simulasi Kredit/SimulasiKredit_new car'

2019-11-27 06:33:38 - [TEST_STEP][PASSED] - tap(findTestObject("Simulasi Kredit/Simulasi Kredit - Simulasi Kredit/SimulasiKredit_new car"), 0): Tapped on element 'Object Repository/Simulasi Kredit/Simulasi Kredit - Simulasi Kredit/SimulasiKredit_new car'

2019-11-27 06:33:38 - [MESSAGE][WARNING] - Timeout '0' is invalid. Using default page load timeout: '30'

2019-11-27 06:33:42 - [MESSAGE][PASSED] - Tapped on element 'Object Repository/Simulasi Kredit/Simulasi Kredit - Simulasi Kredit/SimulasiKredit_new car'

2019-11-27 06:33:42 - [TEST_STEP][PASSED] - if (varPembiayaan == "UsedCar"): null

2019-11-27 06:33:42 - [TEST_STEP][PASSED] - if (varTipepembiayaan == "syariah"): null

2019-11-27 06:33:42 - [TEST_STEP][PASSED] - if (varTipepembiayaan == "konvensional"): null

2019-11-27 06:33:42 - [TEST_STEP][PASSED] - if (varkodepaket == "ya"): null

2019-11-27 06:33:42 - [TEST_STEP][PASSED] - setText(findTestObject("Simulasi Kredit/Simulasi Kredit - Simulasi Kredit/SimulasiKredit_Inp Brand"), varBrand, 0): Text 'DAIHATSU' has been set to element 'Object Repository/Simulasi Kredit/Simulasi Kredit - Simulasi Kredit/SimulasiKredit_Inp Brand'

2019-11-27 06:33:42 - [MESSAGE][WARNING] - Timeout '0' is invalid. Using default page load timeout: '30'

2019-11-27 06:33:43 - [MESSAGE][PASSED] - Text 'DAIHATSU' has been set to element 'Object Repository/Simulasi Kredit/Simulasi Kredit - Simulasi Kredit/SimulasiKredit_Inp Brand'

2019-11-27 06:33:43 - [TEST_STEP][PASSED] - tap(findTestObject("Simulasi Kredit/Simulasi Kredit - Simulasi Kredit/SimulasiKredit_Inp Brand"), 0): Tapped on element 'Object Repository/Simulasi Kredit/Simulasi Kredit - Simulasi Kredit/SimulasiKredit_Inp Brand'

2019-11-27 06:33:43 - [MESSAGE][WARNING] - Timeout '0' is invalid. Using default page load timeout: '30'

2019-11-27 06:33:47 - [MESSAGE][PASSED] - Tapped on element 'Object Repository/Simulasi Kredit/Simulasi Kredit - Simulasi Kredit/SimulasiKredit_Inp Brand'

2019-11-27 06:33:47 - [TEST_STEP][PASSED] - tap(findTestObject("dynamic object/pickListItem_viewView", ["text":varBrand]), 0): Tapped on element 'Object Repository/dynamic object/pickListItem_viewView'

2019-11-27 06:33:47 - [MESSAGE][WARNING] - Timeout '0' is invalid. Using default page load timeout: '30'

2019-11-27 06:33:50 - [MESSAGE][PASSED] - Tapped on element 'Object Repository/dynamic object/pickListItem_viewView'

2019-11-27 06:33:50 - [TEST_STEP][PASSED] - tap(findTestObject("Simulasi Kredit/Simulasi Kredit - Simulasi Kredit/SimulasiKredit_Inp Type"), 0): Tapped on element 'Object Repository/Simulasi Kredit/Simulasi Kredit - Simulasi Kredit/SimulasiKredit_Inp Type'

2019-11-27 06:33:50 - [MESSAGE][WARNING] - Timeout '0' is invalid. Using default page load timeout: '30'

2019-11-27 06:33:53 - [MESSAGE][PASSED] - Tapped on element 'Object Repository/Simulasi Kredit/Simulasi Kredit - Simulasi Kredit/SimulasiKredit_Inp Type'

2019-11-27 06:33:53 - [TEST_STEP][PASSED] - setText(findTestObject("Simulasi Kredit/Simulasi Kredit - Simulasi Kredit/SimulasiKredit_Inp Type"), varType, 0): Text 'XENIA' has been set to element 'Object Repository/Simulasi Kredit/Simulasi Kredit - Simulasi Kredit/SimulasiKredit_Inp Type'

2019-11-27 06:33:53 - [MESSAGE][WARNING] - Timeout '0' is invalid. Using default page load timeout: '30'

2019-11-27 06:33:55 - [MESSAGE][PASSED] - Text 'XENIA' has been set to element 'Object Repository/Simulasi Kredit/Simulasi Kredit - Simulasi Kredit/SimulasiKredit_Inp Type'

2019-11-27 06:33:55 - [TEST_STEP][PASSED] - delay(3): Delayed 3 second(s)

2019-11-27 06:33:58 - [MESSAGE][PASSED] - Delayed 3 second(s)

2019-11-27 06:33:58 - [TEST_STEP][PASSED] - tap(findTestObject("Simulasi Kredit/Simulasi Kredit - Simulasi Kredit/SimulasiKredit_Inp Type"), 0): Tapped on element 'Object Repository/Simulasi Kredit/Simulasi Kredit - Simulasi Kredit/SimulasiKredit_Inp Type'

2019-11-27 06:33:58 - [MESSAGE][WARNING] - Timeout '0' is invalid. Using default page load timeout: '30'

2019-11-27 06:34:00 - [MESSAGE][PASSED] - Tapped on element 'Object Repository/Simulasi Kredit/Simulasi Kredit - Simulasi Kredit/SimulasiKredit_Inp Type'

2019-11-27 06:34:00 - [TEST_STEP][PASSED] - tap(findTestObject("Simulasi Kredit/Simulasi Kredit - Simulasi Kredit/SimulasiKredit_Inp Type LOV"), 0): Tapped on element 'Object Repository/Simulasi Kredit/Simulasi Kredit - Simulasi Kredit/SimulasiKredit_Inp Type LOV'

2019-11-27 06:34:00 - [MESSAGE][WARNING] - Timeout '0' is invalid. Using default page load timeout: '30'

2019-11-27 06:34:03 - [MESSAGE][PASSED] - Tapped on element 'Object Repository/Simulasi Kredit/Simulasi Kredit - Simulasi Kredit/SimulasiKredit_Inp Type LOV'

2019-11-27 06:34:03 - [TEST_STEP][PASSED] - mobile.mobileSwipe.UpDown(0.8, 0.5, 1000): mobile.mobileSwipe.UpDown is PASSED

2019-11-27 06:34:04 - [MESSAGE][PASSED] - Current device physical height is 2131

2019-11-27 06:34:04 - [MESSAGE][INFO] - Device Height : 2131

2019-11-27 06:34:05 - [MESSAGE][PASSED] - Current device physical width is 1080

2019-11-27 06:34:05 - [MESSAGE][INFO] - Device Width : 1080

2019-11-27 06:34:05 - [MESSAGE][INFO] - Swipe start at Height : 1704

2019-11-27 06:34:05 - [MESSAGE][INFO] - Swipe end at Height : 1065

2019-11-27 06:34:05 - [MESSAGE][INFO] - X Position : 1000

2019-11-27 06:34:07 - [MESSAGE][PASSED] - Swiped from 1,000,1,704 to 1,000,1,065

2019-11-27 06:34:07 - [MESSAGE][PASSED] - mobile.mobileSwipe.UpDown is PASSED

2019-11-27 06:34:07 - [TEST_STEP][PASSED] - tap(findTestObject("Simulasi Kredit/Simulasi Kredit - Simulasi Kredit/SimulasiKredit_Inp Model"), 0): Tapped on element 'Object Repository/Simulasi Kredit/Simulasi Kredit - Simulasi Kredit/SimulasiKredit_Inp Model'

2019-11-27 06:34:07 - [MESSAGE][WARNING] - Timeout '0' is invalid. Using default page load timeout: '30'

2019-11-27 06:34:10 - [MESSAGE][PASSED] - Tapped on element 'Object Repository/Simulasi Kredit/Simulasi Kredit - Simulasi Kredit/SimulasiKredit_Inp Model'

2019-11-27 06:34:10 - [TEST_STEP][FAILED] - scrollToText(varModel, STOP_ON_FAILURE): Unable to scroll to text 'T:1300 XI M/T' (Root cause: org.openqa.selenium.NoSuchElementException: An element could not be located on the page using the given search parameters.
For documentation on this error, please visit: https://www.seleniumhq.org/exceptions/no_such_element.html
Build info: version: '3.141.59', revision: 'e82be7d358', time: '2018-11-14T08:25:53'
System info: host: 'FATITQC15420L', ip: '192.168.1.11', os.name: 'Windows 10', os.arch: 'amd64', os.version: '10.0', java.version: '1.8.0_181'
Driver info: com.kms.katalon.core.appium.driver.SwipeableAndroidDriver
Capabilities {app: C:\Users\15420\git\ACCME-Du..., appPackage: com.outsystemsenterprise.ac..., autoGrantPermissions: true, automationName: uiautomator2, databaseEnabled: false, desired: {app: C:\Users\15420\git\ACCME-Du..., autoGrantPermissions: true, automationName: uiautomator2, deviceId: , deviceName: samsung SM-A505F (Android 9), fullReset: false, newCommandTimeout: 1800, noReset: true, platform: ANDROID, platformName: android, platformVersion: 9, resetKeyboard: true, systemPort: 59176, udid: RR8M30NJT6T, unicodeKeyboard: true}, deviceApiLevel: 28, deviceId: , deviceManufacturer: samsung, deviceModel: SM-A505F, deviceName: RR8M30NJT6T, deviceScreenDensity: 420, deviceScreenSize: 1080x2340, deviceUDID: RR8M30NJT6T, fullReset: false, javascriptEnabled: true, locationContextEnabled: false, networkConnectionEnabled: true, newCommandTimeout: 1800, noReset: true, pixelRatio: 2.625, platform: ANDROID, platformName: Android, platformVersion: 9, resetKeyboard: true, statBarHeight: 83, systemPort: 59176, takesScreenshot: true, udid: RR8M30NJT6T, unicodeKeyboard: true, viewportRect: {height: 2048, left: 0, top: 83, width: 1080}, warnings: {}, webStorageEnabled: false}
Session ID: d573ba87-b5da-4dc9-9364-a8010af55981
*** Element info: {Using=-android uiautomator, value=new UiScrollable(new UiSelector().scrollable(true).instance(0)).scrollIntoView(new UiSelector().textContains("T:1300 XI M/T"))}
	at org.openqa.selenium.remote.http.W3CHttpResponseCodec.createException(W3CHttpResponseCodec.java:187)
	at org.openqa.selenium.remote.http.W3CHttpResponseCodec.decode(W3CHttpResponseCodec.java:122)
	at org.openqa.selenium.remote.http.W3CHttpResponseCodec.decode(W3CHttpResponseCodec.java:49)
	at org.openqa.selenium.remote.HttpCommandExecutor.execute(HttpCommandExecutor.java:158)
	at io.appium.java_client.remote.AppiumCommandExecutor.execute(AppiumCommandExecutor.java:239)
	at org.openqa.selenium.remote.RemoteWebDriver.execute(RemoteWebDriver.java:552)
	at io.appium.java_client.DefaultGenericMobileDriver.execute(DefaultGenericMobileDriver.java:42)
	at io.appium.java_client.AppiumDriver.execute(AppiumDriver.java:1)
	at io.appium.java_client.android.AndroidDriver.execute(AndroidDriver.java:1)
	at com.kms.katalon.core.appium.driver.SwipeableAndroidDriver.execute(SwipeableAndroidDriver.java:1)
	at org.openqa.selenium.remote.RemoteWebDriver.findElement(RemoteWebDriver.java:323)
	at io.appium.java_client.DefaultGenericMobileDriver.findElement(DefaultGenericMobileDriver.java:62)
	at io.appium.java_client.AppiumDriver.findElement(AppiumDriver.java:1)
	at io.appium.java_client.android.AndroidDriver.findElement(AndroidDriver.java:1)
	at com.kms.katalon.core.appium.driver.SwipeableAndroidDriver.findElement(SwipeableAndroidDriver.java:1)
	at io.appium.java_client.FindsByAndroidUIAutomator.findElementByAndroidUIAutomator(FindsByAndroidUIAutomator.java:38)
	at io.appium.java_client.FindsByAndroidUIAutomator$findElementByAndroidUIAutomator.call(Unknown Source)
	at com.kms.katalon.core.mobile.keyword.builtin.ScrollToTextKeyword$_scrollToText_closure1.doCall(ScrollToTextKeyword.groovy:62)
	at com.kms.katalon.core.mobile.keyword.builtin.ScrollToTextKeyword$_scrollToText_closure1.doCall(ScrollToTextKeyword.groovy)
	at com.kms.katalon.core.mobile.keyword.internal.MobileKeywordMain.runKeyword(MobileKeywordMain.groovy:21)
	at com.kms.katalon.core.mobile.keyword.internal.MobileKeywordMain$runKeyword.call(Unknown Source)
	at com.kms.katalon.core.mobile.keyword.builtin.ScrollToTextKeyword.scrollToText(ScrollToTextKeyword.groovy:85)
	at com.kms.katalon.core.mobile.keyword.builtin.ScrollToTextKeyword.execute(ScrollToTextKeyword.groovy:41)
	at com.kms.katalon.core.keyword.internal.KeywordExecutor.executeKeywordForPlatform(KeywordExecutor.groovy:60)
	at com.kms.katalon.core.mobile.keyword.MobileBuiltInKeywords.scrollToText(MobileBuiltInKeywords.groovy:888)
	at com.kms.katalon.core.mobile.keyword.MobileBuiltInKeywords$scrollToText$6.call(Unknown Source)
	at TC_Simulasi Kredit - MASTER FLOW.run(TC_Simulasi Kredit - MASTER FLOW:84)
	at com.kms.katalon.core.main.ScriptEngine.run(ScriptEngine.java:194)
	at com.kms.katalon.core.main.ScriptEngine.runScriptAsRawText(ScriptEngine.java:119)
	at com.kms.katalon.core.main.TestCaseExecutor.runScript(TestCaseExecutor.java:337)
	at com.kms.katalon.core.main.TestCaseExecutor.doExecute(TestCaseExecutor.java:328)
	at com.kms.katalon.core.main.TestCaseExecutor.processExecutionPhase(TestCaseExecutor.java:307)
	at com.kms.katalon.core.main.TestCaseExecutor.accessMainPhase(TestCaseExecutor.java:299)
	at com.kms.katalon.core.main.TestCaseExecutor.execute(TestCaseExecutor.java:233)
	at com.kms.katalon.core.main.TestCaseMain.runTestCase(TestCaseMain.java:114)
	at com.kms.katalon.core.keyword.builtin.CallTestCaseKeyword$_callTestCase_closure1.doCall(CallTestCaseKeyword.groovy:59)
	at com.kms.katalon.core.keyword.builtin.CallTestCaseKeyword$_callTestCase_closure1.call(CallTestCaseKeyword.groovy)
	at com.kms.katalon.core.keyword.internal.KeywordMain.runKeyword(KeywordMain.groovy:68)
	at com.kms.katalon.core.keyword.builtin.CallTestCaseKeyword.callTestCase(CallTestCaseKeyword.groovy:81)
	at com.kms.katalon.core.keyword.builtin.CallTestCaseKeyword.execute(CallTestCaseKeyword.groovy:44)
	at com.kms.katalon.core.keyword.internal.KeywordExecutor.executeKeywordForPlatform(KeywordExecutor.groovy:60)
	at com.kms.katalon.core.keyword.BuiltinKeywords.callTestCase(BuiltinKeywords.groovy:334)
	at TC_Data Entry.run(TC_Data Entry:21)
	at com.kms.katalon.core.main.ScriptEngine.run(ScriptEngine.java:194)
	at com.kms.katalon.core.main.ScriptEngine.runScriptAsRawText(ScriptEngine.java:119)
	at com.kms.katalon.core.main.TestCaseExecutor.runScript(TestCaseExecutor.java:337)
	at com.kms.katalon.core.main.TestCaseExecutor.doExecute(TestCaseExecutor.java:328)
	at com.kms.katalon.core.main.TestCaseExecutor.processExecutionPhase(TestCaseExecutor.java:307)
	at com.kms.katalon.core.main.TestCaseExecutor.accessMainPhase(TestCaseExecutor.java:299)
	at com.kms.katalon.core.main.TestCaseExecutor.execute(TestCaseExecutor.java:233)
	at com.kms.katalon.core.main.TestSuiteExecutor.accessTestCaseMainPhase(TestSuiteExecutor.java:169)
	at com.kms.katalon.core.main.TestSuiteExecutor.accessTestSuiteMainPhase(TestSuiteExecutor.java:142)
	at com.kms.katalon.core.main.TestSuiteExecutor.execute(TestSuiteExecutor.java:91)
	at com.kms.katalon.core.main.TestCaseMain.startTestSuite(TestCaseMain.java:157)
	at com.kms.katalon.core.main.TestCaseMain$startTestSuite$0.call(Unknown Source)
	at TempTestSuite1574807893706.run(TempTestSuite1574807893706.groovy:36)
)

2019-11-27 06:34:53 - [MESSAGE][FAILED] - Unable to scroll to text 'T:1300 XI M/T' (Root cause: org.openqa.selenium.NoSuchElementException: An element could not be located on the page using the given search parameters.
For documentation on this error, please visit: https://www.seleniumhq.org/exceptions/no_such_element.html
Build info: version: '3.141.59', revision: 'e82be7d358', time: '2018-11-14T08:25:53'
System info: host: 'FATITQC15420L', ip: '192.168.1.11', os.name: 'Windows 10', os.arch: 'amd64', os.version: '10.0', java.version: '1.8.0_181'
Driver info: com.kms.katalon.core.appium.driver.SwipeableAndroidDriver
Capabilities {app: C:\Users\15420\git\ACCME-Du..., appPackage: com.outsystemsenterprise.ac..., autoGrantPermissions: true, automationName: uiautomator2, databaseEnabled: false, desired: {app: C:\Users\15420\git\ACCME-Du..., autoGrantPermissions: true, automationName: uiautomator2, deviceId: , deviceName: samsung SM-A505F (Android 9), fullReset: false, newCommandTimeout: 1800, noReset: true, platform: ANDROID, platformName: android, platformVersion: 9, resetKeyboard: true, systemPort: 59176, udid: RR8M30NJT6T, unicodeKeyboard: true}, deviceApiLevel: 28, deviceId: , deviceManufacturer: samsung, deviceModel: SM-A505F, deviceName: RR8M30NJT6T, deviceScreenDensity: 420, deviceScreenSize: 1080x2340, deviceUDID: RR8M30NJT6T, fullReset: false, javascriptEnabled: true, locationContextEnabled: false, networkConnectionEnabled: true, newCommandTimeout: 1800, noReset: true, pixelRatio: 2.625, platform: ANDROID, platformName: Android, platformVersion: 9, resetKeyboard: true, statBarHeight: 83, systemPort: 59176, takesScreenshot: true, udid: RR8M30NJT6T, unicodeKeyboard: true, viewportRect: {height: 2048, left: 0, top: 83, width: 1080}, warnings: {}, webStorageEnabled: false}
Session ID: d573ba87-b5da-4dc9-9364-a8010af55981
*** Element info: {Using=-android uiautomator, value=new UiScrollable(new UiSelector().scrollable(true).instance(0)).scrollIntoView(new UiSelector().textContains("T:1300 XI M/T"))}
	at org.openqa.selenium.remote.http.W3CHttpResponseCodec.createException(W3CHttpResponseCodec.java:187)
	at org.openqa.selenium.remote.http.W3CHttpResponseCodec.decode(W3CHttpResponseCodec.java:122)
	at org.openqa.selenium.remote.http.W3CHttpResponseCodec.decode(W3CHttpResponseCodec.java:49)
	at org.openqa.selenium.remote.HttpCommandExecutor.execute(HttpCommandExecutor.java:158)
	at io.appium.java_client.remote.AppiumCommandExecutor.execute(AppiumCommandExecutor.java:239)
	at org.openqa.selenium.remote.RemoteWebDriver.execute(RemoteWebDriver.java:552)
	at io.appium.java_client.DefaultGenericMobileDriver.execute(DefaultGenericMobileDriver.java:42)
	at io.appium.java_client.AppiumDriver.execute(AppiumDriver.java:1)
	at io.appium.java_client.android.AndroidDriver.execute(AndroidDriver.java:1)
	at com.kms.katalon.core.appium.driver.SwipeableAndroidDriver.execute(SwipeableAndroidDriver.java:1)
	at org.openqa.selenium.remote.RemoteWebDriver.findElement(RemoteWebDriver.java:323)
	at io.appium.java_client.DefaultGenericMobileDriver.findElement(DefaultGenericMobileDriver.java:62)
	at io.appium.java_client.AppiumDriver.findElement(AppiumDriver.java:1)
	at io.appium.java_client.android.AndroidDriver.findElement(AndroidDriver.java:1)
	at com.kms.katalon.core.appium.driver.SwipeableAndroidDriver.findElement(SwipeableAndroidDriver.java:1)
	at io.appium.java_client.FindsByAndroidUIAutomator.findElementByAndroidUIAutomator(FindsByAndroidUIAutomator.java:38)
	at io.appium.java_client.FindsByAndroidUIAutomator$findElementByAndroidUIAutomator.call(Unknown Source)
	at com.kms.katalon.core.mobile.keyword.builtin.ScrollToTextKeyword$_scrollToText_closure1.doCall(ScrollToTextKeyword.groovy:62)
	at com.kms.katalon.core.mobile.keyword.builtin.ScrollToTextKeyword$_scrollToText_closure1.doCall(ScrollToTextKeyword.groovy)
	at com.kms.katalon.core.mobile.keyword.internal.MobileKeywordMain.runKeyword(MobileKeywordMain.groovy:21)
	at com.kms.katalon.core.mobile.keyword.internal.MobileKeywordMain$runKeyword.call(Unknown Source)
	at com.kms.katalon.core.mobile.keyword.builtin.ScrollToTextKeyword.scrollToText(ScrollToTextKeyword.groovy:85)
	at com.kms.katalon.core.mobile.keyword.builtin.ScrollToTextKeyword.execute(ScrollToTextKeyword.groovy:41)
	at com.kms.katalon.core.keyword.internal.KeywordExecutor.executeKeywordForPlatform(KeywordExecutor.groovy:60)
	at com.kms.katalon.core.mobile.keyword.MobileBuiltInKeywords.scrollToText(MobileBuiltInKeywords.groovy:888)
	at com.kms.katalon.core.mobile.keyword.MobileBuiltInKeywords$scrollToText$6.call(Unknown Source)
	at TC_Simulasi Kredit - MASTER FLOW.run(TC_Simulasi Kredit - MASTER FLOW:84)
	at com.kms.katalon.core.main.ScriptEngine.run(ScriptEngine.java:194)
	at com.kms.katalon.core.main.ScriptEngine.runScriptAsRawText(ScriptEngine.java:119)
	at com.kms.katalon.core.main.TestCaseExecutor.runScript(TestCaseExecutor.java:337)
	at com.kms.katalon.core.main.TestCaseExecutor.doExecute(TestCaseExecutor.java:328)
	at com.kms.katalon.core.main.TestCaseExecutor.processExecutionPhase(TestCaseExecutor.java:307)
	at com.kms.katalon.core.main.TestCaseExecutor.accessMainPhase(TestCaseExecutor.java:299)
	at com.kms.katalon.core.main.TestCaseExecutor.execute(TestCaseExecutor.java:233)
	at com.kms.katalon.core.main.TestCaseMain.runTestCase(TestCaseMain.java:114)
	at com.kms.katalon.core.keyword.builtin.CallTestCaseKeyword$_callTestCase_closure1.doCall(CallTestCaseKeyword.groovy:59)
	at com.kms.katalon.core.keyword.builtin.CallTestCaseKeyword$_callTestCase_closure1.call(CallTestCaseKeyword.groovy)
	at com.kms.katalon.core.keyword.internal.KeywordMain.runKeyword(KeywordMain.groovy:68)
	at com.kms.katalon.core.keyword.builtin.CallTestCaseKeyword.callTestCase(CallTestCaseKeyword.groovy:81)
	at com.kms.katalon.core.keyword.builtin.CallTestCaseKeyword.execute(CallTestCaseKeyword.groovy:44)
	at com.kms.katalon.core.keyword.internal.KeywordExecutor.executeKeywordForPlatform(KeywordExecutor.groovy:60)
	at com.kms.katalon.core.keyword.BuiltinKeywords.callTestCase(BuiltinKeywords.groovy:334)
	at TC_Data Entry.run(TC_Data Entry:21)
	at com.kms.katalon.core.main.ScriptEngine.run(ScriptEngine.java:194)
	at com.kms.katalon.core.main.ScriptEngine.runScriptAsRawText(ScriptEngine.java:119)
	at com.kms.katalon.core.main.TestCaseExecutor.runScript(TestCaseExecutor.java:337)
	at com.kms.katalon.core.main.TestCaseExecutor.doExecute(TestCaseExecutor.java:328)
	at com.kms.katalon.core.main.TestCaseExecutor.processExecutionPhase(TestCaseExecutor.java:307)
	at com.kms.katalon.core.main.TestCaseExecutor.accessMainPhase(TestCaseExecutor.java:299)
	at com.kms.katalon.core.main.TestCaseExecutor.execute(TestCaseExecutor.java:233)
	at com.kms.katalon.core.main.TestSuiteExecutor.accessTestCaseMainPhase(TestSuiteExecutor.java:169)
	at com.kms.katalon.core.main.TestSuiteExecutor.accessTestSuiteMainPhase(TestSuiteExecutor.java:142)
	at com.kms.katalon.core.main.TestSuiteExecutor.execute(TestSuiteExecutor.java:91)
	at com.kms.katalon.core.main.TestCaseMain.startTestSuite(TestCaseMain.java:157)
	at com.kms.katalon.core.main.TestCaseMain$startTestSuite$0.call(Unknown Source)
	at TempTestSuite1574807893706.run(TempTestSuite1574807893706.groovy:36)
)
[[ATTACHMENT|C:\\Users\\15420\\git\\ACCME-Dupcheck\\Reports\\20191127_053813\\data entry dupcek\\20191127_053813\\1574811291602.png]]

2019-11-27 06:34:53 - [MESSAGE][WARNING] - Unable to call Test Case 'Test Cases/Data Entry/Simulasi Kredit/Simulasi Kredit/MASTER FLOW/TC_Simulasi Kredit - MASTER FLOW' (Root cause: com.kms.katalon.core.exception.StepFailedException: Call Test Case 'Test Cases/Data Entry/Simulasi Kredit/Simulasi Kredit/MASTER FLOW/TC_Simulasi Kredit - MASTER FLOW' failed
	at com.kms.katalon.core.keyword.builtin.CallTestCaseKeyword$_callTestCase_closure1.doCall(CallTestCaseKeyword.groovy:63)
	at com.kms.katalon.core.keyword.builtin.CallTestCaseKeyword$_callTestCase_closure1.call(CallTestCaseKeyword.groovy)
	at com.kms.katalon.core.keyword.internal.KeywordMain.runKeyword(KeywordMain.groovy:68)
	at com.kms.katalon.core.keyword.builtin.CallTestCaseKeyword.callTestCase(CallTestCaseKeyword.groovy:81)
	at com.kms.katalon.core.keyword.builtin.CallTestCaseKeyword.execute(CallTestCaseKeyword.groovy:44)
	at com.kms.katalon.core.keyword.internal.KeywordExecutor.executeKeywordForPlatform(KeywordExecutor.groovy:60)
	at com.kms.katalon.core.keyword.BuiltinKeywords.callTestCase(BuiltinKeywords.groovy:334)
	at TC_Data Entry.run(TC_Data Entry:21)
	at com.kms.katalon.core.main.ScriptEngine.run(ScriptEngine.java:194)
	at com.kms.katalon.core.main.ScriptEngine.runScriptAsRawText(ScriptEngine.java:119)
	at com.kms.katalon.core.main.TestCaseExecutor.runScript(TestCaseExecutor.java:337)
	at com.kms.katalon.core.main.TestCaseExecutor.doExecute(TestCaseExecutor.java:328)
	at com.kms.katalon.core.main.TestCaseExecutor.processExecutionPhase(TestCaseExecutor.java:307)
	at com.kms.katalon.core.main.TestCaseExecutor.accessMainPhase(TestCaseExecutor.java:299)
	at com.kms.katalon.core.main.TestCaseExecutor.execute(TestCaseExecutor.java:233)
	at com.kms.katalon.core.main.TestSuiteExecutor.accessTestCaseMainPhase(TestSuiteExecutor.java:169)
	at com.kms.katalon.core.main.TestSuiteExecutor.accessTestSuiteMainPhase(TestSuiteExecutor.java:142)
	at com.kms.katalon.core.main.TestSuiteExecutor.execute(TestSuiteExecutor.java:91)
	at com.kms.katalon.core.main.TestCaseMain.startTestSuite(TestCaseMain.java:157)
	at com.kms.katalon.core.main.TestCaseMain$startTestSuite$0.call(Unknown Source)
	at TempTestSuite1574807893706.run(TempTestSuite1574807893706.groovy:36)
Caused by: com.kms.katalon.core.exception.StepFailedException: Unable to scroll to text 'T:1300 XI M/T' (Root cause: org.openqa.selenium.NoSuchElementException: An element could not be located on the page using the given search parameters.
For documentation on this error, please visit: https://www.seleniumhq.org/exceptions/no_such_element.html
Build info: version: '3.141.59', revision: 'e82be7d358', time: '2018-11-14T08:25:53'
System info: host: 'FATITQC15420L', ip: '192.168.1.11', os.name: 'Windows 10', os.arch: 'amd64', os.version: '10.0', java.version: '1.8.0_181'
Driver info: com.kms.katalon.core.appium.driver.SwipeableAndroidDriver
Capabilities {app: C:\Users\15420\git\ACCME-Du..., appPackage: com.outsystemsenterprise.ac..., autoGrantPermissions: true, automationName: uiautomator2, databaseEnabled: false, desired: {app: C:\Users\15420\git\ACCME-Du..., autoGrantPermissions: true, automationName: uiautomator2, deviceId: , deviceName: samsung SM-A505F (Android 9), fullReset: false, newCommandTimeout: 1800, noReset: true, platform: ANDROID, platformName: android, platformVersion: 9, resetKeyboard: true, systemPort: 59176, udid: RR8M30NJT6T, unicodeKeyboard: true}, deviceApiLevel: 28, deviceId: , deviceManufacturer: samsung, deviceModel: SM-A505F, deviceName: RR8M30NJT6T, deviceScreenDensity: 420, deviceScreenSize: 1080x2340, deviceUDID: RR8M30NJT6T, fullReset: false, javascriptEnabled: true, locationContextEnabled: false, networkConnectionEnabled: true, newCommandTimeout: 1800, noReset: true, pixelRatio: 2.625, platform: ANDROID, platformName: Android, platformVersion: 9, resetKeyboard: true, statBarHeight: 83, systemPort: 59176, takesScreenshot: true, udid: RR8M30NJT6T, unicodeKeyboard: true, viewportRect: {height: 2048, left: 0, top: 83, width: 1080}, warnings: {}, webStorageEnabled: false}
Session ID: d573ba87-b5da-4dc9-9364-a8010af55981
*** Element info: {Using=-android uiautomator, value=new UiScrollable(new UiSelector().scrollable(true).instance(0)).scrollIntoView(new UiSelector().textContains("T:1300 XI M/T"))}
	at org.openqa.selenium.remote.http.W3CHttpResponseCodec.createException(W3CHttpResponseCodec.java:187)
	at org.openqa.selenium.remote.http.W3CHttpResponseCodec.decode(W3CHttpResponseCodec.java:122)
	at org.openqa.selenium.remote.http.W3CHttpResponseCodec.decode(W3CHttpResponseCodec.java:49)
	at org.openqa.selenium.remote.HttpCommandExecutor.execute(HttpCommandExecutor.java:158)
	at io.appium.java_client.remote.AppiumCommandExecutor.execute(AppiumCommandExecutor.java:239)
	at org.openqa.selenium.remote.RemoteWebDriver.execute(RemoteWebDriver.java:552)
	at io.appium.java_client.DefaultGenericMobileDriver.execute(DefaultGenericMobileDriver.java:42)
	at io.appium.java_client.AppiumDriver.execute(AppiumDriver.java:1)
	at io.appium.java_client.android.AndroidDriver.execute(AndroidDriver.java:1)
	at com.kms.katalon.core.appium.driver.SwipeableAndroidDriver.execute(SwipeableAndroidDriver.java:1)
	at org.openqa.selenium.remote.RemoteWebDriver.findElement(RemoteWebDriver.java:323)
	at io.appium.java_client.DefaultGenericMobileDriver.findElement(DefaultGenericMobileDriver.java:62)
	at io.appium.java_client.AppiumDriver.findElement(AppiumDriver.java:1)
	at io.appium.java_client.android.AndroidDriver.findElement(AndroidDriver.java:1)
	at com.kms.katalon.core.appium.driver.SwipeableAndroidDriver.findElement(SwipeableAndroidDriver.java:1)
	at io.appium.java_client.FindsByAndroidUIAutomator.findElementByAndroidUIAutomator(FindsByAndroidUIAutomator.java:38)
	at io.appium.java_client.FindsByAndroidUIAutomator$findElementByAndroidUIAutomator.call(Unknown Source)
	at com.kms.katalon.core.mobile.keyword.builtin.ScrollToTextKeyword$_scrollToText_closure1.doCall(ScrollToTextKeyword.groovy:62)
	at com.kms.katalon.core.mobile.keyword.builtin.ScrollToTextKeyword$_scrollToText_closure1.doCall(ScrollToTextKeyword.groovy)
	at com.kms.katalon.core.mobile.keyword.internal.MobileKeywordMain.runKeyword(MobileKeywordMain.groovy:21)
	at com.kms.katalon.core.mobile.keyword.internal.MobileKeywordMain$runKeyword.call(Unknown Source)
	at com.kms.katalon.core.mobile.keyword.builtin.ScrollToTextKeyword.scrollToText(ScrollToTextKeyword.groovy:85)
	at com.kms.katalon.core.mobile.keyword.builtin.ScrollToTextKeyword.execute(ScrollToTextKeyword.groovy:41)
	at com.kms.katalon.core.keyword.internal.KeywordExecutor.executeKeywordForPlatform(KeywordExecutor.groovy:60)
	at com.kms.katalon.core.mobile.keyword.MobileBuiltInKeywords.scrollToText(MobileBuiltInKeywords.groovy:888)
	at com.kms.katalon.core.mobile.keyword.MobileBuiltInKeywords$scrollToText$6.call(Unknown Source)
	at TC_Simulasi Kredit - MASTER FLOW.run(TC_Simulasi Kredit - MASTER FLOW:84)
	at com.kms.katalon.core.main.ScriptEngine.run(ScriptEngine.java:194)
	at com.kms.katalon.core.main.ScriptEngine.runScriptAsRawText(ScriptEngine.java:119)
	at com.kms.katalon.core.main.TestCaseExecutor.runScript(TestCaseExecutor.java:337)
	at com.kms.katalon.core.main.TestCaseExecutor.doExecute(TestCaseExecutor.java:328)
	at com.kms.katalon.core.main.TestCaseExecutor.processExecutionPhase(TestCaseExecutor.java:307)
	at com.kms.katalon.core.main.TestCaseExecutor.accessMainPhase(TestCaseExecutor.java:299)
	at com.kms.katalon.core.main.TestCaseExecutor.execute(TestCaseExecutor.java:233)
	at com.kms.katalon.core.main.TestCaseMain.runTestCase(TestCaseMain.java:114)
	at com.kms.katalon.core.keyword.builtin.CallTestCaseKeyword$_callTestCase_closure1.doCall(CallTestCaseKeyword.groovy:59)
	at com.kms.katalon.core.keyword.builtin.CallTestCaseKeyword$_callTestCase_closure1.call(CallTestCaseKeyword.groovy)
	at com.kms.katalon.core.keyword.internal.KeywordMain.runKeyword(KeywordMain.groovy:68)
	at com.kms.katalon.core.keyword.builtin.CallTestCaseKeyword.callTestCase(CallTestCaseKeyword.groovy:81)
	at com.kms.katalon.core.keyword.builtin.CallTestCaseKeyword.execute(CallTestCaseKeyword.groovy:44)
	at com.kms.katalon.core.keyword.internal.KeywordExecutor.executeKeywordForPlatform(KeywordExecutor.groovy:60)
	at com.kms.katalon.core.keyword.BuiltinKeywords.callTestCase(BuiltinKeywords.groovy:334)
	at TC_Data Entry.run(TC_Data Entry:21)
	at com.kms.katalon.core.main.ScriptEngine.run(ScriptEngine.java:194)
	at com.kms.katalon.core.main.ScriptEngine.runScriptAsRawText(ScriptEngine.java:119)
	at com.kms.katalon.core.main.TestCaseExecutor.runScript(TestCaseExecutor.java:337)
	at com.kms.katalon.core.main.TestCaseExecutor.doExecute(TestCaseExecutor.java:328)
	at com.kms.katalon.core.main.TestCaseExecutor.processExecutionPhase(TestCaseExecutor.java:307)
	at com.kms.katalon.core.main.TestCaseExecutor.accessMainPhase(TestCaseExecutor.java:299)
	at com.kms.katalon.core.main.TestCaseExecutor.execute(TestCaseExecutor.java:233)
	at com.kms.katalon.core.main.TestSuiteExecutor.accessTestCaseMainPhase(TestSuiteExecutor.java:169)
	at com.kms.katalon.core.main.TestSuiteExecutor.accessTestSuiteMainPhase(TestSuiteExecutor.java:142)
	at com.kms.katalon.core.main.TestSuiteExecutor.execute(TestSuiteExecutor.java:91)
	at com.kms.katalon.core.main.TestCaseMain.startTestSuite(TestCaseMain.java:157)
	at com.kms.katalon.core.main.TestCaseMain$startTestSuite$0.call(Unknown Source)
	at TempTestSuite1574807893706.run(TempTestSuite1574807893706.groovy:36)
)
	at com.kms.katalon.core.keyword.internal.KeywordMain.stepFailed(KeywordMain.groovy:50)
	at com.kms.katalon.core.mobile.keyword.internal.MobileKeywordMain.stepFailed(MobileKeywordMain.groovy:40)
	at com.kms.katalon.core.mobile.keyword.internal.MobileKeywordMain.runKeyword(MobileKeywordMain.groovy:23)
	at com.kms.katalon.core.mobile.keyword.internal.MobileKeywordMain$runKeyword.call(Unknown Source)
	at com.kms.katalon.core.mobile.keyword.builtin.ScrollToTextKeyword.scrollToText(ScrollToTextKeyword.groovy:85)
	at com.kms.katalon.core.mobile.keyword.builtin.ScrollToTextKeyword.execute(ScrollToTextKeyword.groovy:41)
	at com.kms.katalon.core.keyword.internal.KeywordExecutor.executeKeywordForPlatform(KeywordExecutor.groovy:60)
	at com.kms.katalon.core.mobile.keyword.MobileBuiltInKeywords.scrollToText(MobileBuiltInKeywords.groovy:888)
	at com.kms.katalon.core.mobile.keyword.MobileBuiltInKeywords$scrollToText$6.call(Unknown Source)
	at TC_Simulasi Kredit - MASTER FLOW.run(TC_Simulasi Kredit - MASTER FLOW:84)
	at com.kms.katalon.core.main.ScriptEngine.run(ScriptEngine.java:194)
	at com.kms.katalon.core.main.ScriptEngine.runScriptAsRawText(ScriptEngine.java:119)
	at com.kms.katalon.core.main.TestCaseExecutor.runScript(TestCaseExecutor.java:337)
	at com.kms.katalon.core.main.TestCaseExecutor.doExecute(TestCaseExecutor.java:328)
	at com.kms.katalon.core.main.TestCaseExecutor.processExecutionPhase(TestCaseExecutor.java:307)
	at com.kms.katalon.core.main.TestCaseExecutor.accessMainPhase(TestCaseExecutor.java:299)
	at com.kms.katalon.core.main.TestCaseExecutor.execute(TestCaseExecutor.java:233)
	at com.kms.katalon.core.main.TestCaseMain.runTestCase(TestCaseMain.java:114)
	at com.kms.katalon.core.keyword.builtin.CallTestCaseKeyword$_callTestCase_closure1.doCall(CallTestCaseKeyword.groovy:59)
	... 20 more
Caused by: org.openqa.selenium.NoSuchElementException: An element could not be located on the page using the given search parameters.
For documentation on this error, please visit: https://www.seleniumhq.org/exceptions/no_such_element.html
Build info: version: '3.141.59', revision: 'e82be7d358', time: '2018-11-14T08:25:53'
System info: host: 'FATITQC15420L', ip: '192.168.1.11', os.name: 'Windows 10', os.arch: 'amd64', os.version: '10.0', java.version: '1.8.0_181'
Driver info: com.kms.katalon.core.appium.driver.SwipeableAndroidDriver
Capabilities {app: C:\Users\15420\git\ACCME-Du..., appPackage: com.outsystemsenterprise.ac..., autoGrantPermissions: true, automationName: uiautomator2, databaseEnabled: false, desired: {app: C:\Users\15420\git\ACCME-Du..., autoGrantPermissions: true, automationName: uiautomator2, deviceId: , deviceName: samsung SM-A505F (Android 9), fullReset: false, newCommandTimeout: 1800, noReset: true, platform: ANDROID, platformName: android, platformVersion: 9, resetKeyboard: true, systemPort: 59176, udid: RR8M30NJT6T, unicodeKeyboard: true}, deviceApiLevel: 28, deviceId: , deviceManufacturer: samsung, deviceModel: SM-A505F, deviceName: RR8M30NJT6T, deviceScreenDensity: 420, deviceScreenSize: 1080x2340, deviceUDID: RR8M30NJT6T, fullReset: false, javascriptEnabled: true, locationContextEnabled: false, networkConnectionEnabled: true, newCommandTimeout: 1800, noReset: true, pixelRatio: 2.625, platform: ANDROID, platformName: Android, platformVersion: 9, resetKeyboard: true, statBarHeight: 83, systemPort: 59176, takesScreenshot: true, udid: RR8M30NJT6T, unicodeKeyboard: true, viewportRect: {height: 2048, left: 0, top: 83, width: 1080}, warnings: {}, webStorageEnabled: false}
Session ID: d573ba87-b5da-4dc9-9364-a8010af55981
*** Element info: {Using=-android uiautomator, value=new UiScrollable(new UiSelector().scrollable(true).instance(0)).scrollIntoView(new UiSelector().textContains("T:1300 XI M/T"))}
	at org.openqa.selenium.remote.http.W3CHttpResponseCodec.createException(W3CHttpResponseCodec.java:187)
	at org.openqa.selenium.remote.http.W3CHttpResponseCodec.decode(W3CHttpResponseCodec.java:122)
	at org.openqa.selenium.remote.http.W3CHttpResponseCodec.decode(W3CHttpResponseCodec.java:49)
	at org.openqa.selenium.remote.HttpCommandExecutor.execute(HttpCommandExecutor.java:158)
	at io.appium.java_client.remote.AppiumCommandExecutor.execute(AppiumCommandExecutor.java:239)
	at org.openqa.selenium.remote.RemoteWebDriver.execute(RemoteWebDriver.java:552)
	at io.appium.java_client.DefaultGenericMobileDriver.execute(DefaultGenericMobileDriver.java:42)
	at io.appium.java_client.AppiumDriver.execute(AppiumDriver.java:1)
	at io.appium.java_client.android.AndroidDriver.execute(AndroidDriver.java:1)
	at com.kms.katalon.core.appium.driver.SwipeableAndroidDriver.execute(SwipeableAndroidDriver.java:1)
	at org.openqa.selenium.remote.RemoteWebDriver.findElement(RemoteWebDriver.java:323)
	at io.appium.java_client.DefaultGenericMobileDriver.findElement(DefaultGenericMobileDriver.java:62)
	at io.appium.java_client.AppiumDriver.findElement(AppiumDriver.java:1)
	at io.appium.java_client.android.AndroidDriver.findElement(AndroidDriver.java:1)
	at com.kms.katalon.core.appium.driver.SwipeableAndroidDriver.findElement(SwipeableAndroidDriver.java:1)
	at io.appium.java_client.FindsByAndroidUIAutomator.findElementByAndroidUIAutomator(FindsByAndroidUIAutomator.java:38)
	at io.appium.java_client.FindsByAndroidUIAutomator$findElementByAndroidUIAutomator.call(Unknown Source)
	at com.kms.katalon.core.mobile.keyword.builtin.ScrollToTextKeyword$_scrollToText_closure1.doCall(ScrollToTextKeyword.groovy:62)
	at com.kms.katalon.core.mobile.keyword.builtin.ScrollToTextKeyword$_scrollToText_closure1.doCall(ScrollToTextKeyword.groovy)
	at com.kms.katalon.core.mobile.keyword.internal.MobileKeywordMain.runKeyword(MobileKeywordMain.groovy:21)
	... 36 more
)

2019-11-27 06:34:53 - [TEST_STEP][FAILED] - callTestCase(findTestCase("Data Entry/Simulasi Kredit/Simulasi Kredit - Asuransi/MASTER FLOW/TC_Asuransi - MASTER FLOW"), ["varAsuransi":varAsuransi, "varKodeWilayah":varKodeWilayah], STOP_ON_FAILURE): Unable to call Test Case 'Test Cases/Data Entry/Simulasi Kredit/Simulasi Kredit - Asuransi/MASTER FLOW/TC_Asuransi - MASTER FLOW' (Root cause: com.kms.katalon.core.exception.StepFailedException: Call Test Case 'Test Cases/Data Entry/Simulasi Kredit/Simulasi Kredit - Asuransi/MASTER FLOW/TC_Asuransi - MASTER FLOW' failed
	at com.kms.katalon.core.keyword.builtin.CallTestCaseKeyword$_callTestCase_closure1.doCall(CallTestCaseKeyword.groovy:63)
	at com.kms.katalon.core.keyword.builtin.CallTestCaseKeyword$_callTestCase_closure1.call(CallTestCaseKeyword.groovy)
	at com.kms.katalon.core.keyword.internal.KeywordMain.runKeyword(KeywordMain.groovy:68)
	at com.kms.katalon.core.keyword.builtin.CallTestCaseKeyword.callTestCase(CallTestCaseKeyword.groovy:81)
	at com.kms.katalon.core.keyword.builtin.CallTestCaseKeyword.execute(CallTestCaseKeyword.groovy:44)
	at com.kms.katalon.core.keyword.internal.KeywordExecutor.executeKeywordForPlatform(KeywordExecutor.groovy:60)
	at com.kms.katalon.core.keyword.BuiltinKeywords.callTestCase(BuiltinKeywords.groovy:334)
	at TC_Data Entry.run(TC_Data Entry:26)
	at com.kms.katalon.core.main.ScriptEngine.run(ScriptEngine.java:194)
	at com.kms.katalon.core.main.ScriptEngine.runScriptAsRawText(ScriptEngine.java:119)
	at com.kms.katalon.core.main.TestCaseExecutor.runScript(TestCaseExecutor.java:337)
	at com.kms.katalon.core.main.TestCaseExecutor.doExecute(TestCaseExecutor.java:328)
	at com.kms.katalon.core.main.TestCaseExecutor.processExecutionPhase(TestCaseExecutor.java:307)
	at com.kms.katalon.core.main.TestCaseExecutor.accessMainPhase(TestCaseExecutor.java:299)
	at com.kms.katalon.core.main.TestCaseExecutor.execute(TestCaseExecutor.java:233)
	at com.kms.katalon.core.main.TestSuiteExecutor.accessTestCaseMainPhase(TestSuiteExecutor.java:169)
	at com.kms.katalon.core.main.TestSuiteExecutor.accessTestSuiteMainPhase(TestSuiteExecutor.java:142)
	at com.kms.katalon.core.main.TestSuiteExecutor.execute(TestSuiteExecutor.java:91)
	at com.kms.katalon.core.main.TestCaseMain.startTestSuite(TestCaseMain.java:157)
	at com.kms.katalon.core.main.TestCaseMain$startTestSuite$0.call(Unknown Source)
	at TempTestSuite1574807893706.run(TempTestSuite1574807893706.groovy:36)
Caused by: com.kms.katalon.core.exception.StepFailedException: Object Object Repository/Simulasi Kredit/Simulasi Kredit - Asuransi/Asuransi_Nama Asuransi not found
	at com.kms.katalon.core.keyword.internal.KeywordMain.stepFailed(KeywordMain.groovy:50)
	at com.kms.katalon.core.mobile.keyword.internal.MobileKeywordMain.stepFailed(MobileKeywordMain.groovy:40)
	at com.kms.katalon.core.mobile.keyword.builtin.TapKeyword$_tap_closure1.doCall(TapKeyword.groovy:79)
	at com.kms.katalon.core.mobile.keyword.builtin.TapKeyword$_tap_closure1.call(TapKeyword.groovy)
	at com.kms.katalon.core.mobile.keyword.internal.MobileKeywordMain.runKeyword(MobileKeywordMain.groovy:21)
	at com.kms.katalon.core.mobile.keyword.builtin.TapKeyword.tap(TapKeyword.groovy:86)
	at com.kms.katalon.core.mobile.keyword.builtin.TapKeyword.execute(TapKeyword.groovy:68)
	at com.kms.katalon.core.keyword.internal.KeywordExecutor.executeKeywordForPlatform(KeywordExecutor.groovy:60)
	at com.kms.katalon.core.mobile.keyword.MobileBuiltInKeywords.tap(MobileBuiltInKeywords.groovy:520)
	at com.kms.katalon.core.mobile.keyword.MobileBuiltInKeywords$tap$1.call(Unknown Source)
	at TC_Asuransi - MASTER FLOW.run(TC_Asuransi - MASTER FLOW:18)
	at com.kms.katalon.core.main.ScriptEngine.run(ScriptEngine.java:194)
	at com.kms.katalon.core.main.ScriptEngine.runScriptAsRawText(ScriptEngine.java:119)
	at com.kms.katalon.core.main.TestCaseExecutor.runScript(TestCaseExecutor.java:337)
	at com.kms.katalon.core.main.TestCaseExecutor.doExecute(TestCaseExecutor.java:328)
	at com.kms.katalon.core.main.TestCaseExecutor.processExecutionPhase(TestCaseExecutor.java:307)
	at com.kms.katalon.core.main.TestCaseExecutor.accessMainPhase(TestCaseExecutor.java:299)
	at com.kms.katalon.core.main.TestCaseExecutor.execute(TestCaseExecutor.java:233)
	at com.kms.katalon.core.main.TestCaseMain.runTestCase(TestCaseMain.java:114)
	at com.kms.katalon.core.keyword.builtin.CallTestCaseKeyword$_callTestCase_closure1.doCall(CallTestCaseKeyword.groovy:59)
	... 20 more
)

2019-11-27 06:34:53 - [TEST_CASE][FAILED] - Test Cases/Data Entry/Simulasi Kredit/Simulasi Kredit - Asuransi/MASTER FLOW/TC_Asuransi - MASTER FLOW: Test Cases/Data Entry/Simulasi Kredit/Simulasi Kredit - Asuransi/MASTER FLOW/TC_Asuransi - MASTER FLOW FAILED.
Reason:
com.kms.katalon.core.exception.StepFailedException: Object Object Repository/Simulasi Kredit/Simulasi Kredit - Asuransi/Asuransi_Nama Asuransi not found
	at com.kms.katalon.core.keyword.internal.KeywordMain.stepFailed(KeywordMain.groovy:50)
	at com.kms.katalon.core.mobile.keyword.internal.MobileKeywordMain.stepFailed(MobileKeywordMain.groovy:40)
	at com.kms.katalon.core.mobile.keyword.builtin.TapKeyword$_tap_closure1.doCall(TapKeyword.groovy:79)
	at com.kms.katalon.core.mobile.keyword.builtin.TapKeyword$_tap_closure1.call(TapKeyword.groovy)
	at com.kms.katalon.core.mobile.keyword.internal.MobileKeywordMain.runKeyword(MobileKeywordMain.groovy:21)
	at com.kms.katalon.core.mobile.keyword.builtin.TapKeyword.tap(TapKeyword.groovy:86)
	at com.kms.katalon.core.mobile.keyword.builtin.TapKeyword.execute(TapKeyword.groovy:68)
	at com.kms.katalon.core.keyword.internal.KeywordExecutor.executeKeywordForPlatform(KeywordExecutor.groovy:60)
	at com.kms.katalon.core.mobile.keyword.MobileBuiltInKeywords.tap(MobileBuiltInKeywords.groovy:520)
	at com.kms.katalon.core.mobile.keyword.MobileBuiltInKeywords$tap$1.call(Unknown Source)
	at TC_Asuransi - MASTER FLOW.run(TC_Asuransi - MASTER FLOW:18)
	at com.kms.katalon.core.main.ScriptEngine.run(ScriptEngine.java:194)
	at com.kms.katalon.core.main.ScriptEngine.runScriptAsRawText(ScriptEngine.java:119)
	at com.kms.katalon.core.main.TestCaseExecutor.runScript(TestCaseExecutor.java:337)
	at com.kms.katalon.core.main.TestCaseExecutor.doExecute(TestCaseExecutor.java:328)
	at com.kms.katalon.core.main.TestCaseExecutor.processExecutionPhase(TestCaseExecutor.java:307)
	at com.kms.katalon.core.main.TestCaseExecutor.accessMainPhase(TestCaseExecutor.java:299)
	at com.kms.katalon.core.main.TestCaseExecutor.execute(TestCaseExecutor.java:233)
	at com.kms.katalon.core.main.TestCaseMain.runTestCase(TestCaseMain.java:114)
	at com.kms.katalon.core.keyword.builtin.CallTestCaseKeyword$_callTestCase_closure1.doCall(CallTestCaseKeyword.groovy:59)
	at com.kms.katalon.core.keyword.builtin.CallTestCaseKeyword$_callTestCase_closure1.call(CallTestCaseKeyword.groovy)
	at com.kms.katalon.core.keyword.internal.KeywordMain.runKeyword(KeywordMain.groovy:68)
	at com.kms.katalon.core.keyword.builtin.CallTestCaseKeyword.callTestCase(CallTestCaseKeyword.groovy:81)
	at com.kms.katalon.core.keyword.builtin.CallTestCaseKeyword.execute(CallTestCaseKeyword.groovy:44)
	at com.kms.katalon.core.keyword.internal.KeywordExecutor.executeKeywordForPlatform(KeywordExecutor.groovy:60)
	at com.kms.katalon.core.keyword.BuiltinKeywords.callTestCase(BuiltinKeywords.groovy:334)
	at TC_Data Entry.run(TC_Data Entry:26)
	at com.kms.katalon.core.main.ScriptEngine.run(ScriptEngine.java:194)
	at com.kms.katalon.core.main.ScriptEngine.runScriptAsRawText(ScriptEngine.java:119)
	at com.kms.katalon.core.main.TestCaseExecutor.runScript(TestCaseExecutor.java:337)
	at com.kms.katalon.core.main.TestCaseExecutor.doExecute(TestCaseExecutor.java:328)
	at com.kms.katalon.core.main.TestCaseExecutor.processExecutionPhase(TestCaseExecutor.java:307)
	at com.kms.katalon.core.main.TestCaseExecutor.accessMainPhase(TestCaseExecutor.java:299)
	at com.kms.katalon.core.main.TestCaseExecutor.execute(TestCaseExecutor.java:233)
	at com.kms.katalon.core.main.TestSuiteExecutor.accessTestCaseMainPhase(TestSuiteExecutor.java:169)
	at com.kms.katalon.core.main.TestSuiteExecutor.accessTestSuiteMainPhase(TestSuiteExecutor.java:142)
	at com.kms.katalon.core.main.TestSuiteExecutor.execute(TestSuiteExecutor.java:91)
	at com.kms.katalon.core.main.TestCaseMain.startTestSuite(TestCaseMain.java:157)
	at com.kms.katalon.core.main.TestCaseMain$startTestSuite$0.call(Unknown Source)
	at TempTestSuite1574807893706.run(TempTestSuite1574807893706.groovy:36)


2019-11-27 06:34:53 - [TEST_STEP][PASSED] - delay(2, STOP_ON_FAILURE): Delayed 2 second(s)

2019-11-27 06:34:55 - [MESSAGE][PASSED] - Delayed 2 second(s)

2019-11-27 06:34:55 - [TEST_STEP][FAILED] - tap(findTestObject("Simulasi Kredit/Simulasi Kredit - Asuransi/Asuransi_Nama Asuransi"), 0): Failed to tap on element 'Object Repository/Simulasi Kredit/Simulasi Kredit - Asuransi/Asuransi_Nama Asuransi' (Root cause: com.kms.katalon.core.exception.StepFailedException: Object Object Repository/Simulasi Kredit/Simulasi Kredit - Asuransi/Asuransi_Nama Asuransi not found
	at com.kms.katalon.core.keyword.internal.KeywordMain.stepFailed(KeywordMain.groovy:50)
	at com.kms.katalon.core.mobile.keyword.internal.MobileKeywordMain.stepFailed(MobileKeywordMain.groovy:40)
	at com.kms.katalon.core.mobile.keyword.builtin.TapKeyword$_tap_closure1.doCall(TapKeyword.groovy:79)
	at com.kms.katalon.core.mobile.keyword.builtin.TapKeyword$_tap_closure1.call(TapKeyword.groovy)
	at com.kms.katalon.core.mobile.keyword.internal.MobileKeywordMain.runKeyword(MobileKeywordMain.groovy:21)
	at com.kms.katalon.core.mobile.keyword.builtin.TapKeyword.tap(TapKeyword.groovy:86)
	at com.kms.katalon.core.mobile.keyword.builtin.TapKeyword.execute(TapKeyword.groovy:68)
	at com.kms.katalon.core.keyword.internal.KeywordExecutor.executeKeywordForPlatform(KeywordExecutor.groovy:60)
	at com.kms.katalon.core.mobile.keyword.MobileBuiltInKeywords.tap(MobileBuiltInKeywords.groovy:520)
	at com.kms.katalon.core.mobile.keyword.MobileBuiltInKeywords$tap$1.call(Unknown Source)
	at TC_Asuransi - MASTER FLOW.run(TC_Asuransi - MASTER FLOW:18)
	at com.kms.katalon.core.main.ScriptEngine.run(ScriptEngine.java:194)
	at com.kms.katalon.core.main.ScriptEngine.runScriptAsRawText(ScriptEngine.java:119)
	at com.kms.katalon.core.main.TestCaseExecutor.runScript(TestCaseExecutor.java:337)
	at com.kms.katalon.core.main.TestCaseExecutor.doExecute(TestCaseExecutor.java:328)
	at com.kms.katalon.core.main.TestCaseExecutor.processExecutionPhase(TestCaseExecutor.java:307)
	at com.kms.katalon.core.main.TestCaseExecutor.accessMainPhase(TestCaseExecutor.java:299)
	at com.kms.katalon.core.main.TestCaseExecutor.execute(TestCaseExecutor.java:233)
	at com.kms.katalon.core.main.TestCaseMain.runTestCase(TestCaseMain.java:114)
	at com.kms.katalon.core.keyword.builtin.CallTestCaseKeyword$_callTestCase_closure1.doCall(CallTestCaseKeyword.groovy:59)
	at com.kms.katalon.core.keyword.builtin.CallTestCaseKeyword$_callTestCase_closure1.call(CallTestCaseKeyword.groovy)
	at com.kms.katalon.core.keyword.internal.KeywordMain.runKeyword(KeywordMain.groovy:68)
	at com.kms.katalon.core.keyword.builtin.CallTestCaseKeyword.callTestCase(CallTestCaseKeyword.groovy:81)
	at com.kms.katalon.core.keyword.builtin.CallTestCaseKeyword.execute(CallTestCaseKeyword.groovy:44)
	at com.kms.katalon.core.keyword.internal.KeywordExecutor.executeKeywordForPlatform(KeywordExecutor.groovy:60)
	at com.kms.katalon.core.keyword.BuiltinKeywords.callTestCase(BuiltinKeywords.groovy:334)
	at TC_Data Entry.run(TC_Data Entry:26)
	at com.kms.katalon.core.main.ScriptEngine.run(ScriptEngine.java:194)
	at com.kms.katalon.core.main.ScriptEngine.runScriptAsRawText(ScriptEngine.java:119)
	at com.kms.katalon.core.main.TestCaseExecutor.runScript(TestCaseExecutor.java:337)
	at com.kms.katalon.core.main.TestCaseExecutor.doExecute(TestCaseExecutor.java:328)
	at com.kms.katalon.core.main.TestCaseExecutor.processExecutionPhase(TestCaseExecutor.java:307)
	at com.kms.katalon.core.main.TestCaseExecutor.accessMainPhase(TestCaseExecutor.java:299)
	at com.kms.katalon.core.main.TestCaseExecutor.execute(TestCaseExecutor.java:233)
	at com.kms.katalon.core.main.TestSuiteExecutor.accessTestCaseMainPhase(TestSuiteExecutor.java:169)
	at com.kms.katalon.core.main.TestSuiteExecutor.accessTestSuiteMainPhase(TestSuiteExecutor.java:142)
	at com.kms.katalon.core.main.TestSuiteExecutor.execute(TestSuiteExecutor.java:91)
	at com.kms.katalon.core.main.TestCaseMain.startTestSuite(TestCaseMain.java:157)
	at com.kms.katalon.core.main.TestCaseMain$startTestSuite$0.call(Unknown Source)
	at TempTestSuite1574807893706.run(TempTestSuite1574807893706.groovy:36)
)

2019-11-27 06:34:55 - [MESSAGE][WARNING] - Timeout '0' is invalid. Using default page load timeout: '30'

2019-11-27 06:35:26 - [MESSAGE][FAILED] - Object Object Repository/Simulasi Kredit/Simulasi Kredit - Asuransi/Asuransi_Nama Asuransi not found
[[ATTACHMENT|C:\\Users\\15420\\git\\ACCME-Dupcheck\\Reports\\20191127_053813\\data entry dupcek\\20191127_053813\\1574811325411.png]]

2019-11-27 06:35:28 - [MESSAGE][FAILED] - Failed to tap on element 'Object Repository/Simulasi Kredit/Simulasi Kredit - Asuransi/Asuransi_Nama Asuransi' (Root cause: com.kms.katalon.core.exception.StepFailedException: Object Object Repository/Simulasi Kredit/Simulasi Kredit - Asuransi/Asuransi_Nama Asuransi not found
	at com.kms.katalon.core.keyword.internal.KeywordMain.stepFailed(KeywordMain.groovy:50)
	at com.kms.katalon.core.mobile.keyword.internal.MobileKeywordMain.stepFailed(MobileKeywordMain.groovy:40)
	at com.kms.katalon.core.mobile.keyword.builtin.TapKeyword$_tap_closure1.doCall(TapKeyword.groovy:79)
	at com.kms.katalon.core.mobile.keyword.builtin.TapKeyword$_tap_closure1.call(TapKeyword.groovy)
	at com.kms.katalon.core.mobile.keyword.internal.MobileKeywordMain.runKeyword(MobileKeywordMain.groovy:21)
	at com.kms.katalon.core.mobile.keyword.builtin.TapKeyword.tap(TapKeyword.groovy:86)
	at com.kms.katalon.core.mobile.keyword.builtin.TapKeyword.execute(TapKeyword.groovy:68)
	at com.kms.katalon.core.keyword.internal.KeywordExecutor.executeKeywordForPlatform(KeywordExecutor.groovy:60)
	at com.kms.katalon.core.mobile.keyword.MobileBuiltInKeywords.tap(MobileBuiltInKeywords.groovy:520)
	at com.kms.katalon.core.mobile.keyword.MobileBuiltInKeywords$tap$1.call(Unknown Source)
	at TC_Asuransi - MASTER FLOW.run(TC_Asuransi - MASTER FLOW:18)
	at com.kms.katalon.core.main.ScriptEngine.run(ScriptEngine.java:194)
	at com.kms.katalon.core.main.ScriptEngine.runScriptAsRawText(ScriptEngine.java:119)
	at com.kms.katalon.core.main.TestCaseExecutor.runScript(TestCaseExecutor.java:337)
	at com.kms.katalon.core.main.TestCaseExecutor.doExecute(TestCaseExecutor.java:328)
	at com.kms.katalon.core.main.TestCaseExecutor.processExecutionPhase(TestCaseExecutor.java:307)
	at com.kms.katalon.core.main.TestCaseExecutor.accessMainPhase(TestCaseExecutor.java:299)
	at com.kms.katalon.core.main.TestCaseExecutor.execute(TestCaseExecutor.java:233)
	at com.kms.katalon.core.main.TestCaseMain.runTestCase(TestCaseMain.java:114)
	at com.kms.katalon.core.keyword.builtin.CallTestCaseKeyword$_callTestCase_closure1.doCall(CallTestCaseKeyword.groovy:59)
	at com.kms.katalon.core.keyword.builtin.CallTestCaseKeyword$_callTestCase_closure1.call(CallTestCaseKeyword.groovy)
	at com.kms.katalon.core.keyword.internal.KeywordMain.runKeyword(KeywordMain.groovy:68)
	at com.kms.katalon.core.keyword.builtin.CallTestCaseKeyword.callTestCase(CallTestCaseKeyword.groovy:81)
	at com.kms.katalon.core.keyword.builtin.CallTestCaseKeyword.execute(CallTestCaseKeyword.groovy:44)
	at com.kms.katalon.core.keyword.internal.KeywordExecutor.executeKeywordForPlatform(KeywordExecutor.groovy:60)
	at com.kms.katalon.core.keyword.BuiltinKeywords.callTestCase(BuiltinKeywords.groovy:334)
	at TC_Data Entry.run(TC_Data Entry:26)
	at com.kms.katalon.core.main.ScriptEngine.run(ScriptEngine.java:194)
	at com.kms.katalon.core.main.ScriptEngine.runScriptAsRawText(ScriptEngine.java:119)
	at com.kms.katalon.core.main.TestCaseExecutor.runScript(TestCaseExecutor.java:337)
	at com.kms.katalon.core.main.TestCaseExecutor.doExecute(TestCaseExecutor.java:328)
	at com.kms.katalon.core.main.TestCaseExecutor.processExecutionPhase(TestCaseExecutor.java:307)
	at com.kms.katalon.core.main.TestCaseExecutor.accessMainPhase(TestCaseExecutor.java:299)
	at com.kms.katalon.core.main.TestCaseExecutor.execute(TestCaseExecutor.java:233)
	at com.kms.katalon.core.main.TestSuiteExecutor.accessTestCaseMainPhase(TestSuiteExecutor.java:169)
	at com.kms.katalon.core.main.TestSuiteExecutor.accessTestSuiteMainPhase(TestSuiteExecutor.java:142)
	at com.kms.katalon.core.main.TestSuiteExecutor.execute(TestSuiteExecutor.java:91)
	at com.kms.katalon.core.main.TestCaseMain.startTestSuite(TestCaseMain.java:157)
	at com.kms.katalon.core.main.TestCaseMain$startTestSuite$0.call(Unknown Source)
	at TempTestSuite1574807893706.run(TempTestSuite1574807893706.groovy:36)
)
[[ATTACHMENT|C:\\Users\\15420\\git\\ACCME-Dupcheck\\Reports\\20191127_053813\\data entry dupcek\\20191127_053813\\1574811326972.png]]

2019-11-27 06:35:28 - [MESSAGE][FAILED] - Unable to call Test Case 'Test Cases/Data Entry/Simulasi Kredit/Simulasi Kredit - Asuransi/MASTER FLOW/TC_Asuransi - MASTER FLOW' (Root cause: com.kms.katalon.core.exception.StepFailedException: Call Test Case 'Test Cases/Data Entry/Simulasi Kredit/Simulasi Kredit - Asuransi/MASTER FLOW/TC_Asuransi - MASTER FLOW' failed
	at com.kms.katalon.core.keyword.builtin.CallTestCaseKeyword$_callTestCase_closure1.doCall(CallTestCaseKeyword.groovy:63)
	at com.kms.katalon.core.keyword.builtin.CallTestCaseKeyword$_callTestCase_closure1.call(CallTestCaseKeyword.groovy)
	at com.kms.katalon.core.keyword.internal.KeywordMain.runKeyword(KeywordMain.groovy:68)
	at com.kms.katalon.core.keyword.builtin.CallTestCaseKeyword.callTestCase(CallTestCaseKeyword.groovy:81)
	at com.kms.katalon.core.keyword.builtin.CallTestCaseKeyword.execute(CallTestCaseKeyword.groovy:44)
	at com.kms.katalon.core.keyword.internal.KeywordExecutor.executeKeywordForPlatform(KeywordExecutor.groovy:60)
	at com.kms.katalon.core.keyword.BuiltinKeywords.callTestCase(BuiltinKeywords.groovy:334)
	at TC_Data Entry.run(TC_Data Entry:26)
	at com.kms.katalon.core.main.ScriptEngine.run(ScriptEngine.java:194)
	at com.kms.katalon.core.main.ScriptEngine.runScriptAsRawText(ScriptEngine.java:119)
	at com.kms.katalon.core.main.TestCaseExecutor.runScript(TestCaseExecutor.java:337)
	at com.kms.katalon.core.main.TestCaseExecutor.doExecute(TestCaseExecutor.java:328)
	at com.kms.katalon.core.main.TestCaseExecutor.processExecutionPhase(TestCaseExecutor.java:307)
	at com.kms.katalon.core.main.TestCaseExecutor.accessMainPhase(TestCaseExecutor.java:299)
	at com.kms.katalon.core.main.TestCaseExecutor.execute(TestCaseExecutor.java:233)
	at com.kms.katalon.core.main.TestSuiteExecutor.accessTestCaseMainPhase(TestSuiteExecutor.java:169)
	at com.kms.katalon.core.main.TestSuiteExecutor.accessTestSuiteMainPhase(TestSuiteExecutor.java:142)
	at com.kms.katalon.core.main.TestSuiteExecutor.execute(TestSuiteExecutor.java:91)
	at com.kms.katalon.core.main.TestCaseMain.startTestSuite(TestCaseMain.java:157)
	at com.kms.katalon.core.main.TestCaseMain$startTestSuite$0.call(Unknown Source)
	at TempTestSuite1574807893706.run(TempTestSuite1574807893706.groovy:36)
Caused by: com.kms.katalon.core.exception.StepFailedException: Object Object Repository/Simulasi Kredit/Simulasi Kredit - Asuransi/Asuransi_Nama Asuransi not found
	at com.kms.katalon.core.keyword.internal.KeywordMain.stepFailed(KeywordMain.groovy:50)
	at com.kms.katalon.core.mobile.keyword.internal.MobileKeywordMain.stepFailed(MobileKeywordMain.groovy:40)
	at com.kms.katalon.core.mobile.keyword.builtin.TapKeyword$_tap_closure1.doCall(TapKeyword.groovy:79)
	at com.kms.katalon.core.mobile.keyword.builtin.TapKeyword$_tap_closure1.call(TapKeyword.groovy)
	at com.kms.katalon.core.mobile.keyword.internal.MobileKeywordMain.runKeyword(MobileKeywordMain.groovy:21)
	at com.kms.katalon.core.mobile.keyword.builtin.TapKeyword.tap(TapKeyword.groovy:86)
	at com.kms.katalon.core.mobile.keyword.builtin.TapKeyword.execute(TapKeyword.groovy:68)
	at com.kms.katalon.core.keyword.internal.KeywordExecutor.executeKeywordForPlatform(KeywordExecutor.groovy:60)
	at com.kms.katalon.core.mobile.keyword.MobileBuiltInKeywords.tap(MobileBuiltInKeywords.groovy:520)
	at com.kms.katalon.core.mobile.keyword.MobileBuiltInKeywords$tap$1.call(Unknown Source)
	at TC_Asuransi - MASTER FLOW.run(TC_Asuransi - MASTER FLOW:18)
	at com.kms.katalon.core.main.ScriptEngine.run(ScriptEngine.java:194)
	at com.kms.katalon.core.main.ScriptEngine.runScriptAsRawText(ScriptEngine.java:119)
	at com.kms.katalon.core.main.TestCaseExecutor.runScript(TestCaseExecutor.java:337)
	at com.kms.katalon.core.main.TestCaseExecutor.doExecute(TestCaseExecutor.java:328)
	at com.kms.katalon.core.main.TestCaseExecutor.processExecutionPhase(TestCaseExecutor.java:307)
	at com.kms.katalon.core.main.TestCaseExecutor.accessMainPhase(TestCaseExecutor.java:299)
	at com.kms.katalon.core.main.TestCaseExecutor.execute(TestCaseExecutor.java:233)
	at com.kms.katalon.core.main.TestCaseMain.runTestCase(TestCaseMain.java:114)
	at com.kms.katalon.core.keyword.builtin.CallTestCaseKeyword$_callTestCase_closure1.doCall(CallTestCaseKeyword.groovy:59)
	... 20 more
)]]></system-out>
         <system-err><![CDATA[2019-11-27 06:32:54 - [TEST_CASE][FAILED] - Test Cases/Data Entry/TC_Data Entry: Test Cases/Data Entry/TC_Data Entry FAILED.
Reason:
com.kms.katalon.core.exception.StepFailedException: Call Test Case 'Test Cases/Data Entry/Simulasi Kredit/Simulasi Kredit - Asuransi/MASTER FLOW/TC_Asuransi - MASTER FLOW' failed
	at com.kms.katalon.core.keyword.builtin.CallTestCaseKeyword$_callTestCase_closure1.doCall(CallTestCaseKeyword.groovy:63)
	at com.kms.katalon.core.keyword.builtin.CallTestCaseKeyword$_callTestCase_closure1.call(CallTestCaseKeyword.groovy)
	at com.kms.katalon.core.keyword.internal.KeywordMain.runKeyword(KeywordMain.groovy:68)
	at com.kms.katalon.core.keyword.builtin.CallTestCaseKeyword.callTestCase(CallTestCaseKeyword.groovy:81)
	at com.kms.katalon.core.keyword.builtin.CallTestCaseKeyword.execute(CallTestCaseKeyword.groovy:44)
	at com.kms.katalon.core.keyword.internal.KeywordExecutor.executeKeywordForPlatform(KeywordExecutor.groovy:60)
	at com.kms.katalon.core.keyword.BuiltinKeywords.callTestCase(BuiltinKeywords.groovy:334)
	at TC_Data Entry.run(TC_Data Entry:26)
	at com.kms.katalon.core.main.ScriptEngine.run(ScriptEngine.java:194)
	at com.kms.katalon.core.main.ScriptEngine.runScriptAsRawText(ScriptEngine.java:119)
	at com.kms.katalon.core.main.TestCaseExecutor.runScript(TestCaseExecutor.java:337)
	at com.kms.katalon.core.main.TestCaseExecutor.doExecute(TestCaseExecutor.java:328)
	at com.kms.katalon.core.main.TestCaseExecutor.processExecutionPhase(TestCaseExecutor.java:307)
	at com.kms.katalon.core.main.TestCaseExecutor.accessMainPhase(TestCaseExecutor.java:299)
	at com.kms.katalon.core.main.TestCaseExecutor.execute(TestCaseExecutor.java:233)
	at com.kms.katalon.core.main.TestSuiteExecutor.accessTestCaseMainPhase(TestSuiteExecutor.java:169)
	at com.kms.katalon.core.main.TestSuiteExecutor.accessTestSuiteMainPhase(TestSuiteExecutor.java:142)
	at com.kms.katalon.core.main.TestSuiteExecutor.execute(TestSuiteExecutor.java:91)
	at com.kms.katalon.core.main.TestCaseMain.startTestSuite(TestCaseMain.java:157)
	at com.kms.katalon.core.main.TestCaseMain$startTestSuite$0.call(Unknown Source)
	at TempTestSuite1574807893706.run(TempTestSuite1574807893706.groovy:36)
Caused by: com.kms.katalon.core.exception.StepFailedException: Object Object Repository/Simulasi Kredit/Simulasi Kredit - Asuransi/Asuransi_Nama Asuransi not found
	at com.kms.katalon.core.keyword.internal.KeywordMain.stepFailed(KeywordMain.groovy:50)
	at com.kms.katalon.core.mobile.keyword.internal.MobileKeywordMain.stepFailed(MobileKeywordMain.groovy:40)
	at com.kms.katalon.core.mobile.keyword.builtin.TapKeyword$_tap_closure1.doCall(TapKeyword.groovy:79)
	at com.kms.katalon.core.mobile.keyword.builtin.TapKeyword$_tap_closure1.call(TapKeyword.groovy)
	at com.kms.katalon.core.mobile.keyword.internal.MobileKeywordMain.runKeyword(MobileKeywordMain.groovy:21)
	at com.kms.katalon.core.mobile.keyword.builtin.TapKeyword.tap(TapKeyword.groovy:86)
	at com.kms.katalon.core.mobile.keyword.builtin.TapKeyword.execute(TapKeyword.groovy:68)
	at com.kms.katalon.core.keyword.internal.KeywordExecutor.executeKeywordForPlatform(KeywordExecutor.groovy:60)
	at com.kms.katalon.core.mobile.keyword.MobileBuiltInKeywords.tap(MobileBuiltInKeywords.groovy:520)
	at com.kms.katalon.core.mobile.keyword.MobileBuiltInKeywords$tap$1.call(Unknown Source)
	at TC_Asuransi - MASTER FLOW.run(TC_Asuransi - MASTER FLOW:18)
	at com.kms.katalon.core.main.ScriptEngine.run(ScriptEngine.java:194)
	at com.kms.katalon.core.main.ScriptEngine.runScriptAsRawText(ScriptEngine.java:119)
	at com.kms.katalon.core.main.TestCaseExecutor.runScript(TestCaseExecutor.java:337)
	at com.kms.katalon.core.main.TestCaseExecutor.doExecute(TestCaseExecutor.java:328)
	at com.kms.katalon.core.main.TestCaseExecutor.processExecutionPhase(TestCaseExecutor.java:307)
	at com.kms.katalon.core.main.TestCaseExecutor.accessMainPhase(TestCaseExecutor.java:299)
	at com.kms.katalon.core.main.TestCaseExecutor.execute(TestCaseExecutor.java:233)
	at com.kms.katalon.core.main.TestCaseMain.runTestCase(TestCaseMain.java:114)
	at com.kms.katalon.core.keyword.builtin.CallTestCaseKeyword$_callTestCase_closure1.doCall(CallTestCaseKeyword.groovy:59)
	... 20 more]]></system-err>
      </testcase>
      <system-out><![CDATA[2019-11-27 05:38:19 - [TEST_SUITE][FAILED] - data entry dupcek: Test Cases/Data Entry/TC_Data Entry FAILED.
Reason:
com.kms.katalon.core.exception.StepFailedException: Call Test Case 'Test Cases/Data Entry/Borrower/Flow Borrower' failed
	at com.kms.katalon.core.keyword.builtin.CallTestCaseKeyword$_callTestCase_closure1.doCall(CallTestCaseKeyword.groovy:63)
	at com.kms.katalon.core.keyword.builtin.CallTestCaseKeyword$_callTestCase_closure1.call(CallTestCaseKeyword.groovy)
	at com.kms.katalon.core.keyword.internal.KeywordMain.runKeyword(KeywordMain.groovy:68)
	at com.kms.katalon.core.keyword.builtin.CallTestCaseKeyword.callTestCase(CallTestCaseKeyword.groovy:81)
	at com.kms.katalon.core.keyword.builtin.CallTestCaseKeyword.execute(CallTestCaseKeyword.groovy:44)
	at com.kms.katalon.core.keyword.internal.KeywordExecutor.executeKeywordForPlatform(KeywordExecutor.groovy:60)
	at com.kms.katalon.core.keyword.BuiltinKeywords.callTestCase(BuiltinKeywords.groovy:334)
	at TC_Data Entry.run(TC_Data Entry:42)
	at com.kms.katalon.core.main.ScriptEngine.run(ScriptEngine.java:194)
	at com.kms.katalon.core.main.ScriptEngine.runScriptAsRawText(ScriptEngine.java:119)
	at com.kms.katalon.core.main.TestCaseExecutor.runScript(TestCaseExecutor.java:337)
	at com.kms.katalon.core.main.TestCaseExecutor.doExecute(TestCaseExecutor.java:328)
	at com.kms.katalon.core.main.TestCaseExecutor.processExecutionPhase(TestCaseExecutor.java:307)
	at com.kms.katalon.core.main.TestCaseExecutor.accessMainPhase(TestCaseExecutor.java:299)
	at com.kms.katalon.core.main.TestCaseExecutor.execute(TestCaseExecutor.java:233)
	at com.kms.katalon.core.main.TestSuiteExecutor.accessTestCaseMainPhase(TestSuiteExecutor.java:169)
	at com.kms.katalon.core.main.TestSuiteExecutor.accessTestSuiteMainPhase(TestSuiteExecutor.java:142)
	at com.kms.katalon.core.main.TestSuiteExecutor.execute(TestSuiteExecutor.java:91)
	at com.kms.katalon.core.main.TestCaseMain.startTestSuite(TestCaseMain.java:157)
	at com.kms.katalon.core.main.TestCaseMain$startTestSuite$0.call(Unknown Source)
	at TempTestSuite1574807893706.run(TempTestSuite1574807893706.groovy:36)
Caused by: com.kms.katalon.core.exception.StepFailedException: Call Test Case 'Test Cases/Data Entry/Borrower/Borrower - Identitas/MASTER FLOW/TC_Borrower - Identitas - MASTER FLOW' failed
	at com.kms.katalon.core.keyword.builtin.CallTestCaseKeyword$_callTestCase_closure1.doCall(CallTestCaseKeyword.groovy:63)
	at com.kms.katalon.core.keyword.builtin.CallTestCaseKeyword$_callTestCase_closure1.call(CallTestCaseKeyword.groovy)
	at com.kms.katalon.core.keyword.internal.KeywordMain.runKeyword(KeywordMain.groovy:68)
	at com.kms.katalon.core.keyword.builtin.CallTestCaseKeyword.callTestCase(CallTestCaseKeyword.groovy:81)
	at com.kms.katalon.core.keyword.builtin.CallTestCaseKeyword.execute(CallTestCaseKeyword.groovy:44)
	at com.kms.katalon.core.keyword.internal.KeywordExecutor.executeKeywordForPlatform(KeywordExecutor.groovy:60)
	at com.kms.katalon.core.keyword.BuiltinKeywords.callTestCase(BuiltinKeywords.groovy:334)
	at Flow Borrower.run(Flow Borrower:16)
	at com.kms.katalon.core.main.ScriptEngine.run(ScriptEngine.java:194)
	at com.kms.katalon.core.main.ScriptEngine.runScriptAsRawText(ScriptEngine.java:119)
	at com.kms.katalon.core.main.TestCaseExecutor.runScript(TestCaseExecutor.java:337)
	at com.kms.katalon.core.main.TestCaseExecutor.doExecute(TestCaseExecutor.java:328)
	at com.kms.katalon.core.main.TestCaseExecutor.processExecutionPhase(TestCaseExecutor.java:307)
	at com.kms.katalon.core.main.TestCaseExecutor.accessMainPhase(TestCaseExecutor.java:299)
	at com.kms.katalon.core.main.TestCaseExecutor.execute(TestCaseExecutor.java:233)
	at com.kms.katalon.core.main.TestCaseMain.runTestCase(TestCaseMain.java:114)
	at com.kms.katalon.core.keyword.builtin.CallTestCaseKeyword$_callTestCase_closure1.doCall(CallTestCaseKeyword.groovy:59)
	... 20 more
Caused by: com.kms.katalon.core.exception.StepFailedException: Object Object Repository/Borrower/Borrower - Identitas/Borrower_BtnCheckBox not found
	at com.kms.katalon.core.keyword.internal.KeywordMain.stepFailed(KeywordMain.groovy:50)
	at com.kms.katalon.core.mobile.keyword.internal.MobileKeywordMain.stepFailed(MobileKeywordMain.groovy:40)
	at com.kms.katalon.core.mobile.keyword.builtin.TapKeyword$_tap_closure1.doCall(TapKeyword.groovy:79)
	at com.kms.katalon.core.mobile.keyword.builtin.TapKeyword$_tap_closure1.call(TapKeyword.groovy)
	at com.kms.katalon.core.mobile.keyword.internal.MobileKeywordMain.runKeyword(MobileKeywordMain.groovy:21)
	at com.kms.katalon.core.mobile.keyword.builtin.TapKeyword.tap(TapKeyword.groovy:86)
	at com.kms.katalon.core.mobile.keyword.builtin.TapKeyword.execute(TapKeyword.groovy:68)
	at com.kms.katalon.core.keyword.internal.KeywordExecutor.executeKeywordForPlatform(KeywordExecutor.groovy:60)
	at com.kms.katalon.core.mobile.keyword.MobileBuiltInKeywords.tap(MobileBuiltInKeywords.groovy:520)
	at com.kms.katalon.core.mobile.keyword.MobileBuiltInKeywords$tap$1.call(Unknown Source)
	at TC_Borrower - Identitas - MASTER FLOW.run(TC_Borrower - Identitas - MASTER FLOW:52)
	at com.kms.katalon.core.main.ScriptEngine.run(ScriptEngine.java:194)
	at com.kms.katalon.core.main.ScriptEngine.runScriptAsRawText(ScriptEngine.java:119)
	at com.kms.katalon.core.main.TestCaseExecutor.runScript(TestCaseExecutor.java:337)
	at com.kms.katalon.core.main.TestCaseExecutor.doExecute(TestCaseExecutor.java:328)
	at com.kms.katalon.core.main.TestCaseExecutor.processExecutionPhase(TestCaseExecutor.java:307)
	at com.kms.katalon.core.main.TestCaseExecutor.accessMainPhase(TestCaseExecutor.java:299)
	at com.kms.katalon.core.main.TestCaseExecutor.execute(TestCaseExecutor.java:233)
	at com.kms.katalon.core.main.TestCaseMain.runTestCase(TestCaseMain.java:114)
	at com.kms.katalon.core.keyword.builtin.CallTestCaseKeyword$_callTestCase_closure1.doCall(CallTestCaseKeyword.groovy:59)
	... 36 more]]></system-out>
      <system-err><![CDATA[2019-11-27 05:38:19 - [TEST_SUITE][FAILED] - data entry dupcek: Test Cases/Data Entry/TC_Data Entry FAILED.
Reason:
com.kms.katalon.core.exception.StepFailedException: Call Test Case 'Test Cases/Data Entry/Borrower/Flow Borrower' failed
	at com.kms.katalon.core.keyword.builtin.CallTestCaseKeyword$_callTestCase_closure1.doCall(CallTestCaseKeyword.groovy:63)
	at com.kms.katalon.core.keyword.builtin.CallTestCaseKeyword$_callTestCase_closure1.call(CallTestCaseKeyword.groovy)
	at com.kms.katalon.core.keyword.internal.KeywordMain.runKeyword(KeywordMain.groovy:68)
	at com.kms.katalon.core.keyword.builtin.CallTestCaseKeyword.callTestCase(CallTestCaseKeyword.groovy:81)
	at com.kms.katalon.core.keyword.builtin.CallTestCaseKeyword.execute(CallTestCaseKeyword.groovy:44)
	at com.kms.katalon.core.keyword.internal.KeywordExecutor.executeKeywordForPlatform(KeywordExecutor.groovy:60)
	at com.kms.katalon.core.keyword.BuiltinKeywords.callTestCase(BuiltinKeywords.groovy:334)
	at TC_Data Entry.run(TC_Data Entry:42)
	at com.kms.katalon.core.main.ScriptEngine.run(ScriptEngine.java:194)
	at com.kms.katalon.core.main.ScriptEngine.runScriptAsRawText(ScriptEngine.java:119)
	at com.kms.katalon.core.main.TestCaseExecutor.runScript(TestCaseExecutor.java:337)
	at com.kms.katalon.core.main.TestCaseExecutor.doExecute(TestCaseExecutor.java:328)
	at com.kms.katalon.core.main.TestCaseExecutor.processExecutionPhase(TestCaseExecutor.java:307)
	at com.kms.katalon.core.main.TestCaseExecutor.accessMainPhase(TestCaseExecutor.java:299)
	at com.kms.katalon.core.main.TestCaseExecutor.execute(TestCaseExecutor.java:233)
	at com.kms.katalon.core.main.TestSuiteExecutor.accessTestCaseMainPhase(TestSuiteExecutor.java:169)
	at com.kms.katalon.core.main.TestSuiteExecutor.accessTestSuiteMainPhase(TestSuiteExecutor.java:142)
	at com.kms.katalon.core.main.TestSuiteExecutor.execute(TestSuiteExecutor.java:91)
	at com.kms.katalon.core.main.TestCaseMain.startTestSuite(TestCaseMain.java:157)
	at com.kms.katalon.core.main.TestCaseMain$startTestSuite$0.call(Unknown Source)
	at TempTestSuite1574807893706.run(TempTestSuite1574807893706.groovy:36)
Caused by: com.kms.katalon.core.exception.StepFailedException: Call Test Case 'Test Cases/Data Entry/Borrower/Borrower - Identitas/MASTER FLOW/TC_Borrower - Identitas - MASTER FLOW' failed
	at com.kms.katalon.core.keyword.builtin.CallTestCaseKeyword$_callTestCase_closure1.doCall(CallTestCaseKeyword.groovy:63)
	at com.kms.katalon.core.keyword.builtin.CallTestCaseKeyword$_callTestCase_closure1.call(CallTestCaseKeyword.groovy)
	at com.kms.katalon.core.keyword.internal.KeywordMain.runKeyword(KeywordMain.groovy:68)
	at com.kms.katalon.core.keyword.builtin.CallTestCaseKeyword.callTestCase(CallTestCaseKeyword.groovy:81)
	at com.kms.katalon.core.keyword.builtin.CallTestCaseKeyword.execute(CallTestCaseKeyword.groovy:44)
	at com.kms.katalon.core.keyword.internal.KeywordExecutor.executeKeywordForPlatform(KeywordExecutor.groovy:60)
	at com.kms.katalon.core.keyword.BuiltinKeywords.callTestCase(BuiltinKeywords.groovy:334)
	at Flow Borrower.run(Flow Borrower:16)
	at com.kms.katalon.core.main.ScriptEngine.run(ScriptEngine.java:194)
	at com.kms.katalon.core.main.ScriptEngine.runScriptAsRawText(ScriptEngine.java:119)
	at com.kms.katalon.core.main.TestCaseExecutor.runScript(TestCaseExecutor.java:337)
	at com.kms.katalon.core.main.TestCaseExecutor.doExecute(TestCaseExecutor.java:328)
	at com.kms.katalon.core.main.TestCaseExecutor.processExecutionPhase(TestCaseExecutor.java:307)
	at com.kms.katalon.core.main.TestCaseExecutor.accessMainPhase(TestCaseExecutor.java:299)
	at com.kms.katalon.core.main.TestCaseExecutor.execute(TestCaseExecutor.java:233)
	at com.kms.katalon.core.main.TestCaseMain.runTestCase(TestCaseMain.java:114)
	at com.kms.katalon.core.keyword.builtin.CallTestCaseKeyword$_callTestCase_closure1.doCall(CallTestCaseKeyword.groovy:59)
	... 20 more
Caused by: com.kms.katalon.core.exception.StepFailedException: Object Object Repository/Borrower/Borrower - Identitas/Borrower_BtnCheckBox not found
	at com.kms.katalon.core.keyword.internal.KeywordMain.stepFailed(KeywordMain.groovy:50)
	at com.kms.katalon.core.mobile.keyword.internal.MobileKeywordMain.stepFailed(MobileKeywordMain.groovy:40)
	at com.kms.katalon.core.mobile.keyword.builtin.TapKeyword$_tap_closure1.doCall(TapKeyword.groovy:79)
	at com.kms.katalon.core.mobile.keyword.builtin.TapKeyword$_tap_closure1.call(TapKeyword.groovy)
	at com.kms.katalon.core.mobile.keyword.internal.MobileKeywordMain.runKeyword(MobileKeywordMain.groovy:21)
	at com.kms.katalon.core.mobile.keyword.builtin.TapKeyword.tap(TapKeyword.groovy:86)
	at com.kms.katalon.core.mobile.keyword.builtin.TapKeyword.execute(TapKeyword.groovy:68)
	at com.kms.katalon.core.keyword.internal.KeywordExecutor.executeKeywordForPlatform(KeywordExecutor.groovy:60)
	at com.kms.katalon.core.mobile.keyword.MobileBuiltInKeywords.tap(MobileBuiltInKeywords.groovy:520)
	at com.kms.katalon.core.mobile.keyword.MobileBuiltInKeywords$tap$1.call(Unknown Source)
	at TC_Borrower - Identitas - MASTER FLOW.run(TC_Borrower - Identitas - MASTER FLOW:52)
	at com.kms.katalon.core.main.ScriptEngine.run(ScriptEngine.java:194)
	at com.kms.katalon.core.main.ScriptEngine.runScriptAsRawText(ScriptEngine.java:119)
	at com.kms.katalon.core.main.TestCaseExecutor.runScript(TestCaseExecutor.java:337)
	at com.kms.katalon.core.main.TestCaseExecutor.doExecute(TestCaseExecutor.java:328)
	at com.kms.katalon.core.main.TestCaseExecutor.processExecutionPhase(TestCaseExecutor.java:307)
	at com.kms.katalon.core.main.TestCaseExecutor.accessMainPhase(TestCaseExecutor.java:299)
	at com.kms.katalon.core.main.TestCaseExecutor.execute(TestCaseExecutor.java:233)
	at com.kms.katalon.core.main.TestCaseMain.runTestCase(TestCaseMain.java:114)
	at com.kms.katalon.core.keyword.builtin.CallTestCaseKeyword$_callTestCase_closure1.doCall(CallTestCaseKeyword.groovy:59)
	... 36 more]]></system-err>
   </testsuite>
</testsuites>
