<?xml version="1.0" encoding="UTF-8"?>
<testsuites name="data entry dupcek" time="2460.544" tests="5" failures="5" errors="0">
   <testsuite name="data entry dupcek" tests="5" failures="5" errors="0" time="2460.544" timestamp="2019-11-27 10:37:34" hostname="15420 - 10.7.8.181" id="Test Suites/data entry dupcek">
      <properties>
         <property name="deviceName" value="samsung SM-A505F (Android 9)"/>
         <property name="devicePlatform" value=""/>
         <property name="logFolder" value="C:\\Users\\15420\\git\\ACCME-Dupcheck\\Reports\\20191127_103728\\data entry dupcek\\20191127_103728"/>
         <property name="logFiles" value="C:\\Users\\15420\\git\\ACCME-Dupcheck\\Reports\\20191127_103728\\data entry dupcek\\20191127_103728\\appium.log, C:\\Users\\15420\\git\\ACCME-Dupcheck\\Reports\\20191127_103728\\data entry dupcek\\20191127_103728\\execution0.log"/>
         <property name="attachments" value="C:\\Users\\15420\\git\\ACCME-Dupcheck\\Reports\\20191127_103728\\data entry dupcek\\20191127_103728\\1574826172379.png, C:\\Users\\15420\\git\\ACCME-Dupcheck\\Reports\\20191127_103728\\data entry dupcek\\20191127_103728\\1574826509319.png, C:\\Users\\15420\\git\\ACCME-Dupcheck\\Reports\\20191127_103728\\data entry dupcek\\20191127_103728\\1574826541640.png, C:\\Users\\15420\\git\\ACCME-Dupcheck\\Reports\\20191127_103728\\data entry dupcek\\20191127_103728\\1574826543331.png, C:\\Users\\15420\\git\\ACCME-Dupcheck\\Reports\\20191127_103728\\data entry dupcek\\20191127_103728\\1574826665184.png, C:\\Users\\15420\\git\\ACCME-Dupcheck\\Reports\\20191127_103728\\data entry dupcek\\20191127_103728\\1574826699093.png, C:\\Users\\15420\\git\\ACCME-Dupcheck\\Reports\\20191127_103728\\data entry dupcek\\20191127_103728\\1574826700792.png, C:\\Users\\15420\\git\\ACCME-Dupcheck\\Reports\\20191127_103728\\data entry dupcek\\20191127_103728\\1574827011672.png, C:\\Users\\15420\\git\\ACCME-Dupcheck\\Reports\\20191127_103728\\data entry dupcek\\20191127_103728\\1574827245600.png, C:\\Users\\15420\\git\\ACCME-Dupcheck\\Reports\\20191127_103728\\data entry dupcek\\20191127_103728\\1574827277715.png, C:\\Users\\15420\\git\\ACCME-Dupcheck\\Reports\\20191127_103728\\data entry dupcek\\20191127_103728\\1574827279391.png, C:\\Users\\15420\\git\\ACCME-Dupcheck\\Reports\\20191127_103728\\data entry dupcek\\20191127_103728\\1574827593520.png, C:\\Users\\15420\\git\\ACCME-Dupcheck\\Reports\\20191127_103728\\data entry dupcek\\20191127_103728\\1574827916453.png, C:\\Users\\15420\\git\\ACCME-Dupcheck\\Reports\\20191127_103728\\data entry dupcek\\20191127_103728\\1574828275977.png, C:\\Users\\15420\\git\\ACCME-Dupcheck\\Reports\\20191127_103728\\data entry dupcek\\20191127_103728\\1574828307834.png, C:\\Users\\15420\\git\\ACCME-Dupcheck\\Reports\\20191127_103728\\data entry dupcek\\20191127_103728\\1574828309450.png"/>
         <property name="hostName" value="15420 - 10.7.8.181"/>
         <property name="os" value="Windows 10 64bit"/>
         <property name="appiumServerStatus" value="{\&quot;status\&quot;:0,\&quot;value\&quot;:{\&quot;build\&quot;:{\&quot;version\&quot;:\&quot;1.12.1\&quot;}},\&quot;sessionId\&quot;:null}"/>
         <property name="katalonVersion" value="7.0.7.1"/>
         <property name="deviceOS" value="Android"/>
         <property name="appiumVersion" value="1.12.1"/>
         <property name="deviceModel" value="SM-A505F"/>
         <property name="hostAddress" value="10.7.8.181"/>
         <property name="deviceManufacturer" value="samsung"/>
         <property name="deviceId" value="RR8M30NJT6T"/>
         <property name="deviceName" value="samsung SM-A505F (Android 9)"/>
         <property name="deviceOSVersion" value="9"/>
      </properties>
      <testcase name="Test Cases/Data Entry/TC_Data Entry" time="689.169" classname="Test Cases/Data Entry/TC_Data Entry" status="FAILED">
         <failure type="FAILED" message="Test Cases/Data Entry/TC_Data Entry FAILED.
Reason:
com.kms.katalon.core.exception.StepFailedException: Call Test Case 'Test Cases/Data Entry/Borrower/Flow Borrower' failed
	at com.kms.katalon.core.keyword.builtin.CallTestCaseKeyword$_callTestCase_closure1.doCall(CallTestCaseKeyword.groovy:63)
	at com.kms.katalon.core.keyword.builtin.CallTestCaseKeyword$_callTestCase_closure1.call(CallTestCaseKeyword.groovy)
	at com.kms.katalon.core.keyword.internal.KeywordMain.runKeyword(KeywordMain.groovy:68)
	at com.kms.katalon.core.keyword.builtin.CallTestCaseKeyword.callTestCase(CallTestCaseKeyword.groovy:81)
	at com.kms.katalon.core.keyword.builtin.CallTestCaseKeyword.execute(CallTestCaseKeyword.groovy:44)
	at com.kms.katalon.core.keyword.internal.KeywordExecutor.executeKeywordForPlatform(KeywordExecutor.groovy:60)
	at com.kms.katalon.core.keyword.BuiltinKeywords.callTestCase(BuiltinKeywords.groovy:334)
	at TC_Data Entry.run(TC_Data Entry:42)
	at com.kms.katalon.core.main.ScriptEngine.run(ScriptEngine.java:194)
	at com.kms.katalon.core.main.ScriptEngine.runScriptAsRawText(ScriptEngine.java:119)
	at com.kms.katalon.core.main.TestCaseExecutor.runScript(TestCaseExecutor.java:337)
	at com.kms.katalon.core.main.TestCaseExecutor.doExecute(TestCaseExecutor.java:328)
	at com.kms.katalon.core.main.TestCaseExecutor.processExecutionPhase(TestCaseExecutor.java:307)
	at com.kms.katalon.core.main.TestCaseExecutor.accessMainPhase(TestCaseExecutor.java:299)
	at com.kms.katalon.core.main.TestCaseExecutor.execute(TestCaseExecutor.java:233)
	at com.kms.katalon.core.main.TestSuiteExecutor.accessTestCaseMainPhase(TestSuiteExecutor.java:169)
	at com.kms.katalon.core.main.TestSuiteExecutor.accessTestSuiteMainPhase(TestSuiteExecutor.java:142)
	at com.kms.katalon.core.main.TestSuiteExecutor.execute(TestSuiteExecutor.java:91)
	at com.kms.katalon.core.main.TestCaseMain.startTestSuite(TestCaseMain.java:157)
	at com.kms.katalon.core.main.TestCaseMain$startTestSuite$0.call(Unknown Source)
	at TempTestSuite1574825848461.run(TempTestSuite1574825848461.groovy:36)
Caused by: com.kms.katalon.core.exception.StepFailedException: Call Test Case 'Test Cases/Data Entry/Borrower/Borrower - Pekerjaan/MASTER FLOW/TC_Borrower - Pekerjaan - MASTER FLOW' failed
	at com.kms.katalon.core.keyword.builtin.CallTestCaseKeyword$_callTestCase_closure1.doCall(CallTestCaseKeyword.groovy:63)
	at com.kms.katalon.core.keyword.builtin.CallTestCaseKeyword$_callTestCase_closure1.call(CallTestCaseKeyword.groovy)
	at com.kms.katalon.core.keyword.internal.KeywordMain.runKeyword(KeywordMain.groovy:68)
	at com.kms.katalon.core.keyword.builtin.CallTestCaseKeyword.callTestCase(CallTestCaseKeyword.groovy:81)
	at com.kms.katalon.core.keyword.builtin.CallTestCaseKeyword.execute(CallTestCaseKeyword.groovy:44)
	at com.kms.katalon.core.keyword.internal.KeywordExecutor.executeKeywordForPlatform(KeywordExecutor.groovy:60)
	at com.kms.katalon.core.keyword.BuiltinKeywords.callTestCase(BuiltinKeywords.groovy:334)
	at Flow Borrower.run(Flow Borrower:42)
	at com.kms.katalon.core.main.ScriptEngine.run(ScriptEngine.java:194)
	at com.kms.katalon.core.main.ScriptEngine.runScriptAsRawText(ScriptEngine.java:119)
	at com.kms.katalon.core.main.TestCaseExecutor.runScript(TestCaseExecutor.java:337)
	at com.kms.katalon.core.main.TestCaseExecutor.doExecute(TestCaseExecutor.java:328)
	at com.kms.katalon.core.main.TestCaseExecutor.processExecutionPhase(TestCaseExecutor.java:307)
	at com.kms.katalon.core.main.TestCaseExecutor.accessMainPhase(TestCaseExecutor.java:299)
	at com.kms.katalon.core.main.TestCaseExecutor.execute(TestCaseExecutor.java:233)
	at com.kms.katalon.core.main.TestCaseMain.runTestCase(TestCaseMain.java:114)
	at com.kms.katalon.core.keyword.builtin.CallTestCaseKeyword$_callTestCase_closure1.doCall(CallTestCaseKeyword.groovy:59)
	... 20 more
Caused by: com.kms.katalon.core.exception.StepFailedException: Object Object Repository/Borrower/Borrower - Pekerjaan/Borrower_Pekerjaan_InpPekerjaan not found
	at com.kms.katalon.core.keyword.internal.KeywordMain.stepFailed(KeywordMain.groovy:50)
	at com.kms.katalon.core.mobile.keyword.internal.MobileKeywordMain.stepFailed(MobileKeywordMain.groovy:40)
	at com.kms.katalon.core.mobile.keyword.builtin.GetTextKeyword$_getText_closure1.doCall(GetTextKeyword.groovy:74)
	at com.kms.katalon.core.mobile.keyword.builtin.GetTextKeyword$_getText_closure1.call(GetTextKeyword.groovy)
	at com.kms.katalon.core.mobile.keyword.internal.MobileKeywordMain.runKeyword(MobileKeywordMain.groovy:21)
	at com.kms.katalon.core.mobile.keyword.builtin.GetTextKeyword.getText(GetTextKeyword.groovy:80)
	at com.kms.katalon.core.mobile.keyword.builtin.GetTextKeyword.execute(GetTextKeyword.groovy:64)
	at com.kms.katalon.core.keyword.internal.KeywordExecutor.executeKeywordForPlatform(KeywordExecutor.groovy:60)
	at com.kms.katalon.core.mobile.keyword.MobileBuiltInKeywords.getText(MobileBuiltInKeywords.groovy:458)
	at com.kms.katalon.core.mobile.keyword.MobileBuiltInKeywords$getText$13.call(Unknown Source)
	at TC_Borrower - Pekerjaan - MASTER FLOW.run(TC_Borrower - Pekerjaan - MASTER FLOW:16)
	at com.kms.katalon.core.main.ScriptEngine.run(ScriptEngine.java:194)
	at com.kms.katalon.core.main.ScriptEngine.runScriptAsRawText(ScriptEngine.java:119)
	at com.kms.katalon.core.main.TestCaseExecutor.runScript(TestCaseExecutor.java:337)
	at com.kms.katalon.core.main.TestCaseExecutor.doExecute(TestCaseExecutor.java:328)
	at com.kms.katalon.core.main.TestCaseExecutor.processExecutionPhase(TestCaseExecutor.java:307)
	at com.kms.katalon.core.main.TestCaseExecutor.accessMainPhase(TestCaseExecutor.java:299)
	at com.kms.katalon.core.main.TestCaseExecutor.execute(TestCaseExecutor.java:233)
	at com.kms.katalon.core.main.TestCaseMain.runTestCase(TestCaseMain.java:114)
	at com.kms.katalon.core.keyword.builtin.CallTestCaseKeyword$_callTestCase_closure1.doCall(CallTestCaseKeyword.groovy:59)
	... 36 more
"/>
         <system-out><![CDATA[2019-11-27 10:37:35 - [TEST_CASE][FAILED] - Test Cases/Data Entry/TC_Data Entry: Test Cases/Data Entry/TC_Data Entry FAILED.
Reason:
com.kms.katalon.core.exception.StepFailedException: Call Test Case 'Test Cases/Data Entry/Borrower/Flow Borrower' failed
	at com.kms.katalon.core.keyword.builtin.CallTestCaseKeyword$_callTestCase_closure1.doCall(CallTestCaseKeyword.groovy:63)
	at com.kms.katalon.core.keyword.builtin.CallTestCaseKeyword$_callTestCase_closure1.call(CallTestCaseKeyword.groovy)
	at com.kms.katalon.core.keyword.internal.KeywordMain.runKeyword(KeywordMain.groovy:68)
	at com.kms.katalon.core.keyword.builtin.CallTestCaseKeyword.callTestCase(CallTestCaseKeyword.groovy:81)
	at com.kms.katalon.core.keyword.builtin.CallTestCaseKeyword.execute(CallTestCaseKeyword.groovy:44)
	at com.kms.katalon.core.keyword.internal.KeywordExecutor.executeKeywordForPlatform(KeywordExecutor.groovy:60)
	at com.kms.katalon.core.keyword.BuiltinKeywords.callTestCase(BuiltinKeywords.groovy:334)
	at TC_Data Entry.run(TC_Data Entry:42)
	at com.kms.katalon.core.main.ScriptEngine.run(ScriptEngine.java:194)
	at com.kms.katalon.core.main.ScriptEngine.runScriptAsRawText(ScriptEngine.java:119)
	at com.kms.katalon.core.main.TestCaseExecutor.runScript(TestCaseExecutor.java:337)
	at com.kms.katalon.core.main.TestCaseExecutor.doExecute(TestCaseExecutor.java:328)
	at com.kms.katalon.core.main.TestCaseExecutor.processExecutionPhase(TestCaseExecutor.java:307)
	at com.kms.katalon.core.main.TestCaseExecutor.accessMainPhase(TestCaseExecutor.java:299)
	at com.kms.katalon.core.main.TestCaseExecutor.execute(TestCaseExecutor.java:233)
	at com.kms.katalon.core.main.TestSuiteExecutor.accessTestCaseMainPhase(TestSuiteExecutor.java:169)
	at com.kms.katalon.core.main.TestSuiteExecutor.accessTestSuiteMainPhase(TestSuiteExecutor.java:142)
	at com.kms.katalon.core.main.TestSuiteExecutor.execute(TestSuiteExecutor.java:91)
	at com.kms.katalon.core.main.TestCaseMain.startTestSuite(TestCaseMain.java:157)
	at com.kms.katalon.core.main.TestCaseMain$startTestSuite$0.call(Unknown Source)
	at TempTestSuite1574825848461.run(TempTestSuite1574825848461.groovy:36)
Caused by: com.kms.katalon.core.exception.StepFailedException: Call Test Case 'Test Cases/Data Entry/Borrower/Borrower - Pekerjaan/MASTER FLOW/TC_Borrower - Pekerjaan - MASTER FLOW' failed
	at com.kms.katalon.core.keyword.builtin.CallTestCaseKeyword$_callTestCase_closure1.doCall(CallTestCaseKeyword.groovy:63)
	at com.kms.katalon.core.keyword.builtin.CallTestCaseKeyword$_callTestCase_closure1.call(CallTestCaseKeyword.groovy)
	at com.kms.katalon.core.keyword.internal.KeywordMain.runKeyword(KeywordMain.groovy:68)
	at com.kms.katalon.core.keyword.builtin.CallTestCaseKeyword.callTestCase(CallTestCaseKeyword.groovy:81)
	at com.kms.katalon.core.keyword.builtin.CallTestCaseKeyword.execute(CallTestCaseKeyword.groovy:44)
	at com.kms.katalon.core.keyword.internal.KeywordExecutor.executeKeywordForPlatform(KeywordExecutor.groovy:60)
	at com.kms.katalon.core.keyword.BuiltinKeywords.callTestCase(BuiltinKeywords.groovy:334)
	at Flow Borrower.run(Flow Borrower:42)
	at com.kms.katalon.core.main.ScriptEngine.run(ScriptEngine.java:194)
	at com.kms.katalon.core.main.ScriptEngine.runScriptAsRawText(ScriptEngine.java:119)
	at com.kms.katalon.core.main.TestCaseExecutor.runScript(TestCaseExecutor.java:337)
	at com.kms.katalon.core.main.TestCaseExecutor.doExecute(TestCaseExecutor.java:328)
	at com.kms.katalon.core.main.TestCaseExecutor.processExecutionPhase(TestCaseExecutor.java:307)
	at com.kms.katalon.core.main.TestCaseExecutor.accessMainPhase(TestCaseExecutor.java:299)
	at com.kms.katalon.core.main.TestCaseExecutor.execute(TestCaseExecutor.java:233)
	at com.kms.katalon.core.main.TestCaseMain.runTestCase(TestCaseMain.java:114)
	at com.kms.katalon.core.keyword.builtin.CallTestCaseKeyword$_callTestCase_closure1.doCall(CallTestCaseKeyword.groovy:59)
	... 20 more
Caused by: com.kms.katalon.core.exception.StepFailedException: Object Object Repository/Borrower/Borrower - Pekerjaan/Borrower_Pekerjaan_InpPekerjaan not found
	at com.kms.katalon.core.keyword.internal.KeywordMain.stepFailed(KeywordMain.groovy:50)
	at com.kms.katalon.core.mobile.keyword.internal.MobileKeywordMain.stepFailed(MobileKeywordMain.groovy:40)
	at com.kms.katalon.core.mobile.keyword.builtin.GetTextKeyword$_getText_closure1.doCall(GetTextKeyword.groovy:74)
	at com.kms.katalon.core.mobile.keyword.builtin.GetTextKeyword$_getText_closure1.call(GetTextKeyword.groovy)
	at com.kms.katalon.core.mobile.keyword.internal.MobileKeywordMain.runKeyword(MobileKeywordMain.groovy:21)
	at com.kms.katalon.core.mobile.keyword.builtin.GetTextKeyword.getText(GetTextKeyword.groovy:80)
	at com.kms.katalon.core.mobile.keyword.builtin.GetTextKeyword.execute(GetTextKeyword.groovy:64)
	at com.kms.katalon.core.keyword.internal.KeywordExecutor.executeKeywordForPlatform(KeywordExecutor.groovy:60)
	at com.kms.katalon.core.mobile.keyword.MobileBuiltInKeywords.getText(MobileBuiltInKeywords.groovy:458)
	at com.kms.katalon.core.mobile.keyword.MobileBuiltInKeywords$getText$13.call(Unknown Source)
	at TC_Borrower - Pekerjaan - MASTER FLOW.run(TC_Borrower - Pekerjaan - MASTER FLOW:16)
	at com.kms.katalon.core.main.ScriptEngine.run(ScriptEngine.java:194)
	at com.kms.katalon.core.main.ScriptEngine.runScriptAsRawText(ScriptEngine.java:119)
	at com.kms.katalon.core.main.TestCaseExecutor.runScript(TestCaseExecutor.java:337)
	at com.kms.katalon.core.main.TestCaseExecutor.doExecute(TestCaseExecutor.java:328)
	at com.kms.katalon.core.main.TestCaseExecutor.processExecutionPhase(TestCaseExecutor.java:307)
	at com.kms.katalon.core.main.TestCaseExecutor.accessMainPhase(TestCaseExecutor.java:299)
	at com.kms.katalon.core.main.TestCaseExecutor.execute(TestCaseExecutor.java:233)
	at com.kms.katalon.core.main.TestCaseMain.runTestCase(TestCaseMain.java:114)
	at com.kms.katalon.core.keyword.builtin.CallTestCaseKeyword$_callTestCase_closure1.doCall(CallTestCaseKeyword.groovy:59)
	... 36 more


2019-11-27 10:37:38 - [TEST_STEP][PASSED] - callTestCase(findTestCase("dynamic test case/open application"), [:], STOP_ON_FAILURE): Call Test Case 'Test Cases/dynamic test case/open application' successfully

2019-11-27 10:37:38 - [TEST_CASE][PASSED] - Test Cases/dynamic test case/open application: Test Cases/dynamic test case/open application

2019-11-27 10:37:38 - [TEST_STEP][PASSED] - appPath = relativeToAbsolutePath(apkname, getProjectDir()): null

2019-11-27 10:37:39 - [TEST_STEP][PASSED] - startApplication(appPath, false): Started app at: 'C:\Users\15420\git\ACCME-Dupcheck\AccMe.apk'

2019-11-27 10:37:39 - [MESSAGE][INFO] - User set preference: ['unicodeKeyboard', 'true']

2019-11-27 10:37:39 - [MESSAGE][INFO] - User set preference: ['resetKeyboard', 'true']

2019-11-27 10:37:39 - [MESSAGE][INFO] - User set preference: ['deviceId', '']

2019-11-27 10:37:49 - [MESSAGE][INFO] - Appium server started on port 55,272

2019-11-27 10:38:29 - [MESSAGE][PASSED] - Started app at: 'C:\Users\15420\git\ACCME-Dupcheck\AccMe.apk'

2019-11-27 10:38:29 - [MESSAGE][PASSED] - Call Test Case 'Test Cases/dynamic test case/open application' successfully

2019-11-27 10:38:29 - [TEST_STEP][PASSED] - callTestCase(findTestCase("Data Entry/Simulasi Kredit/Simulasi Kredit/MASTER FLOW/TC_Simulasi Kredit - MASTER FLOW"), ["varBrand":varBrand, "varType":varType, "varModel":varModel, "varTahun":varTahun, "varTenor":varTenor, "varOTR":varOTR, "varRP":varRP, ... ], OPTIONAL): Call Test Case 'Test Cases/Data Entry/Simulasi Kredit/Simulasi Kredit/MASTER FLOW/TC_Simulasi Kredit - MASTER FLOW' successfully

2019-11-27 10:38:29 - [TEST_CASE][PASSED] - Test Cases/Data Entry/Simulasi Kredit/Simulasi Kredit/MASTER FLOW/TC_Simulasi Kredit - MASTER FLOW: Test Cases/Data Entry/Simulasi Kredit/Simulasi Kredit/MASTER FLOW/TC_Simulasi Kredit - MASTER FLOW

2019-11-27 10:38:30 - [TEST_STEP][PASSED] - waitForElementPresent(findTestObject("Simulasi Kredit/Simulasi Kredit - Simulasi Kredit/SimulasiKredit_Btn Simulasi Kredit"), 0): Element 'Object Repository/Simulasi Kredit/Simulasi Kredit - Simulasi Kredit/SimulasiKredit_Btn Simulasi Kredit' is present

2019-11-27 10:38:30 - [MESSAGE][WARNING] - Timeout '0' is invalid. Using default page load timeout: '30'

2019-11-27 10:38:37 - [MESSAGE][PASSED] - Element 'Object Repository/Simulasi Kredit/Simulasi Kredit - Simulasi Kredit/SimulasiKredit_Btn Simulasi Kredit' is present

2019-11-27 10:38:37 - [TEST_STEP][PASSED] - tap(findTestObject("Simulasi Kredit/Simulasi Kredit - Simulasi Kredit/SimulasiKredit_Btn Simulasi Kredit"), 0): Tapped on element 'Object Repository/Simulasi Kredit/Simulasi Kredit - Simulasi Kredit/SimulasiKredit_Btn Simulasi Kredit'

2019-11-27 10:38:37 - [MESSAGE][WARNING] - Timeout '0' is invalid. Using default page load timeout: '30'

2019-11-27 10:38:39 - [MESSAGE][PASSED] - Tapped on element 'Object Repository/Simulasi Kredit/Simulasi Kredit - Simulasi Kredit/SimulasiKredit_Btn Simulasi Kredit'

2019-11-27 10:38:39 - [TEST_STEP][PASSED] - if (varPembiayaan == "NewCar"): Tapped on element 'Object Repository/Simulasi Kredit/Simulasi Kredit - Simulasi Kredit/SimulasiKredit_new car'

2019-11-27 10:38:39 - [TEST_STEP][PASSED] - tap(findTestObject("Simulasi Kredit/Simulasi Kredit - Simulasi Kredit/SimulasiKredit_new car"), 0): Tapped on element 'Object Repository/Simulasi Kredit/Simulasi Kredit - Simulasi Kredit/SimulasiKredit_new car'

2019-11-27 10:38:39 - [MESSAGE][WARNING] - Timeout '0' is invalid. Using default page load timeout: '30'

2019-11-27 10:38:43 - [MESSAGE][PASSED] - Tapped on element 'Object Repository/Simulasi Kredit/Simulasi Kredit - Simulasi Kredit/SimulasiKredit_new car'

2019-11-27 10:38:43 - [TEST_STEP][PASSED] - if (varPembiayaan == "UsedCar"): null

2019-11-27 10:38:43 - [TEST_STEP][PASSED] - if (varTipepembiayaan == "syariah"): null

2019-11-27 10:38:43 - [TEST_STEP][PASSED] - if (varTipepembiayaan == "konvensional"): null

2019-11-27 10:38:43 - [TEST_STEP][PASSED] - if (varkodepaket == "ya"): null

2019-11-27 10:38:43 - [TEST_STEP][PASSED] - setText(findTestObject("Simulasi Kredit/Simulasi Kredit - Simulasi Kredit/SimulasiKredit_Inp Brand"), varBrand, 0): Text 'ISUZU' has been set to element 'Object Repository/Simulasi Kredit/Simulasi Kredit - Simulasi Kredit/SimulasiKredit_Inp Brand'

2019-11-27 10:38:43 - [MESSAGE][WARNING] - Timeout '0' is invalid. Using default page load timeout: '30'

2019-11-27 10:38:45 - [MESSAGE][PASSED] - Text 'ISUZU' has been set to element 'Object Repository/Simulasi Kredit/Simulasi Kredit - Simulasi Kredit/SimulasiKredit_Inp Brand'

2019-11-27 10:38:45 - [TEST_STEP][PASSED] - tap(findTestObject("Simulasi Kredit/Simulasi Kredit - Simulasi Kredit/SimulasiKredit_Inp Brand"), 0): Tapped on element 'Object Repository/Simulasi Kredit/Simulasi Kredit - Simulasi Kredit/SimulasiKredit_Inp Brand'

2019-11-27 10:38:45 - [MESSAGE][WARNING] - Timeout '0' is invalid. Using default page load timeout: '30'

2019-11-27 10:38:48 - [MESSAGE][PASSED] - Tapped on element 'Object Repository/Simulasi Kredit/Simulasi Kredit - Simulasi Kredit/SimulasiKredit_Inp Brand'

2019-11-27 10:38:48 - [TEST_STEP][PASSED] - tap(findTestObject("dynamic object/pickListItem_viewView", ["text":varBrand]), 0): Tapped on element 'Object Repository/dynamic object/pickListItem_viewView'

2019-11-27 10:38:48 - [MESSAGE][WARNING] - Timeout '0' is invalid. Using default page load timeout: '30'

2019-11-27 10:38:51 - [MESSAGE][PASSED] - Tapped on element 'Object Repository/dynamic object/pickListItem_viewView'

2019-11-27 10:38:51 - [TEST_STEP][PASSED] - tap(findTestObject("Simulasi Kredit/Simulasi Kredit - Simulasi Kredit/SimulasiKredit_Inp Type"), 0): Tapped on element 'Object Repository/Simulasi Kredit/Simulasi Kredit - Simulasi Kredit/SimulasiKredit_Inp Type'

2019-11-27 10:38:51 - [MESSAGE][WARNING] - Timeout '0' is invalid. Using default page load timeout: '30'

2019-11-27 10:38:54 - [MESSAGE][PASSED] - Tapped on element 'Object Repository/Simulasi Kredit/Simulasi Kredit - Simulasi Kredit/SimulasiKredit_Inp Type'

2019-11-27 10:38:54 - [TEST_STEP][PASSED] - setText(findTestObject("Simulasi Kredit/Simulasi Kredit - Simulasi Kredit/SimulasiKredit_Inp Type"), varType, 0): Text 'MU-X' has been set to element 'Object Repository/Simulasi Kredit/Simulasi Kredit - Simulasi Kredit/SimulasiKredit_Inp Type'

2019-11-27 10:38:54 - [MESSAGE][WARNING] - Timeout '0' is invalid. Using default page load timeout: '30'

2019-11-27 10:38:57 - [MESSAGE][PASSED] - Text 'MU-X' has been set to element 'Object Repository/Simulasi Kredit/Simulasi Kredit - Simulasi Kredit/SimulasiKredit_Inp Type'

2019-11-27 10:38:57 - [TEST_STEP][PASSED] - delay(3): Delayed 3 second(s)

2019-11-27 10:39:00 - [MESSAGE][PASSED] - Delayed 3 second(s)

2019-11-27 10:39:00 - [TEST_STEP][PASSED] - tap(findTestObject("Simulasi Kredit/Simulasi Kredit - Simulasi Kredit/SimulasiKredit_Inp Type"), 0): Tapped on element 'Object Repository/Simulasi Kredit/Simulasi Kredit - Simulasi Kredit/SimulasiKredit_Inp Type'

2019-11-27 10:39:00 - [MESSAGE][WARNING] - Timeout '0' is invalid. Using default page load timeout: '30'

2019-11-27 10:39:03 - [MESSAGE][PASSED] - Tapped on element 'Object Repository/Simulasi Kredit/Simulasi Kredit - Simulasi Kredit/SimulasiKredit_Inp Type'

2019-11-27 10:39:03 - [TEST_STEP][PASSED] - tap(findTestObject("Simulasi Kredit/Simulasi Kredit - Simulasi Kredit/SimulasiKredit_Inp Type LOV"), 0): Tapped on element 'Object Repository/Simulasi Kredit/Simulasi Kredit - Simulasi Kredit/SimulasiKredit_Inp Type LOV'

2019-11-27 10:39:03 - [MESSAGE][WARNING] - Timeout '0' is invalid. Using default page load timeout: '30'

2019-11-27 10:39:06 - [MESSAGE][PASSED] - Tapped on element 'Object Repository/Simulasi Kredit/Simulasi Kredit - Simulasi Kredit/SimulasiKredit_Inp Type LOV'

2019-11-27 10:39:06 - [TEST_STEP][PASSED] - mobile.mobileSwipe.UpDown(0.8, 0.5, 1000): mobile.mobileSwipe.UpDown is PASSED

2019-11-27 10:39:07 - [MESSAGE][PASSED] - Current device physical height is 2131

2019-11-27 10:39:07 - [MESSAGE][INFO] - Device Height : 2131

2019-11-27 10:39:08 - [MESSAGE][PASSED] - Current device physical width is 1080

2019-11-27 10:39:08 - [MESSAGE][INFO] - Device Width : 1080

2019-11-27 10:39:08 - [MESSAGE][INFO] - Swipe start at Height : 1704

2019-11-27 10:39:08 - [MESSAGE][INFO] - Swipe end at Height : 1065

2019-11-27 10:39:08 - [MESSAGE][INFO] - X Position : 1000

2019-11-27 10:39:10 - [MESSAGE][PASSED] - Swiped from 1,000,1,704 to 1,000,1,065

2019-11-27 10:39:10 - [MESSAGE][PASSED] - mobile.mobileSwipe.UpDown is PASSED

2019-11-27 10:39:10 - [TEST_STEP][PASSED] - tap(findTestObject("Simulasi Kredit/Simulasi Kredit - Simulasi Kredit/SimulasiKredit_Inp Model"), 0): Tapped on element 'Object Repository/Simulasi Kredit/Simulasi Kredit - Simulasi Kredit/SimulasiKredit_Inp Model'

2019-11-27 10:39:10 - [MESSAGE][WARNING] - Timeout '0' is invalid. Using default page load timeout: '30'

2019-11-27 10:39:12 - [MESSAGE][PASSED] - Tapped on element 'Object Repository/Simulasi Kredit/Simulasi Kredit - Simulasi Kredit/SimulasiKredit_Inp Model'

2019-11-27 10:39:12 - [TEST_STEP][PASSED] - scrollToText(varModel, STOP_ON_FAILURE): Scrolling to text '2.5 4X2 A/T' successfully

2019-11-27 10:39:14 - [MESSAGE][PASSED] - Scrolling to text '2.5 4X2 A/T' successfully

2019-11-27 10:39:14 - [TEST_STEP][PASSED] - tap(findTestObject("dynamic object/pickListItem_checkedTextView", ["text":varModel]), 0): Tapped on element 'Object Repository/dynamic object/pickListItem_checkedTextView'

2019-11-27 10:39:14 - [MESSAGE][WARNING] - Timeout '0' is invalid. Using default page load timeout: '30'

2019-11-27 10:39:16 - [MESSAGE][PASSED] - Tapped on element 'Object Repository/dynamic object/pickListItem_checkedTextView'

2019-11-27 10:39:16 - [TEST_STEP][PASSED] - tap(findTestObject("Simulasi Kredit/Simulasi Kredit - Simulasi Kredit/SimulasiKredit_Tahun"), 0): Tapped on element 'Object Repository/Simulasi Kredit/Simulasi Kredit - Simulasi Kredit/SimulasiKredit_Tahun'

2019-11-27 10:39:16 - [MESSAGE][WARNING] - Timeout '0' is invalid. Using default page load timeout: '30'

2019-11-27 10:39:18 - [MESSAGE][PASSED] - Tapped on element 'Object Repository/Simulasi Kredit/Simulasi Kredit - Simulasi Kredit/SimulasiKredit_Tahun'

2019-11-27 10:39:18 - [TEST_STEP][PASSED] - scrollToText(varTahun, STOP_ON_FAILURE): Scrolling to text '2018' successfully

2019-11-27 10:39:20 - [MESSAGE][PASSED] - Scrolling to text '2018' successfully

2019-11-27 10:39:20 - [TEST_STEP][PASSED] - tap(findTestObject("dynamic object/pickListItem_checkedTextView", ["text":varTahun]), 0): Tapped on element 'Object Repository/dynamic object/pickListItem_checkedTextView'

2019-11-27 10:39:20 - [MESSAGE][WARNING] - Timeout '0' is invalid. Using default page load timeout: '30'

2019-11-27 10:39:21 - [MESSAGE][PASSED] - Tapped on element 'Object Repository/dynamic object/pickListItem_checkedTextView'

2019-11-27 10:39:21 - [TEST_STEP][PASSED] - tap(findTestObject("Simulasi Kredit/Simulasi Kredit - Simulasi Kredit/SimulasiKredit_Tenor"), 0): Tapped on element 'Object Repository/Simulasi Kredit/Simulasi Kredit - Simulasi Kredit/SimulasiKredit_Tenor'

2019-11-27 10:39:21 - [MESSAGE][WARNING] - Timeout '0' is invalid. Using default page load timeout: '30'

2019-11-27 10:39:24 - [MESSAGE][PASSED] - Tapped on element 'Object Repository/Simulasi Kredit/Simulasi Kredit - Simulasi Kredit/SimulasiKredit_Tenor'

2019-11-27 10:39:24 - [TEST_STEP][PASSED] - tap(findTestObject("dynamic object/pickListItem_checkedTextView", ["text":varTenor]), 0): Tapped on element 'Object Repository/dynamic object/pickListItem_checkedTextView'

2019-11-27 10:39:24 - [MESSAGE][WARNING] - Timeout '0' is invalid. Using default page load timeout: '30'

2019-11-27 10:39:26 - [MESSAGE][PASSED] - Tapped on element 'Object Repository/dynamic object/pickListItem_checkedTextView'

2019-11-27 10:39:26 - [TEST_STEP][PASSED] - setText(findTestObject("Simulasi Kredit/Simulasi Kredit - Simulasi Kredit/SimulasiKredit_Inp OTR"), varOTR, 0): Text '415000000' has been set to element 'Object Repository/Simulasi Kredit/Simulasi Kredit - Simulasi Kredit/SimulasiKredit_Inp OTR'

2019-11-27 10:39:26 - [MESSAGE][WARNING] - Timeout '0' is invalid. Using default page load timeout: '30'

2019-11-27 10:39:27 - [MESSAGE][PASSED] - Text '415000000' has been set to element 'Object Repository/Simulasi Kredit/Simulasi Kredit - Simulasi Kredit/SimulasiKredit_Inp OTR'

2019-11-27 10:39:27 - [TEST_STEP][PASSED] - setText(findTestObject("Simulasi Kredit/Simulasi Kredit - Simulasi Kredit/SimulasiKredit_Inp RP"), varRP, 0): Text '124500000' has been set to element 'Object Repository/Simulasi Kredit/Simulasi Kredit - Simulasi Kredit/SimulasiKredit_Inp RP'

2019-11-27 10:39:27 - [MESSAGE][WARNING] - Timeout '0' is invalid. Using default page load timeout: '30'

2019-11-27 10:39:30 - [MESSAGE][PASSED] - Text '124500000' has been set to element 'Object Repository/Simulasi Kredit/Simulasi Kredit - Simulasi Kredit/SimulasiKredit_Inp RP'

2019-11-27 10:39:30 - [TEST_STEP][PASSED] - mobile.mobileSwipe.UpDown(0.5, 0.2, 1000): mobile.mobileSwipe.UpDown is PASSED

2019-11-27 10:39:31 - [MESSAGE][PASSED] - Current device physical height is 2131

2019-11-27 10:39:31 - [MESSAGE][INFO] - Device Height : 2131

2019-11-27 10:39:32 - [MESSAGE][PASSED] - Current device physical width is 1080

2019-11-27 10:39:32 - [MESSAGE][INFO] - Device Width : 1080

2019-11-27 10:39:32 - [MESSAGE][INFO] - Swipe start at Height : 1065

2019-11-27 10:39:32 - [MESSAGE][INFO] - Swipe end at Height : 426

2019-11-27 10:39:32 - [MESSAGE][INFO] - X Position : 1000

2019-11-27 10:39:34 - [MESSAGE][PASSED] - Swiped from 1,000,1,065 to 1,000,426

2019-11-27 10:39:34 - [MESSAGE][PASSED] - mobile.mobileSwipe.UpDown is PASSED

2019-11-27 10:39:34 - [TEST_STEP][PASSED] - setText(findTestObject("Simulasi Kredit/Simulasi Kredit - Simulasi Kredit/SimulasiKredit_Inp Dealer"), varDealer, 0): Text 'ABDUL QODIR J. H' has been set to element 'Object Repository/Simulasi Kredit/Simulasi Kredit - Simulasi Kredit/SimulasiKredit_Inp Dealer'

2019-11-27 10:39:34 - [MESSAGE][WARNING] - Timeout '0' is invalid. Using default page load timeout: '30'

2019-11-27 10:39:35 - [MESSAGE][PASSED] - Text 'ABDUL QODIR J. H' has been set to element 'Object Repository/Simulasi Kredit/Simulasi Kredit - Simulasi Kredit/SimulasiKredit_Inp Dealer'

2019-11-27 10:39:35 - [TEST_STEP][PASSED] - tap(findTestObject("Simulasi Kredit/Simulasi Kredit - Simulasi Kredit/SimulasiKredit_Inp Dealer"), 0): Tapped on element 'Object Repository/Simulasi Kredit/Simulasi Kredit - Simulasi Kredit/SimulasiKredit_Inp Dealer'

2019-11-27 10:39:35 - [MESSAGE][WARNING] - Timeout '0' is invalid. Using default page load timeout: '30'

2019-11-27 10:39:39 - [MESSAGE][PASSED] - Tapped on element 'Object Repository/Simulasi Kredit/Simulasi Kredit - Simulasi Kredit/SimulasiKredit_Inp Dealer'

2019-11-27 10:39:39 - [TEST_STEP][PASSED] - clearText(findTestObject("Simulasi Kredit/Simulasi Kredit - Simulasi Kredit/SimulasiKredit_Inp Dealer"), 0): Element 'Object Repository/Simulasi Kredit/Simulasi Kredit - Simulasi Kredit/SimulasiKredit_Inp Dealer' text is cleared

2019-11-27 10:39:40 - [MESSAGE][WARNING] - Timeout '0' is invalid. Using default page load timeout: '30'

2019-11-27 10:39:41 - [MESSAGE][PASSED] - Element 'Object Repository/Simulasi Kredit/Simulasi Kredit - Simulasi Kredit/SimulasiKredit_Inp Dealer' text is cleared

2019-11-27 10:39:41 - [TEST_STEP][PASSED] - setText(findTestObject("Simulasi Kredit/Simulasi Kredit - Simulasi Kredit/SimulasiKredit_Inp Dealer"), varDealer, 0): Text 'ABDUL QODIR J. H' has been set to element 'Object Repository/Simulasi Kredit/Simulasi Kredit - Simulasi Kredit/SimulasiKredit_Inp Dealer'

2019-11-27 10:39:41 - [MESSAGE][WARNING] - Timeout '0' is invalid. Using default page load timeout: '30'

2019-11-27 10:39:42 - [MESSAGE][PASSED] - Text 'ABDUL QODIR J. H' has been set to element 'Object Repository/Simulasi Kredit/Simulasi Kredit - Simulasi Kredit/SimulasiKredit_Inp Dealer'

2019-11-27 10:39:42 - [TEST_STEP][PASSED] - delay(4, STOP_ON_FAILURE): Delayed 4 second(s)

2019-11-27 10:39:46 - [MESSAGE][PASSED] - Delayed 4 second(s)

2019-11-27 10:39:46 - [TEST_STEP][PASSED] - tap(findTestObject("Simulasi Kredit/Simulasi Kredit - Simulasi Kredit/SimulasiKredit_LOV Dealer"), 0): Tapped on element 'Object Repository/Simulasi Kredit/Simulasi Kredit - Simulasi Kredit/SimulasiKredit_LOV Dealer'

2019-11-27 10:39:46 - [MESSAGE][WARNING] - Timeout '0' is invalid. Using default page load timeout: '30'

2019-11-27 10:39:48 - [MESSAGE][PASSED] - Tapped on element 'Object Repository/Simulasi Kredit/Simulasi Kredit - Simulasi Kredit/SimulasiKredit_LOV Dealer'

2019-11-27 10:39:48 - [TEST_STEP][PASSED] - setText(findTestObject("Simulasi Kredit/Simulasi Kredit - Simulasi Kredit/SimulasiKredit_Inp Sales Dealer"), varSales, 0): Text 'ABDUL QODIR' has been set to element 'Object Repository/Simulasi Kredit/Simulasi Kredit - Simulasi Kredit/SimulasiKredit_Inp Sales Dealer'

2019-11-27 10:39:49 - [MESSAGE][WARNING] - Timeout '0' is invalid. Using default page load timeout: '30'

2019-11-27 10:39:51 - [MESSAGE][PASSED] - Text 'ABDUL QODIR' has been set to element 'Object Repository/Simulasi Kredit/Simulasi Kredit - Simulasi Kredit/SimulasiKredit_Inp Sales Dealer'

2019-11-27 10:39:51 - [TEST_STEP][PASSED] - tap(findTestObject("Simulasi Kredit/Simulasi Kredit - Simulasi Kredit/SimulasiKredit_Inp Sales Dealer"), 0): Tapped on element 'Object Repository/Simulasi Kredit/Simulasi Kredit - Simulasi Kredit/SimulasiKredit_Inp Sales Dealer'

2019-11-27 10:39:51 - [MESSAGE][WARNING] - Timeout '0' is invalid. Using default page load timeout: '30'

2019-11-27 10:39:54 - [MESSAGE][PASSED] - Tapped on element 'Object Repository/Simulasi Kredit/Simulasi Kredit - Simulasi Kredit/SimulasiKredit_Inp Sales Dealer'

2019-11-27 10:39:54 - [TEST_STEP][PASSED] - tap(findTestObject("Simulasi Kredit/Simulasi Kredit - Simulasi Kredit/SimulasiKredit_LOV Sales Dealer"), 0): Tapped on element 'Object Repository/Simulasi Kredit/Simulasi Kredit - Simulasi Kredit/SimulasiKredit_LOV Sales Dealer'

2019-11-27 10:39:54 - [MESSAGE][WARNING] - Timeout '0' is invalid. Using default page load timeout: '30'

2019-11-27 10:39:57 - [MESSAGE][PASSED] - Tapped on element 'Object Repository/Simulasi Kredit/Simulasi Kredit - Simulasi Kredit/SimulasiKredit_LOV Sales Dealer'

2019-11-27 10:39:57 - [TEST_STEP][PASSED] - tap(findTestObject("Simulasi Kredit/Simulasi Kredit - Simulasi Kredit/SimulasiKredit_Btn Hitung"), 0): Tapped on element 'Object Repository/Simulasi Kredit/Simulasi Kredit - Simulasi Kredit/SimulasiKredit_Btn Hitung'

2019-11-27 10:39:57 - [MESSAGE][WARNING] - Timeout '0' is invalid. Using default page load timeout: '30'

2019-11-27 10:40:01 - [MESSAGE][PASSED] - Tapped on element 'Object Repository/Simulasi Kredit/Simulasi Kredit - Simulasi Kredit/SimulasiKredit_Btn Hitung'

2019-11-27 10:40:01 - [TEST_STEP][PASSED] - delay(20, STOP_ON_FAILURE): Delayed 20 second(s)

2019-11-27 10:40:21 - [MESSAGE][PASSED] - Delayed 20 second(s)

2019-11-27 10:40:21 - [TEST_STEP][PASSED] - tap(findTestObject("Simulasi Kredit/Simulasi Kredit - Simulasi Kredit/SimulasiKredit_Btn Berikutnya"), 0): Tapped on element 'Object Repository/Simulasi Kredit/Simulasi Kredit - Simulasi Kredit/SimulasiKredit_Btn Berikutnya'

2019-11-27 10:40:21 - [MESSAGE][WARNING] - Timeout '0' is invalid. Using default page load timeout: '30'

2019-11-27 10:40:23 - [MESSAGE][PASSED] - Tapped on element 'Object Repository/Simulasi Kredit/Simulasi Kredit - Simulasi Kredit/SimulasiKredit_Btn Berikutnya'

2019-11-27 10:40:23 - [TEST_STEP][PASSED] - delay(1, STOP_ON_FAILURE): Delayed 1 second(s)

2019-11-27 10:40:24 - [MESSAGE][PASSED] - Delayed 1 second(s)

2019-11-27 10:40:24 - [TEST_STEP][PASSED] - waitForElementPresent(findTestObject("Simulasi Kredit/Simulasi Kredit - Asuransi/Asuransi_Nama Asuransi"), 0): Element 'Object Repository/Simulasi Kredit/Simulasi Kredit - Asuransi/Asuransi_Nama Asuransi' is present

2019-11-27 10:40:24 - [MESSAGE][WARNING] - Timeout '0' is invalid. Using default page load timeout: '30'

2019-11-27 10:40:26 - [MESSAGE][PASSED] - Element 'Object Repository/Simulasi Kredit/Simulasi Kredit - Asuransi/Asuransi_Nama Asuransi' is present

2019-11-27 10:40:26 - [MESSAGE][PASSED] - Call Test Case 'Test Cases/Data Entry/Simulasi Kredit/Simulasi Kredit/MASTER FLOW/TC_Simulasi Kredit - MASTER FLOW' successfully

2019-11-27 10:40:26 - [TEST_STEP][PASSED] - callTestCase(findTestCase("Data Entry/Simulasi Kredit/Simulasi Kredit - Asuransi/MASTER FLOW/TC_Asuransi - MASTER FLOW"), ["varAsuransi":varAsuransi, "varKodeWilayah":varKodeWilayah], STOP_ON_FAILURE): Call Test Case 'Test Cases/Data Entry/Simulasi Kredit/Simulasi Kredit - Asuransi/MASTER FLOW/TC_Asuransi - MASTER FLOW' successfully

2019-11-27 10:40:26 - [TEST_CASE][PASSED] - Test Cases/Data Entry/Simulasi Kredit/Simulasi Kredit - Asuransi/MASTER FLOW/TC_Asuransi - MASTER FLOW: Test Cases/Data Entry/Simulasi Kredit/Simulasi Kredit - Asuransi/MASTER FLOW/TC_Asuransi - MASTER FLOW

2019-11-27 10:40:26 - [TEST_STEP][PASSED] - delay(2, STOP_ON_FAILURE): Delayed 2 second(s)

2019-11-27 10:40:28 - [MESSAGE][PASSED] - Delayed 2 second(s)

2019-11-27 10:40:28 - [TEST_STEP][PASSED] - tap(findTestObject("Simulasi Kredit/Simulasi Kredit - Asuransi/Asuransi_Nama Asuransi"), 0): Tapped on element 'Object Repository/Simulasi Kredit/Simulasi Kredit - Asuransi/Asuransi_Nama Asuransi'

2019-11-27 10:40:28 - [MESSAGE][WARNING] - Timeout '0' is invalid. Using default page load timeout: '30'

2019-11-27 10:40:31 - [MESSAGE][PASSED] - Tapped on element 'Object Repository/Simulasi Kredit/Simulasi Kredit - Asuransi/Asuransi_Nama Asuransi'

2019-11-27 10:40:31 - [TEST_STEP][PASSED] - setText(findTestObject("Simulasi Kredit/Simulasi Kredit - Asuransi/Asuransi_Nama Asuransi"), varAsuransi, 0): Text 'PT AAB REGULER OJK 2017(305001)' has been set to element 'Object Repository/Simulasi Kredit/Simulasi Kredit - Asuransi/Asuransi_Nama Asuransi'

2019-11-27 10:40:31 - [MESSAGE][WARNING] - Timeout '0' is invalid. Using default page load timeout: '30'

2019-11-27 10:40:34 - [MESSAGE][PASSED] - Text 'PT AAB REGULER OJK 2017(305001)' has been set to element 'Object Repository/Simulasi Kredit/Simulasi Kredit - Asuransi/Asuransi_Nama Asuransi'

2019-11-27 10:40:34 - [TEST_STEP][PASSED] - tap(findTestObject("Simulasi Kredit/Simulasi Kredit - Asuransi/Asuransi_LOV Nama Asuransi"), 0): Tapped on element 'Object Repository/Simulasi Kredit/Simulasi Kredit - Asuransi/Asuransi_LOV Nama Asuransi'

2019-11-27 10:40:34 - [MESSAGE][WARNING] - Timeout '0' is invalid. Using default page load timeout: '30'

2019-11-27 10:40:38 - [MESSAGE][PASSED] - Tapped on element 'Object Repository/Simulasi Kredit/Simulasi Kredit - Asuransi/Asuransi_LOV Nama Asuransi'

2019-11-27 10:40:38 - [TEST_STEP][PASSED] - delay(1, STOP_ON_FAILURE): Delayed 1 second(s)

2019-11-27 10:40:39 - [MESSAGE][PASSED] - Delayed 1 second(s)

2019-11-27 10:40:39 - [TEST_STEP][PASSED] - tap(findTestObject("Simulasi Kredit/Simulasi Kredit - Asuransi/Asuransi_KDWilayah"), 0): Tapped on element 'Object Repository/Simulasi Kredit/Simulasi Kredit - Asuransi/Asuransi_KDWilayah'

2019-11-27 10:40:39 - [MESSAGE][WARNING] - Timeout '0' is invalid. Using default page load timeout: '30'

2019-11-27 10:40:41 - [MESSAGE][PASSED] - Tapped on element 'Object Repository/Simulasi Kredit/Simulasi Kredit - Asuransi/Asuransi_KDWilayah'

2019-11-27 10:40:41 - [TEST_STEP][PASSED] - tap(findTestObject("dynamic object/pickListItem_checkedTextView", ["text":varKodeWilayah]), 0): Tapped on element 'Object Repository/dynamic object/pickListItem_checkedTextView'

2019-11-27 10:40:41 - [MESSAGE][WARNING] - Timeout '0' is invalid. Using default page load timeout: '30'

2019-11-27 10:40:43 - [MESSAGE][PASSED] - Tapped on element 'Object Repository/dynamic object/pickListItem_checkedTextView'

2019-11-27 10:40:43 - [TEST_STEP][PASSED] - tap(findTestObject("Simulasi Kredit/Simulasi Kredit - Asuransi/asuransi_BtnARPlus"), 0): Tapped on element 'Object Repository/Simulasi Kredit/Simulasi Kredit - Asuransi/asuransi_BtnARPlus'

2019-11-27 10:40:43 - [MESSAGE][WARNING] - Timeout '0' is invalid. Using default page load timeout: '30'

2019-11-27 10:40:45 - [MESSAGE][PASSED] - Tapped on element 'Object Repository/Simulasi Kredit/Simulasi Kredit - Asuransi/asuransi_BtnARPlus'

2019-11-27 10:40:45 - [TEST_STEP][PASSED] - tap(findTestObject("Simulasi Kredit/Simulasi Kredit - Asuransi/asuransi_BtnCashPlus"), 0): Tapped on element 'Object Repository/Simulasi Kredit/Simulasi Kredit - Asuransi/asuransi_BtnCashPlus'

2019-11-27 10:40:45 - [MESSAGE][WARNING] - Timeout '0' is invalid. Using default page load timeout: '30'

2019-11-27 10:40:47 - [MESSAGE][PASSED] - Tapped on element 'Object Repository/Simulasi Kredit/Simulasi Kredit - Asuransi/asuransi_BtnCashPlus'

2019-11-27 10:40:47 - [TEST_STEP][PASSED] - delay(2, STOP_ON_FAILURE): Delayed 2 second(s)

2019-11-27 10:40:49 - [MESSAGE][PASSED] - Delayed 2 second(s)

2019-11-27 10:40:49 - [TEST_STEP][PASSED] - tap(findTestObject("Simulasi Kredit/Simulasi Kredit - Asuransi/Asuransi_Hitung"), 0): Tapped on element 'Object Repository/Simulasi Kredit/Simulasi Kredit - Asuransi/Asuransi_Hitung'

2019-11-27 10:40:49 - [MESSAGE][WARNING] - Timeout '0' is invalid. Using default page load timeout: '30'

2019-11-27 10:40:51 - [MESSAGE][PASSED] - Tapped on element 'Object Repository/Simulasi Kredit/Simulasi Kredit - Asuransi/Asuransi_Hitung'

2019-11-27 10:40:51 - [TEST_STEP][PASSED] - delay(30, STOP_ON_FAILURE): Delayed 30 second(s)

2019-11-27 10:41:21 - [MESSAGE][PASSED] - Delayed 30 second(s)

2019-11-27 10:41:21 - [TEST_STEP][PASSED] - tap(findTestObject("Simulasi Kredit/Simulasi Kredit - Asuransi/Asuransi_Berikutnya"), 0): Tapped on element 'Object Repository/Simulasi Kredit/Simulasi Kredit - Asuransi/Asuransi_Berikutnya'

2019-11-27 10:41:22 - [MESSAGE][WARNING] - Timeout '0' is invalid. Using default page load timeout: '30'

2019-11-27 10:41:24 - [MESSAGE][PASSED] - Tapped on element 'Object Repository/Simulasi Kredit/Simulasi Kredit - Asuransi/Asuransi_Berikutnya'

2019-11-27 10:41:24 - [MESSAGE][PASSED] - Call Test Case 'Test Cases/Data Entry/Simulasi Kredit/Simulasi Kredit - Asuransi/MASTER FLOW/TC_Asuransi - MASTER FLOW' successfully

2019-11-27 10:41:24 - [TEST_STEP][PASSED] - callTestCase(findTestCase("Data Entry/Simulasi Kredit/Kategori Loan/MASTER FLOW/TC_Kategori Loan - Master FLOW"), ["varOpsiNPWP":varOpsiNPWP], STOP_ON_FAILURE): Call Test Case 'Test Cases/Data Entry/Simulasi Kredit/Kategori Loan/MASTER FLOW/TC_Kategori Loan - Master FLOW' successfully

2019-11-27 10:41:24 - [TEST_CASE][PASSED] - Test Cases/Data Entry/Simulasi Kredit/Kategori Loan/MASTER FLOW/TC_Kategori Loan - Master FLOW: Test Cases/Data Entry/Simulasi Kredit/Kategori Loan/MASTER FLOW/TC_Kategori Loan - Master FLOW

2019-11-27 10:41:24 - [TEST_STEP][PASSED] - switch (varOpsiNPWP.toString()): null

2019-11-27 10:41:24 - [TEST_STEP][PASSED] - case "Approval":: null

2019-11-27 10:41:24 - [TEST_STEP][PASSED] - tap(findTestObject("Simulasi Kredit/Simulasi Kredit - Kategori Loan/KategoriLoan_Opsi NPWP Approval"), 0): Tapped on element 'Object Repository/Simulasi Kredit/Simulasi Kredit - Kategori Loan/KategoriLoan_Opsi NPWP Approval'

2019-11-27 10:41:24 - [MESSAGE][WARNING] - Timeout '0' is invalid. Using default page load timeout: '30'

2019-11-27 10:41:26 - [MESSAGE][PASSED] - Tapped on element 'Object Repository/Simulasi Kredit/Simulasi Kredit - Kategori Loan/KategoriLoan_Opsi NPWP Approval'

2019-11-27 10:41:26 - [TEST_STEP][PASSED] - break: null

2019-11-27 10:41:26 - [TEST_STEP][PASSED] - delay(2, STOP_ON_FAILURE): Delayed 2 second(s)

2019-11-27 10:41:28 - [MESSAGE][PASSED] - Delayed 2 second(s)

2019-11-27 10:41:28 - [TEST_STEP][PASSED] - tap(findTestObject("Simulasi Kredit/Simulasi Kredit - Kategori Loan/KategoriLoan_Berikutnya"), 0): Tapped on element 'Object Repository/Simulasi Kredit/Simulasi Kredit - Kategori Loan/KategoriLoan_Berikutnya'

2019-11-27 10:41:28 - [MESSAGE][WARNING] - Timeout '0' is invalid. Using default page load timeout: '30'

2019-11-27 10:41:31 - [MESSAGE][PASSED] - Tapped on element 'Object Repository/Simulasi Kredit/Simulasi Kredit - Kategori Loan/KategoriLoan_Berikutnya'

2019-11-27 10:41:31 - [MESSAGE][PASSED] - Call Test Case 'Test Cases/Data Entry/Simulasi Kredit/Kategori Loan/MASTER FLOW/TC_Kategori Loan - Master FLOW' successfully

2019-11-27 10:41:31 - [TEST_STEP][PASSED] - callTestCase(findTestCase("Data Entry/Simulasi Kredit/Loan Detail/MASTER FLOW/TC_Loan Detail - MASTER FLOW"), [:], STOP_ON_FAILURE): Call Test Case 'Test Cases/Data Entry/Simulasi Kredit/Loan Detail/MASTER FLOW/TC_Loan Detail - MASTER FLOW' successfully

2019-11-27 10:41:31 - [TEST_CASE][PASSED] - Test Cases/Data Entry/Simulasi Kredit/Loan Detail/MASTER FLOW/TC_Loan Detail - MASTER FLOW: Test Cases/Data Entry/Simulasi Kredit/Loan Detail/MASTER FLOW/TC_Loan Detail - MASTER FLOW

2019-11-27 10:41:31 - [TEST_STEP][PASSED] - mobile.mobileSwipe.RightLeft(0.9, 0.5, 600): mobile.mobileSwipe.RightLeft is PASSED

2019-11-27 10:41:32 - [MESSAGE][PASSED] - Current device physical width is 1080

2019-11-27 10:41:33 - [MESSAGE][PASSED] - Current device physical height is 2131

2019-11-27 10:41:33 - [MESSAGE][INFO] - Device Height : 2131

2019-11-27 10:41:33 - [MESSAGE][INFO] - Device Width : 1080

2019-11-27 10:41:33 - [MESSAGE][INFO] - Swipe start at Width : 971

2019-11-27 10:41:33 - [MESSAGE][INFO] - Swipe end at Witdh : 540

2019-11-27 10:41:33 - [MESSAGE][INFO] - Y Position : 600

2019-11-27 10:41:35 - [MESSAGE][PASSED] - Swiped from 971,600 to 540,600

2019-11-27 10:41:35 - [MESSAGE][PASSED] - mobile.mobileSwipe.RightLeft is PASSED

2019-11-27 10:41:35 - [TEST_STEP][PASSED] - delay(3, STOP_ON_FAILURE): Delayed 3 second(s)

2019-11-27 10:41:38 - [MESSAGE][PASSED] - Delayed 3 second(s)

2019-11-27 10:41:38 - [TEST_STEP][PASSED] - mobile.mobileSwipe.UpDown(0.8, 0.4, 1000): mobile.mobileSwipe.UpDown is PASSED

2019-11-27 10:41:39 - [MESSAGE][PASSED] - Current device physical height is 2131

2019-11-27 10:41:39 - [MESSAGE][INFO] - Device Height : 2131

2019-11-27 10:41:40 - [MESSAGE][PASSED] - Current device physical width is 1080

2019-11-27 10:41:40 - [MESSAGE][INFO] - Device Width : 1080

2019-11-27 10:41:40 - [MESSAGE][INFO] - Swipe start at Height : 1704

2019-11-27 10:41:40 - [MESSAGE][INFO] - Swipe end at Height : 852

2019-11-27 10:41:40 - [MESSAGE][INFO] - X Position : 1000

2019-11-27 10:41:42 - [MESSAGE][PASSED] - Swiped from 1,000,1,704 to 1,000,852

2019-11-27 10:41:42 - [MESSAGE][PASSED] - mobile.mobileSwipe.UpDown is PASSED

2019-11-27 10:41:42 - [TEST_STEP][PASSED] - delay(7, STOP_ON_FAILURE): Delayed 7 second(s)

2019-11-27 10:41:49 - [MESSAGE][PASSED] - Delayed 7 second(s)

2019-11-27 10:41:49 - [TEST_STEP][PASSED] - tap(findTestObject("Simulasi Kredit/Simulasi Kredit - Loan Detail/LoanDetail_Hitung"), 0): Tapped on element 'Object Repository/Simulasi Kredit/Simulasi Kredit - Loan Detail/LoanDetail_Hitung'

2019-11-27 10:41:49 - [MESSAGE][WARNING] - Timeout '0' is invalid. Using default page load timeout: '30'

2019-11-27 10:41:52 - [MESSAGE][PASSED] - Tapped on element 'Object Repository/Simulasi Kredit/Simulasi Kredit - Loan Detail/LoanDetail_Hitung'

2019-11-27 10:41:52 - [TEST_STEP][PASSED] - delay(30, STOP_ON_FAILURE): Delayed 30 second(s)

2019-11-27 10:42:22 - [MESSAGE][PASSED] - Delayed 30 second(s)

2019-11-27 10:42:22 - [TEST_STEP][PASSED] - tap(findTestObject("Simulasi Kredit/Simulasi Kredit - Loan Detail/LoanDetail_Berikutnya"), 0): Tapped on element 'Object Repository/Simulasi Kredit/Simulasi Kredit - Loan Detail/LoanDetail_Berikutnya'

2019-11-27 10:42:22 - [MESSAGE][WARNING] - Timeout '0' is invalid. Using default page load timeout: '30'

2019-11-27 10:42:24 - [MESSAGE][PASSED] - Tapped on element 'Object Repository/Simulasi Kredit/Simulasi Kredit - Loan Detail/LoanDetail_Berikutnya'

2019-11-27 10:42:24 - [TEST_STEP][PASSED] - delay(10, STOP_ON_FAILURE): Delayed 10 second(s)

2019-11-27 10:42:34 - [MESSAGE][PASSED] - Delayed 10 second(s)

2019-11-27 10:42:34 - [TEST_STEP][PASSED] - tap(findTestObject("Simulasi Kredit/Simulasi Kredit - Loan Detail/LoanDetail_Berikutnya"), 0): Tapped on element 'Object Repository/Simulasi Kredit/Simulasi Kredit - Loan Detail/LoanDetail_Berikutnya'

2019-11-27 10:42:35 - [MESSAGE][WARNING] - Timeout '0' is invalid. Using default page load timeout: '30'

2019-11-27 10:42:36 - [MESSAGE][PASSED] - Tapped on element 'Object Repository/Simulasi Kredit/Simulasi Kredit - Loan Detail/LoanDetail_Berikutnya'

2019-11-27 10:42:36 - [TEST_STEP][PASSED] - delay(10, STOP_ON_FAILURE): Delayed 10 second(s)

2019-11-27 10:42:46 - [MESSAGE][PASSED] - Delayed 10 second(s)

2019-11-27 10:42:46 - [MESSAGE][PASSED] - Call Test Case 'Test Cases/Data Entry/Simulasi Kredit/Loan Detail/MASTER FLOW/TC_Loan Detail - MASTER FLOW' successfully

2019-11-27 10:42:46 - [TEST_STEP][PASSED] - callTestCase(findTestCase("Data Entry/Upload Document/Borrower/MASTER FLOW/TC_Upload Document - borrower - MASTER FLOW"), ["Borrower_varKTP":Borrower_varKTP], STOP_ON_FAILURE): Call Test Case 'Test Cases/Data Entry/Upload Document/Borrower/MASTER FLOW/TC_Upload Document - borrower - MASTER FLOW' successfully

2019-11-27 10:42:46 - [TEST_CASE][PASSED] - Test Cases/Data Entry/Upload Document/Borrower/MASTER FLOW/TC_Upload Document - borrower - MASTER FLOW: Test Cases/Data Entry/Upload Document/Borrower/MASTER FLOW/TC_Upload Document - borrower - MASTER FLOW

2019-11-27 10:42:47 - [TEST_STEP][PASSED] - tap(findTestObject("Upload Document/Upload Document - Item Upload/UnggahDokumen_BtnKTP"), 0): Tapped on element 'Object Repository/Upload Document/Upload Document - Item Upload/UnggahDokumen_BtnKTP'

2019-11-27 10:42:47 - [MESSAGE][WARNING] - Timeout '0' is invalid. Using default page load timeout: '30'

2019-11-27 10:42:48 - [MESSAGE][PASSED] - Tapped on element 'Object Repository/Upload Document/Upload Document - Item Upload/UnggahDokumen_BtnKTP'

2019-11-27 10:42:48 - [TEST_STEP][PASSED] - if (verifyElementVisible(findTestObject("Upload Document/Upload Document - Item Upload/UnggahDokumen_BtnGallery"), 3, OPTIONAL)): Element 'Object Repository/Upload Document/Upload Document - Item Upload/UnggahDokumen_BtnGallery' not found

2019-11-27 10:42:54 - [MESSAGE][WARNING] - Element 'Object Repository/Upload Document/Upload Document - Item Upload/UnggahDokumen_BtnGallery' not found
[[ATTACHMENT|C:\\Users\\15420\\git\\ACCME-Dupcheck\\Reports\\20191127_103728\\data entry dupcek\\20191127_103728\\1574826172379.png]]

2019-11-27 10:42:54 - [TEST_STEP][PASSED] - else: Tapped on element 'Object Repository/Upload Document/android.view.View168 -  Gallery'

2019-11-27 10:42:54 - [TEST_STEP][PASSED] - tap(findTestObject("Upload Document/android.view.View168 -  Gallery"), 0): Tapped on element 'Object Repository/Upload Document/android.view.View168 -  Gallery'

2019-11-27 10:42:54 - [MESSAGE][WARNING] - Timeout '0' is invalid. Using default page load timeout: '30'

2019-11-27 10:42:58 - [MESSAGE][PASSED] - Tapped on element 'Object Repository/Upload Document/android.view.View168 -  Gallery'

2019-11-27 10:42:58 - [TEST_STEP][PASSED] - scrollToText(Borrower_varKTP, STOP_ON_FAILURE): Scrolling to text 'abc.jpg' successfully

2019-11-27 10:42:59 - [MESSAGE][PASSED] - Scrolling to text 'abc.jpg' successfully

2019-11-27 10:42:59 - [TEST_STEP][PASSED] - tap(findTestObject("dynamic object/pickListItem_TextView", ["text":Borrower_varKTP]), 0): Tapped on element 'Object Repository/dynamic object/pickListItem_TextView'

2019-11-27 10:42:59 - [MESSAGE][WARNING] - Timeout '0' is invalid. Using default page load timeout: '30'

2019-11-27 10:43:01 - [MESSAGE][PASSED] - Tapped on element 'Object Repository/dynamic object/pickListItem_TextView'

2019-11-27 10:43:01 - [TEST_STEP][PASSED] - delay(10, STOP_ON_FAILURE): Delayed 10 second(s)

2019-11-27 10:43:11 - [MESSAGE][PASSED] - Delayed 10 second(s)

2019-11-27 10:43:11 - [MESSAGE][PASSED] - Call Test Case 'Test Cases/Data Entry/Upload Document/Borrower/MASTER FLOW/TC_Upload Document - borrower - MASTER FLOW' successfully

2019-11-27 10:43:11 - [TEST_STEP][PASSED] - tap(findTestObject("dynamic object/BtnBerikutnya"), 0): Tapped on element 'Object Repository/dynamic object/BtnBerikutnya'

2019-11-27 10:43:11 - [MESSAGE][WARNING] - Timeout '0' is invalid. Using default page load timeout: '30'

2019-11-27 10:43:14 - [MESSAGE][PASSED] - Tapped on element 'Object Repository/dynamic object/BtnBerikutnya'

2019-11-27 10:43:14 - [TEST_STEP][PASSED] - delay(30, STOP_ON_FAILURE): Delayed 30 second(s)

2019-11-27 10:43:44 - [MESSAGE][PASSED] - Delayed 30 second(s)

2019-11-27 10:43:44 - [TEST_STEP][FAILED] - callTestCase(findTestCase("Data Entry/Borrower/Flow Borrower"), ["BIvarNoKTP":BIvarNoKTP, "BIvarAgama":BIvarAgama, "BIvarStatusPerkawinan":BIvarStatusPerkawinan, "BEvarRT":BEvarRT, "BEvarRW":BEvarRW, ... ], STOP_ON_FAILURE): Unable to call Test Case 'Test Cases/Data Entry/Borrower/Flow Borrower' (Root cause: com.kms.katalon.core.exception.StepFailedException: Call Test Case 'Test Cases/Data Entry/Borrower/Flow Borrower' failed
	at com.kms.katalon.core.keyword.builtin.CallTestCaseKeyword$_callTestCase_closure1.doCall(CallTestCaseKeyword.groovy:63)
	at com.kms.katalon.core.keyword.builtin.CallTestCaseKeyword$_callTestCase_closure1.call(CallTestCaseKeyword.groovy)
	at com.kms.katalon.core.keyword.internal.KeywordMain.runKeyword(KeywordMain.groovy:68)
	at com.kms.katalon.core.keyword.builtin.CallTestCaseKeyword.callTestCase(CallTestCaseKeyword.groovy:81)
	at com.kms.katalon.core.keyword.builtin.CallTestCaseKeyword.execute(CallTestCaseKeyword.groovy:44)
	at com.kms.katalon.core.keyword.internal.KeywordExecutor.executeKeywordForPlatform(KeywordExecutor.groovy:60)
	at com.kms.katalon.core.keyword.BuiltinKeywords.callTestCase(BuiltinKeywords.groovy:334)
	at TC_Data Entry.run(TC_Data Entry:42)
	at com.kms.katalon.core.main.ScriptEngine.run(ScriptEngine.java:194)
	at com.kms.katalon.core.main.ScriptEngine.runScriptAsRawText(ScriptEngine.java:119)
	at com.kms.katalon.core.main.TestCaseExecutor.runScript(TestCaseExecutor.java:337)
	at com.kms.katalon.core.main.TestCaseExecutor.doExecute(TestCaseExecutor.java:328)
	at com.kms.katalon.core.main.TestCaseExecutor.processExecutionPhase(TestCaseExecutor.java:307)
	at com.kms.katalon.core.main.TestCaseExecutor.accessMainPhase(TestCaseExecutor.java:299)
	at com.kms.katalon.core.main.TestCaseExecutor.execute(TestCaseExecutor.java:233)
	at com.kms.katalon.core.main.TestSuiteExecutor.accessTestCaseMainPhase(TestSuiteExecutor.java:169)
	at com.kms.katalon.core.main.TestSuiteExecutor.accessTestSuiteMainPhase(TestSuiteExecutor.java:142)
	at com.kms.katalon.core.main.TestSuiteExecutor.execute(TestSuiteExecutor.java:91)
	at com.kms.katalon.core.main.TestCaseMain.startTestSuite(TestCaseMain.java:157)
	at com.kms.katalon.core.main.TestCaseMain$startTestSuite$0.call(Unknown Source)
	at TempTestSuite1574825848461.run(TempTestSuite1574825848461.groovy:36)
Caused by: com.kms.katalon.core.exception.StepFailedException: Call Test Case 'Test Cases/Data Entry/Borrower/Borrower - Pekerjaan/MASTER FLOW/TC_Borrower - Pekerjaan - MASTER FLOW' failed
	at com.kms.katalon.core.keyword.builtin.CallTestCaseKeyword$_callTestCase_closure1.doCall(CallTestCaseKeyword.groovy:63)
	at com.kms.katalon.core.keyword.builtin.CallTestCaseKeyword$_callTestCase_closure1.call(CallTestCaseKeyword.groovy)
	at com.kms.katalon.core.keyword.internal.KeywordMain.runKeyword(KeywordMain.groovy:68)
	at com.kms.katalon.core.keyword.builtin.CallTestCaseKeyword.callTestCase(CallTestCaseKeyword.groovy:81)
	at com.kms.katalon.core.keyword.builtin.CallTestCaseKeyword.execute(CallTestCaseKeyword.groovy:44)
	at com.kms.katalon.core.keyword.internal.KeywordExecutor.executeKeywordForPlatform(KeywordExecutor.groovy:60)
	at com.kms.katalon.core.keyword.BuiltinKeywords.callTestCase(BuiltinKeywords.groovy:334)
	at Flow Borrower.run(Flow Borrower:42)
	at com.kms.katalon.core.main.ScriptEngine.run(ScriptEngine.java:194)
	at com.kms.katalon.core.main.ScriptEngine.runScriptAsRawText(ScriptEngine.java:119)
	at com.kms.katalon.core.main.TestCaseExecutor.runScript(TestCaseExecutor.java:337)
	at com.kms.katalon.core.main.TestCaseExecutor.doExecute(TestCaseExecutor.java:328)
	at com.kms.katalon.core.main.TestCaseExecutor.processExecutionPhase(TestCaseExecutor.java:307)
	at com.kms.katalon.core.main.TestCaseExecutor.accessMainPhase(TestCaseExecutor.java:299)
	at com.kms.katalon.core.main.TestCaseExecutor.execute(TestCaseExecutor.java:233)
	at com.kms.katalon.core.main.TestCaseMain.runTestCase(TestCaseMain.java:114)
	at com.kms.katalon.core.keyword.builtin.CallTestCaseKeyword$_callTestCase_closure1.doCall(CallTestCaseKeyword.groovy:59)
	... 20 more
Caused by: com.kms.katalon.core.exception.StepFailedException: Object Object Repository/Borrower/Borrower - Pekerjaan/Borrower_Pekerjaan_InpPekerjaan not found
	at com.kms.katalon.core.keyword.internal.KeywordMain.stepFailed(KeywordMain.groovy:50)
	at com.kms.katalon.core.mobile.keyword.internal.MobileKeywordMain.stepFailed(MobileKeywordMain.groovy:40)
	at com.kms.katalon.core.mobile.keyword.builtin.GetTextKeyword$_getText_closure1.doCall(GetTextKeyword.groovy:74)
	at com.kms.katalon.core.mobile.keyword.builtin.GetTextKeyword$_getText_closure1.call(GetTextKeyword.groovy)
	at com.kms.katalon.core.mobile.keyword.internal.MobileKeywordMain.runKeyword(MobileKeywordMain.groovy:21)
	at com.kms.katalon.core.mobile.keyword.builtin.GetTextKeyword.getText(GetTextKeyword.groovy:80)
	at com.kms.katalon.core.mobile.keyword.builtin.GetTextKeyword.execute(GetTextKeyword.groovy:64)
	at com.kms.katalon.core.keyword.internal.KeywordExecutor.executeKeywordForPlatform(KeywordExecutor.groovy:60)
	at com.kms.katalon.core.mobile.keyword.MobileBuiltInKeywords.getText(MobileBuiltInKeywords.groovy:458)
	at com.kms.katalon.core.mobile.keyword.MobileBuiltInKeywords$getText$13.call(Unknown Source)
	at TC_Borrower - Pekerjaan - MASTER FLOW.run(TC_Borrower - Pekerjaan - MASTER FLOW:16)
	at com.kms.katalon.core.main.ScriptEngine.run(ScriptEngine.java:194)
	at com.kms.katalon.core.main.ScriptEngine.runScriptAsRawText(ScriptEngine.java:119)
	at com.kms.katalon.core.main.TestCaseExecutor.runScript(TestCaseExecutor.java:337)
	at com.kms.katalon.core.main.TestCaseExecutor.doExecute(TestCaseExecutor.java:328)
	at com.kms.katalon.core.main.TestCaseExecutor.processExecutionPhase(TestCaseExecutor.java:307)
	at com.kms.katalon.core.main.TestCaseExecutor.accessMainPhase(TestCaseExecutor.java:299)
	at com.kms.katalon.core.main.TestCaseExecutor.execute(TestCaseExecutor.java:233)
	at com.kms.katalon.core.main.TestCaseMain.runTestCase(TestCaseMain.java:114)
	at com.kms.katalon.core.keyword.builtin.CallTestCaseKeyword$_callTestCase_closure1.doCall(CallTestCaseKeyword.groovy:59)
	... 36 more
)

2019-11-27 10:43:44 - [TEST_CASE][FAILED] - Test Cases/Data Entry/Borrower/Flow Borrower: Test Cases/Data Entry/Borrower/Flow Borrower FAILED.
Reason:
com.kms.katalon.core.exception.StepFailedException: Call Test Case 'Test Cases/Data Entry/Borrower/Borrower - Pekerjaan/MASTER FLOW/TC_Borrower - Pekerjaan - MASTER FLOW' failed
	at com.kms.katalon.core.keyword.builtin.CallTestCaseKeyword$_callTestCase_closure1.doCall(CallTestCaseKeyword.groovy:63)
	at com.kms.katalon.core.keyword.builtin.CallTestCaseKeyword$_callTestCase_closure1.call(CallTestCaseKeyword.groovy)
	at com.kms.katalon.core.keyword.internal.KeywordMain.runKeyword(KeywordMain.groovy:68)
	at com.kms.katalon.core.keyword.builtin.CallTestCaseKeyword.callTestCase(CallTestCaseKeyword.groovy:81)
	at com.kms.katalon.core.keyword.builtin.CallTestCaseKeyword.execute(CallTestCaseKeyword.groovy:44)
	at com.kms.katalon.core.keyword.internal.KeywordExecutor.executeKeywordForPlatform(KeywordExecutor.groovy:60)
	at com.kms.katalon.core.keyword.BuiltinKeywords.callTestCase(BuiltinKeywords.groovy:334)
	at Flow Borrower.run(Flow Borrower:42)
	at com.kms.katalon.core.main.ScriptEngine.run(ScriptEngine.java:194)
	at com.kms.katalon.core.main.ScriptEngine.runScriptAsRawText(ScriptEngine.java:119)
	at com.kms.katalon.core.main.TestCaseExecutor.runScript(TestCaseExecutor.java:337)
	at com.kms.katalon.core.main.TestCaseExecutor.doExecute(TestCaseExecutor.java:328)
	at com.kms.katalon.core.main.TestCaseExecutor.processExecutionPhase(TestCaseExecutor.java:307)
	at com.kms.katalon.core.main.TestCaseExecutor.accessMainPhase(TestCaseExecutor.java:299)
	at com.kms.katalon.core.main.TestCaseExecutor.execute(TestCaseExecutor.java:233)
	at com.kms.katalon.core.main.TestCaseMain.runTestCase(TestCaseMain.java:114)
	at com.kms.katalon.core.keyword.builtin.CallTestCaseKeyword$_callTestCase_closure1.doCall(CallTestCaseKeyword.groovy:59)
	at com.kms.katalon.core.keyword.builtin.CallTestCaseKeyword$_callTestCase_closure1.call(CallTestCaseKeyword.groovy)
	at com.kms.katalon.core.keyword.internal.KeywordMain.runKeyword(KeywordMain.groovy:68)
	at com.kms.katalon.core.keyword.builtin.CallTestCaseKeyword.callTestCase(CallTestCaseKeyword.groovy:81)
	at com.kms.katalon.core.keyword.builtin.CallTestCaseKeyword.execute(CallTestCaseKeyword.groovy:44)
	at com.kms.katalon.core.keyword.internal.KeywordExecutor.executeKeywordForPlatform(KeywordExecutor.groovy:60)
	at com.kms.katalon.core.keyword.BuiltinKeywords.callTestCase(BuiltinKeywords.groovy:334)
	at TC_Data Entry.run(TC_Data Entry:42)
	at com.kms.katalon.core.main.ScriptEngine.run(ScriptEngine.java:194)
	at com.kms.katalon.core.main.ScriptEngine.runScriptAsRawText(ScriptEngine.java:119)
	at com.kms.katalon.core.main.TestCaseExecutor.runScript(TestCaseExecutor.java:337)
	at com.kms.katalon.core.main.TestCaseExecutor.doExecute(TestCaseExecutor.java:328)
	at com.kms.katalon.core.main.TestCaseExecutor.processExecutionPhase(TestCaseExecutor.java:307)
	at com.kms.katalon.core.main.TestCaseExecutor.accessMainPhase(TestCaseExecutor.java:299)
	at com.kms.katalon.core.main.TestCaseExecutor.execute(TestCaseExecutor.java:233)
	at com.kms.katalon.core.main.TestSuiteExecutor.accessTestCaseMainPhase(TestSuiteExecutor.java:169)
	at com.kms.katalon.core.main.TestSuiteExecutor.accessTestSuiteMainPhase(TestSuiteExecutor.java:142)
	at com.kms.katalon.core.main.TestSuiteExecutor.execute(TestSuiteExecutor.java:91)
	at com.kms.katalon.core.main.TestCaseMain.startTestSuite(TestCaseMain.java:157)
	at com.kms.katalon.core.main.TestCaseMain$startTestSuite$0.call(Unknown Source)
	at TempTestSuite1574825848461.run(TempTestSuite1574825848461.groovy:36)
Caused by: com.kms.katalon.core.exception.StepFailedException: Object Object Repository/Borrower/Borrower - Pekerjaan/Borrower_Pekerjaan_InpPekerjaan not found
	at com.kms.katalon.core.keyword.internal.KeywordMain.stepFailed(KeywordMain.groovy:50)
	at com.kms.katalon.core.mobile.keyword.internal.MobileKeywordMain.stepFailed(MobileKeywordMain.groovy:40)
	at com.kms.katalon.core.mobile.keyword.builtin.GetTextKeyword$_getText_closure1.doCall(GetTextKeyword.groovy:74)
	at com.kms.katalon.core.mobile.keyword.builtin.GetTextKeyword$_getText_closure1.call(GetTextKeyword.groovy)
	at com.kms.katalon.core.mobile.keyword.internal.MobileKeywordMain.runKeyword(MobileKeywordMain.groovy:21)
	at com.kms.katalon.core.mobile.keyword.builtin.GetTextKeyword.getText(GetTextKeyword.groovy:80)
	at com.kms.katalon.core.mobile.keyword.builtin.GetTextKeyword.execute(GetTextKeyword.groovy:64)
	at com.kms.katalon.core.keyword.internal.KeywordExecutor.executeKeywordForPlatform(KeywordExecutor.groovy:60)
	at com.kms.katalon.core.mobile.keyword.MobileBuiltInKeywords.getText(MobileBuiltInKeywords.groovy:458)
	at com.kms.katalon.core.mobile.keyword.MobileBuiltInKeywords$getText$13.call(Unknown Source)
	at TC_Borrower - Pekerjaan - MASTER FLOW.run(TC_Borrower - Pekerjaan - MASTER FLOW:16)
	at com.kms.katalon.core.main.ScriptEngine.run(ScriptEngine.java:194)
	at com.kms.katalon.core.main.ScriptEngine.runScriptAsRawText(ScriptEngine.java:119)
	at com.kms.katalon.core.main.TestCaseExecutor.runScript(TestCaseExecutor.java:337)
	at com.kms.katalon.core.main.TestCaseExecutor.doExecute(TestCaseExecutor.java:328)
	at com.kms.katalon.core.main.TestCaseExecutor.processExecutionPhase(TestCaseExecutor.java:307)
	at com.kms.katalon.core.main.TestCaseExecutor.accessMainPhase(TestCaseExecutor.java:299)
	at com.kms.katalon.core.main.TestCaseExecutor.execute(TestCaseExecutor.java:233)
	at com.kms.katalon.core.main.TestCaseMain.runTestCase(TestCaseMain.java:114)
	at com.kms.katalon.core.keyword.builtin.CallTestCaseKeyword$_callTestCase_closure1.doCall(CallTestCaseKeyword.groovy:59)
	... 36 more


2019-11-27 10:43:46 - [TEST_STEP][PASSED] - callTestCase(findTestCase("Data Entry/Borrower/Borrower - Identitas/MASTER FLOW/TC_Borrower - Identitas - MASTER FLOW"), ["BIvarNoKTP":BIvarNoKTP, "BIvarAgama":BIvarAgama, "BIvarStatusPerkawinan":BIvarStatusPerkawinan, "BIvarTempatLahir":BIvarTempatLahir, ... ], STOP_ON_FAILURE): Call Test Case 'Test Cases/Data Entry/Borrower/Borrower - Identitas/MASTER FLOW/TC_Borrower - Identitas - MASTER FLOW' successfully

2019-11-27 10:43:46 - [TEST_CASE][PASSED] - Test Cases/Data Entry/Borrower/Borrower - Identitas/MASTER FLOW/TC_Borrower - Identitas - MASTER FLOW: Test Cases/Data Entry/Borrower/Borrower - Identitas/MASTER FLOW/TC_Borrower - Identitas - MASTER FLOW

2019-11-27 10:43:47 - [TEST_STEP][PASSED] - setText(findTestObject("Borrower/Borrower - Identitas/Borrower_InpNoKTP"), BIvarNoKTP, 0): Text '3674021808760010' has been set to element 'Object Repository/Borrower/Borrower - Identitas/Borrower_InpNoKTP'

2019-11-27 10:43:47 - [MESSAGE][WARNING] - Timeout '0' is invalid. Using default page load timeout: '30'

2019-11-27 10:43:50 - [MESSAGE][PASSED] - Text '3674021808760010' has been set to element 'Object Repository/Borrower/Borrower - Identitas/Borrower_InpNoKTP'

2019-11-27 10:43:50 - [TEST_STEP][PASSED] - tap(findTestObject("Borrower/Borrower - Identitas/Borrower_BtnMasaBerlaku-SeumurHidup"), 0): Tapped on element 'Object Repository/Borrower/Borrower - Identitas/Borrower_BtnMasaBerlaku-SeumurHidup'

2019-11-27 10:43:50 - [MESSAGE][WARNING] - Timeout '0' is invalid. Using default page load timeout: '30'

2019-11-27 10:43:53 - [MESSAGE][PASSED] - Tapped on element 'Object Repository/Borrower/Borrower - Identitas/Borrower_BtnMasaBerlaku-SeumurHidup'

2019-11-27 10:43:53 - [TEST_STEP][PASSED] - setText(findTestObject("Borrower/Borrower - Identitas/Borrower_InpNamaSesuaiIdentitas"), BIvarNama, 0): Text 'MUSA PRIAGUS' has been set to element 'Object Repository/Borrower/Borrower - Identitas/Borrower_InpNamaSesuaiIdentitas'

2019-11-27 10:43:54 - [MESSAGE][WARNING] - Timeout '0' is invalid. Using default page load timeout: '30'

2019-11-27 10:43:57 - [MESSAGE][PASSED] - Text 'MUSA PRIAGUS' has been set to element 'Object Repository/Borrower/Borrower - Identitas/Borrower_InpNamaSesuaiIdentitas'

2019-11-27 10:43:57 - [TEST_STEP][PASSED] - if (BIvarJenkel == "LK"): Tapped on element 'Object Repository/Borrower/Borrower - Identitas/Borrower_BtnJenisKelamin-LakiLaki'

2019-11-27 10:43:57 - [TEST_STEP][PASSED] - tap(findTestObject("Borrower/Borrower - Identitas/Borrower_BtnJenisKelamin-LakiLaki"), 0): Tapped on element 'Object Repository/Borrower/Borrower - Identitas/Borrower_BtnJenisKelamin-LakiLaki'

2019-11-27 10:43:57 - [MESSAGE][WARNING] - Timeout '0' is invalid. Using default page load timeout: '30'

2019-11-27 10:44:00 - [MESSAGE][PASSED] - Tapped on element 'Object Repository/Borrower/Borrower - Identitas/Borrower_BtnJenisKelamin-LakiLaki'

2019-11-27 10:44:00 - [TEST_STEP][PASSED] - setText(findTestObject("Borrower/Borrower - Identitas/Borrower_InpTempatLahir"), BIvarTempatLahir, 0): Text 'JAKARTA' has been set to element 'Object Repository/Borrower/Borrower - Identitas/Borrower_InpTempatLahir'

2019-11-27 10:44:00 - [MESSAGE][WARNING] - Timeout '0' is invalid. Using default page load timeout: '30'

2019-11-27 10:44:04 - [MESSAGE][PASSED] - Text 'JAKARTA' has been set to element 'Object Repository/Borrower/Borrower - Identitas/Borrower_InpTempatLahir'

2019-11-27 10:44:04 - [TEST_STEP][PASSED] - tap(findTestObject("Borrower/Borrower - Identitas/Borrower_InpTempatLahir"), 0, STOP_ON_FAILURE): Tapped on element 'Object Repository/Borrower/Borrower - Identitas/Borrower_InpTempatLahir'

2019-11-27 10:44:04 - [MESSAGE][WARNING] - Timeout '0' is invalid. Using default page load timeout: '30'

2019-11-27 10:44:07 - [MESSAGE][PASSED] - Tapped on element 'Object Repository/Borrower/Borrower - Identitas/Borrower_InpTempatLahir'

2019-11-27 10:44:07 - [TEST_STEP][PASSED] - mobile.picklist.List(findTestObject("Borrower/Borrower - Identitas/Borrower_TxtTempatLahir"), STOP_ON_FAILURE): mobile.picklist.List is PASSED

2019-11-27 10:44:07 - [MESSAGE][WARNING] - Timeout '0' is invalid. Using default page load timeout: '30'

2019-11-27 10:44:09 - [MESSAGE][PASSED] - Object 'Object Repository/Borrower/Borrower - Identitas/Borrower_TxtTempatLahir' has top position '1,805'

2019-11-27 10:44:09 - [MESSAGE][WARNING] - Timeout '0' is invalid. Using default page load timeout: '30'

2019-11-27 10:44:10 - [MESSAGE][PASSED] - Object 'Object Repository/Borrower/Borrower - Identitas/Borrower_TxtTempatLahir' has left position '76'

2019-11-27 10:44:10 - [MESSAGE][PASSED] - Tapped at [76, 1,920]

2019-11-27 10:44:10 - [MESSAGE][PASSED] - mobile.picklist.List is PASSED

2019-11-27 10:44:10 - [TEST_STEP][PASSED] - mobile.mobileSwipe.UpDown(0.8, 0.2, 1000): mobile.mobileSwipe.UpDown is PASSED

2019-11-27 10:44:11 - [MESSAGE][PASSED] - Current device physical height is 2131

2019-11-27 10:44:11 - [MESSAGE][INFO] - Device Height : 2131

2019-11-27 10:44:12 - [MESSAGE][PASSED] - Current device physical width is 1080

2019-11-27 10:44:12 - [MESSAGE][INFO] - Device Width : 1080

2019-11-27 10:44:12 - [MESSAGE][INFO] - Swipe start at Height : 1704

2019-11-27 10:44:12 - [MESSAGE][INFO] - Swipe end at Height : 426

2019-11-27 10:44:12 - [MESSAGE][INFO] - X Position : 1000

2019-11-27 10:44:14 - [MESSAGE][PASSED] - Swiped from 1,000,1,704 to 1,000,426

2019-11-27 10:44:14 - [MESSAGE][PASSED] - mobile.mobileSwipe.UpDown is PASSED

2019-11-27 10:44:14 - [TEST_STEP][PASSED] - delay(2, STOP_ON_FAILURE): Delayed 2 second(s)

2019-11-27 10:44:16 - [MESSAGE][PASSED] - Delayed 2 second(s)

2019-11-27 10:44:16 - [TEST_STEP][PASSED] - tap(findTestObject("Borrower/Borrower - Identitas/Borrower_TxtTanggalLahir"), 0): Tapped on element 'Object Repository/Borrower/Borrower - Identitas/Borrower_TxtTanggalLahir'

2019-11-27 10:44:16 - [MESSAGE][WARNING] - Timeout '0' is invalid. Using default page load timeout: '30'

2019-11-27 10:44:19 - [MESSAGE][PASSED] - Tapped on element 'Object Repository/Borrower/Borrower - Identitas/Borrower_TxtTanggalLahir'

2019-11-27 10:44:19 - [TEST_STEP][PASSED] - delay(2, STOP_ON_FAILURE): Delayed 2 second(s)

2019-11-27 10:44:21 - [MESSAGE][PASSED] - Delayed 2 second(s)

2019-11-27 10:44:21 - [TEST_STEP][PASSED] - callTestCase(findTestCase("dynamic test case/calendar"), ["varTahun":BIvarTahun], STOP_ON_FAILURE): Call Test Case 'Test Cases/dynamic test case/calendar' successfully

2019-11-27 10:44:21 - [TEST_CASE][PASSED] - Test Cases/dynamic test case/calendar: Test Cases/dynamic test case/calendar

2019-11-27 10:44:22 - [TEST_STEP][PASSED] - tap(findTestObject("dynamic object/Calendar_TxtTahun"), 0): Tapped on element 'Object Repository/dynamic object/Calendar_TxtTahun'

2019-11-27 10:44:22 - [MESSAGE][WARNING] - Timeout '0' is invalid. Using default page load timeout: '30'

2019-11-27 10:44:24 - [MESSAGE][PASSED] - Tapped on element 'Object Repository/dynamic object/Calendar_TxtTahun'

2019-11-27 10:44:24 - [TEST_STEP][PASSED] - driver = getDriver(): null

2019-11-27 10:44:24 - [TEST_STEP][PASSED] - xpath = "": null

2019-11-27 10:44:24 - [TEST_STEP][PASSED] - xpath = XPathBuilder.createXPath("TextView"): null

2019-11-27 10:44:24 - [TEST_STEP][PASSED] - listElements = driver.findElementsByXPath(xpath): null

2019-11-27 10:44:24 - [TEST_STEP][PASSED] - if (size() - 1].getText() < varTahun): null

2019-11-27 10:44:24 - [TEST_STEP][PASSED] - else: null

2019-11-27 10:44:24 - [TEST_STEP][PASSED] - varScrollUpDown = "UpToDown": null

2019-11-27 10:44:24 - [TEST_STEP][PASSED] - switch (varScrollUpDown.toString()): null

2019-11-27 10:44:24 - [TEST_STEP][PASSED] - case "UpToDown":: null

2019-11-27 10:44:24 - [TEST_STEP][PASSED] - mobile.swiping.scrollListToElementWithTextUpToDown(varTahun): mobile.swiping.scrollListToElementWithTextUpToDown is PASSED

2019-11-27 10:45:04 - [MESSAGE][PASSED] - mobile.swiping.scrollListToElementWithTextUpToDown is PASSED

2019-11-27 10:45:04 - [TEST_STEP][PASSED] - break: null

2019-11-27 10:45:04 - [TEST_STEP][PASSED] - tap(findTestObject("dynamic object/pickListItem_TextView", ["text":varTahun]), 0): Tapped on element 'Object Repository/dynamic object/pickListItem_TextView'

2019-11-27 10:45:04 - [MESSAGE][WARNING] - Timeout '0' is invalid. Using default page load timeout: '30'

2019-11-27 10:45:06 - [MESSAGE][PASSED] - Tapped on element 'Object Repository/dynamic object/pickListItem_TextView'

2019-11-27 10:45:06 - [TEST_STEP][PASSED] - tap(findTestObject("Borrower/Borrower - Identitas/Click_Tanggal"), 0): Tapped on element 'Object Repository/Borrower/Borrower - Identitas/Click_Tanggal'

2019-11-27 10:45:06 - [MESSAGE][WARNING] - Timeout '0' is invalid. Using default page load timeout: '30'

2019-11-27 10:45:08 - [MESSAGE][PASSED] - Tapped on element 'Object Repository/Borrower/Borrower - Identitas/Click_Tanggal'

2019-11-27 10:45:08 - [TEST_STEP][PASSED] - tap(findTestObject("dynamic object/Calendar_TxtSetel"), 0): Tapped on element 'Object Repository/dynamic object/Calendar_TxtSetel'

2019-11-27 10:45:08 - [MESSAGE][WARNING] - Timeout '0' is invalid. Using default page load timeout: '30'

2019-11-27 10:45:10 - [MESSAGE][PASSED] - Tapped on element 'Object Repository/dynamic object/Calendar_TxtSetel'

2019-11-27 10:45:10 - [MESSAGE][PASSED] - Call Test Case 'Test Cases/dynamic test case/calendar' successfully

2019-11-27 10:45:10 - [TEST_STEP][NOT_RUN] - delay(10, STOP_ON_FAILURE): NOT_RUN: delay(10, STOP_ON_FAILURE)

2019-11-27 10:45:10 - [MESSAGE][NOT_RUN] - NOT_RUN: delay(10, STOP_ON_FAILURE)

2019-11-27 10:45:10 - [TEST_STEP][PASSED] - tap(findTestObject("Borrower/Borrower - Identitas/Borrower_BtnCekDataPelanggan"), 0): Tapped on element 'Object Repository/Borrower/Borrower - Identitas/Borrower_BtnCekDataPelanggan'

2019-11-27 10:45:10 - [MESSAGE][WARNING] - Timeout '0' is invalid. Using default page load timeout: '30'

2019-11-27 10:45:13 - [MESSAGE][PASSED] - Tapped on element 'Object Repository/Borrower/Borrower - Identitas/Borrower_BtnCekDataPelanggan'

2019-11-27 10:45:13 - [TEST_STEP][PASSED] - waitForElementPresent(findTestObject("Borrower/Borrower - Identitas/Borrower_BtnConfirm"), 120): Object Object Repository/Borrower/Borrower - Identitas/Borrower_BtnConfirm not found

2019-11-27 10:47:13 - [MESSAGE][WARNING] - Object Object Repository/Borrower/Borrower - Identitas/Borrower_BtnConfirm not found

2019-11-27 10:47:13 - [TEST_STEP][PASSED] - tap(findTestObject("Borrower/Borrower - Identitas/Borrower_BtnCheckBox"), 60): Tapped on element 'Object Repository/Borrower/Borrower - Identitas/Borrower_BtnCheckBox'

2019-11-27 10:47:21 - [MESSAGE][PASSED] - Tapped on element 'Object Repository/Borrower/Borrower - Identitas/Borrower_BtnCheckBox'

2019-11-27 10:47:21 - [TEST_STEP][PASSED] - tap(findTestObject("Borrower/Borrower - Identitas/Borrower_BtnConfirm"), 0): Tapped on element 'Object Repository/Borrower/Borrower - Identitas/Borrower_BtnConfirm'

2019-11-27 10:47:21 - [MESSAGE][WARNING] - Timeout '0' is invalid. Using default page load timeout: '30'

2019-11-27 10:47:23 - [MESSAGE][PASSED] - Tapped on element 'Object Repository/Borrower/Borrower - Identitas/Borrower_BtnConfirm'

2019-11-27 10:47:23 - [TEST_STEP][PASSED] - delay(20, STOP_ON_FAILURE): Delayed 20 second(s)

2019-11-27 10:47:43 - [MESSAGE][PASSED] - Delayed 20 second(s)

2019-11-27 10:47:43 - [TEST_STEP][PASSED] - mobile.mobileSwipe.UpDown(0.8, 0.2, 1000): mobile.mobileSwipe.UpDown is PASSED

2019-11-27 10:47:44 - [MESSAGE][PASSED] - Current device physical height is 2131

2019-11-27 10:47:44 - [MESSAGE][INFO] - Device Height : 2131

2019-11-27 10:47:45 - [MESSAGE][PASSED] - Current device physical width is 1080

2019-11-27 10:47:45 - [MESSAGE][INFO] - Device Width : 1080

2019-11-27 10:47:45 - [MESSAGE][INFO] - Swipe start at Height : 1704

2019-11-27 10:47:45 - [MESSAGE][INFO] - Swipe end at Height : 426

2019-11-27 10:47:45 - [MESSAGE][INFO] - X Position : 1000

2019-11-27 10:47:47 - [MESSAGE][PASSED] - Swiped from 1,000,1,704 to 1,000,426

2019-11-27 10:47:47 - [MESSAGE][PASSED] - mobile.mobileSwipe.UpDown is PASSED

2019-11-27 10:47:47 - [TEST_STEP][NOT_RUN] - tap(findTestObject("Borrower/Borrower - Identitas/Borrower_TxtStatusPerkawinan"), 0, STOP_ON_FAILURE): NOT_RUN: tap(findTestObject("Borrower/Borrower - Identitas/Borrower_TxtStatusPerkawinan"), 0, STOP_ON_FAILURE)

2019-11-27 10:47:47 - [MESSAGE][NOT_RUN] - NOT_RUN: tap(findTestObject("Borrower/Borrower - Identitas/Borrower_TxtStatusPerkawinan"), 0, STOP_ON_FAILURE)

2019-11-27 10:47:47 - [TEST_STEP][NOT_RUN] - tap(findTestObject("dynamic object/pickListItem_checkedTextView", ["text":BIvarStatusPerkawinan]), 0, STOP_ON_FAILURE): NOT_RUN: tap(findTestObject("dynamic object/pickListItem_checkedTextView", ["text":BIvarStatusPerkawinan]), 0, STOP_ON_FAILURE)

2019-11-27 10:47:47 - [MESSAGE][NOT_RUN] - NOT_RUN: tap(findTestObject("dynamic object/pickListItem_checkedTextView", ["text":BIvarStatusPerkawinan]), 0, STOP_ON_FAILURE)

2019-11-27 10:47:47 - [MESSAGE][PASSED] - Call Test Case 'Test Cases/Data Entry/Borrower/Borrower - Identitas/MASTER FLOW/TC_Borrower - Identitas - MASTER FLOW' successfully

2019-11-27 10:47:47 - [TEST_STEP][PASSED] - mobile.mobileSwipe.RightLeft(0.9, 0.5, 1000): mobile.mobileSwipe.RightLeft is PASSED

2019-11-27 10:47:48 - [MESSAGE][PASSED] - Current device physical width is 1080

2019-11-27 10:47:48 - [MESSAGE][PASSED] - Current device physical height is 2131

2019-11-27 10:47:48 - [MESSAGE][INFO] - Device Height : 2131

2019-11-27 10:47:48 - [MESSAGE][INFO] - Device Width : 1080

2019-11-27 10:47:49 - [MESSAGE][INFO] - Swipe start at Width : 971

2019-11-27 10:47:49 - [MESSAGE][INFO] - Swipe end at Witdh : 540

2019-11-27 10:47:49 - [MESSAGE][INFO] - Y Position : 1000

2019-11-27 10:47:51 - [MESSAGE][PASSED] - Swiped from 971,1,000 to 540,1,000

2019-11-27 10:47:51 - [MESSAGE][PASSED] - mobile.mobileSwipe.RightLeft is PASSED

2019-11-27 10:47:51 - [TEST_STEP][NOT_RUN] - callTestCase(findTestCase("Data Entry/Borrower/Borrower - Info Umum/MASTER FLOW/TC_Borrower - Info Umum - MASTER FLOW"), ["BIUvarNamaLengkapTanpaSingkatan":BIUvarNamaLengkapTanpaSingkatan, "BIUvarNamaPanggilan":BIUvarNamaPanggilan, "BIUvarNoNPWP":BIUvarNoNPWP, ... ], STOP_ON_FAILURE): NOT_RUN: callTestCase(findTestCase("Data Entry/Borrower/Borrower - Info Umum/MASTER FLOW/TC_Borrower - Info Umum - MASTER FLOW"), ["BIUvarNamaLengkapTanpaSingkatan":BIUvarNamaLengkapTanpaSingkatan, "BIUvarNamaPanggilan":BIUvarNamaPanggilan, "BIUvarNoNPWP":BIUvarNoNPWP, ... ], STOP_ON_FAILURE)

2019-11-27 10:47:51 - [MESSAGE][NOT_RUN] - NOT_RUN: callTestCase(findTestCase("Data Entry/Borrower/Borrower - Info Umum/MASTER FLOW/TC_Borrower - Info Umum - MASTER FLOW"), ["BIUvarNamaLengkapTanpaSingkatan":BIUvarNamaLengkapTanpaSingkatan, "BIUvarNamaPanggilan":BIUvarNamaPanggilan, "BIUvarNoNPWP":BIUvarNoNPWP, ... ], STOP_ON_FAILURE)

2019-11-27 10:47:51 - [TEST_STEP][PASSED] - mobile.mobileSwipe.RightLeft(0.9, 0.5, 1000): mobile.mobileSwipe.RightLeft is PASSED

2019-11-27 10:47:52 - [MESSAGE][PASSED] - Current device physical width is 1080

2019-11-27 10:47:53 - [MESSAGE][PASSED] - Current device physical height is 2131

2019-11-27 10:47:53 - [MESSAGE][INFO] - Device Height : 2131

2019-11-27 10:47:53 - [MESSAGE][INFO] - Device Width : 1080

2019-11-27 10:47:53 - [MESSAGE][INFO] - Swipe start at Width : 971

2019-11-27 10:47:53 - [MESSAGE][INFO] - Swipe end at Witdh : 540

2019-11-27 10:47:53 - [MESSAGE][INFO] - Y Position : 1000

2019-11-27 10:47:55 - [MESSAGE][PASSED] - Swiped from 971,1,000 to 540,1,000

2019-11-27 10:47:55 - [MESSAGE][PASSED] - mobile.mobileSwipe.RightLeft is PASSED

2019-11-27 10:47:55 - [TEST_STEP][NOT_RUN] - callTestCase(findTestCase("Data Entry/Borrower/Borrower - Domisili/MASTER FLOW/TC_Borrower - Domisili - MASTER FLOW"), ["BDvarAlamatLengkap":BDvarAlamatLengkap, "BDvarRT":BDvarRT, "BDvarRW":BDvarRW, "BDvarKodePos":BDvarKodePos, "BDvarNegaraDomisili":BDvarNegaraDomisili, ... ], STOP_ON_FAILURE): NOT_RUN: callTestCase(findTestCase("Data Entry/Borrower/Borrower - Domisili/MASTER FLOW/TC_Borrower - Domisili - MASTER FLOW"), ["BDvarAlamatLengkap":BDvarAlamatLengkap, "BDvarRT":BDvarRT, "BDvarRW":BDvarRW, "BDvarKodePos":BDvarKodePos, "BDvarNegaraDomisili":BDvarNegaraDomisili, ... ], STOP_ON_FAILURE)

2019-11-27 10:47:55 - [MESSAGE][NOT_RUN] - NOT_RUN: callTestCase(findTestCase("Data Entry/Borrower/Borrower - Domisili/MASTER FLOW/TC_Borrower - Domisili - MASTER FLOW"), ["BDvarAlamatLengkap":BDvarAlamatLengkap, "BDvarRT":BDvarRT, "BDvarRW":BDvarRW, "BDvarKodePos":BDvarKodePos, "BDvarNegaraDomisili":BDvarNegaraDomisili, ... ], STOP_ON_FAILURE)

2019-11-27 10:47:55 - [TEST_STEP][PASSED] - mobile.mobileSwipe.RightLeft(0.9, 0.5, 1000): mobile.mobileSwipe.RightLeft is PASSED

2019-11-27 10:47:56 - [MESSAGE][PASSED] - Current device physical width is 1080

2019-11-27 10:47:56 - [MESSAGE][PASSED] - Current device physical height is 2131

2019-11-27 10:47:56 - [MESSAGE][INFO] - Device Height : 2131

2019-11-27 10:47:56 - [MESSAGE][INFO] - Device Width : 1080

2019-11-27 10:47:56 - [MESSAGE][INFO] - Swipe start at Width : 971

2019-11-27 10:47:56 - [MESSAGE][INFO] - Swipe end at Witdh : 540

2019-11-27 10:47:56 - [MESSAGE][INFO] - Y Position : 1000

2019-11-27 10:47:59 - [MESSAGE][PASSED] - Swiped from 971,1,000 to 540,1,000

2019-11-27 10:47:59 - [MESSAGE][PASSED] - mobile.mobileSwipe.RightLeft is PASSED

2019-11-27 10:47:59 - [TEST_STEP][PASSED] - tap(findTestObject("Borrower/Borrower - Pekerjaan/Borrower - Pekerjaan - tab Detail Pekerjaan"), 0, OPTIONAL): Object Object Repository/Borrower/Borrower - Pekerjaan/Borrower - Pekerjaan - tab Detail Pekerjaan not found

2019-11-27 10:47:59 - [MESSAGE][WARNING] - Timeout '0' is invalid. Using default page load timeout: '30'

2019-11-27 10:48:30 - [MESSAGE][WARNING] - Object Object Repository/Borrower/Borrower - Pekerjaan/Borrower - Pekerjaan - tab Detail Pekerjaan not found
[[ATTACHMENT|C:\\Users\\15420\\git\\ACCME-Dupcheck\\Reports\\20191127_103728\\data entry dupcek\\20191127_103728\\1574826509319.png]]

2019-11-27 10:48:30 - [TEST_STEP][FAILED] - callTestCase(findTestCase("Data Entry/Borrower/Borrower - Pekerjaan/MASTER FLOW/TC_Borrower - Pekerjaan - MASTER FLOW"), [:], STOP_ON_FAILURE): Unable to call Test Case 'Test Cases/Data Entry/Borrower/Borrower - Pekerjaan/MASTER FLOW/TC_Borrower - Pekerjaan - MASTER FLOW' (Root cause: com.kms.katalon.core.exception.StepFailedException: Call Test Case 'Test Cases/Data Entry/Borrower/Borrower - Pekerjaan/MASTER FLOW/TC_Borrower - Pekerjaan - MASTER FLOW' failed
	at com.kms.katalon.core.keyword.builtin.CallTestCaseKeyword$_callTestCase_closure1.doCall(CallTestCaseKeyword.groovy:63)
	at com.kms.katalon.core.keyword.builtin.CallTestCaseKeyword$_callTestCase_closure1.call(CallTestCaseKeyword.groovy)
	at com.kms.katalon.core.keyword.internal.KeywordMain.runKeyword(KeywordMain.groovy:68)
	at com.kms.katalon.core.keyword.builtin.CallTestCaseKeyword.callTestCase(CallTestCaseKeyword.groovy:81)
	at com.kms.katalon.core.keyword.builtin.CallTestCaseKeyword.execute(CallTestCaseKeyword.groovy:44)
	at com.kms.katalon.core.keyword.internal.KeywordExecutor.executeKeywordForPlatform(KeywordExecutor.groovy:60)
	at com.kms.katalon.core.keyword.BuiltinKeywords.callTestCase(BuiltinKeywords.groovy:334)
	at Flow Borrower.run(Flow Borrower:42)
	at com.kms.katalon.core.main.ScriptEngine.run(ScriptEngine.java:194)
	at com.kms.katalon.core.main.ScriptEngine.runScriptAsRawText(ScriptEngine.java:119)
	at com.kms.katalon.core.main.TestCaseExecutor.runScript(TestCaseExecutor.java:337)
	at com.kms.katalon.core.main.TestCaseExecutor.doExecute(TestCaseExecutor.java:328)
	at com.kms.katalon.core.main.TestCaseExecutor.processExecutionPhase(TestCaseExecutor.java:307)
	at com.kms.katalon.core.main.TestCaseExecutor.accessMainPhase(TestCaseExecutor.java:299)
	at com.kms.katalon.core.main.TestCaseExecutor.execute(TestCaseExecutor.java:233)
	at com.kms.katalon.core.main.TestCaseMain.runTestCase(TestCaseMain.java:114)
	at com.kms.katalon.core.keyword.builtin.CallTestCaseKeyword$_callTestCase_closure1.doCall(CallTestCaseKeyword.groovy:59)
	at com.kms.katalon.core.keyword.builtin.CallTestCaseKeyword$_callTestCase_closure1.call(CallTestCaseKeyword.groovy)
	at com.kms.katalon.core.keyword.internal.KeywordMain.runKeyword(KeywordMain.groovy:68)
	at com.kms.katalon.core.keyword.builtin.CallTestCaseKeyword.callTestCase(CallTestCaseKeyword.groovy:81)
	at com.kms.katalon.core.keyword.builtin.CallTestCaseKeyword.execute(CallTestCaseKeyword.groovy:44)
	at com.kms.katalon.core.keyword.internal.KeywordExecutor.executeKeywordForPlatform(KeywordExecutor.groovy:60)
	at com.kms.katalon.core.keyword.BuiltinKeywords.callTestCase(BuiltinKeywords.groovy:334)
	at TC_Data Entry.run(TC_Data Entry:42)
	at com.kms.katalon.core.main.ScriptEngine.run(ScriptEngine.java:194)
	at com.kms.katalon.core.main.ScriptEngine.runScriptAsRawText(ScriptEngine.java:119)
	at com.kms.katalon.core.main.TestCaseExecutor.runScript(TestCaseExecutor.java:337)
	at com.kms.katalon.core.main.TestCaseExecutor.doExecute(TestCaseExecutor.java:328)
	at com.kms.katalon.core.main.TestCaseExecutor.processExecutionPhase(TestCaseExecutor.java:307)
	at com.kms.katalon.core.main.TestCaseExecutor.accessMainPhase(TestCaseExecutor.java:299)
	at com.kms.katalon.core.main.TestCaseExecutor.execute(TestCaseExecutor.java:233)
	at com.kms.katalon.core.main.TestSuiteExecutor.accessTestCaseMainPhase(TestSuiteExecutor.java:169)
	at com.kms.katalon.core.main.TestSuiteExecutor.accessTestSuiteMainPhase(TestSuiteExecutor.java:142)
	at com.kms.katalon.core.main.TestSuiteExecutor.execute(TestSuiteExecutor.java:91)
	at com.kms.katalon.core.main.TestCaseMain.startTestSuite(TestCaseMain.java:157)
	at com.kms.katalon.core.main.TestCaseMain$startTestSuite$0.call(Unknown Source)
	at TempTestSuite1574825848461.run(TempTestSuite1574825848461.groovy:36)
Caused by: com.kms.katalon.core.exception.StepFailedException: Object Object Repository/Borrower/Borrower - Pekerjaan/Borrower_Pekerjaan_InpPekerjaan not found
	at com.kms.katalon.core.keyword.internal.KeywordMain.stepFailed(KeywordMain.groovy:50)
	at com.kms.katalon.core.mobile.keyword.internal.MobileKeywordMain.stepFailed(MobileKeywordMain.groovy:40)
	at com.kms.katalon.core.mobile.keyword.builtin.GetTextKeyword$_getText_closure1.doCall(GetTextKeyword.groovy:74)
	at com.kms.katalon.core.mobile.keyword.builtin.GetTextKeyword$_getText_closure1.call(GetTextKeyword.groovy)
	at com.kms.katalon.core.mobile.keyword.internal.MobileKeywordMain.runKeyword(MobileKeywordMain.groovy:21)
	at com.kms.katalon.core.mobile.keyword.builtin.GetTextKeyword.getText(GetTextKeyword.groovy:80)
	at com.kms.katalon.core.mobile.keyword.builtin.GetTextKeyword.execute(GetTextKeyword.groovy:64)
	at com.kms.katalon.core.keyword.internal.KeywordExecutor.executeKeywordForPlatform(KeywordExecutor.groovy:60)
	at com.kms.katalon.core.mobile.keyword.MobileBuiltInKeywords.getText(MobileBuiltInKeywords.groovy:458)
	at com.kms.katalon.core.mobile.keyword.MobileBuiltInKeywords$getText$13.call(Unknown Source)
	at TC_Borrower - Pekerjaan - MASTER FLOW.run(TC_Borrower - Pekerjaan - MASTER FLOW:16)
	at com.kms.katalon.core.main.ScriptEngine.run(ScriptEngine.java:194)
	at com.kms.katalon.core.main.ScriptEngine.runScriptAsRawText(ScriptEngine.java:119)
	at com.kms.katalon.core.main.TestCaseExecutor.runScript(TestCaseExecutor.java:337)
	at com.kms.katalon.core.main.TestCaseExecutor.doExecute(TestCaseExecutor.java:328)
	at com.kms.katalon.core.main.TestCaseExecutor.processExecutionPhase(TestCaseExecutor.java:307)
	at com.kms.katalon.core.main.TestCaseExecutor.accessMainPhase(TestCaseExecutor.java:299)
	at com.kms.katalon.core.main.TestCaseExecutor.execute(TestCaseExecutor.java:233)
	at com.kms.katalon.core.main.TestCaseMain.runTestCase(TestCaseMain.java:114)
	at com.kms.katalon.core.keyword.builtin.CallTestCaseKeyword$_callTestCase_closure1.doCall(CallTestCaseKeyword.groovy:59)
	... 36 more
)

2019-11-27 10:48:31 - [TEST_CASE][FAILED] - Test Cases/Data Entry/Borrower/Borrower - Pekerjaan/MASTER FLOW/TC_Borrower - Pekerjaan - MASTER FLOW: Test Cases/Data Entry/Borrower/Borrower - Pekerjaan/MASTER FLOW/TC_Borrower - Pekerjaan - MASTER FLOW FAILED.
Reason:
com.kms.katalon.core.exception.StepFailedException: Object Object Repository/Borrower/Borrower - Pekerjaan/Borrower_Pekerjaan_InpPekerjaan not found
	at com.kms.katalon.core.keyword.internal.KeywordMain.stepFailed(KeywordMain.groovy:50)
	at com.kms.katalon.core.mobile.keyword.internal.MobileKeywordMain.stepFailed(MobileKeywordMain.groovy:40)
	at com.kms.katalon.core.mobile.keyword.builtin.GetTextKeyword$_getText_closure1.doCall(GetTextKeyword.groovy:74)
	at com.kms.katalon.core.mobile.keyword.builtin.GetTextKeyword$_getText_closure1.call(GetTextKeyword.groovy)
	at com.kms.katalon.core.mobile.keyword.internal.MobileKeywordMain.runKeyword(MobileKeywordMain.groovy:21)
	at com.kms.katalon.core.mobile.keyword.builtin.GetTextKeyword.getText(GetTextKeyword.groovy:80)
	at com.kms.katalon.core.mobile.keyword.builtin.GetTextKeyword.execute(GetTextKeyword.groovy:64)
	at com.kms.katalon.core.keyword.internal.KeywordExecutor.executeKeywordForPlatform(KeywordExecutor.groovy:60)
	at com.kms.katalon.core.mobile.keyword.MobileBuiltInKeywords.getText(MobileBuiltInKeywords.groovy:458)
	at com.kms.katalon.core.mobile.keyword.MobileBuiltInKeywords$getText$13.call(Unknown Source)
	at TC_Borrower - Pekerjaan - MASTER FLOW.run(TC_Borrower - Pekerjaan - MASTER FLOW:16)
	at com.kms.katalon.core.main.ScriptEngine.run(ScriptEngine.java:194)
	at com.kms.katalon.core.main.ScriptEngine.runScriptAsRawText(ScriptEngine.java:119)
	at com.kms.katalon.core.main.TestCaseExecutor.runScript(TestCaseExecutor.java:337)
	at com.kms.katalon.core.main.TestCaseExecutor.doExecute(TestCaseExecutor.java:328)
	at com.kms.katalon.core.main.TestCaseExecutor.processExecutionPhase(TestCaseExecutor.java:307)
	at com.kms.katalon.core.main.TestCaseExecutor.accessMainPhase(TestCaseExecutor.java:299)
	at com.kms.katalon.core.main.TestCaseExecutor.execute(TestCaseExecutor.java:233)
	at com.kms.katalon.core.main.TestCaseMain.runTestCase(TestCaseMain.java:114)
	at com.kms.katalon.core.keyword.builtin.CallTestCaseKeyword$_callTestCase_closure1.doCall(CallTestCaseKeyword.groovy:59)
	at com.kms.katalon.core.keyword.builtin.CallTestCaseKeyword$_callTestCase_closure1.call(CallTestCaseKeyword.groovy)
	at com.kms.katalon.core.keyword.internal.KeywordMain.runKeyword(KeywordMain.groovy:68)
	at com.kms.katalon.core.keyword.builtin.CallTestCaseKeyword.callTestCase(CallTestCaseKeyword.groovy:81)
	at com.kms.katalon.core.keyword.builtin.CallTestCaseKeyword.execute(CallTestCaseKeyword.groovy:44)
	at com.kms.katalon.core.keyword.internal.KeywordExecutor.executeKeywordForPlatform(KeywordExecutor.groovy:60)
	at com.kms.katalon.core.keyword.BuiltinKeywords.callTestCase(BuiltinKeywords.groovy:334)
	at Flow Borrower.run(Flow Borrower:42)
	at com.kms.katalon.core.main.ScriptEngine.run(ScriptEngine.java:194)
	at com.kms.katalon.core.main.ScriptEngine.runScriptAsRawText(ScriptEngine.java:119)
	at com.kms.katalon.core.main.TestCaseExecutor.runScript(TestCaseExecutor.java:337)
	at com.kms.katalon.core.main.TestCaseExecutor.doExecute(TestCaseExecutor.java:328)
	at com.kms.katalon.core.main.TestCaseExecutor.processExecutionPhase(TestCaseExecutor.java:307)
	at com.kms.katalon.core.main.TestCaseExecutor.accessMainPhase(TestCaseExecutor.java:299)
	at com.kms.katalon.core.main.TestCaseExecutor.execute(TestCaseExecutor.java:233)
	at com.kms.katalon.core.main.TestCaseMain.runTestCase(TestCaseMain.java:114)
	at com.kms.katalon.core.keyword.builtin.CallTestCaseKeyword$_callTestCase_closure1.doCall(CallTestCaseKeyword.groovy:59)
	at com.kms.katalon.core.keyword.builtin.CallTestCaseKeyword$_callTestCase_closure1.call(CallTestCaseKeyword.groovy)
	at com.kms.katalon.core.keyword.internal.KeywordMain.runKeyword(KeywordMain.groovy:68)
	at com.kms.katalon.core.keyword.builtin.CallTestCaseKeyword.callTestCase(CallTestCaseKeyword.groovy:81)
	at com.kms.katalon.core.keyword.builtin.CallTestCaseKeyword.execute(CallTestCaseKeyword.groovy:44)
	at com.kms.katalon.core.keyword.internal.KeywordExecutor.executeKeywordForPlatform(KeywordExecutor.groovy:60)
	at com.kms.katalon.core.keyword.BuiltinKeywords.callTestCase(BuiltinKeywords.groovy:334)
	at TC_Data Entry.run(TC_Data Entry:42)
	at com.kms.katalon.core.main.ScriptEngine.run(ScriptEngine.java:194)
	at com.kms.katalon.core.main.ScriptEngine.runScriptAsRawText(ScriptEngine.java:119)
	at com.kms.katalon.core.main.TestCaseExecutor.runScript(TestCaseExecutor.java:337)
	at com.kms.katalon.core.main.TestCaseExecutor.doExecute(TestCaseExecutor.java:328)
	at com.kms.katalon.core.main.TestCaseExecutor.processExecutionPhase(TestCaseExecutor.java:307)
	at com.kms.katalon.core.main.TestCaseExecutor.accessMainPhase(TestCaseExecutor.java:299)
	at com.kms.katalon.core.main.TestCaseExecutor.execute(TestCaseExecutor.java:233)
	at com.kms.katalon.core.main.TestSuiteExecutor.accessTestCaseMainPhase(TestSuiteExecutor.java:169)
	at com.kms.katalon.core.main.TestSuiteExecutor.accessTestSuiteMainPhase(TestSuiteExecutor.java:142)
	at com.kms.katalon.core.main.TestSuiteExecutor.execute(TestSuiteExecutor.java:91)
	at com.kms.katalon.core.main.TestCaseMain.startTestSuite(TestCaseMain.java:157)
	at com.kms.katalon.core.main.TestCaseMain$startTestSuite$0.call(Unknown Source)
	at TempTestSuite1574825848461.run(TempTestSuite1574825848461.groovy:36)


2019-11-27 10:48:31 - [TEST_STEP][FAILED] - inpPekerjaan = getText(findTestObject("Borrower/Borrower - Pekerjaan/Borrower_Pekerjaan_InpPekerjaan"), 0): Failed to get text from element (Root cause: com.kms.katalon.core.exception.StepFailedException: Object Object Repository/Borrower/Borrower - Pekerjaan/Borrower_Pekerjaan_InpPekerjaan not found
	at com.kms.katalon.core.keyword.internal.KeywordMain.stepFailed(KeywordMain.groovy:50)
	at com.kms.katalon.core.mobile.keyword.internal.MobileKeywordMain.stepFailed(MobileKeywordMain.groovy:40)
	at com.kms.katalon.core.mobile.keyword.builtin.GetTextKeyword$_getText_closure1.doCall(GetTextKeyword.groovy:74)
	at com.kms.katalon.core.mobile.keyword.builtin.GetTextKeyword$_getText_closure1.call(GetTextKeyword.groovy)
	at com.kms.katalon.core.mobile.keyword.internal.MobileKeywordMain.runKeyword(MobileKeywordMain.groovy:21)
	at com.kms.katalon.core.mobile.keyword.builtin.GetTextKeyword.getText(GetTextKeyword.groovy:80)
	at com.kms.katalon.core.mobile.keyword.builtin.GetTextKeyword.execute(GetTextKeyword.groovy:64)
	at com.kms.katalon.core.keyword.internal.KeywordExecutor.executeKeywordForPlatform(KeywordExecutor.groovy:60)
	at com.kms.katalon.core.mobile.keyword.MobileBuiltInKeywords.getText(MobileBuiltInKeywords.groovy:458)
	at com.kms.katalon.core.mobile.keyword.MobileBuiltInKeywords$getText$13.call(Unknown Source)
	at TC_Borrower - Pekerjaan - MASTER FLOW.run(TC_Borrower - Pekerjaan - MASTER FLOW:16)
	at com.kms.katalon.core.main.ScriptEngine.run(ScriptEngine.java:194)
	at com.kms.katalon.core.main.ScriptEngine.runScriptAsRawText(ScriptEngine.java:119)
	at com.kms.katalon.core.main.TestCaseExecutor.runScript(TestCaseExecutor.java:337)
	at com.kms.katalon.core.main.TestCaseExecutor.doExecute(TestCaseExecutor.java:328)
	at com.kms.katalon.core.main.TestCaseExecutor.processExecutionPhase(TestCaseExecutor.java:307)
	at com.kms.katalon.core.main.TestCaseExecutor.accessMainPhase(TestCaseExecutor.java:299)
	at com.kms.katalon.core.main.TestCaseExecutor.execute(TestCaseExecutor.java:233)
	at com.kms.katalon.core.main.TestCaseMain.runTestCase(TestCaseMain.java:114)
	at com.kms.katalon.core.keyword.builtin.CallTestCaseKeyword$_callTestCase_closure1.doCall(CallTestCaseKeyword.groovy:59)
	at com.kms.katalon.core.keyword.builtin.CallTestCaseKeyword$_callTestCase_closure1.call(CallTestCaseKeyword.groovy)
	at com.kms.katalon.core.keyword.internal.KeywordMain.runKeyword(KeywordMain.groovy:68)
	at com.kms.katalon.core.keyword.builtin.CallTestCaseKeyword.callTestCase(CallTestCaseKeyword.groovy:81)
	at com.kms.katalon.core.keyword.builtin.CallTestCaseKeyword.execute(CallTestCaseKeyword.groovy:44)
	at com.kms.katalon.core.keyword.internal.KeywordExecutor.executeKeywordForPlatform(KeywordExecutor.groovy:60)
	at com.kms.katalon.core.keyword.BuiltinKeywords.callTestCase(BuiltinKeywords.groovy:334)
	at Flow Borrower.run(Flow Borrower:42)
	at com.kms.katalon.core.main.ScriptEngine.run(ScriptEngine.java:194)
	at com.kms.katalon.core.main.ScriptEngine.runScriptAsRawText(ScriptEngine.java:119)
	at com.kms.katalon.core.main.TestCaseExecutor.runScript(TestCaseExecutor.java:337)
	at com.kms.katalon.core.main.TestCaseExecutor.doExecute(TestCaseExecutor.java:328)
	at com.kms.katalon.core.main.TestCaseExecutor.processExecutionPhase(TestCaseExecutor.java:307)
	at com.kms.katalon.core.main.TestCaseExecutor.accessMainPhase(TestCaseExecutor.java:299)
	at com.kms.katalon.core.main.TestCaseExecutor.execute(TestCaseExecutor.java:233)
	at com.kms.katalon.core.main.TestCaseMain.runTestCase(TestCaseMain.java:114)
	at com.kms.katalon.core.keyword.builtin.CallTestCaseKeyword$_callTestCase_closure1.doCall(CallTestCaseKeyword.groovy:59)
	at com.kms.katalon.core.keyword.builtin.CallTestCaseKeyword$_callTestCase_closure1.call(CallTestCaseKeyword.groovy)
	at com.kms.katalon.core.keyword.internal.KeywordMain.runKeyword(KeywordMain.groovy:68)
	at com.kms.katalon.core.keyword.builtin.CallTestCaseKeyword.callTestCase(CallTestCaseKeyword.groovy:81)
	at com.kms.katalon.core.keyword.builtin.CallTestCaseKeyword.execute(CallTestCaseKeyword.groovy:44)
	at com.kms.katalon.core.keyword.internal.KeywordExecutor.executeKeywordForPlatform(KeywordExecutor.groovy:60)
	at com.kms.katalon.core.keyword.BuiltinKeywords.callTestCase(BuiltinKeywords.groovy:334)
	at TC_Data Entry.run(TC_Data Entry:42)
	at com.kms.katalon.core.main.ScriptEngine.run(ScriptEngine.java:194)
	at com.kms.katalon.core.main.ScriptEngine.runScriptAsRawText(ScriptEngine.java:119)
	at com.kms.katalon.core.main.TestCaseExecutor.runScript(TestCaseExecutor.java:337)
	at com.kms.katalon.core.main.TestCaseExecutor.doExecute(TestCaseExecutor.java:328)
	at com.kms.katalon.core.main.TestCaseExecutor.processExecutionPhase(TestCaseExecutor.java:307)
	at com.kms.katalon.core.main.TestCaseExecutor.accessMainPhase(TestCaseExecutor.java:299)
	at com.kms.katalon.core.main.TestCaseExecutor.execute(TestCaseExecutor.java:233)
	at com.kms.katalon.core.main.TestSuiteExecutor.accessTestCaseMainPhase(TestSuiteExecutor.java:169)
	at com.kms.katalon.core.main.TestSuiteExecutor.accessTestSuiteMainPhase(TestSuiteExecutor.java:142)
	at com.kms.katalon.core.main.TestSuiteExecutor.execute(TestSuiteExecutor.java:91)
	at com.kms.katalon.core.main.TestCaseMain.startTestSuite(TestCaseMain.java:157)
	at com.kms.katalon.core.main.TestCaseMain$startTestSuite$0.call(Unknown Source)
	at TempTestSuite1574825848461.run(TempTestSuite1574825848461.groovy:36)
)

2019-11-27 10:48:31 - [MESSAGE][WARNING] - Timeout '0' is invalid. Using default page load timeout: '30'

2019-11-27 10:49:03 - [MESSAGE][FAILED] - Object Object Repository/Borrower/Borrower - Pekerjaan/Borrower_Pekerjaan_InpPekerjaan not found
[[ATTACHMENT|C:\\Users\\15420\\git\\ACCME-Dupcheck\\Reports\\20191127_103728\\data entry dupcek\\20191127_103728\\1574826541640.png]]

2019-11-27 10:49:05 - [MESSAGE][FAILED] - Failed to get text from element (Root cause: com.kms.katalon.core.exception.StepFailedException: Object Object Repository/Borrower/Borrower - Pekerjaan/Borrower_Pekerjaan_InpPekerjaan not found
	at com.kms.katalon.core.keyword.internal.KeywordMain.stepFailed(KeywordMain.groovy:50)
	at com.kms.katalon.core.mobile.keyword.internal.MobileKeywordMain.stepFailed(MobileKeywordMain.groovy:40)
	at com.kms.katalon.core.mobile.keyword.builtin.GetTextKeyword$_getText_closure1.doCall(GetTextKeyword.groovy:74)
	at com.kms.katalon.core.mobile.keyword.builtin.GetTextKeyword$_getText_closure1.call(GetTextKeyword.groovy)
	at com.kms.katalon.core.mobile.keyword.internal.MobileKeywordMain.runKeyword(MobileKeywordMain.groovy:21)
	at com.kms.katalon.core.mobile.keyword.builtin.GetTextKeyword.getText(GetTextKeyword.groovy:80)
	at com.kms.katalon.core.mobile.keyword.builtin.GetTextKeyword.execute(GetTextKeyword.groovy:64)
	at com.kms.katalon.core.keyword.internal.KeywordExecutor.executeKeywordForPlatform(KeywordExecutor.groovy:60)
	at com.kms.katalon.core.mobile.keyword.MobileBuiltInKeywords.getText(MobileBuiltInKeywords.groovy:458)
	at com.kms.katalon.core.mobile.keyword.MobileBuiltInKeywords$getText$13.call(Unknown Source)
	at TC_Borrower - Pekerjaan - MASTER FLOW.run(TC_Borrower - Pekerjaan - MASTER FLOW:16)
	at com.kms.katalon.core.main.ScriptEngine.run(ScriptEngine.java:194)
	at com.kms.katalon.core.main.ScriptEngine.runScriptAsRawText(ScriptEngine.java:119)
	at com.kms.katalon.core.main.TestCaseExecutor.runScript(TestCaseExecutor.java:337)
	at com.kms.katalon.core.main.TestCaseExecutor.doExecute(TestCaseExecutor.java:328)
	at com.kms.katalon.core.main.TestCaseExecutor.processExecutionPhase(TestCaseExecutor.java:307)
	at com.kms.katalon.core.main.TestCaseExecutor.accessMainPhase(TestCaseExecutor.java:299)
	at com.kms.katalon.core.main.TestCaseExecutor.execute(TestCaseExecutor.java:233)
	at com.kms.katalon.core.main.TestCaseMain.runTestCase(TestCaseMain.java:114)
	at com.kms.katalon.core.keyword.builtin.CallTestCaseKeyword$_callTestCase_closure1.doCall(CallTestCaseKeyword.groovy:59)
	at com.kms.katalon.core.keyword.builtin.CallTestCaseKeyword$_callTestCase_closure1.call(CallTestCaseKeyword.groovy)
	at com.kms.katalon.core.keyword.internal.KeywordMain.runKeyword(KeywordMain.groovy:68)
	at com.kms.katalon.core.keyword.builtin.CallTestCaseKeyword.callTestCase(CallTestCaseKeyword.groovy:81)
	at com.kms.katalon.core.keyword.builtin.CallTestCaseKeyword.execute(CallTestCaseKeyword.groovy:44)
	at com.kms.katalon.core.keyword.internal.KeywordExecutor.executeKeywordForPlatform(KeywordExecutor.groovy:60)
	at com.kms.katalon.core.keyword.BuiltinKeywords.callTestCase(BuiltinKeywords.groovy:334)
	at Flow Borrower.run(Flow Borrower:42)
	at com.kms.katalon.core.main.ScriptEngine.run(ScriptEngine.java:194)
	at com.kms.katalon.core.main.ScriptEngine.runScriptAsRawText(ScriptEngine.java:119)
	at com.kms.katalon.core.main.TestCaseExecutor.runScript(TestCaseExecutor.java:337)
	at com.kms.katalon.core.main.TestCaseExecutor.doExecute(TestCaseExecutor.java:328)
	at com.kms.katalon.core.main.TestCaseExecutor.processExecutionPhase(TestCaseExecutor.java:307)
	at com.kms.katalon.core.main.TestCaseExecutor.accessMainPhase(TestCaseExecutor.java:299)
	at com.kms.katalon.core.main.TestCaseExecutor.execute(TestCaseExecutor.java:233)
	at com.kms.katalon.core.main.TestCaseMain.runTestCase(TestCaseMain.java:114)
	at com.kms.katalon.core.keyword.builtin.CallTestCaseKeyword$_callTestCase_closure1.doCall(CallTestCaseKeyword.groovy:59)
	at com.kms.katalon.core.keyword.builtin.CallTestCaseKeyword$_callTestCase_closure1.call(CallTestCaseKeyword.groovy)
	at com.kms.katalon.core.keyword.internal.KeywordMain.runKeyword(KeywordMain.groovy:68)
	at com.kms.katalon.core.keyword.builtin.CallTestCaseKeyword.callTestCase(CallTestCaseKeyword.groovy:81)
	at com.kms.katalon.core.keyword.builtin.CallTestCaseKeyword.execute(CallTestCaseKeyword.groovy:44)
	at com.kms.katalon.core.keyword.internal.KeywordExecutor.executeKeywordForPlatform(KeywordExecutor.groovy:60)
	at com.kms.katalon.core.keyword.BuiltinKeywords.callTestCase(BuiltinKeywords.groovy:334)
	at TC_Data Entry.run(TC_Data Entry:42)
	at com.kms.katalon.core.main.ScriptEngine.run(ScriptEngine.java:194)
	at com.kms.katalon.core.main.ScriptEngine.runScriptAsRawText(ScriptEngine.java:119)
	at com.kms.katalon.core.main.TestCaseExecutor.runScript(TestCaseExecutor.java:337)
	at com.kms.katalon.core.main.TestCaseExecutor.doExecute(TestCaseExecutor.java:328)
	at com.kms.katalon.core.main.TestCaseExecutor.processExecutionPhase(TestCaseExecutor.java:307)
	at com.kms.katalon.core.main.TestCaseExecutor.accessMainPhase(TestCaseExecutor.java:299)
	at com.kms.katalon.core.main.TestCaseExecutor.execute(TestCaseExecutor.java:233)
	at com.kms.katalon.core.main.TestSuiteExecutor.accessTestCaseMainPhase(TestSuiteExecutor.java:169)
	at com.kms.katalon.core.main.TestSuiteExecutor.accessTestSuiteMainPhase(TestSuiteExecutor.java:142)
	at com.kms.katalon.core.main.TestSuiteExecutor.execute(TestSuiteExecutor.java:91)
	at com.kms.katalon.core.main.TestCaseMain.startTestSuite(TestCaseMain.java:157)
	at com.kms.katalon.core.main.TestCaseMain$startTestSuite$0.call(Unknown Source)
	at TempTestSuite1574825848461.run(TempTestSuite1574825848461.groovy:36)
)
[[ATTACHMENT|C:\\Users\\15420\\git\\ACCME-Dupcheck\\Reports\\20191127_103728\\data entry dupcek\\20191127_103728\\1574826543331.png]]

2019-11-27 10:49:05 - [MESSAGE][FAILED] - Unable to call Test Case 'Test Cases/Data Entry/Borrower/Borrower - Pekerjaan/MASTER FLOW/TC_Borrower - Pekerjaan - MASTER FLOW' (Root cause: com.kms.katalon.core.exception.StepFailedException: Call Test Case 'Test Cases/Data Entry/Borrower/Borrower - Pekerjaan/MASTER FLOW/TC_Borrower - Pekerjaan - MASTER FLOW' failed
	at com.kms.katalon.core.keyword.builtin.CallTestCaseKeyword$_callTestCase_closure1.doCall(CallTestCaseKeyword.groovy:63)
	at com.kms.katalon.core.keyword.builtin.CallTestCaseKeyword$_callTestCase_closure1.call(CallTestCaseKeyword.groovy)
	at com.kms.katalon.core.keyword.internal.KeywordMain.runKeyword(KeywordMain.groovy:68)
	at com.kms.katalon.core.keyword.builtin.CallTestCaseKeyword.callTestCase(CallTestCaseKeyword.groovy:81)
	at com.kms.katalon.core.keyword.builtin.CallTestCaseKeyword.execute(CallTestCaseKeyword.groovy:44)
	at com.kms.katalon.core.keyword.internal.KeywordExecutor.executeKeywordForPlatform(KeywordExecutor.groovy:60)
	at com.kms.katalon.core.keyword.BuiltinKeywords.callTestCase(BuiltinKeywords.groovy:334)
	at Flow Borrower.run(Flow Borrower:42)
	at com.kms.katalon.core.main.ScriptEngine.run(ScriptEngine.java:194)
	at com.kms.katalon.core.main.ScriptEngine.runScriptAsRawText(ScriptEngine.java:119)
	at com.kms.katalon.core.main.TestCaseExecutor.runScript(TestCaseExecutor.java:337)
	at com.kms.katalon.core.main.TestCaseExecutor.doExecute(TestCaseExecutor.java:328)
	at com.kms.katalon.core.main.TestCaseExecutor.processExecutionPhase(TestCaseExecutor.java:307)
	at com.kms.katalon.core.main.TestCaseExecutor.accessMainPhase(TestCaseExecutor.java:299)
	at com.kms.katalon.core.main.TestCaseExecutor.execute(TestCaseExecutor.java:233)
	at com.kms.katalon.core.main.TestCaseMain.runTestCase(TestCaseMain.java:114)
	at com.kms.katalon.core.keyword.builtin.CallTestCaseKeyword$_callTestCase_closure1.doCall(CallTestCaseKeyword.groovy:59)
	at com.kms.katalon.core.keyword.builtin.CallTestCaseKeyword$_callTestCase_closure1.call(CallTestCaseKeyword.groovy)
	at com.kms.katalon.core.keyword.internal.KeywordMain.runKeyword(KeywordMain.groovy:68)
	at com.kms.katalon.core.keyword.builtin.CallTestCaseKeyword.callTestCase(CallTestCaseKeyword.groovy:81)
	at com.kms.katalon.core.keyword.builtin.CallTestCaseKeyword.execute(CallTestCaseKeyword.groovy:44)
	at com.kms.katalon.core.keyword.internal.KeywordExecutor.executeKeywordForPlatform(KeywordExecutor.groovy:60)
	at com.kms.katalon.core.keyword.BuiltinKeywords.callTestCase(BuiltinKeywords.groovy:334)
	at TC_Data Entry.run(TC_Data Entry:42)
	at com.kms.katalon.core.main.ScriptEngine.run(ScriptEngine.java:194)
	at com.kms.katalon.core.main.ScriptEngine.runScriptAsRawText(ScriptEngine.java:119)
	at com.kms.katalon.core.main.TestCaseExecutor.runScript(TestCaseExecutor.java:337)
	at com.kms.katalon.core.main.TestCaseExecutor.doExecute(TestCaseExecutor.java:328)
	at com.kms.katalon.core.main.TestCaseExecutor.processExecutionPhase(TestCaseExecutor.java:307)
	at com.kms.katalon.core.main.TestCaseExecutor.accessMainPhase(TestCaseExecutor.java:299)
	at com.kms.katalon.core.main.TestCaseExecutor.execute(TestCaseExecutor.java:233)
	at com.kms.katalon.core.main.TestSuiteExecutor.accessTestCaseMainPhase(TestSuiteExecutor.java:169)
	at com.kms.katalon.core.main.TestSuiteExecutor.accessTestSuiteMainPhase(TestSuiteExecutor.java:142)
	at com.kms.katalon.core.main.TestSuiteExecutor.execute(TestSuiteExecutor.java:91)
	at com.kms.katalon.core.main.TestCaseMain.startTestSuite(TestCaseMain.java:157)
	at com.kms.katalon.core.main.TestCaseMain$startTestSuite$0.call(Unknown Source)
	at TempTestSuite1574825848461.run(TempTestSuite1574825848461.groovy:36)
Caused by: com.kms.katalon.core.exception.StepFailedException: Object Object Repository/Borrower/Borrower - Pekerjaan/Borrower_Pekerjaan_InpPekerjaan not found
	at com.kms.katalon.core.keyword.internal.KeywordMain.stepFailed(KeywordMain.groovy:50)
	at com.kms.katalon.core.mobile.keyword.internal.MobileKeywordMain.stepFailed(MobileKeywordMain.groovy:40)
	at com.kms.katalon.core.mobile.keyword.builtin.GetTextKeyword$_getText_closure1.doCall(GetTextKeyword.groovy:74)
	at com.kms.katalon.core.mobile.keyword.builtin.GetTextKeyword$_getText_closure1.call(GetTextKeyword.groovy)
	at com.kms.katalon.core.mobile.keyword.internal.MobileKeywordMain.runKeyword(MobileKeywordMain.groovy:21)
	at com.kms.katalon.core.mobile.keyword.builtin.GetTextKeyword.getText(GetTextKeyword.groovy:80)
	at com.kms.katalon.core.mobile.keyword.builtin.GetTextKeyword.execute(GetTextKeyword.groovy:64)
	at com.kms.katalon.core.keyword.internal.KeywordExecutor.executeKeywordForPlatform(KeywordExecutor.groovy:60)
	at com.kms.katalon.core.mobile.keyword.MobileBuiltInKeywords.getText(MobileBuiltInKeywords.groovy:458)
	at com.kms.katalon.core.mobile.keyword.MobileBuiltInKeywords$getText$13.call(Unknown Source)
	at TC_Borrower - Pekerjaan - MASTER FLOW.run(TC_Borrower - Pekerjaan - MASTER FLOW:16)
	at com.kms.katalon.core.main.ScriptEngine.run(ScriptEngine.java:194)
	at com.kms.katalon.core.main.ScriptEngine.runScriptAsRawText(ScriptEngine.java:119)
	at com.kms.katalon.core.main.TestCaseExecutor.runScript(TestCaseExecutor.java:337)
	at com.kms.katalon.core.main.TestCaseExecutor.doExecute(TestCaseExecutor.java:328)
	at com.kms.katalon.core.main.TestCaseExecutor.processExecutionPhase(TestCaseExecutor.java:307)
	at com.kms.katalon.core.main.TestCaseExecutor.accessMainPhase(TestCaseExecutor.java:299)
	at com.kms.katalon.core.main.TestCaseExecutor.execute(TestCaseExecutor.java:233)
	at com.kms.katalon.core.main.TestCaseMain.runTestCase(TestCaseMain.java:114)
	at com.kms.katalon.core.keyword.builtin.CallTestCaseKeyword$_callTestCase_closure1.doCall(CallTestCaseKeyword.groovy:59)
	... 36 more
)

2019-11-27 10:49:05 - [MESSAGE][FAILED] - Unable to call Test Case 'Test Cases/Data Entry/Borrower/Flow Borrower' (Root cause: com.kms.katalon.core.exception.StepFailedException: Call Test Case 'Test Cases/Data Entry/Borrower/Flow Borrower' failed
	at com.kms.katalon.core.keyword.builtin.CallTestCaseKeyword$_callTestCase_closure1.doCall(CallTestCaseKeyword.groovy:63)
	at com.kms.katalon.core.keyword.builtin.CallTestCaseKeyword$_callTestCase_closure1.call(CallTestCaseKeyword.groovy)
	at com.kms.katalon.core.keyword.internal.KeywordMain.runKeyword(KeywordMain.groovy:68)
	at com.kms.katalon.core.keyword.builtin.CallTestCaseKeyword.callTestCase(CallTestCaseKeyword.groovy:81)
	at com.kms.katalon.core.keyword.builtin.CallTestCaseKeyword.execute(CallTestCaseKeyword.groovy:44)
	at com.kms.katalon.core.keyword.internal.KeywordExecutor.executeKeywordForPlatform(KeywordExecutor.groovy:60)
	at com.kms.katalon.core.keyword.BuiltinKeywords.callTestCase(BuiltinKeywords.groovy:334)
	at TC_Data Entry.run(TC_Data Entry:42)
	at com.kms.katalon.core.main.ScriptEngine.run(ScriptEngine.java:194)
	at com.kms.katalon.core.main.ScriptEngine.runScriptAsRawText(ScriptEngine.java:119)
	at com.kms.katalon.core.main.TestCaseExecutor.runScript(TestCaseExecutor.java:337)
	at com.kms.katalon.core.main.TestCaseExecutor.doExecute(TestCaseExecutor.java:328)
	at com.kms.katalon.core.main.TestCaseExecutor.processExecutionPhase(TestCaseExecutor.java:307)
	at com.kms.katalon.core.main.TestCaseExecutor.accessMainPhase(TestCaseExecutor.java:299)
	at com.kms.katalon.core.main.TestCaseExecutor.execute(TestCaseExecutor.java:233)
	at com.kms.katalon.core.main.TestSuiteExecutor.accessTestCaseMainPhase(TestSuiteExecutor.java:169)
	at com.kms.katalon.core.main.TestSuiteExecutor.accessTestSuiteMainPhase(TestSuiteExecutor.java:142)
	at com.kms.katalon.core.main.TestSuiteExecutor.execute(TestSuiteExecutor.java:91)
	at com.kms.katalon.core.main.TestCaseMain.startTestSuite(TestCaseMain.java:157)
	at com.kms.katalon.core.main.TestCaseMain$startTestSuite$0.call(Unknown Source)
	at TempTestSuite1574825848461.run(TempTestSuite1574825848461.groovy:36)
Caused by: com.kms.katalon.core.exception.StepFailedException: Call Test Case 'Test Cases/Data Entry/Borrower/Borrower - Pekerjaan/MASTER FLOW/TC_Borrower - Pekerjaan - MASTER FLOW' failed
	at com.kms.katalon.core.keyword.builtin.CallTestCaseKeyword$_callTestCase_closure1.doCall(CallTestCaseKeyword.groovy:63)
	at com.kms.katalon.core.keyword.builtin.CallTestCaseKeyword$_callTestCase_closure1.call(CallTestCaseKeyword.groovy)
	at com.kms.katalon.core.keyword.internal.KeywordMain.runKeyword(KeywordMain.groovy:68)
	at com.kms.katalon.core.keyword.builtin.CallTestCaseKeyword.callTestCase(CallTestCaseKeyword.groovy:81)
	at com.kms.katalon.core.keyword.builtin.CallTestCaseKeyword.execute(CallTestCaseKeyword.groovy:44)
	at com.kms.katalon.core.keyword.internal.KeywordExecutor.executeKeywordForPlatform(KeywordExecutor.groovy:60)
	at com.kms.katalon.core.keyword.BuiltinKeywords.callTestCase(BuiltinKeywords.groovy:334)
	at Flow Borrower.run(Flow Borrower:42)
	at com.kms.katalon.core.main.ScriptEngine.run(ScriptEngine.java:194)
	at com.kms.katalon.core.main.ScriptEngine.runScriptAsRawText(ScriptEngine.java:119)
	at com.kms.katalon.core.main.TestCaseExecutor.runScript(TestCaseExecutor.java:337)
	at com.kms.katalon.core.main.TestCaseExecutor.doExecute(TestCaseExecutor.java:328)
	at com.kms.katalon.core.main.TestCaseExecutor.processExecutionPhase(TestCaseExecutor.java:307)
	at com.kms.katalon.core.main.TestCaseExecutor.accessMainPhase(TestCaseExecutor.java:299)
	at com.kms.katalon.core.main.TestCaseExecutor.execute(TestCaseExecutor.java:233)
	at com.kms.katalon.core.main.TestCaseMain.runTestCase(TestCaseMain.java:114)
	at com.kms.katalon.core.keyword.builtin.CallTestCaseKeyword$_callTestCase_closure1.doCall(CallTestCaseKeyword.groovy:59)
	... 20 more
Caused by: com.kms.katalon.core.exception.StepFailedException: Object Object Repository/Borrower/Borrower - Pekerjaan/Borrower_Pekerjaan_InpPekerjaan not found
	at com.kms.katalon.core.keyword.internal.KeywordMain.stepFailed(KeywordMain.groovy:50)
	at com.kms.katalon.core.mobile.keyword.internal.MobileKeywordMain.stepFailed(MobileKeywordMain.groovy:40)
	at com.kms.katalon.core.mobile.keyword.builtin.GetTextKeyword$_getText_closure1.doCall(GetTextKeyword.groovy:74)
	at com.kms.katalon.core.mobile.keyword.builtin.GetTextKeyword$_getText_closure1.call(GetTextKeyword.groovy)
	at com.kms.katalon.core.mobile.keyword.internal.MobileKeywordMain.runKeyword(MobileKeywordMain.groovy:21)
	at com.kms.katalon.core.mobile.keyword.builtin.GetTextKeyword.getText(GetTextKeyword.groovy:80)
	at com.kms.katalon.core.mobile.keyword.builtin.GetTextKeyword.execute(GetTextKeyword.groovy:64)
	at com.kms.katalon.core.keyword.internal.KeywordExecutor.executeKeywordForPlatform(KeywordExecutor.groovy:60)
	at com.kms.katalon.core.mobile.keyword.MobileBuiltInKeywords.getText(MobileBuiltInKeywords.groovy:458)
	at com.kms.katalon.core.mobile.keyword.MobileBuiltInKeywords$getText$13.call(Unknown Source)
	at TC_Borrower - Pekerjaan - MASTER FLOW.run(TC_Borrower - Pekerjaan - MASTER FLOW:16)
	at com.kms.katalon.core.main.ScriptEngine.run(ScriptEngine.java:194)
	at com.kms.katalon.core.main.ScriptEngine.runScriptAsRawText(ScriptEngine.java:119)
	at com.kms.katalon.core.main.TestCaseExecutor.runScript(TestCaseExecutor.java:337)
	at com.kms.katalon.core.main.TestCaseExecutor.doExecute(TestCaseExecutor.java:328)
	at com.kms.katalon.core.main.TestCaseExecutor.processExecutionPhase(TestCaseExecutor.java:307)
	at com.kms.katalon.core.main.TestCaseExecutor.accessMainPhase(TestCaseExecutor.java:299)
	at com.kms.katalon.core.main.TestCaseExecutor.execute(TestCaseExecutor.java:233)
	at com.kms.katalon.core.main.TestCaseMain.runTestCase(TestCaseMain.java:114)
	at com.kms.katalon.core.keyword.builtin.CallTestCaseKeyword$_callTestCase_closure1.doCall(CallTestCaseKeyword.groovy:59)
	... 36 more
)]]></system-out>
         <system-err><![CDATA[2019-11-27 10:37:35 - [TEST_CASE][FAILED] - Test Cases/Data Entry/TC_Data Entry: Test Cases/Data Entry/TC_Data Entry FAILED.
Reason:
com.kms.katalon.core.exception.StepFailedException: Call Test Case 'Test Cases/Data Entry/Borrower/Flow Borrower' failed
	at com.kms.katalon.core.keyword.builtin.CallTestCaseKeyword$_callTestCase_closure1.doCall(CallTestCaseKeyword.groovy:63)
	at com.kms.katalon.core.keyword.builtin.CallTestCaseKeyword$_callTestCase_closure1.call(CallTestCaseKeyword.groovy)
	at com.kms.katalon.core.keyword.internal.KeywordMain.runKeyword(KeywordMain.groovy:68)
	at com.kms.katalon.core.keyword.builtin.CallTestCaseKeyword.callTestCase(CallTestCaseKeyword.groovy:81)
	at com.kms.katalon.core.keyword.builtin.CallTestCaseKeyword.execute(CallTestCaseKeyword.groovy:44)
	at com.kms.katalon.core.keyword.internal.KeywordExecutor.executeKeywordForPlatform(KeywordExecutor.groovy:60)
	at com.kms.katalon.core.keyword.BuiltinKeywords.callTestCase(BuiltinKeywords.groovy:334)
	at TC_Data Entry.run(TC_Data Entry:42)
	at com.kms.katalon.core.main.ScriptEngine.run(ScriptEngine.java:194)
	at com.kms.katalon.core.main.ScriptEngine.runScriptAsRawText(ScriptEngine.java:119)
	at com.kms.katalon.core.main.TestCaseExecutor.runScript(TestCaseExecutor.java:337)
	at com.kms.katalon.core.main.TestCaseExecutor.doExecute(TestCaseExecutor.java:328)
	at com.kms.katalon.core.main.TestCaseExecutor.processExecutionPhase(TestCaseExecutor.java:307)
	at com.kms.katalon.core.main.TestCaseExecutor.accessMainPhase(TestCaseExecutor.java:299)
	at com.kms.katalon.core.main.TestCaseExecutor.execute(TestCaseExecutor.java:233)
	at com.kms.katalon.core.main.TestSuiteExecutor.accessTestCaseMainPhase(TestSuiteExecutor.java:169)
	at com.kms.katalon.core.main.TestSuiteExecutor.accessTestSuiteMainPhase(TestSuiteExecutor.java:142)
	at com.kms.katalon.core.main.TestSuiteExecutor.execute(TestSuiteExecutor.java:91)
	at com.kms.katalon.core.main.TestCaseMain.startTestSuite(TestCaseMain.java:157)
	at com.kms.katalon.core.main.TestCaseMain$startTestSuite$0.call(Unknown Source)
	at TempTestSuite1574825848461.run(TempTestSuite1574825848461.groovy:36)
Caused by: com.kms.katalon.core.exception.StepFailedException: Call Test Case 'Test Cases/Data Entry/Borrower/Borrower - Pekerjaan/MASTER FLOW/TC_Borrower - Pekerjaan - MASTER FLOW' failed
	at com.kms.katalon.core.keyword.builtin.CallTestCaseKeyword$_callTestCase_closure1.doCall(CallTestCaseKeyword.groovy:63)
	at com.kms.katalon.core.keyword.builtin.CallTestCaseKeyword$_callTestCase_closure1.call(CallTestCaseKeyword.groovy)
	at com.kms.katalon.core.keyword.internal.KeywordMain.runKeyword(KeywordMain.groovy:68)
	at com.kms.katalon.core.keyword.builtin.CallTestCaseKeyword.callTestCase(CallTestCaseKeyword.groovy:81)
	at com.kms.katalon.core.keyword.builtin.CallTestCaseKeyword.execute(CallTestCaseKeyword.groovy:44)
	at com.kms.katalon.core.keyword.internal.KeywordExecutor.executeKeywordForPlatform(KeywordExecutor.groovy:60)
	at com.kms.katalon.core.keyword.BuiltinKeywords.callTestCase(BuiltinKeywords.groovy:334)
	at Flow Borrower.run(Flow Borrower:42)
	at com.kms.katalon.core.main.ScriptEngine.run(ScriptEngine.java:194)
	at com.kms.katalon.core.main.ScriptEngine.runScriptAsRawText(ScriptEngine.java:119)
	at com.kms.katalon.core.main.TestCaseExecutor.runScript(TestCaseExecutor.java:337)
	at com.kms.katalon.core.main.TestCaseExecutor.doExecute(TestCaseExecutor.java:328)
	at com.kms.katalon.core.main.TestCaseExecutor.processExecutionPhase(TestCaseExecutor.java:307)
	at com.kms.katalon.core.main.TestCaseExecutor.accessMainPhase(TestCaseExecutor.java:299)
	at com.kms.katalon.core.main.TestCaseExecutor.execute(TestCaseExecutor.java:233)
	at com.kms.katalon.core.main.TestCaseMain.runTestCase(TestCaseMain.java:114)
	at com.kms.katalon.core.keyword.builtin.CallTestCaseKeyword$_callTestCase_closure1.doCall(CallTestCaseKeyword.groovy:59)
	... 20 more
Caused by: com.kms.katalon.core.exception.StepFailedException: Object Object Repository/Borrower/Borrower - Pekerjaan/Borrower_Pekerjaan_InpPekerjaan not found
	at com.kms.katalon.core.keyword.internal.KeywordMain.stepFailed(KeywordMain.groovy:50)
	at com.kms.katalon.core.mobile.keyword.internal.MobileKeywordMain.stepFailed(MobileKeywordMain.groovy:40)
	at com.kms.katalon.core.mobile.keyword.builtin.GetTextKeyword$_getText_closure1.doCall(GetTextKeyword.groovy:74)
	at com.kms.katalon.core.mobile.keyword.builtin.GetTextKeyword$_getText_closure1.call(GetTextKeyword.groovy)
	at com.kms.katalon.core.mobile.keyword.internal.MobileKeywordMain.runKeyword(MobileKeywordMain.groovy:21)
	at com.kms.katalon.core.mobile.keyword.builtin.GetTextKeyword.getText(GetTextKeyword.groovy:80)
	at com.kms.katalon.core.mobile.keyword.builtin.GetTextKeyword.execute(GetTextKeyword.groovy:64)
	at com.kms.katalon.core.keyword.internal.KeywordExecutor.executeKeywordForPlatform(KeywordExecutor.groovy:60)
	at com.kms.katalon.core.mobile.keyword.MobileBuiltInKeywords.getText(MobileBuiltInKeywords.groovy:458)
	at com.kms.katalon.core.mobile.keyword.MobileBuiltInKeywords$getText$13.call(Unknown Source)
	at TC_Borrower - Pekerjaan - MASTER FLOW.run(TC_Borrower - Pekerjaan - MASTER FLOW:16)
	at com.kms.katalon.core.main.ScriptEngine.run(ScriptEngine.java:194)
	at com.kms.katalon.core.main.ScriptEngine.runScriptAsRawText(ScriptEngine.java:119)
	at com.kms.katalon.core.main.TestCaseExecutor.runScript(TestCaseExecutor.java:337)
	at com.kms.katalon.core.main.TestCaseExecutor.doExecute(TestCaseExecutor.java:328)
	at com.kms.katalon.core.main.TestCaseExecutor.processExecutionPhase(TestCaseExecutor.java:307)
	at com.kms.katalon.core.main.TestCaseExecutor.accessMainPhase(TestCaseExecutor.java:299)
	at com.kms.katalon.core.main.TestCaseExecutor.execute(TestCaseExecutor.java:233)
	at com.kms.katalon.core.main.TestCaseMain.runTestCase(TestCaseMain.java:114)
	at com.kms.katalon.core.keyword.builtin.CallTestCaseKeyword$_callTestCase_closure1.doCall(CallTestCaseKeyword.groovy:59)
	... 36 more]]></system-err>
      </testcase>
      <testcase name="Test Cases/Data Entry/TC_Data Entry" time="156.591" classname="Test Cases/Data Entry/TC_Data Entry" status="FAILED">
         <failure type="FAILED" message="Test Cases/Data Entry/TC_Data Entry FAILED.
Reason:
com.kms.katalon.core.exception.StepFailedException: Call Test Case 'Test Cases/Data Entry/Simulasi Kredit/Simulasi Kredit - Asuransi/MASTER FLOW/TC_Asuransi - MASTER FLOW' failed
	at com.kms.katalon.core.keyword.builtin.CallTestCaseKeyword$_callTestCase_closure1.doCall(CallTestCaseKeyword.groovy:63)
	at com.kms.katalon.core.keyword.builtin.CallTestCaseKeyword$_callTestCase_closure1.call(CallTestCaseKeyword.groovy)
	at com.kms.katalon.core.keyword.internal.KeywordMain.runKeyword(KeywordMain.groovy:68)
	at com.kms.katalon.core.keyword.builtin.CallTestCaseKeyword.callTestCase(CallTestCaseKeyword.groovy:81)
	at com.kms.katalon.core.keyword.builtin.CallTestCaseKeyword.execute(CallTestCaseKeyword.groovy:44)
	at com.kms.katalon.core.keyword.internal.KeywordExecutor.executeKeywordForPlatform(KeywordExecutor.groovy:60)
	at com.kms.katalon.core.keyword.BuiltinKeywords.callTestCase(BuiltinKeywords.groovy:334)
	at TC_Data Entry.run(TC_Data Entry:26)
	at com.kms.katalon.core.main.ScriptEngine.run(ScriptEngine.java:194)
	at com.kms.katalon.core.main.ScriptEngine.runScriptAsRawText(ScriptEngine.java:119)
	at com.kms.katalon.core.main.TestCaseExecutor.runScript(TestCaseExecutor.java:337)
	at com.kms.katalon.core.main.TestCaseExecutor.doExecute(TestCaseExecutor.java:328)
	at com.kms.katalon.core.main.TestCaseExecutor.processExecutionPhase(TestCaseExecutor.java:307)
	at com.kms.katalon.core.main.TestCaseExecutor.accessMainPhase(TestCaseExecutor.java:299)
	at com.kms.katalon.core.main.TestCaseExecutor.execute(TestCaseExecutor.java:233)
	at com.kms.katalon.core.main.TestSuiteExecutor.accessTestCaseMainPhase(TestSuiteExecutor.java:169)
	at com.kms.katalon.core.main.TestSuiteExecutor.accessTestSuiteMainPhase(TestSuiteExecutor.java:142)
	at com.kms.katalon.core.main.TestSuiteExecutor.execute(TestSuiteExecutor.java:91)
	at com.kms.katalon.core.main.TestCaseMain.startTestSuite(TestCaseMain.java:157)
	at com.kms.katalon.core.main.TestCaseMain$startTestSuite$0.call(Unknown Source)
	at TempTestSuite1574825848461.run(TempTestSuite1574825848461.groovy:36)
Caused by: com.kms.katalon.core.exception.StepFailedException: Object Object Repository/Simulasi Kredit/Simulasi Kredit - Asuransi/Asuransi_Nama Asuransi not found
	at com.kms.katalon.core.keyword.internal.KeywordMain.stepFailed(KeywordMain.groovy:50)
	at com.kms.katalon.core.mobile.keyword.internal.MobileKeywordMain.stepFailed(MobileKeywordMain.groovy:40)
	at com.kms.katalon.core.mobile.keyword.builtin.TapKeyword$_tap_closure1.doCall(TapKeyword.groovy:79)
	at com.kms.katalon.core.mobile.keyword.builtin.TapKeyword$_tap_closure1.call(TapKeyword.groovy)
	at com.kms.katalon.core.mobile.keyword.internal.MobileKeywordMain.runKeyword(MobileKeywordMain.groovy:21)
	at com.kms.katalon.core.mobile.keyword.builtin.TapKeyword.tap(TapKeyword.groovy:86)
	at com.kms.katalon.core.mobile.keyword.builtin.TapKeyword.execute(TapKeyword.groovy:68)
	at com.kms.katalon.core.keyword.internal.KeywordExecutor.executeKeywordForPlatform(KeywordExecutor.groovy:60)
	at com.kms.katalon.core.mobile.keyword.MobileBuiltInKeywords.tap(MobileBuiltInKeywords.groovy:520)
	at com.kms.katalon.core.mobile.keyword.MobileBuiltInKeywords$tap$1.call(Unknown Source)
	at TC_Asuransi - MASTER FLOW.run(TC_Asuransi - MASTER FLOW:18)
	at com.kms.katalon.core.main.ScriptEngine.run(ScriptEngine.java:194)
	at com.kms.katalon.core.main.ScriptEngine.runScriptAsRawText(ScriptEngine.java:119)
	at com.kms.katalon.core.main.TestCaseExecutor.runScript(TestCaseExecutor.java:337)
	at com.kms.katalon.core.main.TestCaseExecutor.doExecute(TestCaseExecutor.java:328)
	at com.kms.katalon.core.main.TestCaseExecutor.processExecutionPhase(TestCaseExecutor.java:307)
	at com.kms.katalon.core.main.TestCaseExecutor.accessMainPhase(TestCaseExecutor.java:299)
	at com.kms.katalon.core.main.TestCaseExecutor.execute(TestCaseExecutor.java:233)
	at com.kms.katalon.core.main.TestCaseMain.runTestCase(TestCaseMain.java:114)
	at com.kms.katalon.core.keyword.builtin.CallTestCaseKeyword$_callTestCase_closure1.doCall(CallTestCaseKeyword.groovy:59)
	... 20 more
"/>
         <system-out><![CDATA[2019-11-27 10:49:05 - [TEST_CASE][FAILED] - Test Cases/Data Entry/TC_Data Entry: Test Cases/Data Entry/TC_Data Entry FAILED.
Reason:
com.kms.katalon.core.exception.StepFailedException: Call Test Case 'Test Cases/Data Entry/Simulasi Kredit/Simulasi Kredit - Asuransi/MASTER FLOW/TC_Asuransi - MASTER FLOW' failed
	at com.kms.katalon.core.keyword.builtin.CallTestCaseKeyword$_callTestCase_closure1.doCall(CallTestCaseKeyword.groovy:63)
	at com.kms.katalon.core.keyword.builtin.CallTestCaseKeyword$_callTestCase_closure1.call(CallTestCaseKeyword.groovy)
	at com.kms.katalon.core.keyword.internal.KeywordMain.runKeyword(KeywordMain.groovy:68)
	at com.kms.katalon.core.keyword.builtin.CallTestCaseKeyword.callTestCase(CallTestCaseKeyword.groovy:81)
	at com.kms.katalon.core.keyword.builtin.CallTestCaseKeyword.execute(CallTestCaseKeyword.groovy:44)
	at com.kms.katalon.core.keyword.internal.KeywordExecutor.executeKeywordForPlatform(KeywordExecutor.groovy:60)
	at com.kms.katalon.core.keyword.BuiltinKeywords.callTestCase(BuiltinKeywords.groovy:334)
	at TC_Data Entry.run(TC_Data Entry:26)
	at com.kms.katalon.core.main.ScriptEngine.run(ScriptEngine.java:194)
	at com.kms.katalon.core.main.ScriptEngine.runScriptAsRawText(ScriptEngine.java:119)
	at com.kms.katalon.core.main.TestCaseExecutor.runScript(TestCaseExecutor.java:337)
	at com.kms.katalon.core.main.TestCaseExecutor.doExecute(TestCaseExecutor.java:328)
	at com.kms.katalon.core.main.TestCaseExecutor.processExecutionPhase(TestCaseExecutor.java:307)
	at com.kms.katalon.core.main.TestCaseExecutor.accessMainPhase(TestCaseExecutor.java:299)
	at com.kms.katalon.core.main.TestCaseExecutor.execute(TestCaseExecutor.java:233)
	at com.kms.katalon.core.main.TestSuiteExecutor.accessTestCaseMainPhase(TestSuiteExecutor.java:169)
	at com.kms.katalon.core.main.TestSuiteExecutor.accessTestSuiteMainPhase(TestSuiteExecutor.java:142)
	at com.kms.katalon.core.main.TestSuiteExecutor.execute(TestSuiteExecutor.java:91)
	at com.kms.katalon.core.main.TestCaseMain.startTestSuite(TestCaseMain.java:157)
	at com.kms.katalon.core.main.TestCaseMain$startTestSuite$0.call(Unknown Source)
	at TempTestSuite1574825848461.run(TempTestSuite1574825848461.groovy:36)
Caused by: com.kms.katalon.core.exception.StepFailedException: Object Object Repository/Simulasi Kredit/Simulasi Kredit - Asuransi/Asuransi_Nama Asuransi not found
	at com.kms.katalon.core.keyword.internal.KeywordMain.stepFailed(KeywordMain.groovy:50)
	at com.kms.katalon.core.mobile.keyword.internal.MobileKeywordMain.stepFailed(MobileKeywordMain.groovy:40)
	at com.kms.katalon.core.mobile.keyword.builtin.TapKeyword$_tap_closure1.doCall(TapKeyword.groovy:79)
	at com.kms.katalon.core.mobile.keyword.builtin.TapKeyword$_tap_closure1.call(TapKeyword.groovy)
	at com.kms.katalon.core.mobile.keyword.internal.MobileKeywordMain.runKeyword(MobileKeywordMain.groovy:21)
	at com.kms.katalon.core.mobile.keyword.builtin.TapKeyword.tap(TapKeyword.groovy:86)
	at com.kms.katalon.core.mobile.keyword.builtin.TapKeyword.execute(TapKeyword.groovy:68)
	at com.kms.katalon.core.keyword.internal.KeywordExecutor.executeKeywordForPlatform(KeywordExecutor.groovy:60)
	at com.kms.katalon.core.mobile.keyword.MobileBuiltInKeywords.tap(MobileBuiltInKeywords.groovy:520)
	at com.kms.katalon.core.mobile.keyword.MobileBuiltInKeywords$tap$1.call(Unknown Source)
	at TC_Asuransi - MASTER FLOW.run(TC_Asuransi - MASTER FLOW:18)
	at com.kms.katalon.core.main.ScriptEngine.run(ScriptEngine.java:194)
	at com.kms.katalon.core.main.ScriptEngine.runScriptAsRawText(ScriptEngine.java:119)
	at com.kms.katalon.core.main.TestCaseExecutor.runScript(TestCaseExecutor.java:337)
	at com.kms.katalon.core.main.TestCaseExecutor.doExecute(TestCaseExecutor.java:328)
	at com.kms.katalon.core.main.TestCaseExecutor.processExecutionPhase(TestCaseExecutor.java:307)
	at com.kms.katalon.core.main.TestCaseExecutor.accessMainPhase(TestCaseExecutor.java:299)
	at com.kms.katalon.core.main.TestCaseExecutor.execute(TestCaseExecutor.java:233)
	at com.kms.katalon.core.main.TestCaseMain.runTestCase(TestCaseMain.java:114)
	at com.kms.katalon.core.keyword.builtin.CallTestCaseKeyword$_callTestCase_closure1.doCall(CallTestCaseKeyword.groovy:59)
	... 20 more


2019-11-27 10:49:05 - [TEST_STEP][PASSED] - callTestCase(findTestCase("dynamic test case/open application"), [:], STOP_ON_FAILURE): Call Test Case 'Test Cases/dynamic test case/open application' successfully

2019-11-27 10:49:06 - [TEST_CASE][PASSED] - Test Cases/dynamic test case/open application: Test Cases/dynamic test case/open application

2019-11-27 10:49:06 - [TEST_STEP][PASSED] - appPath = relativeToAbsolutePath(apkname, getProjectDir()): null

2019-11-27 10:49:06 - [TEST_STEP][PASSED] - startApplication(appPath, false): Started app at: 'C:\Users\15420\git\ACCME-Dupcheck\AccMe.apk'

2019-11-27 10:49:06 - [MESSAGE][INFO] - User set preference: ['unicodeKeyboard', 'true']

2019-11-27 10:49:06 - [MESSAGE][INFO] - User set preference: ['resetKeyboard', 'true']

2019-11-27 10:49:06 - [MESSAGE][INFO] - User set preference: ['deviceId', '']

2019-11-27 10:49:39 - [MESSAGE][PASSED] - Started app at: 'C:\Users\15420\git\ACCME-Dupcheck\AccMe.apk'

2019-11-27 10:49:39 - [MESSAGE][PASSED] - Call Test Case 'Test Cases/dynamic test case/open application' successfully

2019-11-27 10:49:39 - [TEST_STEP][PASSED] - callTestCase(findTestCase("Data Entry/Simulasi Kredit/Simulasi Kredit/MASTER FLOW/TC_Simulasi Kredit - MASTER FLOW"), ["varBrand":varBrand, "varType":varType, "varModel":varModel, "varTahun":varTahun, "varTenor":varTenor, "varOTR":varOTR, "varRP":varRP, ... ], OPTIONAL): Unable to call Test Case 'Test Cases/Data Entry/Simulasi Kredit/Simulasi Kredit/MASTER FLOW/TC_Simulasi Kredit - MASTER FLOW' (Root cause: com.kms.katalon.core.exception.StepFailedException: Call Test Case 'Test Cases/Data Entry/Simulasi Kredit/Simulasi Kredit/MASTER FLOW/TC_Simulasi Kredit - MASTER FLOW' failed
	at com.kms.katalon.core.keyword.builtin.CallTestCaseKeyword$_callTestCase_closure1.doCall(CallTestCaseKeyword.groovy:63)
	at com.kms.katalon.core.keyword.builtin.CallTestCaseKeyword$_callTestCase_closure1.call(CallTestCaseKeyword.groovy)
	at com.kms.katalon.core.keyword.internal.KeywordMain.runKeyword(KeywordMain.groovy:68)
	at com.kms.katalon.core.keyword.builtin.CallTestCaseKeyword.callTestCase(CallTestCaseKeyword.groovy:81)
	at com.kms.katalon.core.keyword.builtin.CallTestCaseKeyword.execute(CallTestCaseKeyword.groovy:44)
	at com.kms.katalon.core.keyword.internal.KeywordExecutor.executeKeywordForPlatform(KeywordExecutor.groovy:60)
	at com.kms.katalon.core.keyword.BuiltinKeywords.callTestCase(BuiltinKeywords.groovy:334)
	at TC_Data Entry.run(TC_Data Entry:21)
	at com.kms.katalon.core.main.ScriptEngine.run(ScriptEngine.java:194)
	at com.kms.katalon.core.main.ScriptEngine.runScriptAsRawText(ScriptEngine.java:119)
	at com.kms.katalon.core.main.TestCaseExecutor.runScript(TestCaseExecutor.java:337)
	at com.kms.katalon.core.main.TestCaseExecutor.doExecute(TestCaseExecutor.java:328)
	at com.kms.katalon.core.main.TestCaseExecutor.processExecutionPhase(TestCaseExecutor.java:307)
	at com.kms.katalon.core.main.TestCaseExecutor.accessMainPhase(TestCaseExecutor.java:299)
	at com.kms.katalon.core.main.TestCaseExecutor.execute(TestCaseExecutor.java:233)
	at com.kms.katalon.core.main.TestSuiteExecutor.accessTestCaseMainPhase(TestSuiteExecutor.java:169)
	at com.kms.katalon.core.main.TestSuiteExecutor.accessTestSuiteMainPhase(TestSuiteExecutor.java:142)
	at com.kms.katalon.core.main.TestSuiteExecutor.execute(TestSuiteExecutor.java:91)
	at com.kms.katalon.core.main.TestCaseMain.startTestSuite(TestCaseMain.java:157)
	at com.kms.katalon.core.main.TestCaseMain$startTestSuite$0.call(Unknown Source)
	at TempTestSuite1574825848461.run(TempTestSuite1574825848461.groovy:36)
Caused by: com.kms.katalon.core.exception.StepFailedException: Unable to scroll to text 'T:1300 XI M/T' (Root cause: org.openqa.selenium.NoSuchElementException: An element could not be located on the page using the given search parameters.
For documentation on this error, please visit: https://www.seleniumhq.org/exceptions/no_such_element.html
Build info: version: '3.141.59', revision: 'e82be7d358', time: '2018-11-14T08:25:53'
System info: host: 'FATITQC15420L', ip: '10.7.8.181', os.name: 'Windows 10', os.arch: 'amd64', os.version: '10.0', java.version: '1.8.0_181'
Driver info: com.kms.katalon.core.appium.driver.SwipeableAndroidDriver
Capabilities {app: C:\Users\15420\git\ACCME-Du..., appPackage: com.outsystemsenterprise.ac..., autoGrantPermissions: true, automationName: uiautomator2, databaseEnabled: false, desired: {app: C:\Users\15420\git\ACCME-Du..., autoGrantPermissions: true, automationName: uiautomator2, deviceId: , deviceName: samsung SM-A505F (Android 9), fullReset: false, newCommandTimeout: 1800, noReset: true, platform: ANDROID, platformName: android, platformVersion: 9, resetKeyboard: true, systemPort: 56263, udid: RR8M30NJT6T, unicodeKeyboard: true}, deviceApiLevel: 28, deviceId: , deviceManufacturer: samsung, deviceModel: SM-A505F, deviceName: RR8M30NJT6T, deviceScreenDensity: 420, deviceScreenSize: 1080x2340, deviceUDID: RR8M30NJT6T, fullReset: false, javascriptEnabled: true, locationContextEnabled: false, networkConnectionEnabled: true, newCommandTimeout: 1800, noReset: true, pixelRatio: 2.625, platform: ANDROID, platformName: Android, platformVersion: 9, resetKeyboard: true, statBarHeight: 83, systemPort: 56263, takesScreenshot: true, udid: RR8M30NJT6T, unicodeKeyboard: true, viewportRect: {height: 2048, left: 0, top: 83, width: 1080}, warnings: {}, webStorageEnabled: false}
Session ID: d4232d11-967b-4d1f-b034-17020e37cd66
*** Element info: {Using=-android uiautomator, value=new UiScrollable(new UiSelector().scrollable(true).instance(0)).scrollIntoView(new UiSelector().textContains("T:1300 XI M/T"))}
	at org.openqa.selenium.remote.http.W3CHttpResponseCodec.createException(W3CHttpResponseCodec.java:187)
	at org.openqa.selenium.remote.http.W3CHttpResponseCodec.decode(W3CHttpResponseCodec.java:122)
	at org.openqa.selenium.remote.http.W3CHttpResponseCodec.decode(W3CHttpResponseCodec.java:49)
	at org.openqa.selenium.remote.HttpCommandExecutor.execute(HttpCommandExecutor.java:158)
	at io.appium.java_client.remote.AppiumCommandExecutor.execute(AppiumCommandExecutor.java:239)
	at org.openqa.selenium.remote.RemoteWebDriver.execute(RemoteWebDriver.java:552)
	at io.appium.java_client.DefaultGenericMobileDriver.execute(DefaultGenericMobileDriver.java:42)
	at io.appium.java_client.AppiumDriver.execute(AppiumDriver.java:1)
	at io.appium.java_client.android.AndroidDriver.execute(AndroidDriver.java:1)
	at com.kms.katalon.core.appium.driver.SwipeableAndroidDriver.execute(SwipeableAndroidDriver.java:1)
	at org.openqa.selenium.remote.RemoteWebDriver.findElement(RemoteWebDriver.java:323)
	at io.appium.java_client.DefaultGenericMobileDriver.findElement(DefaultGenericMobileDriver.java:62)
	at io.appium.java_client.AppiumDriver.findElement(AppiumDriver.java:1)
	at io.appium.java_client.android.AndroidDriver.findElement(AndroidDriver.java:1)
	at com.kms.katalon.core.appium.driver.SwipeableAndroidDriver.findElement(SwipeableAndroidDriver.java:1)
	at io.appium.java_client.FindsByAndroidUIAutomator.findElementByAndroidUIAutomator(FindsByAndroidUIAutomator.java:38)
	at io.appium.java_client.FindsByAndroidUIAutomator$findElementByAndroidUIAutomator.call(Unknown Source)
	at com.kms.katalon.core.mobile.keyword.builtin.ScrollToTextKeyword$_scrollToText_closure1.doCall(ScrollToTextKeyword.groovy:62)
	at com.kms.katalon.core.mobile.keyword.builtin.ScrollToTextKeyword$_scrollToText_closure1.doCall(ScrollToTextKeyword.groovy)
	at com.kms.katalon.core.mobile.keyword.internal.MobileKeywordMain.runKeyword(MobileKeywordMain.groovy:21)
	at com.kms.katalon.core.mobile.keyword.internal.MobileKeywordMain$runKeyword.call(Unknown Source)
	at com.kms.katalon.core.mobile.keyword.builtin.ScrollToTextKeyword.scrollToText(ScrollToTextKeyword.groovy:85)
	at com.kms.katalon.core.mobile.keyword.builtin.ScrollToTextKeyword.execute(ScrollToTextKeyword.groovy:41)
	at com.kms.katalon.core.keyword.internal.KeywordExecutor.executeKeywordForPlatform(KeywordExecutor.groovy:60)
	at com.kms.katalon.core.mobile.keyword.MobileBuiltInKeywords.scrollToText(MobileBuiltInKeywords.groovy:888)
	at com.kms.katalon.core.mobile.keyword.MobileBuiltInKeywords$scrollToText$6.call(Unknown Source)
	at TC_Simulasi Kredit - MASTER FLOW.run(TC_Simulasi Kredit - MASTER FLOW:84)
	at com.kms.katalon.core.main.ScriptEngine.run(ScriptEngine.java:194)
	at com.kms.katalon.core.main.ScriptEngine.runScriptAsRawText(ScriptEngine.java:119)
	at com.kms.katalon.core.main.TestCaseExecutor.runScript(TestCaseExecutor.java:337)
	at com.kms.katalon.core.main.TestCaseExecutor.doExecute(TestCaseExecutor.java:328)
	at com.kms.katalon.core.main.TestCaseExecutor.processExecutionPhase(TestCaseExecutor.java:307)
	at com.kms.katalon.core.main.TestCaseExecutor.accessMainPhase(TestCaseExecutor.java:299)
	at com.kms.katalon.core.main.TestCaseExecutor.execute(TestCaseExecutor.java:233)
	at com.kms.katalon.core.main.TestCaseMain.runTestCase(TestCaseMain.java:114)
	at com.kms.katalon.core.keyword.builtin.CallTestCaseKeyword$_callTestCase_closure1.doCall(CallTestCaseKeyword.groovy:59)
	at com.kms.katalon.core.keyword.builtin.CallTestCaseKeyword$_callTestCase_closure1.call(CallTestCaseKeyword.groovy)
	at com.kms.katalon.core.keyword.internal.KeywordMain.runKeyword(KeywordMain.groovy:68)
	at com.kms.katalon.core.keyword.builtin.CallTestCaseKeyword.callTestCase(CallTestCaseKeyword.groovy:81)
	at com.kms.katalon.core.keyword.builtin.CallTestCaseKeyword.execute(CallTestCaseKeyword.groovy:44)
	at com.kms.katalon.core.keyword.internal.KeywordExecutor.executeKeywordForPlatform(KeywordExecutor.groovy:60)
	at com.kms.katalon.core.keyword.BuiltinKeywords.callTestCase(BuiltinKeywords.groovy:334)
	at TC_Data Entry.run(TC_Data Entry:21)
	at com.kms.katalon.core.main.ScriptEngine.run(ScriptEngine.java:194)
	at com.kms.katalon.core.main.ScriptEngine.runScriptAsRawText(ScriptEngine.java:119)
	at com.kms.katalon.core.main.TestCaseExecutor.runScript(TestCaseExecutor.java:337)
	at com.kms.katalon.core.main.TestCaseExecutor.doExecute(TestCaseExecutor.java:328)
	at com.kms.katalon.core.main.TestCaseExecutor.processExecutionPhase(TestCaseExecutor.java:307)
	at com.kms.katalon.core.main.TestCaseExecutor.accessMainPhase(TestCaseExecutor.java:299)
	at com.kms.katalon.core.main.TestCaseExecutor.execute(TestCaseExecutor.java:233)
	at com.kms.katalon.core.main.TestSuiteExecutor.accessTestCaseMainPhase(TestSuiteExecutor.java:169)
	at com.kms.katalon.core.main.TestSuiteExecutor.accessTestSuiteMainPhase(TestSuiteExecutor.java:142)
	at com.kms.katalon.core.main.TestSuiteExecutor.execute(TestSuiteExecutor.java:91)
	at com.kms.katalon.core.main.TestCaseMain.startTestSuite(TestCaseMain.java:157)
	at com.kms.katalon.core.main.TestCaseMain$startTestSuite$0.call(Unknown Source)
	at TempTestSuite1574825848461.run(TempTestSuite1574825848461.groovy:36)
)
	at com.kms.katalon.core.keyword.internal.KeywordMain.stepFailed(KeywordMain.groovy:50)
	at com.kms.katalon.core.mobile.keyword.internal.MobileKeywordMain.stepFailed(MobileKeywordMain.groovy:40)
	at com.kms.katalon.core.mobile.keyword.internal.MobileKeywordMain.runKeyword(MobileKeywordMain.groovy:23)
	at com.kms.katalon.core.mobile.keyword.internal.MobileKeywordMain$runKeyword.call(Unknown Source)
	at com.kms.katalon.core.mobile.keyword.builtin.ScrollToTextKeyword.scrollToText(ScrollToTextKeyword.groovy:85)
	at com.kms.katalon.core.mobile.keyword.builtin.ScrollToTextKeyword.execute(ScrollToTextKeyword.groovy:41)
	at com.kms.katalon.core.keyword.internal.KeywordExecutor.executeKeywordForPlatform(KeywordExecutor.groovy:60)
	at com.kms.katalon.core.mobile.keyword.MobileBuiltInKeywords.scrollToText(MobileBuiltInKeywords.groovy:888)
	at com.kms.katalon.core.mobile.keyword.MobileBuiltInKeywords$scrollToText$6.call(Unknown Source)
	at TC_Simulasi Kredit - MASTER FLOW.run(TC_Simulasi Kredit - MASTER FLOW:84)
	at com.kms.katalon.core.main.ScriptEngine.run(ScriptEngine.java:194)
	at com.kms.katalon.core.main.ScriptEngine.runScriptAsRawText(ScriptEngine.java:119)
	at com.kms.katalon.core.main.TestCaseExecutor.runScript(TestCaseExecutor.java:337)
	at com.kms.katalon.core.main.TestCaseExecutor.doExecute(TestCaseExecutor.java:328)
	at com.kms.katalon.core.main.TestCaseExecutor.processExecutionPhase(TestCaseExecutor.java:307)
	at com.kms.katalon.core.main.TestCaseExecutor.accessMainPhase(TestCaseExecutor.java:299)
	at com.kms.katalon.core.main.TestCaseExecutor.execute(TestCaseExecutor.java:233)
	at com.kms.katalon.core.main.TestCaseMain.runTestCase(TestCaseMain.java:114)
	at com.kms.katalon.core.keyword.builtin.CallTestCaseKeyword$_callTestCase_closure1.doCall(CallTestCaseKeyword.groovy:59)
	... 20 more
Caused by: org.openqa.selenium.NoSuchElementException: An element could not be located on the page using the given search parameters.
For documentation on this error, please visit: https://www.seleniumhq.org/exceptions/no_such_element.html
Build info: version: '3.141.59', revision: 'e82be7d358', time: '2018-11-14T08:25:53'
System info: host: 'FATITQC15420L', ip: '10.7.8.181', os.name: 'Windows 10', os.arch: 'amd64', os.version: '10.0', java.version: '1.8.0_181'
Driver info: com.kms.katalon.core.appium.driver.SwipeableAndroidDriver
Capabilities {app: C:\Users\15420\git\ACCME-Du..., appPackage: com.outsystemsenterprise.ac..., autoGrantPermissions: true, automationName: uiautomator2, databaseEnabled: false, desired: {app: C:\Users\15420\git\ACCME-Du..., autoGrantPermissions: true, automationName: uiautomator2, deviceId: , deviceName: samsung SM-A505F (Android 9), fullReset: false, newCommandTimeout: 1800, noReset: true, platform: ANDROID, platformName: android, platformVersion: 9, resetKeyboard: true, systemPort: 56263, udid: RR8M30NJT6T, unicodeKeyboard: true}, deviceApiLevel: 28, deviceId: , deviceManufacturer: samsung, deviceModel: SM-A505F, deviceName: RR8M30NJT6T, deviceScreenDensity: 420, deviceScreenSize: 1080x2340, deviceUDID: RR8M30NJT6T, fullReset: false, javascriptEnabled: true, locationContextEnabled: false, networkConnectionEnabled: true, newCommandTimeout: 1800, noReset: true, pixelRatio: 2.625, platform: ANDROID, platformName: Android, platformVersion: 9, resetKeyboard: true, statBarHeight: 83, systemPort: 56263, takesScreenshot: true, udid: RR8M30NJT6T, unicodeKeyboard: true, viewportRect: {height: 2048, left: 0, top: 83, width: 1080}, warnings: {}, webStorageEnabled: false}
Session ID: d4232d11-967b-4d1f-b034-17020e37cd66
*** Element info: {Using=-android uiautomator, value=new UiScrollable(new UiSelector().scrollable(true).instance(0)).scrollIntoView(new UiSelector().textContains("T:1300 XI M/T"))}
	at org.openqa.selenium.remote.http.W3CHttpResponseCodec.createException(W3CHttpResponseCodec.java:187)
	at org.openqa.selenium.remote.http.W3CHttpResponseCodec.decode(W3CHttpResponseCodec.java:122)
	at org.openqa.selenium.remote.http.W3CHttpResponseCodec.decode(W3CHttpResponseCodec.java:49)
	at org.openqa.selenium.remote.HttpCommandExecutor.execute(HttpCommandExecutor.java:158)
	at io.appium.java_client.remote.AppiumCommandExecutor.execute(AppiumCommandExecutor.java:239)
	at org.openqa.selenium.remote.RemoteWebDriver.execute(RemoteWebDriver.java:552)
	at io.appium.java_client.DefaultGenericMobileDriver.execute(DefaultGenericMobileDriver.java:42)
	at io.appium.java_client.AppiumDriver.execute(AppiumDriver.java:1)
	at io.appium.java_client.android.AndroidDriver.execute(AndroidDriver.java:1)
	at com.kms.katalon.core.appium.driver.SwipeableAndroidDriver.execute(SwipeableAndroidDriver.java:1)
	at org.openqa.selenium.remote.RemoteWebDriver.findElement(RemoteWebDriver.java:323)
	at io.appium.java_client.DefaultGenericMobileDriver.findElement(DefaultGenericMobileDriver.java:62)
	at io.appium.java_client.AppiumDriver.findElement(AppiumDriver.java:1)
	at io.appium.java_client.android.AndroidDriver.findElement(AndroidDriver.java:1)
	at com.kms.katalon.core.appium.driver.SwipeableAndroidDriver.findElement(SwipeableAndroidDriver.java:1)
	at io.appium.java_client.FindsByAndroidUIAutomator.findElementByAndroidUIAutomator(FindsByAndroidUIAutomator.java:38)
	at io.appium.java_client.FindsByAndroidUIAutomator$findElementByAndroidUIAutomator.call(Unknown Source)
	at com.kms.katalon.core.mobile.keyword.builtin.ScrollToTextKeyword$_scrollToText_closure1.doCall(ScrollToTextKeyword.groovy:62)
	at com.kms.katalon.core.mobile.keyword.builtin.ScrollToTextKeyword$_scrollToText_closure1.doCall(ScrollToTextKeyword.groovy)
	at com.kms.katalon.core.mobile.keyword.internal.MobileKeywordMain.runKeyword(MobileKeywordMain.groovy:21)
	... 36 more
)

2019-11-27 10:49:39 - [TEST_CASE][FAILED] - Test Cases/Data Entry/Simulasi Kredit/Simulasi Kredit/MASTER FLOW/TC_Simulasi Kredit - MASTER FLOW: Test Cases/Data Entry/Simulasi Kredit/Simulasi Kredit/MASTER FLOW/TC_Simulasi Kredit - MASTER FLOW FAILED.
Reason:
com.kms.katalon.core.exception.StepFailedException: Unable to scroll to text 'T:1300 XI M/T' (Root cause: org.openqa.selenium.NoSuchElementException: An element could not be located on the page using the given search parameters.
For documentation on this error, please visit: https://www.seleniumhq.org/exceptions/no_such_element.html
Build info: version: '3.141.59', revision: 'e82be7d358', time: '2018-11-14T08:25:53'
System info: host: 'FATITQC15420L', ip: '10.7.8.181', os.name: 'Windows 10', os.arch: 'amd64', os.version: '10.0', java.version: '1.8.0_181'
Driver info: com.kms.katalon.core.appium.driver.SwipeableAndroidDriver
Capabilities {app: C:\Users\15420\git\ACCME-Du..., appPackage: com.outsystemsenterprise.ac..., autoGrantPermissions: true, automationName: uiautomator2, databaseEnabled: false, desired: {app: C:\Users\15420\git\ACCME-Du..., autoGrantPermissions: true, automationName: uiautomator2, deviceId: , deviceName: samsung SM-A505F (Android 9), fullReset: false, newCommandTimeout: 1800, noReset: true, platform: ANDROID, platformName: android, platformVersion: 9, resetKeyboard: true, systemPort: 56263, udid: RR8M30NJT6T, unicodeKeyboard: true}, deviceApiLevel: 28, deviceId: , deviceManufacturer: samsung, deviceModel: SM-A505F, deviceName: RR8M30NJT6T, deviceScreenDensity: 420, deviceScreenSize: 1080x2340, deviceUDID: RR8M30NJT6T, fullReset: false, javascriptEnabled: true, locationContextEnabled: false, networkConnectionEnabled: true, newCommandTimeout: 1800, noReset: true, pixelRatio: 2.625, platform: ANDROID, platformName: Android, platformVersion: 9, resetKeyboard: true, statBarHeight: 83, systemPort: 56263, takesScreenshot: true, udid: RR8M30NJT6T, unicodeKeyboard: true, viewportRect: {height: 2048, left: 0, top: 83, width: 1080}, warnings: {}, webStorageEnabled: false}
Session ID: d4232d11-967b-4d1f-b034-17020e37cd66
*** Element info: {Using=-android uiautomator, value=new UiScrollable(new UiSelector().scrollable(true).instance(0)).scrollIntoView(new UiSelector().textContains("T:1300 XI M/T"))}
	at org.openqa.selenium.remote.http.W3CHttpResponseCodec.createException(W3CHttpResponseCodec.java:187)
	at org.openqa.selenium.remote.http.W3CHttpResponseCodec.decode(W3CHttpResponseCodec.java:122)
	at org.openqa.selenium.remote.http.W3CHttpResponseCodec.decode(W3CHttpResponseCodec.java:49)
	at org.openqa.selenium.remote.HttpCommandExecutor.execute(HttpCommandExecutor.java:158)
	at io.appium.java_client.remote.AppiumCommandExecutor.execute(AppiumCommandExecutor.java:239)
	at org.openqa.selenium.remote.RemoteWebDriver.execute(RemoteWebDriver.java:552)
	at io.appium.java_client.DefaultGenericMobileDriver.execute(DefaultGenericMobileDriver.java:42)
	at io.appium.java_client.AppiumDriver.execute(AppiumDriver.java:1)
	at io.appium.java_client.android.AndroidDriver.execute(AndroidDriver.java:1)
	at com.kms.katalon.core.appium.driver.SwipeableAndroidDriver.execute(SwipeableAndroidDriver.java:1)
	at org.openqa.selenium.remote.RemoteWebDriver.findElement(RemoteWebDriver.java:323)
	at io.appium.java_client.DefaultGenericMobileDriver.findElement(DefaultGenericMobileDriver.java:62)
	at io.appium.java_client.AppiumDriver.findElement(AppiumDriver.java:1)
	at io.appium.java_client.android.AndroidDriver.findElement(AndroidDriver.java:1)
	at com.kms.katalon.core.appium.driver.SwipeableAndroidDriver.findElement(SwipeableAndroidDriver.java:1)
	at io.appium.java_client.FindsByAndroidUIAutomator.findElementByAndroidUIAutomator(FindsByAndroidUIAutomator.java:38)
	at io.appium.java_client.FindsByAndroidUIAutomator$findElementByAndroidUIAutomator.call(Unknown Source)
	at com.kms.katalon.core.mobile.keyword.builtin.ScrollToTextKeyword$_scrollToText_closure1.doCall(ScrollToTextKeyword.groovy:62)
	at com.kms.katalon.core.mobile.keyword.builtin.ScrollToTextKeyword$_scrollToText_closure1.doCall(ScrollToTextKeyword.groovy)
	at com.kms.katalon.core.mobile.keyword.internal.MobileKeywordMain.runKeyword(MobileKeywordMain.groovy:21)
	at com.kms.katalon.core.mobile.keyword.internal.MobileKeywordMain$runKeyword.call(Unknown Source)
	at com.kms.katalon.core.mobile.keyword.builtin.ScrollToTextKeyword.scrollToText(ScrollToTextKeyword.groovy:85)
	at com.kms.katalon.core.mobile.keyword.builtin.ScrollToTextKeyword.execute(ScrollToTextKeyword.groovy:41)
	at com.kms.katalon.core.keyword.internal.KeywordExecutor.executeKeywordForPlatform(KeywordExecutor.groovy:60)
	at com.kms.katalon.core.mobile.keyword.MobileBuiltInKeywords.scrollToText(MobileBuiltInKeywords.groovy:888)
	at com.kms.katalon.core.mobile.keyword.MobileBuiltInKeywords$scrollToText$6.call(Unknown Source)
	at TC_Simulasi Kredit - MASTER FLOW.run(TC_Simulasi Kredit - MASTER FLOW:84)
	at com.kms.katalon.core.main.ScriptEngine.run(ScriptEngine.java:194)
	at com.kms.katalon.core.main.ScriptEngine.runScriptAsRawText(ScriptEngine.java:119)
	at com.kms.katalon.core.main.TestCaseExecutor.runScript(TestCaseExecutor.java:337)
	at com.kms.katalon.core.main.TestCaseExecutor.doExecute(TestCaseExecutor.java:328)
	at com.kms.katalon.core.main.TestCaseExecutor.processExecutionPhase(TestCaseExecutor.java:307)
	at com.kms.katalon.core.main.TestCaseExecutor.accessMainPhase(TestCaseExecutor.java:299)
	at com.kms.katalon.core.main.TestCaseExecutor.execute(TestCaseExecutor.java:233)
	at com.kms.katalon.core.main.TestCaseMain.runTestCase(TestCaseMain.java:114)
	at com.kms.katalon.core.keyword.builtin.CallTestCaseKeyword$_callTestCase_closure1.doCall(CallTestCaseKeyword.groovy:59)
	at com.kms.katalon.core.keyword.builtin.CallTestCaseKeyword$_callTestCase_closure1.call(CallTestCaseKeyword.groovy)
	at com.kms.katalon.core.keyword.internal.KeywordMain.runKeyword(KeywordMain.groovy:68)
	at com.kms.katalon.core.keyword.builtin.CallTestCaseKeyword.callTestCase(CallTestCaseKeyword.groovy:81)
	at com.kms.katalon.core.keyword.builtin.CallTestCaseKeyword.execute(CallTestCaseKeyword.groovy:44)
	at com.kms.katalon.core.keyword.internal.KeywordExecutor.executeKeywordForPlatform(KeywordExecutor.groovy:60)
	at com.kms.katalon.core.keyword.BuiltinKeywords.callTestCase(BuiltinKeywords.groovy:334)
	at TC_Data Entry.run(TC_Data Entry:21)
	at com.kms.katalon.core.main.ScriptEngine.run(ScriptEngine.java:194)
	at com.kms.katalon.core.main.ScriptEngine.runScriptAsRawText(ScriptEngine.java:119)
	at com.kms.katalon.core.main.TestCaseExecutor.runScript(TestCaseExecutor.java:337)
	at com.kms.katalon.core.main.TestCaseExecutor.doExecute(TestCaseExecutor.java:328)
	at com.kms.katalon.core.main.TestCaseExecutor.processExecutionPhase(TestCaseExecutor.java:307)
	at com.kms.katalon.core.main.TestCaseExecutor.accessMainPhase(TestCaseExecutor.java:299)
	at com.kms.katalon.core.main.TestCaseExecutor.execute(TestCaseExecutor.java:233)
	at com.kms.katalon.core.main.TestSuiteExecutor.accessTestCaseMainPhase(TestSuiteExecutor.java:169)
	at com.kms.katalon.core.main.TestSuiteExecutor.accessTestSuiteMainPhase(TestSuiteExecutor.java:142)
	at com.kms.katalon.core.main.TestSuiteExecutor.execute(TestSuiteExecutor.java:91)
	at com.kms.katalon.core.main.TestCaseMain.startTestSuite(TestCaseMain.java:157)
	at com.kms.katalon.core.main.TestCaseMain$startTestSuite$0.call(Unknown Source)
	at TempTestSuite1574825848461.run(TempTestSuite1574825848461.groovy:36)
)
	at com.kms.katalon.core.keyword.internal.KeywordMain.stepFailed(KeywordMain.groovy:50)
	at com.kms.katalon.core.mobile.keyword.internal.MobileKeywordMain.stepFailed(MobileKeywordMain.groovy:40)
	at com.kms.katalon.core.mobile.keyword.internal.MobileKeywordMain.runKeyword(MobileKeywordMain.groovy:23)
	at com.kms.katalon.core.mobile.keyword.internal.MobileKeywordMain$runKeyword.call(Unknown Source)
	at com.kms.katalon.core.mobile.keyword.builtin.ScrollToTextKeyword.scrollToText(ScrollToTextKeyword.groovy:85)
	at com.kms.katalon.core.mobile.keyword.builtin.ScrollToTextKeyword.execute(ScrollToTextKeyword.groovy:41)
	at com.kms.katalon.core.keyword.internal.KeywordExecutor.executeKeywordForPlatform(KeywordExecutor.groovy:60)
	at com.kms.katalon.core.mobile.keyword.MobileBuiltInKeywords.scrollToText(MobileBuiltInKeywords.groovy:888)
	at com.kms.katalon.core.mobile.keyword.MobileBuiltInKeywords$scrollToText$6.call(Unknown Source)
	at TC_Simulasi Kredit - MASTER FLOW.run(TC_Simulasi Kredit - MASTER FLOW:84)
	at com.kms.katalon.core.main.ScriptEngine.run(ScriptEngine.java:194)
	at com.kms.katalon.core.main.ScriptEngine.runScriptAsRawText(ScriptEngine.java:119)
	at com.kms.katalon.core.main.TestCaseExecutor.runScript(TestCaseExecutor.java:337)
	at com.kms.katalon.core.main.TestCaseExecutor.doExecute(TestCaseExecutor.java:328)
	at com.kms.katalon.core.main.TestCaseExecutor.processExecutionPhase(TestCaseExecutor.java:307)
	at com.kms.katalon.core.main.TestCaseExecutor.accessMainPhase(TestCaseExecutor.java:299)
	at com.kms.katalon.core.main.TestCaseExecutor.execute(TestCaseExecutor.java:233)
	at com.kms.katalon.core.main.TestCaseMain.runTestCase(TestCaseMain.java:114)
	at com.kms.katalon.core.keyword.builtin.CallTestCaseKeyword$_callTestCase_closure1.doCall(CallTestCaseKeyword.groovy:59)
	at com.kms.katalon.core.keyword.builtin.CallTestCaseKeyword$_callTestCase_closure1.call(CallTestCaseKeyword.groovy)
	at com.kms.katalon.core.keyword.internal.KeywordMain.runKeyword(KeywordMain.groovy:68)
	at com.kms.katalon.core.keyword.builtin.CallTestCaseKeyword.callTestCase(CallTestCaseKeyword.groovy:81)
	at com.kms.katalon.core.keyword.builtin.CallTestCaseKeyword.execute(CallTestCaseKeyword.groovy:44)
	at com.kms.katalon.core.keyword.internal.KeywordExecutor.executeKeywordForPlatform(KeywordExecutor.groovy:60)
	at com.kms.katalon.core.keyword.BuiltinKeywords.callTestCase(BuiltinKeywords.groovy:334)
	at TC_Data Entry.run(TC_Data Entry:21)
	at com.kms.katalon.core.main.ScriptEngine.run(ScriptEngine.java:194)
	at com.kms.katalon.core.main.ScriptEngine.runScriptAsRawText(ScriptEngine.java:119)
	at com.kms.katalon.core.main.TestCaseExecutor.runScript(TestCaseExecutor.java:337)
	at com.kms.katalon.core.main.TestCaseExecutor.doExecute(TestCaseExecutor.java:328)
	at com.kms.katalon.core.main.TestCaseExecutor.processExecutionPhase(TestCaseExecutor.java:307)
	at com.kms.katalon.core.main.TestCaseExecutor.accessMainPhase(TestCaseExecutor.java:299)
	at com.kms.katalon.core.main.TestCaseExecutor.execute(TestCaseExecutor.java:233)
	at com.kms.katalon.core.main.TestSuiteExecutor.accessTestCaseMainPhase(TestSuiteExecutor.java:169)
	at com.kms.katalon.core.main.TestSuiteExecutor.accessTestSuiteMainPhase(TestSuiteExecutor.java:142)
	at com.kms.katalon.core.main.TestSuiteExecutor.execute(TestSuiteExecutor.java:91)
	at com.kms.katalon.core.main.TestCaseMain.startTestSuite(TestCaseMain.java:157)
	at com.kms.katalon.core.main.TestCaseMain$startTestSuite$0.call(Unknown Source)
	at TempTestSuite1574825848461.run(TempTestSuite1574825848461.groovy:36)
Caused by: org.openqa.selenium.NoSuchElementException: An element could not be located on the page using the given search parameters.
For documentation on this error, please visit: https://www.seleniumhq.org/exceptions/no_such_element.html
Build info: version: '3.141.59', revision: 'e82be7d358', time: '2018-11-14T08:25:53'
System info: host: 'FATITQC15420L', ip: '10.7.8.181', os.name: 'Windows 10', os.arch: 'amd64', os.version: '10.0', java.version: '1.8.0_181'
Driver info: com.kms.katalon.core.appium.driver.SwipeableAndroidDriver
Capabilities {app: C:\Users\15420\git\ACCME-Du..., appPackage: com.outsystemsenterprise.ac..., autoGrantPermissions: true, automationName: uiautomator2, databaseEnabled: false, desired: {app: C:\Users\15420\git\ACCME-Du..., autoGrantPermissions: true, automationName: uiautomator2, deviceId: , deviceName: samsung SM-A505F (Android 9), fullReset: false, newCommandTimeout: 1800, noReset: true, platform: ANDROID, platformName: android, platformVersion: 9, resetKeyboard: true, systemPort: 56263, udid: RR8M30NJT6T, unicodeKeyboard: true}, deviceApiLevel: 28, deviceId: , deviceManufacturer: samsung, deviceModel: SM-A505F, deviceName: RR8M30NJT6T, deviceScreenDensity: 420, deviceScreenSize: 1080x2340, deviceUDID: RR8M30NJT6T, fullReset: false, javascriptEnabled: true, locationContextEnabled: false, networkConnectionEnabled: true, newCommandTimeout: 1800, noReset: true, pixelRatio: 2.625, platform: ANDROID, platformName: Android, platformVersion: 9, resetKeyboard: true, statBarHeight: 83, systemPort: 56263, takesScreenshot: true, udid: RR8M30NJT6T, unicodeKeyboard: true, viewportRect: {height: 2048, left: 0, top: 83, width: 1080}, warnings: {}, webStorageEnabled: false}
Session ID: d4232d11-967b-4d1f-b034-17020e37cd66
*** Element info: {Using=-android uiautomator, value=new UiScrollable(new UiSelector().scrollable(true).instance(0)).scrollIntoView(new UiSelector().textContains("T:1300 XI M/T"))}
	at org.openqa.selenium.remote.http.W3CHttpResponseCodec.createException(W3CHttpResponseCodec.java:187)
	at org.openqa.selenium.remote.http.W3CHttpResponseCodec.decode(W3CHttpResponseCodec.java:122)
	at org.openqa.selenium.remote.http.W3CHttpResponseCodec.decode(W3CHttpResponseCodec.java:49)
	at org.openqa.selenium.remote.HttpCommandExecutor.execute(HttpCommandExecutor.java:158)
	at io.appium.java_client.remote.AppiumCommandExecutor.execute(AppiumCommandExecutor.java:239)
	at org.openqa.selenium.remote.RemoteWebDriver.execute(RemoteWebDriver.java:552)
	at io.appium.java_client.DefaultGenericMobileDriver.execute(DefaultGenericMobileDriver.java:42)
	at io.appium.java_client.AppiumDriver.execute(AppiumDriver.java:1)
	at io.appium.java_client.android.AndroidDriver.execute(AndroidDriver.java:1)
	at com.kms.katalon.core.appium.driver.SwipeableAndroidDriver.execute(SwipeableAndroidDriver.java:1)
	at org.openqa.selenium.remote.RemoteWebDriver.findElement(RemoteWebDriver.java:323)
	at io.appium.java_client.DefaultGenericMobileDriver.findElement(DefaultGenericMobileDriver.java:62)
	at io.appium.java_client.AppiumDriver.findElement(AppiumDriver.java:1)
	at io.appium.java_client.android.AndroidDriver.findElement(AndroidDriver.java:1)
	at com.kms.katalon.core.appium.driver.SwipeableAndroidDriver.findElement(SwipeableAndroidDriver.java:1)
	at io.appium.java_client.FindsByAndroidUIAutomator.findElementByAndroidUIAutomator(FindsByAndroidUIAutomator.java:38)
	at io.appium.java_client.FindsByAndroidUIAutomator$findElementByAndroidUIAutomator.call(Unknown Source)
	at com.kms.katalon.core.mobile.keyword.builtin.ScrollToTextKeyword$_scrollToText_closure1.doCall(ScrollToTextKeyword.groovy:62)
	at com.kms.katalon.core.mobile.keyword.builtin.ScrollToTextKeyword$_scrollToText_closure1.doCall(ScrollToTextKeyword.groovy)
	at com.kms.katalon.core.mobile.keyword.internal.MobileKeywordMain.runKeyword(MobileKeywordMain.groovy:21)
	... 36 more


2019-11-27 10:49:39 - [TEST_STEP][PASSED] - waitForElementPresent(findTestObject("Simulasi Kredit/Simulasi Kredit - Simulasi Kredit/SimulasiKredit_Btn Simulasi Kredit"), 0): Element 'Object Repository/Simulasi Kredit/Simulasi Kredit - Simulasi Kredit/SimulasiKredit_Btn Simulasi Kredit' is present

2019-11-27 10:49:39 - [MESSAGE][WARNING] - Timeout '0' is invalid. Using default page load timeout: '30'

2019-11-27 10:49:48 - [MESSAGE][PASSED] - Element 'Object Repository/Simulasi Kredit/Simulasi Kredit - Simulasi Kredit/SimulasiKredit_Btn Simulasi Kredit' is present

2019-11-27 10:49:48 - [TEST_STEP][PASSED] - tap(findTestObject("Simulasi Kredit/Simulasi Kredit - Simulasi Kredit/SimulasiKredit_Btn Simulasi Kredit"), 0): Tapped on element 'Object Repository/Simulasi Kredit/Simulasi Kredit - Simulasi Kredit/SimulasiKredit_Btn Simulasi Kredit'

2019-11-27 10:49:49 - [MESSAGE][WARNING] - Timeout '0' is invalid. Using default page load timeout: '30'

2019-11-27 10:49:50 - [MESSAGE][PASSED] - Tapped on element 'Object Repository/Simulasi Kredit/Simulasi Kredit - Simulasi Kredit/SimulasiKredit_Btn Simulasi Kredit'

2019-11-27 10:49:50 - [TEST_STEP][PASSED] - if (varPembiayaan == "NewCar"): Tapped on element 'Object Repository/Simulasi Kredit/Simulasi Kredit - Simulasi Kredit/SimulasiKredit_new car'

2019-11-27 10:49:50 - [TEST_STEP][PASSED] - tap(findTestObject("Simulasi Kredit/Simulasi Kredit - Simulasi Kredit/SimulasiKredit_new car"), 0): Tapped on element 'Object Repository/Simulasi Kredit/Simulasi Kredit - Simulasi Kredit/SimulasiKredit_new car'

2019-11-27 10:49:50 - [MESSAGE][WARNING] - Timeout '0' is invalid. Using default page load timeout: '30'

2019-11-27 10:49:54 - [MESSAGE][PASSED] - Tapped on element 'Object Repository/Simulasi Kredit/Simulasi Kredit - Simulasi Kredit/SimulasiKredit_new car'

2019-11-27 10:49:54 - [TEST_STEP][PASSED] - if (varPembiayaan == "UsedCar"): null

2019-11-27 10:49:54 - [TEST_STEP][PASSED] - if (varTipepembiayaan == "syariah"): null

2019-11-27 10:49:54 - [TEST_STEP][PASSED] - if (varTipepembiayaan == "konvensional"): null

2019-11-27 10:49:54 - [TEST_STEP][PASSED] - if (varkodepaket == "ya"): null

2019-11-27 10:49:54 - [TEST_STEP][PASSED] - setText(findTestObject("Simulasi Kredit/Simulasi Kredit - Simulasi Kredit/SimulasiKredit_Inp Brand"), varBrand, 0): Text 'DAIHATSU' has been set to element 'Object Repository/Simulasi Kredit/Simulasi Kredit - Simulasi Kredit/SimulasiKredit_Inp Brand'

2019-11-27 10:49:55 - [MESSAGE][WARNING] - Timeout '0' is invalid. Using default page load timeout: '30'

2019-11-27 10:49:57 - [MESSAGE][PASSED] - Text 'DAIHATSU' has been set to element 'Object Repository/Simulasi Kredit/Simulasi Kredit - Simulasi Kredit/SimulasiKredit_Inp Brand'

2019-11-27 10:49:57 - [TEST_STEP][PASSED] - tap(findTestObject("Simulasi Kredit/Simulasi Kredit - Simulasi Kredit/SimulasiKredit_Inp Brand"), 0): Tapped on element 'Object Repository/Simulasi Kredit/Simulasi Kredit - Simulasi Kredit/SimulasiKredit_Inp Brand'

2019-11-27 10:49:57 - [MESSAGE][WARNING] - Timeout '0' is invalid. Using default page load timeout: '30'

2019-11-27 10:50:00 - [MESSAGE][PASSED] - Tapped on element 'Object Repository/Simulasi Kredit/Simulasi Kredit - Simulasi Kredit/SimulasiKredit_Inp Brand'

2019-11-27 10:50:00 - [TEST_STEP][PASSED] - tap(findTestObject("dynamic object/pickListItem_viewView", ["text":varBrand]), 0): Tapped on element 'Object Repository/dynamic object/pickListItem_viewView'

2019-11-27 10:50:01 - [MESSAGE][WARNING] - Timeout '0' is invalid. Using default page load timeout: '30'

2019-11-27 10:50:05 - [MESSAGE][PASSED] - Tapped on element 'Object Repository/dynamic object/pickListItem_viewView'

2019-11-27 10:50:05 - [TEST_STEP][PASSED] - tap(findTestObject("Simulasi Kredit/Simulasi Kredit - Simulasi Kredit/SimulasiKredit_Inp Type"), 0): Tapped on element 'Object Repository/Simulasi Kredit/Simulasi Kredit - Simulasi Kredit/SimulasiKredit_Inp Type'

2019-11-27 10:50:05 - [MESSAGE][WARNING] - Timeout '0' is invalid. Using default page load timeout: '30'

2019-11-27 10:50:08 - [MESSAGE][PASSED] - Tapped on element 'Object Repository/Simulasi Kredit/Simulasi Kredit - Simulasi Kredit/SimulasiKredit_Inp Type'

2019-11-27 10:50:08 - [TEST_STEP][PASSED] - setText(findTestObject("Simulasi Kredit/Simulasi Kredit - Simulasi Kredit/SimulasiKredit_Inp Type"), varType, 0): Text 'XENIA' has been set to element 'Object Repository/Simulasi Kredit/Simulasi Kredit - Simulasi Kredit/SimulasiKredit_Inp Type'

2019-11-27 10:50:08 - [MESSAGE][WARNING] - Timeout '0' is invalid. Using default page load timeout: '30'

2019-11-27 10:50:10 - [MESSAGE][PASSED] - Text 'XENIA' has been set to element 'Object Repository/Simulasi Kredit/Simulasi Kredit - Simulasi Kredit/SimulasiKredit_Inp Type'

2019-11-27 10:50:10 - [TEST_STEP][PASSED] - delay(3): Delayed 3 second(s)

2019-11-27 10:50:13 - [MESSAGE][PASSED] - Delayed 3 second(s)

2019-11-27 10:50:13 - [TEST_STEP][PASSED] - tap(findTestObject("Simulasi Kredit/Simulasi Kredit - Simulasi Kredit/SimulasiKredit_Inp Type"), 0): Tapped on element 'Object Repository/Simulasi Kredit/Simulasi Kredit - Simulasi Kredit/SimulasiKredit_Inp Type'

2019-11-27 10:50:13 - [MESSAGE][WARNING] - Timeout '0' is invalid. Using default page load timeout: '30'

2019-11-27 10:50:16 - [MESSAGE][PASSED] - Tapped on element 'Object Repository/Simulasi Kredit/Simulasi Kredit - Simulasi Kredit/SimulasiKredit_Inp Type'

2019-11-27 10:50:16 - [TEST_STEP][PASSED] - tap(findTestObject("Simulasi Kredit/Simulasi Kredit - Simulasi Kredit/SimulasiKredit_Inp Type LOV"), 0): Tapped on element 'Object Repository/Simulasi Kredit/Simulasi Kredit - Simulasi Kredit/SimulasiKredit_Inp Type LOV'

2019-11-27 10:50:16 - [MESSAGE][WARNING] - Timeout '0' is invalid. Using default page load timeout: '30'

2019-11-27 10:50:18 - [MESSAGE][PASSED] - Tapped on element 'Object Repository/Simulasi Kredit/Simulasi Kredit - Simulasi Kredit/SimulasiKredit_Inp Type LOV'

2019-11-27 10:50:18 - [TEST_STEP][PASSED] - mobile.mobileSwipe.UpDown(0.8, 0.5, 1000): mobile.mobileSwipe.UpDown is PASSED

2019-11-27 10:50:19 - [MESSAGE][PASSED] - Current device physical height is 2131

2019-11-27 10:50:19 - [MESSAGE][INFO] - Device Height : 2131

2019-11-27 10:50:20 - [MESSAGE][PASSED] - Current device physical width is 1080

2019-11-27 10:50:20 - [MESSAGE][INFO] - Device Width : 1080

2019-11-27 10:50:20 - [MESSAGE][INFO] - Swipe start at Height : 1704

2019-11-27 10:50:20 - [MESSAGE][INFO] - Swipe end at Height : 1065

2019-11-27 10:50:20 - [MESSAGE][INFO] - X Position : 1000

2019-11-27 10:50:22 - [MESSAGE][PASSED] - Swiped from 1,000,1,704 to 1,000,1,065

2019-11-27 10:50:22 - [MESSAGE][PASSED] - mobile.mobileSwipe.UpDown is PASSED

2019-11-27 10:50:22 - [TEST_STEP][PASSED] - tap(findTestObject("Simulasi Kredit/Simulasi Kredit - Simulasi Kredit/SimulasiKredit_Inp Model"), 0): Tapped on element 'Object Repository/Simulasi Kredit/Simulasi Kredit - Simulasi Kredit/SimulasiKredit_Inp Model'

2019-11-27 10:50:22 - [MESSAGE][WARNING] - Timeout '0' is invalid. Using default page load timeout: '30'

2019-11-27 10:50:24 - [MESSAGE][PASSED] - Tapped on element 'Object Repository/Simulasi Kredit/Simulasi Kredit - Simulasi Kredit/SimulasiKredit_Inp Model'

2019-11-27 10:50:24 - [TEST_STEP][FAILED] - scrollToText(varModel, STOP_ON_FAILURE): Unable to scroll to text 'T:1300 XI M/T' (Root cause: org.openqa.selenium.NoSuchElementException: An element could not be located on the page using the given search parameters.
For documentation on this error, please visit: https://www.seleniumhq.org/exceptions/no_such_element.html
Build info: version: '3.141.59', revision: 'e82be7d358', time: '2018-11-14T08:25:53'
System info: host: 'FATITQC15420L', ip: '10.7.8.181', os.name: 'Windows 10', os.arch: 'amd64', os.version: '10.0', java.version: '1.8.0_181'
Driver info: com.kms.katalon.core.appium.driver.SwipeableAndroidDriver
Capabilities {app: C:\Users\15420\git\ACCME-Du..., appPackage: com.outsystemsenterprise.ac..., autoGrantPermissions: true, automationName: uiautomator2, databaseEnabled: false, desired: {app: C:\Users\15420\git\ACCME-Du..., autoGrantPermissions: true, automationName: uiautomator2, deviceId: , deviceName: samsung SM-A505F (Android 9), fullReset: false, newCommandTimeout: 1800, noReset: true, platform: ANDROID, platformName: android, platformVersion: 9, resetKeyboard: true, systemPort: 56263, udid: RR8M30NJT6T, unicodeKeyboard: true}, deviceApiLevel: 28, deviceId: , deviceManufacturer: samsung, deviceModel: SM-A505F, deviceName: RR8M30NJT6T, deviceScreenDensity: 420, deviceScreenSize: 1080x2340, deviceUDID: RR8M30NJT6T, fullReset: false, javascriptEnabled: true, locationContextEnabled: false, networkConnectionEnabled: true, newCommandTimeout: 1800, noReset: true, pixelRatio: 2.625, platform: ANDROID, platformName: Android, platformVersion: 9, resetKeyboard: true, statBarHeight: 83, systemPort: 56263, takesScreenshot: true, udid: RR8M30NJT6T, unicodeKeyboard: true, viewportRect: {height: 2048, left: 0, top: 83, width: 1080}, warnings: {}, webStorageEnabled: false}
Session ID: d4232d11-967b-4d1f-b034-17020e37cd66
*** Element info: {Using=-android uiautomator, value=new UiScrollable(new UiSelector().scrollable(true).instance(0)).scrollIntoView(new UiSelector().textContains("T:1300 XI M/T"))}
	at org.openqa.selenium.remote.http.W3CHttpResponseCodec.createException(W3CHttpResponseCodec.java:187)
	at org.openqa.selenium.remote.http.W3CHttpResponseCodec.decode(W3CHttpResponseCodec.java:122)
	at org.openqa.selenium.remote.http.W3CHttpResponseCodec.decode(W3CHttpResponseCodec.java:49)
	at org.openqa.selenium.remote.HttpCommandExecutor.execute(HttpCommandExecutor.java:158)
	at io.appium.java_client.remote.AppiumCommandExecutor.execute(AppiumCommandExecutor.java:239)
	at org.openqa.selenium.remote.RemoteWebDriver.execute(RemoteWebDriver.java:552)
	at io.appium.java_client.DefaultGenericMobileDriver.execute(DefaultGenericMobileDriver.java:42)
	at io.appium.java_client.AppiumDriver.execute(AppiumDriver.java:1)
	at io.appium.java_client.android.AndroidDriver.execute(AndroidDriver.java:1)
	at com.kms.katalon.core.appium.driver.SwipeableAndroidDriver.execute(SwipeableAndroidDriver.java:1)
	at org.openqa.selenium.remote.RemoteWebDriver.findElement(RemoteWebDriver.java:323)
	at io.appium.java_client.DefaultGenericMobileDriver.findElement(DefaultGenericMobileDriver.java:62)
	at io.appium.java_client.AppiumDriver.findElement(AppiumDriver.java:1)
	at io.appium.java_client.android.AndroidDriver.findElement(AndroidDriver.java:1)
	at com.kms.katalon.core.appium.driver.SwipeableAndroidDriver.findElement(SwipeableAndroidDriver.java:1)
	at io.appium.java_client.FindsByAndroidUIAutomator.findElementByAndroidUIAutomator(FindsByAndroidUIAutomator.java:38)
	at io.appium.java_client.FindsByAndroidUIAutomator$findElementByAndroidUIAutomator.call(Unknown Source)
	at com.kms.katalon.core.mobile.keyword.builtin.ScrollToTextKeyword$_scrollToText_closure1.doCall(ScrollToTextKeyword.groovy:62)
	at com.kms.katalon.core.mobile.keyword.builtin.ScrollToTextKeyword$_scrollToText_closure1.doCall(ScrollToTextKeyword.groovy)
	at com.kms.katalon.core.mobile.keyword.internal.MobileKeywordMain.runKeyword(MobileKeywordMain.groovy:21)
	at com.kms.katalon.core.mobile.keyword.internal.MobileKeywordMain$runKeyword.call(Unknown Source)
	at com.kms.katalon.core.mobile.keyword.builtin.ScrollToTextKeyword.scrollToText(ScrollToTextKeyword.groovy:85)
	at com.kms.katalon.core.mobile.keyword.builtin.ScrollToTextKeyword.execute(ScrollToTextKeyword.groovy:41)
	at com.kms.katalon.core.keyword.internal.KeywordExecutor.executeKeywordForPlatform(KeywordExecutor.groovy:60)
	at com.kms.katalon.core.mobile.keyword.MobileBuiltInKeywords.scrollToText(MobileBuiltInKeywords.groovy:888)
	at com.kms.katalon.core.mobile.keyword.MobileBuiltInKeywords$scrollToText$6.call(Unknown Source)
	at TC_Simulasi Kredit - MASTER FLOW.run(TC_Simulasi Kredit - MASTER FLOW:84)
	at com.kms.katalon.core.main.ScriptEngine.run(ScriptEngine.java:194)
	at com.kms.katalon.core.main.ScriptEngine.runScriptAsRawText(ScriptEngine.java:119)
	at com.kms.katalon.core.main.TestCaseExecutor.runScript(TestCaseExecutor.java:337)
	at com.kms.katalon.core.main.TestCaseExecutor.doExecute(TestCaseExecutor.java:328)
	at com.kms.katalon.core.main.TestCaseExecutor.processExecutionPhase(TestCaseExecutor.java:307)
	at com.kms.katalon.core.main.TestCaseExecutor.accessMainPhase(TestCaseExecutor.java:299)
	at com.kms.katalon.core.main.TestCaseExecutor.execute(TestCaseExecutor.java:233)
	at com.kms.katalon.core.main.TestCaseMain.runTestCase(TestCaseMain.java:114)
	at com.kms.katalon.core.keyword.builtin.CallTestCaseKeyword$_callTestCase_closure1.doCall(CallTestCaseKeyword.groovy:59)
	at com.kms.katalon.core.keyword.builtin.CallTestCaseKeyword$_callTestCase_closure1.call(CallTestCaseKeyword.groovy)
	at com.kms.katalon.core.keyword.internal.KeywordMain.runKeyword(KeywordMain.groovy:68)
	at com.kms.katalon.core.keyword.builtin.CallTestCaseKeyword.callTestCase(CallTestCaseKeyword.groovy:81)
	at com.kms.katalon.core.keyword.builtin.CallTestCaseKeyword.execute(CallTestCaseKeyword.groovy:44)
	at com.kms.katalon.core.keyword.internal.KeywordExecutor.executeKeywordForPlatform(KeywordExecutor.groovy:60)
	at com.kms.katalon.core.keyword.BuiltinKeywords.callTestCase(BuiltinKeywords.groovy:334)
	at TC_Data Entry.run(TC_Data Entry:21)
	at com.kms.katalon.core.main.ScriptEngine.run(ScriptEngine.java:194)
	at com.kms.katalon.core.main.ScriptEngine.runScriptAsRawText(ScriptEngine.java:119)
	at com.kms.katalon.core.main.TestCaseExecutor.runScript(TestCaseExecutor.java:337)
	at com.kms.katalon.core.main.TestCaseExecutor.doExecute(TestCaseExecutor.java:328)
	at com.kms.katalon.core.main.TestCaseExecutor.processExecutionPhase(TestCaseExecutor.java:307)
	at com.kms.katalon.core.main.TestCaseExecutor.accessMainPhase(TestCaseExecutor.java:299)
	at com.kms.katalon.core.main.TestCaseExecutor.execute(TestCaseExecutor.java:233)
	at com.kms.katalon.core.main.TestSuiteExecutor.accessTestCaseMainPhase(TestSuiteExecutor.java:169)
	at com.kms.katalon.core.main.TestSuiteExecutor.accessTestSuiteMainPhase(TestSuiteExecutor.java:142)
	at com.kms.katalon.core.main.TestSuiteExecutor.execute(TestSuiteExecutor.java:91)
	at com.kms.katalon.core.main.TestCaseMain.startTestSuite(TestCaseMain.java:157)
	at com.kms.katalon.core.main.TestCaseMain$startTestSuite$0.call(Unknown Source)
	at TempTestSuite1574825848461.run(TempTestSuite1574825848461.groovy:36)
)

2019-11-27 10:51:06 - [MESSAGE][FAILED] - Unable to scroll to text 'T:1300 XI M/T' (Root cause: org.openqa.selenium.NoSuchElementException: An element could not be located on the page using the given search parameters.
For documentation on this error, please visit: https://www.seleniumhq.org/exceptions/no_such_element.html
Build info: version: '3.141.59', revision: 'e82be7d358', time: '2018-11-14T08:25:53'
System info: host: 'FATITQC15420L', ip: '10.7.8.181', os.name: 'Windows 10', os.arch: 'amd64', os.version: '10.0', java.version: '1.8.0_181'
Driver info: com.kms.katalon.core.appium.driver.SwipeableAndroidDriver
Capabilities {app: C:\Users\15420\git\ACCME-Du..., appPackage: com.outsystemsenterprise.ac..., autoGrantPermissions: true, automationName: uiautomator2, databaseEnabled: false, desired: {app: C:\Users\15420\git\ACCME-Du..., autoGrantPermissions: true, automationName: uiautomator2, deviceId: , deviceName: samsung SM-A505F (Android 9), fullReset: false, newCommandTimeout: 1800, noReset: true, platform: ANDROID, platformName: android, platformVersion: 9, resetKeyboard: true, systemPort: 56263, udid: RR8M30NJT6T, unicodeKeyboard: true}, deviceApiLevel: 28, deviceId: , deviceManufacturer: samsung, deviceModel: SM-A505F, deviceName: RR8M30NJT6T, deviceScreenDensity: 420, deviceScreenSize: 1080x2340, deviceUDID: RR8M30NJT6T, fullReset: false, javascriptEnabled: true, locationContextEnabled: false, networkConnectionEnabled: true, newCommandTimeout: 1800, noReset: true, pixelRatio: 2.625, platform: ANDROID, platformName: Android, platformVersion: 9, resetKeyboard: true, statBarHeight: 83, systemPort: 56263, takesScreenshot: true, udid: RR8M30NJT6T, unicodeKeyboard: true, viewportRect: {height: 2048, left: 0, top: 83, width: 1080}, warnings: {}, webStorageEnabled: false}
Session ID: d4232d11-967b-4d1f-b034-17020e37cd66
*** Element info: {Using=-android uiautomator, value=new UiScrollable(new UiSelector().scrollable(true).instance(0)).scrollIntoView(new UiSelector().textContains("T:1300 XI M/T"))}
	at org.openqa.selenium.remote.http.W3CHttpResponseCodec.createException(W3CHttpResponseCodec.java:187)
	at org.openqa.selenium.remote.http.W3CHttpResponseCodec.decode(W3CHttpResponseCodec.java:122)
	at org.openqa.selenium.remote.http.W3CHttpResponseCodec.decode(W3CHttpResponseCodec.java:49)
	at org.openqa.selenium.remote.HttpCommandExecutor.execute(HttpCommandExecutor.java:158)
	at io.appium.java_client.remote.AppiumCommandExecutor.execute(AppiumCommandExecutor.java:239)
	at org.openqa.selenium.remote.RemoteWebDriver.execute(RemoteWebDriver.java:552)
	at io.appium.java_client.DefaultGenericMobileDriver.execute(DefaultGenericMobileDriver.java:42)
	at io.appium.java_client.AppiumDriver.execute(AppiumDriver.java:1)
	at io.appium.java_client.android.AndroidDriver.execute(AndroidDriver.java:1)
	at com.kms.katalon.core.appium.driver.SwipeableAndroidDriver.execute(SwipeableAndroidDriver.java:1)
	at org.openqa.selenium.remote.RemoteWebDriver.findElement(RemoteWebDriver.java:323)
	at io.appium.java_client.DefaultGenericMobileDriver.findElement(DefaultGenericMobileDriver.java:62)
	at io.appium.java_client.AppiumDriver.findElement(AppiumDriver.java:1)
	at io.appium.java_client.android.AndroidDriver.findElement(AndroidDriver.java:1)
	at com.kms.katalon.core.appium.driver.SwipeableAndroidDriver.findElement(SwipeableAndroidDriver.java:1)
	at io.appium.java_client.FindsByAndroidUIAutomator.findElementByAndroidUIAutomator(FindsByAndroidUIAutomator.java:38)
	at io.appium.java_client.FindsByAndroidUIAutomator$findElementByAndroidUIAutomator.call(Unknown Source)
	at com.kms.katalon.core.mobile.keyword.builtin.ScrollToTextKeyword$_scrollToText_closure1.doCall(ScrollToTextKeyword.groovy:62)
	at com.kms.katalon.core.mobile.keyword.builtin.ScrollToTextKeyword$_scrollToText_closure1.doCall(ScrollToTextKeyword.groovy)
	at com.kms.katalon.core.mobile.keyword.internal.MobileKeywordMain.runKeyword(MobileKeywordMain.groovy:21)
	at com.kms.katalon.core.mobile.keyword.internal.MobileKeywordMain$runKeyword.call(Unknown Source)
	at com.kms.katalon.core.mobile.keyword.builtin.ScrollToTextKeyword.scrollToText(ScrollToTextKeyword.groovy:85)
	at com.kms.katalon.core.mobile.keyword.builtin.ScrollToTextKeyword.execute(ScrollToTextKeyword.groovy:41)
	at com.kms.katalon.core.keyword.internal.KeywordExecutor.executeKeywordForPlatform(KeywordExecutor.groovy:60)
	at com.kms.katalon.core.mobile.keyword.MobileBuiltInKeywords.scrollToText(MobileBuiltInKeywords.groovy:888)
	at com.kms.katalon.core.mobile.keyword.MobileBuiltInKeywords$scrollToText$6.call(Unknown Source)
	at TC_Simulasi Kredit - MASTER FLOW.run(TC_Simulasi Kredit - MASTER FLOW:84)
	at com.kms.katalon.core.main.ScriptEngine.run(ScriptEngine.java:194)
	at com.kms.katalon.core.main.ScriptEngine.runScriptAsRawText(ScriptEngine.java:119)
	at com.kms.katalon.core.main.TestCaseExecutor.runScript(TestCaseExecutor.java:337)
	at com.kms.katalon.core.main.TestCaseExecutor.doExecute(TestCaseExecutor.java:328)
	at com.kms.katalon.core.main.TestCaseExecutor.processExecutionPhase(TestCaseExecutor.java:307)
	at com.kms.katalon.core.main.TestCaseExecutor.accessMainPhase(TestCaseExecutor.java:299)
	at com.kms.katalon.core.main.TestCaseExecutor.execute(TestCaseExecutor.java:233)
	at com.kms.katalon.core.main.TestCaseMain.runTestCase(TestCaseMain.java:114)
	at com.kms.katalon.core.keyword.builtin.CallTestCaseKeyword$_callTestCase_closure1.doCall(CallTestCaseKeyword.groovy:59)
	at com.kms.katalon.core.keyword.builtin.CallTestCaseKeyword$_callTestCase_closure1.call(CallTestCaseKeyword.groovy)
	at com.kms.katalon.core.keyword.internal.KeywordMain.runKeyword(KeywordMain.groovy:68)
	at com.kms.katalon.core.keyword.builtin.CallTestCaseKeyword.callTestCase(CallTestCaseKeyword.groovy:81)
	at com.kms.katalon.core.keyword.builtin.CallTestCaseKeyword.execute(CallTestCaseKeyword.groovy:44)
	at com.kms.katalon.core.keyword.internal.KeywordExecutor.executeKeywordForPlatform(KeywordExecutor.groovy:60)
	at com.kms.katalon.core.keyword.BuiltinKeywords.callTestCase(BuiltinKeywords.groovy:334)
	at TC_Data Entry.run(TC_Data Entry:21)
	at com.kms.katalon.core.main.ScriptEngine.run(ScriptEngine.java:194)
	at com.kms.katalon.core.main.ScriptEngine.runScriptAsRawText(ScriptEngine.java:119)
	at com.kms.katalon.core.main.TestCaseExecutor.runScript(TestCaseExecutor.java:337)
	at com.kms.katalon.core.main.TestCaseExecutor.doExecute(TestCaseExecutor.java:328)
	at com.kms.katalon.core.main.TestCaseExecutor.processExecutionPhase(TestCaseExecutor.java:307)
	at com.kms.katalon.core.main.TestCaseExecutor.accessMainPhase(TestCaseExecutor.java:299)
	at com.kms.katalon.core.main.TestCaseExecutor.execute(TestCaseExecutor.java:233)
	at com.kms.katalon.core.main.TestSuiteExecutor.accessTestCaseMainPhase(TestSuiteExecutor.java:169)
	at com.kms.katalon.core.main.TestSuiteExecutor.accessTestSuiteMainPhase(TestSuiteExecutor.java:142)
	at com.kms.katalon.core.main.TestSuiteExecutor.execute(TestSuiteExecutor.java:91)
	at com.kms.katalon.core.main.TestCaseMain.startTestSuite(TestCaseMain.java:157)
	at com.kms.katalon.core.main.TestCaseMain$startTestSuite$0.call(Unknown Source)
	at TempTestSuite1574825848461.run(TempTestSuite1574825848461.groovy:36)
)
[[ATTACHMENT|C:\\Users\\15420\\git\\ACCME-Dupcheck\\Reports\\20191127_103728\\data entry dupcek\\20191127_103728\\1574826665184.png]]

2019-11-27 10:51:06 - [MESSAGE][WARNING] - Unable to call Test Case 'Test Cases/Data Entry/Simulasi Kredit/Simulasi Kredit/MASTER FLOW/TC_Simulasi Kredit - MASTER FLOW' (Root cause: com.kms.katalon.core.exception.StepFailedException: Call Test Case 'Test Cases/Data Entry/Simulasi Kredit/Simulasi Kredit/MASTER FLOW/TC_Simulasi Kredit - MASTER FLOW' failed
	at com.kms.katalon.core.keyword.builtin.CallTestCaseKeyword$_callTestCase_closure1.doCall(CallTestCaseKeyword.groovy:63)
	at com.kms.katalon.core.keyword.builtin.CallTestCaseKeyword$_callTestCase_closure1.call(CallTestCaseKeyword.groovy)
	at com.kms.katalon.core.keyword.internal.KeywordMain.runKeyword(KeywordMain.groovy:68)
	at com.kms.katalon.core.keyword.builtin.CallTestCaseKeyword.callTestCase(CallTestCaseKeyword.groovy:81)
	at com.kms.katalon.core.keyword.builtin.CallTestCaseKeyword.execute(CallTestCaseKeyword.groovy:44)
	at com.kms.katalon.core.keyword.internal.KeywordExecutor.executeKeywordForPlatform(KeywordExecutor.groovy:60)
	at com.kms.katalon.core.keyword.BuiltinKeywords.callTestCase(BuiltinKeywords.groovy:334)
	at TC_Data Entry.run(TC_Data Entry:21)
	at com.kms.katalon.core.main.ScriptEngine.run(ScriptEngine.java:194)
	at com.kms.katalon.core.main.ScriptEngine.runScriptAsRawText(ScriptEngine.java:119)
	at com.kms.katalon.core.main.TestCaseExecutor.runScript(TestCaseExecutor.java:337)
	at com.kms.katalon.core.main.TestCaseExecutor.doExecute(TestCaseExecutor.java:328)
	at com.kms.katalon.core.main.TestCaseExecutor.processExecutionPhase(TestCaseExecutor.java:307)
	at com.kms.katalon.core.main.TestCaseExecutor.accessMainPhase(TestCaseExecutor.java:299)
	at com.kms.katalon.core.main.TestCaseExecutor.execute(TestCaseExecutor.java:233)
	at com.kms.katalon.core.main.TestSuiteExecutor.accessTestCaseMainPhase(TestSuiteExecutor.java:169)
	at com.kms.katalon.core.main.TestSuiteExecutor.accessTestSuiteMainPhase(TestSuiteExecutor.java:142)
	at com.kms.katalon.core.main.TestSuiteExecutor.execute(TestSuiteExecutor.java:91)
	at com.kms.katalon.core.main.TestCaseMain.startTestSuite(TestCaseMain.java:157)
	at com.kms.katalon.core.main.TestCaseMain$startTestSuite$0.call(Unknown Source)
	at TempTestSuite1574825848461.run(TempTestSuite1574825848461.groovy:36)
Caused by: com.kms.katalon.core.exception.StepFailedException: Unable to scroll to text 'T:1300 XI M/T' (Root cause: org.openqa.selenium.NoSuchElementException: An element could not be located on the page using the given search parameters.
For documentation on this error, please visit: https://www.seleniumhq.org/exceptions/no_such_element.html
Build info: version: '3.141.59', revision: 'e82be7d358', time: '2018-11-14T08:25:53'
System info: host: 'FATITQC15420L', ip: '10.7.8.181', os.name: 'Windows 10', os.arch: 'amd64', os.version: '10.0', java.version: '1.8.0_181'
Driver info: com.kms.katalon.core.appium.driver.SwipeableAndroidDriver
Capabilities {app: C:\Users\15420\git\ACCME-Du..., appPackage: com.outsystemsenterprise.ac..., autoGrantPermissions: true, automationName: uiautomator2, databaseEnabled: false, desired: {app: C:\Users\15420\git\ACCME-Du..., autoGrantPermissions: true, automationName: uiautomator2, deviceId: , deviceName: samsung SM-A505F (Android 9), fullReset: false, newCommandTimeout: 1800, noReset: true, platform: ANDROID, platformName: android, platformVersion: 9, resetKeyboard: true, systemPort: 56263, udid: RR8M30NJT6T, unicodeKeyboard: true}, deviceApiLevel: 28, deviceId: , deviceManufacturer: samsung, deviceModel: SM-A505F, deviceName: RR8M30NJT6T, deviceScreenDensity: 420, deviceScreenSize: 1080x2340, deviceUDID: RR8M30NJT6T, fullReset: false, javascriptEnabled: true, locationContextEnabled: false, networkConnectionEnabled: true, newCommandTimeout: 1800, noReset: true, pixelRatio: 2.625, platform: ANDROID, platformName: Android, platformVersion: 9, resetKeyboard: true, statBarHeight: 83, systemPort: 56263, takesScreenshot: true, udid: RR8M30NJT6T, unicodeKeyboard: true, viewportRect: {height: 2048, left: 0, top: 83, width: 1080}, warnings: {}, webStorageEnabled: false}
Session ID: d4232d11-967b-4d1f-b034-17020e37cd66
*** Element info: {Using=-android uiautomator, value=new UiScrollable(new UiSelector().scrollable(true).instance(0)).scrollIntoView(new UiSelector().textContains("T:1300 XI M/T"))}
	at org.openqa.selenium.remote.http.W3CHttpResponseCodec.createException(W3CHttpResponseCodec.java:187)
	at org.openqa.selenium.remote.http.W3CHttpResponseCodec.decode(W3CHttpResponseCodec.java:122)
	at org.openqa.selenium.remote.http.W3CHttpResponseCodec.decode(W3CHttpResponseCodec.java:49)
	at org.openqa.selenium.remote.HttpCommandExecutor.execute(HttpCommandExecutor.java:158)
	at io.appium.java_client.remote.AppiumCommandExecutor.execute(AppiumCommandExecutor.java:239)
	at org.openqa.selenium.remote.RemoteWebDriver.execute(RemoteWebDriver.java:552)
	at io.appium.java_client.DefaultGenericMobileDriver.execute(DefaultGenericMobileDriver.java:42)
	at io.appium.java_client.AppiumDriver.execute(AppiumDriver.java:1)
	at io.appium.java_client.android.AndroidDriver.execute(AndroidDriver.java:1)
	at com.kms.katalon.core.appium.driver.SwipeableAndroidDriver.execute(SwipeableAndroidDriver.java:1)
	at org.openqa.selenium.remote.RemoteWebDriver.findElement(RemoteWebDriver.java:323)
	at io.appium.java_client.DefaultGenericMobileDriver.findElement(DefaultGenericMobileDriver.java:62)
	at io.appium.java_client.AppiumDriver.findElement(AppiumDriver.java:1)
	at io.appium.java_client.android.AndroidDriver.findElement(AndroidDriver.java:1)
	at com.kms.katalon.core.appium.driver.SwipeableAndroidDriver.findElement(SwipeableAndroidDriver.java:1)
	at io.appium.java_client.FindsByAndroidUIAutomator.findElementByAndroidUIAutomator(FindsByAndroidUIAutomator.java:38)
	at io.appium.java_client.FindsByAndroidUIAutomator$findElementByAndroidUIAutomator.call(Unknown Source)
	at com.kms.katalon.core.mobile.keyword.builtin.ScrollToTextKeyword$_scrollToText_closure1.doCall(ScrollToTextKeyword.groovy:62)
	at com.kms.katalon.core.mobile.keyword.builtin.ScrollToTextKeyword$_scrollToText_closure1.doCall(ScrollToTextKeyword.groovy)
	at com.kms.katalon.core.mobile.keyword.internal.MobileKeywordMain.runKeyword(MobileKeywordMain.groovy:21)
	at com.kms.katalon.core.mobile.keyword.internal.MobileKeywordMain$runKeyword.call(Unknown Source)
	at com.kms.katalon.core.mobile.keyword.builtin.ScrollToTextKeyword.scrollToText(ScrollToTextKeyword.groovy:85)
	at com.kms.katalon.core.mobile.keyword.builtin.ScrollToTextKeyword.execute(ScrollToTextKeyword.groovy:41)
	at com.kms.katalon.core.keyword.internal.KeywordExecutor.executeKeywordForPlatform(KeywordExecutor.groovy:60)
	at com.kms.katalon.core.mobile.keyword.MobileBuiltInKeywords.scrollToText(MobileBuiltInKeywords.groovy:888)
	at com.kms.katalon.core.mobile.keyword.MobileBuiltInKeywords$scrollToText$6.call(Unknown Source)
	at TC_Simulasi Kredit - MASTER FLOW.run(TC_Simulasi Kredit - MASTER FLOW:84)
	at com.kms.katalon.core.main.ScriptEngine.run(ScriptEngine.java:194)
	at com.kms.katalon.core.main.ScriptEngine.runScriptAsRawText(ScriptEngine.java:119)
	at com.kms.katalon.core.main.TestCaseExecutor.runScript(TestCaseExecutor.java:337)
	at com.kms.katalon.core.main.TestCaseExecutor.doExecute(TestCaseExecutor.java:328)
	at com.kms.katalon.core.main.TestCaseExecutor.processExecutionPhase(TestCaseExecutor.java:307)
	at com.kms.katalon.core.main.TestCaseExecutor.accessMainPhase(TestCaseExecutor.java:299)
	at com.kms.katalon.core.main.TestCaseExecutor.execute(TestCaseExecutor.java:233)
	at com.kms.katalon.core.main.TestCaseMain.runTestCase(TestCaseMain.java:114)
	at com.kms.katalon.core.keyword.builtin.CallTestCaseKeyword$_callTestCase_closure1.doCall(CallTestCaseKeyword.groovy:59)
	at com.kms.katalon.core.keyword.builtin.CallTestCaseKeyword$_callTestCase_closure1.call(CallTestCaseKeyword.groovy)
	at com.kms.katalon.core.keyword.internal.KeywordMain.runKeyword(KeywordMain.groovy:68)
	at com.kms.katalon.core.keyword.builtin.CallTestCaseKeyword.callTestCase(CallTestCaseKeyword.groovy:81)
	at com.kms.katalon.core.keyword.builtin.CallTestCaseKeyword.execute(CallTestCaseKeyword.groovy:44)
	at com.kms.katalon.core.keyword.internal.KeywordExecutor.executeKeywordForPlatform(KeywordExecutor.groovy:60)
	at com.kms.katalon.core.keyword.BuiltinKeywords.callTestCase(BuiltinKeywords.groovy:334)
	at TC_Data Entry.run(TC_Data Entry:21)
	at com.kms.katalon.core.main.ScriptEngine.run(ScriptEngine.java:194)
	at com.kms.katalon.core.main.ScriptEngine.runScriptAsRawText(ScriptEngine.java:119)
	at com.kms.katalon.core.main.TestCaseExecutor.runScript(TestCaseExecutor.java:337)
	at com.kms.katalon.core.main.TestCaseExecutor.doExecute(TestCaseExecutor.java:328)
	at com.kms.katalon.core.main.TestCaseExecutor.processExecutionPhase(TestCaseExecutor.java:307)
	at com.kms.katalon.core.main.TestCaseExecutor.accessMainPhase(TestCaseExecutor.java:299)
	at com.kms.katalon.core.main.TestCaseExecutor.execute(TestCaseExecutor.java:233)
	at com.kms.katalon.core.main.TestSuiteExecutor.accessTestCaseMainPhase(TestSuiteExecutor.java:169)
	at com.kms.katalon.core.main.TestSuiteExecutor.accessTestSuiteMainPhase(TestSuiteExecutor.java:142)
	at com.kms.katalon.core.main.TestSuiteExecutor.execute(TestSuiteExecutor.java:91)
	at com.kms.katalon.core.main.TestCaseMain.startTestSuite(TestCaseMain.java:157)
	at com.kms.katalon.core.main.TestCaseMain$startTestSuite$0.call(Unknown Source)
	at TempTestSuite1574825848461.run(TempTestSuite1574825848461.groovy:36)
)
	at com.kms.katalon.core.keyword.internal.KeywordMain.stepFailed(KeywordMain.groovy:50)
	at com.kms.katalon.core.mobile.keyword.internal.MobileKeywordMain.stepFailed(MobileKeywordMain.groovy:40)
	at com.kms.katalon.core.mobile.keyword.internal.MobileKeywordMain.runKeyword(MobileKeywordMain.groovy:23)
	at com.kms.katalon.core.mobile.keyword.internal.MobileKeywordMain$runKeyword.call(Unknown Source)
	at com.kms.katalon.core.mobile.keyword.builtin.ScrollToTextKeyword.scrollToText(ScrollToTextKeyword.groovy:85)
	at com.kms.katalon.core.mobile.keyword.builtin.ScrollToTextKeyword.execute(ScrollToTextKeyword.groovy:41)
	at com.kms.katalon.core.keyword.internal.KeywordExecutor.executeKeywordForPlatform(KeywordExecutor.groovy:60)
	at com.kms.katalon.core.mobile.keyword.MobileBuiltInKeywords.scrollToText(MobileBuiltInKeywords.groovy:888)
	at com.kms.katalon.core.mobile.keyword.MobileBuiltInKeywords$scrollToText$6.call(Unknown Source)
	at TC_Simulasi Kredit - MASTER FLOW.run(TC_Simulasi Kredit - MASTER FLOW:84)
	at com.kms.katalon.core.main.ScriptEngine.run(ScriptEngine.java:194)
	at com.kms.katalon.core.main.ScriptEngine.runScriptAsRawText(ScriptEngine.java:119)
	at com.kms.katalon.core.main.TestCaseExecutor.runScript(TestCaseExecutor.java:337)
	at com.kms.katalon.core.main.TestCaseExecutor.doExecute(TestCaseExecutor.java:328)
	at com.kms.katalon.core.main.TestCaseExecutor.processExecutionPhase(TestCaseExecutor.java:307)
	at com.kms.katalon.core.main.TestCaseExecutor.accessMainPhase(TestCaseExecutor.java:299)
	at com.kms.katalon.core.main.TestCaseExecutor.execute(TestCaseExecutor.java:233)
	at com.kms.katalon.core.main.TestCaseMain.runTestCase(TestCaseMain.java:114)
	at com.kms.katalon.core.keyword.builtin.CallTestCaseKeyword$_callTestCase_closure1.doCall(CallTestCaseKeyword.groovy:59)
	... 20 more
Caused by: org.openqa.selenium.NoSuchElementException: An element could not be located on the page using the given search parameters.
For documentation on this error, please visit: https://www.seleniumhq.org/exceptions/no_such_element.html
Build info: version: '3.141.59', revision: 'e82be7d358', time: '2018-11-14T08:25:53'
System info: host: 'FATITQC15420L', ip: '10.7.8.181', os.name: 'Windows 10', os.arch: 'amd64', os.version: '10.0', java.version: '1.8.0_181'
Driver info: com.kms.katalon.core.appium.driver.SwipeableAndroidDriver
Capabilities {app: C:\Users\15420\git\ACCME-Du..., appPackage: com.outsystemsenterprise.ac..., autoGrantPermissions: true, automationName: uiautomator2, databaseEnabled: false, desired: {app: C:\Users\15420\git\ACCME-Du..., autoGrantPermissions: true, automationName: uiautomator2, deviceId: , deviceName: samsung SM-A505F (Android 9), fullReset: false, newCommandTimeout: 1800, noReset: true, platform: ANDROID, platformName: android, platformVersion: 9, resetKeyboard: true, systemPort: 56263, udid: RR8M30NJT6T, unicodeKeyboard: true}, deviceApiLevel: 28, deviceId: , deviceManufacturer: samsung, deviceModel: SM-A505F, deviceName: RR8M30NJT6T, deviceScreenDensity: 420, deviceScreenSize: 1080x2340, deviceUDID: RR8M30NJT6T, fullReset: false, javascriptEnabled: true, locationContextEnabled: false, networkConnectionEnabled: true, newCommandTimeout: 1800, noReset: true, pixelRatio: 2.625, platform: ANDROID, platformName: Android, platformVersion: 9, resetKeyboard: true, statBarHeight: 83, systemPort: 56263, takesScreenshot: true, udid: RR8M30NJT6T, unicodeKeyboard: true, viewportRect: {height: 2048, left: 0, top: 83, width: 1080}, warnings: {}, webStorageEnabled: false}
Session ID: d4232d11-967b-4d1f-b034-17020e37cd66
*** Element info: {Using=-android uiautomator, value=new UiScrollable(new UiSelector().scrollable(true).instance(0)).scrollIntoView(new UiSelector().textContains("T:1300 XI M/T"))}
	at org.openqa.selenium.remote.http.W3CHttpResponseCodec.createException(W3CHttpResponseCodec.java:187)
	at org.openqa.selenium.remote.http.W3CHttpResponseCodec.decode(W3CHttpResponseCodec.java:122)
	at org.openqa.selenium.remote.http.W3CHttpResponseCodec.decode(W3CHttpResponseCodec.java:49)
	at org.openqa.selenium.remote.HttpCommandExecutor.execute(HttpCommandExecutor.java:158)
	at io.appium.java_client.remote.AppiumCommandExecutor.execute(AppiumCommandExecutor.java:239)
	at org.openqa.selenium.remote.RemoteWebDriver.execute(RemoteWebDriver.java:552)
	at io.appium.java_client.DefaultGenericMobileDriver.execute(DefaultGenericMobileDriver.java:42)
	at io.appium.java_client.AppiumDriver.execute(AppiumDriver.java:1)
	at io.appium.java_client.android.AndroidDriver.execute(AndroidDriver.java:1)
	at com.kms.katalon.core.appium.driver.SwipeableAndroidDriver.execute(SwipeableAndroidDriver.java:1)
	at org.openqa.selenium.remote.RemoteWebDriver.findElement(RemoteWebDriver.java:323)
	at io.appium.java_client.DefaultGenericMobileDriver.findElement(DefaultGenericMobileDriver.java:62)
	at io.appium.java_client.AppiumDriver.findElement(AppiumDriver.java:1)
	at io.appium.java_client.android.AndroidDriver.findElement(AndroidDriver.java:1)
	at com.kms.katalon.core.appium.driver.SwipeableAndroidDriver.findElement(SwipeableAndroidDriver.java:1)
	at io.appium.java_client.FindsByAndroidUIAutomator.findElementByAndroidUIAutomator(FindsByAndroidUIAutomator.java:38)
	at io.appium.java_client.FindsByAndroidUIAutomator$findElementByAndroidUIAutomator.call(Unknown Source)
	at com.kms.katalon.core.mobile.keyword.builtin.ScrollToTextKeyword$_scrollToText_closure1.doCall(ScrollToTextKeyword.groovy:62)
	at com.kms.katalon.core.mobile.keyword.builtin.ScrollToTextKeyword$_scrollToText_closure1.doCall(ScrollToTextKeyword.groovy)
	at com.kms.katalon.core.mobile.keyword.internal.MobileKeywordMain.runKeyword(MobileKeywordMain.groovy:21)
	... 36 more
)

2019-11-27 10:51:06 - [TEST_STEP][FAILED] - callTestCase(findTestCase("Data Entry/Simulasi Kredit/Simulasi Kredit - Asuransi/MASTER FLOW/TC_Asuransi - MASTER FLOW"), ["varAsuransi":varAsuransi, "varKodeWilayah":varKodeWilayah], STOP_ON_FAILURE): Unable to call Test Case 'Test Cases/Data Entry/Simulasi Kredit/Simulasi Kredit - Asuransi/MASTER FLOW/TC_Asuransi - MASTER FLOW' (Root cause: com.kms.katalon.core.exception.StepFailedException: Call Test Case 'Test Cases/Data Entry/Simulasi Kredit/Simulasi Kredit - Asuransi/MASTER FLOW/TC_Asuransi - MASTER FLOW' failed
	at com.kms.katalon.core.keyword.builtin.CallTestCaseKeyword$_callTestCase_closure1.doCall(CallTestCaseKeyword.groovy:63)
	at com.kms.katalon.core.keyword.builtin.CallTestCaseKeyword$_callTestCase_closure1.call(CallTestCaseKeyword.groovy)
	at com.kms.katalon.core.keyword.internal.KeywordMain.runKeyword(KeywordMain.groovy:68)
	at com.kms.katalon.core.keyword.builtin.CallTestCaseKeyword.callTestCase(CallTestCaseKeyword.groovy:81)
	at com.kms.katalon.core.keyword.builtin.CallTestCaseKeyword.execute(CallTestCaseKeyword.groovy:44)
	at com.kms.katalon.core.keyword.internal.KeywordExecutor.executeKeywordForPlatform(KeywordExecutor.groovy:60)
	at com.kms.katalon.core.keyword.BuiltinKeywords.callTestCase(BuiltinKeywords.groovy:334)
	at TC_Data Entry.run(TC_Data Entry:26)
	at com.kms.katalon.core.main.ScriptEngine.run(ScriptEngine.java:194)
	at com.kms.katalon.core.main.ScriptEngine.runScriptAsRawText(ScriptEngine.java:119)
	at com.kms.katalon.core.main.TestCaseExecutor.runScript(TestCaseExecutor.java:337)
	at com.kms.katalon.core.main.TestCaseExecutor.doExecute(TestCaseExecutor.java:328)
	at com.kms.katalon.core.main.TestCaseExecutor.processExecutionPhase(TestCaseExecutor.java:307)
	at com.kms.katalon.core.main.TestCaseExecutor.accessMainPhase(TestCaseExecutor.java:299)
	at com.kms.katalon.core.main.TestCaseExecutor.execute(TestCaseExecutor.java:233)
	at com.kms.katalon.core.main.TestSuiteExecutor.accessTestCaseMainPhase(TestSuiteExecutor.java:169)
	at com.kms.katalon.core.main.TestSuiteExecutor.accessTestSuiteMainPhase(TestSuiteExecutor.java:142)
	at com.kms.katalon.core.main.TestSuiteExecutor.execute(TestSuiteExecutor.java:91)
	at com.kms.katalon.core.main.TestCaseMain.startTestSuite(TestCaseMain.java:157)
	at com.kms.katalon.core.main.TestCaseMain$startTestSuite$0.call(Unknown Source)
	at TempTestSuite1574825848461.run(TempTestSuite1574825848461.groovy:36)
Caused by: com.kms.katalon.core.exception.StepFailedException: Object Object Repository/Simulasi Kredit/Simulasi Kredit - Asuransi/Asuransi_Nama Asuransi not found
	at com.kms.katalon.core.keyword.internal.KeywordMain.stepFailed(KeywordMain.groovy:50)
	at com.kms.katalon.core.mobile.keyword.internal.MobileKeywordMain.stepFailed(MobileKeywordMain.groovy:40)
	at com.kms.katalon.core.mobile.keyword.builtin.TapKeyword$_tap_closure1.doCall(TapKeyword.groovy:79)
	at com.kms.katalon.core.mobile.keyword.builtin.TapKeyword$_tap_closure1.call(TapKeyword.groovy)
	at com.kms.katalon.core.mobile.keyword.internal.MobileKeywordMain.runKeyword(MobileKeywordMain.groovy:21)
	at com.kms.katalon.core.mobile.keyword.builtin.TapKeyword.tap(TapKeyword.groovy:86)
	at com.kms.katalon.core.mobile.keyword.builtin.TapKeyword.execute(TapKeyword.groovy:68)
	at com.kms.katalon.core.keyword.internal.KeywordExecutor.executeKeywordForPlatform(KeywordExecutor.groovy:60)
	at com.kms.katalon.core.mobile.keyword.MobileBuiltInKeywords.tap(MobileBuiltInKeywords.groovy:520)
	at com.kms.katalon.core.mobile.keyword.MobileBuiltInKeywords$tap$1.call(Unknown Source)
	at TC_Asuransi - MASTER FLOW.run(TC_Asuransi - MASTER FLOW:18)
	at com.kms.katalon.core.main.ScriptEngine.run(ScriptEngine.java:194)
	at com.kms.katalon.core.main.ScriptEngine.runScriptAsRawText(ScriptEngine.java:119)
	at com.kms.katalon.core.main.TestCaseExecutor.runScript(TestCaseExecutor.java:337)
	at com.kms.katalon.core.main.TestCaseExecutor.doExecute(TestCaseExecutor.java:328)
	at com.kms.katalon.core.main.TestCaseExecutor.processExecutionPhase(TestCaseExecutor.java:307)
	at com.kms.katalon.core.main.TestCaseExecutor.accessMainPhase(TestCaseExecutor.java:299)
	at com.kms.katalon.core.main.TestCaseExecutor.execute(TestCaseExecutor.java:233)
	at com.kms.katalon.core.main.TestCaseMain.runTestCase(TestCaseMain.java:114)
	at com.kms.katalon.core.keyword.builtin.CallTestCaseKeyword$_callTestCase_closure1.doCall(CallTestCaseKeyword.groovy:59)
	... 20 more
)

2019-11-27 10:51:06 - [TEST_CASE][FAILED] - Test Cases/Data Entry/Simulasi Kredit/Simulasi Kredit - Asuransi/MASTER FLOW/TC_Asuransi - MASTER FLOW: Test Cases/Data Entry/Simulasi Kredit/Simulasi Kredit - Asuransi/MASTER FLOW/TC_Asuransi - MASTER FLOW FAILED.
Reason:
com.kms.katalon.core.exception.StepFailedException: Object Object Repository/Simulasi Kredit/Simulasi Kredit - Asuransi/Asuransi_Nama Asuransi not found
	at com.kms.katalon.core.keyword.internal.KeywordMain.stepFailed(KeywordMain.groovy:50)
	at com.kms.katalon.core.mobile.keyword.internal.MobileKeywordMain.stepFailed(MobileKeywordMain.groovy:40)
	at com.kms.katalon.core.mobile.keyword.builtin.TapKeyword$_tap_closure1.doCall(TapKeyword.groovy:79)
	at com.kms.katalon.core.mobile.keyword.builtin.TapKeyword$_tap_closure1.call(TapKeyword.groovy)
	at com.kms.katalon.core.mobile.keyword.internal.MobileKeywordMain.runKeyword(MobileKeywordMain.groovy:21)
	at com.kms.katalon.core.mobile.keyword.builtin.TapKeyword.tap(TapKeyword.groovy:86)
	at com.kms.katalon.core.mobile.keyword.builtin.TapKeyword.execute(TapKeyword.groovy:68)
	at com.kms.katalon.core.keyword.internal.KeywordExecutor.executeKeywordForPlatform(KeywordExecutor.groovy:60)
	at com.kms.katalon.core.mobile.keyword.MobileBuiltInKeywords.tap(MobileBuiltInKeywords.groovy:520)
	at com.kms.katalon.core.mobile.keyword.MobileBuiltInKeywords$tap$1.call(Unknown Source)
	at TC_Asuransi - MASTER FLOW.run(TC_Asuransi - MASTER FLOW:18)
	at com.kms.katalon.core.main.ScriptEngine.run(ScriptEngine.java:194)
	at com.kms.katalon.core.main.ScriptEngine.runScriptAsRawText(ScriptEngine.java:119)
	at com.kms.katalon.core.main.TestCaseExecutor.runScript(TestCaseExecutor.java:337)
	at com.kms.katalon.core.main.TestCaseExecutor.doExecute(TestCaseExecutor.java:328)
	at com.kms.katalon.core.main.TestCaseExecutor.processExecutionPhase(TestCaseExecutor.java:307)
	at com.kms.katalon.core.main.TestCaseExecutor.accessMainPhase(TestCaseExecutor.java:299)
	at com.kms.katalon.core.main.TestCaseExecutor.execute(TestCaseExecutor.java:233)
	at com.kms.katalon.core.main.TestCaseMain.runTestCase(TestCaseMain.java:114)
	at com.kms.katalon.core.keyword.builtin.CallTestCaseKeyword$_callTestCase_closure1.doCall(CallTestCaseKeyword.groovy:59)
	at com.kms.katalon.core.keyword.builtin.CallTestCaseKeyword$_callTestCase_closure1.call(CallTestCaseKeyword.groovy)
	at com.kms.katalon.core.keyword.internal.KeywordMain.runKeyword(KeywordMain.groovy:68)
	at com.kms.katalon.core.keyword.builtin.CallTestCaseKeyword.callTestCase(CallTestCaseKeyword.groovy:81)
	at com.kms.katalon.core.keyword.builtin.CallTestCaseKeyword.execute(CallTestCaseKeyword.groovy:44)
	at com.kms.katalon.core.keyword.internal.KeywordExecutor.executeKeywordForPlatform(KeywordExecutor.groovy:60)
	at com.kms.katalon.core.keyword.BuiltinKeywords.callTestCase(BuiltinKeywords.groovy:334)
	at TC_Data Entry.run(TC_Data Entry:26)
	at com.kms.katalon.core.main.ScriptEngine.run(ScriptEngine.java:194)
	at com.kms.katalon.core.main.ScriptEngine.runScriptAsRawText(ScriptEngine.java:119)
	at com.kms.katalon.core.main.TestCaseExecutor.runScript(TestCaseExecutor.java:337)
	at com.kms.katalon.core.main.TestCaseExecutor.doExecute(TestCaseExecutor.java:328)
	at com.kms.katalon.core.main.TestCaseExecutor.processExecutionPhase(TestCaseExecutor.java:307)
	at com.kms.katalon.core.main.TestCaseExecutor.accessMainPhase(TestCaseExecutor.java:299)
	at com.kms.katalon.core.main.TestCaseExecutor.execute(TestCaseExecutor.java:233)
	at com.kms.katalon.core.main.TestSuiteExecutor.accessTestCaseMainPhase(TestSuiteExecutor.java:169)
	at com.kms.katalon.core.main.TestSuiteExecutor.accessTestSuiteMainPhase(TestSuiteExecutor.java:142)
	at com.kms.katalon.core.main.TestSuiteExecutor.execute(TestSuiteExecutor.java:91)
	at com.kms.katalon.core.main.TestCaseMain.startTestSuite(TestCaseMain.java:157)
	at com.kms.katalon.core.main.TestCaseMain$startTestSuite$0.call(Unknown Source)
	at TempTestSuite1574825848461.run(TempTestSuite1574825848461.groovy:36)


2019-11-27 10:51:06 - [TEST_STEP][PASSED] - delay(2, STOP_ON_FAILURE): Delayed 2 second(s)

2019-11-27 10:51:08 - [MESSAGE][PASSED] - Delayed 2 second(s)

2019-11-27 10:51:08 - [TEST_STEP][FAILED] - tap(findTestObject("Simulasi Kredit/Simulasi Kredit - Asuransi/Asuransi_Nama Asuransi"), 0): Failed to tap on element 'Object Repository/Simulasi Kredit/Simulasi Kredit - Asuransi/Asuransi_Nama Asuransi' (Root cause: com.kms.katalon.core.exception.StepFailedException: Object Object Repository/Simulasi Kredit/Simulasi Kredit - Asuransi/Asuransi_Nama Asuransi not found
	at com.kms.katalon.core.keyword.internal.KeywordMain.stepFailed(KeywordMain.groovy:50)
	at com.kms.katalon.core.mobile.keyword.internal.MobileKeywordMain.stepFailed(MobileKeywordMain.groovy:40)
	at com.kms.katalon.core.mobile.keyword.builtin.TapKeyword$_tap_closure1.doCall(TapKeyword.groovy:79)
	at com.kms.katalon.core.mobile.keyword.builtin.TapKeyword$_tap_closure1.call(TapKeyword.groovy)
	at com.kms.katalon.core.mobile.keyword.internal.MobileKeywordMain.runKeyword(MobileKeywordMain.groovy:21)
	at com.kms.katalon.core.mobile.keyword.builtin.TapKeyword.tap(TapKeyword.groovy:86)
	at com.kms.katalon.core.mobile.keyword.builtin.TapKeyword.execute(TapKeyword.groovy:68)
	at com.kms.katalon.core.keyword.internal.KeywordExecutor.executeKeywordForPlatform(KeywordExecutor.groovy:60)
	at com.kms.katalon.core.mobile.keyword.MobileBuiltInKeywords.tap(MobileBuiltInKeywords.groovy:520)
	at com.kms.katalon.core.mobile.keyword.MobileBuiltInKeywords$tap$1.call(Unknown Source)
	at TC_Asuransi - MASTER FLOW.run(TC_Asuransi - MASTER FLOW:18)
	at com.kms.katalon.core.main.ScriptEngine.run(ScriptEngine.java:194)
	at com.kms.katalon.core.main.ScriptEngine.runScriptAsRawText(ScriptEngine.java:119)
	at com.kms.katalon.core.main.TestCaseExecutor.runScript(TestCaseExecutor.java:337)
	at com.kms.katalon.core.main.TestCaseExecutor.doExecute(TestCaseExecutor.java:328)
	at com.kms.katalon.core.main.TestCaseExecutor.processExecutionPhase(TestCaseExecutor.java:307)
	at com.kms.katalon.core.main.TestCaseExecutor.accessMainPhase(TestCaseExecutor.java:299)
	at com.kms.katalon.core.main.TestCaseExecutor.execute(TestCaseExecutor.java:233)
	at com.kms.katalon.core.main.TestCaseMain.runTestCase(TestCaseMain.java:114)
	at com.kms.katalon.core.keyword.builtin.CallTestCaseKeyword$_callTestCase_closure1.doCall(CallTestCaseKeyword.groovy:59)
	at com.kms.katalon.core.keyword.builtin.CallTestCaseKeyword$_callTestCase_closure1.call(CallTestCaseKeyword.groovy)
	at com.kms.katalon.core.keyword.internal.KeywordMain.runKeyword(KeywordMain.groovy:68)
	at com.kms.katalon.core.keyword.builtin.CallTestCaseKeyword.callTestCase(CallTestCaseKeyword.groovy:81)
	at com.kms.katalon.core.keyword.builtin.CallTestCaseKeyword.execute(CallTestCaseKeyword.groovy:44)
	at com.kms.katalon.core.keyword.internal.KeywordExecutor.executeKeywordForPlatform(KeywordExecutor.groovy:60)
	at com.kms.katalon.core.keyword.BuiltinKeywords.callTestCase(BuiltinKeywords.groovy:334)
	at TC_Data Entry.run(TC_Data Entry:26)
	at com.kms.katalon.core.main.ScriptEngine.run(ScriptEngine.java:194)
	at com.kms.katalon.core.main.ScriptEngine.runScriptAsRawText(ScriptEngine.java:119)
	at com.kms.katalon.core.main.TestCaseExecutor.runScript(TestCaseExecutor.java:337)
	at com.kms.katalon.core.main.TestCaseExecutor.doExecute(TestCaseExecutor.java:328)
	at com.kms.katalon.core.main.TestCaseExecutor.processExecutionPhase(TestCaseExecutor.java:307)
	at com.kms.katalon.core.main.TestCaseExecutor.accessMainPhase(TestCaseExecutor.java:299)
	at com.kms.katalon.core.main.TestCaseExecutor.execute(TestCaseExecutor.java:233)
	at com.kms.katalon.core.main.TestSuiteExecutor.accessTestCaseMainPhase(TestSuiteExecutor.java:169)
	at com.kms.katalon.core.main.TestSuiteExecutor.accessTestSuiteMainPhase(TestSuiteExecutor.java:142)
	at com.kms.katalon.core.main.TestSuiteExecutor.execute(TestSuiteExecutor.java:91)
	at com.kms.katalon.core.main.TestCaseMain.startTestSuite(TestCaseMain.java:157)
	at com.kms.katalon.core.main.TestCaseMain$startTestSuite$0.call(Unknown Source)
	at TempTestSuite1574825848461.run(TempTestSuite1574825848461.groovy:36)
)

2019-11-27 10:51:09 - [MESSAGE][WARNING] - Timeout '0' is invalid. Using default page load timeout: '30'

2019-11-27 10:51:40 - [MESSAGE][FAILED] - Object Object Repository/Simulasi Kredit/Simulasi Kredit - Asuransi/Asuransi_Nama Asuransi not found
[[ATTACHMENT|C:\\Users\\15420\\git\\ACCME-Dupcheck\\Reports\\20191127_103728\\data entry dupcek\\20191127_103728\\1574826699093.png]]

2019-11-27 10:51:42 - [MESSAGE][FAILED] - Failed to tap on element 'Object Repository/Simulasi Kredit/Simulasi Kredit - Asuransi/Asuransi_Nama Asuransi' (Root cause: com.kms.katalon.core.exception.StepFailedException: Object Object Repository/Simulasi Kredit/Simulasi Kredit - Asuransi/Asuransi_Nama Asuransi not found
	at com.kms.katalon.core.keyword.internal.KeywordMain.stepFailed(KeywordMain.groovy:50)
	at com.kms.katalon.core.mobile.keyword.internal.MobileKeywordMain.stepFailed(MobileKeywordMain.groovy:40)
	at com.kms.katalon.core.mobile.keyword.builtin.TapKeyword$_tap_closure1.doCall(TapKeyword.groovy:79)
	at com.kms.katalon.core.mobile.keyword.builtin.TapKeyword$_tap_closure1.call(TapKeyword.groovy)
	at com.kms.katalon.core.mobile.keyword.internal.MobileKeywordMain.runKeyword(MobileKeywordMain.groovy:21)
	at com.kms.katalon.core.mobile.keyword.builtin.TapKeyword.tap(TapKeyword.groovy:86)
	at com.kms.katalon.core.mobile.keyword.builtin.TapKeyword.execute(TapKeyword.groovy:68)
	at com.kms.katalon.core.keyword.internal.KeywordExecutor.executeKeywordForPlatform(KeywordExecutor.groovy:60)
	at com.kms.katalon.core.mobile.keyword.MobileBuiltInKeywords.tap(MobileBuiltInKeywords.groovy:520)
	at com.kms.katalon.core.mobile.keyword.MobileBuiltInKeywords$tap$1.call(Unknown Source)
	at TC_Asuransi - MASTER FLOW.run(TC_Asuransi - MASTER FLOW:18)
	at com.kms.katalon.core.main.ScriptEngine.run(ScriptEngine.java:194)
	at com.kms.katalon.core.main.ScriptEngine.runScriptAsRawText(ScriptEngine.java:119)
	at com.kms.katalon.core.main.TestCaseExecutor.runScript(TestCaseExecutor.java:337)
	at com.kms.katalon.core.main.TestCaseExecutor.doExecute(TestCaseExecutor.java:328)
	at com.kms.katalon.core.main.TestCaseExecutor.processExecutionPhase(TestCaseExecutor.java:307)
	at com.kms.katalon.core.main.TestCaseExecutor.accessMainPhase(TestCaseExecutor.java:299)
	at com.kms.katalon.core.main.TestCaseExecutor.execute(TestCaseExecutor.java:233)
	at com.kms.katalon.core.main.TestCaseMain.runTestCase(TestCaseMain.java:114)
	at com.kms.katalon.core.keyword.builtin.CallTestCaseKeyword$_callTestCase_closure1.doCall(CallTestCaseKeyword.groovy:59)
	at com.kms.katalon.core.keyword.builtin.CallTestCaseKeyword$_callTestCase_closure1.call(CallTestCaseKeyword.groovy)
	at com.kms.katalon.core.keyword.internal.KeywordMain.runKeyword(KeywordMain.groovy:68)
	at com.kms.katalon.core.keyword.builtin.CallTestCaseKeyword.callTestCase(CallTestCaseKeyword.groovy:81)
	at com.kms.katalon.core.keyword.builtin.CallTestCaseKeyword.execute(CallTestCaseKeyword.groovy:44)
	at com.kms.katalon.core.keyword.internal.KeywordExecutor.executeKeywordForPlatform(KeywordExecutor.groovy:60)
	at com.kms.katalon.core.keyword.BuiltinKeywords.callTestCase(BuiltinKeywords.groovy:334)
	at TC_Data Entry.run(TC_Data Entry:26)
	at com.kms.katalon.core.main.ScriptEngine.run(ScriptEngine.java:194)
	at com.kms.katalon.core.main.ScriptEngine.runScriptAsRawText(ScriptEngine.java:119)
	at com.kms.katalon.core.main.TestCaseExecutor.runScript(TestCaseExecutor.java:337)
	at com.kms.katalon.core.main.TestCaseExecutor.doExecute(TestCaseExecutor.java:328)
	at com.kms.katalon.core.main.TestCaseExecutor.processExecutionPhase(TestCaseExecutor.java:307)
	at com.kms.katalon.core.main.TestCaseExecutor.accessMainPhase(TestCaseExecutor.java:299)
	at com.kms.katalon.core.main.TestCaseExecutor.execute(TestCaseExecutor.java:233)
	at com.kms.katalon.core.main.TestSuiteExecutor.accessTestCaseMainPhase(TestSuiteExecutor.java:169)
	at com.kms.katalon.core.main.TestSuiteExecutor.accessTestSuiteMainPhase(TestSuiteExecutor.java:142)
	at com.kms.katalon.core.main.TestSuiteExecutor.execute(TestSuiteExecutor.java:91)
	at com.kms.katalon.core.main.TestCaseMain.startTestSuite(TestCaseMain.java:157)
	at com.kms.katalon.core.main.TestCaseMain$startTestSuite$0.call(Unknown Source)
	at TempTestSuite1574825848461.run(TempTestSuite1574825848461.groovy:36)
)
[[ATTACHMENT|C:\\Users\\15420\\git\\ACCME-Dupcheck\\Reports\\20191127_103728\\data entry dupcek\\20191127_103728\\1574826700792.png]]

2019-11-27 10:51:42 - [MESSAGE][FAILED] - Unable to call Test Case 'Test Cases/Data Entry/Simulasi Kredit/Simulasi Kredit - Asuransi/MASTER FLOW/TC_Asuransi - MASTER FLOW' (Root cause: com.kms.katalon.core.exception.StepFailedException: Call Test Case 'Test Cases/Data Entry/Simulasi Kredit/Simulasi Kredit - Asuransi/MASTER FLOW/TC_Asuransi - MASTER FLOW' failed
	at com.kms.katalon.core.keyword.builtin.CallTestCaseKeyword$_callTestCase_closure1.doCall(CallTestCaseKeyword.groovy:63)
	at com.kms.katalon.core.keyword.builtin.CallTestCaseKeyword$_callTestCase_closure1.call(CallTestCaseKeyword.groovy)
	at com.kms.katalon.core.keyword.internal.KeywordMain.runKeyword(KeywordMain.groovy:68)
	at com.kms.katalon.core.keyword.builtin.CallTestCaseKeyword.callTestCase(CallTestCaseKeyword.groovy:81)
	at com.kms.katalon.core.keyword.builtin.CallTestCaseKeyword.execute(CallTestCaseKeyword.groovy:44)
	at com.kms.katalon.core.keyword.internal.KeywordExecutor.executeKeywordForPlatform(KeywordExecutor.groovy:60)
	at com.kms.katalon.core.keyword.BuiltinKeywords.callTestCase(BuiltinKeywords.groovy:334)
	at TC_Data Entry.run(TC_Data Entry:26)
	at com.kms.katalon.core.main.ScriptEngine.run(ScriptEngine.java:194)
	at com.kms.katalon.core.main.ScriptEngine.runScriptAsRawText(ScriptEngine.java:119)
	at com.kms.katalon.core.main.TestCaseExecutor.runScript(TestCaseExecutor.java:337)
	at com.kms.katalon.core.main.TestCaseExecutor.doExecute(TestCaseExecutor.java:328)
	at com.kms.katalon.core.main.TestCaseExecutor.processExecutionPhase(TestCaseExecutor.java:307)
	at com.kms.katalon.core.main.TestCaseExecutor.accessMainPhase(TestCaseExecutor.java:299)
	at com.kms.katalon.core.main.TestCaseExecutor.execute(TestCaseExecutor.java:233)
	at com.kms.katalon.core.main.TestSuiteExecutor.accessTestCaseMainPhase(TestSuiteExecutor.java:169)
	at com.kms.katalon.core.main.TestSuiteExecutor.accessTestSuiteMainPhase(TestSuiteExecutor.java:142)
	at com.kms.katalon.core.main.TestSuiteExecutor.execute(TestSuiteExecutor.java:91)
	at com.kms.katalon.core.main.TestCaseMain.startTestSuite(TestCaseMain.java:157)
	at com.kms.katalon.core.main.TestCaseMain$startTestSuite$0.call(Unknown Source)
	at TempTestSuite1574825848461.run(TempTestSuite1574825848461.groovy:36)
Caused by: com.kms.katalon.core.exception.StepFailedException: Object Object Repository/Simulasi Kredit/Simulasi Kredit - Asuransi/Asuransi_Nama Asuransi not found
	at com.kms.katalon.core.keyword.internal.KeywordMain.stepFailed(KeywordMain.groovy:50)
	at com.kms.katalon.core.mobile.keyword.internal.MobileKeywordMain.stepFailed(MobileKeywordMain.groovy:40)
	at com.kms.katalon.core.mobile.keyword.builtin.TapKeyword$_tap_closure1.doCall(TapKeyword.groovy:79)
	at com.kms.katalon.core.mobile.keyword.builtin.TapKeyword$_tap_closure1.call(TapKeyword.groovy)
	at com.kms.katalon.core.mobile.keyword.internal.MobileKeywordMain.runKeyword(MobileKeywordMain.groovy:21)
	at com.kms.katalon.core.mobile.keyword.builtin.TapKeyword.tap(TapKeyword.groovy:86)
	at com.kms.katalon.core.mobile.keyword.builtin.TapKeyword.execute(TapKeyword.groovy:68)
	at com.kms.katalon.core.keyword.internal.KeywordExecutor.executeKeywordForPlatform(KeywordExecutor.groovy:60)
	at com.kms.katalon.core.mobile.keyword.MobileBuiltInKeywords.tap(MobileBuiltInKeywords.groovy:520)
	at com.kms.katalon.core.mobile.keyword.MobileBuiltInKeywords$tap$1.call(Unknown Source)
	at TC_Asuransi - MASTER FLOW.run(TC_Asuransi - MASTER FLOW:18)
	at com.kms.katalon.core.main.ScriptEngine.run(ScriptEngine.java:194)
	at com.kms.katalon.core.main.ScriptEngine.runScriptAsRawText(ScriptEngine.java:119)
	at com.kms.katalon.core.main.TestCaseExecutor.runScript(TestCaseExecutor.java:337)
	at com.kms.katalon.core.main.TestCaseExecutor.doExecute(TestCaseExecutor.java:328)
	at com.kms.katalon.core.main.TestCaseExecutor.processExecutionPhase(TestCaseExecutor.java:307)
	at com.kms.katalon.core.main.TestCaseExecutor.accessMainPhase(TestCaseExecutor.java:299)
	at com.kms.katalon.core.main.TestCaseExecutor.execute(TestCaseExecutor.java:233)
	at com.kms.katalon.core.main.TestCaseMain.runTestCase(TestCaseMain.java:114)
	at com.kms.katalon.core.keyword.builtin.CallTestCaseKeyword$_callTestCase_closure1.doCall(CallTestCaseKeyword.groovy:59)
	... 20 more
)]]></system-out>
         <system-err><![CDATA[2019-11-27 10:49:05 - [TEST_CASE][FAILED] - Test Cases/Data Entry/TC_Data Entry: Test Cases/Data Entry/TC_Data Entry FAILED.
Reason:
com.kms.katalon.core.exception.StepFailedException: Call Test Case 'Test Cases/Data Entry/Simulasi Kredit/Simulasi Kredit - Asuransi/MASTER FLOW/TC_Asuransi - MASTER FLOW' failed
	at com.kms.katalon.core.keyword.builtin.CallTestCaseKeyword$_callTestCase_closure1.doCall(CallTestCaseKeyword.groovy:63)
	at com.kms.katalon.core.keyword.builtin.CallTestCaseKeyword$_callTestCase_closure1.call(CallTestCaseKeyword.groovy)
	at com.kms.katalon.core.keyword.internal.KeywordMain.runKeyword(KeywordMain.groovy:68)
	at com.kms.katalon.core.keyword.builtin.CallTestCaseKeyword.callTestCase(CallTestCaseKeyword.groovy:81)
	at com.kms.katalon.core.keyword.builtin.CallTestCaseKeyword.execute(CallTestCaseKeyword.groovy:44)
	at com.kms.katalon.core.keyword.internal.KeywordExecutor.executeKeywordForPlatform(KeywordExecutor.groovy:60)
	at com.kms.katalon.core.keyword.BuiltinKeywords.callTestCase(BuiltinKeywords.groovy:334)
	at TC_Data Entry.run(TC_Data Entry:26)
	at com.kms.katalon.core.main.ScriptEngine.run(ScriptEngine.java:194)
	at com.kms.katalon.core.main.ScriptEngine.runScriptAsRawText(ScriptEngine.java:119)
	at com.kms.katalon.core.main.TestCaseExecutor.runScript(TestCaseExecutor.java:337)
	at com.kms.katalon.core.main.TestCaseExecutor.doExecute(TestCaseExecutor.java:328)
	at com.kms.katalon.core.main.TestCaseExecutor.processExecutionPhase(TestCaseExecutor.java:307)
	at com.kms.katalon.core.main.TestCaseExecutor.accessMainPhase(TestCaseExecutor.java:299)
	at com.kms.katalon.core.main.TestCaseExecutor.execute(TestCaseExecutor.java:233)
	at com.kms.katalon.core.main.TestSuiteExecutor.accessTestCaseMainPhase(TestSuiteExecutor.java:169)
	at com.kms.katalon.core.main.TestSuiteExecutor.accessTestSuiteMainPhase(TestSuiteExecutor.java:142)
	at com.kms.katalon.core.main.TestSuiteExecutor.execute(TestSuiteExecutor.java:91)
	at com.kms.katalon.core.main.TestCaseMain.startTestSuite(TestCaseMain.java:157)
	at com.kms.katalon.core.main.TestCaseMain$startTestSuite$0.call(Unknown Source)
	at TempTestSuite1574825848461.run(TempTestSuite1574825848461.groovy:36)
Caused by: com.kms.katalon.core.exception.StepFailedException: Object Object Repository/Simulasi Kredit/Simulasi Kredit - Asuransi/Asuransi_Nama Asuransi not found
	at com.kms.katalon.core.keyword.internal.KeywordMain.stepFailed(KeywordMain.groovy:50)
	at com.kms.katalon.core.mobile.keyword.internal.MobileKeywordMain.stepFailed(MobileKeywordMain.groovy:40)
	at com.kms.katalon.core.mobile.keyword.builtin.TapKeyword$_tap_closure1.doCall(TapKeyword.groovy:79)
	at com.kms.katalon.core.mobile.keyword.builtin.TapKeyword$_tap_closure1.call(TapKeyword.groovy)
	at com.kms.katalon.core.mobile.keyword.internal.MobileKeywordMain.runKeyword(MobileKeywordMain.groovy:21)
	at com.kms.katalon.core.mobile.keyword.builtin.TapKeyword.tap(TapKeyword.groovy:86)
	at com.kms.katalon.core.mobile.keyword.builtin.TapKeyword.execute(TapKeyword.groovy:68)
	at com.kms.katalon.core.keyword.internal.KeywordExecutor.executeKeywordForPlatform(KeywordExecutor.groovy:60)
	at com.kms.katalon.core.mobile.keyword.MobileBuiltInKeywords.tap(MobileBuiltInKeywords.groovy:520)
	at com.kms.katalon.core.mobile.keyword.MobileBuiltInKeywords$tap$1.call(Unknown Source)
	at TC_Asuransi - MASTER FLOW.run(TC_Asuransi - MASTER FLOW:18)
	at com.kms.katalon.core.main.ScriptEngine.run(ScriptEngine.java:194)
	at com.kms.katalon.core.main.ScriptEngine.runScriptAsRawText(ScriptEngine.java:119)
	at com.kms.katalon.core.main.TestCaseExecutor.runScript(TestCaseExecutor.java:337)
	at com.kms.katalon.core.main.TestCaseExecutor.doExecute(TestCaseExecutor.java:328)
	at com.kms.katalon.core.main.TestCaseExecutor.processExecutionPhase(TestCaseExecutor.java:307)
	at com.kms.katalon.core.main.TestCaseExecutor.accessMainPhase(TestCaseExecutor.java:299)
	at com.kms.katalon.core.main.TestCaseExecutor.execute(TestCaseExecutor.java:233)
	at com.kms.katalon.core.main.TestCaseMain.runTestCase(TestCaseMain.java:114)
	at com.kms.katalon.core.keyword.builtin.CallTestCaseKeyword$_callTestCase_closure1.doCall(CallTestCaseKeyword.groovy:59)
	... 20 more]]></system-err>
      </testcase>
      <testcase name="Test Cases/Data Entry/TC_Data Entry" time="578.149" classname="Test Cases/Data Entry/TC_Data Entry" status="FAILED">
         <failure type="FAILED" message="Test Cases/Data Entry/TC_Data Entry FAILED.
Reason:
com.kms.katalon.core.exception.StepFailedException: Call Test Case 'Test Cases/Data Entry/Borrower/Flow Borrower' failed
	at com.kms.katalon.core.keyword.builtin.CallTestCaseKeyword$_callTestCase_closure1.doCall(CallTestCaseKeyword.groovy:63)
	at com.kms.katalon.core.keyword.builtin.CallTestCaseKeyword$_callTestCase_closure1.call(CallTestCaseKeyword.groovy)
	at com.kms.katalon.core.keyword.internal.KeywordMain.runKeyword(KeywordMain.groovy:68)
	at com.kms.katalon.core.keyword.builtin.CallTestCaseKeyword.callTestCase(CallTestCaseKeyword.groovy:81)
	at com.kms.katalon.core.keyword.builtin.CallTestCaseKeyword.execute(CallTestCaseKeyword.groovy:44)
	at com.kms.katalon.core.keyword.internal.KeywordExecutor.executeKeywordForPlatform(KeywordExecutor.groovy:60)
	at com.kms.katalon.core.keyword.BuiltinKeywords.callTestCase(BuiltinKeywords.groovy:334)
	at TC_Data Entry.run(TC_Data Entry:42)
	at com.kms.katalon.core.main.ScriptEngine.run(ScriptEngine.java:194)
	at com.kms.katalon.core.main.ScriptEngine.runScriptAsRawText(ScriptEngine.java:119)
	at com.kms.katalon.core.main.TestCaseExecutor.runScript(TestCaseExecutor.java:337)
	at com.kms.katalon.core.main.TestCaseExecutor.doExecute(TestCaseExecutor.java:328)
	at com.kms.katalon.core.main.TestCaseExecutor.processExecutionPhase(TestCaseExecutor.java:307)
	at com.kms.katalon.core.main.TestCaseExecutor.accessMainPhase(TestCaseExecutor.java:299)
	at com.kms.katalon.core.main.TestCaseExecutor.execute(TestCaseExecutor.java:233)
	at com.kms.katalon.core.main.TestSuiteExecutor.accessTestCaseMainPhase(TestSuiteExecutor.java:169)
	at com.kms.katalon.core.main.TestSuiteExecutor.accessTestSuiteMainPhase(TestSuiteExecutor.java:142)
	at com.kms.katalon.core.main.TestSuiteExecutor.execute(TestSuiteExecutor.java:91)
	at com.kms.katalon.core.main.TestCaseMain.startTestSuite(TestCaseMain.java:157)
	at com.kms.katalon.core.main.TestCaseMain$startTestSuite$0.call(Unknown Source)
	at TempTestSuite1574825848461.run(TempTestSuite1574825848461.groovy:36)
Caused by: com.kms.katalon.core.exception.StepFailedException: Call Test Case 'Test Cases/Data Entry/Borrower/Borrower - Pekerjaan/MASTER FLOW/TC_Borrower - Pekerjaan - MASTER FLOW' failed
	at com.kms.katalon.core.keyword.builtin.CallTestCaseKeyword$_callTestCase_closure1.doCall(CallTestCaseKeyword.groovy:63)
	at com.kms.katalon.core.keyword.builtin.CallTestCaseKeyword$_callTestCase_closure1.call(CallTestCaseKeyword.groovy)
	at com.kms.katalon.core.keyword.internal.KeywordMain.runKeyword(KeywordMain.groovy:68)
	at com.kms.katalon.core.keyword.builtin.CallTestCaseKeyword.callTestCase(CallTestCaseKeyword.groovy:81)
	at com.kms.katalon.core.keyword.builtin.CallTestCaseKeyword.execute(CallTestCaseKeyword.groovy:44)
	at com.kms.katalon.core.keyword.internal.KeywordExecutor.executeKeywordForPlatform(KeywordExecutor.groovy:60)
	at com.kms.katalon.core.keyword.BuiltinKeywords.callTestCase(BuiltinKeywords.groovy:334)
	at Flow Borrower.run(Flow Borrower:42)
	at com.kms.katalon.core.main.ScriptEngine.run(ScriptEngine.java:194)
	at com.kms.katalon.core.main.ScriptEngine.runScriptAsRawText(ScriptEngine.java:119)
	at com.kms.katalon.core.main.TestCaseExecutor.runScript(TestCaseExecutor.java:337)
	at com.kms.katalon.core.main.TestCaseExecutor.doExecute(TestCaseExecutor.java:328)
	at com.kms.katalon.core.main.TestCaseExecutor.processExecutionPhase(TestCaseExecutor.java:307)
	at com.kms.katalon.core.main.TestCaseExecutor.accessMainPhase(TestCaseExecutor.java:299)
	at com.kms.katalon.core.main.TestCaseExecutor.execute(TestCaseExecutor.java:233)
	at com.kms.katalon.core.main.TestCaseMain.runTestCase(TestCaseMain.java:114)
	at com.kms.katalon.core.keyword.builtin.CallTestCaseKeyword$_callTestCase_closure1.doCall(CallTestCaseKeyword.groovy:59)
	... 20 more
Caused by: com.kms.katalon.core.exception.StepFailedException: Object Object Repository/Borrower/Borrower - Pekerjaan/Borrower_Pekerjaan_InpPekerjaan not found
	at com.kms.katalon.core.keyword.internal.KeywordMain.stepFailed(KeywordMain.groovy:50)
	at com.kms.katalon.core.mobile.keyword.internal.MobileKeywordMain.stepFailed(MobileKeywordMain.groovy:40)
	at com.kms.katalon.core.mobile.keyword.builtin.GetTextKeyword$_getText_closure1.doCall(GetTextKeyword.groovy:74)
	at com.kms.katalon.core.mobile.keyword.builtin.GetTextKeyword$_getText_closure1.call(GetTextKeyword.groovy)
	at com.kms.katalon.core.mobile.keyword.internal.MobileKeywordMain.runKeyword(MobileKeywordMain.groovy:21)
	at com.kms.katalon.core.mobile.keyword.builtin.GetTextKeyword.getText(GetTextKeyword.groovy:80)
	at com.kms.katalon.core.mobile.keyword.builtin.GetTextKeyword.execute(GetTextKeyword.groovy:64)
	at com.kms.katalon.core.keyword.internal.KeywordExecutor.executeKeywordForPlatform(KeywordExecutor.groovy:60)
	at com.kms.katalon.core.mobile.keyword.MobileBuiltInKeywords.getText(MobileBuiltInKeywords.groovy:458)
	at com.kms.katalon.core.mobile.keyword.MobileBuiltInKeywords$getText$13.call(Unknown Source)
	at TC_Borrower - Pekerjaan - MASTER FLOW.run(TC_Borrower - Pekerjaan - MASTER FLOW:16)
	at com.kms.katalon.core.main.ScriptEngine.run(ScriptEngine.java:194)
	at com.kms.katalon.core.main.ScriptEngine.runScriptAsRawText(ScriptEngine.java:119)
	at com.kms.katalon.core.main.TestCaseExecutor.runScript(TestCaseExecutor.java:337)
	at com.kms.katalon.core.main.TestCaseExecutor.doExecute(TestCaseExecutor.java:328)
	at com.kms.katalon.core.main.TestCaseExecutor.processExecutionPhase(TestCaseExecutor.java:307)
	at com.kms.katalon.core.main.TestCaseExecutor.accessMainPhase(TestCaseExecutor.java:299)
	at com.kms.katalon.core.main.TestCaseExecutor.execute(TestCaseExecutor.java:233)
	at com.kms.katalon.core.main.TestCaseMain.runTestCase(TestCaseMain.java:114)
	at com.kms.katalon.core.keyword.builtin.CallTestCaseKeyword$_callTestCase_closure1.doCall(CallTestCaseKeyword.groovy:59)
	... 36 more
"/>
         <system-out><![CDATA[2019-11-27 10:51:42 - [TEST_CASE][FAILED] - Test Cases/Data Entry/TC_Data Entry: Test Cases/Data Entry/TC_Data Entry FAILED.
Reason:
com.kms.katalon.core.exception.StepFailedException: Call Test Case 'Test Cases/Data Entry/Borrower/Flow Borrower' failed
	at com.kms.katalon.core.keyword.builtin.CallTestCaseKeyword$_callTestCase_closure1.doCall(CallTestCaseKeyword.groovy:63)
	at com.kms.katalon.core.keyword.builtin.CallTestCaseKeyword$_callTestCase_closure1.call(CallTestCaseKeyword.groovy)
	at com.kms.katalon.core.keyword.internal.KeywordMain.runKeyword(KeywordMain.groovy:68)
	at com.kms.katalon.core.keyword.builtin.CallTestCaseKeyword.callTestCase(CallTestCaseKeyword.groovy:81)
	at com.kms.katalon.core.keyword.builtin.CallTestCaseKeyword.execute(CallTestCaseKeyword.groovy:44)
	at com.kms.katalon.core.keyword.internal.KeywordExecutor.executeKeywordForPlatform(KeywordExecutor.groovy:60)
	at com.kms.katalon.core.keyword.BuiltinKeywords.callTestCase(BuiltinKeywords.groovy:334)
	at TC_Data Entry.run(TC_Data Entry:42)
	at com.kms.katalon.core.main.ScriptEngine.run(ScriptEngine.java:194)
	at com.kms.katalon.core.main.ScriptEngine.runScriptAsRawText(ScriptEngine.java:119)
	at com.kms.katalon.core.main.TestCaseExecutor.runScript(TestCaseExecutor.java:337)
	at com.kms.katalon.core.main.TestCaseExecutor.doExecute(TestCaseExecutor.java:328)
	at com.kms.katalon.core.main.TestCaseExecutor.processExecutionPhase(TestCaseExecutor.java:307)
	at com.kms.katalon.core.main.TestCaseExecutor.accessMainPhase(TestCaseExecutor.java:299)
	at com.kms.katalon.core.main.TestCaseExecutor.execute(TestCaseExecutor.java:233)
	at com.kms.katalon.core.main.TestSuiteExecutor.accessTestCaseMainPhase(TestSuiteExecutor.java:169)
	at com.kms.katalon.core.main.TestSuiteExecutor.accessTestSuiteMainPhase(TestSuiteExecutor.java:142)
	at com.kms.katalon.core.main.TestSuiteExecutor.execute(TestSuiteExecutor.java:91)
	at com.kms.katalon.core.main.TestCaseMain.startTestSuite(TestCaseMain.java:157)
	at com.kms.katalon.core.main.TestCaseMain$startTestSuite$0.call(Unknown Source)
	at TempTestSuite1574825848461.run(TempTestSuite1574825848461.groovy:36)
Caused by: com.kms.katalon.core.exception.StepFailedException: Call Test Case 'Test Cases/Data Entry/Borrower/Borrower - Pekerjaan/MASTER FLOW/TC_Borrower - Pekerjaan - MASTER FLOW' failed
	at com.kms.katalon.core.keyword.builtin.CallTestCaseKeyword$_callTestCase_closure1.doCall(CallTestCaseKeyword.groovy:63)
	at com.kms.katalon.core.keyword.builtin.CallTestCaseKeyword$_callTestCase_closure1.call(CallTestCaseKeyword.groovy)
	at com.kms.katalon.core.keyword.internal.KeywordMain.runKeyword(KeywordMain.groovy:68)
	at com.kms.katalon.core.keyword.builtin.CallTestCaseKeyword.callTestCase(CallTestCaseKeyword.groovy:81)
	at com.kms.katalon.core.keyword.builtin.CallTestCaseKeyword.execute(CallTestCaseKeyword.groovy:44)
	at com.kms.katalon.core.keyword.internal.KeywordExecutor.executeKeywordForPlatform(KeywordExecutor.groovy:60)
	at com.kms.katalon.core.keyword.BuiltinKeywords.callTestCase(BuiltinKeywords.groovy:334)
	at Flow Borrower.run(Flow Borrower:42)
	at com.kms.katalon.core.main.ScriptEngine.run(ScriptEngine.java:194)
	at com.kms.katalon.core.main.ScriptEngine.runScriptAsRawText(ScriptEngine.java:119)
	at com.kms.katalon.core.main.TestCaseExecutor.runScript(TestCaseExecutor.java:337)
	at com.kms.katalon.core.main.TestCaseExecutor.doExecute(TestCaseExecutor.java:328)
	at com.kms.katalon.core.main.TestCaseExecutor.processExecutionPhase(TestCaseExecutor.java:307)
	at com.kms.katalon.core.main.TestCaseExecutor.accessMainPhase(TestCaseExecutor.java:299)
	at com.kms.katalon.core.main.TestCaseExecutor.execute(TestCaseExecutor.java:233)
	at com.kms.katalon.core.main.TestCaseMain.runTestCase(TestCaseMain.java:114)
	at com.kms.katalon.core.keyword.builtin.CallTestCaseKeyword$_callTestCase_closure1.doCall(CallTestCaseKeyword.groovy:59)
	... 20 more
Caused by: com.kms.katalon.core.exception.StepFailedException: Object Object Repository/Borrower/Borrower - Pekerjaan/Borrower_Pekerjaan_InpPekerjaan not found
	at com.kms.katalon.core.keyword.internal.KeywordMain.stepFailed(KeywordMain.groovy:50)
	at com.kms.katalon.core.mobile.keyword.internal.MobileKeywordMain.stepFailed(MobileKeywordMain.groovy:40)
	at com.kms.katalon.core.mobile.keyword.builtin.GetTextKeyword$_getText_closure1.doCall(GetTextKeyword.groovy:74)
	at com.kms.katalon.core.mobile.keyword.builtin.GetTextKeyword$_getText_closure1.call(GetTextKeyword.groovy)
	at com.kms.katalon.core.mobile.keyword.internal.MobileKeywordMain.runKeyword(MobileKeywordMain.groovy:21)
	at com.kms.katalon.core.mobile.keyword.builtin.GetTextKeyword.getText(GetTextKeyword.groovy:80)
	at com.kms.katalon.core.mobile.keyword.builtin.GetTextKeyword.execute(GetTextKeyword.groovy:64)
	at com.kms.katalon.core.keyword.internal.KeywordExecutor.executeKeywordForPlatform(KeywordExecutor.groovy:60)
	at com.kms.katalon.core.mobile.keyword.MobileBuiltInKeywords.getText(MobileBuiltInKeywords.groovy:458)
	at com.kms.katalon.core.mobile.keyword.MobileBuiltInKeywords$getText$13.call(Unknown Source)
	at TC_Borrower - Pekerjaan - MASTER FLOW.run(TC_Borrower - Pekerjaan - MASTER FLOW:16)
	at com.kms.katalon.core.main.ScriptEngine.run(ScriptEngine.java:194)
	at com.kms.katalon.core.main.ScriptEngine.runScriptAsRawText(ScriptEngine.java:119)
	at com.kms.katalon.core.main.TestCaseExecutor.runScript(TestCaseExecutor.java:337)
	at com.kms.katalon.core.main.TestCaseExecutor.doExecute(TestCaseExecutor.java:328)
	at com.kms.katalon.core.main.TestCaseExecutor.processExecutionPhase(TestCaseExecutor.java:307)
	at com.kms.katalon.core.main.TestCaseExecutor.accessMainPhase(TestCaseExecutor.java:299)
	at com.kms.katalon.core.main.TestCaseExecutor.execute(TestCaseExecutor.java:233)
	at com.kms.katalon.core.main.TestCaseMain.runTestCase(TestCaseMain.java:114)
	at com.kms.katalon.core.keyword.builtin.CallTestCaseKeyword$_callTestCase_closure1.doCall(CallTestCaseKeyword.groovy:59)
	... 36 more


2019-11-27 10:51:42 - [TEST_STEP][PASSED] - callTestCase(findTestCase("dynamic test case/open application"), [:], STOP_ON_FAILURE): Call Test Case 'Test Cases/dynamic test case/open application' successfully

2019-11-27 10:51:42 - [TEST_CASE][PASSED] - Test Cases/dynamic test case/open application: Test Cases/dynamic test case/open application

2019-11-27 10:51:42 - [TEST_STEP][PASSED] - appPath = relativeToAbsolutePath(apkname, getProjectDir()): null

2019-11-27 10:51:42 - [TEST_STEP][PASSED] - startApplication(appPath, false): Started app at: 'C:\Users\15420\git\ACCME-Dupcheck\AccMe.apk'

2019-11-27 10:51:42 - [MESSAGE][INFO] - User set preference: ['unicodeKeyboard', 'true']

2019-11-27 10:51:42 - [MESSAGE][INFO] - User set preference: ['resetKeyboard', 'true']

2019-11-27 10:51:42 - [MESSAGE][INFO] - User set preference: ['deviceId', '']

2019-11-27 10:52:14 - [MESSAGE][PASSED] - Started app at: 'C:\Users\15420\git\ACCME-Dupcheck\AccMe.apk'

2019-11-27 10:52:14 - [MESSAGE][PASSED] - Call Test Case 'Test Cases/dynamic test case/open application' successfully

2019-11-27 10:52:14 - [TEST_STEP][PASSED] - callTestCase(findTestCase("Data Entry/Simulasi Kredit/Simulasi Kredit/MASTER FLOW/TC_Simulasi Kredit - MASTER FLOW"), ["varBrand":varBrand, "varType":varType, "varModel":varModel, "varTahun":varTahun, "varTenor":varTenor, "varOTR":varOTR, "varRP":varRP, ... ], OPTIONAL): Call Test Case 'Test Cases/Data Entry/Simulasi Kredit/Simulasi Kredit/MASTER FLOW/TC_Simulasi Kredit - MASTER FLOW' successfully

2019-11-27 10:52:14 - [TEST_CASE][PASSED] - Test Cases/Data Entry/Simulasi Kredit/Simulasi Kredit/MASTER FLOW/TC_Simulasi Kredit - MASTER FLOW: Test Cases/Data Entry/Simulasi Kredit/Simulasi Kredit/MASTER FLOW/TC_Simulasi Kredit - MASTER FLOW

2019-11-27 10:52:14 - [TEST_STEP][PASSED] - waitForElementPresent(findTestObject("Simulasi Kredit/Simulasi Kredit - Simulasi Kredit/SimulasiKredit_Btn Simulasi Kredit"), 0): Element 'Object Repository/Simulasi Kredit/Simulasi Kredit - Simulasi Kredit/SimulasiKredit_Btn Simulasi Kredit' is present

2019-11-27 10:52:14 - [MESSAGE][WARNING] - Timeout '0' is invalid. Using default page load timeout: '30'

2019-11-27 10:52:25 - [MESSAGE][PASSED] - Element 'Object Repository/Simulasi Kredit/Simulasi Kredit - Simulasi Kredit/SimulasiKredit_Btn Simulasi Kredit' is present

2019-11-27 10:52:25 - [TEST_STEP][PASSED] - tap(findTestObject("Simulasi Kredit/Simulasi Kredit - Simulasi Kredit/SimulasiKredit_Btn Simulasi Kredit"), 0): Tapped on element 'Object Repository/Simulasi Kredit/Simulasi Kredit - Simulasi Kredit/SimulasiKredit_Btn Simulasi Kredit'

2019-11-27 10:52:25 - [MESSAGE][WARNING] - Timeout '0' is invalid. Using default page load timeout: '30'

2019-11-27 10:52:27 - [MESSAGE][PASSED] - Tapped on element 'Object Repository/Simulasi Kredit/Simulasi Kredit - Simulasi Kredit/SimulasiKredit_Btn Simulasi Kredit'

2019-11-27 10:52:27 - [TEST_STEP][PASSED] - if (varPembiayaan == "NewCar"): Tapped on element 'Object Repository/Simulasi Kredit/Simulasi Kredit - Simulasi Kredit/SimulasiKredit_new car'

2019-11-27 10:52:27 - [TEST_STEP][PASSED] - tap(findTestObject("Simulasi Kredit/Simulasi Kredit - Simulasi Kredit/SimulasiKredit_new car"), 0): Tapped on element 'Object Repository/Simulasi Kredit/Simulasi Kredit - Simulasi Kredit/SimulasiKredit_new car'

2019-11-27 10:52:27 - [MESSAGE][WARNING] - Timeout '0' is invalid. Using default page load timeout: '30'

2019-11-27 10:52:32 - [MESSAGE][PASSED] - Tapped on element 'Object Repository/Simulasi Kredit/Simulasi Kredit - Simulasi Kredit/SimulasiKredit_new car'

2019-11-27 10:52:32 - [TEST_STEP][PASSED] - if (varPembiayaan == "UsedCar"): null

2019-11-27 10:52:32 - [TEST_STEP][PASSED] - if (varTipepembiayaan == "syariah"): null

2019-11-27 10:52:32 - [TEST_STEP][PASSED] - if (varTipepembiayaan == "konvensional"): null

2019-11-27 10:52:32 - [TEST_STEP][PASSED] - if (varkodepaket == "ya"): null

2019-11-27 10:52:32 - [TEST_STEP][PASSED] - setText(findTestObject("Simulasi Kredit/Simulasi Kredit - Simulasi Kredit/SimulasiKredit_Inp Brand"), varBrand, 0): Text 'TOYOTA' has been set to element 'Object Repository/Simulasi Kredit/Simulasi Kredit - Simulasi Kredit/SimulasiKredit_Inp Brand'

2019-11-27 10:52:32 - [MESSAGE][WARNING] - Timeout '0' is invalid. Using default page load timeout: '30'

2019-11-27 10:52:33 - [MESSAGE][PASSED] - Text 'TOYOTA' has been set to element 'Object Repository/Simulasi Kredit/Simulasi Kredit - Simulasi Kredit/SimulasiKredit_Inp Brand'

2019-11-27 10:52:33 - [TEST_STEP][PASSED] - tap(findTestObject("Simulasi Kredit/Simulasi Kredit - Simulasi Kredit/SimulasiKredit_Inp Brand"), 0): Tapped on element 'Object Repository/Simulasi Kredit/Simulasi Kredit - Simulasi Kredit/SimulasiKredit_Inp Brand'

2019-11-27 10:52:33 - [MESSAGE][WARNING] - Timeout '0' is invalid. Using default page load timeout: '30'

2019-11-27 10:52:37 - [MESSAGE][PASSED] - Tapped on element 'Object Repository/Simulasi Kredit/Simulasi Kredit - Simulasi Kredit/SimulasiKredit_Inp Brand'

2019-11-27 10:52:37 - [TEST_STEP][PASSED] - tap(findTestObject("dynamic object/pickListItem_viewView", ["text":varBrand]), 0): Tapped on element 'Object Repository/dynamic object/pickListItem_viewView'

2019-11-27 10:52:37 - [MESSAGE][WARNING] - Timeout '0' is invalid. Using default page load timeout: '30'

2019-11-27 10:52:40 - [MESSAGE][PASSED] - Tapped on element 'Object Repository/dynamic object/pickListItem_viewView'

2019-11-27 10:52:40 - [TEST_STEP][PASSED] - tap(findTestObject("Simulasi Kredit/Simulasi Kredit - Simulasi Kredit/SimulasiKredit_Inp Type"), 0): Tapped on element 'Object Repository/Simulasi Kredit/Simulasi Kredit - Simulasi Kredit/SimulasiKredit_Inp Type'

2019-11-27 10:52:40 - [MESSAGE][WARNING] - Timeout '0' is invalid. Using default page load timeout: '30'

2019-11-27 10:52:43 - [MESSAGE][PASSED] - Tapped on element 'Object Repository/Simulasi Kredit/Simulasi Kredit - Simulasi Kredit/SimulasiKredit_Inp Type'

2019-11-27 10:52:43 - [TEST_STEP][PASSED] - setText(findTestObject("Simulasi Kredit/Simulasi Kredit - Simulasi Kredit/SimulasiKredit_Inp Type"), varType, 0): Text 'A09' has been set to element 'Object Repository/Simulasi Kredit/Simulasi Kredit - Simulasi Kredit/SimulasiKredit_Inp Type'

2019-11-27 10:52:43 - [MESSAGE][WARNING] - Timeout '0' is invalid. Using default page load timeout: '30'

2019-11-27 10:52:46 - [MESSAGE][PASSED] - Text 'A09' has been set to element 'Object Repository/Simulasi Kredit/Simulasi Kredit - Simulasi Kredit/SimulasiKredit_Inp Type'

2019-11-27 10:52:46 - [TEST_STEP][PASSED] - delay(3): Delayed 3 second(s)

2019-11-27 10:52:49 - [MESSAGE][PASSED] - Delayed 3 second(s)

2019-11-27 10:52:49 - [TEST_STEP][PASSED] - tap(findTestObject("Simulasi Kredit/Simulasi Kredit - Simulasi Kredit/SimulasiKredit_Inp Type"), 0): Tapped on element 'Object Repository/Simulasi Kredit/Simulasi Kredit - Simulasi Kredit/SimulasiKredit_Inp Type'

2019-11-27 10:52:50 - [MESSAGE][WARNING] - Timeout '0' is invalid. Using default page load timeout: '30'

2019-11-27 10:52:52 - [MESSAGE][PASSED] - Tapped on element 'Object Repository/Simulasi Kredit/Simulasi Kredit - Simulasi Kredit/SimulasiKredit_Inp Type'

2019-11-27 10:52:52 - [TEST_STEP][PASSED] - tap(findTestObject("Simulasi Kredit/Simulasi Kredit - Simulasi Kredit/SimulasiKredit_Inp Type LOV"), 0): Tapped on element 'Object Repository/Simulasi Kredit/Simulasi Kredit - Simulasi Kredit/SimulasiKredit_Inp Type LOV'

2019-11-27 10:52:52 - [MESSAGE][WARNING] - Timeout '0' is invalid. Using default page load timeout: '30'

2019-11-27 10:52:55 - [MESSAGE][PASSED] - Tapped on element 'Object Repository/Simulasi Kredit/Simulasi Kredit - Simulasi Kredit/SimulasiKredit_Inp Type LOV'

2019-11-27 10:52:55 - [TEST_STEP][PASSED] - mobile.mobileSwipe.UpDown(0.8, 0.5, 1000): mobile.mobileSwipe.UpDown is PASSED

2019-11-27 10:52:56 - [MESSAGE][PASSED] - Current device physical height is 2131

2019-11-27 10:52:56 - [MESSAGE][INFO] - Device Height : 2131

2019-11-27 10:52:57 - [MESSAGE][PASSED] - Current device physical width is 1080

2019-11-27 10:52:57 - [MESSAGE][INFO] - Device Width : 1080

2019-11-27 10:52:57 - [MESSAGE][INFO] - Swipe start at Height : 1704

2019-11-27 10:52:57 - [MESSAGE][INFO] - Swipe end at Height : 1065

2019-11-27 10:52:57 - [MESSAGE][INFO] - X Position : 1000

2019-11-27 10:52:59 - [MESSAGE][PASSED] - Swiped from 1,000,1,704 to 1,000,1,065

2019-11-27 10:52:59 - [MESSAGE][PASSED] - mobile.mobileSwipe.UpDown is PASSED

2019-11-27 10:52:59 - [TEST_STEP][PASSED] - tap(findTestObject("Simulasi Kredit/Simulasi Kredit - Simulasi Kredit/SimulasiKredit_Inp Model"), 0): Tapped on element 'Object Repository/Simulasi Kredit/Simulasi Kredit - Simulasi Kredit/SimulasiKredit_Inp Model'

2019-11-27 10:52:59 - [MESSAGE][WARNING] - Timeout '0' is invalid. Using default page load timeout: '30'

2019-11-27 10:53:01 - [MESSAGE][PASSED] - Tapped on element 'Object Repository/Simulasi Kredit/Simulasi Kredit - Simulasi Kredit/SimulasiKredit_Inp Model'

2019-11-27 10:53:01 - [TEST_STEP][PASSED] - scrollToText(varModel, STOP_ON_FAILURE): Scrolling to text 'T:1300 G M/T' successfully

2019-11-27 10:53:10 - [MESSAGE][PASSED] - Scrolling to text 'T:1300 G M/T' successfully

2019-11-27 10:53:10 - [TEST_STEP][PASSED] - tap(findTestObject("dynamic object/pickListItem_checkedTextView", ["text":varModel]), 0): Tapped on element 'Object Repository/dynamic object/pickListItem_checkedTextView'

2019-11-27 10:53:10 - [MESSAGE][WARNING] - Timeout '0' is invalid. Using default page load timeout: '30'

2019-11-27 10:53:12 - [MESSAGE][PASSED] - Tapped on element 'Object Repository/dynamic object/pickListItem_checkedTextView'

2019-11-27 10:53:12 - [TEST_STEP][PASSED] - tap(findTestObject("Simulasi Kredit/Simulasi Kredit - Simulasi Kredit/SimulasiKredit_Tahun"), 0): Tapped on element 'Object Repository/Simulasi Kredit/Simulasi Kredit - Simulasi Kredit/SimulasiKredit_Tahun'

2019-11-27 10:53:12 - [MESSAGE][WARNING] - Timeout '0' is invalid. Using default page load timeout: '30'

2019-11-27 10:53:14 - [MESSAGE][PASSED] - Tapped on element 'Object Repository/Simulasi Kredit/Simulasi Kredit - Simulasi Kredit/SimulasiKredit_Tahun'

2019-11-27 10:53:14 - [TEST_STEP][PASSED] - scrollToText(varTahun, STOP_ON_FAILURE): Scrolling to text '2018' successfully

2019-11-27 10:53:16 - [MESSAGE][PASSED] - Scrolling to text '2018' successfully

2019-11-27 10:53:16 - [TEST_STEP][PASSED] - tap(findTestObject("dynamic object/pickListItem_checkedTextView", ["text":varTahun]), 0): Tapped on element 'Object Repository/dynamic object/pickListItem_checkedTextView'

2019-11-27 10:53:16 - [MESSAGE][WARNING] - Timeout '0' is invalid. Using default page load timeout: '30'

2019-11-27 10:53:17 - [MESSAGE][PASSED] - Tapped on element 'Object Repository/dynamic object/pickListItem_checkedTextView'

2019-11-27 10:53:17 - [TEST_STEP][PASSED] - tap(findTestObject("Simulasi Kredit/Simulasi Kredit - Simulasi Kredit/SimulasiKredit_Tenor"), 0): Tapped on element 'Object Repository/Simulasi Kredit/Simulasi Kredit - Simulasi Kredit/SimulasiKredit_Tenor'

2019-11-27 10:53:18 - [MESSAGE][WARNING] - Timeout '0' is invalid. Using default page load timeout: '30'

2019-11-27 10:53:20 - [MESSAGE][PASSED] - Tapped on element 'Object Repository/Simulasi Kredit/Simulasi Kredit - Simulasi Kredit/SimulasiKredit_Tenor'

2019-11-27 10:53:20 - [TEST_STEP][PASSED] - tap(findTestObject("dynamic object/pickListItem_checkedTextView", ["text":varTenor]), 0): Tapped on element 'Object Repository/dynamic object/pickListItem_checkedTextView'

2019-11-27 10:53:20 - [MESSAGE][WARNING] - Timeout '0' is invalid. Using default page load timeout: '30'

2019-11-27 10:53:22 - [MESSAGE][PASSED] - Tapped on element 'Object Repository/dynamic object/pickListItem_checkedTextView'

2019-11-27 10:53:22 - [TEST_STEP][PASSED] - setText(findTestObject("Simulasi Kredit/Simulasi Kredit - Simulasi Kredit/SimulasiKredit_Inp OTR"), varOTR, 0): Text '129000000' has been set to element 'Object Repository/Simulasi Kredit/Simulasi Kredit - Simulasi Kredit/SimulasiKredit_Inp OTR'

2019-11-27 10:53:22 - [MESSAGE][WARNING] - Timeout '0' is invalid. Using default page load timeout: '30'

2019-11-27 10:53:24 - [MESSAGE][PASSED] - Text '129000000' has been set to element 'Object Repository/Simulasi Kredit/Simulasi Kredit - Simulasi Kredit/SimulasiKredit_Inp OTR'

2019-11-27 10:53:24 - [TEST_STEP][PASSED] - setText(findTestObject("Simulasi Kredit/Simulasi Kredit - Simulasi Kredit/SimulasiKredit_Inp RP"), varRP, 0): Text '32585500' has been set to element 'Object Repository/Simulasi Kredit/Simulasi Kredit - Simulasi Kredit/SimulasiKredit_Inp RP'

2019-11-27 10:53:24 - [MESSAGE][WARNING] - Timeout '0' is invalid. Using default page load timeout: '30'

2019-11-27 10:53:27 - [MESSAGE][PASSED] - Text '32585500' has been set to element 'Object Repository/Simulasi Kredit/Simulasi Kredit - Simulasi Kredit/SimulasiKredit_Inp RP'

2019-11-27 10:53:27 - [TEST_STEP][PASSED] - mobile.mobileSwipe.UpDown(0.5, 0.2, 1000): mobile.mobileSwipe.UpDown is PASSED

2019-11-27 10:53:28 - [MESSAGE][PASSED] - Current device physical height is 2131

2019-11-27 10:53:28 - [MESSAGE][INFO] - Device Height : 2131

2019-11-27 10:53:29 - [MESSAGE][PASSED] - Current device physical width is 1080

2019-11-27 10:53:29 - [MESSAGE][INFO] - Device Width : 1080

2019-11-27 10:53:29 - [MESSAGE][INFO] - Swipe start at Height : 1065

2019-11-27 10:53:29 - [MESSAGE][INFO] - Swipe end at Height : 426

2019-11-27 10:53:29 - [MESSAGE][INFO] - X Position : 1000

2019-11-27 10:53:32 - [MESSAGE][PASSED] - Swiped from 1,000,1,065 to 1,000,426

2019-11-27 10:53:32 - [MESSAGE][PASSED] - mobile.mobileSwipe.UpDown is PASSED

2019-11-27 10:53:32 - [TEST_STEP][PASSED] - setText(findTestObject("Simulasi Kredit/Simulasi Kredit - Simulasi Kredit/SimulasiKredit_Inp Dealer"), varDealer, 0): Text 'ABDUL QODIR J. H' has been set to element 'Object Repository/Simulasi Kredit/Simulasi Kredit - Simulasi Kredit/SimulasiKredit_Inp Dealer'

2019-11-27 10:53:32 - [MESSAGE][WARNING] - Timeout '0' is invalid. Using default page load timeout: '30'

2019-11-27 10:53:33 - [MESSAGE][PASSED] - Text 'ABDUL QODIR J. H' has been set to element 'Object Repository/Simulasi Kredit/Simulasi Kredit - Simulasi Kredit/SimulasiKredit_Inp Dealer'

2019-11-27 10:53:33 - [TEST_STEP][PASSED] - tap(findTestObject("Simulasi Kredit/Simulasi Kredit - Simulasi Kredit/SimulasiKredit_Inp Dealer"), 0): Tapped on element 'Object Repository/Simulasi Kredit/Simulasi Kredit - Simulasi Kredit/SimulasiKredit_Inp Dealer'

2019-11-27 10:53:33 - [MESSAGE][WARNING] - Timeout '0' is invalid. Using default page load timeout: '30'

2019-11-27 10:53:37 - [MESSAGE][PASSED] - Tapped on element 'Object Repository/Simulasi Kredit/Simulasi Kredit - Simulasi Kredit/SimulasiKredit_Inp Dealer'

2019-11-27 10:53:37 - [TEST_STEP][PASSED] - clearText(findTestObject("Simulasi Kredit/Simulasi Kredit - Simulasi Kredit/SimulasiKredit_Inp Dealer"), 0): Element 'Object Repository/Simulasi Kredit/Simulasi Kredit - Simulasi Kredit/SimulasiKredit_Inp Dealer' text is cleared

2019-11-27 10:53:38 - [MESSAGE][WARNING] - Timeout '0' is invalid. Using default page load timeout: '30'

2019-11-27 10:53:39 - [MESSAGE][PASSED] - Element 'Object Repository/Simulasi Kredit/Simulasi Kredit - Simulasi Kredit/SimulasiKredit_Inp Dealer' text is cleared

2019-11-27 10:53:39 - [TEST_STEP][PASSED] - setText(findTestObject("Simulasi Kredit/Simulasi Kredit - Simulasi Kredit/SimulasiKredit_Inp Dealer"), varDealer, 0): Text 'ABDUL QODIR J. H' has been set to element 'Object Repository/Simulasi Kredit/Simulasi Kredit - Simulasi Kredit/SimulasiKredit_Inp Dealer'

2019-11-27 10:53:39 - [MESSAGE][WARNING] - Timeout '0' is invalid. Using default page load timeout: '30'

2019-11-27 10:53:41 - [MESSAGE][PASSED] - Text 'ABDUL QODIR J. H' has been set to element 'Object Repository/Simulasi Kredit/Simulasi Kredit - Simulasi Kredit/SimulasiKredit_Inp Dealer'

2019-11-27 10:53:41 - [TEST_STEP][PASSED] - delay(4, STOP_ON_FAILURE): Delayed 4 second(s)

2019-11-27 10:53:45 - [MESSAGE][PASSED] - Delayed 4 second(s)

2019-11-27 10:53:45 - [TEST_STEP][PASSED] - tap(findTestObject("Simulasi Kredit/Simulasi Kredit - Simulasi Kredit/SimulasiKredit_LOV Dealer"), 0): Tapped on element 'Object Repository/Simulasi Kredit/Simulasi Kredit - Simulasi Kredit/SimulasiKredit_LOV Dealer'

2019-11-27 10:53:46 - [MESSAGE][WARNING] - Timeout '0' is invalid. Using default page load timeout: '30'

2019-11-27 10:53:48 - [MESSAGE][PASSED] - Tapped on element 'Object Repository/Simulasi Kredit/Simulasi Kredit - Simulasi Kredit/SimulasiKredit_LOV Dealer'

2019-11-27 10:53:48 - [TEST_STEP][PASSED] - setText(findTestObject("Simulasi Kredit/Simulasi Kredit - Simulasi Kredit/SimulasiKredit_Inp Sales Dealer"), varSales, 0): Text 'ABDUL QODIR' has been set to element 'Object Repository/Simulasi Kredit/Simulasi Kredit - Simulasi Kredit/SimulasiKredit_Inp Sales Dealer'

2019-11-27 10:53:48 - [MESSAGE][WARNING] - Timeout '0' is invalid. Using default page load timeout: '30'

2019-11-27 10:53:51 - [MESSAGE][PASSED] - Text 'ABDUL QODIR' has been set to element 'Object Repository/Simulasi Kredit/Simulasi Kredit - Simulasi Kredit/SimulasiKredit_Inp Sales Dealer'

2019-11-27 10:53:51 - [TEST_STEP][PASSED] - tap(findTestObject("Simulasi Kredit/Simulasi Kredit - Simulasi Kredit/SimulasiKredit_Inp Sales Dealer"), 0): Tapped on element 'Object Repository/Simulasi Kredit/Simulasi Kredit - Simulasi Kredit/SimulasiKredit_Inp Sales Dealer'

2019-11-27 10:53:51 - [MESSAGE][WARNING] - Timeout '0' is invalid. Using default page load timeout: '30'

2019-11-27 10:53:53 - [MESSAGE][PASSED] - Tapped on element 'Object Repository/Simulasi Kredit/Simulasi Kredit - Simulasi Kredit/SimulasiKredit_Inp Sales Dealer'

2019-11-27 10:53:53 - [TEST_STEP][PASSED] - tap(findTestObject("Simulasi Kredit/Simulasi Kredit - Simulasi Kredit/SimulasiKredit_LOV Sales Dealer"), 0): Tapped on element 'Object Repository/Simulasi Kredit/Simulasi Kredit - Simulasi Kredit/SimulasiKredit_LOV Sales Dealer'

2019-11-27 10:53:53 - [MESSAGE][WARNING] - Timeout '0' is invalid. Using default page load timeout: '30'

2019-11-27 10:53:56 - [MESSAGE][PASSED] - Tapped on element 'Object Repository/Simulasi Kredit/Simulasi Kredit - Simulasi Kredit/SimulasiKredit_LOV Sales Dealer'

2019-11-27 10:53:56 - [TEST_STEP][PASSED] - tap(findTestObject("Simulasi Kredit/Simulasi Kredit - Simulasi Kredit/SimulasiKredit_Btn Hitung"), 0): Tapped on element 'Object Repository/Simulasi Kredit/Simulasi Kredit - Simulasi Kredit/SimulasiKredit_Btn Hitung'

2019-11-27 10:53:56 - [MESSAGE][WARNING] - Timeout '0' is invalid. Using default page load timeout: '30'

2019-11-27 10:54:00 - [MESSAGE][PASSED] - Tapped on element 'Object Repository/Simulasi Kredit/Simulasi Kredit - Simulasi Kredit/SimulasiKredit_Btn Hitung'

2019-11-27 10:54:00 - [TEST_STEP][PASSED] - delay(20, STOP_ON_FAILURE): Delayed 20 second(s)

2019-11-27 10:54:20 - [MESSAGE][PASSED] - Delayed 20 second(s)

2019-11-27 10:54:20 - [TEST_STEP][PASSED] - tap(findTestObject("Simulasi Kredit/Simulasi Kredit - Simulasi Kredit/SimulasiKredit_Btn Berikutnya"), 0): Tapped on element 'Object Repository/Simulasi Kredit/Simulasi Kredit - Simulasi Kredit/SimulasiKredit_Btn Berikutnya'

2019-11-27 10:54:20 - [MESSAGE][WARNING] - Timeout '0' is invalid. Using default page load timeout: '30'

2019-11-27 10:54:22 - [MESSAGE][PASSED] - Tapped on element 'Object Repository/Simulasi Kredit/Simulasi Kredit - Simulasi Kredit/SimulasiKredit_Btn Berikutnya'

2019-11-27 10:54:22 - [TEST_STEP][PASSED] - delay(1, STOP_ON_FAILURE): Delayed 1 second(s)

2019-11-27 10:54:23 - [MESSAGE][PASSED] - Delayed 1 second(s)

2019-11-27 10:54:23 - [TEST_STEP][PASSED] - waitForElementPresent(findTestObject("Simulasi Kredit/Simulasi Kredit - Asuransi/Asuransi_Nama Asuransi"), 0): Element 'Object Repository/Simulasi Kredit/Simulasi Kredit - Asuransi/Asuransi_Nama Asuransi' is present

2019-11-27 10:54:23 - [MESSAGE][WARNING] - Timeout '0' is invalid. Using default page load timeout: '30'

2019-11-27 10:54:25 - [MESSAGE][PASSED] - Element 'Object Repository/Simulasi Kredit/Simulasi Kredit - Asuransi/Asuransi_Nama Asuransi' is present

2019-11-27 10:54:25 - [MESSAGE][PASSED] - Call Test Case 'Test Cases/Data Entry/Simulasi Kredit/Simulasi Kredit/MASTER FLOW/TC_Simulasi Kredit - MASTER FLOW' successfully

2019-11-27 10:54:25 - [TEST_STEP][PASSED] - callTestCase(findTestCase("Data Entry/Simulasi Kredit/Simulasi Kredit - Asuransi/MASTER FLOW/TC_Asuransi - MASTER FLOW"), ["varAsuransi":varAsuransi, "varKodeWilayah":varKodeWilayah], STOP_ON_FAILURE): Call Test Case 'Test Cases/Data Entry/Simulasi Kredit/Simulasi Kredit - Asuransi/MASTER FLOW/TC_Asuransi - MASTER FLOW' successfully

2019-11-27 10:54:25 - [TEST_CASE][PASSED] - Test Cases/Data Entry/Simulasi Kredit/Simulasi Kredit - Asuransi/MASTER FLOW/TC_Asuransi - MASTER FLOW: Test Cases/Data Entry/Simulasi Kredit/Simulasi Kredit - Asuransi/MASTER FLOW/TC_Asuransi - MASTER FLOW

2019-11-27 10:54:25 - [TEST_STEP][PASSED] - delay(2, STOP_ON_FAILURE): Delayed 2 second(s)

2019-11-27 10:54:27 - [MESSAGE][PASSED] - Delayed 2 second(s)

2019-11-27 10:54:27 - [TEST_STEP][PASSED] - tap(findTestObject("Simulasi Kredit/Simulasi Kredit - Asuransi/Asuransi_Nama Asuransi"), 0): Tapped on element 'Object Repository/Simulasi Kredit/Simulasi Kredit - Asuransi/Asuransi_Nama Asuransi'

2019-11-27 10:54:27 - [MESSAGE][WARNING] - Timeout '0' is invalid. Using default page load timeout: '30'

2019-11-27 10:54:29 - [MESSAGE][PASSED] - Tapped on element 'Object Repository/Simulasi Kredit/Simulasi Kredit - Asuransi/Asuransi_Nama Asuransi'

2019-11-27 10:54:29 - [TEST_STEP][PASSED] - setText(findTestObject("Simulasi Kredit/Simulasi Kredit - Asuransi/Asuransi_Nama Asuransi"), varAsuransi, 0): Text 'PT AAB REGULER OJK 2017(305001)' has been set to element 'Object Repository/Simulasi Kredit/Simulasi Kredit - Asuransi/Asuransi_Nama Asuransi'

2019-11-27 10:54:29 - [MESSAGE][WARNING] - Timeout '0' is invalid. Using default page load timeout: '30'

2019-11-27 10:54:33 - [MESSAGE][PASSED] - Text 'PT AAB REGULER OJK 2017(305001)' has been set to element 'Object Repository/Simulasi Kredit/Simulasi Kredit - Asuransi/Asuransi_Nama Asuransi'

2019-11-27 10:54:33 - [TEST_STEP][PASSED] - tap(findTestObject("Simulasi Kredit/Simulasi Kredit - Asuransi/Asuransi_LOV Nama Asuransi"), 0): Tapped on element 'Object Repository/Simulasi Kredit/Simulasi Kredit - Asuransi/Asuransi_LOV Nama Asuransi'

2019-11-27 10:54:33 - [MESSAGE][WARNING] - Timeout '0' is invalid. Using default page load timeout: '30'

2019-11-27 10:54:37 - [MESSAGE][PASSED] - Tapped on element 'Object Repository/Simulasi Kredit/Simulasi Kredit - Asuransi/Asuransi_LOV Nama Asuransi'

2019-11-27 10:54:37 - [TEST_STEP][PASSED] - delay(1, STOP_ON_FAILURE): Delayed 1 second(s)

2019-11-27 10:54:38 - [MESSAGE][PASSED] - Delayed 1 second(s)

2019-11-27 10:54:38 - [TEST_STEP][PASSED] - tap(findTestObject("Simulasi Kredit/Simulasi Kredit - Asuransi/Asuransi_KDWilayah"), 0): Tapped on element 'Object Repository/Simulasi Kredit/Simulasi Kredit - Asuransi/Asuransi_KDWilayah'

2019-11-27 10:54:38 - [MESSAGE][WARNING] - Timeout '0' is invalid. Using default page load timeout: '30'

2019-11-27 10:54:40 - [MESSAGE][PASSED] - Tapped on element 'Object Repository/Simulasi Kredit/Simulasi Kredit - Asuransi/Asuransi_KDWilayah'

2019-11-27 10:54:40 - [TEST_STEP][PASSED] - tap(findTestObject("dynamic object/pickListItem_checkedTextView", ["text":varKodeWilayah]), 0): Tapped on element 'Object Repository/dynamic object/pickListItem_checkedTextView'

2019-11-27 10:54:40 - [MESSAGE][WARNING] - Timeout '0' is invalid. Using default page load timeout: '30'

2019-11-27 10:54:41 - [MESSAGE][PASSED] - Tapped on element 'Object Repository/dynamic object/pickListItem_checkedTextView'

2019-11-27 10:54:41 - [TEST_STEP][PASSED] - tap(findTestObject("Simulasi Kredit/Simulasi Kredit - Asuransi/asuransi_BtnARPlus"), 0): Tapped on element 'Object Repository/Simulasi Kredit/Simulasi Kredit - Asuransi/asuransi_BtnARPlus'

2019-11-27 10:54:41 - [MESSAGE][WARNING] - Timeout '0' is invalid. Using default page load timeout: '30'

2019-11-27 10:54:43 - [MESSAGE][PASSED] - Tapped on element 'Object Repository/Simulasi Kredit/Simulasi Kredit - Asuransi/asuransi_BtnARPlus'

2019-11-27 10:54:43 - [TEST_STEP][PASSED] - tap(findTestObject("Simulasi Kredit/Simulasi Kredit - Asuransi/asuransi_BtnCashPlus"), 0): Tapped on element 'Object Repository/Simulasi Kredit/Simulasi Kredit - Asuransi/asuransi_BtnCashPlus'

2019-11-27 10:54:43 - [MESSAGE][WARNING] - Timeout '0' is invalid. Using default page load timeout: '30'

2019-11-27 10:54:45 - [MESSAGE][PASSED] - Tapped on element 'Object Repository/Simulasi Kredit/Simulasi Kredit - Asuransi/asuransi_BtnCashPlus'

2019-11-27 10:54:45 - [TEST_STEP][PASSED] - delay(2, STOP_ON_FAILURE): Delayed 2 second(s)

2019-11-27 10:54:47 - [MESSAGE][PASSED] - Delayed 2 second(s)

2019-11-27 10:54:47 - [TEST_STEP][PASSED] - tap(findTestObject("Simulasi Kredit/Simulasi Kredit - Asuransi/Asuransi_Hitung"), 0): Tapped on element 'Object Repository/Simulasi Kredit/Simulasi Kredit - Asuransi/Asuransi_Hitung'

2019-11-27 10:54:47 - [MESSAGE][WARNING] - Timeout '0' is invalid. Using default page load timeout: '30'

2019-11-27 10:54:50 - [MESSAGE][PASSED] - Tapped on element 'Object Repository/Simulasi Kredit/Simulasi Kredit - Asuransi/Asuransi_Hitung'

2019-11-27 10:54:50 - [TEST_STEP][PASSED] - delay(30, STOP_ON_FAILURE): Delayed 30 second(s)

2019-11-27 10:55:20 - [MESSAGE][PASSED] - Delayed 30 second(s)

2019-11-27 10:55:20 - [TEST_STEP][PASSED] - tap(findTestObject("Simulasi Kredit/Simulasi Kredit - Asuransi/Asuransi_Berikutnya"), 0): Tapped on element 'Object Repository/Simulasi Kredit/Simulasi Kredit - Asuransi/Asuransi_Berikutnya'

2019-11-27 10:55:20 - [MESSAGE][WARNING] - Timeout '0' is invalid. Using default page load timeout: '30'

2019-11-27 10:55:24 - [MESSAGE][PASSED] - Tapped on element 'Object Repository/Simulasi Kredit/Simulasi Kredit - Asuransi/Asuransi_Berikutnya'

2019-11-27 10:55:24 - [MESSAGE][PASSED] - Call Test Case 'Test Cases/Data Entry/Simulasi Kredit/Simulasi Kredit - Asuransi/MASTER FLOW/TC_Asuransi - MASTER FLOW' successfully

2019-11-27 10:55:24 - [TEST_STEP][PASSED] - callTestCase(findTestCase("Data Entry/Simulasi Kredit/Kategori Loan/MASTER FLOW/TC_Kategori Loan - Master FLOW"), ["varOpsiNPWP":varOpsiNPWP], STOP_ON_FAILURE): Call Test Case 'Test Cases/Data Entry/Simulasi Kredit/Kategori Loan/MASTER FLOW/TC_Kategori Loan - Master FLOW' successfully

2019-11-27 10:55:24 - [TEST_CASE][PASSED] - Test Cases/Data Entry/Simulasi Kredit/Kategori Loan/MASTER FLOW/TC_Kategori Loan - Master FLOW: Test Cases/Data Entry/Simulasi Kredit/Kategori Loan/MASTER FLOW/TC_Kategori Loan - Master FLOW

2019-11-27 10:55:24 - [TEST_STEP][PASSED] - switch (varOpsiNPWP.toString()): null

2019-11-27 10:55:24 - [TEST_STEP][PASSED] - case "Approval":: null

2019-11-27 10:55:24 - [TEST_STEP][PASSED] - tap(findTestObject("Simulasi Kredit/Simulasi Kredit - Kategori Loan/KategoriLoan_Opsi NPWP Approval"), 0): Tapped on element 'Object Repository/Simulasi Kredit/Simulasi Kredit - Kategori Loan/KategoriLoan_Opsi NPWP Approval'

2019-11-27 10:55:24 - [MESSAGE][WARNING] - Timeout '0' is invalid. Using default page load timeout: '30'

2019-11-27 10:55:26 - [MESSAGE][PASSED] - Tapped on element 'Object Repository/Simulasi Kredit/Simulasi Kredit - Kategori Loan/KategoriLoan_Opsi NPWP Approval'

2019-11-27 10:55:26 - [TEST_STEP][PASSED] - break: null

2019-11-27 10:55:26 - [TEST_STEP][PASSED] - delay(2, STOP_ON_FAILURE): Delayed 2 second(s)

2019-11-27 10:55:28 - [MESSAGE][PASSED] - Delayed 2 second(s)

2019-11-27 10:55:28 - [TEST_STEP][PASSED] - tap(findTestObject("Simulasi Kredit/Simulasi Kredit - Kategori Loan/KategoriLoan_Berikutnya"), 0): Tapped on element 'Object Repository/Simulasi Kredit/Simulasi Kredit - Kategori Loan/KategoriLoan_Berikutnya'

2019-11-27 10:55:28 - [MESSAGE][WARNING] - Timeout '0' is invalid. Using default page load timeout: '30'

2019-11-27 10:55:30 - [MESSAGE][PASSED] - Tapped on element 'Object Repository/Simulasi Kredit/Simulasi Kredit - Kategori Loan/KategoriLoan_Berikutnya'

2019-11-27 10:55:30 - [MESSAGE][PASSED] - Call Test Case 'Test Cases/Data Entry/Simulasi Kredit/Kategori Loan/MASTER FLOW/TC_Kategori Loan - Master FLOW' successfully

2019-11-27 10:55:30 - [TEST_STEP][PASSED] - callTestCase(findTestCase("Data Entry/Simulasi Kredit/Loan Detail/MASTER FLOW/TC_Loan Detail - MASTER FLOW"), [:], STOP_ON_FAILURE): Call Test Case 'Test Cases/Data Entry/Simulasi Kredit/Loan Detail/MASTER FLOW/TC_Loan Detail - MASTER FLOW' successfully

2019-11-27 10:55:30 - [TEST_CASE][PASSED] - Test Cases/Data Entry/Simulasi Kredit/Loan Detail/MASTER FLOW/TC_Loan Detail - MASTER FLOW: Test Cases/Data Entry/Simulasi Kredit/Loan Detail/MASTER FLOW/TC_Loan Detail - MASTER FLOW

2019-11-27 10:55:30 - [TEST_STEP][PASSED] - mobile.mobileSwipe.RightLeft(0.9, 0.5, 600): mobile.mobileSwipe.RightLeft is PASSED

2019-11-27 10:55:31 - [MESSAGE][PASSED] - Current device physical width is 1080

2019-11-27 10:55:32 - [MESSAGE][PASSED] - Current device physical height is 2131

2019-11-27 10:55:32 - [MESSAGE][INFO] - Device Height : 2131

2019-11-27 10:55:32 - [MESSAGE][INFO] - Device Width : 1080

2019-11-27 10:55:32 - [MESSAGE][INFO] - Swipe start at Width : 971

2019-11-27 10:55:32 - [MESSAGE][INFO] - Swipe end at Witdh : 540

2019-11-27 10:55:32 - [MESSAGE][INFO] - Y Position : 600

2019-11-27 10:55:34 - [MESSAGE][PASSED] - Swiped from 971,600 to 540,600

2019-11-27 10:55:34 - [MESSAGE][PASSED] - mobile.mobileSwipe.RightLeft is PASSED

2019-11-27 10:55:34 - [TEST_STEP][PASSED] - delay(3, STOP_ON_FAILURE): Delayed 3 second(s)

2019-11-27 10:55:37 - [MESSAGE][PASSED] - Delayed 3 second(s)

2019-11-27 10:55:37 - [TEST_STEP][PASSED] - mobile.mobileSwipe.UpDown(0.8, 0.4, 1000): mobile.mobileSwipe.UpDown is PASSED

2019-11-27 10:55:38 - [MESSAGE][PASSED] - Current device physical height is 2131

2019-11-27 10:55:38 - [MESSAGE][INFO] - Device Height : 2131

2019-11-27 10:55:39 - [MESSAGE][PASSED] - Current device physical width is 1080

2019-11-27 10:55:39 - [MESSAGE][INFO] - Device Width : 1080

2019-11-27 10:55:39 - [MESSAGE][INFO] - Swipe start at Height : 1704

2019-11-27 10:55:39 - [MESSAGE][INFO] - Swipe end at Height : 852

2019-11-27 10:55:39 - [MESSAGE][INFO] - X Position : 1000

2019-11-27 10:55:41 - [MESSAGE][PASSED] - Swiped from 1,000,1,704 to 1,000,852

2019-11-27 10:55:41 - [MESSAGE][PASSED] - mobile.mobileSwipe.UpDown is PASSED

2019-11-27 10:55:41 - [TEST_STEP][PASSED] - delay(7, STOP_ON_FAILURE): Delayed 7 second(s)

2019-11-27 10:55:48 - [MESSAGE][PASSED] - Delayed 7 second(s)

2019-11-27 10:55:48 - [TEST_STEP][PASSED] - tap(findTestObject("Simulasi Kredit/Simulasi Kredit - Loan Detail/LoanDetail_Hitung"), 0): Tapped on element 'Object Repository/Simulasi Kredit/Simulasi Kredit - Loan Detail/LoanDetail_Hitung'

2019-11-27 10:55:48 - [MESSAGE][WARNING] - Timeout '0' is invalid. Using default page load timeout: '30'

2019-11-27 10:55:51 - [MESSAGE][PASSED] - Tapped on element 'Object Repository/Simulasi Kredit/Simulasi Kredit - Loan Detail/LoanDetail_Hitung'

2019-11-27 10:55:51 - [TEST_STEP][PASSED] - delay(30, STOP_ON_FAILURE): Delayed 30 second(s)

2019-11-27 10:56:21 - [MESSAGE][PASSED] - Delayed 30 second(s)

2019-11-27 10:56:21 - [TEST_STEP][PASSED] - tap(findTestObject("Simulasi Kredit/Simulasi Kredit - Loan Detail/LoanDetail_Berikutnya"), 0): Tapped on element 'Object Repository/Simulasi Kredit/Simulasi Kredit - Loan Detail/LoanDetail_Berikutnya'

2019-11-27 10:56:21 - [MESSAGE][WARNING] - Timeout '0' is invalid. Using default page load timeout: '30'

2019-11-27 10:56:24 - [MESSAGE][PASSED] - Tapped on element 'Object Repository/Simulasi Kredit/Simulasi Kredit - Loan Detail/LoanDetail_Berikutnya'

2019-11-27 10:56:24 - [TEST_STEP][PASSED] - delay(10, STOP_ON_FAILURE): Delayed 10 second(s)

2019-11-27 10:56:34 - [MESSAGE][PASSED] - Delayed 10 second(s)

2019-11-27 10:56:34 - [TEST_STEP][PASSED] - tap(findTestObject("Simulasi Kredit/Simulasi Kredit - Loan Detail/LoanDetail_Berikutnya"), 0): Tapped on element 'Object Repository/Simulasi Kredit/Simulasi Kredit - Loan Detail/LoanDetail_Berikutnya'

2019-11-27 10:56:34 - [MESSAGE][WARNING] - Timeout '0' is invalid. Using default page load timeout: '30'

2019-11-27 10:56:35 - [MESSAGE][PASSED] - Tapped on element 'Object Repository/Simulasi Kredit/Simulasi Kredit - Loan Detail/LoanDetail_Berikutnya'

2019-11-27 10:56:35 - [TEST_STEP][PASSED] - delay(10, STOP_ON_FAILURE): Delayed 10 second(s)

2019-11-27 10:56:45 - [MESSAGE][PASSED] - Delayed 10 second(s)

2019-11-27 10:56:45 - [MESSAGE][PASSED] - Call Test Case 'Test Cases/Data Entry/Simulasi Kredit/Loan Detail/MASTER FLOW/TC_Loan Detail - MASTER FLOW' successfully

2019-11-27 10:56:45 - [TEST_STEP][PASSED] - callTestCase(findTestCase("Data Entry/Upload Document/Borrower/MASTER FLOW/TC_Upload Document - borrower - MASTER FLOW"), ["Borrower_varKTP":Borrower_varKTP], STOP_ON_FAILURE): Call Test Case 'Test Cases/Data Entry/Upload Document/Borrower/MASTER FLOW/TC_Upload Document - borrower - MASTER FLOW' successfully

2019-11-27 10:56:45 - [TEST_CASE][PASSED] - Test Cases/Data Entry/Upload Document/Borrower/MASTER FLOW/TC_Upload Document - borrower - MASTER FLOW: Test Cases/Data Entry/Upload Document/Borrower/MASTER FLOW/TC_Upload Document - borrower - MASTER FLOW

2019-11-27 10:56:45 - [TEST_STEP][PASSED] - tap(findTestObject("Upload Document/Upload Document - Item Upload/UnggahDokumen_BtnKTP"), 0): Tapped on element 'Object Repository/Upload Document/Upload Document - Item Upload/UnggahDokumen_BtnKTP'

2019-11-27 10:56:45 - [MESSAGE][WARNING] - Timeout '0' is invalid. Using default page load timeout: '30'

2019-11-27 10:56:48 - [MESSAGE][PASSED] - Tapped on element 'Object Repository/Upload Document/Upload Document - Item Upload/UnggahDokumen_BtnKTP'

2019-11-27 10:56:48 - [TEST_STEP][PASSED] - if (verifyElementVisible(findTestObject("Upload Document/Upload Document - Item Upload/UnggahDokumen_BtnGallery"), 3, OPTIONAL)): Element 'Object Repository/Upload Document/Upload Document - Item Upload/UnggahDokumen_BtnGallery' not found

2019-11-27 10:56:53 - [MESSAGE][WARNING] - Element 'Object Repository/Upload Document/Upload Document - Item Upload/UnggahDokumen_BtnGallery' not found
[[ATTACHMENT|C:\\Users\\15420\\git\\ACCME-Dupcheck\\Reports\\20191127_103728\\data entry dupcek\\20191127_103728\\1574827011672.png]]

2019-11-27 10:56:53 - [TEST_STEP][PASSED] - else: Tapped on element 'Object Repository/Upload Document/android.view.View168 -  Gallery'

2019-11-27 10:56:53 - [TEST_STEP][PASSED] - tap(findTestObject("Upload Document/android.view.View168 -  Gallery"), 0): Tapped on element 'Object Repository/Upload Document/android.view.View168 -  Gallery'

2019-11-27 10:56:53 - [MESSAGE][WARNING] - Timeout '0' is invalid. Using default page load timeout: '30'

2019-11-27 10:56:56 - [MESSAGE][PASSED] - Tapped on element 'Object Repository/Upload Document/android.view.View168 -  Gallery'

2019-11-27 10:56:56 - [TEST_STEP][PASSED] - scrollToText(Borrower_varKTP, STOP_ON_FAILURE): Scrolling to text 'abc.jpg' successfully

2019-11-27 10:56:57 - [MESSAGE][PASSED] - Scrolling to text 'abc.jpg' successfully

2019-11-27 10:56:57 - [TEST_STEP][PASSED] - tap(findTestObject("dynamic object/pickListItem_TextView", ["text":Borrower_varKTP]), 0): Tapped on element 'Object Repository/dynamic object/pickListItem_TextView'

2019-11-27 10:56:57 - [MESSAGE][WARNING] - Timeout '0' is invalid. Using default page load timeout: '30'

2019-11-27 10:56:59 - [MESSAGE][PASSED] - Tapped on element 'Object Repository/dynamic object/pickListItem_TextView'

2019-11-27 10:56:59 - [TEST_STEP][PASSED] - delay(10, STOP_ON_FAILURE): Delayed 10 second(s)

2019-11-27 10:57:09 - [MESSAGE][PASSED] - Delayed 10 second(s)

2019-11-27 10:57:09 - [MESSAGE][PASSED] - Call Test Case 'Test Cases/Data Entry/Upload Document/Borrower/MASTER FLOW/TC_Upload Document - borrower - MASTER FLOW' successfully

2019-11-27 10:57:09 - [TEST_STEP][PASSED] - tap(findTestObject("dynamic object/BtnBerikutnya"), 0): Tapped on element 'Object Repository/dynamic object/BtnBerikutnya'

2019-11-27 10:57:09 - [MESSAGE][WARNING] - Timeout '0' is invalid. Using default page load timeout: '30'

2019-11-27 10:57:12 - [MESSAGE][PASSED] - Tapped on element 'Object Repository/dynamic object/BtnBerikutnya'

2019-11-27 10:57:12 - [TEST_STEP][PASSED] - delay(30, STOP_ON_FAILURE): Delayed 30 second(s)

2019-11-27 10:57:42 - [MESSAGE][PASSED] - Delayed 30 second(s)

2019-11-27 10:57:42 - [TEST_STEP][FAILED] - callTestCase(findTestCase("Data Entry/Borrower/Flow Borrower"), ["BIvarNoKTP":BIvarNoKTP, "BIvarAgama":BIvarAgama, "BIvarStatusPerkawinan":BIvarStatusPerkawinan, "BEvarRT":BEvarRT, "BEvarRW":BEvarRW, ... ], STOP_ON_FAILURE): Unable to call Test Case 'Test Cases/Data Entry/Borrower/Flow Borrower' (Root cause: com.kms.katalon.core.exception.StepFailedException: Call Test Case 'Test Cases/Data Entry/Borrower/Flow Borrower' failed
	at com.kms.katalon.core.keyword.builtin.CallTestCaseKeyword$_callTestCase_closure1.doCall(CallTestCaseKeyword.groovy:63)
	at com.kms.katalon.core.keyword.builtin.CallTestCaseKeyword$_callTestCase_closure1.call(CallTestCaseKeyword.groovy)
	at com.kms.katalon.core.keyword.internal.KeywordMain.runKeyword(KeywordMain.groovy:68)
	at com.kms.katalon.core.keyword.builtin.CallTestCaseKeyword.callTestCase(CallTestCaseKeyword.groovy:81)
	at com.kms.katalon.core.keyword.builtin.CallTestCaseKeyword.execute(CallTestCaseKeyword.groovy:44)
	at com.kms.katalon.core.keyword.internal.KeywordExecutor.executeKeywordForPlatform(KeywordExecutor.groovy:60)
	at com.kms.katalon.core.keyword.BuiltinKeywords.callTestCase(BuiltinKeywords.groovy:334)
	at TC_Data Entry.run(TC_Data Entry:42)
	at com.kms.katalon.core.main.ScriptEngine.run(ScriptEngine.java:194)
	at com.kms.katalon.core.main.ScriptEngine.runScriptAsRawText(ScriptEngine.java:119)
	at com.kms.katalon.core.main.TestCaseExecutor.runScript(TestCaseExecutor.java:337)
	at com.kms.katalon.core.main.TestCaseExecutor.doExecute(TestCaseExecutor.java:328)
	at com.kms.katalon.core.main.TestCaseExecutor.processExecutionPhase(TestCaseExecutor.java:307)
	at com.kms.katalon.core.main.TestCaseExecutor.accessMainPhase(TestCaseExecutor.java:299)
	at com.kms.katalon.core.main.TestCaseExecutor.execute(TestCaseExecutor.java:233)
	at com.kms.katalon.core.main.TestSuiteExecutor.accessTestCaseMainPhase(TestSuiteExecutor.java:169)
	at com.kms.katalon.core.main.TestSuiteExecutor.accessTestSuiteMainPhase(TestSuiteExecutor.java:142)
	at com.kms.katalon.core.main.TestSuiteExecutor.execute(TestSuiteExecutor.java:91)
	at com.kms.katalon.core.main.TestCaseMain.startTestSuite(TestCaseMain.java:157)
	at com.kms.katalon.core.main.TestCaseMain$startTestSuite$0.call(Unknown Source)
	at TempTestSuite1574825848461.run(TempTestSuite1574825848461.groovy:36)
Caused by: com.kms.katalon.core.exception.StepFailedException: Call Test Case 'Test Cases/Data Entry/Borrower/Borrower - Pekerjaan/MASTER FLOW/TC_Borrower - Pekerjaan - MASTER FLOW' failed
	at com.kms.katalon.core.keyword.builtin.CallTestCaseKeyword$_callTestCase_closure1.doCall(CallTestCaseKeyword.groovy:63)
	at com.kms.katalon.core.keyword.builtin.CallTestCaseKeyword$_callTestCase_closure1.call(CallTestCaseKeyword.groovy)
	at com.kms.katalon.core.keyword.internal.KeywordMain.runKeyword(KeywordMain.groovy:68)
	at com.kms.katalon.core.keyword.builtin.CallTestCaseKeyword.callTestCase(CallTestCaseKeyword.groovy:81)
	at com.kms.katalon.core.keyword.builtin.CallTestCaseKeyword.execute(CallTestCaseKeyword.groovy:44)
	at com.kms.katalon.core.keyword.internal.KeywordExecutor.executeKeywordForPlatform(KeywordExecutor.groovy:60)
	at com.kms.katalon.core.keyword.BuiltinKeywords.callTestCase(BuiltinKeywords.groovy:334)
	at Flow Borrower.run(Flow Borrower:42)
	at com.kms.katalon.core.main.ScriptEngine.run(ScriptEngine.java:194)
	at com.kms.katalon.core.main.ScriptEngine.runScriptAsRawText(ScriptEngine.java:119)
	at com.kms.katalon.core.main.TestCaseExecutor.runScript(TestCaseExecutor.java:337)
	at com.kms.katalon.core.main.TestCaseExecutor.doExecute(TestCaseExecutor.java:328)
	at com.kms.katalon.core.main.TestCaseExecutor.processExecutionPhase(TestCaseExecutor.java:307)
	at com.kms.katalon.core.main.TestCaseExecutor.accessMainPhase(TestCaseExecutor.java:299)
	at com.kms.katalon.core.main.TestCaseExecutor.execute(TestCaseExecutor.java:233)
	at com.kms.katalon.core.main.TestCaseMain.runTestCase(TestCaseMain.java:114)
	at com.kms.katalon.core.keyword.builtin.CallTestCaseKeyword$_callTestCase_closure1.doCall(CallTestCaseKeyword.groovy:59)
	... 20 more
Caused by: com.kms.katalon.core.exception.StepFailedException: Object Object Repository/Borrower/Borrower - Pekerjaan/Borrower_Pekerjaan_InpPekerjaan not found
	at com.kms.katalon.core.keyword.internal.KeywordMain.stepFailed(KeywordMain.groovy:50)
	at com.kms.katalon.core.mobile.keyword.internal.MobileKeywordMain.stepFailed(MobileKeywordMain.groovy:40)
	at com.kms.katalon.core.mobile.keyword.builtin.GetTextKeyword$_getText_closure1.doCall(GetTextKeyword.groovy:74)
	at com.kms.katalon.core.mobile.keyword.builtin.GetTextKeyword$_getText_closure1.call(GetTextKeyword.groovy)
	at com.kms.katalon.core.mobile.keyword.internal.MobileKeywordMain.runKeyword(MobileKeywordMain.groovy:21)
	at com.kms.katalon.core.mobile.keyword.builtin.GetTextKeyword.getText(GetTextKeyword.groovy:80)
	at com.kms.katalon.core.mobile.keyword.builtin.GetTextKeyword.execute(GetTextKeyword.groovy:64)
	at com.kms.katalon.core.keyword.internal.KeywordExecutor.executeKeywordForPlatform(KeywordExecutor.groovy:60)
	at com.kms.katalon.core.mobile.keyword.MobileBuiltInKeywords.getText(MobileBuiltInKeywords.groovy:458)
	at com.kms.katalon.core.mobile.keyword.MobileBuiltInKeywords$getText$13.call(Unknown Source)
	at TC_Borrower - Pekerjaan - MASTER FLOW.run(TC_Borrower - Pekerjaan - MASTER FLOW:16)
	at com.kms.katalon.core.main.ScriptEngine.run(ScriptEngine.java:194)
	at com.kms.katalon.core.main.ScriptEngine.runScriptAsRawText(ScriptEngine.java:119)
	at com.kms.katalon.core.main.TestCaseExecutor.runScript(TestCaseExecutor.java:337)
	at com.kms.katalon.core.main.TestCaseExecutor.doExecute(TestCaseExecutor.java:328)
	at com.kms.katalon.core.main.TestCaseExecutor.processExecutionPhase(TestCaseExecutor.java:307)
	at com.kms.katalon.core.main.TestCaseExecutor.accessMainPhase(TestCaseExecutor.java:299)
	at com.kms.katalon.core.main.TestCaseExecutor.execute(TestCaseExecutor.java:233)
	at com.kms.katalon.core.main.TestCaseMain.runTestCase(TestCaseMain.java:114)
	at com.kms.katalon.core.keyword.builtin.CallTestCaseKeyword$_callTestCase_closure1.doCall(CallTestCaseKeyword.groovy:59)
	... 36 more
)

2019-11-27 10:57:42 - [TEST_CASE][FAILED] - Test Cases/Data Entry/Borrower/Flow Borrower: Test Cases/Data Entry/Borrower/Flow Borrower FAILED.
Reason:
com.kms.katalon.core.exception.StepFailedException: Call Test Case 'Test Cases/Data Entry/Borrower/Borrower - Pekerjaan/MASTER FLOW/TC_Borrower - Pekerjaan - MASTER FLOW' failed
	at com.kms.katalon.core.keyword.builtin.CallTestCaseKeyword$_callTestCase_closure1.doCall(CallTestCaseKeyword.groovy:63)
	at com.kms.katalon.core.keyword.builtin.CallTestCaseKeyword$_callTestCase_closure1.call(CallTestCaseKeyword.groovy)
	at com.kms.katalon.core.keyword.internal.KeywordMain.runKeyword(KeywordMain.groovy:68)
	at com.kms.katalon.core.keyword.builtin.CallTestCaseKeyword.callTestCase(CallTestCaseKeyword.groovy:81)
	at com.kms.katalon.core.keyword.builtin.CallTestCaseKeyword.execute(CallTestCaseKeyword.groovy:44)
	at com.kms.katalon.core.keyword.internal.KeywordExecutor.executeKeywordForPlatform(KeywordExecutor.groovy:60)
	at com.kms.katalon.core.keyword.BuiltinKeywords.callTestCase(BuiltinKeywords.groovy:334)
	at Flow Borrower.run(Flow Borrower:42)
	at com.kms.katalon.core.main.ScriptEngine.run(ScriptEngine.java:194)
	at com.kms.katalon.core.main.ScriptEngine.runScriptAsRawText(ScriptEngine.java:119)
	at com.kms.katalon.core.main.TestCaseExecutor.runScript(TestCaseExecutor.java:337)
	at com.kms.katalon.core.main.TestCaseExecutor.doExecute(TestCaseExecutor.java:328)
	at com.kms.katalon.core.main.TestCaseExecutor.processExecutionPhase(TestCaseExecutor.java:307)
	at com.kms.katalon.core.main.TestCaseExecutor.accessMainPhase(TestCaseExecutor.java:299)
	at com.kms.katalon.core.main.TestCaseExecutor.execute(TestCaseExecutor.java:233)
	at com.kms.katalon.core.main.TestCaseMain.runTestCase(TestCaseMain.java:114)
	at com.kms.katalon.core.keyword.builtin.CallTestCaseKeyword$_callTestCase_closure1.doCall(CallTestCaseKeyword.groovy:59)
	at com.kms.katalon.core.keyword.builtin.CallTestCaseKeyword$_callTestCase_closure1.call(CallTestCaseKeyword.groovy)
	at com.kms.katalon.core.keyword.internal.KeywordMain.runKeyword(KeywordMain.groovy:68)
	at com.kms.katalon.core.keyword.builtin.CallTestCaseKeyword.callTestCase(CallTestCaseKeyword.groovy:81)
	at com.kms.katalon.core.keyword.builtin.CallTestCaseKeyword.execute(CallTestCaseKeyword.groovy:44)
	at com.kms.katalon.core.keyword.internal.KeywordExecutor.executeKeywordForPlatform(KeywordExecutor.groovy:60)
	at com.kms.katalon.core.keyword.BuiltinKeywords.callTestCase(BuiltinKeywords.groovy:334)
	at TC_Data Entry.run(TC_Data Entry:42)
	at com.kms.katalon.core.main.ScriptEngine.run(ScriptEngine.java:194)
	at com.kms.katalon.core.main.ScriptEngine.runScriptAsRawText(ScriptEngine.java:119)
	at com.kms.katalon.core.main.TestCaseExecutor.runScript(TestCaseExecutor.java:337)
	at com.kms.katalon.core.main.TestCaseExecutor.doExecute(TestCaseExecutor.java:328)
	at com.kms.katalon.core.main.TestCaseExecutor.processExecutionPhase(TestCaseExecutor.java:307)
	at com.kms.katalon.core.main.TestCaseExecutor.accessMainPhase(TestCaseExecutor.java:299)
	at com.kms.katalon.core.main.TestCaseExecutor.execute(TestCaseExecutor.java:233)
	at com.kms.katalon.core.main.TestSuiteExecutor.accessTestCaseMainPhase(TestSuiteExecutor.java:169)
	at com.kms.katalon.core.main.TestSuiteExecutor.accessTestSuiteMainPhase(TestSuiteExecutor.java:142)
	at com.kms.katalon.core.main.TestSuiteExecutor.execute(TestSuiteExecutor.java:91)
	at com.kms.katalon.core.main.TestCaseMain.startTestSuite(TestCaseMain.java:157)
	at com.kms.katalon.core.main.TestCaseMain$startTestSuite$0.call(Unknown Source)
	at TempTestSuite1574825848461.run(TempTestSuite1574825848461.groovy:36)
Caused by: com.kms.katalon.core.exception.StepFailedException: Object Object Repository/Borrower/Borrower - Pekerjaan/Borrower_Pekerjaan_InpPekerjaan not found
	at com.kms.katalon.core.keyword.internal.KeywordMain.stepFailed(KeywordMain.groovy:50)
	at com.kms.katalon.core.mobile.keyword.internal.MobileKeywordMain.stepFailed(MobileKeywordMain.groovy:40)
	at com.kms.katalon.core.mobile.keyword.builtin.GetTextKeyword$_getText_closure1.doCall(GetTextKeyword.groovy:74)
	at com.kms.katalon.core.mobile.keyword.builtin.GetTextKeyword$_getText_closure1.call(GetTextKeyword.groovy)
	at com.kms.katalon.core.mobile.keyword.internal.MobileKeywordMain.runKeyword(MobileKeywordMain.groovy:21)
	at com.kms.katalon.core.mobile.keyword.builtin.GetTextKeyword.getText(GetTextKeyword.groovy:80)
	at com.kms.katalon.core.mobile.keyword.builtin.GetTextKeyword.execute(GetTextKeyword.groovy:64)
	at com.kms.katalon.core.keyword.internal.KeywordExecutor.executeKeywordForPlatform(KeywordExecutor.groovy:60)
	at com.kms.katalon.core.mobile.keyword.MobileBuiltInKeywords.getText(MobileBuiltInKeywords.groovy:458)
	at com.kms.katalon.core.mobile.keyword.MobileBuiltInKeywords$getText$13.call(Unknown Source)
	at TC_Borrower - Pekerjaan - MASTER FLOW.run(TC_Borrower - Pekerjaan - MASTER FLOW:16)
	at com.kms.katalon.core.main.ScriptEngine.run(ScriptEngine.java:194)
	at com.kms.katalon.core.main.ScriptEngine.runScriptAsRawText(ScriptEngine.java:119)
	at com.kms.katalon.core.main.TestCaseExecutor.runScript(TestCaseExecutor.java:337)
	at com.kms.katalon.core.main.TestCaseExecutor.doExecute(TestCaseExecutor.java:328)
	at com.kms.katalon.core.main.TestCaseExecutor.processExecutionPhase(TestCaseExecutor.java:307)
	at com.kms.katalon.core.main.TestCaseExecutor.accessMainPhase(TestCaseExecutor.java:299)
	at com.kms.katalon.core.main.TestCaseExecutor.execute(TestCaseExecutor.java:233)
	at com.kms.katalon.core.main.TestCaseMain.runTestCase(TestCaseMain.java:114)
	at com.kms.katalon.core.keyword.builtin.CallTestCaseKeyword$_callTestCase_closure1.doCall(CallTestCaseKeyword.groovy:59)
	... 36 more


2019-11-27 10:57:42 - [TEST_STEP][PASSED] - callTestCase(findTestCase("Data Entry/Borrower/Borrower - Identitas/MASTER FLOW/TC_Borrower - Identitas - MASTER FLOW"), ["BIvarNoKTP":BIvarNoKTP, "BIvarAgama":BIvarAgama, "BIvarStatusPerkawinan":BIvarStatusPerkawinan, "BIvarTempatLahir":BIvarTempatLahir, ... ], STOP_ON_FAILURE): Call Test Case 'Test Cases/Data Entry/Borrower/Borrower - Identitas/MASTER FLOW/TC_Borrower - Identitas - MASTER FLOW' successfully

2019-11-27 10:57:42 - [TEST_CASE][PASSED] - Test Cases/Data Entry/Borrower/Borrower - Identitas/MASTER FLOW/TC_Borrower - Identitas - MASTER FLOW: Test Cases/Data Entry/Borrower/Borrower - Identitas/MASTER FLOW/TC_Borrower - Identitas - MASTER FLOW

2019-11-27 10:57:42 - [TEST_STEP][PASSED] - setText(findTestObject("Borrower/Borrower - Identitas/Borrower_InpNoKTP"), BIvarNoKTP, 0): Text '3174081008690010' has been set to element 'Object Repository/Borrower/Borrower - Identitas/Borrower_InpNoKTP'

2019-11-27 10:57:42 - [MESSAGE][WARNING] - Timeout '0' is invalid. Using default page load timeout: '30'

2019-11-27 10:57:45 - [MESSAGE][PASSED] - Text '3174081008690010' has been set to element 'Object Repository/Borrower/Borrower - Identitas/Borrower_InpNoKTP'

2019-11-27 10:57:45 - [TEST_STEP][PASSED] - tap(findTestObject("Borrower/Borrower - Identitas/Borrower_BtnMasaBerlaku-SeumurHidup"), 0): Tapped on element 'Object Repository/Borrower/Borrower - Identitas/Borrower_BtnMasaBerlaku-SeumurHidup'

2019-11-27 10:57:45 - [MESSAGE][WARNING] - Timeout '0' is invalid. Using default page load timeout: '30'

2019-11-27 10:57:49 - [MESSAGE][PASSED] - Tapped on element 'Object Repository/Borrower/Borrower - Identitas/Borrower_BtnMasaBerlaku-SeumurHidup'

2019-11-27 10:57:49 - [TEST_STEP][PASSED] - setText(findTestObject("Borrower/Borrower - Identitas/Borrower_InpNamaSesuaiIdentitas"), BIvarNama, 0): Text 'ARIFIN' has been set to element 'Object Repository/Borrower/Borrower - Identitas/Borrower_InpNamaSesuaiIdentitas'

2019-11-27 10:57:49 - [MESSAGE][WARNING] - Timeout '0' is invalid. Using default page load timeout: '30'

2019-11-27 10:57:52 - [MESSAGE][PASSED] - Text 'ARIFIN' has been set to element 'Object Repository/Borrower/Borrower - Identitas/Borrower_InpNamaSesuaiIdentitas'

2019-11-27 10:57:52 - [TEST_STEP][PASSED] - if (BIvarJenkel == "LK"): Tapped on element 'Object Repository/Borrower/Borrower - Identitas/Borrower_BtnJenisKelamin-LakiLaki'

2019-11-27 10:57:52 - [TEST_STEP][PASSED] - tap(findTestObject("Borrower/Borrower - Identitas/Borrower_BtnJenisKelamin-LakiLaki"), 0): Tapped on element 'Object Repository/Borrower/Borrower - Identitas/Borrower_BtnJenisKelamin-LakiLaki'

2019-11-27 10:57:52 - [MESSAGE][WARNING] - Timeout '0' is invalid. Using default page load timeout: '30'

2019-11-27 10:57:55 - [MESSAGE][PASSED] - Tapped on element 'Object Repository/Borrower/Borrower - Identitas/Borrower_BtnJenisKelamin-LakiLaki'

2019-11-27 10:57:55 - [TEST_STEP][PASSED] - setText(findTestObject("Borrower/Borrower - Identitas/Borrower_InpTempatLahir"), BIvarTempatLahir, 0): Text 'JAKARTA' has been set to element 'Object Repository/Borrower/Borrower - Identitas/Borrower_InpTempatLahir'

2019-11-27 10:57:55 - [MESSAGE][WARNING] - Timeout '0' is invalid. Using default page load timeout: '30'

2019-11-27 10:57:59 - [MESSAGE][PASSED] - Text 'JAKARTA' has been set to element 'Object Repository/Borrower/Borrower - Identitas/Borrower_InpTempatLahir'

2019-11-27 10:57:59 - [TEST_STEP][PASSED] - tap(findTestObject("Borrower/Borrower - Identitas/Borrower_InpTempatLahir"), 0, STOP_ON_FAILURE): Tapped on element 'Object Repository/Borrower/Borrower - Identitas/Borrower_InpTempatLahir'

2019-11-27 10:57:59 - [MESSAGE][WARNING] - Timeout '0' is invalid. Using default page load timeout: '30'

2019-11-27 10:58:03 - [MESSAGE][PASSED] - Tapped on element 'Object Repository/Borrower/Borrower - Identitas/Borrower_InpTempatLahir'

2019-11-27 10:58:03 - [TEST_STEP][PASSED] - mobile.picklist.List(findTestObject("Borrower/Borrower - Identitas/Borrower_TxtTempatLahir"), STOP_ON_FAILURE): mobile.picklist.List is PASSED

2019-11-27 10:58:03 - [MESSAGE][WARNING] - Timeout '0' is invalid. Using default page load timeout: '30'

2019-11-27 10:58:04 - [MESSAGE][PASSED] - Object 'Object Repository/Borrower/Borrower - Identitas/Borrower_TxtTempatLahir' has top position '1,805'

2019-11-27 10:58:04 - [MESSAGE][WARNING] - Timeout '0' is invalid. Using default page load timeout: '30'

2019-11-27 10:58:05 - [MESSAGE][PASSED] - Object 'Object Repository/Borrower/Borrower - Identitas/Borrower_TxtTempatLahir' has left position '76'

2019-11-27 10:58:06 - [MESSAGE][PASSED] - Tapped at [76, 1,920]

2019-11-27 10:58:06 - [MESSAGE][PASSED] - mobile.picklist.List is PASSED

2019-11-27 10:58:06 - [TEST_STEP][PASSED] - mobile.mobileSwipe.UpDown(0.8, 0.2, 1000): mobile.mobileSwipe.UpDown is PASSED

2019-11-27 10:58:06 - [MESSAGE][PASSED] - Current device physical height is 2131

2019-11-27 10:58:06 - [MESSAGE][INFO] - Device Height : 2131

2019-11-27 10:58:07 - [MESSAGE][PASSED] - Current device physical width is 1080

2019-11-27 10:58:07 - [MESSAGE][INFO] - Device Width : 1080

2019-11-27 10:58:07 - [MESSAGE][INFO] - Swipe start at Height : 1704

2019-11-27 10:58:07 - [MESSAGE][INFO] - Swipe end at Height : 426

2019-11-27 10:58:07 - [MESSAGE][INFO] - X Position : 1000

2019-11-27 10:58:09 - [MESSAGE][PASSED] - Swiped from 1,000,1,704 to 1,000,426

2019-11-27 10:58:09 - [MESSAGE][PASSED] - mobile.mobileSwipe.UpDown is PASSED

2019-11-27 10:58:09 - [TEST_STEP][PASSED] - delay(2, STOP_ON_FAILURE): Delayed 2 second(s)

2019-11-27 10:58:11 - [MESSAGE][PASSED] - Delayed 2 second(s)

2019-11-27 10:58:11 - [TEST_STEP][PASSED] - tap(findTestObject("Borrower/Borrower - Identitas/Borrower_TxtTanggalLahir"), 0): Tapped on element 'Object Repository/Borrower/Borrower - Identitas/Borrower_TxtTanggalLahir'

2019-11-27 10:58:12 - [MESSAGE][WARNING] - Timeout '0' is invalid. Using default page load timeout: '30'

2019-11-27 10:58:14 - [MESSAGE][PASSED] - Tapped on element 'Object Repository/Borrower/Borrower - Identitas/Borrower_TxtTanggalLahir'

2019-11-27 10:58:14 - [TEST_STEP][PASSED] - delay(2, STOP_ON_FAILURE): Delayed 2 second(s)

2019-11-27 10:58:16 - [MESSAGE][PASSED] - Delayed 2 second(s)

2019-11-27 10:58:16 - [TEST_STEP][PASSED] - callTestCase(findTestCase("dynamic test case/calendar"), ["varTahun":BIvarTahun], STOP_ON_FAILURE): Call Test Case 'Test Cases/dynamic test case/calendar' successfully

2019-11-27 10:58:16 - [TEST_CASE][PASSED] - Test Cases/dynamic test case/calendar: Test Cases/dynamic test case/calendar

2019-11-27 10:58:16 - [TEST_STEP][PASSED] - tap(findTestObject("dynamic object/Calendar_TxtTahun"), 0): Tapped on element 'Object Repository/dynamic object/Calendar_TxtTahun'

2019-11-27 10:58:16 - [MESSAGE][WARNING] - Timeout '0' is invalid. Using default page load timeout: '30'

2019-11-27 10:58:18 - [MESSAGE][PASSED] - Tapped on element 'Object Repository/dynamic object/Calendar_TxtTahun'

2019-11-27 10:58:18 - [TEST_STEP][PASSED] - driver = getDriver(): null

2019-11-27 10:58:18 - [TEST_STEP][PASSED] - xpath = "": null

2019-11-27 10:58:18 - [TEST_STEP][PASSED] - xpath = XPathBuilder.createXPath("TextView"): null

2019-11-27 10:58:18 - [TEST_STEP][PASSED] - listElements = driver.findElementsByXPath(xpath): null

2019-11-27 10:58:18 - [TEST_STEP][PASSED] - if (size() - 1].getText() < varTahun): null

2019-11-27 10:58:18 - [TEST_STEP][PASSED] - else: null

2019-11-27 10:58:18 - [TEST_STEP][PASSED] - varScrollUpDown = "UpToDown": null

2019-11-27 10:58:18 - [TEST_STEP][PASSED] - switch (varScrollUpDown.toString()): null

2019-11-27 10:58:18 - [TEST_STEP][PASSED] - case "UpToDown":: null

2019-11-27 10:58:18 - [TEST_STEP][PASSED] - mobile.swiping.scrollListToElementWithTextUpToDown(varTahun): mobile.swiping.scrollListToElementWithTextUpToDown is PASSED

2019-11-27 10:59:01 - [MESSAGE][PASSED] - mobile.swiping.scrollListToElementWithTextUpToDown is PASSED

2019-11-27 10:59:01 - [TEST_STEP][PASSED] - break: null

2019-11-27 10:59:01 - [TEST_STEP][PASSED] - tap(findTestObject("dynamic object/pickListItem_TextView", ["text":varTahun]), 0): Tapped on element 'Object Repository/dynamic object/pickListItem_TextView'

2019-11-27 10:59:01 - [MESSAGE][WARNING] - Timeout '0' is invalid. Using default page load timeout: '30'

2019-11-27 10:59:03 - [MESSAGE][PASSED] - Tapped on element 'Object Repository/dynamic object/pickListItem_TextView'

2019-11-27 10:59:03 - [TEST_STEP][PASSED] - tap(findTestObject("Borrower/Borrower - Identitas/Click_Tanggal"), 0): Tapped on element 'Object Repository/Borrower/Borrower - Identitas/Click_Tanggal'

2019-11-27 10:59:03 - [MESSAGE][WARNING] - Timeout '0' is invalid. Using default page load timeout: '30'

2019-11-27 10:59:04 - [MESSAGE][PASSED] - Tapped on element 'Object Repository/Borrower/Borrower - Identitas/Click_Tanggal'

2019-11-27 10:59:04 - [TEST_STEP][PASSED] - tap(findTestObject("dynamic object/Calendar_TxtSetel"), 0): Tapped on element 'Object Repository/dynamic object/Calendar_TxtSetel'

2019-11-27 10:59:04 - [MESSAGE][WARNING] - Timeout '0' is invalid. Using default page load timeout: '30'

2019-11-27 10:59:06 - [MESSAGE][PASSED] - Tapped on element 'Object Repository/dynamic object/Calendar_TxtSetel'

2019-11-27 10:59:06 - [MESSAGE][PASSED] - Call Test Case 'Test Cases/dynamic test case/calendar' successfully

2019-11-27 10:59:06 - [TEST_STEP][NOT_RUN] - delay(10, STOP_ON_FAILURE): NOT_RUN: delay(10, STOP_ON_FAILURE)

2019-11-27 10:59:06 - [MESSAGE][NOT_RUN] - NOT_RUN: delay(10, STOP_ON_FAILURE)

2019-11-27 10:59:06 - [TEST_STEP][PASSED] - tap(findTestObject("Borrower/Borrower - Identitas/Borrower_BtnCekDataPelanggan"), 0): Tapped on element 'Object Repository/Borrower/Borrower - Identitas/Borrower_BtnCekDataPelanggan'

2019-11-27 10:59:06 - [MESSAGE][WARNING] - Timeout '0' is invalid. Using default page load timeout: '30'

2019-11-27 10:59:09 - [MESSAGE][PASSED] - Tapped on element 'Object Repository/Borrower/Borrower - Identitas/Borrower_BtnCekDataPelanggan'

2019-11-27 10:59:09 - [TEST_STEP][PASSED] - waitForElementPresent(findTestObject("Borrower/Borrower - Identitas/Borrower_BtnConfirm"), 120): Element 'Object Repository/Borrower/Borrower - Identitas/Borrower_BtnConfirm' is present

2019-11-27 10:59:34 - [MESSAGE][PASSED] - Element 'Object Repository/Borrower/Borrower - Identitas/Borrower_BtnConfirm' is present

2019-11-27 10:59:34 - [TEST_STEP][PASSED] - tap(findTestObject("Borrower/Borrower - Identitas/Borrower_BtnCheckBox"), 60): Tapped on element 'Object Repository/Borrower/Borrower - Identitas/Borrower_BtnCheckBox'

2019-11-27 10:59:36 - [MESSAGE][PASSED] - Tapped on element 'Object Repository/Borrower/Borrower - Identitas/Borrower_BtnCheckBox'

2019-11-27 10:59:36 - [TEST_STEP][PASSED] - tap(findTestObject("Borrower/Borrower - Identitas/Borrower_BtnConfirm"), 0): Tapped on element 'Object Repository/Borrower/Borrower - Identitas/Borrower_BtnConfirm'

2019-11-27 10:59:36 - [MESSAGE][WARNING] - Timeout '0' is invalid. Using default page load timeout: '30'

2019-11-27 10:59:39 - [MESSAGE][PASSED] - Tapped on element 'Object Repository/Borrower/Borrower - Identitas/Borrower_BtnConfirm'

2019-11-27 10:59:39 - [TEST_STEP][PASSED] - delay(20, STOP_ON_FAILURE): Delayed 20 second(s)

2019-11-27 10:59:59 - [MESSAGE][PASSED] - Delayed 20 second(s)

2019-11-27 10:59:59 - [TEST_STEP][PASSED] - mobile.mobileSwipe.UpDown(0.8, 0.2, 1000): mobile.mobileSwipe.UpDown is PASSED

2019-11-27 11:00:00 - [MESSAGE][PASSED] - Current device physical height is 2131

2019-11-27 11:00:00 - [MESSAGE][INFO] - Device Height : 2131

2019-11-27 11:00:01 - [MESSAGE][PASSED] - Current device physical width is 1080

2019-11-27 11:00:01 - [MESSAGE][INFO] - Device Width : 1080

2019-11-27 11:00:01 - [MESSAGE][INFO] - Swipe start at Height : 1704

2019-11-27 11:00:01 - [MESSAGE][INFO] - Swipe end at Height : 426

2019-11-27 11:00:01 - [MESSAGE][INFO] - X Position : 1000

2019-11-27 11:00:03 - [MESSAGE][PASSED] - Swiped from 1,000,1,704 to 1,000,426

2019-11-27 11:00:03 - [MESSAGE][PASSED] - mobile.mobileSwipe.UpDown is PASSED

2019-11-27 11:00:03 - [TEST_STEP][NOT_RUN] - tap(findTestObject("Borrower/Borrower - Identitas/Borrower_TxtStatusPerkawinan"), 0, STOP_ON_FAILURE): NOT_RUN: tap(findTestObject("Borrower/Borrower - Identitas/Borrower_TxtStatusPerkawinan"), 0, STOP_ON_FAILURE)

2019-11-27 11:00:03 - [MESSAGE][NOT_RUN] - NOT_RUN: tap(findTestObject("Borrower/Borrower - Identitas/Borrower_TxtStatusPerkawinan"), 0, STOP_ON_FAILURE)

2019-11-27 11:00:03 - [TEST_STEP][NOT_RUN] - tap(findTestObject("dynamic object/pickListItem_checkedTextView", ["text":BIvarStatusPerkawinan]), 0, STOP_ON_FAILURE): NOT_RUN: tap(findTestObject("dynamic object/pickListItem_checkedTextView", ["text":BIvarStatusPerkawinan]), 0, STOP_ON_FAILURE)

2019-11-27 11:00:03 - [MESSAGE][NOT_RUN] - NOT_RUN: tap(findTestObject("dynamic object/pickListItem_checkedTextView", ["text":BIvarStatusPerkawinan]), 0, STOP_ON_FAILURE)

2019-11-27 11:00:03 - [MESSAGE][PASSED] - Call Test Case 'Test Cases/Data Entry/Borrower/Borrower - Identitas/MASTER FLOW/TC_Borrower - Identitas - MASTER FLOW' successfully

2019-11-27 11:00:03 - [TEST_STEP][PASSED] - mobile.mobileSwipe.RightLeft(0.9, 0.5, 1000): mobile.mobileSwipe.RightLeft is PASSED

2019-11-27 11:00:04 - [MESSAGE][PASSED] - Current device physical width is 1080

2019-11-27 11:00:05 - [MESSAGE][PASSED] - Current device physical height is 2131

2019-11-27 11:00:05 - [MESSAGE][INFO] - Device Height : 2131

2019-11-27 11:00:05 - [MESSAGE][INFO] - Device Width : 1080

2019-11-27 11:00:05 - [MESSAGE][INFO] - Swipe start at Width : 971

2019-11-27 11:00:05 - [MESSAGE][INFO] - Swipe end at Witdh : 540

2019-11-27 11:00:05 - [MESSAGE][INFO] - Y Position : 1000

2019-11-27 11:00:07 - [MESSAGE][PASSED] - Swiped from 971,1,000 to 540,1,000

2019-11-27 11:00:07 - [MESSAGE][PASSED] - mobile.mobileSwipe.RightLeft is PASSED

2019-11-27 11:00:07 - [TEST_STEP][NOT_RUN] - callTestCase(findTestCase("Data Entry/Borrower/Borrower - Info Umum/MASTER FLOW/TC_Borrower - Info Umum - MASTER FLOW"), ["BIUvarNamaLengkapTanpaSingkatan":BIUvarNamaLengkapTanpaSingkatan, "BIUvarNamaPanggilan":BIUvarNamaPanggilan, "BIUvarNoNPWP":BIUvarNoNPWP, ... ], STOP_ON_FAILURE): NOT_RUN: callTestCase(findTestCase("Data Entry/Borrower/Borrower - Info Umum/MASTER FLOW/TC_Borrower - Info Umum - MASTER FLOW"), ["BIUvarNamaLengkapTanpaSingkatan":BIUvarNamaLengkapTanpaSingkatan, "BIUvarNamaPanggilan":BIUvarNamaPanggilan, "BIUvarNoNPWP":BIUvarNoNPWP, ... ], STOP_ON_FAILURE)

2019-11-27 11:00:07 - [MESSAGE][NOT_RUN] - NOT_RUN: callTestCase(findTestCase("Data Entry/Borrower/Borrower - Info Umum/MASTER FLOW/TC_Borrower - Info Umum - MASTER FLOW"), ["BIUvarNamaLengkapTanpaSingkatan":BIUvarNamaLengkapTanpaSingkatan, "BIUvarNamaPanggilan":BIUvarNamaPanggilan, "BIUvarNoNPWP":BIUvarNoNPWP, ... ], STOP_ON_FAILURE)

2019-11-27 11:00:07 - [TEST_STEP][PASSED] - mobile.mobileSwipe.RightLeft(0.9, 0.5, 1000): mobile.mobileSwipe.RightLeft is PASSED

2019-11-27 11:00:08 - [MESSAGE][PASSED] - Current device physical width is 1080

2019-11-27 11:00:09 - [MESSAGE][PASSED] - Current device physical height is 2131

2019-11-27 11:00:09 - [MESSAGE][INFO] - Device Height : 2131

2019-11-27 11:00:09 - [MESSAGE][INFO] - Device Width : 1080

2019-11-27 11:00:09 - [MESSAGE][INFO] - Swipe start at Width : 971

2019-11-27 11:00:09 - [MESSAGE][INFO] - Swipe end at Witdh : 540

2019-11-27 11:00:09 - [MESSAGE][INFO] - Y Position : 1000

2019-11-27 11:00:11 - [MESSAGE][PASSED] - Swiped from 971,1,000 to 540,1,000

2019-11-27 11:00:11 - [MESSAGE][PASSED] - mobile.mobileSwipe.RightLeft is PASSED

2019-11-27 11:00:11 - [TEST_STEP][NOT_RUN] - callTestCase(findTestCase("Data Entry/Borrower/Borrower - Domisili/MASTER FLOW/TC_Borrower - Domisili - MASTER FLOW"), ["BDvarAlamatLengkap":BDvarAlamatLengkap, "BDvarRT":BDvarRT, "BDvarRW":BDvarRW, "BDvarKodePos":BDvarKodePos, "BDvarNegaraDomisili":BDvarNegaraDomisili, ... ], STOP_ON_FAILURE): NOT_RUN: callTestCase(findTestCase("Data Entry/Borrower/Borrower - Domisili/MASTER FLOW/TC_Borrower - Domisili - MASTER FLOW"), ["BDvarAlamatLengkap":BDvarAlamatLengkap, "BDvarRT":BDvarRT, "BDvarRW":BDvarRW, "BDvarKodePos":BDvarKodePos, "BDvarNegaraDomisili":BDvarNegaraDomisili, ... ], STOP_ON_FAILURE)

2019-11-27 11:00:11 - [MESSAGE][NOT_RUN] - NOT_RUN: callTestCase(findTestCase("Data Entry/Borrower/Borrower - Domisili/MASTER FLOW/TC_Borrower - Domisili - MASTER FLOW"), ["BDvarAlamatLengkap":BDvarAlamatLengkap, "BDvarRT":BDvarRT, "BDvarRW":BDvarRW, "BDvarKodePos":BDvarKodePos, "BDvarNegaraDomisili":BDvarNegaraDomisili, ... ], STOP_ON_FAILURE)

2019-11-27 11:00:11 - [TEST_STEP][PASSED] - mobile.mobileSwipe.RightLeft(0.9, 0.5, 1000): mobile.mobileSwipe.RightLeft is PASSED

2019-11-27 11:00:12 - [MESSAGE][PASSED] - Current device physical width is 1080

2019-11-27 11:00:13 - [MESSAGE][PASSED] - Current device physical height is 2131

2019-11-27 11:00:13 - [MESSAGE][INFO] - Device Height : 2131

2019-11-27 11:00:13 - [MESSAGE][INFO] - Device Width : 1080

2019-11-27 11:00:13 - [MESSAGE][INFO] - Swipe start at Width : 971

2019-11-27 11:00:13 - [MESSAGE][INFO] - Swipe end at Witdh : 540

2019-11-27 11:00:13 - [MESSAGE][INFO] - Y Position : 1000

2019-11-27 11:00:15 - [MESSAGE][PASSED] - Swiped from 971,1,000 to 540,1,000

2019-11-27 11:00:15 - [MESSAGE][PASSED] - mobile.mobileSwipe.RightLeft is PASSED

2019-11-27 11:00:15 - [TEST_STEP][PASSED] - tap(findTestObject("Borrower/Borrower - Pekerjaan/Borrower - Pekerjaan - tab Detail Pekerjaan"), 0, OPTIONAL): Object Object Repository/Borrower/Borrower - Pekerjaan/Borrower - Pekerjaan - tab Detail Pekerjaan not found

2019-11-27 11:00:15 - [MESSAGE][WARNING] - Timeout '0' is invalid. Using default page load timeout: '30'

2019-11-27 11:00:47 - [MESSAGE][WARNING] - Object Object Repository/Borrower/Borrower - Pekerjaan/Borrower - Pekerjaan - tab Detail Pekerjaan not found
[[ATTACHMENT|C:\\Users\\15420\\git\\ACCME-Dupcheck\\Reports\\20191127_103728\\data entry dupcek\\20191127_103728\\1574827245600.png]]

2019-11-27 11:00:47 - [TEST_STEP][FAILED] - callTestCase(findTestCase("Data Entry/Borrower/Borrower - Pekerjaan/MASTER FLOW/TC_Borrower - Pekerjaan - MASTER FLOW"), [:], STOP_ON_FAILURE): Unable to call Test Case 'Test Cases/Data Entry/Borrower/Borrower - Pekerjaan/MASTER FLOW/TC_Borrower - Pekerjaan - MASTER FLOW' (Root cause: com.kms.katalon.core.exception.StepFailedException: Call Test Case 'Test Cases/Data Entry/Borrower/Borrower - Pekerjaan/MASTER FLOW/TC_Borrower - Pekerjaan - MASTER FLOW' failed
	at com.kms.katalon.core.keyword.builtin.CallTestCaseKeyword$_callTestCase_closure1.doCall(CallTestCaseKeyword.groovy:63)
	at com.kms.katalon.core.keyword.builtin.CallTestCaseKeyword$_callTestCase_closure1.call(CallTestCaseKeyword.groovy)
	at com.kms.katalon.core.keyword.internal.KeywordMain.runKeyword(KeywordMain.groovy:68)
	at com.kms.katalon.core.keyword.builtin.CallTestCaseKeyword.callTestCase(CallTestCaseKeyword.groovy:81)
	at com.kms.katalon.core.keyword.builtin.CallTestCaseKeyword.execute(CallTestCaseKeyword.groovy:44)
	at com.kms.katalon.core.keyword.internal.KeywordExecutor.executeKeywordForPlatform(KeywordExecutor.groovy:60)
	at com.kms.katalon.core.keyword.BuiltinKeywords.callTestCase(BuiltinKeywords.groovy:334)
	at Flow Borrower.run(Flow Borrower:42)
	at com.kms.katalon.core.main.ScriptEngine.run(ScriptEngine.java:194)
	at com.kms.katalon.core.main.ScriptEngine.runScriptAsRawText(ScriptEngine.java:119)
	at com.kms.katalon.core.main.TestCaseExecutor.runScript(TestCaseExecutor.java:337)
	at com.kms.katalon.core.main.TestCaseExecutor.doExecute(TestCaseExecutor.java:328)
	at com.kms.katalon.core.main.TestCaseExecutor.processExecutionPhase(TestCaseExecutor.java:307)
	at com.kms.katalon.core.main.TestCaseExecutor.accessMainPhase(TestCaseExecutor.java:299)
	at com.kms.katalon.core.main.TestCaseExecutor.execute(TestCaseExecutor.java:233)
	at com.kms.katalon.core.main.TestCaseMain.runTestCase(TestCaseMain.java:114)
	at com.kms.katalon.core.keyword.builtin.CallTestCaseKeyword$_callTestCase_closure1.doCall(CallTestCaseKeyword.groovy:59)
	at com.kms.katalon.core.keyword.builtin.CallTestCaseKeyword$_callTestCase_closure1.call(CallTestCaseKeyword.groovy)
	at com.kms.katalon.core.keyword.internal.KeywordMain.runKeyword(KeywordMain.groovy:68)
	at com.kms.katalon.core.keyword.builtin.CallTestCaseKeyword.callTestCase(CallTestCaseKeyword.groovy:81)
	at com.kms.katalon.core.keyword.builtin.CallTestCaseKeyword.execute(CallTestCaseKeyword.groovy:44)
	at com.kms.katalon.core.keyword.internal.KeywordExecutor.executeKeywordForPlatform(KeywordExecutor.groovy:60)
	at com.kms.katalon.core.keyword.BuiltinKeywords.callTestCase(BuiltinKeywords.groovy:334)
	at TC_Data Entry.run(TC_Data Entry:42)
	at com.kms.katalon.core.main.ScriptEngine.run(ScriptEngine.java:194)
	at com.kms.katalon.core.main.ScriptEngine.runScriptAsRawText(ScriptEngine.java:119)
	at com.kms.katalon.core.main.TestCaseExecutor.runScript(TestCaseExecutor.java:337)
	at com.kms.katalon.core.main.TestCaseExecutor.doExecute(TestCaseExecutor.java:328)
	at com.kms.katalon.core.main.TestCaseExecutor.processExecutionPhase(TestCaseExecutor.java:307)
	at com.kms.katalon.core.main.TestCaseExecutor.accessMainPhase(TestCaseExecutor.java:299)
	at com.kms.katalon.core.main.TestCaseExecutor.execute(TestCaseExecutor.java:233)
	at com.kms.katalon.core.main.TestSuiteExecutor.accessTestCaseMainPhase(TestSuiteExecutor.java:169)
	at com.kms.katalon.core.main.TestSuiteExecutor.accessTestSuiteMainPhase(TestSuiteExecutor.java:142)
	at com.kms.katalon.core.main.TestSuiteExecutor.execute(TestSuiteExecutor.java:91)
	at com.kms.katalon.core.main.TestCaseMain.startTestSuite(TestCaseMain.java:157)
	at com.kms.katalon.core.main.TestCaseMain$startTestSuite$0.call(Unknown Source)
	at TempTestSuite1574825848461.run(TempTestSuite1574825848461.groovy:36)
Caused by: com.kms.katalon.core.exception.StepFailedException: Object Object Repository/Borrower/Borrower - Pekerjaan/Borrower_Pekerjaan_InpPekerjaan not found
	at com.kms.katalon.core.keyword.internal.KeywordMain.stepFailed(KeywordMain.groovy:50)
	at com.kms.katalon.core.mobile.keyword.internal.MobileKeywordMain.stepFailed(MobileKeywordMain.groovy:40)
	at com.kms.katalon.core.mobile.keyword.builtin.GetTextKeyword$_getText_closure1.doCall(GetTextKeyword.groovy:74)
	at com.kms.katalon.core.mobile.keyword.builtin.GetTextKeyword$_getText_closure1.call(GetTextKeyword.groovy)
	at com.kms.katalon.core.mobile.keyword.internal.MobileKeywordMain.runKeyword(MobileKeywordMain.groovy:21)
	at com.kms.katalon.core.mobile.keyword.builtin.GetTextKeyword.getText(GetTextKeyword.groovy:80)
	at com.kms.katalon.core.mobile.keyword.builtin.GetTextKeyword.execute(GetTextKeyword.groovy:64)
	at com.kms.katalon.core.keyword.internal.KeywordExecutor.executeKeywordForPlatform(KeywordExecutor.groovy:60)
	at com.kms.katalon.core.mobile.keyword.MobileBuiltInKeywords.getText(MobileBuiltInKeywords.groovy:458)
	at com.kms.katalon.core.mobile.keyword.MobileBuiltInKeywords$getText$13.call(Unknown Source)
	at TC_Borrower - Pekerjaan - MASTER FLOW.run(TC_Borrower - Pekerjaan - MASTER FLOW:16)
	at com.kms.katalon.core.main.ScriptEngine.run(ScriptEngine.java:194)
	at com.kms.katalon.core.main.ScriptEngine.runScriptAsRawText(ScriptEngine.java:119)
	at com.kms.katalon.core.main.TestCaseExecutor.runScript(TestCaseExecutor.java:337)
	at com.kms.katalon.core.main.TestCaseExecutor.doExecute(TestCaseExecutor.java:328)
	at com.kms.katalon.core.main.TestCaseExecutor.processExecutionPhase(TestCaseExecutor.java:307)
	at com.kms.katalon.core.main.TestCaseExecutor.accessMainPhase(TestCaseExecutor.java:299)
	at com.kms.katalon.core.main.TestCaseExecutor.execute(TestCaseExecutor.java:233)
	at com.kms.katalon.core.main.TestCaseMain.runTestCase(TestCaseMain.java:114)
	at com.kms.katalon.core.keyword.builtin.CallTestCaseKeyword$_callTestCase_closure1.doCall(CallTestCaseKeyword.groovy:59)
	... 36 more
)

2019-11-27 11:00:47 - [TEST_CASE][FAILED] - Test Cases/Data Entry/Borrower/Borrower - Pekerjaan/MASTER FLOW/TC_Borrower - Pekerjaan - MASTER FLOW: Test Cases/Data Entry/Borrower/Borrower - Pekerjaan/MASTER FLOW/TC_Borrower - Pekerjaan - MASTER FLOW FAILED.
Reason:
com.kms.katalon.core.exception.StepFailedException: Object Object Repository/Borrower/Borrower - Pekerjaan/Borrower_Pekerjaan_InpPekerjaan not found
	at com.kms.katalon.core.keyword.internal.KeywordMain.stepFailed(KeywordMain.groovy:50)
	at com.kms.katalon.core.mobile.keyword.internal.MobileKeywordMain.stepFailed(MobileKeywordMain.groovy:40)
	at com.kms.katalon.core.mobile.keyword.builtin.GetTextKeyword$_getText_closure1.doCall(GetTextKeyword.groovy:74)
	at com.kms.katalon.core.mobile.keyword.builtin.GetTextKeyword$_getText_closure1.call(GetTextKeyword.groovy)
	at com.kms.katalon.core.mobile.keyword.internal.MobileKeywordMain.runKeyword(MobileKeywordMain.groovy:21)
	at com.kms.katalon.core.mobile.keyword.builtin.GetTextKeyword.getText(GetTextKeyword.groovy:80)
	at com.kms.katalon.core.mobile.keyword.builtin.GetTextKeyword.execute(GetTextKeyword.groovy:64)
	at com.kms.katalon.core.keyword.internal.KeywordExecutor.executeKeywordForPlatform(KeywordExecutor.groovy:60)
	at com.kms.katalon.core.mobile.keyword.MobileBuiltInKeywords.getText(MobileBuiltInKeywords.groovy:458)
	at com.kms.katalon.core.mobile.keyword.MobileBuiltInKeywords$getText$13.call(Unknown Source)
	at TC_Borrower - Pekerjaan - MASTER FLOW.run(TC_Borrower - Pekerjaan - MASTER FLOW:16)
	at com.kms.katalon.core.main.ScriptEngine.run(ScriptEngine.java:194)
	at com.kms.katalon.core.main.ScriptEngine.runScriptAsRawText(ScriptEngine.java:119)
	at com.kms.katalon.core.main.TestCaseExecutor.runScript(TestCaseExecutor.java:337)
	at com.kms.katalon.core.main.TestCaseExecutor.doExecute(TestCaseExecutor.java:328)
	at com.kms.katalon.core.main.TestCaseExecutor.processExecutionPhase(TestCaseExecutor.java:307)
	at com.kms.katalon.core.main.TestCaseExecutor.accessMainPhase(TestCaseExecutor.java:299)
	at com.kms.katalon.core.main.TestCaseExecutor.execute(TestCaseExecutor.java:233)
	at com.kms.katalon.core.main.TestCaseMain.runTestCase(TestCaseMain.java:114)
	at com.kms.katalon.core.keyword.builtin.CallTestCaseKeyword$_callTestCase_closure1.doCall(CallTestCaseKeyword.groovy:59)
	at com.kms.katalon.core.keyword.builtin.CallTestCaseKeyword$_callTestCase_closure1.call(CallTestCaseKeyword.groovy)
	at com.kms.katalon.core.keyword.internal.KeywordMain.runKeyword(KeywordMain.groovy:68)
	at com.kms.katalon.core.keyword.builtin.CallTestCaseKeyword.callTestCase(CallTestCaseKeyword.groovy:81)
	at com.kms.katalon.core.keyword.builtin.CallTestCaseKeyword.execute(CallTestCaseKeyword.groovy:44)
	at com.kms.katalon.core.keyword.internal.KeywordExecutor.executeKeywordForPlatform(KeywordExecutor.groovy:60)
	at com.kms.katalon.core.keyword.BuiltinKeywords.callTestCase(BuiltinKeywords.groovy:334)
	at Flow Borrower.run(Flow Borrower:42)
	at com.kms.katalon.core.main.ScriptEngine.run(ScriptEngine.java:194)
	at com.kms.katalon.core.main.ScriptEngine.runScriptAsRawText(ScriptEngine.java:119)
	at com.kms.katalon.core.main.TestCaseExecutor.runScript(TestCaseExecutor.java:337)
	at com.kms.katalon.core.main.TestCaseExecutor.doExecute(TestCaseExecutor.java:328)
	at com.kms.katalon.core.main.TestCaseExecutor.processExecutionPhase(TestCaseExecutor.java:307)
	at com.kms.katalon.core.main.TestCaseExecutor.accessMainPhase(TestCaseExecutor.java:299)
	at com.kms.katalon.core.main.TestCaseExecutor.execute(TestCaseExecutor.java:233)
	at com.kms.katalon.core.main.TestCaseMain.runTestCase(TestCaseMain.java:114)
	at com.kms.katalon.core.keyword.builtin.CallTestCaseKeyword$_callTestCase_closure1.doCall(CallTestCaseKeyword.groovy:59)
	at com.kms.katalon.core.keyword.builtin.CallTestCaseKeyword$_callTestCase_closure1.call(CallTestCaseKeyword.groovy)
	at com.kms.katalon.core.keyword.internal.KeywordMain.runKeyword(KeywordMain.groovy:68)
	at com.kms.katalon.core.keyword.builtin.CallTestCaseKeyword.callTestCase(CallTestCaseKeyword.groovy:81)
	at com.kms.katalon.core.keyword.builtin.CallTestCaseKeyword.execute(CallTestCaseKeyword.groovy:44)
	at com.kms.katalon.core.keyword.internal.KeywordExecutor.executeKeywordForPlatform(KeywordExecutor.groovy:60)
	at com.kms.katalon.core.keyword.BuiltinKeywords.callTestCase(BuiltinKeywords.groovy:334)
	at TC_Data Entry.run(TC_Data Entry:42)
	at com.kms.katalon.core.main.ScriptEngine.run(ScriptEngine.java:194)
	at com.kms.katalon.core.main.ScriptEngine.runScriptAsRawText(ScriptEngine.java:119)
	at com.kms.katalon.core.main.TestCaseExecutor.runScript(TestCaseExecutor.java:337)
	at com.kms.katalon.core.main.TestCaseExecutor.doExecute(TestCaseExecutor.java:328)
	at com.kms.katalon.core.main.TestCaseExecutor.processExecutionPhase(TestCaseExecutor.java:307)
	at com.kms.katalon.core.main.TestCaseExecutor.accessMainPhase(TestCaseExecutor.java:299)
	at com.kms.katalon.core.main.TestCaseExecutor.execute(TestCaseExecutor.java:233)
	at com.kms.katalon.core.main.TestSuiteExecutor.accessTestCaseMainPhase(TestSuiteExecutor.java:169)
	at com.kms.katalon.core.main.TestSuiteExecutor.accessTestSuiteMainPhase(TestSuiteExecutor.java:142)
	at com.kms.katalon.core.main.TestSuiteExecutor.execute(TestSuiteExecutor.java:91)
	at com.kms.katalon.core.main.TestCaseMain.startTestSuite(TestCaseMain.java:157)
	at com.kms.katalon.core.main.TestCaseMain$startTestSuite$0.call(Unknown Source)
	at TempTestSuite1574825848461.run(TempTestSuite1574825848461.groovy:36)


2019-11-27 11:00:47 - [TEST_STEP][FAILED] - inpPekerjaan = getText(findTestObject("Borrower/Borrower - Pekerjaan/Borrower_Pekerjaan_InpPekerjaan"), 0): Failed to get text from element (Root cause: com.kms.katalon.core.exception.StepFailedException: Object Object Repository/Borrower/Borrower - Pekerjaan/Borrower_Pekerjaan_InpPekerjaan not found
	at com.kms.katalon.core.keyword.internal.KeywordMain.stepFailed(KeywordMain.groovy:50)
	at com.kms.katalon.core.mobile.keyword.internal.MobileKeywordMain.stepFailed(MobileKeywordMain.groovy:40)
	at com.kms.katalon.core.mobile.keyword.builtin.GetTextKeyword$_getText_closure1.doCall(GetTextKeyword.groovy:74)
	at com.kms.katalon.core.mobile.keyword.builtin.GetTextKeyword$_getText_closure1.call(GetTextKeyword.groovy)
	at com.kms.katalon.core.mobile.keyword.internal.MobileKeywordMain.runKeyword(MobileKeywordMain.groovy:21)
	at com.kms.katalon.core.mobile.keyword.builtin.GetTextKeyword.getText(GetTextKeyword.groovy:80)
	at com.kms.katalon.core.mobile.keyword.builtin.GetTextKeyword.execute(GetTextKeyword.groovy:64)
	at com.kms.katalon.core.keyword.internal.KeywordExecutor.executeKeywordForPlatform(KeywordExecutor.groovy:60)
	at com.kms.katalon.core.mobile.keyword.MobileBuiltInKeywords.getText(MobileBuiltInKeywords.groovy:458)
	at com.kms.katalon.core.mobile.keyword.MobileBuiltInKeywords$getText$13.call(Unknown Source)
	at TC_Borrower - Pekerjaan - MASTER FLOW.run(TC_Borrower - Pekerjaan - MASTER FLOW:16)
	at com.kms.katalon.core.main.ScriptEngine.run(ScriptEngine.java:194)
	at com.kms.katalon.core.main.ScriptEngine.runScriptAsRawText(ScriptEngine.java:119)
	at com.kms.katalon.core.main.TestCaseExecutor.runScript(TestCaseExecutor.java:337)
	at com.kms.katalon.core.main.TestCaseExecutor.doExecute(TestCaseExecutor.java:328)
	at com.kms.katalon.core.main.TestCaseExecutor.processExecutionPhase(TestCaseExecutor.java:307)
	at com.kms.katalon.core.main.TestCaseExecutor.accessMainPhase(TestCaseExecutor.java:299)
	at com.kms.katalon.core.main.TestCaseExecutor.execute(TestCaseExecutor.java:233)
	at com.kms.katalon.core.main.TestCaseMain.runTestCase(TestCaseMain.java:114)
	at com.kms.katalon.core.keyword.builtin.CallTestCaseKeyword$_callTestCase_closure1.doCall(CallTestCaseKeyword.groovy:59)
	at com.kms.katalon.core.keyword.builtin.CallTestCaseKeyword$_callTestCase_closure1.call(CallTestCaseKeyword.groovy)
	at com.kms.katalon.core.keyword.internal.KeywordMain.runKeyword(KeywordMain.groovy:68)
	at com.kms.katalon.core.keyword.builtin.CallTestCaseKeyword.callTestCase(CallTestCaseKeyword.groovy:81)
	at com.kms.katalon.core.keyword.builtin.CallTestCaseKeyword.execute(CallTestCaseKeyword.groovy:44)
	at com.kms.katalon.core.keyword.internal.KeywordExecutor.executeKeywordForPlatform(KeywordExecutor.groovy:60)
	at com.kms.katalon.core.keyword.BuiltinKeywords.callTestCase(BuiltinKeywords.groovy:334)
	at Flow Borrower.run(Flow Borrower:42)
	at com.kms.katalon.core.main.ScriptEngine.run(ScriptEngine.java:194)
	at com.kms.katalon.core.main.ScriptEngine.runScriptAsRawText(ScriptEngine.java:119)
	at com.kms.katalon.core.main.TestCaseExecutor.runScript(TestCaseExecutor.java:337)
	at com.kms.katalon.core.main.TestCaseExecutor.doExecute(TestCaseExecutor.java:328)
	at com.kms.katalon.core.main.TestCaseExecutor.processExecutionPhase(TestCaseExecutor.java:307)
	at com.kms.katalon.core.main.TestCaseExecutor.accessMainPhase(TestCaseExecutor.java:299)
	at com.kms.katalon.core.main.TestCaseExecutor.execute(TestCaseExecutor.java:233)
	at com.kms.katalon.core.main.TestCaseMain.runTestCase(TestCaseMain.java:114)
	at com.kms.katalon.core.keyword.builtin.CallTestCaseKeyword$_callTestCase_closure1.doCall(CallTestCaseKeyword.groovy:59)
	at com.kms.katalon.core.keyword.builtin.CallTestCaseKeyword$_callTestCase_closure1.call(CallTestCaseKeyword.groovy)
	at com.kms.katalon.core.keyword.internal.KeywordMain.runKeyword(KeywordMain.groovy:68)
	at com.kms.katalon.core.keyword.builtin.CallTestCaseKeyword.callTestCase(CallTestCaseKeyword.groovy:81)
	at com.kms.katalon.core.keyword.builtin.CallTestCaseKeyword.execute(CallTestCaseKeyword.groovy:44)
	at com.kms.katalon.core.keyword.internal.KeywordExecutor.executeKeywordForPlatform(KeywordExecutor.groovy:60)
	at com.kms.katalon.core.keyword.BuiltinKeywords.callTestCase(BuiltinKeywords.groovy:334)
	at TC_Data Entry.run(TC_Data Entry:42)
	at com.kms.katalon.core.main.ScriptEngine.run(ScriptEngine.java:194)
	at com.kms.katalon.core.main.ScriptEngine.runScriptAsRawText(ScriptEngine.java:119)
	at com.kms.katalon.core.main.TestCaseExecutor.runScript(TestCaseExecutor.java:337)
	at com.kms.katalon.core.main.TestCaseExecutor.doExecute(TestCaseExecutor.java:328)
	at com.kms.katalon.core.main.TestCaseExecutor.processExecutionPhase(TestCaseExecutor.java:307)
	at com.kms.katalon.core.main.TestCaseExecutor.accessMainPhase(TestCaseExecutor.java:299)
	at com.kms.katalon.core.main.TestCaseExecutor.execute(TestCaseExecutor.java:233)
	at com.kms.katalon.core.main.TestSuiteExecutor.accessTestCaseMainPhase(TestSuiteExecutor.java:169)
	at com.kms.katalon.core.main.TestSuiteExecutor.accessTestSuiteMainPhase(TestSuiteExecutor.java:142)
	at com.kms.katalon.core.main.TestSuiteExecutor.execute(TestSuiteExecutor.java:91)
	at com.kms.katalon.core.main.TestCaseMain.startTestSuite(TestCaseMain.java:157)
	at com.kms.katalon.core.main.TestCaseMain$startTestSuite$0.call(Unknown Source)
	at TempTestSuite1574825848461.run(TempTestSuite1574825848461.groovy:36)
)

2019-11-27 11:00:47 - [MESSAGE][WARNING] - Timeout '0' is invalid. Using default page load timeout: '30'

2019-11-27 11:01:19 - [MESSAGE][FAILED] - Object Object Repository/Borrower/Borrower - Pekerjaan/Borrower_Pekerjaan_InpPekerjaan not found
[[ATTACHMENT|C:\\Users\\15420\\git\\ACCME-Dupcheck\\Reports\\20191127_103728\\data entry dupcek\\20191127_103728\\1574827277715.png]]

2019-11-27 11:01:20 - [MESSAGE][FAILED] - Failed to get text from element (Root cause: com.kms.katalon.core.exception.StepFailedException: Object Object Repository/Borrower/Borrower - Pekerjaan/Borrower_Pekerjaan_InpPekerjaan not found
	at com.kms.katalon.core.keyword.internal.KeywordMain.stepFailed(KeywordMain.groovy:50)
	at com.kms.katalon.core.mobile.keyword.internal.MobileKeywordMain.stepFailed(MobileKeywordMain.groovy:40)
	at com.kms.katalon.core.mobile.keyword.builtin.GetTextKeyword$_getText_closure1.doCall(GetTextKeyword.groovy:74)
	at com.kms.katalon.core.mobile.keyword.builtin.GetTextKeyword$_getText_closure1.call(GetTextKeyword.groovy)
	at com.kms.katalon.core.mobile.keyword.internal.MobileKeywordMain.runKeyword(MobileKeywordMain.groovy:21)
	at com.kms.katalon.core.mobile.keyword.builtin.GetTextKeyword.getText(GetTextKeyword.groovy:80)
	at com.kms.katalon.core.mobile.keyword.builtin.GetTextKeyword.execute(GetTextKeyword.groovy:64)
	at com.kms.katalon.core.keyword.internal.KeywordExecutor.executeKeywordForPlatform(KeywordExecutor.groovy:60)
	at com.kms.katalon.core.mobile.keyword.MobileBuiltInKeywords.getText(MobileBuiltInKeywords.groovy:458)
	at com.kms.katalon.core.mobile.keyword.MobileBuiltInKeywords$getText$13.call(Unknown Source)
	at TC_Borrower - Pekerjaan - MASTER FLOW.run(TC_Borrower - Pekerjaan - MASTER FLOW:16)
	at com.kms.katalon.core.main.ScriptEngine.run(ScriptEngine.java:194)
	at com.kms.katalon.core.main.ScriptEngine.runScriptAsRawText(ScriptEngine.java:119)
	at com.kms.katalon.core.main.TestCaseExecutor.runScript(TestCaseExecutor.java:337)
	at com.kms.katalon.core.main.TestCaseExecutor.doExecute(TestCaseExecutor.java:328)
	at com.kms.katalon.core.main.TestCaseExecutor.processExecutionPhase(TestCaseExecutor.java:307)
	at com.kms.katalon.core.main.TestCaseExecutor.accessMainPhase(TestCaseExecutor.java:299)
	at com.kms.katalon.core.main.TestCaseExecutor.execute(TestCaseExecutor.java:233)
	at com.kms.katalon.core.main.TestCaseMain.runTestCase(TestCaseMain.java:114)
	at com.kms.katalon.core.keyword.builtin.CallTestCaseKeyword$_callTestCase_closure1.doCall(CallTestCaseKeyword.groovy:59)
	at com.kms.katalon.core.keyword.builtin.CallTestCaseKeyword$_callTestCase_closure1.call(CallTestCaseKeyword.groovy)
	at com.kms.katalon.core.keyword.internal.KeywordMain.runKeyword(KeywordMain.groovy:68)
	at com.kms.katalon.core.keyword.builtin.CallTestCaseKeyword.callTestCase(CallTestCaseKeyword.groovy:81)
	at com.kms.katalon.core.keyword.builtin.CallTestCaseKeyword.execute(CallTestCaseKeyword.groovy:44)
	at com.kms.katalon.core.keyword.internal.KeywordExecutor.executeKeywordForPlatform(KeywordExecutor.groovy:60)
	at com.kms.katalon.core.keyword.BuiltinKeywords.callTestCase(BuiltinKeywords.groovy:334)
	at Flow Borrower.run(Flow Borrower:42)
	at com.kms.katalon.core.main.ScriptEngine.run(ScriptEngine.java:194)
	at com.kms.katalon.core.main.ScriptEngine.runScriptAsRawText(ScriptEngine.java:119)
	at com.kms.katalon.core.main.TestCaseExecutor.runScript(TestCaseExecutor.java:337)
	at com.kms.katalon.core.main.TestCaseExecutor.doExecute(TestCaseExecutor.java:328)
	at com.kms.katalon.core.main.TestCaseExecutor.processExecutionPhase(TestCaseExecutor.java:307)
	at com.kms.katalon.core.main.TestCaseExecutor.accessMainPhase(TestCaseExecutor.java:299)
	at com.kms.katalon.core.main.TestCaseExecutor.execute(TestCaseExecutor.java:233)
	at com.kms.katalon.core.main.TestCaseMain.runTestCase(TestCaseMain.java:114)
	at com.kms.katalon.core.keyword.builtin.CallTestCaseKeyword$_callTestCase_closure1.doCall(CallTestCaseKeyword.groovy:59)
	at com.kms.katalon.core.keyword.builtin.CallTestCaseKeyword$_callTestCase_closure1.call(CallTestCaseKeyword.groovy)
	at com.kms.katalon.core.keyword.internal.KeywordMain.runKeyword(KeywordMain.groovy:68)
	at com.kms.katalon.core.keyword.builtin.CallTestCaseKeyword.callTestCase(CallTestCaseKeyword.groovy:81)
	at com.kms.katalon.core.keyword.builtin.CallTestCaseKeyword.execute(CallTestCaseKeyword.groovy:44)
	at com.kms.katalon.core.keyword.internal.KeywordExecutor.executeKeywordForPlatform(KeywordExecutor.groovy:60)
	at com.kms.katalon.core.keyword.BuiltinKeywords.callTestCase(BuiltinKeywords.groovy:334)
	at TC_Data Entry.run(TC_Data Entry:42)
	at com.kms.katalon.core.main.ScriptEngine.run(ScriptEngine.java:194)
	at com.kms.katalon.core.main.ScriptEngine.runScriptAsRawText(ScriptEngine.java:119)
	at com.kms.katalon.core.main.TestCaseExecutor.runScript(TestCaseExecutor.java:337)
	at com.kms.katalon.core.main.TestCaseExecutor.doExecute(TestCaseExecutor.java:328)
	at com.kms.katalon.core.main.TestCaseExecutor.processExecutionPhase(TestCaseExecutor.java:307)
	at com.kms.katalon.core.main.TestCaseExecutor.accessMainPhase(TestCaseExecutor.java:299)
	at com.kms.katalon.core.main.TestCaseExecutor.execute(TestCaseExecutor.java:233)
	at com.kms.katalon.core.main.TestSuiteExecutor.accessTestCaseMainPhase(TestSuiteExecutor.java:169)
	at com.kms.katalon.core.main.TestSuiteExecutor.accessTestSuiteMainPhase(TestSuiteExecutor.java:142)
	at com.kms.katalon.core.main.TestSuiteExecutor.execute(TestSuiteExecutor.java:91)
	at com.kms.katalon.core.main.TestCaseMain.startTestSuite(TestCaseMain.java:157)
	at com.kms.katalon.core.main.TestCaseMain$startTestSuite$0.call(Unknown Source)
	at TempTestSuite1574825848461.run(TempTestSuite1574825848461.groovy:36)
)
[[ATTACHMENT|C:\\Users\\15420\\git\\ACCME-Dupcheck\\Reports\\20191127_103728\\data entry dupcek\\20191127_103728\\1574827279391.png]]

2019-11-27 11:01:20 - [MESSAGE][FAILED] - Unable to call Test Case 'Test Cases/Data Entry/Borrower/Borrower - Pekerjaan/MASTER FLOW/TC_Borrower - Pekerjaan - MASTER FLOW' (Root cause: com.kms.katalon.core.exception.StepFailedException: Call Test Case 'Test Cases/Data Entry/Borrower/Borrower - Pekerjaan/MASTER FLOW/TC_Borrower - Pekerjaan - MASTER FLOW' failed
	at com.kms.katalon.core.keyword.builtin.CallTestCaseKeyword$_callTestCase_closure1.doCall(CallTestCaseKeyword.groovy:63)
	at com.kms.katalon.core.keyword.builtin.CallTestCaseKeyword$_callTestCase_closure1.call(CallTestCaseKeyword.groovy)
	at com.kms.katalon.core.keyword.internal.KeywordMain.runKeyword(KeywordMain.groovy:68)
	at com.kms.katalon.core.keyword.builtin.CallTestCaseKeyword.callTestCase(CallTestCaseKeyword.groovy:81)
	at com.kms.katalon.core.keyword.builtin.CallTestCaseKeyword.execute(CallTestCaseKeyword.groovy:44)
	at com.kms.katalon.core.keyword.internal.KeywordExecutor.executeKeywordForPlatform(KeywordExecutor.groovy:60)
	at com.kms.katalon.core.keyword.BuiltinKeywords.callTestCase(BuiltinKeywords.groovy:334)
	at Flow Borrower.run(Flow Borrower:42)
	at com.kms.katalon.core.main.ScriptEngine.run(ScriptEngine.java:194)
	at com.kms.katalon.core.main.ScriptEngine.runScriptAsRawText(ScriptEngine.java:119)
	at com.kms.katalon.core.main.TestCaseExecutor.runScript(TestCaseExecutor.java:337)
	at com.kms.katalon.core.main.TestCaseExecutor.doExecute(TestCaseExecutor.java:328)
	at com.kms.katalon.core.main.TestCaseExecutor.processExecutionPhase(TestCaseExecutor.java:307)
	at com.kms.katalon.core.main.TestCaseExecutor.accessMainPhase(TestCaseExecutor.java:299)
	at com.kms.katalon.core.main.TestCaseExecutor.execute(TestCaseExecutor.java:233)
	at com.kms.katalon.core.main.TestCaseMain.runTestCase(TestCaseMain.java:114)
	at com.kms.katalon.core.keyword.builtin.CallTestCaseKeyword$_callTestCase_closure1.doCall(CallTestCaseKeyword.groovy:59)
	at com.kms.katalon.core.keyword.builtin.CallTestCaseKeyword$_callTestCase_closure1.call(CallTestCaseKeyword.groovy)
	at com.kms.katalon.core.keyword.internal.KeywordMain.runKeyword(KeywordMain.groovy:68)
	at com.kms.katalon.core.keyword.builtin.CallTestCaseKeyword.callTestCase(CallTestCaseKeyword.groovy:81)
	at com.kms.katalon.core.keyword.builtin.CallTestCaseKeyword.execute(CallTestCaseKeyword.groovy:44)
	at com.kms.katalon.core.keyword.internal.KeywordExecutor.executeKeywordForPlatform(KeywordExecutor.groovy:60)
	at com.kms.katalon.core.keyword.BuiltinKeywords.callTestCase(BuiltinKeywords.groovy:334)
	at TC_Data Entry.run(TC_Data Entry:42)
	at com.kms.katalon.core.main.ScriptEngine.run(ScriptEngine.java:194)
	at com.kms.katalon.core.main.ScriptEngine.runScriptAsRawText(ScriptEngine.java:119)
	at com.kms.katalon.core.main.TestCaseExecutor.runScript(TestCaseExecutor.java:337)
	at com.kms.katalon.core.main.TestCaseExecutor.doExecute(TestCaseExecutor.java:328)
	at com.kms.katalon.core.main.TestCaseExecutor.processExecutionPhase(TestCaseExecutor.java:307)
	at com.kms.katalon.core.main.TestCaseExecutor.accessMainPhase(TestCaseExecutor.java:299)
	at com.kms.katalon.core.main.TestCaseExecutor.execute(TestCaseExecutor.java:233)
	at com.kms.katalon.core.main.TestSuiteExecutor.accessTestCaseMainPhase(TestSuiteExecutor.java:169)
	at com.kms.katalon.core.main.TestSuiteExecutor.accessTestSuiteMainPhase(TestSuiteExecutor.java:142)
	at com.kms.katalon.core.main.TestSuiteExecutor.execute(TestSuiteExecutor.java:91)
	at com.kms.katalon.core.main.TestCaseMain.startTestSuite(TestCaseMain.java:157)
	at com.kms.katalon.core.main.TestCaseMain$startTestSuite$0.call(Unknown Source)
	at TempTestSuite1574825848461.run(TempTestSuite1574825848461.groovy:36)
Caused by: com.kms.katalon.core.exception.StepFailedException: Object Object Repository/Borrower/Borrower - Pekerjaan/Borrower_Pekerjaan_InpPekerjaan not found
	at com.kms.katalon.core.keyword.internal.KeywordMain.stepFailed(KeywordMain.groovy:50)
	at com.kms.katalon.core.mobile.keyword.internal.MobileKeywordMain.stepFailed(MobileKeywordMain.groovy:40)
	at com.kms.katalon.core.mobile.keyword.builtin.GetTextKeyword$_getText_closure1.doCall(GetTextKeyword.groovy:74)
	at com.kms.katalon.core.mobile.keyword.builtin.GetTextKeyword$_getText_closure1.call(GetTextKeyword.groovy)
	at com.kms.katalon.core.mobile.keyword.internal.MobileKeywordMain.runKeyword(MobileKeywordMain.groovy:21)
	at com.kms.katalon.core.mobile.keyword.builtin.GetTextKeyword.getText(GetTextKeyword.groovy:80)
	at com.kms.katalon.core.mobile.keyword.builtin.GetTextKeyword.execute(GetTextKeyword.groovy:64)
	at com.kms.katalon.core.keyword.internal.KeywordExecutor.executeKeywordForPlatform(KeywordExecutor.groovy:60)
	at com.kms.katalon.core.mobile.keyword.MobileBuiltInKeywords.getText(MobileBuiltInKeywords.groovy:458)
	at com.kms.katalon.core.mobile.keyword.MobileBuiltInKeywords$getText$13.call(Unknown Source)
	at TC_Borrower - Pekerjaan - MASTER FLOW.run(TC_Borrower - Pekerjaan - MASTER FLOW:16)
	at com.kms.katalon.core.main.ScriptEngine.run(ScriptEngine.java:194)
	at com.kms.katalon.core.main.ScriptEngine.runScriptAsRawText(ScriptEngine.java:119)
	at com.kms.katalon.core.main.TestCaseExecutor.runScript(TestCaseExecutor.java:337)
	at com.kms.katalon.core.main.TestCaseExecutor.doExecute(TestCaseExecutor.java:328)
	at com.kms.katalon.core.main.TestCaseExecutor.processExecutionPhase(TestCaseExecutor.java:307)
	at com.kms.katalon.core.main.TestCaseExecutor.accessMainPhase(TestCaseExecutor.java:299)
	at com.kms.katalon.core.main.TestCaseExecutor.execute(TestCaseExecutor.java:233)
	at com.kms.katalon.core.main.TestCaseMain.runTestCase(TestCaseMain.java:114)
	at com.kms.katalon.core.keyword.builtin.CallTestCaseKeyword$_callTestCase_closure1.doCall(CallTestCaseKeyword.groovy:59)
	... 36 more
)

2019-11-27 11:01:20 - [MESSAGE][FAILED] - Unable to call Test Case 'Test Cases/Data Entry/Borrower/Flow Borrower' (Root cause: com.kms.katalon.core.exception.StepFailedException: Call Test Case 'Test Cases/Data Entry/Borrower/Flow Borrower' failed
	at com.kms.katalon.core.keyword.builtin.CallTestCaseKeyword$_callTestCase_closure1.doCall(CallTestCaseKeyword.groovy:63)
	at com.kms.katalon.core.keyword.builtin.CallTestCaseKeyword$_callTestCase_closure1.call(CallTestCaseKeyword.groovy)
	at com.kms.katalon.core.keyword.internal.KeywordMain.runKeyword(KeywordMain.groovy:68)
	at com.kms.katalon.core.keyword.builtin.CallTestCaseKeyword.callTestCase(CallTestCaseKeyword.groovy:81)
	at com.kms.katalon.core.keyword.builtin.CallTestCaseKeyword.execute(CallTestCaseKeyword.groovy:44)
	at com.kms.katalon.core.keyword.internal.KeywordExecutor.executeKeywordForPlatform(KeywordExecutor.groovy:60)
	at com.kms.katalon.core.keyword.BuiltinKeywords.callTestCase(BuiltinKeywords.groovy:334)
	at TC_Data Entry.run(TC_Data Entry:42)
	at com.kms.katalon.core.main.ScriptEngine.run(ScriptEngine.java:194)
	at com.kms.katalon.core.main.ScriptEngine.runScriptAsRawText(ScriptEngine.java:119)
	at com.kms.katalon.core.main.TestCaseExecutor.runScript(TestCaseExecutor.java:337)
	at com.kms.katalon.core.main.TestCaseExecutor.doExecute(TestCaseExecutor.java:328)
	at com.kms.katalon.core.main.TestCaseExecutor.processExecutionPhase(TestCaseExecutor.java:307)
	at com.kms.katalon.core.main.TestCaseExecutor.accessMainPhase(TestCaseExecutor.java:299)
	at com.kms.katalon.core.main.TestCaseExecutor.execute(TestCaseExecutor.java:233)
	at com.kms.katalon.core.main.TestSuiteExecutor.accessTestCaseMainPhase(TestSuiteExecutor.java:169)
	at com.kms.katalon.core.main.TestSuiteExecutor.accessTestSuiteMainPhase(TestSuiteExecutor.java:142)
	at com.kms.katalon.core.main.TestSuiteExecutor.execute(TestSuiteExecutor.java:91)
	at com.kms.katalon.core.main.TestCaseMain.startTestSuite(TestCaseMain.java:157)
	at com.kms.katalon.core.main.TestCaseMain$startTestSuite$0.call(Unknown Source)
	at TempTestSuite1574825848461.run(TempTestSuite1574825848461.groovy:36)
Caused by: com.kms.katalon.core.exception.StepFailedException: Call Test Case 'Test Cases/Data Entry/Borrower/Borrower - Pekerjaan/MASTER FLOW/TC_Borrower - Pekerjaan - MASTER FLOW' failed
	at com.kms.katalon.core.keyword.builtin.CallTestCaseKeyword$_callTestCase_closure1.doCall(CallTestCaseKeyword.groovy:63)
	at com.kms.katalon.core.keyword.builtin.CallTestCaseKeyword$_callTestCase_closure1.call(CallTestCaseKeyword.groovy)
	at com.kms.katalon.core.keyword.internal.KeywordMain.runKeyword(KeywordMain.groovy:68)
	at com.kms.katalon.core.keyword.builtin.CallTestCaseKeyword.callTestCase(CallTestCaseKeyword.groovy:81)
	at com.kms.katalon.core.keyword.builtin.CallTestCaseKeyword.execute(CallTestCaseKeyword.groovy:44)
	at com.kms.katalon.core.keyword.internal.KeywordExecutor.executeKeywordForPlatform(KeywordExecutor.groovy:60)
	at com.kms.katalon.core.keyword.BuiltinKeywords.callTestCase(BuiltinKeywords.groovy:334)
	at Flow Borrower.run(Flow Borrower:42)
	at com.kms.katalon.core.main.ScriptEngine.run(ScriptEngine.java:194)
	at com.kms.katalon.core.main.ScriptEngine.runScriptAsRawText(ScriptEngine.java:119)
	at com.kms.katalon.core.main.TestCaseExecutor.runScript(TestCaseExecutor.java:337)
	at com.kms.katalon.core.main.TestCaseExecutor.doExecute(TestCaseExecutor.java:328)
	at com.kms.katalon.core.main.TestCaseExecutor.processExecutionPhase(TestCaseExecutor.java:307)
	at com.kms.katalon.core.main.TestCaseExecutor.accessMainPhase(TestCaseExecutor.java:299)
	at com.kms.katalon.core.main.TestCaseExecutor.execute(TestCaseExecutor.java:233)
	at com.kms.katalon.core.main.TestCaseMain.runTestCase(TestCaseMain.java:114)
	at com.kms.katalon.core.keyword.builtin.CallTestCaseKeyword$_callTestCase_closure1.doCall(CallTestCaseKeyword.groovy:59)
	... 20 more
Caused by: com.kms.katalon.core.exception.StepFailedException: Object Object Repository/Borrower/Borrower - Pekerjaan/Borrower_Pekerjaan_InpPekerjaan not found
	at com.kms.katalon.core.keyword.internal.KeywordMain.stepFailed(KeywordMain.groovy:50)
	at com.kms.katalon.core.mobile.keyword.internal.MobileKeywordMain.stepFailed(MobileKeywordMain.groovy:40)
	at com.kms.katalon.core.mobile.keyword.builtin.GetTextKeyword$_getText_closure1.doCall(GetTextKeyword.groovy:74)
	at com.kms.katalon.core.mobile.keyword.builtin.GetTextKeyword$_getText_closure1.call(GetTextKeyword.groovy)
	at com.kms.katalon.core.mobile.keyword.internal.MobileKeywordMain.runKeyword(MobileKeywordMain.groovy:21)
	at com.kms.katalon.core.mobile.keyword.builtin.GetTextKeyword.getText(GetTextKeyword.groovy:80)
	at com.kms.katalon.core.mobile.keyword.builtin.GetTextKeyword.execute(GetTextKeyword.groovy:64)
	at com.kms.katalon.core.keyword.internal.KeywordExecutor.executeKeywordForPlatform(KeywordExecutor.groovy:60)
	at com.kms.katalon.core.mobile.keyword.MobileBuiltInKeywords.getText(MobileBuiltInKeywords.groovy:458)
	at com.kms.katalon.core.mobile.keyword.MobileBuiltInKeywords$getText$13.call(Unknown Source)
	at TC_Borrower - Pekerjaan - MASTER FLOW.run(TC_Borrower - Pekerjaan - MASTER FLOW:16)
	at com.kms.katalon.core.main.ScriptEngine.run(ScriptEngine.java:194)
	at com.kms.katalon.core.main.ScriptEngine.runScriptAsRawText(ScriptEngine.java:119)
	at com.kms.katalon.core.main.TestCaseExecutor.runScript(TestCaseExecutor.java:337)
	at com.kms.katalon.core.main.TestCaseExecutor.doExecute(TestCaseExecutor.java:328)
	at com.kms.katalon.core.main.TestCaseExecutor.processExecutionPhase(TestCaseExecutor.java:307)
	at com.kms.katalon.core.main.TestCaseExecutor.accessMainPhase(TestCaseExecutor.java:299)
	at com.kms.katalon.core.main.TestCaseExecutor.execute(TestCaseExecutor.java:233)
	at com.kms.katalon.core.main.TestCaseMain.runTestCase(TestCaseMain.java:114)
	at com.kms.katalon.core.keyword.builtin.CallTestCaseKeyword$_callTestCase_closure1.doCall(CallTestCaseKeyword.groovy:59)
	... 36 more
)]]></system-out>
         <system-err><![CDATA[2019-11-27 10:51:42 - [TEST_CASE][FAILED] - Test Cases/Data Entry/TC_Data Entry: Test Cases/Data Entry/TC_Data Entry FAILED.
Reason:
com.kms.katalon.core.exception.StepFailedException: Call Test Case 'Test Cases/Data Entry/Borrower/Flow Borrower' failed
	at com.kms.katalon.core.keyword.builtin.CallTestCaseKeyword$_callTestCase_closure1.doCall(CallTestCaseKeyword.groovy:63)
	at com.kms.katalon.core.keyword.builtin.CallTestCaseKeyword$_callTestCase_closure1.call(CallTestCaseKeyword.groovy)
	at com.kms.katalon.core.keyword.internal.KeywordMain.runKeyword(KeywordMain.groovy:68)
	at com.kms.katalon.core.keyword.builtin.CallTestCaseKeyword.callTestCase(CallTestCaseKeyword.groovy:81)
	at com.kms.katalon.core.keyword.builtin.CallTestCaseKeyword.execute(CallTestCaseKeyword.groovy:44)
	at com.kms.katalon.core.keyword.internal.KeywordExecutor.executeKeywordForPlatform(KeywordExecutor.groovy:60)
	at com.kms.katalon.core.keyword.BuiltinKeywords.callTestCase(BuiltinKeywords.groovy:334)
	at TC_Data Entry.run(TC_Data Entry:42)
	at com.kms.katalon.core.main.ScriptEngine.run(ScriptEngine.java:194)
	at com.kms.katalon.core.main.ScriptEngine.runScriptAsRawText(ScriptEngine.java:119)
	at com.kms.katalon.core.main.TestCaseExecutor.runScript(TestCaseExecutor.java:337)
	at com.kms.katalon.core.main.TestCaseExecutor.doExecute(TestCaseExecutor.java:328)
	at com.kms.katalon.core.main.TestCaseExecutor.processExecutionPhase(TestCaseExecutor.java:307)
	at com.kms.katalon.core.main.TestCaseExecutor.accessMainPhase(TestCaseExecutor.java:299)
	at com.kms.katalon.core.main.TestCaseExecutor.execute(TestCaseExecutor.java:233)
	at com.kms.katalon.core.main.TestSuiteExecutor.accessTestCaseMainPhase(TestSuiteExecutor.java:169)
	at com.kms.katalon.core.main.TestSuiteExecutor.accessTestSuiteMainPhase(TestSuiteExecutor.java:142)
	at com.kms.katalon.core.main.TestSuiteExecutor.execute(TestSuiteExecutor.java:91)
	at com.kms.katalon.core.main.TestCaseMain.startTestSuite(TestCaseMain.java:157)
	at com.kms.katalon.core.main.TestCaseMain$startTestSuite$0.call(Unknown Source)
	at TempTestSuite1574825848461.run(TempTestSuite1574825848461.groovy:36)
Caused by: com.kms.katalon.core.exception.StepFailedException: Call Test Case 'Test Cases/Data Entry/Borrower/Borrower - Pekerjaan/MASTER FLOW/TC_Borrower - Pekerjaan - MASTER FLOW' failed
	at com.kms.katalon.core.keyword.builtin.CallTestCaseKeyword$_callTestCase_closure1.doCall(CallTestCaseKeyword.groovy:63)
	at com.kms.katalon.core.keyword.builtin.CallTestCaseKeyword$_callTestCase_closure1.call(CallTestCaseKeyword.groovy)
	at com.kms.katalon.core.keyword.internal.KeywordMain.runKeyword(KeywordMain.groovy:68)
	at com.kms.katalon.core.keyword.builtin.CallTestCaseKeyword.callTestCase(CallTestCaseKeyword.groovy:81)
	at com.kms.katalon.core.keyword.builtin.CallTestCaseKeyword.execute(CallTestCaseKeyword.groovy:44)
	at com.kms.katalon.core.keyword.internal.KeywordExecutor.executeKeywordForPlatform(KeywordExecutor.groovy:60)
	at com.kms.katalon.core.keyword.BuiltinKeywords.callTestCase(BuiltinKeywords.groovy:334)
	at Flow Borrower.run(Flow Borrower:42)
	at com.kms.katalon.core.main.ScriptEngine.run(ScriptEngine.java:194)
	at com.kms.katalon.core.main.ScriptEngine.runScriptAsRawText(ScriptEngine.java:119)
	at com.kms.katalon.core.main.TestCaseExecutor.runScript(TestCaseExecutor.java:337)
	at com.kms.katalon.core.main.TestCaseExecutor.doExecute(TestCaseExecutor.java:328)
	at com.kms.katalon.core.main.TestCaseExecutor.processExecutionPhase(TestCaseExecutor.java:307)
	at com.kms.katalon.core.main.TestCaseExecutor.accessMainPhase(TestCaseExecutor.java:299)
	at com.kms.katalon.core.main.TestCaseExecutor.execute(TestCaseExecutor.java:233)
	at com.kms.katalon.core.main.TestCaseMain.runTestCase(TestCaseMain.java:114)
	at com.kms.katalon.core.keyword.builtin.CallTestCaseKeyword$_callTestCase_closure1.doCall(CallTestCaseKeyword.groovy:59)
	... 20 more
Caused by: com.kms.katalon.core.exception.StepFailedException: Object Object Repository/Borrower/Borrower - Pekerjaan/Borrower_Pekerjaan_InpPekerjaan not found
	at com.kms.katalon.core.keyword.internal.KeywordMain.stepFailed(KeywordMain.groovy:50)
	at com.kms.katalon.core.mobile.keyword.internal.MobileKeywordMain.stepFailed(MobileKeywordMain.groovy:40)
	at com.kms.katalon.core.mobile.keyword.builtin.GetTextKeyword$_getText_closure1.doCall(GetTextKeyword.groovy:74)
	at com.kms.katalon.core.mobile.keyword.builtin.GetTextKeyword$_getText_closure1.call(GetTextKeyword.groovy)
	at com.kms.katalon.core.mobile.keyword.internal.MobileKeywordMain.runKeyword(MobileKeywordMain.groovy:21)
	at com.kms.katalon.core.mobile.keyword.builtin.GetTextKeyword.getText(GetTextKeyword.groovy:80)
	at com.kms.katalon.core.mobile.keyword.builtin.GetTextKeyword.execute(GetTextKeyword.groovy:64)
	at com.kms.katalon.core.keyword.internal.KeywordExecutor.executeKeywordForPlatform(KeywordExecutor.groovy:60)
	at com.kms.katalon.core.mobile.keyword.MobileBuiltInKeywords.getText(MobileBuiltInKeywords.groovy:458)
	at com.kms.katalon.core.mobile.keyword.MobileBuiltInKeywords$getText$13.call(Unknown Source)
	at TC_Borrower - Pekerjaan - MASTER FLOW.run(TC_Borrower - Pekerjaan - MASTER FLOW:16)
	at com.kms.katalon.core.main.ScriptEngine.run(ScriptEngine.java:194)
	at com.kms.katalon.core.main.ScriptEngine.runScriptAsRawText(ScriptEngine.java:119)
	at com.kms.katalon.core.main.TestCaseExecutor.runScript(TestCaseExecutor.java:337)
	at com.kms.katalon.core.main.TestCaseExecutor.doExecute(TestCaseExecutor.java:328)
	at com.kms.katalon.core.main.TestCaseExecutor.processExecutionPhase(TestCaseExecutor.java:307)
	at com.kms.katalon.core.main.TestCaseExecutor.accessMainPhase(TestCaseExecutor.java:299)
	at com.kms.katalon.core.main.TestCaseExecutor.execute(TestCaseExecutor.java:233)
	at com.kms.katalon.core.main.TestCaseMain.runTestCase(TestCaseMain.java:114)
	at com.kms.katalon.core.keyword.builtin.CallTestCaseKeyword$_callTestCase_closure1.doCall(CallTestCaseKeyword.groovy:59)
	... 36 more]]></system-err>
      </testcase>
      <testcase name="Test Cases/Data Entry/TC_Data Entry" time="331.119" classname="Test Cases/Data Entry/TC_Data Entry" status="FAILED">
         <failure type="FAILED" message="Test Cases/Data Entry/TC_Data Entry FAILED.
Reason:
com.kms.katalon.core.exception.StepFailedException: Failed to tap on element 'Object Repository/dynamic object/BtnBerikutnya' (Root cause: org.openqa.selenium.WebDriverException: An unknown server-side error occurred while processing the command. Original error: Could not proxy command to remote server. Original error: Error: socket hang up
Build info: version: '3.141.59', revision: 'e82be7d358', time: '2018-11-14T08:25:53'
System info: host: 'FATITQC15420L', ip: '10.7.8.181', os.name: 'Windows 10', os.arch: 'amd64', os.version: '10.0', java.version: '1.8.0_181'
Driver info: com.kms.katalon.core.appium.driver.SwipeableAndroidDriver
Capabilities {app: C:\Users\15420\git\ACCME-Du..., appPackage: com.outsystemsenterprise.ac..., autoGrantPermissions: true, automationName: uiautomator2, databaseEnabled: false, desired: {app: C:\Users\15420\git\ACCME-Du..., autoGrantPermissions: true, automationName: uiautomator2, deviceId: , deviceName: samsung SM-A505F (Android 9), fullReset: false, newCommandTimeout: 1800, noReset: true, platform: ANDROID, platformName: android, platformVersion: 9, resetKeyboard: true, systemPort: 58508, udid: RR8M30NJT6T, unicodeKeyboard: true}, deviceApiLevel: 28, deviceId: , deviceManufacturer: samsung, deviceModel: SM-A505F, deviceName: RR8M30NJT6T, deviceScreenDensity: 420, deviceScreenSize: 1080x2340, deviceUDID: RR8M30NJT6T, fullReset: false, javascriptEnabled: true, locationContextEnabled: false, networkConnectionEnabled: true, newCommandTimeout: 1800, noReset: true, pixelRatio: 2.625, platform: ANDROID, platformName: Android, platformVersion: 9, resetKeyboard: true, statBarHeight: 83, systemPort: 58508, takesScreenshot: true, udid: RR8M30NJT6T, unicodeKeyboard: true, viewportRect: {height: 2048, left: 0, top: 83, width: 1080}, warnings: {}, webStorageEnabled: false}
Session ID: 72f0289a-7ca6-4460-b500-ee6c19ab6ad8
	at org.openqa.selenium.remote.http.W3CHttpResponseCodec.createException(W3CHttpResponseCodec.java:187)
	at org.openqa.selenium.remote.http.W3CHttpResponseCodec.decode(W3CHttpResponseCodec.java:122)
	at org.openqa.selenium.remote.http.W3CHttpResponseCodec.decode(W3CHttpResponseCodec.java:49)
	at org.openqa.selenium.remote.HttpCommandExecutor.execute(HttpCommandExecutor.java:158)
	at io.appium.java_client.remote.AppiumCommandExecutor.execute(AppiumCommandExecutor.java:239)
	at org.openqa.selenium.remote.RemoteWebDriver.execute(RemoteWebDriver.java:552)
	at io.appium.java_client.DefaultGenericMobileDriver.execute(DefaultGenericMobileDriver.java:46)
	at io.appium.java_client.AppiumDriver.execute(AppiumDriver.java:1)
	at io.appium.java_client.android.AndroidDriver.execute(AndroidDriver.java:1)
	at com.kms.katalon.core.appium.driver.SwipeableAndroidDriver.execute(SwipeableAndroidDriver.java:1)
	at org.openqa.selenium.remote.RemoteWebDriver$RemoteWebDriverOptions$RemoteWindow.getSize(RemoteWebDriver.java:813)
	at org.openqa.selenium.WebDriver$Window$getSize.call(Unknown Source)
	at com.kms.katalon.core.mobile.keyword.internal.MobileAbstractKeyword.findElement(MobileAbstractKeyword.groovy:81)
	at com.kms.katalon.core.mobile.keyword.builtin.TapKeyword$_tap_closure1.doCall(TapKeyword.groovy:76)
	at com.kms.katalon.core.mobile.keyword.builtin.TapKeyword$_tap_closure1.call(TapKeyword.groovy)
	at com.kms.katalon.core.mobile.keyword.internal.MobileKeywordMain.runKeyword(MobileKeywordMain.groovy:21)
	at com.kms.katalon.core.mobile.keyword.builtin.TapKeyword.tap(TapKeyword.groovy:86)
	at com.kms.katalon.core.mobile.keyword.builtin.TapKeyword.execute(TapKeyword.groovy:68)
	at com.kms.katalon.core.keyword.internal.KeywordExecutor.executeKeywordForPlatform(KeywordExecutor.groovy:60)
	at com.kms.katalon.core.mobile.keyword.MobileBuiltInKeywords.tap(MobileBuiltInKeywords.groovy:520)
	at com.kms.katalon.core.mobile.keyword.MobileBuiltInKeywords$tap$1.call(Unknown Source)
	at TC_Data Entry.run(TC_Data Entry:38)
	at com.kms.katalon.core.main.ScriptEngine.run(ScriptEngine.java:194)
	at com.kms.katalon.core.main.ScriptEngine.runScriptAsRawText(ScriptEngine.java:119)
	at com.kms.katalon.core.main.TestCaseExecutor.runScript(TestCaseExecutor.java:337)
	at com.kms.katalon.core.main.TestCaseExecutor.doExecute(TestCaseExecutor.java:328)
	at com.kms.katalon.core.main.TestCaseExecutor.processExecutionPhase(TestCaseExecutor.java:307)
	at com.kms.katalon.core.main.TestCaseExecutor.accessMainPhase(TestCaseExecutor.java:299)
	at com.kms.katalon.core.main.TestCaseExecutor.execute(TestCaseExecutor.java:233)
	at com.kms.katalon.core.main.TestSuiteExecutor.accessTestCaseMainPhase(TestSuiteExecutor.java:169)
	at com.kms.katalon.core.main.TestSuiteExecutor.accessTestSuiteMainPhase(TestSuiteExecutor.java:142)
	at com.kms.katalon.core.main.TestSuiteExecutor.execute(TestSuiteExecutor.java:91)
	at com.kms.katalon.core.main.TestCaseMain.startTestSuite(TestCaseMain.java:157)
	at com.kms.katalon.core.main.TestCaseMain$startTestSuite$0.call(Unknown Source)
	at TempTestSuite1574825848461.run(TempTestSuite1574825848461.groovy:36)
)
	at com.kms.katalon.core.keyword.internal.KeywordMain.stepFailed(KeywordMain.groovy:50)
	at com.kms.katalon.core.mobile.keyword.internal.MobileKeywordMain.stepFailed(MobileKeywordMain.groovy:40)
	at com.kms.katalon.core.mobile.keyword.internal.MobileKeywordMain.runKeyword(MobileKeywordMain.groovy:23)
	at com.kms.katalon.core.mobile.keyword.builtin.TapKeyword.tap(TapKeyword.groovy:86)
	at com.kms.katalon.core.mobile.keyword.builtin.TapKeyword.execute(TapKeyword.groovy:68)
	at com.kms.katalon.core.keyword.internal.KeywordExecutor.executeKeywordForPlatform(KeywordExecutor.groovy:60)
	at com.kms.katalon.core.mobile.keyword.MobileBuiltInKeywords.tap(MobileBuiltInKeywords.groovy:520)
	at com.kms.katalon.core.mobile.keyword.MobileBuiltInKeywords$tap$1.call(Unknown Source)
	at TC_Data Entry.run(TC_Data Entry:38)
	at com.kms.katalon.core.main.ScriptEngine.run(ScriptEngine.java:194)
	at com.kms.katalon.core.main.ScriptEngine.runScriptAsRawText(ScriptEngine.java:119)
	at com.kms.katalon.core.main.TestCaseExecutor.runScript(TestCaseExecutor.java:337)
	at com.kms.katalon.core.main.TestCaseExecutor.doExecute(TestCaseExecutor.java:328)
	at com.kms.katalon.core.main.TestCaseExecutor.processExecutionPhase(TestCaseExecutor.java:307)
	at com.kms.katalon.core.main.TestCaseExecutor.accessMainPhase(TestCaseExecutor.java:299)
	at com.kms.katalon.core.main.TestCaseExecutor.execute(TestCaseExecutor.java:233)
	at com.kms.katalon.core.main.TestSuiteExecutor.accessTestCaseMainPhase(TestSuiteExecutor.java:169)
	at com.kms.katalon.core.main.TestSuiteExecutor.accessTestSuiteMainPhase(TestSuiteExecutor.java:142)
	at com.kms.katalon.core.main.TestSuiteExecutor.execute(TestSuiteExecutor.java:91)
	at com.kms.katalon.core.main.TestCaseMain.startTestSuite(TestCaseMain.java:157)
	at com.kms.katalon.core.main.TestCaseMain$startTestSuite$0.call(Unknown Source)
	at TempTestSuite1574825848461.run(TempTestSuite1574825848461.groovy:36)
Caused by: org.openqa.selenium.WebDriverException: An unknown server-side error occurred while processing the command. Original error: Could not proxy command to remote server. Original error: Error: socket hang up
Build info: version: '3.141.59', revision: 'e82be7d358', time: '2018-11-14T08:25:53'
System info: host: 'FATITQC15420L', ip: '10.7.8.181', os.name: 'Windows 10', os.arch: 'amd64', os.version: '10.0', java.version: '1.8.0_181'
Driver info: com.kms.katalon.core.appium.driver.SwipeableAndroidDriver
Capabilities {app: C:\Users\15420\git\ACCME-Du..., appPackage: com.outsystemsenterprise.ac..., autoGrantPermissions: true, automationName: uiautomator2, databaseEnabled: false, desired: {app: C:\Users\15420\git\ACCME-Du..., autoGrantPermissions: true, automationName: uiautomator2, deviceId: , deviceName: samsung SM-A505F (Android 9), fullReset: false, newCommandTimeout: 1800, noReset: true, platform: ANDROID, platformName: android, platformVersion: 9, resetKeyboard: true, systemPort: 58508, udid: RR8M30NJT6T, unicodeKeyboard: true}, deviceApiLevel: 28, deviceId: , deviceManufacturer: samsung, deviceModel: SM-A505F, deviceName: RR8M30NJT6T, deviceScreenDensity: 420, deviceScreenSize: 1080x2340, deviceUDID: RR8M30NJT6T, fullReset: false, javascriptEnabled: true, locationContextEnabled: false, networkConnectionEnabled: true, newCommandTimeout: 1800, noReset: true, pixelRatio: 2.625, platform: ANDROID, platformName: Android, platformVersion: 9, resetKeyboard: true, statBarHeight: 83, systemPort: 58508, takesScreenshot: true, udid: RR8M30NJT6T, unicodeKeyboard: true, viewportRect: {height: 2048, left: 0, top: 83, width: 1080}, warnings: {}, webStorageEnabled: false}
Session ID: 72f0289a-7ca6-4460-b500-ee6c19ab6ad8
	at org.openqa.selenium.remote.http.W3CHttpResponseCodec.createException(W3CHttpResponseCodec.java:187)
	at org.openqa.selenium.remote.http.W3CHttpResponseCodec.decode(W3CHttpResponseCodec.java:122)
	at org.openqa.selenium.remote.http.W3CHttpResponseCodec.decode(W3CHttpResponseCodec.java:49)
	at org.openqa.selenium.remote.HttpCommandExecutor.execute(HttpCommandExecutor.java:158)
	at io.appium.java_client.remote.AppiumCommandExecutor.execute(AppiumCommandExecutor.java:239)
	at org.openqa.selenium.remote.RemoteWebDriver.execute(RemoteWebDriver.java:552)
	at io.appium.java_client.DefaultGenericMobileDriver.execute(DefaultGenericMobileDriver.java:46)
	at io.appium.java_client.AppiumDriver.execute(AppiumDriver.java:1)
	at io.appium.java_client.android.AndroidDriver.execute(AndroidDriver.java:1)
	at com.kms.katalon.core.appium.driver.SwipeableAndroidDriver.execute(SwipeableAndroidDriver.java:1)
	at org.openqa.selenium.remote.RemoteWebDriver$RemoteWebDriverOptions$RemoteWindow.getSize(RemoteWebDriver.java:813)
	at org.openqa.selenium.WebDriver$Window$getSize.call(Unknown Source)
	at com.kms.katalon.core.mobile.keyword.internal.MobileAbstractKeyword.findElement(MobileAbstractKeyword.groovy:81)
	at com.kms.katalon.core.mobile.keyword.builtin.TapKeyword$_tap_closure1.doCall(TapKeyword.groovy:76)
	at com.kms.katalon.core.mobile.keyword.builtin.TapKeyword$_tap_closure1.call(TapKeyword.groovy)
	at com.kms.katalon.core.mobile.keyword.internal.MobileKeywordMain.runKeyword(MobileKeywordMain.groovy:21)
	... 19 more
"/>
         <system-out><![CDATA[2019-11-27 11:01:21 - [TEST_CASE][FAILED] - Test Cases/Data Entry/TC_Data Entry: Test Cases/Data Entry/TC_Data Entry FAILED.
Reason:
com.kms.katalon.core.exception.StepFailedException: Failed to tap on element 'Object Repository/dynamic object/BtnBerikutnya' (Root cause: org.openqa.selenium.WebDriverException: An unknown server-side error occurred while processing the command. Original error: Could not proxy command to remote server. Original error: Error: socket hang up
Build info: version: '3.141.59', revision: 'e82be7d358', time: '2018-11-14T08:25:53'
System info: host: 'FATITQC15420L', ip: '10.7.8.181', os.name: 'Windows 10', os.arch: 'amd64', os.version: '10.0', java.version: '1.8.0_181'
Driver info: com.kms.katalon.core.appium.driver.SwipeableAndroidDriver
Capabilities {app: C:\Users\15420\git\ACCME-Du..., appPackage: com.outsystemsenterprise.ac..., autoGrantPermissions: true, automationName: uiautomator2, databaseEnabled: false, desired: {app: C:\Users\15420\git\ACCME-Du..., autoGrantPermissions: true, automationName: uiautomator2, deviceId: , deviceName: samsung SM-A505F (Android 9), fullReset: false, newCommandTimeout: 1800, noReset: true, platform: ANDROID, platformName: android, platformVersion: 9, resetKeyboard: true, systemPort: 58508, udid: RR8M30NJT6T, unicodeKeyboard: true}, deviceApiLevel: 28, deviceId: , deviceManufacturer: samsung, deviceModel: SM-A505F, deviceName: RR8M30NJT6T, deviceScreenDensity: 420, deviceScreenSize: 1080x2340, deviceUDID: RR8M30NJT6T, fullReset: false, javascriptEnabled: true, locationContextEnabled: false, networkConnectionEnabled: true, newCommandTimeout: 1800, noReset: true, pixelRatio: 2.625, platform: ANDROID, platformName: Android, platformVersion: 9, resetKeyboard: true, statBarHeight: 83, systemPort: 58508, takesScreenshot: true, udid: RR8M30NJT6T, unicodeKeyboard: true, viewportRect: {height: 2048, left: 0, top: 83, width: 1080}, warnings: {}, webStorageEnabled: false}
Session ID: 72f0289a-7ca6-4460-b500-ee6c19ab6ad8
	at org.openqa.selenium.remote.http.W3CHttpResponseCodec.createException(W3CHttpResponseCodec.java:187)
	at org.openqa.selenium.remote.http.W3CHttpResponseCodec.decode(W3CHttpResponseCodec.java:122)
	at org.openqa.selenium.remote.http.W3CHttpResponseCodec.decode(W3CHttpResponseCodec.java:49)
	at org.openqa.selenium.remote.HttpCommandExecutor.execute(HttpCommandExecutor.java:158)
	at io.appium.java_client.remote.AppiumCommandExecutor.execute(AppiumCommandExecutor.java:239)
	at org.openqa.selenium.remote.RemoteWebDriver.execute(RemoteWebDriver.java:552)
	at io.appium.java_client.DefaultGenericMobileDriver.execute(DefaultGenericMobileDriver.java:46)
	at io.appium.java_client.AppiumDriver.execute(AppiumDriver.java:1)
	at io.appium.java_client.android.AndroidDriver.execute(AndroidDriver.java:1)
	at com.kms.katalon.core.appium.driver.SwipeableAndroidDriver.execute(SwipeableAndroidDriver.java:1)
	at org.openqa.selenium.remote.RemoteWebDriver$RemoteWebDriverOptions$RemoteWindow.getSize(RemoteWebDriver.java:813)
	at org.openqa.selenium.WebDriver$Window$getSize.call(Unknown Source)
	at com.kms.katalon.core.mobile.keyword.internal.MobileAbstractKeyword.findElement(MobileAbstractKeyword.groovy:81)
	at com.kms.katalon.core.mobile.keyword.builtin.TapKeyword$_tap_closure1.doCall(TapKeyword.groovy:76)
	at com.kms.katalon.core.mobile.keyword.builtin.TapKeyword$_tap_closure1.call(TapKeyword.groovy)
	at com.kms.katalon.core.mobile.keyword.internal.MobileKeywordMain.runKeyword(MobileKeywordMain.groovy:21)
	at com.kms.katalon.core.mobile.keyword.builtin.TapKeyword.tap(TapKeyword.groovy:86)
	at com.kms.katalon.core.mobile.keyword.builtin.TapKeyword.execute(TapKeyword.groovy:68)
	at com.kms.katalon.core.keyword.internal.KeywordExecutor.executeKeywordForPlatform(KeywordExecutor.groovy:60)
	at com.kms.katalon.core.mobile.keyword.MobileBuiltInKeywords.tap(MobileBuiltInKeywords.groovy:520)
	at com.kms.katalon.core.mobile.keyword.MobileBuiltInKeywords$tap$1.call(Unknown Source)
	at TC_Data Entry.run(TC_Data Entry:38)
	at com.kms.katalon.core.main.ScriptEngine.run(ScriptEngine.java:194)
	at com.kms.katalon.core.main.ScriptEngine.runScriptAsRawText(ScriptEngine.java:119)
	at com.kms.katalon.core.main.TestCaseExecutor.runScript(TestCaseExecutor.java:337)
	at com.kms.katalon.core.main.TestCaseExecutor.doExecute(TestCaseExecutor.java:328)
	at com.kms.katalon.core.main.TestCaseExecutor.processExecutionPhase(TestCaseExecutor.java:307)
	at com.kms.katalon.core.main.TestCaseExecutor.accessMainPhase(TestCaseExecutor.java:299)
	at com.kms.katalon.core.main.TestCaseExecutor.execute(TestCaseExecutor.java:233)
	at com.kms.katalon.core.main.TestSuiteExecutor.accessTestCaseMainPhase(TestSuiteExecutor.java:169)
	at com.kms.katalon.core.main.TestSuiteExecutor.accessTestSuiteMainPhase(TestSuiteExecutor.java:142)
	at com.kms.katalon.core.main.TestSuiteExecutor.execute(TestSuiteExecutor.java:91)
	at com.kms.katalon.core.main.TestCaseMain.startTestSuite(TestCaseMain.java:157)
	at com.kms.katalon.core.main.TestCaseMain$startTestSuite$0.call(Unknown Source)
	at TempTestSuite1574825848461.run(TempTestSuite1574825848461.groovy:36)
)
	at com.kms.katalon.core.keyword.internal.KeywordMain.stepFailed(KeywordMain.groovy:50)
	at com.kms.katalon.core.mobile.keyword.internal.MobileKeywordMain.stepFailed(MobileKeywordMain.groovy:40)
	at com.kms.katalon.core.mobile.keyword.internal.MobileKeywordMain.runKeyword(MobileKeywordMain.groovy:23)
	at com.kms.katalon.core.mobile.keyword.builtin.TapKeyword.tap(TapKeyword.groovy:86)
	at com.kms.katalon.core.mobile.keyword.builtin.TapKeyword.execute(TapKeyword.groovy:68)
	at com.kms.katalon.core.keyword.internal.KeywordExecutor.executeKeywordForPlatform(KeywordExecutor.groovy:60)
	at com.kms.katalon.core.mobile.keyword.MobileBuiltInKeywords.tap(MobileBuiltInKeywords.groovy:520)
	at com.kms.katalon.core.mobile.keyword.MobileBuiltInKeywords$tap$1.call(Unknown Source)
	at TC_Data Entry.run(TC_Data Entry:38)
	at com.kms.katalon.core.main.ScriptEngine.run(ScriptEngine.java:194)
	at com.kms.katalon.core.main.ScriptEngine.runScriptAsRawText(ScriptEngine.java:119)
	at com.kms.katalon.core.main.TestCaseExecutor.runScript(TestCaseExecutor.java:337)
	at com.kms.katalon.core.main.TestCaseExecutor.doExecute(TestCaseExecutor.java:328)
	at com.kms.katalon.core.main.TestCaseExecutor.processExecutionPhase(TestCaseExecutor.java:307)
	at com.kms.katalon.core.main.TestCaseExecutor.accessMainPhase(TestCaseExecutor.java:299)
	at com.kms.katalon.core.main.TestCaseExecutor.execute(TestCaseExecutor.java:233)
	at com.kms.katalon.core.main.TestSuiteExecutor.accessTestCaseMainPhase(TestSuiteExecutor.java:169)
	at com.kms.katalon.core.main.TestSuiteExecutor.accessTestSuiteMainPhase(TestSuiteExecutor.java:142)
	at com.kms.katalon.core.main.TestSuiteExecutor.execute(TestSuiteExecutor.java:91)
	at com.kms.katalon.core.main.TestCaseMain.startTestSuite(TestCaseMain.java:157)
	at com.kms.katalon.core.main.TestCaseMain$startTestSuite$0.call(Unknown Source)
	at TempTestSuite1574825848461.run(TempTestSuite1574825848461.groovy:36)
Caused by: org.openqa.selenium.WebDriverException: An unknown server-side error occurred while processing the command. Original error: Could not proxy command to remote server. Original error: Error: socket hang up
Build info: version: '3.141.59', revision: 'e82be7d358', time: '2018-11-14T08:25:53'
System info: host: 'FATITQC15420L', ip: '10.7.8.181', os.name: 'Windows 10', os.arch: 'amd64', os.version: '10.0', java.version: '1.8.0_181'
Driver info: com.kms.katalon.core.appium.driver.SwipeableAndroidDriver
Capabilities {app: C:\Users\15420\git\ACCME-Du..., appPackage: com.outsystemsenterprise.ac..., autoGrantPermissions: true, automationName: uiautomator2, databaseEnabled: false, desired: {app: C:\Users\15420\git\ACCME-Du..., autoGrantPermissions: true, automationName: uiautomator2, deviceId: , deviceName: samsung SM-A505F (Android 9), fullReset: false, newCommandTimeout: 1800, noReset: true, platform: ANDROID, platformName: android, platformVersion: 9, resetKeyboard: true, systemPort: 58508, udid: RR8M30NJT6T, unicodeKeyboard: true}, deviceApiLevel: 28, deviceId: , deviceManufacturer: samsung, deviceModel: SM-A505F, deviceName: RR8M30NJT6T, deviceScreenDensity: 420, deviceScreenSize: 1080x2340, deviceUDID: RR8M30NJT6T, fullReset: false, javascriptEnabled: true, locationContextEnabled: false, networkConnectionEnabled: true, newCommandTimeout: 1800, noReset: true, pixelRatio: 2.625, platform: ANDROID, platformName: Android, platformVersion: 9, resetKeyboard: true, statBarHeight: 83, systemPort: 58508, takesScreenshot: true, udid: RR8M30NJT6T, unicodeKeyboard: true, viewportRect: {height: 2048, left: 0, top: 83, width: 1080}, warnings: {}, webStorageEnabled: false}
Session ID: 72f0289a-7ca6-4460-b500-ee6c19ab6ad8
	at org.openqa.selenium.remote.http.W3CHttpResponseCodec.createException(W3CHttpResponseCodec.java:187)
	at org.openqa.selenium.remote.http.W3CHttpResponseCodec.decode(W3CHttpResponseCodec.java:122)
	at org.openqa.selenium.remote.http.W3CHttpResponseCodec.decode(W3CHttpResponseCodec.java:49)
	at org.openqa.selenium.remote.HttpCommandExecutor.execute(HttpCommandExecutor.java:158)
	at io.appium.java_client.remote.AppiumCommandExecutor.execute(AppiumCommandExecutor.java:239)
	at org.openqa.selenium.remote.RemoteWebDriver.execute(RemoteWebDriver.java:552)
	at io.appium.java_client.DefaultGenericMobileDriver.execute(DefaultGenericMobileDriver.java:46)
	at io.appium.java_client.AppiumDriver.execute(AppiumDriver.java:1)
	at io.appium.java_client.android.AndroidDriver.execute(AndroidDriver.java:1)
	at com.kms.katalon.core.appium.driver.SwipeableAndroidDriver.execute(SwipeableAndroidDriver.java:1)
	at org.openqa.selenium.remote.RemoteWebDriver$RemoteWebDriverOptions$RemoteWindow.getSize(RemoteWebDriver.java:813)
	at org.openqa.selenium.WebDriver$Window$getSize.call(Unknown Source)
	at com.kms.katalon.core.mobile.keyword.internal.MobileAbstractKeyword.findElement(MobileAbstractKeyword.groovy:81)
	at com.kms.katalon.core.mobile.keyword.builtin.TapKeyword$_tap_closure1.doCall(TapKeyword.groovy:76)
	at com.kms.katalon.core.mobile.keyword.builtin.TapKeyword$_tap_closure1.call(TapKeyword.groovy)
	at com.kms.katalon.core.mobile.keyword.internal.MobileKeywordMain.runKeyword(MobileKeywordMain.groovy:21)
	... 19 more


2019-11-27 11:01:21 - [TEST_STEP][PASSED] - callTestCase(findTestCase("dynamic test case/open application"), [:], STOP_ON_FAILURE): Call Test Case 'Test Cases/dynamic test case/open application' successfully

2019-11-27 11:01:21 - [TEST_CASE][PASSED] - Test Cases/dynamic test case/open application: Test Cases/dynamic test case/open application

2019-11-27 11:01:21 - [TEST_STEP][PASSED] - appPath = relativeToAbsolutePath(apkname, getProjectDir()): null

2019-11-27 11:01:21 - [TEST_STEP][PASSED] - startApplication(appPath, false): Started app at: 'C:\Users\15420\git\ACCME-Dupcheck\AccMe.apk'

2019-11-27 11:01:21 - [MESSAGE][INFO] - User set preference: ['unicodeKeyboard', 'true']

2019-11-27 11:01:21 - [MESSAGE][INFO] - User set preference: ['resetKeyboard', 'true']

2019-11-27 11:01:21 - [MESSAGE][INFO] - User set preference: ['deviceId', '']

2019-11-27 11:01:58 - [MESSAGE][PASSED] - Started app at: 'C:\Users\15420\git\ACCME-Dupcheck\AccMe.apk'

2019-11-27 11:01:58 - [MESSAGE][PASSED] - Call Test Case 'Test Cases/dynamic test case/open application' successfully

2019-11-27 11:01:58 - [TEST_STEP][PASSED] - callTestCase(findTestCase("Data Entry/Simulasi Kredit/Simulasi Kredit/MASTER FLOW/TC_Simulasi Kredit - MASTER FLOW"), ["varBrand":varBrand, "varType":varType, "varModel":varModel, "varTahun":varTahun, "varTenor":varTenor, "varOTR":varOTR, "varRP":varRP, ... ], OPTIONAL): Call Test Case 'Test Cases/Data Entry/Simulasi Kredit/Simulasi Kredit/MASTER FLOW/TC_Simulasi Kredit - MASTER FLOW' successfully

2019-11-27 11:01:58 - [TEST_CASE][PASSED] - Test Cases/Data Entry/Simulasi Kredit/Simulasi Kredit/MASTER FLOW/TC_Simulasi Kredit - MASTER FLOW: Test Cases/Data Entry/Simulasi Kredit/Simulasi Kredit/MASTER FLOW/TC_Simulasi Kredit - MASTER FLOW

2019-11-27 11:01:59 - [TEST_STEP][PASSED] - waitForElementPresent(findTestObject("Simulasi Kredit/Simulasi Kredit - Simulasi Kredit/SimulasiKredit_Btn Simulasi Kredit"), 0): Element 'Object Repository/Simulasi Kredit/Simulasi Kredit - Simulasi Kredit/SimulasiKredit_Btn Simulasi Kredit' is present

2019-11-27 11:01:59 - [MESSAGE][WARNING] - Timeout '0' is invalid. Using default page load timeout: '30'

2019-11-27 11:02:09 - [MESSAGE][PASSED] - Element 'Object Repository/Simulasi Kredit/Simulasi Kredit - Simulasi Kredit/SimulasiKredit_Btn Simulasi Kredit' is present

2019-11-27 11:02:09 - [TEST_STEP][PASSED] - tap(findTestObject("Simulasi Kredit/Simulasi Kredit - Simulasi Kredit/SimulasiKredit_Btn Simulasi Kredit"), 0): Tapped on element 'Object Repository/Simulasi Kredit/Simulasi Kredit - Simulasi Kredit/SimulasiKredit_Btn Simulasi Kredit'

2019-11-27 11:02:09 - [MESSAGE][WARNING] - Timeout '0' is invalid. Using default page load timeout: '30'

2019-11-27 11:02:10 - [MESSAGE][PASSED] - Tapped on element 'Object Repository/Simulasi Kredit/Simulasi Kredit - Simulasi Kredit/SimulasiKredit_Btn Simulasi Kredit'

2019-11-27 11:02:10 - [TEST_STEP][PASSED] - if (varPembiayaan == "NewCar"): Tapped on element 'Object Repository/Simulasi Kredit/Simulasi Kredit - Simulasi Kredit/SimulasiKredit_new car'

2019-11-27 11:02:10 - [TEST_STEP][PASSED] - tap(findTestObject("Simulasi Kredit/Simulasi Kredit - Simulasi Kredit/SimulasiKredit_new car"), 0): Tapped on element 'Object Repository/Simulasi Kredit/Simulasi Kredit - Simulasi Kredit/SimulasiKredit_new car'

2019-11-27 11:02:10 - [MESSAGE][WARNING] - Timeout '0' is invalid. Using default page load timeout: '30'

2019-11-27 11:02:14 - [MESSAGE][PASSED] - Tapped on element 'Object Repository/Simulasi Kredit/Simulasi Kredit - Simulasi Kredit/SimulasiKredit_new car'

2019-11-27 11:02:14 - [TEST_STEP][PASSED] - if (varPembiayaan == "UsedCar"): null

2019-11-27 11:02:14 - [TEST_STEP][PASSED] - if (varTipepembiayaan == "syariah"): null

2019-11-27 11:02:14 - [TEST_STEP][PASSED] - if (varTipepembiayaan == "konvensional"): null

2019-11-27 11:02:14 - [TEST_STEP][PASSED] - if (varkodepaket == "ya"): null

2019-11-27 11:02:14 - [TEST_STEP][PASSED] - setText(findTestObject("Simulasi Kredit/Simulasi Kredit - Simulasi Kredit/SimulasiKredit_Inp Brand"), varBrand, 0): Text 'HONDA' has been set to element 'Object Repository/Simulasi Kredit/Simulasi Kredit - Simulasi Kredit/SimulasiKredit_Inp Brand'

2019-11-27 11:02:14 - [MESSAGE][WARNING] - Timeout '0' is invalid. Using default page load timeout: '30'

2019-11-27 11:02:16 - [MESSAGE][PASSED] - Text 'HONDA' has been set to element 'Object Repository/Simulasi Kredit/Simulasi Kredit - Simulasi Kredit/SimulasiKredit_Inp Brand'

2019-11-27 11:02:16 - [TEST_STEP][PASSED] - tap(findTestObject("Simulasi Kredit/Simulasi Kredit - Simulasi Kredit/SimulasiKredit_Inp Brand"), 0): Tapped on element 'Object Repository/Simulasi Kredit/Simulasi Kredit - Simulasi Kredit/SimulasiKredit_Inp Brand'

2019-11-27 11:02:16 - [MESSAGE][WARNING] - Timeout '0' is invalid. Using default page load timeout: '30'

2019-11-27 11:02:20 - [MESSAGE][PASSED] - Tapped on element 'Object Repository/Simulasi Kredit/Simulasi Kredit - Simulasi Kredit/SimulasiKredit_Inp Brand'

2019-11-27 11:02:20 - [TEST_STEP][PASSED] - tap(findTestObject("dynamic object/pickListItem_viewView", ["text":varBrand]), 0): Tapped on element 'Object Repository/dynamic object/pickListItem_viewView'

2019-11-27 11:02:20 - [MESSAGE][WARNING] - Timeout '0' is invalid. Using default page load timeout: '30'

2019-11-27 11:02:24 - [MESSAGE][PASSED] - Tapped on element 'Object Repository/dynamic object/pickListItem_viewView'

2019-11-27 11:02:24 - [TEST_STEP][PASSED] - tap(findTestObject("Simulasi Kredit/Simulasi Kredit - Simulasi Kredit/SimulasiKredit_Inp Type"), 0): Tapped on element 'Object Repository/Simulasi Kredit/Simulasi Kredit - Simulasi Kredit/SimulasiKredit_Inp Type'

2019-11-27 11:02:24 - [MESSAGE][WARNING] - Timeout '0' is invalid. Using default page load timeout: '30'

2019-11-27 11:02:27 - [MESSAGE][PASSED] - Tapped on element 'Object Repository/Simulasi Kredit/Simulasi Kredit - Simulasi Kredit/SimulasiKredit_Inp Type'

2019-11-27 11:02:27 - [TEST_STEP][PASSED] - setText(findTestObject("Simulasi Kredit/Simulasi Kredit - Simulasi Kredit/SimulasiKredit_Inp Type"), varType, 0): Text 'J01' has been set to element 'Object Repository/Simulasi Kredit/Simulasi Kredit - Simulasi Kredit/SimulasiKredit_Inp Type'

2019-11-27 11:02:27 - [MESSAGE][WARNING] - Timeout '0' is invalid. Using default page load timeout: '30'

2019-11-27 11:02:29 - [MESSAGE][PASSED] - Text 'J01' has been set to element 'Object Repository/Simulasi Kredit/Simulasi Kredit - Simulasi Kredit/SimulasiKredit_Inp Type'

2019-11-27 11:02:29 - [TEST_STEP][PASSED] - delay(3): Delayed 3 second(s)

2019-11-27 11:02:32 - [MESSAGE][PASSED] - Delayed 3 second(s)

2019-11-27 11:02:32 - [TEST_STEP][PASSED] - tap(findTestObject("Simulasi Kredit/Simulasi Kredit - Simulasi Kredit/SimulasiKredit_Inp Type"), 0): Tapped on element 'Object Repository/Simulasi Kredit/Simulasi Kredit - Simulasi Kredit/SimulasiKredit_Inp Type'

2019-11-27 11:02:32 - [MESSAGE][WARNING] - Timeout '0' is invalid. Using default page load timeout: '30'

2019-11-27 11:02:35 - [MESSAGE][PASSED] - Tapped on element 'Object Repository/Simulasi Kredit/Simulasi Kredit - Simulasi Kredit/SimulasiKredit_Inp Type'

2019-11-27 11:02:35 - [TEST_STEP][PASSED] - tap(findTestObject("Simulasi Kredit/Simulasi Kredit - Simulasi Kredit/SimulasiKredit_Inp Type LOV"), 0): Tapped on element 'Object Repository/Simulasi Kredit/Simulasi Kredit - Simulasi Kredit/SimulasiKredit_Inp Type LOV'

2019-11-27 11:02:35 - [MESSAGE][WARNING] - Timeout '0' is invalid. Using default page load timeout: '30'

2019-11-27 11:02:37 - [MESSAGE][PASSED] - Tapped on element 'Object Repository/Simulasi Kredit/Simulasi Kredit - Simulasi Kredit/SimulasiKredit_Inp Type LOV'

2019-11-27 11:02:37 - [TEST_STEP][PASSED] - mobile.mobileSwipe.UpDown(0.8, 0.5, 1000): mobile.mobileSwipe.UpDown is PASSED

2019-11-27 11:02:38 - [MESSAGE][PASSED] - Current device physical height is 2131

2019-11-27 11:02:38 - [MESSAGE][INFO] - Device Height : 2131

2019-11-27 11:02:39 - [MESSAGE][PASSED] - Current device physical width is 1080

2019-11-27 11:02:39 - [MESSAGE][INFO] - Device Width : 1080

2019-11-27 11:02:39 - [MESSAGE][INFO] - Swipe start at Height : 1704

2019-11-27 11:02:39 - [MESSAGE][INFO] - Swipe end at Height : 1065

2019-11-27 11:02:39 - [MESSAGE][INFO] - X Position : 1000

2019-11-27 11:02:42 - [MESSAGE][PASSED] - Swiped from 1,000,1,704 to 1,000,1,065

2019-11-27 11:02:42 - [MESSAGE][PASSED] - mobile.mobileSwipe.UpDown is PASSED

2019-11-27 11:02:42 - [TEST_STEP][PASSED] - tap(findTestObject("Simulasi Kredit/Simulasi Kredit - Simulasi Kredit/SimulasiKredit_Inp Model"), 0): Tapped on element 'Object Repository/Simulasi Kredit/Simulasi Kredit - Simulasi Kredit/SimulasiKredit_Inp Model'

2019-11-27 11:02:42 - [MESSAGE][WARNING] - Timeout '0' is invalid. Using default page load timeout: '30'

2019-11-27 11:02:45 - [MESSAGE][PASSED] - Tapped on element 'Object Repository/Simulasi Kredit/Simulasi Kredit - Simulasi Kredit/SimulasiKredit_Inp Model'

2019-11-27 11:02:45 - [TEST_STEP][PASSED] - scrollToText(varModel, STOP_ON_FAILURE): Scrolling to text 'T:1.5 IDSI A/T' successfully

2019-11-27 11:02:52 - [MESSAGE][PASSED] - Scrolling to text 'T:1.5 IDSI A/T' successfully

2019-11-27 11:02:52 - [TEST_STEP][PASSED] - tap(findTestObject("dynamic object/pickListItem_checkedTextView", ["text":varModel]), 0): Tapped on element 'Object Repository/dynamic object/pickListItem_checkedTextView'

2019-11-27 11:02:52 - [MESSAGE][WARNING] - Timeout '0' is invalid. Using default page load timeout: '30'

2019-11-27 11:02:54 - [MESSAGE][PASSED] - Tapped on element 'Object Repository/dynamic object/pickListItem_checkedTextView'

2019-11-27 11:02:54 - [TEST_STEP][PASSED] - tap(findTestObject("Simulasi Kredit/Simulasi Kredit - Simulasi Kredit/SimulasiKredit_Tahun"), 0): Tapped on element 'Object Repository/Simulasi Kredit/Simulasi Kredit - Simulasi Kredit/SimulasiKredit_Tahun'

2019-11-27 11:02:54 - [MESSAGE][WARNING] - Timeout '0' is invalid. Using default page load timeout: '30'

2019-11-27 11:02:57 - [MESSAGE][PASSED] - Tapped on element 'Object Repository/Simulasi Kredit/Simulasi Kredit - Simulasi Kredit/SimulasiKredit_Tahun'

2019-11-27 11:02:57 - [TEST_STEP][PASSED] - scrollToText(varTahun, STOP_ON_FAILURE): Scrolling to text '2018' successfully

2019-11-27 11:02:58 - [MESSAGE][PASSED] - Scrolling to text '2018' successfully

2019-11-27 11:02:58 - [TEST_STEP][PASSED] - tap(findTestObject("dynamic object/pickListItem_checkedTextView", ["text":varTahun]), 0): Tapped on element 'Object Repository/dynamic object/pickListItem_checkedTextView'

2019-11-27 11:02:59 - [MESSAGE][WARNING] - Timeout '0' is invalid. Using default page load timeout: '30'

2019-11-27 11:03:00 - [MESSAGE][PASSED] - Tapped on element 'Object Repository/dynamic object/pickListItem_checkedTextView'

2019-11-27 11:03:00 - [TEST_STEP][PASSED] - tap(findTestObject("Simulasi Kredit/Simulasi Kredit - Simulasi Kredit/SimulasiKredit_Tenor"), 0): Tapped on element 'Object Repository/Simulasi Kredit/Simulasi Kredit - Simulasi Kredit/SimulasiKredit_Tenor'

2019-11-27 11:03:00 - [MESSAGE][WARNING] - Timeout '0' is invalid. Using default page load timeout: '30'

2019-11-27 11:03:02 - [MESSAGE][PASSED] - Tapped on element 'Object Repository/Simulasi Kredit/Simulasi Kredit - Simulasi Kredit/SimulasiKredit_Tenor'

2019-11-27 11:03:02 - [TEST_STEP][PASSED] - tap(findTestObject("dynamic object/pickListItem_checkedTextView", ["text":varTenor]), 0): Tapped on element 'Object Repository/dynamic object/pickListItem_checkedTextView'

2019-11-27 11:03:03 - [MESSAGE][WARNING] - Timeout '0' is invalid. Using default page load timeout: '30'

2019-11-27 11:03:04 - [MESSAGE][PASSED] - Tapped on element 'Object Repository/dynamic object/pickListItem_checkedTextView'

2019-11-27 11:03:04 - [TEST_STEP][PASSED] - setText(findTestObject("Simulasi Kredit/Simulasi Kredit - Simulasi Kredit/SimulasiKredit_Inp OTR"), varOTR, 0): Text '105000000' has been set to element 'Object Repository/Simulasi Kredit/Simulasi Kredit - Simulasi Kredit/SimulasiKredit_Inp OTR'

2019-11-27 11:03:04 - [MESSAGE][WARNING] - Timeout '0' is invalid. Using default page load timeout: '30'

2019-11-27 11:03:06 - [MESSAGE][PASSED] - Text '105000000' has been set to element 'Object Repository/Simulasi Kredit/Simulasi Kredit - Simulasi Kredit/SimulasiKredit_Inp OTR'

2019-11-27 11:03:06 - [TEST_STEP][PASSED] - setText(findTestObject("Simulasi Kredit/Simulasi Kredit - Simulasi Kredit/SimulasiKredit_Inp RP"), varRP, 0): Text '26250000' has been set to element 'Object Repository/Simulasi Kredit/Simulasi Kredit - Simulasi Kredit/SimulasiKredit_Inp RP'

2019-11-27 11:03:07 - [MESSAGE][WARNING] - Timeout '0' is invalid. Using default page load timeout: '30'

2019-11-27 11:03:10 - [MESSAGE][PASSED] - Text '26250000' has been set to element 'Object Repository/Simulasi Kredit/Simulasi Kredit - Simulasi Kredit/SimulasiKredit_Inp RP'

2019-11-27 11:03:10 - [TEST_STEP][PASSED] - mobile.mobileSwipe.UpDown(0.5, 0.2, 1000): mobile.mobileSwipe.UpDown is PASSED

2019-11-27 11:03:11 - [MESSAGE][PASSED] - Current device physical height is 2131

2019-11-27 11:03:11 - [MESSAGE][INFO] - Device Height : 2131

2019-11-27 11:03:12 - [MESSAGE][PASSED] - Current device physical width is 1080

2019-11-27 11:03:12 - [MESSAGE][INFO] - Device Width : 1080

2019-11-27 11:03:12 - [MESSAGE][INFO] - Swipe start at Height : 1065

2019-11-27 11:03:12 - [MESSAGE][INFO] - Swipe end at Height : 426

2019-11-27 11:03:12 - [MESSAGE][INFO] - X Position : 1000

2019-11-27 11:03:14 - [MESSAGE][PASSED] - Swiped from 1,000,1,065 to 1,000,426

2019-11-27 11:03:14 - [MESSAGE][PASSED] - mobile.mobileSwipe.UpDown is PASSED

2019-11-27 11:03:14 - [TEST_STEP][PASSED] - setText(findTestObject("Simulasi Kredit/Simulasi Kredit - Simulasi Kredit/SimulasiKredit_Inp Dealer"), varDealer, 0): Text 'ABDUL QODIR J. H' has been set to element 'Object Repository/Simulasi Kredit/Simulasi Kredit - Simulasi Kredit/SimulasiKredit_Inp Dealer'

2019-11-27 11:03:14 - [MESSAGE][WARNING] - Timeout '0' is invalid. Using default page load timeout: '30'

2019-11-27 11:03:16 - [MESSAGE][PASSED] - Text 'ABDUL QODIR J. H' has been set to element 'Object Repository/Simulasi Kredit/Simulasi Kredit - Simulasi Kredit/SimulasiKredit_Inp Dealer'

2019-11-27 11:03:16 - [TEST_STEP][PASSED] - tap(findTestObject("Simulasi Kredit/Simulasi Kredit - Simulasi Kredit/SimulasiKredit_Inp Dealer"), 0): Tapped on element 'Object Repository/Simulasi Kredit/Simulasi Kredit - Simulasi Kredit/SimulasiKredit_Inp Dealer'

2019-11-27 11:03:16 - [MESSAGE][WARNING] - Timeout '0' is invalid. Using default page load timeout: '30'

2019-11-27 11:03:20 - [MESSAGE][PASSED] - Tapped on element 'Object Repository/Simulasi Kredit/Simulasi Kredit - Simulasi Kredit/SimulasiKredit_Inp Dealer'

2019-11-27 11:03:20 - [TEST_STEP][PASSED] - clearText(findTestObject("Simulasi Kredit/Simulasi Kredit - Simulasi Kredit/SimulasiKredit_Inp Dealer"), 0): Element 'Object Repository/Simulasi Kredit/Simulasi Kredit - Simulasi Kredit/SimulasiKredit_Inp Dealer' text is cleared

2019-11-27 11:03:20 - [MESSAGE][WARNING] - Timeout '0' is invalid. Using default page load timeout: '30'

2019-11-27 11:03:21 - [MESSAGE][PASSED] - Element 'Object Repository/Simulasi Kredit/Simulasi Kredit - Simulasi Kredit/SimulasiKredit_Inp Dealer' text is cleared

2019-11-27 11:03:21 - [TEST_STEP][PASSED] - setText(findTestObject("Simulasi Kredit/Simulasi Kredit - Simulasi Kredit/SimulasiKredit_Inp Dealer"), varDealer, 0): Text 'ABDUL QODIR J. H' has been set to element 'Object Repository/Simulasi Kredit/Simulasi Kredit - Simulasi Kredit/SimulasiKredit_Inp Dealer'

2019-11-27 11:03:21 - [MESSAGE][WARNING] - Timeout '0' is invalid. Using default page load timeout: '30'

2019-11-27 11:03:22 - [MESSAGE][PASSED] - Text 'ABDUL QODIR J. H' has been set to element 'Object Repository/Simulasi Kredit/Simulasi Kredit - Simulasi Kredit/SimulasiKredit_Inp Dealer'

2019-11-27 11:03:22 - [TEST_STEP][PASSED] - delay(4, STOP_ON_FAILURE): Delayed 4 second(s)

2019-11-27 11:03:26 - [MESSAGE][PASSED] - Delayed 4 second(s)

2019-11-27 11:03:26 - [TEST_STEP][PASSED] - tap(findTestObject("Simulasi Kredit/Simulasi Kredit - Simulasi Kredit/SimulasiKredit_LOV Dealer"), 0): Tapped on element 'Object Repository/Simulasi Kredit/Simulasi Kredit - Simulasi Kredit/SimulasiKredit_LOV Dealer'

2019-11-27 11:03:27 - [MESSAGE][WARNING] - Timeout '0' is invalid. Using default page load timeout: '30'

2019-11-27 11:03:29 - [MESSAGE][PASSED] - Tapped on element 'Object Repository/Simulasi Kredit/Simulasi Kredit - Simulasi Kredit/SimulasiKredit_LOV Dealer'

2019-11-27 11:03:29 - [TEST_STEP][PASSED] - setText(findTestObject("Simulasi Kredit/Simulasi Kredit - Simulasi Kredit/SimulasiKredit_Inp Sales Dealer"), varSales, 0): Text 'ABDUL QODIR' has been set to element 'Object Repository/Simulasi Kredit/Simulasi Kredit - Simulasi Kredit/SimulasiKredit_Inp Sales Dealer'

2019-11-27 11:03:29 - [MESSAGE][WARNING] - Timeout '0' is invalid. Using default page load timeout: '30'

2019-11-27 11:03:32 - [MESSAGE][PASSED] - Text 'ABDUL QODIR' has been set to element 'Object Repository/Simulasi Kredit/Simulasi Kredit - Simulasi Kredit/SimulasiKredit_Inp Sales Dealer'

2019-11-27 11:03:32 - [TEST_STEP][PASSED] - tap(findTestObject("Simulasi Kredit/Simulasi Kredit - Simulasi Kredit/SimulasiKredit_Inp Sales Dealer"), 0): Tapped on element 'Object Repository/Simulasi Kredit/Simulasi Kredit - Simulasi Kredit/SimulasiKredit_Inp Sales Dealer'

2019-11-27 11:03:32 - [MESSAGE][WARNING] - Timeout '0' is invalid. Using default page load timeout: '30'

2019-11-27 11:03:34 - [MESSAGE][PASSED] - Tapped on element 'Object Repository/Simulasi Kredit/Simulasi Kredit - Simulasi Kredit/SimulasiKredit_Inp Sales Dealer'

2019-11-27 11:03:34 - [TEST_STEP][PASSED] - tap(findTestObject("Simulasi Kredit/Simulasi Kredit - Simulasi Kredit/SimulasiKredit_LOV Sales Dealer"), 0): Tapped on element 'Object Repository/Simulasi Kredit/Simulasi Kredit - Simulasi Kredit/SimulasiKredit_LOV Sales Dealer'

2019-11-27 11:03:35 - [MESSAGE][WARNING] - Timeout '0' is invalid. Using default page load timeout: '30'

2019-11-27 11:03:37 - [MESSAGE][PASSED] - Tapped on element 'Object Repository/Simulasi Kredit/Simulasi Kredit - Simulasi Kredit/SimulasiKredit_LOV Sales Dealer'

2019-11-27 11:03:37 - [TEST_STEP][PASSED] - tap(findTestObject("Simulasi Kredit/Simulasi Kredit - Simulasi Kredit/SimulasiKredit_Btn Hitung"), 0): Tapped on element 'Object Repository/Simulasi Kredit/Simulasi Kredit - Simulasi Kredit/SimulasiKredit_Btn Hitung'

2019-11-27 11:03:37 - [MESSAGE][WARNING] - Timeout '0' is invalid. Using default page load timeout: '30'

2019-11-27 11:03:42 - [MESSAGE][PASSED] - Tapped on element 'Object Repository/Simulasi Kredit/Simulasi Kredit - Simulasi Kredit/SimulasiKredit_Btn Hitung'

2019-11-27 11:03:42 - [TEST_STEP][PASSED] - delay(20, STOP_ON_FAILURE): Delayed 20 second(s)

2019-11-27 11:04:02 - [MESSAGE][PASSED] - Delayed 20 second(s)

2019-11-27 11:04:02 - [TEST_STEP][PASSED] - tap(findTestObject("Simulasi Kredit/Simulasi Kredit - Simulasi Kredit/SimulasiKredit_Btn Berikutnya"), 0): Tapped on element 'Object Repository/Simulasi Kredit/Simulasi Kredit - Simulasi Kredit/SimulasiKredit_Btn Berikutnya'

2019-11-27 11:04:02 - [MESSAGE][WARNING] - Timeout '0' is invalid. Using default page load timeout: '30'

2019-11-27 11:04:04 - [MESSAGE][PASSED] - Tapped on element 'Object Repository/Simulasi Kredit/Simulasi Kredit - Simulasi Kredit/SimulasiKredit_Btn Berikutnya'

2019-11-27 11:04:04 - [TEST_STEP][PASSED] - delay(1, STOP_ON_FAILURE): Delayed 1 second(s)

2019-11-27 11:04:05 - [MESSAGE][PASSED] - Delayed 1 second(s)

2019-11-27 11:04:05 - [TEST_STEP][PASSED] - waitForElementPresent(findTestObject("Simulasi Kredit/Simulasi Kredit - Asuransi/Asuransi_Nama Asuransi"), 0): Element 'Object Repository/Simulasi Kredit/Simulasi Kredit - Asuransi/Asuransi_Nama Asuransi' is present

2019-11-27 11:04:05 - [MESSAGE][WARNING] - Timeout '0' is invalid. Using default page load timeout: '30'

2019-11-27 11:04:06 - [MESSAGE][PASSED] - Element 'Object Repository/Simulasi Kredit/Simulasi Kredit - Asuransi/Asuransi_Nama Asuransi' is present

2019-11-27 11:04:06 - [MESSAGE][PASSED] - Call Test Case 'Test Cases/Data Entry/Simulasi Kredit/Simulasi Kredit/MASTER FLOW/TC_Simulasi Kredit - MASTER FLOW' successfully

2019-11-27 11:04:06 - [TEST_STEP][PASSED] - callTestCase(findTestCase("Data Entry/Simulasi Kredit/Simulasi Kredit - Asuransi/MASTER FLOW/TC_Asuransi - MASTER FLOW"), ["varAsuransi":varAsuransi, "varKodeWilayah":varKodeWilayah], STOP_ON_FAILURE): Call Test Case 'Test Cases/Data Entry/Simulasi Kredit/Simulasi Kredit - Asuransi/MASTER FLOW/TC_Asuransi - MASTER FLOW' successfully

2019-11-27 11:04:06 - [TEST_CASE][PASSED] - Test Cases/Data Entry/Simulasi Kredit/Simulasi Kredit - Asuransi/MASTER FLOW/TC_Asuransi - MASTER FLOW: Test Cases/Data Entry/Simulasi Kredit/Simulasi Kredit - Asuransi/MASTER FLOW/TC_Asuransi - MASTER FLOW

2019-11-27 11:04:07 - [TEST_STEP][PASSED] - delay(2, STOP_ON_FAILURE): Delayed 2 second(s)

2019-11-27 11:04:09 - [MESSAGE][PASSED] - Delayed 2 second(s)

2019-11-27 11:04:09 - [TEST_STEP][PASSED] - tap(findTestObject("Simulasi Kredit/Simulasi Kredit - Asuransi/Asuransi_Nama Asuransi"), 0): Tapped on element 'Object Repository/Simulasi Kredit/Simulasi Kredit - Asuransi/Asuransi_Nama Asuransi'

2019-11-27 11:04:09 - [MESSAGE][WARNING] - Timeout '0' is invalid. Using default page load timeout: '30'

2019-11-27 11:04:11 - [MESSAGE][PASSED] - Tapped on element 'Object Repository/Simulasi Kredit/Simulasi Kredit - Asuransi/Asuransi_Nama Asuransi'

2019-11-27 11:04:11 - [TEST_STEP][PASSED] - setText(findTestObject("Simulasi Kredit/Simulasi Kredit - Asuransi/Asuransi_Nama Asuransi"), varAsuransi, 0): Text 'PT AAB REGULER OJK 2017(305001)' has been set to element 'Object Repository/Simulasi Kredit/Simulasi Kredit - Asuransi/Asuransi_Nama Asuransi'

2019-11-27 11:04:11 - [MESSAGE][WARNING] - Timeout '0' is invalid. Using default page load timeout: '30'

2019-11-27 11:04:15 - [MESSAGE][PASSED] - Text 'PT AAB REGULER OJK 2017(305001)' has been set to element 'Object Repository/Simulasi Kredit/Simulasi Kredit - Asuransi/Asuransi_Nama Asuransi'

2019-11-27 11:04:15 - [TEST_STEP][PASSED] - tap(findTestObject("Simulasi Kredit/Simulasi Kredit - Asuransi/Asuransi_LOV Nama Asuransi"), 0): Tapped on element 'Object Repository/Simulasi Kredit/Simulasi Kredit - Asuransi/Asuransi_LOV Nama Asuransi'

2019-11-27 11:04:15 - [MESSAGE][WARNING] - Timeout '0' is invalid. Using default page load timeout: '30'

2019-11-27 11:04:18 - [MESSAGE][PASSED] - Tapped on element 'Object Repository/Simulasi Kredit/Simulasi Kredit - Asuransi/Asuransi_LOV Nama Asuransi'

2019-11-27 11:04:18 - [TEST_STEP][PASSED] - delay(1, STOP_ON_FAILURE): Delayed 1 second(s)

2019-11-27 11:04:19 - [MESSAGE][PASSED] - Delayed 1 second(s)

2019-11-27 11:04:19 - [TEST_STEP][PASSED] - tap(findTestObject("Simulasi Kredit/Simulasi Kredit - Asuransi/Asuransi_KDWilayah"), 0): Tapped on element 'Object Repository/Simulasi Kredit/Simulasi Kredit - Asuransi/Asuransi_KDWilayah'

2019-11-27 11:04:19 - [MESSAGE][WARNING] - Timeout '0' is invalid. Using default page load timeout: '30'

2019-11-27 11:04:21 - [MESSAGE][PASSED] - Tapped on element 'Object Repository/Simulasi Kredit/Simulasi Kredit - Asuransi/Asuransi_KDWilayah'

2019-11-27 11:04:21 - [TEST_STEP][PASSED] - tap(findTestObject("dynamic object/pickListItem_checkedTextView", ["text":varKodeWilayah]), 0): Tapped on element 'Object Repository/dynamic object/pickListItem_checkedTextView'

2019-11-27 11:04:22 - [MESSAGE][WARNING] - Timeout '0' is invalid. Using default page load timeout: '30'

2019-11-27 11:04:23 - [MESSAGE][PASSED] - Tapped on element 'Object Repository/dynamic object/pickListItem_checkedTextView'

2019-11-27 11:04:23 - [TEST_STEP][PASSED] - tap(findTestObject("Simulasi Kredit/Simulasi Kredit - Asuransi/asuransi_BtnARPlus"), 0): Tapped on element 'Object Repository/Simulasi Kredit/Simulasi Kredit - Asuransi/asuransi_BtnARPlus'

2019-11-27 11:04:23 - [MESSAGE][WARNING] - Timeout '0' is invalid. Using default page load timeout: '30'

2019-11-27 11:04:25 - [MESSAGE][PASSED] - Tapped on element 'Object Repository/Simulasi Kredit/Simulasi Kredit - Asuransi/asuransi_BtnARPlus'

2019-11-27 11:04:25 - [TEST_STEP][PASSED] - tap(findTestObject("Simulasi Kredit/Simulasi Kredit - Asuransi/asuransi_BtnCashPlus"), 0): Tapped on element 'Object Repository/Simulasi Kredit/Simulasi Kredit - Asuransi/asuransi_BtnCashPlus'

2019-11-27 11:04:25 - [MESSAGE][WARNING] - Timeout '0' is invalid. Using default page load timeout: '30'

2019-11-27 11:04:27 - [MESSAGE][PASSED] - Tapped on element 'Object Repository/Simulasi Kredit/Simulasi Kredit - Asuransi/asuransi_BtnCashPlus'

2019-11-27 11:04:27 - [TEST_STEP][PASSED] - delay(2, STOP_ON_FAILURE): Delayed 2 second(s)

2019-11-27 11:04:29 - [MESSAGE][PASSED] - Delayed 2 second(s)

2019-11-27 11:04:29 - [TEST_STEP][PASSED] - tap(findTestObject("Simulasi Kredit/Simulasi Kredit - Asuransi/Asuransi_Hitung"), 0): Tapped on element 'Object Repository/Simulasi Kredit/Simulasi Kredit - Asuransi/Asuransi_Hitung'

2019-11-27 11:04:29 - [MESSAGE][WARNING] - Timeout '0' is invalid. Using default page load timeout: '30'

2019-11-27 11:04:32 - [MESSAGE][PASSED] - Tapped on element 'Object Repository/Simulasi Kredit/Simulasi Kredit - Asuransi/Asuransi_Hitung'

2019-11-27 11:04:32 - [TEST_STEP][PASSED] - delay(30, STOP_ON_FAILURE): Delayed 30 second(s)

2019-11-27 11:05:02 - [MESSAGE][PASSED] - Delayed 30 second(s)

2019-11-27 11:05:02 - [TEST_STEP][PASSED] - tap(findTestObject("Simulasi Kredit/Simulasi Kredit - Asuransi/Asuransi_Berikutnya"), 0): Tapped on element 'Object Repository/Simulasi Kredit/Simulasi Kredit - Asuransi/Asuransi_Berikutnya'

2019-11-27 11:05:02 - [MESSAGE][WARNING] - Timeout '0' is invalid. Using default page load timeout: '30'

2019-11-27 11:05:04 - [MESSAGE][PASSED] - Tapped on element 'Object Repository/Simulasi Kredit/Simulasi Kredit - Asuransi/Asuransi_Berikutnya'

2019-11-27 11:05:04 - [MESSAGE][PASSED] - Call Test Case 'Test Cases/Data Entry/Simulasi Kredit/Simulasi Kredit - Asuransi/MASTER FLOW/TC_Asuransi - MASTER FLOW' successfully

2019-11-27 11:05:04 - [TEST_STEP][PASSED] - callTestCase(findTestCase("Data Entry/Simulasi Kredit/Kategori Loan/MASTER FLOW/TC_Kategori Loan - Master FLOW"), ["varOpsiNPWP":varOpsiNPWP], STOP_ON_FAILURE): Call Test Case 'Test Cases/Data Entry/Simulasi Kredit/Kategori Loan/MASTER FLOW/TC_Kategori Loan - Master FLOW' successfully

2019-11-27 11:05:04 - [TEST_CASE][PASSED] - Test Cases/Data Entry/Simulasi Kredit/Kategori Loan/MASTER FLOW/TC_Kategori Loan - Master FLOW: Test Cases/Data Entry/Simulasi Kredit/Kategori Loan/MASTER FLOW/TC_Kategori Loan - Master FLOW

2019-11-27 11:05:04 - [TEST_STEP][PASSED] - switch (varOpsiNPWP.toString()): null

2019-11-27 11:05:04 - [TEST_STEP][PASSED] - case "Approval":: null

2019-11-27 11:05:04 - [TEST_STEP][PASSED] - tap(findTestObject("Simulasi Kredit/Simulasi Kredit - Kategori Loan/KategoriLoan_Opsi NPWP Approval"), 0): Tapped on element 'Object Repository/Simulasi Kredit/Simulasi Kredit - Kategori Loan/KategoriLoan_Opsi NPWP Approval'

2019-11-27 11:05:04 - [MESSAGE][WARNING] - Timeout '0' is invalid. Using default page load timeout: '30'

2019-11-27 11:05:07 - [MESSAGE][PASSED] - Tapped on element 'Object Repository/Simulasi Kredit/Simulasi Kredit - Kategori Loan/KategoriLoan_Opsi NPWP Approval'

2019-11-27 11:05:07 - [TEST_STEP][PASSED] - break: null

2019-11-27 11:05:07 - [TEST_STEP][PASSED] - delay(2, STOP_ON_FAILURE): Delayed 2 second(s)

2019-11-27 11:05:09 - [MESSAGE][PASSED] - Delayed 2 second(s)

2019-11-27 11:05:09 - [TEST_STEP][PASSED] - tap(findTestObject("Simulasi Kredit/Simulasi Kredit - Kategori Loan/KategoriLoan_Berikutnya"), 0): Tapped on element 'Object Repository/Simulasi Kredit/Simulasi Kredit - Kategori Loan/KategoriLoan_Berikutnya'

2019-11-27 11:05:09 - [MESSAGE][WARNING] - Timeout '0' is invalid. Using default page load timeout: '30'

2019-11-27 11:05:11 - [MESSAGE][PASSED] - Tapped on element 'Object Repository/Simulasi Kredit/Simulasi Kredit - Kategori Loan/KategoriLoan_Berikutnya'

2019-11-27 11:05:11 - [MESSAGE][PASSED] - Call Test Case 'Test Cases/Data Entry/Simulasi Kredit/Kategori Loan/MASTER FLOW/TC_Kategori Loan - Master FLOW' successfully

2019-11-27 11:05:11 - [TEST_STEP][PASSED] - callTestCase(findTestCase("Data Entry/Simulasi Kredit/Loan Detail/MASTER FLOW/TC_Loan Detail - MASTER FLOW"), [:], STOP_ON_FAILURE): Call Test Case 'Test Cases/Data Entry/Simulasi Kredit/Loan Detail/MASTER FLOW/TC_Loan Detail - MASTER FLOW' successfully

2019-11-27 11:05:11 - [TEST_CASE][PASSED] - Test Cases/Data Entry/Simulasi Kredit/Loan Detail/MASTER FLOW/TC_Loan Detail - MASTER FLOW: Test Cases/Data Entry/Simulasi Kredit/Loan Detail/MASTER FLOW/TC_Loan Detail - MASTER FLOW

2019-11-27 11:05:11 - [TEST_STEP][PASSED] - mobile.mobileSwipe.RightLeft(0.9, 0.5, 600): mobile.mobileSwipe.RightLeft is PASSED

2019-11-27 11:05:12 - [MESSAGE][PASSED] - Current device physical width is 1080

2019-11-27 11:05:13 - [MESSAGE][PASSED] - Current device physical height is 2131

2019-11-27 11:05:13 - [MESSAGE][INFO] - Device Height : 2131

2019-11-27 11:05:13 - [MESSAGE][INFO] - Device Width : 1080

2019-11-27 11:05:13 - [MESSAGE][INFO] - Swipe start at Width : 971

2019-11-27 11:05:13 - [MESSAGE][INFO] - Swipe end at Witdh : 540

2019-11-27 11:05:13 - [MESSAGE][INFO] - Y Position : 600

2019-11-27 11:05:15 - [MESSAGE][PASSED] - Swiped from 971,600 to 540,600

2019-11-27 11:05:15 - [MESSAGE][PASSED] - mobile.mobileSwipe.RightLeft is PASSED

2019-11-27 11:05:15 - [TEST_STEP][PASSED] - delay(3, STOP_ON_FAILURE): Delayed 3 second(s)

2019-11-27 11:05:18 - [MESSAGE][PASSED] - Delayed 3 second(s)

2019-11-27 11:05:18 - [TEST_STEP][PASSED] - mobile.mobileSwipe.UpDown(0.8, 0.4, 1000): mobile.mobileSwipe.UpDown is PASSED

2019-11-27 11:05:19 - [MESSAGE][PASSED] - Current device physical height is 2131

2019-11-27 11:05:19 - [MESSAGE][INFO] - Device Height : 2131

2019-11-27 11:05:20 - [MESSAGE][PASSED] - Current device physical width is 1080

2019-11-27 11:05:20 - [MESSAGE][INFO] - Device Width : 1080

2019-11-27 11:05:20 - [MESSAGE][INFO] - Swipe start at Height : 1704

2019-11-27 11:05:20 - [MESSAGE][INFO] - Swipe end at Height : 852

2019-11-27 11:05:20 - [MESSAGE][INFO] - X Position : 1000

2019-11-27 11:05:22 - [MESSAGE][PASSED] - Swiped from 1,000,1,704 to 1,000,852

2019-11-27 11:05:22 - [MESSAGE][PASSED] - mobile.mobileSwipe.UpDown is PASSED

2019-11-27 11:05:22 - [TEST_STEP][PASSED] - delay(7, STOP_ON_FAILURE): Delayed 7 second(s)

2019-11-27 11:05:29 - [MESSAGE][PASSED] - Delayed 7 second(s)

2019-11-27 11:05:29 - [TEST_STEP][PASSED] - tap(findTestObject("Simulasi Kredit/Simulasi Kredit - Loan Detail/LoanDetail_Hitung"), 0): Tapped on element 'Object Repository/Simulasi Kredit/Simulasi Kredit - Loan Detail/LoanDetail_Hitung'

2019-11-27 11:05:29 - [MESSAGE][WARNING] - Timeout '0' is invalid. Using default page load timeout: '30'

2019-11-27 11:05:32 - [MESSAGE][PASSED] - Tapped on element 'Object Repository/Simulasi Kredit/Simulasi Kredit - Loan Detail/LoanDetail_Hitung'

2019-11-27 11:05:32 - [TEST_STEP][PASSED] - delay(30, STOP_ON_FAILURE): Delayed 30 second(s)

2019-11-27 11:06:02 - [MESSAGE][PASSED] - Delayed 30 second(s)

2019-11-27 11:06:02 - [TEST_STEP][PASSED] - tap(findTestObject("Simulasi Kredit/Simulasi Kredit - Loan Detail/LoanDetail_Berikutnya"), 0): Tapped on element 'Object Repository/Simulasi Kredit/Simulasi Kredit - Loan Detail/LoanDetail_Berikutnya'

2019-11-27 11:06:02 - [MESSAGE][WARNING] - Timeout '0' is invalid. Using default page load timeout: '30'

2019-11-27 11:06:05 - [MESSAGE][PASSED] - Tapped on element 'Object Repository/Simulasi Kredit/Simulasi Kredit - Loan Detail/LoanDetail_Berikutnya'

2019-11-27 11:06:05 - [TEST_STEP][PASSED] - delay(10, STOP_ON_FAILURE): Delayed 10 second(s)

2019-11-27 11:06:15 - [MESSAGE][PASSED] - Delayed 10 second(s)

2019-11-27 11:06:15 - [TEST_STEP][PASSED] - tap(findTestObject("Simulasi Kredit/Simulasi Kredit - Loan Detail/LoanDetail_Berikutnya"), 0): Tapped on element 'Object Repository/Simulasi Kredit/Simulasi Kredit - Loan Detail/LoanDetail_Berikutnya'

2019-11-27 11:06:15 - [MESSAGE][WARNING] - Timeout '0' is invalid. Using default page load timeout: '30'

2019-11-27 11:06:17 - [MESSAGE][PASSED] - Tapped on element 'Object Repository/Simulasi Kredit/Simulasi Kredit - Loan Detail/LoanDetail_Berikutnya'

2019-11-27 11:06:17 - [TEST_STEP][PASSED] - delay(10, STOP_ON_FAILURE): Delayed 10 second(s)

2019-11-27 11:06:27 - [MESSAGE][PASSED] - Delayed 10 second(s)

2019-11-27 11:06:27 - [MESSAGE][PASSED] - Call Test Case 'Test Cases/Data Entry/Simulasi Kredit/Loan Detail/MASTER FLOW/TC_Loan Detail - MASTER FLOW' successfully

2019-11-27 11:06:27 - [TEST_STEP][PASSED] - callTestCase(findTestCase("Data Entry/Upload Document/Borrower/MASTER FLOW/TC_Upload Document - borrower - MASTER FLOW"), ["Borrower_varKTP":Borrower_varKTP], STOP_ON_FAILURE): Call Test Case 'Test Cases/Data Entry/Upload Document/Borrower/MASTER FLOW/TC_Upload Document - borrower - MASTER FLOW' successfully

2019-11-27 11:06:27 - [TEST_CASE][PASSED] - Test Cases/Data Entry/Upload Document/Borrower/MASTER FLOW/TC_Upload Document - borrower - MASTER FLOW: Test Cases/Data Entry/Upload Document/Borrower/MASTER FLOW/TC_Upload Document - borrower - MASTER FLOW

2019-11-27 11:06:27 - [TEST_STEP][PASSED] - tap(findTestObject("Upload Document/Upload Document - Item Upload/UnggahDokumen_BtnKTP"), 0): Tapped on element 'Object Repository/Upload Document/Upload Document - Item Upload/UnggahDokumen_BtnKTP'

2019-11-27 11:06:27 - [MESSAGE][WARNING] - Timeout '0' is invalid. Using default page load timeout: '30'

2019-11-27 11:06:30 - [MESSAGE][PASSED] - Tapped on element 'Object Repository/Upload Document/Upload Document - Item Upload/UnggahDokumen_BtnKTP'

2019-11-27 11:06:30 - [TEST_STEP][PASSED] - if (verifyElementVisible(findTestObject("Upload Document/Upload Document - Item Upload/UnggahDokumen_BtnGallery"), 3, OPTIONAL)): Element 'Object Repository/Upload Document/Upload Document - Item Upload/UnggahDokumen_BtnGallery' not found

2019-11-27 11:06:35 - [MESSAGE][WARNING] - Element 'Object Repository/Upload Document/Upload Document - Item Upload/UnggahDokumen_BtnGallery' not found
[[ATTACHMENT|C:\\Users\\15420\\git\\ACCME-Dupcheck\\Reports\\20191127_103728\\data entry dupcek\\20191127_103728\\1574827593520.png]]

2019-11-27 11:06:35 - [TEST_STEP][PASSED] - else: Tapped on element 'Object Repository/Upload Document/android.view.View168 -  Gallery'

2019-11-27 11:06:35 - [TEST_STEP][PASSED] - tap(findTestObject("Upload Document/android.view.View168 -  Gallery"), 0): Tapped on element 'Object Repository/Upload Document/android.view.View168 -  Gallery'

2019-11-27 11:06:35 - [MESSAGE][WARNING] - Timeout '0' is invalid. Using default page load timeout: '30'

2019-11-27 11:06:38 - [MESSAGE][PASSED] - Tapped on element 'Object Repository/Upload Document/android.view.View168 -  Gallery'

2019-11-27 11:06:38 - [TEST_STEP][PASSED] - scrollToText(Borrower_varKTP, STOP_ON_FAILURE): Scrolling to text 'abc.jpg' successfully

2019-11-27 11:06:39 - [MESSAGE][PASSED] - Scrolling to text 'abc.jpg' successfully

2019-11-27 11:06:39 - [TEST_STEP][PASSED] - tap(findTestObject("dynamic object/pickListItem_TextView", ["text":Borrower_varKTP]), 0): Tapped on element 'Object Repository/dynamic object/pickListItem_TextView'

2019-11-27 11:06:40 - [MESSAGE][WARNING] - Timeout '0' is invalid. Using default page load timeout: '30'

2019-11-27 11:06:41 - [MESSAGE][PASSED] - Tapped on element 'Object Repository/dynamic object/pickListItem_TextView'

2019-11-27 11:06:41 - [TEST_STEP][PASSED] - delay(10, STOP_ON_FAILURE): Delayed 10 second(s)

2019-11-27 11:06:51 - [MESSAGE][PASSED] - Delayed 10 second(s)

2019-11-27 11:06:51 - [MESSAGE][PASSED] - Call Test Case 'Test Cases/Data Entry/Upload Document/Borrower/MASTER FLOW/TC_Upload Document - borrower - MASTER FLOW' successfully

2019-11-27 11:06:51 - [TEST_STEP][FAILED] - tap(findTestObject("dynamic object/BtnBerikutnya"), 0): Failed to tap on element 'Object Repository/dynamic object/BtnBerikutnya' (Root cause: org.openqa.selenium.WebDriverException: An unknown server-side error occurred while processing the command. Original error: Could not proxy command to remote server. Original error: Error: socket hang up
Build info: version: '3.141.59', revision: 'e82be7d358', time: '2018-11-14T08:25:53'
System info: host: 'FATITQC15420L', ip: '10.7.8.181', os.name: 'Windows 10', os.arch: 'amd64', os.version: '10.0', java.version: '1.8.0_181'
Driver info: com.kms.katalon.core.appium.driver.SwipeableAndroidDriver
Capabilities {app: C:\Users\15420\git\ACCME-Du..., appPackage: com.outsystemsenterprise.ac..., autoGrantPermissions: true, automationName: uiautomator2, databaseEnabled: false, desired: {app: C:\Users\15420\git\ACCME-Du..., autoGrantPermissions: true, automationName: uiautomator2, deviceId: , deviceName: samsung SM-A505F (Android 9), fullReset: false, newCommandTimeout: 1800, noReset: true, platform: ANDROID, platformName: android, platformVersion: 9, resetKeyboard: true, systemPort: 58508, udid: RR8M30NJT6T, unicodeKeyboard: true}, deviceApiLevel: 28, deviceId: , deviceManufacturer: samsung, deviceModel: SM-A505F, deviceName: RR8M30NJT6T, deviceScreenDensity: 420, deviceScreenSize: 1080x2340, deviceUDID: RR8M30NJT6T, fullReset: false, javascriptEnabled: true, locationContextEnabled: false, networkConnectionEnabled: true, newCommandTimeout: 1800, noReset: true, pixelRatio: 2.625, platform: ANDROID, platformName: Android, platformVersion: 9, resetKeyboard: true, statBarHeight: 83, systemPort: 58508, takesScreenshot: true, udid: RR8M30NJT6T, unicodeKeyboard: true, viewportRect: {height: 2048, left: 0, top: 83, width: 1080}, warnings: {}, webStorageEnabled: false}
Session ID: 72f0289a-7ca6-4460-b500-ee6c19ab6ad8
	at org.openqa.selenium.remote.http.W3CHttpResponseCodec.createException(W3CHttpResponseCodec.java:187)
	at org.openqa.selenium.remote.http.W3CHttpResponseCodec.decode(W3CHttpResponseCodec.java:122)
	at org.openqa.selenium.remote.http.W3CHttpResponseCodec.decode(W3CHttpResponseCodec.java:49)
	at org.openqa.selenium.remote.HttpCommandExecutor.execute(HttpCommandExecutor.java:158)
	at io.appium.java_client.remote.AppiumCommandExecutor.execute(AppiumCommandExecutor.java:239)
	at org.openqa.selenium.remote.RemoteWebDriver.execute(RemoteWebDriver.java:552)
	at io.appium.java_client.DefaultGenericMobileDriver.execute(DefaultGenericMobileDriver.java:46)
	at io.appium.java_client.AppiumDriver.execute(AppiumDriver.java:1)
	at io.appium.java_client.android.AndroidDriver.execute(AndroidDriver.java:1)
	at com.kms.katalon.core.appium.driver.SwipeableAndroidDriver.execute(SwipeableAndroidDriver.java:1)
	at org.openqa.selenium.remote.RemoteWebDriver$RemoteWebDriverOptions$RemoteWindow.getSize(RemoteWebDriver.java:813)
	at org.openqa.selenium.WebDriver$Window$getSize.call(Unknown Source)
	at com.kms.katalon.core.mobile.keyword.internal.MobileAbstractKeyword.findElement(MobileAbstractKeyword.groovy:81)
	at com.kms.katalon.core.mobile.keyword.builtin.TapKeyword$_tap_closure1.doCall(TapKeyword.groovy:76)
	at com.kms.katalon.core.mobile.keyword.builtin.TapKeyword$_tap_closure1.call(TapKeyword.groovy)
	at com.kms.katalon.core.mobile.keyword.internal.MobileKeywordMain.runKeyword(MobileKeywordMain.groovy:21)
	at com.kms.katalon.core.mobile.keyword.builtin.TapKeyword.tap(TapKeyword.groovy:86)
	at com.kms.katalon.core.mobile.keyword.builtin.TapKeyword.execute(TapKeyword.groovy:68)
	at com.kms.katalon.core.keyword.internal.KeywordExecutor.executeKeywordForPlatform(KeywordExecutor.groovy:60)
	at com.kms.katalon.core.mobile.keyword.MobileBuiltInKeywords.tap(MobileBuiltInKeywords.groovy:520)
	at com.kms.katalon.core.mobile.keyword.MobileBuiltInKeywords$tap$1.call(Unknown Source)
	at TC_Data Entry.run(TC_Data Entry:38)
	at com.kms.katalon.core.main.ScriptEngine.run(ScriptEngine.java:194)
	at com.kms.katalon.core.main.ScriptEngine.runScriptAsRawText(ScriptEngine.java:119)
	at com.kms.katalon.core.main.TestCaseExecutor.runScript(TestCaseExecutor.java:337)
	at com.kms.katalon.core.main.TestCaseExecutor.doExecute(TestCaseExecutor.java:328)
	at com.kms.katalon.core.main.TestCaseExecutor.processExecutionPhase(TestCaseExecutor.java:307)
	at com.kms.katalon.core.main.TestCaseExecutor.accessMainPhase(TestCaseExecutor.java:299)
	at com.kms.katalon.core.main.TestCaseExecutor.execute(TestCaseExecutor.java:233)
	at com.kms.katalon.core.main.TestSuiteExecutor.accessTestCaseMainPhase(TestSuiteExecutor.java:169)
	at com.kms.katalon.core.main.TestSuiteExecutor.accessTestSuiteMainPhase(TestSuiteExecutor.java:142)
	at com.kms.katalon.core.main.TestSuiteExecutor.execute(TestSuiteExecutor.java:91)
	at com.kms.katalon.core.main.TestCaseMain.startTestSuite(TestCaseMain.java:157)
	at com.kms.katalon.core.main.TestCaseMain$startTestSuite$0.call(Unknown Source)
	at TempTestSuite1574825848461.run(TempTestSuite1574825848461.groovy:36)
)

2019-11-27 11:06:52 - [MESSAGE][WARNING] - Timeout '0' is invalid. Using default page load timeout: '30'

2019-11-27 11:06:52 - [MESSAGE][WARNING] - Cannot take screenshot

2019-11-27 11:06:52 - [MESSAGE][FAILED] - Failed to tap on element 'Object Repository/dynamic object/BtnBerikutnya' (Root cause: org.openqa.selenium.WebDriverException: An unknown server-side error occurred while processing the command. Original error: Could not proxy command to remote server. Original error: Error: socket hang up
Build info: version: '3.141.59', revision: 'e82be7d358', time: '2018-11-14T08:25:53'
System info: host: 'FATITQC15420L', ip: '10.7.8.181', os.name: 'Windows 10', os.arch: 'amd64', os.version: '10.0', java.version: '1.8.0_181'
Driver info: com.kms.katalon.core.appium.driver.SwipeableAndroidDriver
Capabilities {app: C:\Users\15420\git\ACCME-Du..., appPackage: com.outsystemsenterprise.ac..., autoGrantPermissions: true, automationName: uiautomator2, databaseEnabled: false, desired: {app: C:\Users\15420\git\ACCME-Du..., autoGrantPermissions: true, automationName: uiautomator2, deviceId: , deviceName: samsung SM-A505F (Android 9), fullReset: false, newCommandTimeout: 1800, noReset: true, platform: ANDROID, platformName: android, platformVersion: 9, resetKeyboard: true, systemPort: 58508, udid: RR8M30NJT6T, unicodeKeyboard: true}, deviceApiLevel: 28, deviceId: , deviceManufacturer: samsung, deviceModel: SM-A505F, deviceName: RR8M30NJT6T, deviceScreenDensity: 420, deviceScreenSize: 1080x2340, deviceUDID: RR8M30NJT6T, fullReset: false, javascriptEnabled: true, locationContextEnabled: false, networkConnectionEnabled: true, newCommandTimeout: 1800, noReset: true, pixelRatio: 2.625, platform: ANDROID, platformName: Android, platformVersion: 9, resetKeyboard: true, statBarHeight: 83, systemPort: 58508, takesScreenshot: true, udid: RR8M30NJT6T, unicodeKeyboard: true, viewportRect: {height: 2048, left: 0, top: 83, width: 1080}, warnings: {}, webStorageEnabled: false}
Session ID: 72f0289a-7ca6-4460-b500-ee6c19ab6ad8
	at org.openqa.selenium.remote.http.W3CHttpResponseCodec.createException(W3CHttpResponseCodec.java:187)
	at org.openqa.selenium.remote.http.W3CHttpResponseCodec.decode(W3CHttpResponseCodec.java:122)
	at org.openqa.selenium.remote.http.W3CHttpResponseCodec.decode(W3CHttpResponseCodec.java:49)
	at org.openqa.selenium.remote.HttpCommandExecutor.execute(HttpCommandExecutor.java:158)
	at io.appium.java_client.remote.AppiumCommandExecutor.execute(AppiumCommandExecutor.java:239)
	at org.openqa.selenium.remote.RemoteWebDriver.execute(RemoteWebDriver.java:552)
	at io.appium.java_client.DefaultGenericMobileDriver.execute(DefaultGenericMobileDriver.java:46)
	at io.appium.java_client.AppiumDriver.execute(AppiumDriver.java:1)
	at io.appium.java_client.android.AndroidDriver.execute(AndroidDriver.java:1)
	at com.kms.katalon.core.appium.driver.SwipeableAndroidDriver.execute(SwipeableAndroidDriver.java:1)
	at org.openqa.selenium.remote.RemoteWebDriver$RemoteWebDriverOptions$RemoteWindow.getSize(RemoteWebDriver.java:813)
	at org.openqa.selenium.WebDriver$Window$getSize.call(Unknown Source)
	at com.kms.katalon.core.mobile.keyword.internal.MobileAbstractKeyword.findElement(MobileAbstractKeyword.groovy:81)
	at com.kms.katalon.core.mobile.keyword.builtin.TapKeyword$_tap_closure1.doCall(TapKeyword.groovy:76)
	at com.kms.katalon.core.mobile.keyword.builtin.TapKeyword$_tap_closure1.call(TapKeyword.groovy)
	at com.kms.katalon.core.mobile.keyword.internal.MobileKeywordMain.runKeyword(MobileKeywordMain.groovy:21)
	at com.kms.katalon.core.mobile.keyword.builtin.TapKeyword.tap(TapKeyword.groovy:86)
	at com.kms.katalon.core.mobile.keyword.builtin.TapKeyword.execute(TapKeyword.groovy:68)
	at com.kms.katalon.core.keyword.internal.KeywordExecutor.executeKeywordForPlatform(KeywordExecutor.groovy:60)
	at com.kms.katalon.core.mobile.keyword.MobileBuiltInKeywords.tap(MobileBuiltInKeywords.groovy:520)
	at com.kms.katalon.core.mobile.keyword.MobileBuiltInKeywords$tap$1.call(Unknown Source)
	at TC_Data Entry.run(TC_Data Entry:38)
	at com.kms.katalon.core.main.ScriptEngine.run(ScriptEngine.java:194)
	at com.kms.katalon.core.main.ScriptEngine.runScriptAsRawText(ScriptEngine.java:119)
	at com.kms.katalon.core.main.TestCaseExecutor.runScript(TestCaseExecutor.java:337)
	at com.kms.katalon.core.main.TestCaseExecutor.doExecute(TestCaseExecutor.java:328)
	at com.kms.katalon.core.main.TestCaseExecutor.processExecutionPhase(TestCaseExecutor.java:307)
	at com.kms.katalon.core.main.TestCaseExecutor.accessMainPhase(TestCaseExecutor.java:299)
	at com.kms.katalon.core.main.TestCaseExecutor.execute(TestCaseExecutor.java:233)
	at com.kms.katalon.core.main.TestSuiteExecutor.accessTestCaseMainPhase(TestSuiteExecutor.java:169)
	at com.kms.katalon.core.main.TestSuiteExecutor.accessTestSuiteMainPhase(TestSuiteExecutor.java:142)
	at com.kms.katalon.core.main.TestSuiteExecutor.execute(TestSuiteExecutor.java:91)
	at com.kms.katalon.core.main.TestCaseMain.startTestSuite(TestCaseMain.java:157)
	at com.kms.katalon.core.main.TestCaseMain$startTestSuite$0.call(Unknown Source)
	at TempTestSuite1574825848461.run(TempTestSuite1574825848461.groovy:36)
)]]></system-out>
         <system-err><![CDATA[2019-11-27 11:01:21 - [TEST_CASE][FAILED] - Test Cases/Data Entry/TC_Data Entry: Test Cases/Data Entry/TC_Data Entry FAILED.
Reason:
com.kms.katalon.core.exception.StepFailedException: Failed to tap on element 'Object Repository/dynamic object/BtnBerikutnya' (Root cause: org.openqa.selenium.WebDriverException: An unknown server-side error occurred while processing the command. Original error: Could not proxy command to remote server. Original error: Error: socket hang up
Build info: version: '3.141.59', revision: 'e82be7d358', time: '2018-11-14T08:25:53'
System info: host: 'FATITQC15420L', ip: '10.7.8.181', os.name: 'Windows 10', os.arch: 'amd64', os.version: '10.0', java.version: '1.8.0_181'
Driver info: com.kms.katalon.core.appium.driver.SwipeableAndroidDriver
Capabilities {app: C:\Users\15420\git\ACCME-Du..., appPackage: com.outsystemsenterprise.ac..., autoGrantPermissions: true, automationName: uiautomator2, databaseEnabled: false, desired: {app: C:\Users\15420\git\ACCME-Du..., autoGrantPermissions: true, automationName: uiautomator2, deviceId: , deviceName: samsung SM-A505F (Android 9), fullReset: false, newCommandTimeout: 1800, noReset: true, platform: ANDROID, platformName: android, platformVersion: 9, resetKeyboard: true, systemPort: 58508, udid: RR8M30NJT6T, unicodeKeyboard: true}, deviceApiLevel: 28, deviceId: , deviceManufacturer: samsung, deviceModel: SM-A505F, deviceName: RR8M30NJT6T, deviceScreenDensity: 420, deviceScreenSize: 1080x2340, deviceUDID: RR8M30NJT6T, fullReset: false, javascriptEnabled: true, locationContextEnabled: false, networkConnectionEnabled: true, newCommandTimeout: 1800, noReset: true, pixelRatio: 2.625, platform: ANDROID, platformName: Android, platformVersion: 9, resetKeyboard: true, statBarHeight: 83, systemPort: 58508, takesScreenshot: true, udid: RR8M30NJT6T, unicodeKeyboard: true, viewportRect: {height: 2048, left: 0, top: 83, width: 1080}, warnings: {}, webStorageEnabled: false}
Session ID: 72f0289a-7ca6-4460-b500-ee6c19ab6ad8
	at org.openqa.selenium.remote.http.W3CHttpResponseCodec.createException(W3CHttpResponseCodec.java:187)
	at org.openqa.selenium.remote.http.W3CHttpResponseCodec.decode(W3CHttpResponseCodec.java:122)
	at org.openqa.selenium.remote.http.W3CHttpResponseCodec.decode(W3CHttpResponseCodec.java:49)
	at org.openqa.selenium.remote.HttpCommandExecutor.execute(HttpCommandExecutor.java:158)
	at io.appium.java_client.remote.AppiumCommandExecutor.execute(AppiumCommandExecutor.java:239)
	at org.openqa.selenium.remote.RemoteWebDriver.execute(RemoteWebDriver.java:552)
	at io.appium.java_client.DefaultGenericMobileDriver.execute(DefaultGenericMobileDriver.java:46)
	at io.appium.java_client.AppiumDriver.execute(AppiumDriver.java:1)
	at io.appium.java_client.android.AndroidDriver.execute(AndroidDriver.java:1)
	at com.kms.katalon.core.appium.driver.SwipeableAndroidDriver.execute(SwipeableAndroidDriver.java:1)
	at org.openqa.selenium.remote.RemoteWebDriver$RemoteWebDriverOptions$RemoteWindow.getSize(RemoteWebDriver.java:813)
	at org.openqa.selenium.WebDriver$Window$getSize.call(Unknown Source)
	at com.kms.katalon.core.mobile.keyword.internal.MobileAbstractKeyword.findElement(MobileAbstractKeyword.groovy:81)
	at com.kms.katalon.core.mobile.keyword.builtin.TapKeyword$_tap_closure1.doCall(TapKeyword.groovy:76)
	at com.kms.katalon.core.mobile.keyword.builtin.TapKeyword$_tap_closure1.call(TapKeyword.groovy)
	at com.kms.katalon.core.mobile.keyword.internal.MobileKeywordMain.runKeyword(MobileKeywordMain.groovy:21)
	at com.kms.katalon.core.mobile.keyword.builtin.TapKeyword.tap(TapKeyword.groovy:86)
	at com.kms.katalon.core.mobile.keyword.builtin.TapKeyword.execute(TapKeyword.groovy:68)
	at com.kms.katalon.core.keyword.internal.KeywordExecutor.executeKeywordForPlatform(KeywordExecutor.groovy:60)
	at com.kms.katalon.core.mobile.keyword.MobileBuiltInKeywords.tap(MobileBuiltInKeywords.groovy:520)
	at com.kms.katalon.core.mobile.keyword.MobileBuiltInKeywords$tap$1.call(Unknown Source)
	at TC_Data Entry.run(TC_Data Entry:38)
	at com.kms.katalon.core.main.ScriptEngine.run(ScriptEngine.java:194)
	at com.kms.katalon.core.main.ScriptEngine.runScriptAsRawText(ScriptEngine.java:119)
	at com.kms.katalon.core.main.TestCaseExecutor.runScript(TestCaseExecutor.java:337)
	at com.kms.katalon.core.main.TestCaseExecutor.doExecute(TestCaseExecutor.java:328)
	at com.kms.katalon.core.main.TestCaseExecutor.processExecutionPhase(TestCaseExecutor.java:307)
	at com.kms.katalon.core.main.TestCaseExecutor.accessMainPhase(TestCaseExecutor.java:299)
	at com.kms.katalon.core.main.TestCaseExecutor.execute(TestCaseExecutor.java:233)
	at com.kms.katalon.core.main.TestSuiteExecutor.accessTestCaseMainPhase(TestSuiteExecutor.java:169)
	at com.kms.katalon.core.main.TestSuiteExecutor.accessTestSuiteMainPhase(TestSuiteExecutor.java:142)
	at com.kms.katalon.core.main.TestSuiteExecutor.execute(TestSuiteExecutor.java:91)
	at com.kms.katalon.core.main.TestCaseMain.startTestSuite(TestCaseMain.java:157)
	at com.kms.katalon.core.main.TestCaseMain$startTestSuite$0.call(Unknown Source)
	at TempTestSuite1574825848461.run(TempTestSuite1574825848461.groovy:36)
)
	at com.kms.katalon.core.keyword.internal.KeywordMain.stepFailed(KeywordMain.groovy:50)
	at com.kms.katalon.core.mobile.keyword.internal.MobileKeywordMain.stepFailed(MobileKeywordMain.groovy:40)
	at com.kms.katalon.core.mobile.keyword.internal.MobileKeywordMain.runKeyword(MobileKeywordMain.groovy:23)
	at com.kms.katalon.core.mobile.keyword.builtin.TapKeyword.tap(TapKeyword.groovy:86)
	at com.kms.katalon.core.mobile.keyword.builtin.TapKeyword.execute(TapKeyword.groovy:68)
	at com.kms.katalon.core.keyword.internal.KeywordExecutor.executeKeywordForPlatform(KeywordExecutor.groovy:60)
	at com.kms.katalon.core.mobile.keyword.MobileBuiltInKeywords.tap(MobileBuiltInKeywords.groovy:520)
	at com.kms.katalon.core.mobile.keyword.MobileBuiltInKeywords$tap$1.call(Unknown Source)
	at TC_Data Entry.run(TC_Data Entry:38)
	at com.kms.katalon.core.main.ScriptEngine.run(ScriptEngine.java:194)
	at com.kms.katalon.core.main.ScriptEngine.runScriptAsRawText(ScriptEngine.java:119)
	at com.kms.katalon.core.main.TestCaseExecutor.runScript(TestCaseExecutor.java:337)
	at com.kms.katalon.core.main.TestCaseExecutor.doExecute(TestCaseExecutor.java:328)
	at com.kms.katalon.core.main.TestCaseExecutor.processExecutionPhase(TestCaseExecutor.java:307)
	at com.kms.katalon.core.main.TestCaseExecutor.accessMainPhase(TestCaseExecutor.java:299)
	at com.kms.katalon.core.main.TestCaseExecutor.execute(TestCaseExecutor.java:233)
	at com.kms.katalon.core.main.TestSuiteExecutor.accessTestCaseMainPhase(TestSuiteExecutor.java:169)
	at com.kms.katalon.core.main.TestSuiteExecutor.accessTestSuiteMainPhase(TestSuiteExecutor.java:142)
	at com.kms.katalon.core.main.TestSuiteExecutor.execute(TestSuiteExecutor.java:91)
	at com.kms.katalon.core.main.TestCaseMain.startTestSuite(TestCaseMain.java:157)
	at com.kms.katalon.core.main.TestCaseMain$startTestSuite$0.call(Unknown Source)
	at TempTestSuite1574825848461.run(TempTestSuite1574825848461.groovy:36)
Caused by: org.openqa.selenium.WebDriverException: An unknown server-side error occurred while processing the command. Original error: Could not proxy command to remote server. Original error: Error: socket hang up
Build info: version: '3.141.59', revision: 'e82be7d358', time: '2018-11-14T08:25:53'
System info: host: 'FATITQC15420L', ip: '10.7.8.181', os.name: 'Windows 10', os.arch: 'amd64', os.version: '10.0', java.version: '1.8.0_181'
Driver info: com.kms.katalon.core.appium.driver.SwipeableAndroidDriver
Capabilities {app: C:\Users\15420\git\ACCME-Du..., appPackage: com.outsystemsenterprise.ac..., autoGrantPermissions: true, automationName: uiautomator2, databaseEnabled: false, desired: {app: C:\Users\15420\git\ACCME-Du..., autoGrantPermissions: true, automationName: uiautomator2, deviceId: , deviceName: samsung SM-A505F (Android 9), fullReset: false, newCommandTimeout: 1800, noReset: true, platform: ANDROID, platformName: android, platformVersion: 9, resetKeyboard: true, systemPort: 58508, udid: RR8M30NJT6T, unicodeKeyboard: true}, deviceApiLevel: 28, deviceId: , deviceManufacturer: samsung, deviceModel: SM-A505F, deviceName: RR8M30NJT6T, deviceScreenDensity: 420, deviceScreenSize: 1080x2340, deviceUDID: RR8M30NJT6T, fullReset: false, javascriptEnabled: true, locationContextEnabled: false, networkConnectionEnabled: true, newCommandTimeout: 1800, noReset: true, pixelRatio: 2.625, platform: ANDROID, platformName: Android, platformVersion: 9, resetKeyboard: true, statBarHeight: 83, systemPort: 58508, takesScreenshot: true, udid: RR8M30NJT6T, unicodeKeyboard: true, viewportRect: {height: 2048, left: 0, top: 83, width: 1080}, warnings: {}, webStorageEnabled: false}
Session ID: 72f0289a-7ca6-4460-b500-ee6c19ab6ad8
	at org.openqa.selenium.remote.http.W3CHttpResponseCodec.createException(W3CHttpResponseCodec.java:187)
	at org.openqa.selenium.remote.http.W3CHttpResponseCodec.decode(W3CHttpResponseCodec.java:122)
	at org.openqa.selenium.remote.http.W3CHttpResponseCodec.decode(W3CHttpResponseCodec.java:49)
	at org.openqa.selenium.remote.HttpCommandExecutor.execute(HttpCommandExecutor.java:158)
	at io.appium.java_client.remote.AppiumCommandExecutor.execute(AppiumCommandExecutor.java:239)
	at org.openqa.selenium.remote.RemoteWebDriver.execute(RemoteWebDriver.java:552)
	at io.appium.java_client.DefaultGenericMobileDriver.execute(DefaultGenericMobileDriver.java:46)
	at io.appium.java_client.AppiumDriver.execute(AppiumDriver.java:1)
	at io.appium.java_client.android.AndroidDriver.execute(AndroidDriver.java:1)
	at com.kms.katalon.core.appium.driver.SwipeableAndroidDriver.execute(SwipeableAndroidDriver.java:1)
	at org.openqa.selenium.remote.RemoteWebDriver$RemoteWebDriverOptions$RemoteWindow.getSize(RemoteWebDriver.java:813)
	at org.openqa.selenium.WebDriver$Window$getSize.call(Unknown Source)
	at com.kms.katalon.core.mobile.keyword.internal.MobileAbstractKeyword.findElement(MobileAbstractKeyword.groovy:81)
	at com.kms.katalon.core.mobile.keyword.builtin.TapKeyword$_tap_closure1.doCall(TapKeyword.groovy:76)
	at com.kms.katalon.core.mobile.keyword.builtin.TapKeyword$_tap_closure1.call(TapKeyword.groovy)
	at com.kms.katalon.core.mobile.keyword.internal.MobileKeywordMain.runKeyword(MobileKeywordMain.groovy:21)
	... 19 more]]></system-err>
      </testcase>
      <testcase name="Test Cases/Data Entry/TC_Data Entry" time="698.249" classname="Test Cases/Data Entry/TC_Data Entry" status="FAILED">
         <failure type="FAILED" message="Test Cases/Data Entry/TC_Data Entry FAILED.
Reason:
com.kms.katalon.core.exception.StepFailedException: Call Test Case 'Test Cases/Data Entry/Borrower/Flow Borrower' failed
	at com.kms.katalon.core.keyword.builtin.CallTestCaseKeyword$_callTestCase_closure1.doCall(CallTestCaseKeyword.groovy:63)
	at com.kms.katalon.core.keyword.builtin.CallTestCaseKeyword$_callTestCase_closure1.call(CallTestCaseKeyword.groovy)
	at com.kms.katalon.core.keyword.internal.KeywordMain.runKeyword(KeywordMain.groovy:68)
	at com.kms.katalon.core.keyword.builtin.CallTestCaseKeyword.callTestCase(CallTestCaseKeyword.groovy:81)
	at com.kms.katalon.core.keyword.builtin.CallTestCaseKeyword.execute(CallTestCaseKeyword.groovy:44)
	at com.kms.katalon.core.keyword.internal.KeywordExecutor.executeKeywordForPlatform(KeywordExecutor.groovy:60)
	at com.kms.katalon.core.keyword.BuiltinKeywords.callTestCase(BuiltinKeywords.groovy:334)
	at TC_Data Entry.run(TC_Data Entry:42)
	at com.kms.katalon.core.main.ScriptEngine.run(ScriptEngine.java:194)
	at com.kms.katalon.core.main.ScriptEngine.runScriptAsRawText(ScriptEngine.java:119)
	at com.kms.katalon.core.main.TestCaseExecutor.runScript(TestCaseExecutor.java:337)
	at com.kms.katalon.core.main.TestCaseExecutor.doExecute(TestCaseExecutor.java:328)
	at com.kms.katalon.core.main.TestCaseExecutor.processExecutionPhase(TestCaseExecutor.java:307)
	at com.kms.katalon.core.main.TestCaseExecutor.accessMainPhase(TestCaseExecutor.java:299)
	at com.kms.katalon.core.main.TestCaseExecutor.execute(TestCaseExecutor.java:233)
	at com.kms.katalon.core.main.TestSuiteExecutor.accessTestCaseMainPhase(TestSuiteExecutor.java:169)
	at com.kms.katalon.core.main.TestSuiteExecutor.accessTestSuiteMainPhase(TestSuiteExecutor.java:142)
	at com.kms.katalon.core.main.TestSuiteExecutor.execute(TestSuiteExecutor.java:91)
	at com.kms.katalon.core.main.TestCaseMain.startTestSuite(TestCaseMain.java:157)
	at com.kms.katalon.core.main.TestCaseMain$startTestSuite$0.call(Unknown Source)
	at TempTestSuite1574825848461.run(TempTestSuite1574825848461.groovy:36)
Caused by: com.kms.katalon.core.exception.StepFailedException: Call Test Case 'Test Cases/Data Entry/Borrower/Borrower - Pekerjaan/MASTER FLOW/TC_Borrower - Pekerjaan - MASTER FLOW' failed
	at com.kms.katalon.core.keyword.builtin.CallTestCaseKeyword$_callTestCase_closure1.doCall(CallTestCaseKeyword.groovy:63)
	at com.kms.katalon.core.keyword.builtin.CallTestCaseKeyword$_callTestCase_closure1.call(CallTestCaseKeyword.groovy)
	at com.kms.katalon.core.keyword.internal.KeywordMain.runKeyword(KeywordMain.groovy:68)
	at com.kms.katalon.core.keyword.builtin.CallTestCaseKeyword.callTestCase(CallTestCaseKeyword.groovy:81)
	at com.kms.katalon.core.keyword.builtin.CallTestCaseKeyword.execute(CallTestCaseKeyword.groovy:44)
	at com.kms.katalon.core.keyword.internal.KeywordExecutor.executeKeywordForPlatform(KeywordExecutor.groovy:60)
	at com.kms.katalon.core.keyword.BuiltinKeywords.callTestCase(BuiltinKeywords.groovy:334)
	at Flow Borrower.run(Flow Borrower:42)
	at com.kms.katalon.core.main.ScriptEngine.run(ScriptEngine.java:194)
	at com.kms.katalon.core.main.ScriptEngine.runScriptAsRawText(ScriptEngine.java:119)
	at com.kms.katalon.core.main.TestCaseExecutor.runScript(TestCaseExecutor.java:337)
	at com.kms.katalon.core.main.TestCaseExecutor.doExecute(TestCaseExecutor.java:328)
	at com.kms.katalon.core.main.TestCaseExecutor.processExecutionPhase(TestCaseExecutor.java:307)
	at com.kms.katalon.core.main.TestCaseExecutor.accessMainPhase(TestCaseExecutor.java:299)
	at com.kms.katalon.core.main.TestCaseExecutor.execute(TestCaseExecutor.java:233)
	at com.kms.katalon.core.main.TestCaseMain.runTestCase(TestCaseMain.java:114)
	at com.kms.katalon.core.keyword.builtin.CallTestCaseKeyword$_callTestCase_closure1.doCall(CallTestCaseKeyword.groovy:59)
	... 20 more
Caused by: com.kms.katalon.core.exception.StepFailedException: Object Object Repository/Borrower/Borrower - Pekerjaan/Borrower_Pekerjaan_InpPekerjaan not found
	at com.kms.katalon.core.keyword.internal.KeywordMain.stepFailed(KeywordMain.groovy:50)
	at com.kms.katalon.core.mobile.keyword.internal.MobileKeywordMain.stepFailed(MobileKeywordMain.groovy:40)
	at com.kms.katalon.core.mobile.keyword.builtin.GetTextKeyword$_getText_closure1.doCall(GetTextKeyword.groovy:74)
	at com.kms.katalon.core.mobile.keyword.builtin.GetTextKeyword$_getText_closure1.call(GetTextKeyword.groovy)
	at com.kms.katalon.core.mobile.keyword.internal.MobileKeywordMain.runKeyword(MobileKeywordMain.groovy:21)
	at com.kms.katalon.core.mobile.keyword.builtin.GetTextKeyword.getText(GetTextKeyword.groovy:80)
	at com.kms.katalon.core.mobile.keyword.builtin.GetTextKeyword.execute(GetTextKeyword.groovy:64)
	at com.kms.katalon.core.keyword.internal.KeywordExecutor.executeKeywordForPlatform(KeywordExecutor.groovy:60)
	at com.kms.katalon.core.mobile.keyword.MobileBuiltInKeywords.getText(MobileBuiltInKeywords.groovy:458)
	at com.kms.katalon.core.mobile.keyword.MobileBuiltInKeywords$getText$13.call(Unknown Source)
	at TC_Borrower - Pekerjaan - MASTER FLOW.run(TC_Borrower - Pekerjaan - MASTER FLOW:16)
	at com.kms.katalon.core.main.ScriptEngine.run(ScriptEngine.java:194)
	at com.kms.katalon.core.main.ScriptEngine.runScriptAsRawText(ScriptEngine.java:119)
	at com.kms.katalon.core.main.TestCaseExecutor.runScript(TestCaseExecutor.java:337)
	at com.kms.katalon.core.main.TestCaseExecutor.doExecute(TestCaseExecutor.java:328)
	at com.kms.katalon.core.main.TestCaseExecutor.processExecutionPhase(TestCaseExecutor.java:307)
	at com.kms.katalon.core.main.TestCaseExecutor.accessMainPhase(TestCaseExecutor.java:299)
	at com.kms.katalon.core.main.TestCaseExecutor.execute(TestCaseExecutor.java:233)
	at com.kms.katalon.core.main.TestCaseMain.runTestCase(TestCaseMain.java:114)
	at com.kms.katalon.core.keyword.builtin.CallTestCaseKeyword$_callTestCase_closure1.doCall(CallTestCaseKeyword.groovy:59)
	... 36 more
"/>
         <system-out><![CDATA[2019-11-27 11:06:52 - [TEST_CASE][FAILED] - Test Cases/Data Entry/TC_Data Entry: Test Cases/Data Entry/TC_Data Entry FAILED.
Reason:
com.kms.katalon.core.exception.StepFailedException: Call Test Case 'Test Cases/Data Entry/Borrower/Flow Borrower' failed
	at com.kms.katalon.core.keyword.builtin.CallTestCaseKeyword$_callTestCase_closure1.doCall(CallTestCaseKeyword.groovy:63)
	at com.kms.katalon.core.keyword.builtin.CallTestCaseKeyword$_callTestCase_closure1.call(CallTestCaseKeyword.groovy)
	at com.kms.katalon.core.keyword.internal.KeywordMain.runKeyword(KeywordMain.groovy:68)
	at com.kms.katalon.core.keyword.builtin.CallTestCaseKeyword.callTestCase(CallTestCaseKeyword.groovy:81)
	at com.kms.katalon.core.keyword.builtin.CallTestCaseKeyword.execute(CallTestCaseKeyword.groovy:44)
	at com.kms.katalon.core.keyword.internal.KeywordExecutor.executeKeywordForPlatform(KeywordExecutor.groovy:60)
	at com.kms.katalon.core.keyword.BuiltinKeywords.callTestCase(BuiltinKeywords.groovy:334)
	at TC_Data Entry.run(TC_Data Entry:42)
	at com.kms.katalon.core.main.ScriptEngine.run(ScriptEngine.java:194)
	at com.kms.katalon.core.main.ScriptEngine.runScriptAsRawText(ScriptEngine.java:119)
	at com.kms.katalon.core.main.TestCaseExecutor.runScript(TestCaseExecutor.java:337)
	at com.kms.katalon.core.main.TestCaseExecutor.doExecute(TestCaseExecutor.java:328)
	at com.kms.katalon.core.main.TestCaseExecutor.processExecutionPhase(TestCaseExecutor.java:307)
	at com.kms.katalon.core.main.TestCaseExecutor.accessMainPhase(TestCaseExecutor.java:299)
	at com.kms.katalon.core.main.TestCaseExecutor.execute(TestCaseExecutor.java:233)
	at com.kms.katalon.core.main.TestSuiteExecutor.accessTestCaseMainPhase(TestSuiteExecutor.java:169)
	at com.kms.katalon.core.main.TestSuiteExecutor.accessTestSuiteMainPhase(TestSuiteExecutor.java:142)
	at com.kms.katalon.core.main.TestSuiteExecutor.execute(TestSuiteExecutor.java:91)
	at com.kms.katalon.core.main.TestCaseMain.startTestSuite(TestCaseMain.java:157)
	at com.kms.katalon.core.main.TestCaseMain$startTestSuite$0.call(Unknown Source)
	at TempTestSuite1574825848461.run(TempTestSuite1574825848461.groovy:36)
Caused by: com.kms.katalon.core.exception.StepFailedException: Call Test Case 'Test Cases/Data Entry/Borrower/Borrower - Pekerjaan/MASTER FLOW/TC_Borrower - Pekerjaan - MASTER FLOW' failed
	at com.kms.katalon.core.keyword.builtin.CallTestCaseKeyword$_callTestCase_closure1.doCall(CallTestCaseKeyword.groovy:63)
	at com.kms.katalon.core.keyword.builtin.CallTestCaseKeyword$_callTestCase_closure1.call(CallTestCaseKeyword.groovy)
	at com.kms.katalon.core.keyword.internal.KeywordMain.runKeyword(KeywordMain.groovy:68)
	at com.kms.katalon.core.keyword.builtin.CallTestCaseKeyword.callTestCase(CallTestCaseKeyword.groovy:81)
	at com.kms.katalon.core.keyword.builtin.CallTestCaseKeyword.execute(CallTestCaseKeyword.groovy:44)
	at com.kms.katalon.core.keyword.internal.KeywordExecutor.executeKeywordForPlatform(KeywordExecutor.groovy:60)
	at com.kms.katalon.core.keyword.BuiltinKeywords.callTestCase(BuiltinKeywords.groovy:334)
	at Flow Borrower.run(Flow Borrower:42)
	at com.kms.katalon.core.main.ScriptEngine.run(ScriptEngine.java:194)
	at com.kms.katalon.core.main.ScriptEngine.runScriptAsRawText(ScriptEngine.java:119)
	at com.kms.katalon.core.main.TestCaseExecutor.runScript(TestCaseExecutor.java:337)
	at com.kms.katalon.core.main.TestCaseExecutor.doExecute(TestCaseExecutor.java:328)
	at com.kms.katalon.core.main.TestCaseExecutor.processExecutionPhase(TestCaseExecutor.java:307)
	at com.kms.katalon.core.main.TestCaseExecutor.accessMainPhase(TestCaseExecutor.java:299)
	at com.kms.katalon.core.main.TestCaseExecutor.execute(TestCaseExecutor.java:233)
	at com.kms.katalon.core.main.TestCaseMain.runTestCase(TestCaseMain.java:114)
	at com.kms.katalon.core.keyword.builtin.CallTestCaseKeyword$_callTestCase_closure1.doCall(CallTestCaseKeyword.groovy:59)
	... 20 more
Caused by: com.kms.katalon.core.exception.StepFailedException: Object Object Repository/Borrower/Borrower - Pekerjaan/Borrower_Pekerjaan_InpPekerjaan not found
	at com.kms.katalon.core.keyword.internal.KeywordMain.stepFailed(KeywordMain.groovy:50)
	at com.kms.katalon.core.mobile.keyword.internal.MobileKeywordMain.stepFailed(MobileKeywordMain.groovy:40)
	at com.kms.katalon.core.mobile.keyword.builtin.GetTextKeyword$_getText_closure1.doCall(GetTextKeyword.groovy:74)
	at com.kms.katalon.core.mobile.keyword.builtin.GetTextKeyword$_getText_closure1.call(GetTextKeyword.groovy)
	at com.kms.katalon.core.mobile.keyword.internal.MobileKeywordMain.runKeyword(MobileKeywordMain.groovy:21)
	at com.kms.katalon.core.mobile.keyword.builtin.GetTextKeyword.getText(GetTextKeyword.groovy:80)
	at com.kms.katalon.core.mobile.keyword.builtin.GetTextKeyword.execute(GetTextKeyword.groovy:64)
	at com.kms.katalon.core.keyword.internal.KeywordExecutor.executeKeywordForPlatform(KeywordExecutor.groovy:60)
	at com.kms.katalon.core.mobile.keyword.MobileBuiltInKeywords.getText(MobileBuiltInKeywords.groovy:458)
	at com.kms.katalon.core.mobile.keyword.MobileBuiltInKeywords$getText$13.call(Unknown Source)
	at TC_Borrower - Pekerjaan - MASTER FLOW.run(TC_Borrower - Pekerjaan - MASTER FLOW:16)
	at com.kms.katalon.core.main.ScriptEngine.run(ScriptEngine.java:194)
	at com.kms.katalon.core.main.ScriptEngine.runScriptAsRawText(ScriptEngine.java:119)
	at com.kms.katalon.core.main.TestCaseExecutor.runScript(TestCaseExecutor.java:337)
	at com.kms.katalon.core.main.TestCaseExecutor.doExecute(TestCaseExecutor.java:328)
	at com.kms.katalon.core.main.TestCaseExecutor.processExecutionPhase(TestCaseExecutor.java:307)
	at com.kms.katalon.core.main.TestCaseExecutor.accessMainPhase(TestCaseExecutor.java:299)
	at com.kms.katalon.core.main.TestCaseExecutor.execute(TestCaseExecutor.java:233)
	at com.kms.katalon.core.main.TestCaseMain.runTestCase(TestCaseMain.java:114)
	at com.kms.katalon.core.keyword.builtin.CallTestCaseKeyword$_callTestCase_closure1.doCall(CallTestCaseKeyword.groovy:59)
	... 36 more


2019-11-27 11:06:53 - [TEST_STEP][PASSED] - callTestCase(findTestCase("dynamic test case/open application"), [:], STOP_ON_FAILURE): Call Test Case 'Test Cases/dynamic test case/open application' successfully

2019-11-27 11:06:53 - [TEST_CASE][PASSED] - Test Cases/dynamic test case/open application: Test Cases/dynamic test case/open application

2019-11-27 11:06:53 - [TEST_STEP][PASSED] - appPath = relativeToAbsolutePath(apkname, getProjectDir()): null

2019-11-27 11:06:53 - [TEST_STEP][PASSED] - startApplication(appPath, false): Started app at: 'C:\Users\15420\git\ACCME-Dupcheck\AccMe.apk'

2019-11-27 11:06:53 - [MESSAGE][INFO] - User set preference: ['unicodeKeyboard', 'true']

2019-11-27 11:06:53 - [MESSAGE][INFO] - User set preference: ['resetKeyboard', 'true']

2019-11-27 11:06:53 - [MESSAGE][INFO] - User set preference: ['deviceId', '']

2019-11-27 11:07:25 - [MESSAGE][PASSED] - Started app at: 'C:\Users\15420\git\ACCME-Dupcheck\AccMe.apk'

2019-11-27 11:07:25 - [MESSAGE][PASSED] - Call Test Case 'Test Cases/dynamic test case/open application' successfully

2019-11-27 11:07:25 - [TEST_STEP][PASSED] - callTestCase(findTestCase("Data Entry/Simulasi Kredit/Simulasi Kredit/MASTER FLOW/TC_Simulasi Kredit - MASTER FLOW"), ["varBrand":varBrand, "varType":varType, "varModel":varModel, "varTahun":varTahun, "varTenor":varTenor, "varOTR":varOTR, "varRP":varRP, ... ], OPTIONAL): Call Test Case 'Test Cases/Data Entry/Simulasi Kredit/Simulasi Kredit/MASTER FLOW/TC_Simulasi Kredit - MASTER FLOW' successfully

2019-11-27 11:07:25 - [TEST_CASE][PASSED] - Test Cases/Data Entry/Simulasi Kredit/Simulasi Kredit/MASTER FLOW/TC_Simulasi Kredit - MASTER FLOW: Test Cases/Data Entry/Simulasi Kredit/Simulasi Kredit/MASTER FLOW/TC_Simulasi Kredit - MASTER FLOW

2019-11-27 11:07:25 - [TEST_STEP][PASSED] - waitForElementPresent(findTestObject("Simulasi Kredit/Simulasi Kredit - Simulasi Kredit/SimulasiKredit_Btn Simulasi Kredit"), 0): Element 'Object Repository/Simulasi Kredit/Simulasi Kredit - Simulasi Kredit/SimulasiKredit_Btn Simulasi Kredit' is present

2019-11-27 11:07:25 - [MESSAGE][WARNING] - Timeout '0' is invalid. Using default page load timeout: '30'

2019-11-27 11:07:34 - [MESSAGE][PASSED] - Element 'Object Repository/Simulasi Kredit/Simulasi Kredit - Simulasi Kredit/SimulasiKredit_Btn Simulasi Kredit' is present

2019-11-27 11:07:34 - [TEST_STEP][PASSED] - tap(findTestObject("Simulasi Kredit/Simulasi Kredit - Simulasi Kredit/SimulasiKredit_Btn Simulasi Kredit"), 0): Tapped on element 'Object Repository/Simulasi Kredit/Simulasi Kredit - Simulasi Kredit/SimulasiKredit_Btn Simulasi Kredit'

2019-11-27 11:07:34 - [MESSAGE][WARNING] - Timeout '0' is invalid. Using default page load timeout: '30'

2019-11-27 11:07:36 - [MESSAGE][PASSED] - Tapped on element 'Object Repository/Simulasi Kredit/Simulasi Kredit - Simulasi Kredit/SimulasiKredit_Btn Simulasi Kredit'

2019-11-27 11:07:36 - [TEST_STEP][PASSED] - if (varPembiayaan == "NewCar"): Tapped on element 'Object Repository/Simulasi Kredit/Simulasi Kredit - Simulasi Kredit/SimulasiKredit_new car'

2019-11-27 11:07:36 - [TEST_STEP][PASSED] - tap(findTestObject("Simulasi Kredit/Simulasi Kredit - Simulasi Kredit/SimulasiKredit_new car"), 0): Tapped on element 'Object Repository/Simulasi Kredit/Simulasi Kredit - Simulasi Kredit/SimulasiKredit_new car'

2019-11-27 11:07:36 - [MESSAGE][WARNING] - Timeout '0' is invalid. Using default page load timeout: '30'

2019-11-27 11:07:41 - [MESSAGE][PASSED] - Tapped on element 'Object Repository/Simulasi Kredit/Simulasi Kredit - Simulasi Kredit/SimulasiKredit_new car'

2019-11-27 11:07:41 - [TEST_STEP][PASSED] - if (varPembiayaan == "UsedCar"): null

2019-11-27 11:07:41 - [TEST_STEP][PASSED] - if (varTipepembiayaan == "syariah"): null

2019-11-27 11:07:41 - [TEST_STEP][PASSED] - if (varTipepembiayaan == "konvensional"): null

2019-11-27 11:07:41 - [TEST_STEP][PASSED] - if (varkodepaket == "ya"): null

2019-11-27 11:07:41 - [TEST_STEP][PASSED] - setText(findTestObject("Simulasi Kredit/Simulasi Kredit - Simulasi Kredit/SimulasiKredit_Inp Brand"), varBrand, 0): Text 'TOYOTA' has been set to element 'Object Repository/Simulasi Kredit/Simulasi Kredit - Simulasi Kredit/SimulasiKredit_Inp Brand'

2019-11-27 11:07:41 - [MESSAGE][WARNING] - Timeout '0' is invalid. Using default page load timeout: '30'

2019-11-27 11:07:42 - [MESSAGE][PASSED] - Text 'TOYOTA' has been set to element 'Object Repository/Simulasi Kredit/Simulasi Kredit - Simulasi Kredit/SimulasiKredit_Inp Brand'

2019-11-27 11:07:42 - [TEST_STEP][PASSED] - tap(findTestObject("Simulasi Kredit/Simulasi Kredit - Simulasi Kredit/SimulasiKredit_Inp Brand"), 0): Tapped on element 'Object Repository/Simulasi Kredit/Simulasi Kredit - Simulasi Kredit/SimulasiKredit_Inp Brand'

2019-11-27 11:07:42 - [MESSAGE][WARNING] - Timeout '0' is invalid. Using default page load timeout: '30'

2019-11-27 11:07:47 - [MESSAGE][PASSED] - Tapped on element 'Object Repository/Simulasi Kredit/Simulasi Kredit - Simulasi Kredit/SimulasiKredit_Inp Brand'

2019-11-27 11:07:47 - [TEST_STEP][PASSED] - tap(findTestObject("dynamic object/pickListItem_viewView", ["text":varBrand]), 0): Tapped on element 'Object Repository/dynamic object/pickListItem_viewView'

2019-11-27 11:07:47 - [MESSAGE][WARNING] - Timeout '0' is invalid. Using default page load timeout: '30'

2019-11-27 11:07:50 - [MESSAGE][PASSED] - Tapped on element 'Object Repository/dynamic object/pickListItem_viewView'

2019-11-27 11:07:50 - [TEST_STEP][PASSED] - tap(findTestObject("Simulasi Kredit/Simulasi Kredit - Simulasi Kredit/SimulasiKredit_Inp Type"), 0): Tapped on element 'Object Repository/Simulasi Kredit/Simulasi Kredit - Simulasi Kredit/SimulasiKredit_Inp Type'

2019-11-27 11:07:50 - [MESSAGE][WARNING] - Timeout '0' is invalid. Using default page load timeout: '30'

2019-11-27 11:07:53 - [MESSAGE][PASSED] - Tapped on element 'Object Repository/Simulasi Kredit/Simulasi Kredit - Simulasi Kredit/SimulasiKredit_Inp Type'

2019-11-27 11:07:53 - [TEST_STEP][PASSED] - setText(findTestObject("Simulasi Kredit/Simulasi Kredit - Simulasi Kredit/SimulasiKredit_Inp Type"), varType, 0): Text 'Y01' has been set to element 'Object Repository/Simulasi Kredit/Simulasi Kredit - Simulasi Kredit/SimulasiKredit_Inp Type'

2019-11-27 11:07:53 - [MESSAGE][WARNING] - Timeout '0' is invalid. Using default page load timeout: '30'

2019-11-27 11:07:56 - [MESSAGE][PASSED] - Text 'Y01' has been set to element 'Object Repository/Simulasi Kredit/Simulasi Kredit - Simulasi Kredit/SimulasiKredit_Inp Type'

2019-11-27 11:07:56 - [TEST_STEP][PASSED] - delay(3): Delayed 3 second(s)

2019-11-27 11:07:59 - [MESSAGE][PASSED] - Delayed 3 second(s)

2019-11-27 11:07:59 - [TEST_STEP][PASSED] - tap(findTestObject("Simulasi Kredit/Simulasi Kredit - Simulasi Kredit/SimulasiKredit_Inp Type"), 0): Tapped on element 'Object Repository/Simulasi Kredit/Simulasi Kredit - Simulasi Kredit/SimulasiKredit_Inp Type'

2019-11-27 11:08:00 - [MESSAGE][WARNING] - Timeout '0' is invalid. Using default page load timeout: '30'

2019-11-27 11:08:02 - [MESSAGE][PASSED] - Tapped on element 'Object Repository/Simulasi Kredit/Simulasi Kredit - Simulasi Kredit/SimulasiKredit_Inp Type'

2019-11-27 11:08:02 - [TEST_STEP][PASSED] - tap(findTestObject("Simulasi Kredit/Simulasi Kredit - Simulasi Kredit/SimulasiKredit_Inp Type LOV"), 0): Tapped on element 'Object Repository/Simulasi Kredit/Simulasi Kredit - Simulasi Kredit/SimulasiKredit_Inp Type LOV'

2019-11-27 11:08:02 - [MESSAGE][WARNING] - Timeout '0' is invalid. Using default page load timeout: '30'

2019-11-27 11:08:05 - [MESSAGE][PASSED] - Tapped on element 'Object Repository/Simulasi Kredit/Simulasi Kredit - Simulasi Kredit/SimulasiKredit_Inp Type LOV'

2019-11-27 11:08:05 - [TEST_STEP][PASSED] - mobile.mobileSwipe.UpDown(0.8, 0.5, 1000): mobile.mobileSwipe.UpDown is PASSED

2019-11-27 11:08:06 - [MESSAGE][PASSED] - Current device physical height is 2131

2019-11-27 11:08:06 - [MESSAGE][INFO] - Device Height : 2131

2019-11-27 11:08:07 - [MESSAGE][PASSED] - Current device physical width is 1080

2019-11-27 11:08:07 - [MESSAGE][INFO] - Device Width : 1080

2019-11-27 11:08:07 - [MESSAGE][INFO] - Swipe start at Height : 1704

2019-11-27 11:08:07 - [MESSAGE][INFO] - Swipe end at Height : 1065

2019-11-27 11:08:07 - [MESSAGE][INFO] - X Position : 1000

2019-11-27 11:08:09 - [MESSAGE][PASSED] - Swiped from 1,000,1,704 to 1,000,1,065

2019-11-27 11:08:09 - [MESSAGE][PASSED] - mobile.mobileSwipe.UpDown is PASSED

2019-11-27 11:08:09 - [TEST_STEP][PASSED] - tap(findTestObject("Simulasi Kredit/Simulasi Kredit - Simulasi Kredit/SimulasiKredit_Inp Model"), 0): Tapped on element 'Object Repository/Simulasi Kredit/Simulasi Kredit - Simulasi Kredit/SimulasiKredit_Inp Model'

2019-11-27 11:08:09 - [MESSAGE][WARNING] - Timeout '0' is invalid. Using default page load timeout: '30'

2019-11-27 11:08:12 - [MESSAGE][PASSED] - Tapped on element 'Object Repository/Simulasi Kredit/Simulasi Kredit - Simulasi Kredit/SimulasiKredit_Inp Model'

2019-11-27 11:08:12 - [TEST_STEP][PASSED] - scrollToText(varModel, STOP_ON_FAILURE): Scrolling to text 'T:1.5 S A/T' successfully

2019-11-27 11:08:18 - [MESSAGE][PASSED] - Scrolling to text 'T:1.5 S A/T' successfully

2019-11-27 11:08:18 - [TEST_STEP][PASSED] - tap(findTestObject("dynamic object/pickListItem_checkedTextView", ["text":varModel]), 0): Tapped on element 'Object Repository/dynamic object/pickListItem_checkedTextView'

2019-11-27 11:08:19 - [MESSAGE][WARNING] - Timeout '0' is invalid. Using default page load timeout: '30'

2019-11-27 11:08:20 - [MESSAGE][PASSED] - Tapped on element 'Object Repository/dynamic object/pickListItem_checkedTextView'

2019-11-27 11:08:20 - [TEST_STEP][PASSED] - tap(findTestObject("Simulasi Kredit/Simulasi Kredit - Simulasi Kredit/SimulasiKredit_Tahun"), 0): Tapped on element 'Object Repository/Simulasi Kredit/Simulasi Kredit - Simulasi Kredit/SimulasiKredit_Tahun'

2019-11-27 11:08:20 - [MESSAGE][WARNING] - Timeout '0' is invalid. Using default page load timeout: '30'

2019-11-27 11:08:22 - [MESSAGE][PASSED] - Tapped on element 'Object Repository/Simulasi Kredit/Simulasi Kredit - Simulasi Kredit/SimulasiKredit_Tahun'

2019-11-27 11:08:22 - [TEST_STEP][PASSED] - scrollToText(varTahun, STOP_ON_FAILURE): Scrolling to text '2018' successfully

2019-11-27 11:08:24 - [MESSAGE][PASSED] - Scrolling to text '2018' successfully

2019-11-27 11:08:24 - [TEST_STEP][PASSED] - tap(findTestObject("dynamic object/pickListItem_checkedTextView", ["text":varTahun]), 0): Tapped on element 'Object Repository/dynamic object/pickListItem_checkedTextView'

2019-11-27 11:08:24 - [MESSAGE][WARNING] - Timeout '0' is invalid. Using default page load timeout: '30'

2019-11-27 11:08:25 - [MESSAGE][PASSED] - Tapped on element 'Object Repository/dynamic object/pickListItem_checkedTextView'

2019-11-27 11:08:25 - [TEST_STEP][PASSED] - tap(findTestObject("Simulasi Kredit/Simulasi Kredit - Simulasi Kredit/SimulasiKredit_Tenor"), 0): Tapped on element 'Object Repository/Simulasi Kredit/Simulasi Kredit - Simulasi Kredit/SimulasiKredit_Tenor'

2019-11-27 11:08:26 - [MESSAGE][WARNING] - Timeout '0' is invalid. Using default page load timeout: '30'

2019-11-27 11:08:28 - [MESSAGE][PASSED] - Tapped on element 'Object Repository/Simulasi Kredit/Simulasi Kredit - Simulasi Kredit/SimulasiKredit_Tenor'

2019-11-27 11:08:28 - [TEST_STEP][PASSED] - tap(findTestObject("dynamic object/pickListItem_checkedTextView", ["text":varTenor]), 0): Tapped on element 'Object Repository/dynamic object/pickListItem_checkedTextView'

2019-11-27 11:08:28 - [MESSAGE][WARNING] - Timeout '0' is invalid. Using default page load timeout: '30'

2019-11-27 11:08:30 - [MESSAGE][PASSED] - Tapped on element 'Object Repository/dynamic object/pickListItem_checkedTextView'

2019-11-27 11:08:30 - [TEST_STEP][PASSED] - setText(findTestObject("Simulasi Kredit/Simulasi Kredit - Simulasi Kredit/SimulasiKredit_Inp OTR"), varOTR, 0): Text '128000000' has been set to element 'Object Repository/Simulasi Kredit/Simulasi Kredit - Simulasi Kredit/SimulasiKredit_Inp OTR'

2019-11-27 11:08:30 - [MESSAGE][WARNING] - Timeout '0' is invalid. Using default page load timeout: '30'

2019-11-27 11:08:31 - [MESSAGE][PASSED] - Text '128000000' has been set to element 'Object Repository/Simulasi Kredit/Simulasi Kredit - Simulasi Kredit/SimulasiKredit_Inp OTR'

2019-11-27 11:08:31 - [TEST_STEP][PASSED] - setText(findTestObject("Simulasi Kredit/Simulasi Kredit - Simulasi Kredit/SimulasiKredit_Inp RP"), varRP, 0): Text '41228000' has been set to element 'Object Repository/Simulasi Kredit/Simulasi Kredit - Simulasi Kredit/SimulasiKredit_Inp RP'

2019-11-27 11:08:31 - [MESSAGE][WARNING] - Timeout '0' is invalid. Using default page load timeout: '30'

2019-11-27 11:08:34 - [MESSAGE][PASSED] - Text '41228000' has been set to element 'Object Repository/Simulasi Kredit/Simulasi Kredit - Simulasi Kredit/SimulasiKredit_Inp RP'

2019-11-27 11:08:34 - [TEST_STEP][PASSED] - mobile.mobileSwipe.UpDown(0.5, 0.2, 1000): mobile.mobileSwipe.UpDown is PASSED

2019-11-27 11:08:35 - [MESSAGE][PASSED] - Current device physical height is 2131

2019-11-27 11:08:35 - [MESSAGE][INFO] - Device Height : 2131

2019-11-27 11:08:36 - [MESSAGE][PASSED] - Current device physical width is 1080

2019-11-27 11:08:36 - [MESSAGE][INFO] - Device Width : 1080

2019-11-27 11:08:36 - [MESSAGE][INFO] - Swipe start at Height : 1065

2019-11-27 11:08:36 - [MESSAGE][INFO] - Swipe end at Height : 426

2019-11-27 11:08:36 - [MESSAGE][INFO] - X Position : 1000

2019-11-27 11:08:38 - [MESSAGE][PASSED] - Swiped from 1,000,1,065 to 1,000,426

2019-11-27 11:08:38 - [MESSAGE][PASSED] - mobile.mobileSwipe.UpDown is PASSED

2019-11-27 11:08:38 - [TEST_STEP][PASSED] - setText(findTestObject("Simulasi Kredit/Simulasi Kredit - Simulasi Kredit/SimulasiKredit_Inp Dealer"), varDealer, 0): Text 'ABDUL QODIR J. H' has been set to element 'Object Repository/Simulasi Kredit/Simulasi Kredit - Simulasi Kredit/SimulasiKredit_Inp Dealer'

2019-11-27 11:08:38 - [MESSAGE][WARNING] - Timeout '0' is invalid. Using default page load timeout: '30'

2019-11-27 11:08:40 - [MESSAGE][PASSED] - Text 'ABDUL QODIR J. H' has been set to element 'Object Repository/Simulasi Kredit/Simulasi Kredit - Simulasi Kredit/SimulasiKredit_Inp Dealer'

2019-11-27 11:08:40 - [TEST_STEP][PASSED] - tap(findTestObject("Simulasi Kredit/Simulasi Kredit - Simulasi Kredit/SimulasiKredit_Inp Dealer"), 0): Tapped on element 'Object Repository/Simulasi Kredit/Simulasi Kredit - Simulasi Kredit/SimulasiKredit_Inp Dealer'

2019-11-27 11:08:40 - [MESSAGE][WARNING] - Timeout '0' is invalid. Using default page load timeout: '30'

2019-11-27 11:08:44 - [MESSAGE][PASSED] - Tapped on element 'Object Repository/Simulasi Kredit/Simulasi Kredit - Simulasi Kredit/SimulasiKredit_Inp Dealer'

2019-11-27 11:08:44 - [TEST_STEP][PASSED] - clearText(findTestObject("Simulasi Kredit/Simulasi Kredit - Simulasi Kredit/SimulasiKredit_Inp Dealer"), 0): Element 'Object Repository/Simulasi Kredit/Simulasi Kredit - Simulasi Kredit/SimulasiKredit_Inp Dealer' text is cleared

2019-11-27 11:08:44 - [MESSAGE][WARNING] - Timeout '0' is invalid. Using default page load timeout: '30'

2019-11-27 11:08:45 - [MESSAGE][PASSED] - Element 'Object Repository/Simulasi Kredit/Simulasi Kredit - Simulasi Kredit/SimulasiKredit_Inp Dealer' text is cleared

2019-11-27 11:08:45 - [TEST_STEP][PASSED] - setText(findTestObject("Simulasi Kredit/Simulasi Kredit - Simulasi Kredit/SimulasiKredit_Inp Dealer"), varDealer, 0): Text 'ABDUL QODIR J. H' has been set to element 'Object Repository/Simulasi Kredit/Simulasi Kredit - Simulasi Kredit/SimulasiKredit_Inp Dealer'

2019-11-27 11:08:45 - [MESSAGE][WARNING] - Timeout '0' is invalid. Using default page load timeout: '30'

2019-11-27 11:08:47 - [MESSAGE][PASSED] - Text 'ABDUL QODIR J. H' has been set to element 'Object Repository/Simulasi Kredit/Simulasi Kredit - Simulasi Kredit/SimulasiKredit_Inp Dealer'

2019-11-27 11:08:47 - [TEST_STEP][PASSED] - delay(4, STOP_ON_FAILURE): Delayed 4 second(s)

2019-11-27 11:08:51 - [MESSAGE][PASSED] - Delayed 4 second(s)

2019-11-27 11:08:51 - [TEST_STEP][PASSED] - tap(findTestObject("Simulasi Kredit/Simulasi Kredit - Simulasi Kredit/SimulasiKredit_LOV Dealer"), 0): Tapped on element 'Object Repository/Simulasi Kredit/Simulasi Kredit - Simulasi Kredit/SimulasiKredit_LOV Dealer'

2019-11-27 11:08:51 - [MESSAGE][WARNING] - Timeout '0' is invalid. Using default page load timeout: '30'

2019-11-27 11:08:53 - [MESSAGE][PASSED] - Tapped on element 'Object Repository/Simulasi Kredit/Simulasi Kredit - Simulasi Kredit/SimulasiKredit_LOV Dealer'

2019-11-27 11:08:53 - [TEST_STEP][PASSED] - setText(findTestObject("Simulasi Kredit/Simulasi Kredit - Simulasi Kredit/SimulasiKredit_Inp Sales Dealer"), varSales, 0): Text 'ABDUL QODIR' has been set to element 'Object Repository/Simulasi Kredit/Simulasi Kredit - Simulasi Kredit/SimulasiKredit_Inp Sales Dealer'

2019-11-27 11:08:54 - [MESSAGE][WARNING] - Timeout '0' is invalid. Using default page load timeout: '30'

2019-11-27 11:08:56 - [MESSAGE][PASSED] - Text 'ABDUL QODIR' has been set to element 'Object Repository/Simulasi Kredit/Simulasi Kredit - Simulasi Kredit/SimulasiKredit_Inp Sales Dealer'

2019-11-27 11:08:56 - [TEST_STEP][PASSED] - tap(findTestObject("Simulasi Kredit/Simulasi Kredit - Simulasi Kredit/SimulasiKredit_Inp Sales Dealer"), 0): Tapped on element 'Object Repository/Simulasi Kredit/Simulasi Kredit - Simulasi Kredit/SimulasiKredit_Inp Sales Dealer'

2019-11-27 11:08:56 - [MESSAGE][WARNING] - Timeout '0' is invalid. Using default page load timeout: '30'

2019-11-27 11:08:59 - [MESSAGE][PASSED] - Tapped on element 'Object Repository/Simulasi Kredit/Simulasi Kredit - Simulasi Kredit/SimulasiKredit_Inp Sales Dealer'

2019-11-27 11:08:59 - [TEST_STEP][PASSED] - tap(findTestObject("Simulasi Kredit/Simulasi Kredit - Simulasi Kredit/SimulasiKredit_LOV Sales Dealer"), 0): Tapped on element 'Object Repository/Simulasi Kredit/Simulasi Kredit - Simulasi Kredit/SimulasiKredit_LOV Sales Dealer'

2019-11-27 11:08:59 - [MESSAGE][WARNING] - Timeout '0' is invalid. Using default page load timeout: '30'

2019-11-27 11:09:02 - [MESSAGE][PASSED] - Tapped on element 'Object Repository/Simulasi Kredit/Simulasi Kredit - Simulasi Kredit/SimulasiKredit_LOV Sales Dealer'

2019-11-27 11:09:02 - [TEST_STEP][PASSED] - tap(findTestObject("Simulasi Kredit/Simulasi Kredit - Simulasi Kredit/SimulasiKredit_Btn Hitung"), 0): Tapped on element 'Object Repository/Simulasi Kredit/Simulasi Kredit - Simulasi Kredit/SimulasiKredit_Btn Hitung'

2019-11-27 11:09:02 - [MESSAGE][WARNING] - Timeout '0' is invalid. Using default page load timeout: '30'

2019-11-27 11:09:06 - [MESSAGE][PASSED] - Tapped on element 'Object Repository/Simulasi Kredit/Simulasi Kredit - Simulasi Kredit/SimulasiKredit_Btn Hitung'

2019-11-27 11:09:06 - [TEST_STEP][PASSED] - delay(20, STOP_ON_FAILURE): Delayed 20 second(s)

2019-11-27 11:09:26 - [MESSAGE][PASSED] - Delayed 20 second(s)

2019-11-27 11:09:26 - [TEST_STEP][PASSED] - tap(findTestObject("Simulasi Kredit/Simulasi Kredit - Simulasi Kredit/SimulasiKredit_Btn Berikutnya"), 0): Tapped on element 'Object Repository/Simulasi Kredit/Simulasi Kredit - Simulasi Kredit/SimulasiKredit_Btn Berikutnya'

2019-11-27 11:09:26 - [MESSAGE][WARNING] - Timeout '0' is invalid. Using default page load timeout: '30'

2019-11-27 11:09:29 - [MESSAGE][PASSED] - Tapped on element 'Object Repository/Simulasi Kredit/Simulasi Kredit - Simulasi Kredit/SimulasiKredit_Btn Berikutnya'

2019-11-27 11:09:29 - [TEST_STEP][PASSED] - delay(1, STOP_ON_FAILURE): Delayed 1 second(s)

2019-11-27 11:09:30 - [MESSAGE][PASSED] - Delayed 1 second(s)

2019-11-27 11:09:30 - [TEST_STEP][PASSED] - waitForElementPresent(findTestObject("Simulasi Kredit/Simulasi Kredit - Asuransi/Asuransi_Nama Asuransi"), 0): Element 'Object Repository/Simulasi Kredit/Simulasi Kredit - Asuransi/Asuransi_Nama Asuransi' is present

2019-11-27 11:09:30 - [MESSAGE][WARNING] - Timeout '0' is invalid. Using default page load timeout: '30'

2019-11-27 11:09:31 - [MESSAGE][PASSED] - Element 'Object Repository/Simulasi Kredit/Simulasi Kredit - Asuransi/Asuransi_Nama Asuransi' is present

2019-11-27 11:09:31 - [MESSAGE][PASSED] - Call Test Case 'Test Cases/Data Entry/Simulasi Kredit/Simulasi Kredit/MASTER FLOW/TC_Simulasi Kredit - MASTER FLOW' successfully

2019-11-27 11:09:31 - [TEST_STEP][PASSED] - callTestCase(findTestCase("Data Entry/Simulasi Kredit/Simulasi Kredit - Asuransi/MASTER FLOW/TC_Asuransi - MASTER FLOW"), ["varAsuransi":varAsuransi, "varKodeWilayah":varKodeWilayah], STOP_ON_FAILURE): Call Test Case 'Test Cases/Data Entry/Simulasi Kredit/Simulasi Kredit - Asuransi/MASTER FLOW/TC_Asuransi - MASTER FLOW' successfully

2019-11-27 11:09:31 - [TEST_CASE][PASSED] - Test Cases/Data Entry/Simulasi Kredit/Simulasi Kredit - Asuransi/MASTER FLOW/TC_Asuransi - MASTER FLOW: Test Cases/Data Entry/Simulasi Kredit/Simulasi Kredit - Asuransi/MASTER FLOW/TC_Asuransi - MASTER FLOW

2019-11-27 11:09:31 - [TEST_STEP][PASSED] - delay(2, STOP_ON_FAILURE): Delayed 2 second(s)

2019-11-27 11:09:33 - [MESSAGE][PASSED] - Delayed 2 second(s)

2019-11-27 11:09:33 - [TEST_STEP][PASSED] - tap(findTestObject("Simulasi Kredit/Simulasi Kredit - Asuransi/Asuransi_Nama Asuransi"), 0): Tapped on element 'Object Repository/Simulasi Kredit/Simulasi Kredit - Asuransi/Asuransi_Nama Asuransi'

2019-11-27 11:09:33 - [MESSAGE][WARNING] - Timeout '0' is invalid. Using default page load timeout: '30'

2019-11-27 11:09:36 - [MESSAGE][PASSED] - Tapped on element 'Object Repository/Simulasi Kredit/Simulasi Kredit - Asuransi/Asuransi_Nama Asuransi'

2019-11-27 11:09:36 - [TEST_STEP][PASSED] - setText(findTestObject("Simulasi Kredit/Simulasi Kredit - Asuransi/Asuransi_Nama Asuransi"), varAsuransi, 0): Text 'PT AAB REGULER OJK 2017(305001)' has been set to element 'Object Repository/Simulasi Kredit/Simulasi Kredit - Asuransi/Asuransi_Nama Asuransi'

2019-11-27 11:09:36 - [MESSAGE][WARNING] - Timeout '0' is invalid. Using default page load timeout: '30'

2019-11-27 11:09:38 - [MESSAGE][PASSED] - Text 'PT AAB REGULER OJK 2017(305001)' has been set to element 'Object Repository/Simulasi Kredit/Simulasi Kredit - Asuransi/Asuransi_Nama Asuransi'

2019-11-27 11:09:38 - [TEST_STEP][PASSED] - tap(findTestObject("Simulasi Kredit/Simulasi Kredit - Asuransi/Asuransi_LOV Nama Asuransi"), 0): Tapped on element 'Object Repository/Simulasi Kredit/Simulasi Kredit - Asuransi/Asuransi_LOV Nama Asuransi'

2019-11-27 11:09:38 - [MESSAGE][WARNING] - Timeout '0' is invalid. Using default page load timeout: '30'

2019-11-27 11:09:41 - [MESSAGE][PASSED] - Tapped on element 'Object Repository/Simulasi Kredit/Simulasi Kredit - Asuransi/Asuransi_LOV Nama Asuransi'

2019-11-27 11:09:41 - [TEST_STEP][PASSED] - delay(1, STOP_ON_FAILURE): Delayed 1 second(s)

2019-11-27 11:09:42 - [MESSAGE][PASSED] - Delayed 1 second(s)

2019-11-27 11:09:42 - [TEST_STEP][PASSED] - tap(findTestObject("Simulasi Kredit/Simulasi Kredit - Asuransi/Asuransi_KDWilayah"), 0): Tapped on element 'Object Repository/Simulasi Kredit/Simulasi Kredit - Asuransi/Asuransi_KDWilayah'

2019-11-27 11:09:43 - [MESSAGE][WARNING] - Timeout '0' is invalid. Using default page load timeout: '30'

2019-11-27 11:09:44 - [MESSAGE][PASSED] - Tapped on element 'Object Repository/Simulasi Kredit/Simulasi Kredit - Asuransi/Asuransi_KDWilayah'

2019-11-27 11:09:44 - [TEST_STEP][PASSED] - tap(findTestObject("dynamic object/pickListItem_checkedTextView", ["text":varKodeWilayah]), 0): Tapped on element 'Object Repository/dynamic object/pickListItem_checkedTextView'

2019-11-27 11:09:45 - [MESSAGE][WARNING] - Timeout '0' is invalid. Using default page load timeout: '30'

2019-11-27 11:09:46 - [MESSAGE][PASSED] - Tapped on element 'Object Repository/dynamic object/pickListItem_checkedTextView'

2019-11-27 11:09:46 - [TEST_STEP][PASSED] - tap(findTestObject("Simulasi Kredit/Simulasi Kredit - Asuransi/asuransi_BtnARPlus"), 0): Tapped on element 'Object Repository/Simulasi Kredit/Simulasi Kredit - Asuransi/asuransi_BtnARPlus'

2019-11-27 11:09:46 - [MESSAGE][WARNING] - Timeout '0' is invalid. Using default page load timeout: '30'

2019-11-27 11:09:48 - [MESSAGE][PASSED] - Tapped on element 'Object Repository/Simulasi Kredit/Simulasi Kredit - Asuransi/asuransi_BtnARPlus'

2019-11-27 11:09:48 - [TEST_STEP][PASSED] - tap(findTestObject("Simulasi Kredit/Simulasi Kredit - Asuransi/asuransi_BtnCashPlus"), 0): Tapped on element 'Object Repository/Simulasi Kredit/Simulasi Kredit - Asuransi/asuransi_BtnCashPlus'

2019-11-27 11:09:48 - [MESSAGE][WARNING] - Timeout '0' is invalid. Using default page load timeout: '30'

2019-11-27 11:09:50 - [MESSAGE][PASSED] - Tapped on element 'Object Repository/Simulasi Kredit/Simulasi Kredit - Asuransi/asuransi_BtnCashPlus'

2019-11-27 11:09:50 - [TEST_STEP][PASSED] - delay(2, STOP_ON_FAILURE): Delayed 2 second(s)

2019-11-27 11:09:52 - [MESSAGE][PASSED] - Delayed 2 second(s)

2019-11-27 11:09:52 - [TEST_STEP][PASSED] - tap(findTestObject("Simulasi Kredit/Simulasi Kredit - Asuransi/Asuransi_Hitung"), 0): Tapped on element 'Object Repository/Simulasi Kredit/Simulasi Kredit - Asuransi/Asuransi_Hitung'

2019-11-27 11:09:52 - [MESSAGE][WARNING] - Timeout '0' is invalid. Using default page load timeout: '30'

2019-11-27 11:09:56 - [MESSAGE][PASSED] - Tapped on element 'Object Repository/Simulasi Kredit/Simulasi Kredit - Asuransi/Asuransi_Hitung'

2019-11-27 11:09:56 - [TEST_STEP][PASSED] - delay(30, STOP_ON_FAILURE): Delayed 30 second(s)

2019-11-27 11:10:26 - [MESSAGE][PASSED] - Delayed 30 second(s)

2019-11-27 11:10:26 - [TEST_STEP][PASSED] - tap(findTestObject("Simulasi Kredit/Simulasi Kredit - Asuransi/Asuransi_Berikutnya"), 0): Tapped on element 'Object Repository/Simulasi Kredit/Simulasi Kredit - Asuransi/Asuransi_Berikutnya'

2019-11-27 11:10:26 - [MESSAGE][WARNING] - Timeout '0' is invalid. Using default page load timeout: '30'

2019-11-27 11:10:28 - [MESSAGE][PASSED] - Tapped on element 'Object Repository/Simulasi Kredit/Simulasi Kredit - Asuransi/Asuransi_Berikutnya'

2019-11-27 11:10:28 - [MESSAGE][PASSED] - Call Test Case 'Test Cases/Data Entry/Simulasi Kredit/Simulasi Kredit - Asuransi/MASTER FLOW/TC_Asuransi - MASTER FLOW' successfully

2019-11-27 11:10:28 - [TEST_STEP][PASSED] - callTestCase(findTestCase("Data Entry/Simulasi Kredit/Kategori Loan/MASTER FLOW/TC_Kategori Loan - Master FLOW"), ["varOpsiNPWP":varOpsiNPWP], STOP_ON_FAILURE): Call Test Case 'Test Cases/Data Entry/Simulasi Kredit/Kategori Loan/MASTER FLOW/TC_Kategori Loan - Master FLOW' successfully

2019-11-27 11:10:28 - [TEST_CASE][PASSED] - Test Cases/Data Entry/Simulasi Kredit/Kategori Loan/MASTER FLOW/TC_Kategori Loan - Master FLOW: Test Cases/Data Entry/Simulasi Kredit/Kategori Loan/MASTER FLOW/TC_Kategori Loan - Master FLOW

2019-11-27 11:10:28 - [TEST_STEP][PASSED] - switch (varOpsiNPWP.toString()): null

2019-11-27 11:10:28 - [TEST_STEP][PASSED] - case "Approval":: null

2019-11-27 11:10:28 - [TEST_STEP][PASSED] - tap(findTestObject("Simulasi Kredit/Simulasi Kredit - Kategori Loan/KategoriLoan_Opsi NPWP Approval"), 0): Tapped on element 'Object Repository/Simulasi Kredit/Simulasi Kredit - Kategori Loan/KategoriLoan_Opsi NPWP Approval'

2019-11-27 11:10:28 - [MESSAGE][WARNING] - Timeout '0' is invalid. Using default page load timeout: '30'

2019-11-27 11:10:32 - [MESSAGE][PASSED] - Tapped on element 'Object Repository/Simulasi Kredit/Simulasi Kredit - Kategori Loan/KategoriLoan_Opsi NPWP Approval'

2019-11-27 11:10:32 - [TEST_STEP][PASSED] - break: null

2019-11-27 11:10:32 - [TEST_STEP][PASSED] - delay(2, STOP_ON_FAILURE): Delayed 2 second(s)

2019-11-27 11:10:34 - [MESSAGE][PASSED] - Delayed 2 second(s)

2019-11-27 11:10:34 - [TEST_STEP][PASSED] - tap(findTestObject("Simulasi Kredit/Simulasi Kredit - Kategori Loan/KategoriLoan_Berikutnya"), 0): Tapped on element 'Object Repository/Simulasi Kredit/Simulasi Kredit - Kategori Loan/KategoriLoan_Berikutnya'

2019-11-27 11:10:34 - [MESSAGE][WARNING] - Timeout '0' is invalid. Using default page load timeout: '30'

2019-11-27 11:10:36 - [MESSAGE][PASSED] - Tapped on element 'Object Repository/Simulasi Kredit/Simulasi Kredit - Kategori Loan/KategoriLoan_Berikutnya'

2019-11-27 11:10:36 - [MESSAGE][PASSED] - Call Test Case 'Test Cases/Data Entry/Simulasi Kredit/Kategori Loan/MASTER FLOW/TC_Kategori Loan - Master FLOW' successfully

2019-11-27 11:10:36 - [TEST_STEP][PASSED] - callTestCase(findTestCase("Data Entry/Simulasi Kredit/Loan Detail/MASTER FLOW/TC_Loan Detail - MASTER FLOW"), [:], STOP_ON_FAILURE): Call Test Case 'Test Cases/Data Entry/Simulasi Kredit/Loan Detail/MASTER FLOW/TC_Loan Detail - MASTER FLOW' successfully

2019-11-27 11:10:36 - [TEST_CASE][PASSED] - Test Cases/Data Entry/Simulasi Kredit/Loan Detail/MASTER FLOW/TC_Loan Detail - MASTER FLOW: Test Cases/Data Entry/Simulasi Kredit/Loan Detail/MASTER FLOW/TC_Loan Detail - MASTER FLOW

2019-11-27 11:10:36 - [TEST_STEP][PASSED] - mobile.mobileSwipe.RightLeft(0.9, 0.5, 600): mobile.mobileSwipe.RightLeft is PASSED

2019-11-27 11:10:37 - [MESSAGE][PASSED] - Current device physical width is 1080

2019-11-27 11:10:38 - [MESSAGE][PASSED] - Current device physical height is 2131

2019-11-27 11:10:38 - [MESSAGE][INFO] - Device Height : 2131

2019-11-27 11:10:38 - [MESSAGE][INFO] - Device Width : 1080

2019-11-27 11:10:38 - [MESSAGE][INFO] - Swipe start at Width : 971

2019-11-27 11:10:38 - [MESSAGE][INFO] - Swipe end at Witdh : 540

2019-11-27 11:10:38 - [MESSAGE][INFO] - Y Position : 600

2019-11-27 11:10:40 - [MESSAGE][PASSED] - Swiped from 971,600 to 540,600

2019-11-27 11:10:40 - [MESSAGE][PASSED] - mobile.mobileSwipe.RightLeft is PASSED

2019-11-27 11:10:40 - [TEST_STEP][PASSED] - delay(3, STOP_ON_FAILURE): Delayed 3 second(s)

2019-11-27 11:10:43 - [MESSAGE][PASSED] - Delayed 3 second(s)

2019-11-27 11:10:43 - [TEST_STEP][PASSED] - mobile.mobileSwipe.UpDown(0.8, 0.4, 1000): mobile.mobileSwipe.UpDown is PASSED

2019-11-27 11:10:44 - [MESSAGE][PASSED] - Current device physical height is 2131

2019-11-27 11:10:44 - [MESSAGE][INFO] - Device Height : 2131

2019-11-27 11:10:45 - [MESSAGE][PASSED] - Current device physical width is 1080

2019-11-27 11:10:45 - [MESSAGE][INFO] - Device Width : 1080

2019-11-27 11:10:45 - [MESSAGE][INFO] - Swipe start at Height : 1704

2019-11-27 11:10:45 - [MESSAGE][INFO] - Swipe end at Height : 852

2019-11-27 11:10:45 - [MESSAGE][INFO] - X Position : 1000

2019-11-27 11:10:47 - [MESSAGE][PASSED] - Swiped from 1,000,1,704 to 1,000,852

2019-11-27 11:10:47 - [MESSAGE][PASSED] - mobile.mobileSwipe.UpDown is PASSED

2019-11-27 11:10:47 - [TEST_STEP][PASSED] - delay(7, STOP_ON_FAILURE): Delayed 7 second(s)

2019-11-27 11:10:54 - [MESSAGE][PASSED] - Delayed 7 second(s)

2019-11-27 11:10:54 - [TEST_STEP][PASSED] - tap(findTestObject("Simulasi Kredit/Simulasi Kredit - Loan Detail/LoanDetail_Hitung"), 0): Tapped on element 'Object Repository/Simulasi Kredit/Simulasi Kredit - Loan Detail/LoanDetail_Hitung'

2019-11-27 11:10:54 - [MESSAGE][WARNING] - Timeout '0' is invalid. Using default page load timeout: '30'

2019-11-27 11:10:57 - [MESSAGE][PASSED] - Tapped on element 'Object Repository/Simulasi Kredit/Simulasi Kredit - Loan Detail/LoanDetail_Hitung'

2019-11-27 11:10:57 - [TEST_STEP][PASSED] - delay(30, STOP_ON_FAILURE): Delayed 30 second(s)

2019-11-27 11:11:27 - [MESSAGE][PASSED] - Delayed 30 second(s)

2019-11-27 11:11:27 - [TEST_STEP][PASSED] - tap(findTestObject("Simulasi Kredit/Simulasi Kredit - Loan Detail/LoanDetail_Berikutnya"), 0): Tapped on element 'Object Repository/Simulasi Kredit/Simulasi Kredit - Loan Detail/LoanDetail_Berikutnya'

2019-11-27 11:11:27 - [MESSAGE][WARNING] - Timeout '0' is invalid. Using default page load timeout: '30'

2019-11-27 11:11:29 - [MESSAGE][PASSED] - Tapped on element 'Object Repository/Simulasi Kredit/Simulasi Kredit - Loan Detail/LoanDetail_Berikutnya'

2019-11-27 11:11:29 - [TEST_STEP][PASSED] - delay(10, STOP_ON_FAILURE): Delayed 10 second(s)

2019-11-27 11:11:39 - [MESSAGE][PASSED] - Delayed 10 second(s)

2019-11-27 11:11:39 - [TEST_STEP][PASSED] - tap(findTestObject("Simulasi Kredit/Simulasi Kredit - Loan Detail/LoanDetail_Berikutnya"), 0): Tapped on element 'Object Repository/Simulasi Kredit/Simulasi Kredit - Loan Detail/LoanDetail_Berikutnya'

2019-11-27 11:11:40 - [MESSAGE][WARNING] - Timeout '0' is invalid. Using default page load timeout: '30'

2019-11-27 11:11:41 - [MESSAGE][PASSED] - Tapped on element 'Object Repository/Simulasi Kredit/Simulasi Kredit - Loan Detail/LoanDetail_Berikutnya'

2019-11-27 11:11:41 - [TEST_STEP][PASSED] - delay(10, STOP_ON_FAILURE): Delayed 10 second(s)

2019-11-27 11:11:51 - [MESSAGE][PASSED] - Delayed 10 second(s)

2019-11-27 11:11:51 - [MESSAGE][PASSED] - Call Test Case 'Test Cases/Data Entry/Simulasi Kredit/Loan Detail/MASTER FLOW/TC_Loan Detail - MASTER FLOW' successfully

2019-11-27 11:11:51 - [TEST_STEP][PASSED] - callTestCase(findTestCase("Data Entry/Upload Document/Borrower/MASTER FLOW/TC_Upload Document - borrower - MASTER FLOW"), ["Borrower_varKTP":Borrower_varKTP], STOP_ON_FAILURE): Call Test Case 'Test Cases/Data Entry/Upload Document/Borrower/MASTER FLOW/TC_Upload Document - borrower - MASTER FLOW' successfully

2019-11-27 11:11:51 - [TEST_CASE][PASSED] - Test Cases/Data Entry/Upload Document/Borrower/MASTER FLOW/TC_Upload Document - borrower - MASTER FLOW: Test Cases/Data Entry/Upload Document/Borrower/MASTER FLOW/TC_Upload Document - borrower - MASTER FLOW

2019-11-27 11:11:51 - [TEST_STEP][PASSED] - tap(findTestObject("Upload Document/Upload Document - Item Upload/UnggahDokumen_BtnKTP"), 0): Tapped on element 'Object Repository/Upload Document/Upload Document - Item Upload/UnggahDokumen_BtnKTP'

2019-11-27 11:11:51 - [MESSAGE][WARNING] - Timeout '0' is invalid. Using default page load timeout: '30'

2019-11-27 11:11:53 - [MESSAGE][PASSED] - Tapped on element 'Object Repository/Upload Document/Upload Document - Item Upload/UnggahDokumen_BtnKTP'

2019-11-27 11:11:53 - [TEST_STEP][PASSED] - if (verifyElementVisible(findTestObject("Upload Document/Upload Document - Item Upload/UnggahDokumen_BtnGallery"), 3, OPTIONAL)): Element 'Object Repository/Upload Document/Upload Document - Item Upload/UnggahDokumen_BtnGallery' not found

2019-11-27 11:11:58 - [MESSAGE][WARNING] - Element 'Object Repository/Upload Document/Upload Document - Item Upload/UnggahDokumen_BtnGallery' not found
[[ATTACHMENT|C:\\Users\\15420\\git\\ACCME-Dupcheck\\Reports\\20191127_103728\\data entry dupcek\\20191127_103728\\1574827916453.png]]

2019-11-27 11:11:58 - [TEST_STEP][PASSED] - else: Tapped on element 'Object Repository/Upload Document/android.view.View168 -  Gallery'

2019-11-27 11:11:58 - [TEST_STEP][PASSED] - tap(findTestObject("Upload Document/android.view.View168 -  Gallery"), 0): Tapped on element 'Object Repository/Upload Document/android.view.View168 -  Gallery'

2019-11-27 11:11:58 - [MESSAGE][WARNING] - Timeout '0' is invalid. Using default page load timeout: '30'

2019-11-27 11:12:01 - [MESSAGE][PASSED] - Tapped on element 'Object Repository/Upload Document/android.view.View168 -  Gallery'

2019-11-27 11:12:01 - [TEST_STEP][PASSED] - scrollToText(Borrower_varKTP, STOP_ON_FAILURE): Scrolling to text 'abc.jpg' successfully

2019-11-27 11:12:02 - [MESSAGE][PASSED] - Scrolling to text 'abc.jpg' successfully

2019-11-27 11:12:02 - [TEST_STEP][PASSED] - tap(findTestObject("dynamic object/pickListItem_TextView", ["text":Borrower_varKTP]), 0): Tapped on element 'Object Repository/dynamic object/pickListItem_TextView'

2019-11-27 11:12:02 - [MESSAGE][WARNING] - Timeout '0' is invalid. Using default page load timeout: '30'

2019-11-27 11:12:04 - [MESSAGE][PASSED] - Tapped on element 'Object Repository/dynamic object/pickListItem_TextView'

2019-11-27 11:12:04 - [TEST_STEP][PASSED] - delay(10, STOP_ON_FAILURE): Delayed 10 second(s)

2019-11-27 11:12:14 - [MESSAGE][PASSED] - Delayed 10 second(s)

2019-11-27 11:12:14 - [MESSAGE][PASSED] - Call Test Case 'Test Cases/Data Entry/Upload Document/Borrower/MASTER FLOW/TC_Upload Document - borrower - MASTER FLOW' successfully

2019-11-27 11:12:14 - [TEST_STEP][PASSED] - tap(findTestObject("dynamic object/BtnBerikutnya"), 0): Tapped on element 'Object Repository/dynamic object/BtnBerikutnya'

2019-11-27 11:12:14 - [MESSAGE][WARNING] - Timeout '0' is invalid. Using default page load timeout: '30'

2019-11-27 11:12:16 - [MESSAGE][PASSED] - Tapped on element 'Object Repository/dynamic object/BtnBerikutnya'

2019-11-27 11:12:16 - [TEST_STEP][PASSED] - delay(30, STOP_ON_FAILURE): Delayed 30 second(s)

2019-11-27 11:12:46 - [MESSAGE][PASSED] - Delayed 30 second(s)

2019-11-27 11:12:46 - [TEST_STEP][FAILED] - callTestCase(findTestCase("Data Entry/Borrower/Flow Borrower"), ["BIvarNoKTP":BIvarNoKTP, "BIvarAgama":BIvarAgama, "BIvarStatusPerkawinan":BIvarStatusPerkawinan, "BEvarRT":BEvarRT, "BEvarRW":BEvarRW, ... ], STOP_ON_FAILURE): Unable to call Test Case 'Test Cases/Data Entry/Borrower/Flow Borrower' (Root cause: com.kms.katalon.core.exception.StepFailedException: Call Test Case 'Test Cases/Data Entry/Borrower/Flow Borrower' failed
	at com.kms.katalon.core.keyword.builtin.CallTestCaseKeyword$_callTestCase_closure1.doCall(CallTestCaseKeyword.groovy:63)
	at com.kms.katalon.core.keyword.builtin.CallTestCaseKeyword$_callTestCase_closure1.call(CallTestCaseKeyword.groovy)
	at com.kms.katalon.core.keyword.internal.KeywordMain.runKeyword(KeywordMain.groovy:68)
	at com.kms.katalon.core.keyword.builtin.CallTestCaseKeyword.callTestCase(CallTestCaseKeyword.groovy:81)
	at com.kms.katalon.core.keyword.builtin.CallTestCaseKeyword.execute(CallTestCaseKeyword.groovy:44)
	at com.kms.katalon.core.keyword.internal.KeywordExecutor.executeKeywordForPlatform(KeywordExecutor.groovy:60)
	at com.kms.katalon.core.keyword.BuiltinKeywords.callTestCase(BuiltinKeywords.groovy:334)
	at TC_Data Entry.run(TC_Data Entry:42)
	at com.kms.katalon.core.main.ScriptEngine.run(ScriptEngine.java:194)
	at com.kms.katalon.core.main.ScriptEngine.runScriptAsRawText(ScriptEngine.java:119)
	at com.kms.katalon.core.main.TestCaseExecutor.runScript(TestCaseExecutor.java:337)
	at com.kms.katalon.core.main.TestCaseExecutor.doExecute(TestCaseExecutor.java:328)
	at com.kms.katalon.core.main.TestCaseExecutor.processExecutionPhase(TestCaseExecutor.java:307)
	at com.kms.katalon.core.main.TestCaseExecutor.accessMainPhase(TestCaseExecutor.java:299)
	at com.kms.katalon.core.main.TestCaseExecutor.execute(TestCaseExecutor.java:233)
	at com.kms.katalon.core.main.TestSuiteExecutor.accessTestCaseMainPhase(TestSuiteExecutor.java:169)
	at com.kms.katalon.core.main.TestSuiteExecutor.accessTestSuiteMainPhase(TestSuiteExecutor.java:142)
	at com.kms.katalon.core.main.TestSuiteExecutor.execute(TestSuiteExecutor.java:91)
	at com.kms.katalon.core.main.TestCaseMain.startTestSuite(TestCaseMain.java:157)
	at com.kms.katalon.core.main.TestCaseMain$startTestSuite$0.call(Unknown Source)
	at TempTestSuite1574825848461.run(TempTestSuite1574825848461.groovy:36)
Caused by: com.kms.katalon.core.exception.StepFailedException: Call Test Case 'Test Cases/Data Entry/Borrower/Borrower - Pekerjaan/MASTER FLOW/TC_Borrower - Pekerjaan - MASTER FLOW' failed
	at com.kms.katalon.core.keyword.builtin.CallTestCaseKeyword$_callTestCase_closure1.doCall(CallTestCaseKeyword.groovy:63)
	at com.kms.katalon.core.keyword.builtin.CallTestCaseKeyword$_callTestCase_closure1.call(CallTestCaseKeyword.groovy)
	at com.kms.katalon.core.keyword.internal.KeywordMain.runKeyword(KeywordMain.groovy:68)
	at com.kms.katalon.core.keyword.builtin.CallTestCaseKeyword.callTestCase(CallTestCaseKeyword.groovy:81)
	at com.kms.katalon.core.keyword.builtin.CallTestCaseKeyword.execute(CallTestCaseKeyword.groovy:44)
	at com.kms.katalon.core.keyword.internal.KeywordExecutor.executeKeywordForPlatform(KeywordExecutor.groovy:60)
	at com.kms.katalon.core.keyword.BuiltinKeywords.callTestCase(BuiltinKeywords.groovy:334)
	at Flow Borrower.run(Flow Borrower:42)
	at com.kms.katalon.core.main.ScriptEngine.run(ScriptEngine.java:194)
	at com.kms.katalon.core.main.ScriptEngine.runScriptAsRawText(ScriptEngine.java:119)
	at com.kms.katalon.core.main.TestCaseExecutor.runScript(TestCaseExecutor.java:337)
	at com.kms.katalon.core.main.TestCaseExecutor.doExecute(TestCaseExecutor.java:328)
	at com.kms.katalon.core.main.TestCaseExecutor.processExecutionPhase(TestCaseExecutor.java:307)
	at com.kms.katalon.core.main.TestCaseExecutor.accessMainPhase(TestCaseExecutor.java:299)
	at com.kms.katalon.core.main.TestCaseExecutor.execute(TestCaseExecutor.java:233)
	at com.kms.katalon.core.main.TestCaseMain.runTestCase(TestCaseMain.java:114)
	at com.kms.katalon.core.keyword.builtin.CallTestCaseKeyword$_callTestCase_closure1.doCall(CallTestCaseKeyword.groovy:59)
	... 20 more
Caused by: com.kms.katalon.core.exception.StepFailedException: Object Object Repository/Borrower/Borrower - Pekerjaan/Borrower_Pekerjaan_InpPekerjaan not found
	at com.kms.katalon.core.keyword.internal.KeywordMain.stepFailed(KeywordMain.groovy:50)
	at com.kms.katalon.core.mobile.keyword.internal.MobileKeywordMain.stepFailed(MobileKeywordMain.groovy:40)
	at com.kms.katalon.core.mobile.keyword.builtin.GetTextKeyword$_getText_closure1.doCall(GetTextKeyword.groovy:74)
	at com.kms.katalon.core.mobile.keyword.builtin.GetTextKeyword$_getText_closure1.call(GetTextKeyword.groovy)
	at com.kms.katalon.core.mobile.keyword.internal.MobileKeywordMain.runKeyword(MobileKeywordMain.groovy:21)
	at com.kms.katalon.core.mobile.keyword.builtin.GetTextKeyword.getText(GetTextKeyword.groovy:80)
	at com.kms.katalon.core.mobile.keyword.builtin.GetTextKeyword.execute(GetTextKeyword.groovy:64)
	at com.kms.katalon.core.keyword.internal.KeywordExecutor.executeKeywordForPlatform(KeywordExecutor.groovy:60)
	at com.kms.katalon.core.mobile.keyword.MobileBuiltInKeywords.getText(MobileBuiltInKeywords.groovy:458)
	at com.kms.katalon.core.mobile.keyword.MobileBuiltInKeywords$getText$13.call(Unknown Source)
	at TC_Borrower - Pekerjaan - MASTER FLOW.run(TC_Borrower - Pekerjaan - MASTER FLOW:16)
	at com.kms.katalon.core.main.ScriptEngine.run(ScriptEngine.java:194)
	at com.kms.katalon.core.main.ScriptEngine.runScriptAsRawText(ScriptEngine.java:119)
	at com.kms.katalon.core.main.TestCaseExecutor.runScript(TestCaseExecutor.java:337)
	at com.kms.katalon.core.main.TestCaseExecutor.doExecute(TestCaseExecutor.java:328)
	at com.kms.katalon.core.main.TestCaseExecutor.processExecutionPhase(TestCaseExecutor.java:307)
	at com.kms.katalon.core.main.TestCaseExecutor.accessMainPhase(TestCaseExecutor.java:299)
	at com.kms.katalon.core.main.TestCaseExecutor.execute(TestCaseExecutor.java:233)
	at com.kms.katalon.core.main.TestCaseMain.runTestCase(TestCaseMain.java:114)
	at com.kms.katalon.core.keyword.builtin.CallTestCaseKeyword$_callTestCase_closure1.doCall(CallTestCaseKeyword.groovy:59)
	... 36 more
)

2019-11-27 11:12:47 - [TEST_CASE][FAILED] - Test Cases/Data Entry/Borrower/Flow Borrower: Test Cases/Data Entry/Borrower/Flow Borrower FAILED.
Reason:
com.kms.katalon.core.exception.StepFailedException: Call Test Case 'Test Cases/Data Entry/Borrower/Borrower - Pekerjaan/MASTER FLOW/TC_Borrower - Pekerjaan - MASTER FLOW' failed
	at com.kms.katalon.core.keyword.builtin.CallTestCaseKeyword$_callTestCase_closure1.doCall(CallTestCaseKeyword.groovy:63)
	at com.kms.katalon.core.keyword.builtin.CallTestCaseKeyword$_callTestCase_closure1.call(CallTestCaseKeyword.groovy)
	at com.kms.katalon.core.keyword.internal.KeywordMain.runKeyword(KeywordMain.groovy:68)
	at com.kms.katalon.core.keyword.builtin.CallTestCaseKeyword.callTestCase(CallTestCaseKeyword.groovy:81)
	at com.kms.katalon.core.keyword.builtin.CallTestCaseKeyword.execute(CallTestCaseKeyword.groovy:44)
	at com.kms.katalon.core.keyword.internal.KeywordExecutor.executeKeywordForPlatform(KeywordExecutor.groovy:60)
	at com.kms.katalon.core.keyword.BuiltinKeywords.callTestCase(BuiltinKeywords.groovy:334)
	at Flow Borrower.run(Flow Borrower:42)
	at com.kms.katalon.core.main.ScriptEngine.run(ScriptEngine.java:194)
	at com.kms.katalon.core.main.ScriptEngine.runScriptAsRawText(ScriptEngine.java:119)
	at com.kms.katalon.core.main.TestCaseExecutor.runScript(TestCaseExecutor.java:337)
	at com.kms.katalon.core.main.TestCaseExecutor.doExecute(TestCaseExecutor.java:328)
	at com.kms.katalon.core.main.TestCaseExecutor.processExecutionPhase(TestCaseExecutor.java:307)
	at com.kms.katalon.core.main.TestCaseExecutor.accessMainPhase(TestCaseExecutor.java:299)
	at com.kms.katalon.core.main.TestCaseExecutor.execute(TestCaseExecutor.java:233)
	at com.kms.katalon.core.main.TestCaseMain.runTestCase(TestCaseMain.java:114)
	at com.kms.katalon.core.keyword.builtin.CallTestCaseKeyword$_callTestCase_closure1.doCall(CallTestCaseKeyword.groovy:59)
	at com.kms.katalon.core.keyword.builtin.CallTestCaseKeyword$_callTestCase_closure1.call(CallTestCaseKeyword.groovy)
	at com.kms.katalon.core.keyword.internal.KeywordMain.runKeyword(KeywordMain.groovy:68)
	at com.kms.katalon.core.keyword.builtin.CallTestCaseKeyword.callTestCase(CallTestCaseKeyword.groovy:81)
	at com.kms.katalon.core.keyword.builtin.CallTestCaseKeyword.execute(CallTestCaseKeyword.groovy:44)
	at com.kms.katalon.core.keyword.internal.KeywordExecutor.executeKeywordForPlatform(KeywordExecutor.groovy:60)
	at com.kms.katalon.core.keyword.BuiltinKeywords.callTestCase(BuiltinKeywords.groovy:334)
	at TC_Data Entry.run(TC_Data Entry:42)
	at com.kms.katalon.core.main.ScriptEngine.run(ScriptEngine.java:194)
	at com.kms.katalon.core.main.ScriptEngine.runScriptAsRawText(ScriptEngine.java:119)
	at com.kms.katalon.core.main.TestCaseExecutor.runScript(TestCaseExecutor.java:337)
	at com.kms.katalon.core.main.TestCaseExecutor.doExecute(TestCaseExecutor.java:328)
	at com.kms.katalon.core.main.TestCaseExecutor.processExecutionPhase(TestCaseExecutor.java:307)
	at com.kms.katalon.core.main.TestCaseExecutor.accessMainPhase(TestCaseExecutor.java:299)
	at com.kms.katalon.core.main.TestCaseExecutor.execute(TestCaseExecutor.java:233)
	at com.kms.katalon.core.main.TestSuiteExecutor.accessTestCaseMainPhase(TestSuiteExecutor.java:169)
	at com.kms.katalon.core.main.TestSuiteExecutor.accessTestSuiteMainPhase(TestSuiteExecutor.java:142)
	at com.kms.katalon.core.main.TestSuiteExecutor.execute(TestSuiteExecutor.java:91)
	at com.kms.katalon.core.main.TestCaseMain.startTestSuite(TestCaseMain.java:157)
	at com.kms.katalon.core.main.TestCaseMain$startTestSuite$0.call(Unknown Source)
	at TempTestSuite1574825848461.run(TempTestSuite1574825848461.groovy:36)
Caused by: com.kms.katalon.core.exception.StepFailedException: Object Object Repository/Borrower/Borrower - Pekerjaan/Borrower_Pekerjaan_InpPekerjaan not found
	at com.kms.katalon.core.keyword.internal.KeywordMain.stepFailed(KeywordMain.groovy:50)
	at com.kms.katalon.core.mobile.keyword.internal.MobileKeywordMain.stepFailed(MobileKeywordMain.groovy:40)
	at com.kms.katalon.core.mobile.keyword.builtin.GetTextKeyword$_getText_closure1.doCall(GetTextKeyword.groovy:74)
	at com.kms.katalon.core.mobile.keyword.builtin.GetTextKeyword$_getText_closure1.call(GetTextKeyword.groovy)
	at com.kms.katalon.core.mobile.keyword.internal.MobileKeywordMain.runKeyword(MobileKeywordMain.groovy:21)
	at com.kms.katalon.core.mobile.keyword.builtin.GetTextKeyword.getText(GetTextKeyword.groovy:80)
	at com.kms.katalon.core.mobile.keyword.builtin.GetTextKeyword.execute(GetTextKeyword.groovy:64)
	at com.kms.katalon.core.keyword.internal.KeywordExecutor.executeKeywordForPlatform(KeywordExecutor.groovy:60)
	at com.kms.katalon.core.mobile.keyword.MobileBuiltInKeywords.getText(MobileBuiltInKeywords.groovy:458)
	at com.kms.katalon.core.mobile.keyword.MobileBuiltInKeywords$getText$13.call(Unknown Source)
	at TC_Borrower - Pekerjaan - MASTER FLOW.run(TC_Borrower - Pekerjaan - MASTER FLOW:16)
	at com.kms.katalon.core.main.ScriptEngine.run(ScriptEngine.java:194)
	at com.kms.katalon.core.main.ScriptEngine.runScriptAsRawText(ScriptEngine.java:119)
	at com.kms.katalon.core.main.TestCaseExecutor.runScript(TestCaseExecutor.java:337)
	at com.kms.katalon.core.main.TestCaseExecutor.doExecute(TestCaseExecutor.java:328)
	at com.kms.katalon.core.main.TestCaseExecutor.processExecutionPhase(TestCaseExecutor.java:307)
	at com.kms.katalon.core.main.TestCaseExecutor.accessMainPhase(TestCaseExecutor.java:299)
	at com.kms.katalon.core.main.TestCaseExecutor.execute(TestCaseExecutor.java:233)
	at com.kms.katalon.core.main.TestCaseMain.runTestCase(TestCaseMain.java:114)
	at com.kms.katalon.core.keyword.builtin.CallTestCaseKeyword$_callTestCase_closure1.doCall(CallTestCaseKeyword.groovy:59)
	... 36 more


2019-11-27 11:12:47 - [TEST_STEP][PASSED] - callTestCase(findTestCase("Data Entry/Borrower/Borrower - Identitas/MASTER FLOW/TC_Borrower - Identitas - MASTER FLOW"), ["BIvarNoKTP":BIvarNoKTP, "BIvarAgama":BIvarAgama, "BIvarStatusPerkawinan":BIvarStatusPerkawinan, "BIvarTempatLahir":BIvarTempatLahir, ... ], STOP_ON_FAILURE): Call Test Case 'Test Cases/Data Entry/Borrower/Borrower - Identitas/MASTER FLOW/TC_Borrower - Identitas - MASTER FLOW' successfully

2019-11-27 11:12:47 - [TEST_CASE][PASSED] - Test Cases/Data Entry/Borrower/Borrower - Identitas/MASTER FLOW/TC_Borrower - Identitas - MASTER FLOW: Test Cases/Data Entry/Borrower/Borrower - Identitas/MASTER FLOW/TC_Borrower - Identitas - MASTER FLOW

2019-11-27 11:12:47 - [TEST_STEP][PASSED] - setText(findTestObject("Borrower/Borrower - Identitas/Borrower_InpNoKTP"), BIvarNoKTP, 0): Text '3674052602840001' has been set to element 'Object Repository/Borrower/Borrower - Identitas/Borrower_InpNoKTP'

2019-11-27 11:12:47 - [MESSAGE][WARNING] - Timeout '0' is invalid. Using default page load timeout: '30'

2019-11-27 11:12:50 - [MESSAGE][PASSED] - Text '3674052602840001' has been set to element 'Object Repository/Borrower/Borrower - Identitas/Borrower_InpNoKTP'

2019-11-27 11:12:50 - [TEST_STEP][PASSED] - tap(findTestObject("Borrower/Borrower - Identitas/Borrower_BtnMasaBerlaku-SeumurHidup"), 0): Tapped on element 'Object Repository/Borrower/Borrower - Identitas/Borrower_BtnMasaBerlaku-SeumurHidup'

2019-11-27 11:12:50 - [MESSAGE][WARNING] - Timeout '0' is invalid. Using default page load timeout: '30'

2019-11-27 11:12:54 - [MESSAGE][PASSED] - Tapped on element 'Object Repository/Borrower/Borrower - Identitas/Borrower_BtnMasaBerlaku-SeumurHidup'

2019-11-27 11:12:54 - [TEST_STEP][PASSED] - setText(findTestObject("Borrower/Borrower - Identitas/Borrower_InpNamaSesuaiIdentitas"), BIvarNama, 0): Text 'ALLAN TABAH DEWAN' has been set to element 'Object Repository/Borrower/Borrower - Identitas/Borrower_InpNamaSesuaiIdentitas'

2019-11-27 11:12:55 - [MESSAGE][WARNING] - Timeout '0' is invalid. Using default page load timeout: '30'

2019-11-27 11:12:57 - [MESSAGE][PASSED] - Text 'ALLAN TABAH DEWAN' has been set to element 'Object Repository/Borrower/Borrower - Identitas/Borrower_InpNamaSesuaiIdentitas'

2019-11-27 11:12:57 - [TEST_STEP][PASSED] - if (BIvarJenkel == "LK"): Tapped on element 'Object Repository/Borrower/Borrower - Identitas/Borrower_BtnJenisKelamin-LakiLaki'

2019-11-27 11:12:57 - [TEST_STEP][PASSED] - tap(findTestObject("Borrower/Borrower - Identitas/Borrower_BtnJenisKelamin-LakiLaki"), 0): Tapped on element 'Object Repository/Borrower/Borrower - Identitas/Borrower_BtnJenisKelamin-LakiLaki'

2019-11-27 11:12:57 - [MESSAGE][WARNING] - Timeout '0' is invalid. Using default page load timeout: '30'

2019-11-27 11:13:01 - [MESSAGE][PASSED] - Tapped on element 'Object Repository/Borrower/Borrower - Identitas/Borrower_BtnJenisKelamin-LakiLaki'

2019-11-27 11:13:01 - [TEST_STEP][PASSED] - setText(findTestObject("Borrower/Borrower - Identitas/Borrower_InpTempatLahir"), BIvarTempatLahir, 0): Text 'LUAR NEGERI' has been set to element 'Object Repository/Borrower/Borrower - Identitas/Borrower_InpTempatLahir'

2019-11-27 11:13:01 - [MESSAGE][WARNING] - Timeout '0' is invalid. Using default page load timeout: '30'

2019-11-27 11:13:04 - [MESSAGE][PASSED] - Text 'LUAR NEGERI' has been set to element 'Object Repository/Borrower/Borrower - Identitas/Borrower_InpTempatLahir'

2019-11-27 11:13:04 - [TEST_STEP][PASSED] - tap(findTestObject("Borrower/Borrower - Identitas/Borrower_InpTempatLahir"), 0, STOP_ON_FAILURE): Tapped on element 'Object Repository/Borrower/Borrower - Identitas/Borrower_InpTempatLahir'

2019-11-27 11:13:04 - [MESSAGE][WARNING] - Timeout '0' is invalid. Using default page load timeout: '30'

2019-11-27 11:13:08 - [MESSAGE][PASSED] - Tapped on element 'Object Repository/Borrower/Borrower - Identitas/Borrower_InpTempatLahir'

2019-11-27 11:13:08 - [TEST_STEP][PASSED] - mobile.picklist.List(findTestObject("Borrower/Borrower - Identitas/Borrower_TxtTempatLahir"), STOP_ON_FAILURE): mobile.picklist.List is PASSED

2019-11-27 11:13:08 - [MESSAGE][WARNING] - Timeout '0' is invalid. Using default page load timeout: '30'

2019-11-27 11:13:09 - [MESSAGE][PASSED] - Object 'Object Repository/Borrower/Borrower - Identitas/Borrower_TxtTempatLahir' has top position '1,805'

2019-11-27 11:13:09 - [MESSAGE][WARNING] - Timeout '0' is invalid. Using default page load timeout: '30'

2019-11-27 11:13:10 - [MESSAGE][PASSED] - Object 'Object Repository/Borrower/Borrower - Identitas/Borrower_TxtTempatLahir' has left position '76'

2019-11-27 11:13:11 - [MESSAGE][PASSED] - Tapped at [76, 1,920]

2019-11-27 11:13:11 - [MESSAGE][PASSED] - mobile.picklist.List is PASSED

2019-11-27 11:13:11 - [TEST_STEP][PASSED] - mobile.mobileSwipe.UpDown(0.8, 0.2, 1000): mobile.mobileSwipe.UpDown is PASSED

2019-11-27 11:13:12 - [MESSAGE][PASSED] - Current device physical height is 2131

2019-11-27 11:13:12 - [MESSAGE][INFO] - Device Height : 2131

2019-11-27 11:13:12 - [MESSAGE][PASSED] - Current device physical width is 1080

2019-11-27 11:13:12 - [MESSAGE][INFO] - Device Width : 1080

2019-11-27 11:13:12 - [MESSAGE][INFO] - Swipe start at Height : 1704

2019-11-27 11:13:12 - [MESSAGE][INFO] - Swipe end at Height : 426

2019-11-27 11:13:12 - [MESSAGE][INFO] - X Position : 1000

2019-11-27 11:13:14 - [MESSAGE][PASSED] - Swiped from 1,000,1,704 to 1,000,426

2019-11-27 11:13:14 - [MESSAGE][PASSED] - mobile.mobileSwipe.UpDown is PASSED

2019-11-27 11:13:14 - [TEST_STEP][PASSED] - delay(2, STOP_ON_FAILURE): Delayed 2 second(s)

2019-11-27 11:13:16 - [MESSAGE][PASSED] - Delayed 2 second(s)

2019-11-27 11:13:16 - [TEST_STEP][PASSED] - tap(findTestObject("Borrower/Borrower - Identitas/Borrower_TxtTanggalLahir"), 0): Tapped on element 'Object Repository/Borrower/Borrower - Identitas/Borrower_TxtTanggalLahir'

2019-11-27 11:13:16 - [MESSAGE][WARNING] - Timeout '0' is invalid. Using default page load timeout: '30'

2019-11-27 11:13:19 - [MESSAGE][PASSED] - Tapped on element 'Object Repository/Borrower/Borrower - Identitas/Borrower_TxtTanggalLahir'

2019-11-27 11:13:19 - [TEST_STEP][PASSED] - delay(2, STOP_ON_FAILURE): Delayed 2 second(s)

2019-11-27 11:13:21 - [MESSAGE][PASSED] - Delayed 2 second(s)

2019-11-27 11:13:21 - [TEST_STEP][PASSED] - callTestCase(findTestCase("dynamic test case/calendar"), ["varTahun":BIvarTahun], STOP_ON_FAILURE): Call Test Case 'Test Cases/dynamic test case/calendar' successfully

2019-11-27 11:13:21 - [TEST_CASE][PASSED] - Test Cases/dynamic test case/calendar: Test Cases/dynamic test case/calendar

2019-11-27 11:13:21 - [TEST_STEP][PASSED] - tap(findTestObject("dynamic object/Calendar_TxtTahun"), 0): Tapped on element 'Object Repository/dynamic object/Calendar_TxtTahun'

2019-11-27 11:13:21 - [MESSAGE][WARNING] - Timeout '0' is invalid. Using default page load timeout: '30'

2019-11-27 11:13:23 - [MESSAGE][PASSED] - Tapped on element 'Object Repository/dynamic object/Calendar_TxtTahun'

2019-11-27 11:13:23 - [TEST_STEP][PASSED] - driver = getDriver(): null

2019-11-27 11:13:23 - [TEST_STEP][PASSED] - xpath = "": null

2019-11-27 11:13:23 - [TEST_STEP][PASSED] - xpath = XPathBuilder.createXPath("TextView"): null

2019-11-27 11:13:23 - [TEST_STEP][PASSED] - listElements = driver.findElementsByXPath(xpath): null

2019-11-27 11:13:24 - [TEST_STEP][PASSED] - if (size() - 1].getText() < varTahun): null

2019-11-27 11:13:24 - [TEST_STEP][PASSED] - else: null

2019-11-27 11:13:24 - [TEST_STEP][PASSED] - varScrollUpDown = "UpToDown": null

2019-11-27 11:13:24 - [TEST_STEP][PASSED] - switch (varScrollUpDown.toString()): null

2019-11-27 11:13:24 - [TEST_STEP][PASSED] - case "UpToDown":: null

2019-11-27 11:13:24 - [TEST_STEP][PASSED] - mobile.swiping.scrollListToElementWithTextUpToDown(varTahun): mobile.swiping.scrollListToElementWithTextUpToDown is PASSED

2019-11-27 11:13:53 - [MESSAGE][PASSED] - mobile.swiping.scrollListToElementWithTextUpToDown is PASSED

2019-11-27 11:13:53 - [TEST_STEP][PASSED] - break: null

2019-11-27 11:13:53 - [TEST_STEP][PASSED] - tap(findTestObject("dynamic object/pickListItem_TextView", ["text":varTahun]), 0): Tapped on element 'Object Repository/dynamic object/pickListItem_TextView'

2019-11-27 11:13:53 - [MESSAGE][WARNING] - Timeout '0' is invalid. Using default page load timeout: '30'

2019-11-27 11:13:55 - [MESSAGE][PASSED] - Tapped on element 'Object Repository/dynamic object/pickListItem_TextView'

2019-11-27 11:13:55 - [TEST_STEP][PASSED] - tap(findTestObject("Borrower/Borrower - Identitas/Click_Tanggal"), 0): Tapped on element 'Object Repository/Borrower/Borrower - Identitas/Click_Tanggal'

2019-11-27 11:13:55 - [MESSAGE][WARNING] - Timeout '0' is invalid. Using default page load timeout: '30'

2019-11-27 11:13:57 - [MESSAGE][PASSED] - Tapped on element 'Object Repository/Borrower/Borrower - Identitas/Click_Tanggal'

2019-11-27 11:13:57 - [TEST_STEP][PASSED] - tap(findTestObject("dynamic object/Calendar_TxtSetel"), 0): Tapped on element 'Object Repository/dynamic object/Calendar_TxtSetel'

2019-11-27 11:13:57 - [MESSAGE][WARNING] - Timeout '0' is invalid. Using default page load timeout: '30'

2019-11-27 11:13:59 - [MESSAGE][PASSED] - Tapped on element 'Object Repository/dynamic object/Calendar_TxtSetel'

2019-11-27 11:13:59 - [MESSAGE][PASSED] - Call Test Case 'Test Cases/dynamic test case/calendar' successfully

2019-11-27 11:13:59 - [TEST_STEP][NOT_RUN] - delay(10, STOP_ON_FAILURE): NOT_RUN: delay(10, STOP_ON_FAILURE)

2019-11-27 11:13:59 - [MESSAGE][NOT_RUN] - NOT_RUN: delay(10, STOP_ON_FAILURE)

2019-11-27 11:13:59 - [TEST_STEP][PASSED] - tap(findTestObject("Borrower/Borrower - Identitas/Borrower_BtnCekDataPelanggan"), 0): Tapped on element 'Object Repository/Borrower/Borrower - Identitas/Borrower_BtnCekDataPelanggan'

2019-11-27 11:13:59 - [MESSAGE][WARNING] - Timeout '0' is invalid. Using default page load timeout: '30'

2019-11-27 11:14:02 - [MESSAGE][PASSED] - Tapped on element 'Object Repository/Borrower/Borrower - Identitas/Borrower_BtnCekDataPelanggan'

2019-11-27 11:14:02 - [TEST_STEP][PASSED] - waitForElementPresent(findTestObject("Borrower/Borrower - Identitas/Borrower_BtnConfirm"), 120): Object Object Repository/Borrower/Borrower - Identitas/Borrower_BtnConfirm not found

2019-11-27 11:16:02 - [MESSAGE][WARNING] - Object Object Repository/Borrower/Borrower - Identitas/Borrower_BtnConfirm not found

2019-11-27 11:16:02 - [TEST_STEP][PASSED] - tap(findTestObject("Borrower/Borrower - Identitas/Borrower_BtnCheckBox"), 60): Tapped on element 'Object Repository/Borrower/Borrower - Identitas/Borrower_BtnCheckBox'

2019-11-27 11:16:46 - [MESSAGE][PASSED] - Tapped on element 'Object Repository/Borrower/Borrower - Identitas/Borrower_BtnCheckBox'

2019-11-27 11:16:46 - [TEST_STEP][PASSED] - tap(findTestObject("Borrower/Borrower - Identitas/Borrower_BtnConfirm"), 0): Tapped on element 'Object Repository/Borrower/Borrower - Identitas/Borrower_BtnConfirm'

2019-11-27 11:16:46 - [MESSAGE][WARNING] - Timeout '0' is invalid. Using default page load timeout: '30'

2019-11-27 11:16:48 - [MESSAGE][PASSED] - Tapped on element 'Object Repository/Borrower/Borrower - Identitas/Borrower_BtnConfirm'

2019-11-27 11:16:48 - [TEST_STEP][PASSED] - delay(20, STOP_ON_FAILURE): Delayed 20 second(s)

2019-11-27 11:17:08 - [MESSAGE][PASSED] - Delayed 20 second(s)

2019-11-27 11:17:08 - [TEST_STEP][PASSED] - mobile.mobileSwipe.UpDown(0.8, 0.2, 1000): mobile.mobileSwipe.UpDown is PASSED

2019-11-27 11:17:09 - [MESSAGE][PASSED] - Current device physical height is 2131

2019-11-27 11:17:09 - [MESSAGE][INFO] - Device Height : 2131

2019-11-27 11:17:10 - [MESSAGE][PASSED] - Current device physical width is 1080

2019-11-27 11:17:10 - [MESSAGE][INFO] - Device Width : 1080

2019-11-27 11:17:10 - [MESSAGE][INFO] - Swipe start at Height : 1704

2019-11-27 11:17:10 - [MESSAGE][INFO] - Swipe end at Height : 426

2019-11-27 11:17:10 - [MESSAGE][INFO] - X Position : 1000

2019-11-27 11:17:12 - [MESSAGE][PASSED] - Swiped from 1,000,1,704 to 1,000,426

2019-11-27 11:17:12 - [MESSAGE][PASSED] - mobile.mobileSwipe.UpDown is PASSED

2019-11-27 11:17:12 - [TEST_STEP][NOT_RUN] - tap(findTestObject("Borrower/Borrower - Identitas/Borrower_TxtStatusPerkawinan"), 0, STOP_ON_FAILURE): NOT_RUN: tap(findTestObject("Borrower/Borrower - Identitas/Borrower_TxtStatusPerkawinan"), 0, STOP_ON_FAILURE)

2019-11-27 11:17:12 - [MESSAGE][NOT_RUN] - NOT_RUN: tap(findTestObject("Borrower/Borrower - Identitas/Borrower_TxtStatusPerkawinan"), 0, STOP_ON_FAILURE)

2019-11-27 11:17:12 - [TEST_STEP][NOT_RUN] - tap(findTestObject("dynamic object/pickListItem_checkedTextView", ["text":BIvarStatusPerkawinan]), 0, STOP_ON_FAILURE): NOT_RUN: tap(findTestObject("dynamic object/pickListItem_checkedTextView", ["text":BIvarStatusPerkawinan]), 0, STOP_ON_FAILURE)

2019-11-27 11:17:12 - [MESSAGE][NOT_RUN] - NOT_RUN: tap(findTestObject("dynamic object/pickListItem_checkedTextView", ["text":BIvarStatusPerkawinan]), 0, STOP_ON_FAILURE)

2019-11-27 11:17:12 - [MESSAGE][PASSED] - Call Test Case 'Test Cases/Data Entry/Borrower/Borrower - Identitas/MASTER FLOW/TC_Borrower - Identitas - MASTER FLOW' successfully

2019-11-27 11:17:12 - [TEST_STEP][PASSED] - mobile.mobileSwipe.RightLeft(0.9, 0.5, 1000): mobile.mobileSwipe.RightLeft is PASSED

2019-11-27 11:17:13 - [MESSAGE][PASSED] - Current device physical width is 1080

2019-11-27 11:17:14 - [MESSAGE][PASSED] - Current device physical height is 2131

2019-11-27 11:17:14 - [MESSAGE][INFO] - Device Height : 2131

2019-11-27 11:17:14 - [MESSAGE][INFO] - Device Width : 1080

2019-11-27 11:17:14 - [MESSAGE][INFO] - Swipe start at Width : 971

2019-11-27 11:17:14 - [MESSAGE][INFO] - Swipe end at Witdh : 540

2019-11-27 11:17:14 - [MESSAGE][INFO] - Y Position : 1000

2019-11-27 11:17:16 - [MESSAGE][PASSED] - Swiped from 971,1,000 to 540,1,000

2019-11-27 11:17:16 - [MESSAGE][PASSED] - mobile.mobileSwipe.RightLeft is PASSED

2019-11-27 11:17:16 - [TEST_STEP][NOT_RUN] - callTestCase(findTestCase("Data Entry/Borrower/Borrower - Info Umum/MASTER FLOW/TC_Borrower - Info Umum - MASTER FLOW"), ["BIUvarNamaLengkapTanpaSingkatan":BIUvarNamaLengkapTanpaSingkatan, "BIUvarNamaPanggilan":BIUvarNamaPanggilan, "BIUvarNoNPWP":BIUvarNoNPWP, ... ], STOP_ON_FAILURE): NOT_RUN: callTestCase(findTestCase("Data Entry/Borrower/Borrower - Info Umum/MASTER FLOW/TC_Borrower - Info Umum - MASTER FLOW"), ["BIUvarNamaLengkapTanpaSingkatan":BIUvarNamaLengkapTanpaSingkatan, "BIUvarNamaPanggilan":BIUvarNamaPanggilan, "BIUvarNoNPWP":BIUvarNoNPWP, ... ], STOP_ON_FAILURE)

2019-11-27 11:17:16 - [MESSAGE][NOT_RUN] - NOT_RUN: callTestCase(findTestCase("Data Entry/Borrower/Borrower - Info Umum/MASTER FLOW/TC_Borrower - Info Umum - MASTER FLOW"), ["BIUvarNamaLengkapTanpaSingkatan":BIUvarNamaLengkapTanpaSingkatan, "BIUvarNamaPanggilan":BIUvarNamaPanggilan, "BIUvarNoNPWP":BIUvarNoNPWP, ... ], STOP_ON_FAILURE)

2019-11-27 11:17:16 - [TEST_STEP][PASSED] - mobile.mobileSwipe.RightLeft(0.9, 0.5, 1000): mobile.mobileSwipe.RightLeft is PASSED

2019-11-27 11:17:17 - [MESSAGE][PASSED] - Current device physical width is 1080

2019-11-27 11:17:18 - [MESSAGE][PASSED] - Current device physical height is 2131

2019-11-27 11:17:18 - [MESSAGE][INFO] - Device Height : 2131

2019-11-27 11:17:18 - [MESSAGE][INFO] - Device Width : 1080

2019-11-27 11:17:18 - [MESSAGE][INFO] - Swipe start at Width : 971

2019-11-27 11:17:18 - [MESSAGE][INFO] - Swipe end at Witdh : 540

2019-11-27 11:17:18 - [MESSAGE][INFO] - Y Position : 1000

2019-11-27 11:17:20 - [MESSAGE][PASSED] - Swiped from 971,1,000 to 540,1,000

2019-11-27 11:17:20 - [MESSAGE][PASSED] - mobile.mobileSwipe.RightLeft is PASSED

2019-11-27 11:17:20 - [TEST_STEP][NOT_RUN] - callTestCase(findTestCase("Data Entry/Borrower/Borrower - Domisili/MASTER FLOW/TC_Borrower - Domisili - MASTER FLOW"), ["BDvarAlamatLengkap":BDvarAlamatLengkap, "BDvarRT":BDvarRT, "BDvarRW":BDvarRW, "BDvarKodePos":BDvarKodePos, "BDvarNegaraDomisili":BDvarNegaraDomisili, ... ], STOP_ON_FAILURE): NOT_RUN: callTestCase(findTestCase("Data Entry/Borrower/Borrower - Domisili/MASTER FLOW/TC_Borrower - Domisili - MASTER FLOW"), ["BDvarAlamatLengkap":BDvarAlamatLengkap, "BDvarRT":BDvarRT, "BDvarRW":BDvarRW, "BDvarKodePos":BDvarKodePos, "BDvarNegaraDomisili":BDvarNegaraDomisili, ... ], STOP_ON_FAILURE)

2019-11-27 11:17:20 - [MESSAGE][NOT_RUN] - NOT_RUN: callTestCase(findTestCase("Data Entry/Borrower/Borrower - Domisili/MASTER FLOW/TC_Borrower - Domisili - MASTER FLOW"), ["BDvarAlamatLengkap":BDvarAlamatLengkap, "BDvarRT":BDvarRT, "BDvarRW":BDvarRW, "BDvarKodePos":BDvarKodePos, "BDvarNegaraDomisili":BDvarNegaraDomisili, ... ], STOP_ON_FAILURE)

2019-11-27 11:17:20 - [TEST_STEP][PASSED] - mobile.mobileSwipe.RightLeft(0.9, 0.5, 1000): mobile.mobileSwipe.RightLeft is PASSED

2019-11-27 11:17:21 - [MESSAGE][PASSED] - Current device physical width is 1080

2019-11-27 11:17:22 - [MESSAGE][PASSED] - Current device physical height is 2131

2019-11-27 11:17:22 - [MESSAGE][INFO] - Device Height : 2131

2019-11-27 11:17:22 - [MESSAGE][INFO] - Device Width : 1080

2019-11-27 11:17:22 - [MESSAGE][INFO] - Swipe start at Width : 971

2019-11-27 11:17:22 - [MESSAGE][INFO] - Swipe end at Witdh : 540

2019-11-27 11:17:22 - [MESSAGE][INFO] - Y Position : 1000

2019-11-27 11:17:24 - [MESSAGE][PASSED] - Swiped from 971,1,000 to 540,1,000

2019-11-27 11:17:24 - [MESSAGE][PASSED] - mobile.mobileSwipe.RightLeft is PASSED

2019-11-27 11:17:24 - [TEST_STEP][PASSED] - tap(findTestObject("Borrower/Borrower - Pekerjaan/Borrower - Pekerjaan - tab Detail Pekerjaan"), 0, OPTIONAL): Object Object Repository/Borrower/Borrower - Pekerjaan/Borrower - Pekerjaan - tab Detail Pekerjaan not found

2019-11-27 11:17:24 - [MESSAGE][WARNING] - Timeout '0' is invalid. Using default page load timeout: '30'

2019-11-27 11:17:57 - [MESSAGE][WARNING] - Object Object Repository/Borrower/Borrower - Pekerjaan/Borrower - Pekerjaan - tab Detail Pekerjaan not found
[[ATTACHMENT|C:\\Users\\15420\\git\\ACCME-Dupcheck\\Reports\\20191127_103728\\data entry dupcek\\20191127_103728\\1574828275977.png]]

2019-11-27 11:17:57 - [TEST_STEP][FAILED] - callTestCase(findTestCase("Data Entry/Borrower/Borrower - Pekerjaan/MASTER FLOW/TC_Borrower - Pekerjaan - MASTER FLOW"), [:], STOP_ON_FAILURE): Unable to call Test Case 'Test Cases/Data Entry/Borrower/Borrower - Pekerjaan/MASTER FLOW/TC_Borrower - Pekerjaan - MASTER FLOW' (Root cause: com.kms.katalon.core.exception.StepFailedException: Call Test Case 'Test Cases/Data Entry/Borrower/Borrower - Pekerjaan/MASTER FLOW/TC_Borrower - Pekerjaan - MASTER FLOW' failed
	at com.kms.katalon.core.keyword.builtin.CallTestCaseKeyword$_callTestCase_closure1.doCall(CallTestCaseKeyword.groovy:63)
	at com.kms.katalon.core.keyword.builtin.CallTestCaseKeyword$_callTestCase_closure1.call(CallTestCaseKeyword.groovy)
	at com.kms.katalon.core.keyword.internal.KeywordMain.runKeyword(KeywordMain.groovy:68)
	at com.kms.katalon.core.keyword.builtin.CallTestCaseKeyword.callTestCase(CallTestCaseKeyword.groovy:81)
	at com.kms.katalon.core.keyword.builtin.CallTestCaseKeyword.execute(CallTestCaseKeyword.groovy:44)
	at com.kms.katalon.core.keyword.internal.KeywordExecutor.executeKeywordForPlatform(KeywordExecutor.groovy:60)
	at com.kms.katalon.core.keyword.BuiltinKeywords.callTestCase(BuiltinKeywords.groovy:334)
	at Flow Borrower.run(Flow Borrower:42)
	at com.kms.katalon.core.main.ScriptEngine.run(ScriptEngine.java:194)
	at com.kms.katalon.core.main.ScriptEngine.runScriptAsRawText(ScriptEngine.java:119)
	at com.kms.katalon.core.main.TestCaseExecutor.runScript(TestCaseExecutor.java:337)
	at com.kms.katalon.core.main.TestCaseExecutor.doExecute(TestCaseExecutor.java:328)
	at com.kms.katalon.core.main.TestCaseExecutor.processExecutionPhase(TestCaseExecutor.java:307)
	at com.kms.katalon.core.main.TestCaseExecutor.accessMainPhase(TestCaseExecutor.java:299)
	at com.kms.katalon.core.main.TestCaseExecutor.execute(TestCaseExecutor.java:233)
	at com.kms.katalon.core.main.TestCaseMain.runTestCase(TestCaseMain.java:114)
	at com.kms.katalon.core.keyword.builtin.CallTestCaseKeyword$_callTestCase_closure1.doCall(CallTestCaseKeyword.groovy:59)
	at com.kms.katalon.core.keyword.builtin.CallTestCaseKeyword$_callTestCase_closure1.call(CallTestCaseKeyword.groovy)
	at com.kms.katalon.core.keyword.internal.KeywordMain.runKeyword(KeywordMain.groovy:68)
	at com.kms.katalon.core.keyword.builtin.CallTestCaseKeyword.callTestCase(CallTestCaseKeyword.groovy:81)
	at com.kms.katalon.core.keyword.builtin.CallTestCaseKeyword.execute(CallTestCaseKeyword.groovy:44)
	at com.kms.katalon.core.keyword.internal.KeywordExecutor.executeKeywordForPlatform(KeywordExecutor.groovy:60)
	at com.kms.katalon.core.keyword.BuiltinKeywords.callTestCase(BuiltinKeywords.groovy:334)
	at TC_Data Entry.run(TC_Data Entry:42)
	at com.kms.katalon.core.main.ScriptEngine.run(ScriptEngine.java:194)
	at com.kms.katalon.core.main.ScriptEngine.runScriptAsRawText(ScriptEngine.java:119)
	at com.kms.katalon.core.main.TestCaseExecutor.runScript(TestCaseExecutor.java:337)
	at com.kms.katalon.core.main.TestCaseExecutor.doExecute(TestCaseExecutor.java:328)
	at com.kms.katalon.core.main.TestCaseExecutor.processExecutionPhase(TestCaseExecutor.java:307)
	at com.kms.katalon.core.main.TestCaseExecutor.accessMainPhase(TestCaseExecutor.java:299)
	at com.kms.katalon.core.main.TestCaseExecutor.execute(TestCaseExecutor.java:233)
	at com.kms.katalon.core.main.TestSuiteExecutor.accessTestCaseMainPhase(TestSuiteExecutor.java:169)
	at com.kms.katalon.core.main.TestSuiteExecutor.accessTestSuiteMainPhase(TestSuiteExecutor.java:142)
	at com.kms.katalon.core.main.TestSuiteExecutor.execute(TestSuiteExecutor.java:91)
	at com.kms.katalon.core.main.TestCaseMain.startTestSuite(TestCaseMain.java:157)
	at com.kms.katalon.core.main.TestCaseMain$startTestSuite$0.call(Unknown Source)
	at TempTestSuite1574825848461.run(TempTestSuite1574825848461.groovy:36)
Caused by: com.kms.katalon.core.exception.StepFailedException: Object Object Repository/Borrower/Borrower - Pekerjaan/Borrower_Pekerjaan_InpPekerjaan not found
	at com.kms.katalon.core.keyword.internal.KeywordMain.stepFailed(KeywordMain.groovy:50)
	at com.kms.katalon.core.mobile.keyword.internal.MobileKeywordMain.stepFailed(MobileKeywordMain.groovy:40)
	at com.kms.katalon.core.mobile.keyword.builtin.GetTextKeyword$_getText_closure1.doCall(GetTextKeyword.groovy:74)
	at com.kms.katalon.core.mobile.keyword.builtin.GetTextKeyword$_getText_closure1.call(GetTextKeyword.groovy)
	at com.kms.katalon.core.mobile.keyword.internal.MobileKeywordMain.runKeyword(MobileKeywordMain.groovy:21)
	at com.kms.katalon.core.mobile.keyword.builtin.GetTextKeyword.getText(GetTextKeyword.groovy:80)
	at com.kms.katalon.core.mobile.keyword.builtin.GetTextKeyword.execute(GetTextKeyword.groovy:64)
	at com.kms.katalon.core.keyword.internal.KeywordExecutor.executeKeywordForPlatform(KeywordExecutor.groovy:60)
	at com.kms.katalon.core.mobile.keyword.MobileBuiltInKeywords.getText(MobileBuiltInKeywords.groovy:458)
	at com.kms.katalon.core.mobile.keyword.MobileBuiltInKeywords$getText$13.call(Unknown Source)
	at TC_Borrower - Pekerjaan - MASTER FLOW.run(TC_Borrower - Pekerjaan - MASTER FLOW:16)
	at com.kms.katalon.core.main.ScriptEngine.run(ScriptEngine.java:194)
	at com.kms.katalon.core.main.ScriptEngine.runScriptAsRawText(ScriptEngine.java:119)
	at com.kms.katalon.core.main.TestCaseExecutor.runScript(TestCaseExecutor.java:337)
	at com.kms.katalon.core.main.TestCaseExecutor.doExecute(TestCaseExecutor.java:328)
	at com.kms.katalon.core.main.TestCaseExecutor.processExecutionPhase(TestCaseExecutor.java:307)
	at com.kms.katalon.core.main.TestCaseExecutor.accessMainPhase(TestCaseExecutor.java:299)
	at com.kms.katalon.core.main.TestCaseExecutor.execute(TestCaseExecutor.java:233)
	at com.kms.katalon.core.main.TestCaseMain.runTestCase(TestCaseMain.java:114)
	at com.kms.katalon.core.keyword.builtin.CallTestCaseKeyword$_callTestCase_closure1.doCall(CallTestCaseKeyword.groovy:59)
	... 36 more
)

2019-11-27 11:17:57 - [TEST_CASE][FAILED] - Test Cases/Data Entry/Borrower/Borrower - Pekerjaan/MASTER FLOW/TC_Borrower - Pekerjaan - MASTER FLOW: Test Cases/Data Entry/Borrower/Borrower - Pekerjaan/MASTER FLOW/TC_Borrower - Pekerjaan - MASTER FLOW FAILED.
Reason:
com.kms.katalon.core.exception.StepFailedException: Object Object Repository/Borrower/Borrower - Pekerjaan/Borrower_Pekerjaan_InpPekerjaan not found
	at com.kms.katalon.core.keyword.internal.KeywordMain.stepFailed(KeywordMain.groovy:50)
	at com.kms.katalon.core.mobile.keyword.internal.MobileKeywordMain.stepFailed(MobileKeywordMain.groovy:40)
	at com.kms.katalon.core.mobile.keyword.builtin.GetTextKeyword$_getText_closure1.doCall(GetTextKeyword.groovy:74)
	at com.kms.katalon.core.mobile.keyword.builtin.GetTextKeyword$_getText_closure1.call(GetTextKeyword.groovy)
	at com.kms.katalon.core.mobile.keyword.internal.MobileKeywordMain.runKeyword(MobileKeywordMain.groovy:21)
	at com.kms.katalon.core.mobile.keyword.builtin.GetTextKeyword.getText(GetTextKeyword.groovy:80)
	at com.kms.katalon.core.mobile.keyword.builtin.GetTextKeyword.execute(GetTextKeyword.groovy:64)
	at com.kms.katalon.core.keyword.internal.KeywordExecutor.executeKeywordForPlatform(KeywordExecutor.groovy:60)
	at com.kms.katalon.core.mobile.keyword.MobileBuiltInKeywords.getText(MobileBuiltInKeywords.groovy:458)
	at com.kms.katalon.core.mobile.keyword.MobileBuiltInKeywords$getText$13.call(Unknown Source)
	at TC_Borrower - Pekerjaan - MASTER FLOW.run(TC_Borrower - Pekerjaan - MASTER FLOW:16)
	at com.kms.katalon.core.main.ScriptEngine.run(ScriptEngine.java:194)
	at com.kms.katalon.core.main.ScriptEngine.runScriptAsRawText(ScriptEngine.java:119)
	at com.kms.katalon.core.main.TestCaseExecutor.runScript(TestCaseExecutor.java:337)
	at com.kms.katalon.core.main.TestCaseExecutor.doExecute(TestCaseExecutor.java:328)
	at com.kms.katalon.core.main.TestCaseExecutor.processExecutionPhase(TestCaseExecutor.java:307)
	at com.kms.katalon.core.main.TestCaseExecutor.accessMainPhase(TestCaseExecutor.java:299)
	at com.kms.katalon.core.main.TestCaseExecutor.execute(TestCaseExecutor.java:233)
	at com.kms.katalon.core.main.TestCaseMain.runTestCase(TestCaseMain.java:114)
	at com.kms.katalon.core.keyword.builtin.CallTestCaseKeyword$_callTestCase_closure1.doCall(CallTestCaseKeyword.groovy:59)
	at com.kms.katalon.core.keyword.builtin.CallTestCaseKeyword$_callTestCase_closure1.call(CallTestCaseKeyword.groovy)
	at com.kms.katalon.core.keyword.internal.KeywordMain.runKeyword(KeywordMain.groovy:68)
	at com.kms.katalon.core.keyword.builtin.CallTestCaseKeyword.callTestCase(CallTestCaseKeyword.groovy:81)
	at com.kms.katalon.core.keyword.builtin.CallTestCaseKeyword.execute(CallTestCaseKeyword.groovy:44)
	at com.kms.katalon.core.keyword.internal.KeywordExecutor.executeKeywordForPlatform(KeywordExecutor.groovy:60)
	at com.kms.katalon.core.keyword.BuiltinKeywords.callTestCase(BuiltinKeywords.groovy:334)
	at Flow Borrower.run(Flow Borrower:42)
	at com.kms.katalon.core.main.ScriptEngine.run(ScriptEngine.java:194)
	at com.kms.katalon.core.main.ScriptEngine.runScriptAsRawText(ScriptEngine.java:119)
	at com.kms.katalon.core.main.TestCaseExecutor.runScript(TestCaseExecutor.java:337)
	at com.kms.katalon.core.main.TestCaseExecutor.doExecute(TestCaseExecutor.java:328)
	at com.kms.katalon.core.main.TestCaseExecutor.processExecutionPhase(TestCaseExecutor.java:307)
	at com.kms.katalon.core.main.TestCaseExecutor.accessMainPhase(TestCaseExecutor.java:299)
	at com.kms.katalon.core.main.TestCaseExecutor.execute(TestCaseExecutor.java:233)
	at com.kms.katalon.core.main.TestCaseMain.runTestCase(TestCaseMain.java:114)
	at com.kms.katalon.core.keyword.builtin.CallTestCaseKeyword$_callTestCase_closure1.doCall(CallTestCaseKeyword.groovy:59)
	at com.kms.katalon.core.keyword.builtin.CallTestCaseKeyword$_callTestCase_closure1.call(CallTestCaseKeyword.groovy)
	at com.kms.katalon.core.keyword.internal.KeywordMain.runKeyword(KeywordMain.groovy:68)
	at com.kms.katalon.core.keyword.builtin.CallTestCaseKeyword.callTestCase(CallTestCaseKeyword.groovy:81)
	at com.kms.katalon.core.keyword.builtin.CallTestCaseKeyword.execute(CallTestCaseKeyword.groovy:44)
	at com.kms.katalon.core.keyword.internal.KeywordExecutor.executeKeywordForPlatform(KeywordExecutor.groovy:60)
	at com.kms.katalon.core.keyword.BuiltinKeywords.callTestCase(BuiltinKeywords.groovy:334)
	at TC_Data Entry.run(TC_Data Entry:42)
	at com.kms.katalon.core.main.ScriptEngine.run(ScriptEngine.java:194)
	at com.kms.katalon.core.main.ScriptEngine.runScriptAsRawText(ScriptEngine.java:119)
	at com.kms.katalon.core.main.TestCaseExecutor.runScript(TestCaseExecutor.java:337)
	at com.kms.katalon.core.main.TestCaseExecutor.doExecute(TestCaseExecutor.java:328)
	at com.kms.katalon.core.main.TestCaseExecutor.processExecutionPhase(TestCaseExecutor.java:307)
	at com.kms.katalon.core.main.TestCaseExecutor.accessMainPhase(TestCaseExecutor.java:299)
	at com.kms.katalon.core.main.TestCaseExecutor.execute(TestCaseExecutor.java:233)
	at com.kms.katalon.core.main.TestSuiteExecutor.accessTestCaseMainPhase(TestSuiteExecutor.java:169)
	at com.kms.katalon.core.main.TestSuiteExecutor.accessTestSuiteMainPhase(TestSuiteExecutor.java:142)
	at com.kms.katalon.core.main.TestSuiteExecutor.execute(TestSuiteExecutor.java:91)
	at com.kms.katalon.core.main.TestCaseMain.startTestSuite(TestCaseMain.java:157)
	at com.kms.katalon.core.main.TestCaseMain$startTestSuite$0.call(Unknown Source)
	at TempTestSuite1574825848461.run(TempTestSuite1574825848461.groovy:36)


2019-11-27 11:17:57 - [TEST_STEP][FAILED] - inpPekerjaan = getText(findTestObject("Borrower/Borrower - Pekerjaan/Borrower_Pekerjaan_InpPekerjaan"), 0): Failed to get text from element (Root cause: com.kms.katalon.core.exception.StepFailedException: Object Object Repository/Borrower/Borrower - Pekerjaan/Borrower_Pekerjaan_InpPekerjaan not found
	at com.kms.katalon.core.keyword.internal.KeywordMain.stepFailed(KeywordMain.groovy:50)
	at com.kms.katalon.core.mobile.keyword.internal.MobileKeywordMain.stepFailed(MobileKeywordMain.groovy:40)
	at com.kms.katalon.core.mobile.keyword.builtin.GetTextKeyword$_getText_closure1.doCall(GetTextKeyword.groovy:74)
	at com.kms.katalon.core.mobile.keyword.builtin.GetTextKeyword$_getText_closure1.call(GetTextKeyword.groovy)
	at com.kms.katalon.core.mobile.keyword.internal.MobileKeywordMain.runKeyword(MobileKeywordMain.groovy:21)
	at com.kms.katalon.core.mobile.keyword.builtin.GetTextKeyword.getText(GetTextKeyword.groovy:80)
	at com.kms.katalon.core.mobile.keyword.builtin.GetTextKeyword.execute(GetTextKeyword.groovy:64)
	at com.kms.katalon.core.keyword.internal.KeywordExecutor.executeKeywordForPlatform(KeywordExecutor.groovy:60)
	at com.kms.katalon.core.mobile.keyword.MobileBuiltInKeywords.getText(MobileBuiltInKeywords.groovy:458)
	at com.kms.katalon.core.mobile.keyword.MobileBuiltInKeywords$getText$13.call(Unknown Source)
	at TC_Borrower - Pekerjaan - MASTER FLOW.run(TC_Borrower - Pekerjaan - MASTER FLOW:16)
	at com.kms.katalon.core.main.ScriptEngine.run(ScriptEngine.java:194)
	at com.kms.katalon.core.main.ScriptEngine.runScriptAsRawText(ScriptEngine.java:119)
	at com.kms.katalon.core.main.TestCaseExecutor.runScript(TestCaseExecutor.java:337)
	at com.kms.katalon.core.main.TestCaseExecutor.doExecute(TestCaseExecutor.java:328)
	at com.kms.katalon.core.main.TestCaseExecutor.processExecutionPhase(TestCaseExecutor.java:307)
	at com.kms.katalon.core.main.TestCaseExecutor.accessMainPhase(TestCaseExecutor.java:299)
	at com.kms.katalon.core.main.TestCaseExecutor.execute(TestCaseExecutor.java:233)
	at com.kms.katalon.core.main.TestCaseMain.runTestCase(TestCaseMain.java:114)
	at com.kms.katalon.core.keyword.builtin.CallTestCaseKeyword$_callTestCase_closure1.doCall(CallTestCaseKeyword.groovy:59)
	at com.kms.katalon.core.keyword.builtin.CallTestCaseKeyword$_callTestCase_closure1.call(CallTestCaseKeyword.groovy)
	at com.kms.katalon.core.keyword.internal.KeywordMain.runKeyword(KeywordMain.groovy:68)
	at com.kms.katalon.core.keyword.builtin.CallTestCaseKeyword.callTestCase(CallTestCaseKeyword.groovy:81)
	at com.kms.katalon.core.keyword.builtin.CallTestCaseKeyword.execute(CallTestCaseKeyword.groovy:44)
	at com.kms.katalon.core.keyword.internal.KeywordExecutor.executeKeywordForPlatform(KeywordExecutor.groovy:60)
	at com.kms.katalon.core.keyword.BuiltinKeywords.callTestCase(BuiltinKeywords.groovy:334)
	at Flow Borrower.run(Flow Borrower:42)
	at com.kms.katalon.core.main.ScriptEngine.run(ScriptEngine.java:194)
	at com.kms.katalon.core.main.ScriptEngine.runScriptAsRawText(ScriptEngine.java:119)
	at com.kms.katalon.core.main.TestCaseExecutor.runScript(TestCaseExecutor.java:337)
	at com.kms.katalon.core.main.TestCaseExecutor.doExecute(TestCaseExecutor.java:328)
	at com.kms.katalon.core.main.TestCaseExecutor.processExecutionPhase(TestCaseExecutor.java:307)
	at com.kms.katalon.core.main.TestCaseExecutor.accessMainPhase(TestCaseExecutor.java:299)
	at com.kms.katalon.core.main.TestCaseExecutor.execute(TestCaseExecutor.java:233)
	at com.kms.katalon.core.main.TestCaseMain.runTestCase(TestCaseMain.java:114)
	at com.kms.katalon.core.keyword.builtin.CallTestCaseKeyword$_callTestCase_closure1.doCall(CallTestCaseKeyword.groovy:59)
	at com.kms.katalon.core.keyword.builtin.CallTestCaseKeyword$_callTestCase_closure1.call(CallTestCaseKeyword.groovy)
	at com.kms.katalon.core.keyword.internal.KeywordMain.runKeyword(KeywordMain.groovy:68)
	at com.kms.katalon.core.keyword.builtin.CallTestCaseKeyword.callTestCase(CallTestCaseKeyword.groovy:81)
	at com.kms.katalon.core.keyword.builtin.CallTestCaseKeyword.execute(CallTestCaseKeyword.groovy:44)
	at com.kms.katalon.core.keyword.internal.KeywordExecutor.executeKeywordForPlatform(KeywordExecutor.groovy:60)
	at com.kms.katalon.core.keyword.BuiltinKeywords.callTestCase(BuiltinKeywords.groovy:334)
	at TC_Data Entry.run(TC_Data Entry:42)
	at com.kms.katalon.core.main.ScriptEngine.run(ScriptEngine.java:194)
	at com.kms.katalon.core.main.ScriptEngine.runScriptAsRawText(ScriptEngine.java:119)
	at com.kms.katalon.core.main.TestCaseExecutor.runScript(TestCaseExecutor.java:337)
	at com.kms.katalon.core.main.TestCaseExecutor.doExecute(TestCaseExecutor.java:328)
	at com.kms.katalon.core.main.TestCaseExecutor.processExecutionPhase(TestCaseExecutor.java:307)
	at com.kms.katalon.core.main.TestCaseExecutor.accessMainPhase(TestCaseExecutor.java:299)
	at com.kms.katalon.core.main.TestCaseExecutor.execute(TestCaseExecutor.java:233)
	at com.kms.katalon.core.main.TestSuiteExecutor.accessTestCaseMainPhase(TestSuiteExecutor.java:169)
	at com.kms.katalon.core.main.TestSuiteExecutor.accessTestSuiteMainPhase(TestSuiteExecutor.java:142)
	at com.kms.katalon.core.main.TestSuiteExecutor.execute(TestSuiteExecutor.java:91)
	at com.kms.katalon.core.main.TestCaseMain.startTestSuite(TestCaseMain.java:157)
	at com.kms.katalon.core.main.TestCaseMain$startTestSuite$0.call(Unknown Source)
	at TempTestSuite1574825848461.run(TempTestSuite1574825848461.groovy:36)
)

2019-11-27 11:17:57 - [MESSAGE][WARNING] - Timeout '0' is invalid. Using default page load timeout: '30'

2019-11-27 11:18:29 - [MESSAGE][FAILED] - Object Object Repository/Borrower/Borrower - Pekerjaan/Borrower_Pekerjaan_InpPekerjaan not found
[[ATTACHMENT|C:\\Users\\15420\\git\\ACCME-Dupcheck\\Reports\\20191127_103728\\data entry dupcek\\20191127_103728\\1574828307834.png]]

2019-11-27 11:18:31 - [MESSAGE][FAILED] - Failed to get text from element (Root cause: com.kms.katalon.core.exception.StepFailedException: Object Object Repository/Borrower/Borrower - Pekerjaan/Borrower_Pekerjaan_InpPekerjaan not found
	at com.kms.katalon.core.keyword.internal.KeywordMain.stepFailed(KeywordMain.groovy:50)
	at com.kms.katalon.core.mobile.keyword.internal.MobileKeywordMain.stepFailed(MobileKeywordMain.groovy:40)
	at com.kms.katalon.core.mobile.keyword.builtin.GetTextKeyword$_getText_closure1.doCall(GetTextKeyword.groovy:74)
	at com.kms.katalon.core.mobile.keyword.builtin.GetTextKeyword$_getText_closure1.call(GetTextKeyword.groovy)
	at com.kms.katalon.core.mobile.keyword.internal.MobileKeywordMain.runKeyword(MobileKeywordMain.groovy:21)
	at com.kms.katalon.core.mobile.keyword.builtin.GetTextKeyword.getText(GetTextKeyword.groovy:80)
	at com.kms.katalon.core.mobile.keyword.builtin.GetTextKeyword.execute(GetTextKeyword.groovy:64)
	at com.kms.katalon.core.keyword.internal.KeywordExecutor.executeKeywordForPlatform(KeywordExecutor.groovy:60)
	at com.kms.katalon.core.mobile.keyword.MobileBuiltInKeywords.getText(MobileBuiltInKeywords.groovy:458)
	at com.kms.katalon.core.mobile.keyword.MobileBuiltInKeywords$getText$13.call(Unknown Source)
	at TC_Borrower - Pekerjaan - MASTER FLOW.run(TC_Borrower - Pekerjaan - MASTER FLOW:16)
	at com.kms.katalon.core.main.ScriptEngine.run(ScriptEngine.java:194)
	at com.kms.katalon.core.main.ScriptEngine.runScriptAsRawText(ScriptEngine.java:119)
	at com.kms.katalon.core.main.TestCaseExecutor.runScript(TestCaseExecutor.java:337)
	at com.kms.katalon.core.main.TestCaseExecutor.doExecute(TestCaseExecutor.java:328)
	at com.kms.katalon.core.main.TestCaseExecutor.processExecutionPhase(TestCaseExecutor.java:307)
	at com.kms.katalon.core.main.TestCaseExecutor.accessMainPhase(TestCaseExecutor.java:299)
	at com.kms.katalon.core.main.TestCaseExecutor.execute(TestCaseExecutor.java:233)
	at com.kms.katalon.core.main.TestCaseMain.runTestCase(TestCaseMain.java:114)
	at com.kms.katalon.core.keyword.builtin.CallTestCaseKeyword$_callTestCase_closure1.doCall(CallTestCaseKeyword.groovy:59)
	at com.kms.katalon.core.keyword.builtin.CallTestCaseKeyword$_callTestCase_closure1.call(CallTestCaseKeyword.groovy)
	at com.kms.katalon.core.keyword.internal.KeywordMain.runKeyword(KeywordMain.groovy:68)
	at com.kms.katalon.core.keyword.builtin.CallTestCaseKeyword.callTestCase(CallTestCaseKeyword.groovy:81)
	at com.kms.katalon.core.keyword.builtin.CallTestCaseKeyword.execute(CallTestCaseKeyword.groovy:44)
	at com.kms.katalon.core.keyword.internal.KeywordExecutor.executeKeywordForPlatform(KeywordExecutor.groovy:60)
	at com.kms.katalon.core.keyword.BuiltinKeywords.callTestCase(BuiltinKeywords.groovy:334)
	at Flow Borrower.run(Flow Borrower:42)
	at com.kms.katalon.core.main.ScriptEngine.run(ScriptEngine.java:194)
	at com.kms.katalon.core.main.ScriptEngine.runScriptAsRawText(ScriptEngine.java:119)
	at com.kms.katalon.core.main.TestCaseExecutor.runScript(TestCaseExecutor.java:337)
	at com.kms.katalon.core.main.TestCaseExecutor.doExecute(TestCaseExecutor.java:328)
	at com.kms.katalon.core.main.TestCaseExecutor.processExecutionPhase(TestCaseExecutor.java:307)
	at com.kms.katalon.core.main.TestCaseExecutor.accessMainPhase(TestCaseExecutor.java:299)
	at com.kms.katalon.core.main.TestCaseExecutor.execute(TestCaseExecutor.java:233)
	at com.kms.katalon.core.main.TestCaseMain.runTestCase(TestCaseMain.java:114)
	at com.kms.katalon.core.keyword.builtin.CallTestCaseKeyword$_callTestCase_closure1.doCall(CallTestCaseKeyword.groovy:59)
	at com.kms.katalon.core.keyword.builtin.CallTestCaseKeyword$_callTestCase_closure1.call(CallTestCaseKeyword.groovy)
	at com.kms.katalon.core.keyword.internal.KeywordMain.runKeyword(KeywordMain.groovy:68)
	at com.kms.katalon.core.keyword.builtin.CallTestCaseKeyword.callTestCase(CallTestCaseKeyword.groovy:81)
	at com.kms.katalon.core.keyword.builtin.CallTestCaseKeyword.execute(CallTestCaseKeyword.groovy:44)
	at com.kms.katalon.core.keyword.internal.KeywordExecutor.executeKeywordForPlatform(KeywordExecutor.groovy:60)
	at com.kms.katalon.core.keyword.BuiltinKeywords.callTestCase(BuiltinKeywords.groovy:334)
	at TC_Data Entry.run(TC_Data Entry:42)
	at com.kms.katalon.core.main.ScriptEngine.run(ScriptEngine.java:194)
	at com.kms.katalon.core.main.ScriptEngine.runScriptAsRawText(ScriptEngine.java:119)
	at com.kms.katalon.core.main.TestCaseExecutor.runScript(TestCaseExecutor.java:337)
	at com.kms.katalon.core.main.TestCaseExecutor.doExecute(TestCaseExecutor.java:328)
	at com.kms.katalon.core.main.TestCaseExecutor.processExecutionPhase(TestCaseExecutor.java:307)
	at com.kms.katalon.core.main.TestCaseExecutor.accessMainPhase(TestCaseExecutor.java:299)
	at com.kms.katalon.core.main.TestCaseExecutor.execute(TestCaseExecutor.java:233)
	at com.kms.katalon.core.main.TestSuiteExecutor.accessTestCaseMainPhase(TestSuiteExecutor.java:169)
	at com.kms.katalon.core.main.TestSuiteExecutor.accessTestSuiteMainPhase(TestSuiteExecutor.java:142)
	at com.kms.katalon.core.main.TestSuiteExecutor.execute(TestSuiteExecutor.java:91)
	at com.kms.katalon.core.main.TestCaseMain.startTestSuite(TestCaseMain.java:157)
	at com.kms.katalon.core.main.TestCaseMain$startTestSuite$0.call(Unknown Source)
	at TempTestSuite1574825848461.run(TempTestSuite1574825848461.groovy:36)
)
[[ATTACHMENT|C:\\Users\\15420\\git\\ACCME-Dupcheck\\Reports\\20191127_103728\\data entry dupcek\\20191127_103728\\1574828309450.png]]

2019-11-27 11:18:31 - [MESSAGE][FAILED] - Unable to call Test Case 'Test Cases/Data Entry/Borrower/Borrower - Pekerjaan/MASTER FLOW/TC_Borrower - Pekerjaan - MASTER FLOW' (Root cause: com.kms.katalon.core.exception.StepFailedException: Call Test Case 'Test Cases/Data Entry/Borrower/Borrower - Pekerjaan/MASTER FLOW/TC_Borrower - Pekerjaan - MASTER FLOW' failed
	at com.kms.katalon.core.keyword.builtin.CallTestCaseKeyword$_callTestCase_closure1.doCall(CallTestCaseKeyword.groovy:63)
	at com.kms.katalon.core.keyword.builtin.CallTestCaseKeyword$_callTestCase_closure1.call(CallTestCaseKeyword.groovy)
	at com.kms.katalon.core.keyword.internal.KeywordMain.runKeyword(KeywordMain.groovy:68)
	at com.kms.katalon.core.keyword.builtin.CallTestCaseKeyword.callTestCase(CallTestCaseKeyword.groovy:81)
	at com.kms.katalon.core.keyword.builtin.CallTestCaseKeyword.execute(CallTestCaseKeyword.groovy:44)
	at com.kms.katalon.core.keyword.internal.KeywordExecutor.executeKeywordForPlatform(KeywordExecutor.groovy:60)
	at com.kms.katalon.core.keyword.BuiltinKeywords.callTestCase(BuiltinKeywords.groovy:334)
	at Flow Borrower.run(Flow Borrower:42)
	at com.kms.katalon.core.main.ScriptEngine.run(ScriptEngine.java:194)
	at com.kms.katalon.core.main.ScriptEngine.runScriptAsRawText(ScriptEngine.java:119)
	at com.kms.katalon.core.main.TestCaseExecutor.runScript(TestCaseExecutor.java:337)
	at com.kms.katalon.core.main.TestCaseExecutor.doExecute(TestCaseExecutor.java:328)
	at com.kms.katalon.core.main.TestCaseExecutor.processExecutionPhase(TestCaseExecutor.java:307)
	at com.kms.katalon.core.main.TestCaseExecutor.accessMainPhase(TestCaseExecutor.java:299)
	at com.kms.katalon.core.main.TestCaseExecutor.execute(TestCaseExecutor.java:233)
	at com.kms.katalon.core.main.TestCaseMain.runTestCase(TestCaseMain.java:114)
	at com.kms.katalon.core.keyword.builtin.CallTestCaseKeyword$_callTestCase_closure1.doCall(CallTestCaseKeyword.groovy:59)
	at com.kms.katalon.core.keyword.builtin.CallTestCaseKeyword$_callTestCase_closure1.call(CallTestCaseKeyword.groovy)
	at com.kms.katalon.core.keyword.internal.KeywordMain.runKeyword(KeywordMain.groovy:68)
	at com.kms.katalon.core.keyword.builtin.CallTestCaseKeyword.callTestCase(CallTestCaseKeyword.groovy:81)
	at com.kms.katalon.core.keyword.builtin.CallTestCaseKeyword.execute(CallTestCaseKeyword.groovy:44)
	at com.kms.katalon.core.keyword.internal.KeywordExecutor.executeKeywordForPlatform(KeywordExecutor.groovy:60)
	at com.kms.katalon.core.keyword.BuiltinKeywords.callTestCase(BuiltinKeywords.groovy:334)
	at TC_Data Entry.run(TC_Data Entry:42)
	at com.kms.katalon.core.main.ScriptEngine.run(ScriptEngine.java:194)
	at com.kms.katalon.core.main.ScriptEngine.runScriptAsRawText(ScriptEngine.java:119)
	at com.kms.katalon.core.main.TestCaseExecutor.runScript(TestCaseExecutor.java:337)
	at com.kms.katalon.core.main.TestCaseExecutor.doExecute(TestCaseExecutor.java:328)
	at com.kms.katalon.core.main.TestCaseExecutor.processExecutionPhase(TestCaseExecutor.java:307)
	at com.kms.katalon.core.main.TestCaseExecutor.accessMainPhase(TestCaseExecutor.java:299)
	at com.kms.katalon.core.main.TestCaseExecutor.execute(TestCaseExecutor.java:233)
	at com.kms.katalon.core.main.TestSuiteExecutor.accessTestCaseMainPhase(TestSuiteExecutor.java:169)
	at com.kms.katalon.core.main.TestSuiteExecutor.accessTestSuiteMainPhase(TestSuiteExecutor.java:142)
	at com.kms.katalon.core.main.TestSuiteExecutor.execute(TestSuiteExecutor.java:91)
	at com.kms.katalon.core.main.TestCaseMain.startTestSuite(TestCaseMain.java:157)
	at com.kms.katalon.core.main.TestCaseMain$startTestSuite$0.call(Unknown Source)
	at TempTestSuite1574825848461.run(TempTestSuite1574825848461.groovy:36)
Caused by: com.kms.katalon.core.exception.StepFailedException: Object Object Repository/Borrower/Borrower - Pekerjaan/Borrower_Pekerjaan_InpPekerjaan not found
	at com.kms.katalon.core.keyword.internal.KeywordMain.stepFailed(KeywordMain.groovy:50)
	at com.kms.katalon.core.mobile.keyword.internal.MobileKeywordMain.stepFailed(MobileKeywordMain.groovy:40)
	at com.kms.katalon.core.mobile.keyword.builtin.GetTextKeyword$_getText_closure1.doCall(GetTextKeyword.groovy:74)
	at com.kms.katalon.core.mobile.keyword.builtin.GetTextKeyword$_getText_closure1.call(GetTextKeyword.groovy)
	at com.kms.katalon.core.mobile.keyword.internal.MobileKeywordMain.runKeyword(MobileKeywordMain.groovy:21)
	at com.kms.katalon.core.mobile.keyword.builtin.GetTextKeyword.getText(GetTextKeyword.groovy:80)
	at com.kms.katalon.core.mobile.keyword.builtin.GetTextKeyword.execute(GetTextKeyword.groovy:64)
	at com.kms.katalon.core.keyword.internal.KeywordExecutor.executeKeywordForPlatform(KeywordExecutor.groovy:60)
	at com.kms.katalon.core.mobile.keyword.MobileBuiltInKeywords.getText(MobileBuiltInKeywords.groovy:458)
	at com.kms.katalon.core.mobile.keyword.MobileBuiltInKeywords$getText$13.call(Unknown Source)
	at TC_Borrower - Pekerjaan - MASTER FLOW.run(TC_Borrower - Pekerjaan - MASTER FLOW:16)
	at com.kms.katalon.core.main.ScriptEngine.run(ScriptEngine.java:194)
	at com.kms.katalon.core.main.ScriptEngine.runScriptAsRawText(ScriptEngine.java:119)
	at com.kms.katalon.core.main.TestCaseExecutor.runScript(TestCaseExecutor.java:337)
	at com.kms.katalon.core.main.TestCaseExecutor.doExecute(TestCaseExecutor.java:328)
	at com.kms.katalon.core.main.TestCaseExecutor.processExecutionPhase(TestCaseExecutor.java:307)
	at com.kms.katalon.core.main.TestCaseExecutor.accessMainPhase(TestCaseExecutor.java:299)
	at com.kms.katalon.core.main.TestCaseExecutor.execute(TestCaseExecutor.java:233)
	at com.kms.katalon.core.main.TestCaseMain.runTestCase(TestCaseMain.java:114)
	at com.kms.katalon.core.keyword.builtin.CallTestCaseKeyword$_callTestCase_closure1.doCall(CallTestCaseKeyword.groovy:59)
	... 36 more
)

2019-11-27 11:18:31 - [MESSAGE][FAILED] - Unable to call Test Case 'Test Cases/Data Entry/Borrower/Flow Borrower' (Root cause: com.kms.katalon.core.exception.StepFailedException: Call Test Case 'Test Cases/Data Entry/Borrower/Flow Borrower' failed
	at com.kms.katalon.core.keyword.builtin.CallTestCaseKeyword$_callTestCase_closure1.doCall(CallTestCaseKeyword.groovy:63)
	at com.kms.katalon.core.keyword.builtin.CallTestCaseKeyword$_callTestCase_closure1.call(CallTestCaseKeyword.groovy)
	at com.kms.katalon.core.keyword.internal.KeywordMain.runKeyword(KeywordMain.groovy:68)
	at com.kms.katalon.core.keyword.builtin.CallTestCaseKeyword.callTestCase(CallTestCaseKeyword.groovy:81)
	at com.kms.katalon.core.keyword.builtin.CallTestCaseKeyword.execute(CallTestCaseKeyword.groovy:44)
	at com.kms.katalon.core.keyword.internal.KeywordExecutor.executeKeywordForPlatform(KeywordExecutor.groovy:60)
	at com.kms.katalon.core.keyword.BuiltinKeywords.callTestCase(BuiltinKeywords.groovy:334)
	at TC_Data Entry.run(TC_Data Entry:42)
	at com.kms.katalon.core.main.ScriptEngine.run(ScriptEngine.java:194)
	at com.kms.katalon.core.main.ScriptEngine.runScriptAsRawText(ScriptEngine.java:119)
	at com.kms.katalon.core.main.TestCaseExecutor.runScript(TestCaseExecutor.java:337)
	at com.kms.katalon.core.main.TestCaseExecutor.doExecute(TestCaseExecutor.java:328)
	at com.kms.katalon.core.main.TestCaseExecutor.processExecutionPhase(TestCaseExecutor.java:307)
	at com.kms.katalon.core.main.TestCaseExecutor.accessMainPhase(TestCaseExecutor.java:299)
	at com.kms.katalon.core.main.TestCaseExecutor.execute(TestCaseExecutor.java:233)
	at com.kms.katalon.core.main.TestSuiteExecutor.accessTestCaseMainPhase(TestSuiteExecutor.java:169)
	at com.kms.katalon.core.main.TestSuiteExecutor.accessTestSuiteMainPhase(TestSuiteExecutor.java:142)
	at com.kms.katalon.core.main.TestSuiteExecutor.execute(TestSuiteExecutor.java:91)
	at com.kms.katalon.core.main.TestCaseMain.startTestSuite(TestCaseMain.java:157)
	at com.kms.katalon.core.main.TestCaseMain$startTestSuite$0.call(Unknown Source)
	at TempTestSuite1574825848461.run(TempTestSuite1574825848461.groovy:36)
Caused by: com.kms.katalon.core.exception.StepFailedException: Call Test Case 'Test Cases/Data Entry/Borrower/Borrower - Pekerjaan/MASTER FLOW/TC_Borrower - Pekerjaan - MASTER FLOW' failed
	at com.kms.katalon.core.keyword.builtin.CallTestCaseKeyword$_callTestCase_closure1.doCall(CallTestCaseKeyword.groovy:63)
	at com.kms.katalon.core.keyword.builtin.CallTestCaseKeyword$_callTestCase_closure1.call(CallTestCaseKeyword.groovy)
	at com.kms.katalon.core.keyword.internal.KeywordMain.runKeyword(KeywordMain.groovy:68)
	at com.kms.katalon.core.keyword.builtin.CallTestCaseKeyword.callTestCase(CallTestCaseKeyword.groovy:81)
	at com.kms.katalon.core.keyword.builtin.CallTestCaseKeyword.execute(CallTestCaseKeyword.groovy:44)
	at com.kms.katalon.core.keyword.internal.KeywordExecutor.executeKeywordForPlatform(KeywordExecutor.groovy:60)
	at com.kms.katalon.core.keyword.BuiltinKeywords.callTestCase(BuiltinKeywords.groovy:334)
	at Flow Borrower.run(Flow Borrower:42)
	at com.kms.katalon.core.main.ScriptEngine.run(ScriptEngine.java:194)
	at com.kms.katalon.core.main.ScriptEngine.runScriptAsRawText(ScriptEngine.java:119)
	at com.kms.katalon.core.main.TestCaseExecutor.runScript(TestCaseExecutor.java:337)
	at com.kms.katalon.core.main.TestCaseExecutor.doExecute(TestCaseExecutor.java:328)
	at com.kms.katalon.core.main.TestCaseExecutor.processExecutionPhase(TestCaseExecutor.java:307)
	at com.kms.katalon.core.main.TestCaseExecutor.accessMainPhase(TestCaseExecutor.java:299)
	at com.kms.katalon.core.main.TestCaseExecutor.execute(TestCaseExecutor.java:233)
	at com.kms.katalon.core.main.TestCaseMain.runTestCase(TestCaseMain.java:114)
	at com.kms.katalon.core.keyword.builtin.CallTestCaseKeyword$_callTestCase_closure1.doCall(CallTestCaseKeyword.groovy:59)
	... 20 more
Caused by: com.kms.katalon.core.exception.StepFailedException: Object Object Repository/Borrower/Borrower - Pekerjaan/Borrower_Pekerjaan_InpPekerjaan not found
	at com.kms.katalon.core.keyword.internal.KeywordMain.stepFailed(KeywordMain.groovy:50)
	at com.kms.katalon.core.mobile.keyword.internal.MobileKeywordMain.stepFailed(MobileKeywordMain.groovy:40)
	at com.kms.katalon.core.mobile.keyword.builtin.GetTextKeyword$_getText_closure1.doCall(GetTextKeyword.groovy:74)
	at com.kms.katalon.core.mobile.keyword.builtin.GetTextKeyword$_getText_closure1.call(GetTextKeyword.groovy)
	at com.kms.katalon.core.mobile.keyword.internal.MobileKeywordMain.runKeyword(MobileKeywordMain.groovy:21)
	at com.kms.katalon.core.mobile.keyword.builtin.GetTextKeyword.getText(GetTextKeyword.groovy:80)
	at com.kms.katalon.core.mobile.keyword.builtin.GetTextKeyword.execute(GetTextKeyword.groovy:64)
	at com.kms.katalon.core.keyword.internal.KeywordExecutor.executeKeywordForPlatform(KeywordExecutor.groovy:60)
	at com.kms.katalon.core.mobile.keyword.MobileBuiltInKeywords.getText(MobileBuiltInKeywords.groovy:458)
	at com.kms.katalon.core.mobile.keyword.MobileBuiltInKeywords$getText$13.call(Unknown Source)
	at TC_Borrower - Pekerjaan - MASTER FLOW.run(TC_Borrower - Pekerjaan - MASTER FLOW:16)
	at com.kms.katalon.core.main.ScriptEngine.run(ScriptEngine.java:194)
	at com.kms.katalon.core.main.ScriptEngine.runScriptAsRawText(ScriptEngine.java:119)
	at com.kms.katalon.core.main.TestCaseExecutor.runScript(TestCaseExecutor.java:337)
	at com.kms.katalon.core.main.TestCaseExecutor.doExecute(TestCaseExecutor.java:328)
	at com.kms.katalon.core.main.TestCaseExecutor.processExecutionPhase(TestCaseExecutor.java:307)
	at com.kms.katalon.core.main.TestCaseExecutor.accessMainPhase(TestCaseExecutor.java:299)
	at com.kms.katalon.core.main.TestCaseExecutor.execute(TestCaseExecutor.java:233)
	at com.kms.katalon.core.main.TestCaseMain.runTestCase(TestCaseMain.java:114)
	at com.kms.katalon.core.keyword.builtin.CallTestCaseKeyword$_callTestCase_closure1.doCall(CallTestCaseKeyword.groovy:59)
	... 36 more
)]]></system-out>
         <system-err><![CDATA[2019-11-27 11:06:52 - [TEST_CASE][FAILED] - Test Cases/Data Entry/TC_Data Entry: Test Cases/Data Entry/TC_Data Entry FAILED.
Reason:
com.kms.katalon.core.exception.StepFailedException: Call Test Case 'Test Cases/Data Entry/Borrower/Flow Borrower' failed
	at com.kms.katalon.core.keyword.builtin.CallTestCaseKeyword$_callTestCase_closure1.doCall(CallTestCaseKeyword.groovy:63)
	at com.kms.katalon.core.keyword.builtin.CallTestCaseKeyword$_callTestCase_closure1.call(CallTestCaseKeyword.groovy)
	at com.kms.katalon.core.keyword.internal.KeywordMain.runKeyword(KeywordMain.groovy:68)
	at com.kms.katalon.core.keyword.builtin.CallTestCaseKeyword.callTestCase(CallTestCaseKeyword.groovy:81)
	at com.kms.katalon.core.keyword.builtin.CallTestCaseKeyword.execute(CallTestCaseKeyword.groovy:44)
	at com.kms.katalon.core.keyword.internal.KeywordExecutor.executeKeywordForPlatform(KeywordExecutor.groovy:60)
	at com.kms.katalon.core.keyword.BuiltinKeywords.callTestCase(BuiltinKeywords.groovy:334)
	at TC_Data Entry.run(TC_Data Entry:42)
	at com.kms.katalon.core.main.ScriptEngine.run(ScriptEngine.java:194)
	at com.kms.katalon.core.main.ScriptEngine.runScriptAsRawText(ScriptEngine.java:119)
	at com.kms.katalon.core.main.TestCaseExecutor.runScript(TestCaseExecutor.java:337)
	at com.kms.katalon.core.main.TestCaseExecutor.doExecute(TestCaseExecutor.java:328)
	at com.kms.katalon.core.main.TestCaseExecutor.processExecutionPhase(TestCaseExecutor.java:307)
	at com.kms.katalon.core.main.TestCaseExecutor.accessMainPhase(TestCaseExecutor.java:299)
	at com.kms.katalon.core.main.TestCaseExecutor.execute(TestCaseExecutor.java:233)
	at com.kms.katalon.core.main.TestSuiteExecutor.accessTestCaseMainPhase(TestSuiteExecutor.java:169)
	at com.kms.katalon.core.main.TestSuiteExecutor.accessTestSuiteMainPhase(TestSuiteExecutor.java:142)
	at com.kms.katalon.core.main.TestSuiteExecutor.execute(TestSuiteExecutor.java:91)
	at com.kms.katalon.core.main.TestCaseMain.startTestSuite(TestCaseMain.java:157)
	at com.kms.katalon.core.main.TestCaseMain$startTestSuite$0.call(Unknown Source)
	at TempTestSuite1574825848461.run(TempTestSuite1574825848461.groovy:36)
Caused by: com.kms.katalon.core.exception.StepFailedException: Call Test Case 'Test Cases/Data Entry/Borrower/Borrower - Pekerjaan/MASTER FLOW/TC_Borrower - Pekerjaan - MASTER FLOW' failed
	at com.kms.katalon.core.keyword.builtin.CallTestCaseKeyword$_callTestCase_closure1.doCall(CallTestCaseKeyword.groovy:63)
	at com.kms.katalon.core.keyword.builtin.CallTestCaseKeyword$_callTestCase_closure1.call(CallTestCaseKeyword.groovy)
	at com.kms.katalon.core.keyword.internal.KeywordMain.runKeyword(KeywordMain.groovy:68)
	at com.kms.katalon.core.keyword.builtin.CallTestCaseKeyword.callTestCase(CallTestCaseKeyword.groovy:81)
	at com.kms.katalon.core.keyword.builtin.CallTestCaseKeyword.execute(CallTestCaseKeyword.groovy:44)
	at com.kms.katalon.core.keyword.internal.KeywordExecutor.executeKeywordForPlatform(KeywordExecutor.groovy:60)
	at com.kms.katalon.core.keyword.BuiltinKeywords.callTestCase(BuiltinKeywords.groovy:334)
	at Flow Borrower.run(Flow Borrower:42)
	at com.kms.katalon.core.main.ScriptEngine.run(ScriptEngine.java:194)
	at com.kms.katalon.core.main.ScriptEngine.runScriptAsRawText(ScriptEngine.java:119)
	at com.kms.katalon.core.main.TestCaseExecutor.runScript(TestCaseExecutor.java:337)
	at com.kms.katalon.core.main.TestCaseExecutor.doExecute(TestCaseExecutor.java:328)
	at com.kms.katalon.core.main.TestCaseExecutor.processExecutionPhase(TestCaseExecutor.java:307)
	at com.kms.katalon.core.main.TestCaseExecutor.accessMainPhase(TestCaseExecutor.java:299)
	at com.kms.katalon.core.main.TestCaseExecutor.execute(TestCaseExecutor.java:233)
	at com.kms.katalon.core.main.TestCaseMain.runTestCase(TestCaseMain.java:114)
	at com.kms.katalon.core.keyword.builtin.CallTestCaseKeyword$_callTestCase_closure1.doCall(CallTestCaseKeyword.groovy:59)
	... 20 more
Caused by: com.kms.katalon.core.exception.StepFailedException: Object Object Repository/Borrower/Borrower - Pekerjaan/Borrower_Pekerjaan_InpPekerjaan not found
	at com.kms.katalon.core.keyword.internal.KeywordMain.stepFailed(KeywordMain.groovy:50)
	at com.kms.katalon.core.mobile.keyword.internal.MobileKeywordMain.stepFailed(MobileKeywordMain.groovy:40)
	at com.kms.katalon.core.mobile.keyword.builtin.GetTextKeyword$_getText_closure1.doCall(GetTextKeyword.groovy:74)
	at com.kms.katalon.core.mobile.keyword.builtin.GetTextKeyword$_getText_closure1.call(GetTextKeyword.groovy)
	at com.kms.katalon.core.mobile.keyword.internal.MobileKeywordMain.runKeyword(MobileKeywordMain.groovy:21)
	at com.kms.katalon.core.mobile.keyword.builtin.GetTextKeyword.getText(GetTextKeyword.groovy:80)
	at com.kms.katalon.core.mobile.keyword.builtin.GetTextKeyword.execute(GetTextKeyword.groovy:64)
	at com.kms.katalon.core.keyword.internal.KeywordExecutor.executeKeywordForPlatform(KeywordExecutor.groovy:60)
	at com.kms.katalon.core.mobile.keyword.MobileBuiltInKeywords.getText(MobileBuiltInKeywords.groovy:458)
	at com.kms.katalon.core.mobile.keyword.MobileBuiltInKeywords$getText$13.call(Unknown Source)
	at TC_Borrower - Pekerjaan - MASTER FLOW.run(TC_Borrower - Pekerjaan - MASTER FLOW:16)
	at com.kms.katalon.core.main.ScriptEngine.run(ScriptEngine.java:194)
	at com.kms.katalon.core.main.ScriptEngine.runScriptAsRawText(ScriptEngine.java:119)
	at com.kms.katalon.core.main.TestCaseExecutor.runScript(TestCaseExecutor.java:337)
	at com.kms.katalon.core.main.TestCaseExecutor.doExecute(TestCaseExecutor.java:328)
	at com.kms.katalon.core.main.TestCaseExecutor.processExecutionPhase(TestCaseExecutor.java:307)
	at com.kms.katalon.core.main.TestCaseExecutor.accessMainPhase(TestCaseExecutor.java:299)
	at com.kms.katalon.core.main.TestCaseExecutor.execute(TestCaseExecutor.java:233)
	at com.kms.katalon.core.main.TestCaseMain.runTestCase(TestCaseMain.java:114)
	at com.kms.katalon.core.keyword.builtin.CallTestCaseKeyword$_callTestCase_closure1.doCall(CallTestCaseKeyword.groovy:59)
	... 36 more]]></system-err>
      </testcase>
      <system-out><![CDATA[2019-11-27 10:37:34 - [TEST_SUITE][FAILED] - data entry dupcek: Test Cases/Data Entry/TC_Data Entry FAILED.
Reason:
com.kms.katalon.core.exception.StepFailedException: Call Test Case 'Test Cases/Data Entry/Borrower/Flow Borrower' failed
	at com.kms.katalon.core.keyword.builtin.CallTestCaseKeyword$_callTestCase_closure1.doCall(CallTestCaseKeyword.groovy:63)
	at com.kms.katalon.core.keyword.builtin.CallTestCaseKeyword$_callTestCase_closure1.call(CallTestCaseKeyword.groovy)
	at com.kms.katalon.core.keyword.internal.KeywordMain.runKeyword(KeywordMain.groovy:68)
	at com.kms.katalon.core.keyword.builtin.CallTestCaseKeyword.callTestCase(CallTestCaseKeyword.groovy:81)
	at com.kms.katalon.core.keyword.builtin.CallTestCaseKeyword.execute(CallTestCaseKeyword.groovy:44)
	at com.kms.katalon.core.keyword.internal.KeywordExecutor.executeKeywordForPlatform(KeywordExecutor.groovy:60)
	at com.kms.katalon.core.keyword.BuiltinKeywords.callTestCase(BuiltinKeywords.groovy:334)
	at TC_Data Entry.run(TC_Data Entry:42)
	at com.kms.katalon.core.main.ScriptEngine.run(ScriptEngine.java:194)
	at com.kms.katalon.core.main.ScriptEngine.runScriptAsRawText(ScriptEngine.java:119)
	at com.kms.katalon.core.main.TestCaseExecutor.runScript(TestCaseExecutor.java:337)
	at com.kms.katalon.core.main.TestCaseExecutor.doExecute(TestCaseExecutor.java:328)
	at com.kms.katalon.core.main.TestCaseExecutor.processExecutionPhase(TestCaseExecutor.java:307)
	at com.kms.katalon.core.main.TestCaseExecutor.accessMainPhase(TestCaseExecutor.java:299)
	at com.kms.katalon.core.main.TestCaseExecutor.execute(TestCaseExecutor.java:233)
	at com.kms.katalon.core.main.TestSuiteExecutor.accessTestCaseMainPhase(TestSuiteExecutor.java:169)
	at com.kms.katalon.core.main.TestSuiteExecutor.accessTestSuiteMainPhase(TestSuiteExecutor.java:142)
	at com.kms.katalon.core.main.TestSuiteExecutor.execute(TestSuiteExecutor.java:91)
	at com.kms.katalon.core.main.TestCaseMain.startTestSuite(TestCaseMain.java:157)
	at com.kms.katalon.core.main.TestCaseMain$startTestSuite$0.call(Unknown Source)
	at TempTestSuite1574825848461.run(TempTestSuite1574825848461.groovy:36)
Caused by: com.kms.katalon.core.exception.StepFailedException: Call Test Case 'Test Cases/Data Entry/Borrower/Borrower - Pekerjaan/MASTER FLOW/TC_Borrower - Pekerjaan - MASTER FLOW' failed
	at com.kms.katalon.core.keyword.builtin.CallTestCaseKeyword$_callTestCase_closure1.doCall(CallTestCaseKeyword.groovy:63)
	at com.kms.katalon.core.keyword.builtin.CallTestCaseKeyword$_callTestCase_closure1.call(CallTestCaseKeyword.groovy)
	at com.kms.katalon.core.keyword.internal.KeywordMain.runKeyword(KeywordMain.groovy:68)
	at com.kms.katalon.core.keyword.builtin.CallTestCaseKeyword.callTestCase(CallTestCaseKeyword.groovy:81)
	at com.kms.katalon.core.keyword.builtin.CallTestCaseKeyword.execute(CallTestCaseKeyword.groovy:44)
	at com.kms.katalon.core.keyword.internal.KeywordExecutor.executeKeywordForPlatform(KeywordExecutor.groovy:60)
	at com.kms.katalon.core.keyword.BuiltinKeywords.callTestCase(BuiltinKeywords.groovy:334)
	at Flow Borrower.run(Flow Borrower:42)
	at com.kms.katalon.core.main.ScriptEngine.run(ScriptEngine.java:194)
	at com.kms.katalon.core.main.ScriptEngine.runScriptAsRawText(ScriptEngine.java:119)
	at com.kms.katalon.core.main.TestCaseExecutor.runScript(TestCaseExecutor.java:337)
	at com.kms.katalon.core.main.TestCaseExecutor.doExecute(TestCaseExecutor.java:328)
	at com.kms.katalon.core.main.TestCaseExecutor.processExecutionPhase(TestCaseExecutor.java:307)
	at com.kms.katalon.core.main.TestCaseExecutor.accessMainPhase(TestCaseExecutor.java:299)
	at com.kms.katalon.core.main.TestCaseExecutor.execute(TestCaseExecutor.java:233)
	at com.kms.katalon.core.main.TestCaseMain.runTestCase(TestCaseMain.java:114)
	at com.kms.katalon.core.keyword.builtin.CallTestCaseKeyword$_callTestCase_closure1.doCall(CallTestCaseKeyword.groovy:59)
	... 20 more
Caused by: com.kms.katalon.core.exception.StepFailedException: Object Object Repository/Borrower/Borrower - Pekerjaan/Borrower_Pekerjaan_InpPekerjaan not found
	at com.kms.katalon.core.keyword.internal.KeywordMain.stepFailed(KeywordMain.groovy:50)
	at com.kms.katalon.core.mobile.keyword.internal.MobileKeywordMain.stepFailed(MobileKeywordMain.groovy:40)
	at com.kms.katalon.core.mobile.keyword.builtin.GetTextKeyword$_getText_closure1.doCall(GetTextKeyword.groovy:74)
	at com.kms.katalon.core.mobile.keyword.builtin.GetTextKeyword$_getText_closure1.call(GetTextKeyword.groovy)
	at com.kms.katalon.core.mobile.keyword.internal.MobileKeywordMain.runKeyword(MobileKeywordMain.groovy:21)
	at com.kms.katalon.core.mobile.keyword.builtin.GetTextKeyword.getText(GetTextKeyword.groovy:80)
	at com.kms.katalon.core.mobile.keyword.builtin.GetTextKeyword.execute(GetTextKeyword.groovy:64)
	at com.kms.katalon.core.keyword.internal.KeywordExecutor.executeKeywordForPlatform(KeywordExecutor.groovy:60)
	at com.kms.katalon.core.mobile.keyword.MobileBuiltInKeywords.getText(MobileBuiltInKeywords.groovy:458)
	at com.kms.katalon.core.mobile.keyword.MobileBuiltInKeywords$getText$13.call(Unknown Source)
	at TC_Borrower - Pekerjaan - MASTER FLOW.run(TC_Borrower - Pekerjaan - MASTER FLOW:16)
	at com.kms.katalon.core.main.ScriptEngine.run(ScriptEngine.java:194)
	at com.kms.katalon.core.main.ScriptEngine.runScriptAsRawText(ScriptEngine.java:119)
	at com.kms.katalon.core.main.TestCaseExecutor.runScript(TestCaseExecutor.java:337)
	at com.kms.katalon.core.main.TestCaseExecutor.doExecute(TestCaseExecutor.java:328)
	at com.kms.katalon.core.main.TestCaseExecutor.processExecutionPhase(TestCaseExecutor.java:307)
	at com.kms.katalon.core.main.TestCaseExecutor.accessMainPhase(TestCaseExecutor.java:299)
	at com.kms.katalon.core.main.TestCaseExecutor.execute(TestCaseExecutor.java:233)
	at com.kms.katalon.core.main.TestCaseMain.runTestCase(TestCaseMain.java:114)
	at com.kms.katalon.core.keyword.builtin.CallTestCaseKeyword$_callTestCase_closure1.doCall(CallTestCaseKeyword.groovy:59)
	... 36 more]]></system-out>
      <system-err><![CDATA[2019-11-27 10:37:34 - [TEST_SUITE][FAILED] - data entry dupcek: Test Cases/Data Entry/TC_Data Entry FAILED.
Reason:
com.kms.katalon.core.exception.StepFailedException: Call Test Case 'Test Cases/Data Entry/Borrower/Flow Borrower' failed
	at com.kms.katalon.core.keyword.builtin.CallTestCaseKeyword$_callTestCase_closure1.doCall(CallTestCaseKeyword.groovy:63)
	at com.kms.katalon.core.keyword.builtin.CallTestCaseKeyword$_callTestCase_closure1.call(CallTestCaseKeyword.groovy)
	at com.kms.katalon.core.keyword.internal.KeywordMain.runKeyword(KeywordMain.groovy:68)
	at com.kms.katalon.core.keyword.builtin.CallTestCaseKeyword.callTestCase(CallTestCaseKeyword.groovy:81)
	at com.kms.katalon.core.keyword.builtin.CallTestCaseKeyword.execute(CallTestCaseKeyword.groovy:44)
	at com.kms.katalon.core.keyword.internal.KeywordExecutor.executeKeywordForPlatform(KeywordExecutor.groovy:60)
	at com.kms.katalon.core.keyword.BuiltinKeywords.callTestCase(BuiltinKeywords.groovy:334)
	at TC_Data Entry.run(TC_Data Entry:42)
	at com.kms.katalon.core.main.ScriptEngine.run(ScriptEngine.java:194)
	at com.kms.katalon.core.main.ScriptEngine.runScriptAsRawText(ScriptEngine.java:119)
	at com.kms.katalon.core.main.TestCaseExecutor.runScript(TestCaseExecutor.java:337)
	at com.kms.katalon.core.main.TestCaseExecutor.doExecute(TestCaseExecutor.java:328)
	at com.kms.katalon.core.main.TestCaseExecutor.processExecutionPhase(TestCaseExecutor.java:307)
	at com.kms.katalon.core.main.TestCaseExecutor.accessMainPhase(TestCaseExecutor.java:299)
	at com.kms.katalon.core.main.TestCaseExecutor.execute(TestCaseExecutor.java:233)
	at com.kms.katalon.core.main.TestSuiteExecutor.accessTestCaseMainPhase(TestSuiteExecutor.java:169)
	at com.kms.katalon.core.main.TestSuiteExecutor.accessTestSuiteMainPhase(TestSuiteExecutor.java:142)
	at com.kms.katalon.core.main.TestSuiteExecutor.execute(TestSuiteExecutor.java:91)
	at com.kms.katalon.core.main.TestCaseMain.startTestSuite(TestCaseMain.java:157)
	at com.kms.katalon.core.main.TestCaseMain$startTestSuite$0.call(Unknown Source)
	at TempTestSuite1574825848461.run(TempTestSuite1574825848461.groovy:36)
Caused by: com.kms.katalon.core.exception.StepFailedException: Call Test Case 'Test Cases/Data Entry/Borrower/Borrower - Pekerjaan/MASTER FLOW/TC_Borrower - Pekerjaan - MASTER FLOW' failed
	at com.kms.katalon.core.keyword.builtin.CallTestCaseKeyword$_callTestCase_closure1.doCall(CallTestCaseKeyword.groovy:63)
	at com.kms.katalon.core.keyword.builtin.CallTestCaseKeyword$_callTestCase_closure1.call(CallTestCaseKeyword.groovy)
	at com.kms.katalon.core.keyword.internal.KeywordMain.runKeyword(KeywordMain.groovy:68)
	at com.kms.katalon.core.keyword.builtin.CallTestCaseKeyword.callTestCase(CallTestCaseKeyword.groovy:81)
	at com.kms.katalon.core.keyword.builtin.CallTestCaseKeyword.execute(CallTestCaseKeyword.groovy:44)
	at com.kms.katalon.core.keyword.internal.KeywordExecutor.executeKeywordForPlatform(KeywordExecutor.groovy:60)
	at com.kms.katalon.core.keyword.BuiltinKeywords.callTestCase(BuiltinKeywords.groovy:334)
	at Flow Borrower.run(Flow Borrower:42)
	at com.kms.katalon.core.main.ScriptEngine.run(ScriptEngine.java:194)
	at com.kms.katalon.core.main.ScriptEngine.runScriptAsRawText(ScriptEngine.java:119)
	at com.kms.katalon.core.main.TestCaseExecutor.runScript(TestCaseExecutor.java:337)
	at com.kms.katalon.core.main.TestCaseExecutor.doExecute(TestCaseExecutor.java:328)
	at com.kms.katalon.core.main.TestCaseExecutor.processExecutionPhase(TestCaseExecutor.java:307)
	at com.kms.katalon.core.main.TestCaseExecutor.accessMainPhase(TestCaseExecutor.java:299)
	at com.kms.katalon.core.main.TestCaseExecutor.execute(TestCaseExecutor.java:233)
	at com.kms.katalon.core.main.TestCaseMain.runTestCase(TestCaseMain.java:114)
	at com.kms.katalon.core.keyword.builtin.CallTestCaseKeyword$_callTestCase_closure1.doCall(CallTestCaseKeyword.groovy:59)
	... 20 more
Caused by: com.kms.katalon.core.exception.StepFailedException: Object Object Repository/Borrower/Borrower - Pekerjaan/Borrower_Pekerjaan_InpPekerjaan not found
	at com.kms.katalon.core.keyword.internal.KeywordMain.stepFailed(KeywordMain.groovy:50)
	at com.kms.katalon.core.mobile.keyword.internal.MobileKeywordMain.stepFailed(MobileKeywordMain.groovy:40)
	at com.kms.katalon.core.mobile.keyword.builtin.GetTextKeyword$_getText_closure1.doCall(GetTextKeyword.groovy:74)
	at com.kms.katalon.core.mobile.keyword.builtin.GetTextKeyword$_getText_closure1.call(GetTextKeyword.groovy)
	at com.kms.katalon.core.mobile.keyword.internal.MobileKeywordMain.runKeyword(MobileKeywordMain.groovy:21)
	at com.kms.katalon.core.mobile.keyword.builtin.GetTextKeyword.getText(GetTextKeyword.groovy:80)
	at com.kms.katalon.core.mobile.keyword.builtin.GetTextKeyword.execute(GetTextKeyword.groovy:64)
	at com.kms.katalon.core.keyword.internal.KeywordExecutor.executeKeywordForPlatform(KeywordExecutor.groovy:60)
	at com.kms.katalon.core.mobile.keyword.MobileBuiltInKeywords.getText(MobileBuiltInKeywords.groovy:458)
	at com.kms.katalon.core.mobile.keyword.MobileBuiltInKeywords$getText$13.call(Unknown Source)
	at TC_Borrower - Pekerjaan - MASTER FLOW.run(TC_Borrower - Pekerjaan - MASTER FLOW:16)
	at com.kms.katalon.core.main.ScriptEngine.run(ScriptEngine.java:194)
	at com.kms.katalon.core.main.ScriptEngine.runScriptAsRawText(ScriptEngine.java:119)
	at com.kms.katalon.core.main.TestCaseExecutor.runScript(TestCaseExecutor.java:337)
	at com.kms.katalon.core.main.TestCaseExecutor.doExecute(TestCaseExecutor.java:328)
	at com.kms.katalon.core.main.TestCaseExecutor.processExecutionPhase(TestCaseExecutor.java:307)
	at com.kms.katalon.core.main.TestCaseExecutor.accessMainPhase(TestCaseExecutor.java:299)
	at com.kms.katalon.core.main.TestCaseExecutor.execute(TestCaseExecutor.java:233)
	at com.kms.katalon.core.main.TestCaseMain.runTestCase(TestCaseMain.java:114)
	at com.kms.katalon.core.keyword.builtin.CallTestCaseKeyword$_callTestCase_closure1.doCall(CallTestCaseKeyword.groovy:59)
	... 36 more]]></system-err>
   </testsuite>
</testsuites>
